2025-11-17 21:26:15,201 - INFO - ReqGen 시작: 서버=163.152.48.109:9000, 클라이언트=3500, 시간=330초
2025-11-17 21:26:15,202 - INFO - Hugging Face에서 'kroshan/BioASQ' 데이터셋을 로드합니다...
2025-11-17 21:26:20,665 - INFO - 3266개의 질문을 로드했습니다.
2025-11-17 21:26:20,665 - INFO - 부하 테스트 시작, client 수 = 3500
2025-11-17 21:26:20,666 - INFO - Zipf 값 1.2에서 상위 20%의 질문이 차지하는 비율: 91.82%
2025-11-17 21:26:29,480 - INFO - [실시간] 요청 1000개 처리 | 현재까지의 RPS: 113.45최근 1000개 request의 p99 TTFT: 0.1974 초 | 
2025-11-17 21:26:34,928 - INFO - [실시간] 요청 2000개 처리 | 현재까지의 RPS: 140.22최근 1000개 request의 p99 TTFT: 0.2666 초 | 
2025-11-17 21:26:39,169 - INFO - [실시간] 요청 3000개 처리 | 현재까지의 RPS: 162.13최근 1000개 request의 p99 TTFT: 0.2659 초 | 
2025-11-17 21:26:44,104 - INFO - [실시간] 요청 4000개 처리 | 현재까지의 RPS: 170.66최근 1000개 request의 p99 TTFT: 0.1833 초 | 
2025-11-17 21:26:49,557 - INFO - [실시간] 요청 5000개 처리 | 현재까지의 RPS: 173.06최근 1000개 request의 p99 TTFT: 0.2550 초 | 
2025-11-17 21:26:54,547 - INFO - [실시간] 요청 6000개 처리 | 현재까지의 RPS: 177.09최근 1000개 request의 p99 TTFT: 0.1837 초 | 
2025-11-17 21:26:59,830 - INFO - [실시간] 요청 7000개 처리 | 현재까지의 RPS: 178.73최근 1000개 request의 p99 TTFT: 0.1813 초 | 
2025-11-17 21:27:05,257 - INFO - [실시간] 요청 8000개 처리 | 현재까지의 RPS: 179.41최근 1000개 request의 p99 TTFT: 0.1785 초 | 
2025-11-17 21:27:10,826 - INFO - [실시간] 요청 9000개 처리 | 현재까지의 RPS: 179.42최근 1000개 request의 p99 TTFT: 0.1826 초 | 
2025-11-17 21:27:16,425 - INFO - [실시간] 요청 10000개 처리 | 현재까지의 RPS: 179.34최근 1000개 request의 p99 TTFT: 0.1830 초 | 
2025-11-17 21:27:21,765 - INFO - [실시간] 요청 11000개 처리 | 현재까지의 RPS: 180.03최근 1000개 request의 p99 TTFT: 0.2594 초 | 
2025-11-17 21:27:26,095 - INFO - [실시간] 요청 12000개 처리 | 현재까지의 RPS: 183.40최근 1000개 request의 p99 TTFT: 0.1890 초 | 
2025-11-17 21:27:30,210 - INFO - [실시간] 요청 13000개 처리 | 현재까지의 RPS: 186.93최근 1000개 request의 p99 TTFT: 0.1876 초 | 
2025-11-17 21:27:34,575 - INFO - [실시간] 요청 14000개 처리 | 현재까지의 RPS: 189.42최근 1000개 request의 p99 TTFT: 0.1854 초 | 
2025-11-17 21:27:38,692 - INFO - [실시간] 요청 15000개 처리 | 현재까지의 RPS: 192.24최근 1000개 request의 p99 TTFT: 0.2098 초 | 
2025-11-17 21:27:42,704 - INFO - [실시간] 요청 16000개 처리 | 현재까지의 RPS: 195.03최근 1000개 request의 p99 TTFT: 0.2739 초 | 
2025-11-17 21:27:46,851 - INFO - [실시간] 요청 17000개 처리 | 현재까지의 RPS: 197.25최근 1000개 request의 p99 TTFT: 0.3884 초 | 
2025-11-17 21:27:51,070 - INFO - [실시간] 요청 18000개 처리 | 현재까지의 RPS: 199.10최근 1000개 request의 p99 TTFT: 0.1909 초 | 
2025-11-17 21:27:55,166 - INFO - [실시간] 요청 19000개 처리 | 현재까지의 RPS: 201.06최근 1000개 request의 p99 TTFT: 0.2209 초 | 
2025-11-17 21:27:59,391 - INFO - [실시간] 요청 20000개 처리 | 현재까지의 RPS: 202.58최근 1000개 request의 p99 TTFT: 0.1958 초 | 
2025-11-17 21:28:03,632 - INFO - [실시간] 요청 21000개 처리 | 현재까지의 RPS: 203.95최근 1000개 request의 p99 TTFT: 0.1919 초 | 
2025-11-17 21:28:07,958 - INFO - [실시간] 요청 22000개 처리 | 현재까지의 RPS: 205.05최근 1000개 request의 p99 TTFT: 0.3831 초 | 
2025-11-17 21:28:11,983 - INFO - [실시간] 요청 23000개 처리 | 현재까지의 RPS: 206.62최근 1000개 request의 p99 TTFT: 0.3633 초 | 
2025-11-17 21:28:16,271 - INFO - [실시간] 요청 24000개 처리 | 현재까지의 RPS: 207.60최근 1000개 request의 p99 TTFT: 0.2026 초 | 
2025-11-17 21:28:20,498 - INFO - [실시간] 요청 25000개 처리 | 현재까지의 RPS: 208.62최근 1000개 request의 p99 TTFT: 0.1963 초 | 
2025-11-17 21:28:24,665 - INFO - [실시간] 요청 26000개 처리 | 현재까지의 RPS: 209.68최근 1000개 request의 p99 TTFT: 0.2145 초 | 
2025-11-17 21:28:28,621 - INFO - [실시간] 요청 27000개 처리 | 현재까지의 RPS: 211.01최근 1000개 request의 p99 TTFT: 0.4603 초 | 
2025-11-17 21:28:32,549 - INFO - [실시간] 요청 28000개 처리 | 현재까지의 RPS: 212.31최근 1000개 request의 p99 TTFT: 0.2151 초 | 
2025-11-17 21:28:36,275 - INFO - [실시간] 요청 29000개 처리 | 현재까지의 RPS: 213.85최근 1000개 request의 p99 TTFT: 0.4416 초 | 
2025-11-17 21:28:39,967 - INFO - [실시간] 요청 30000개 처리 | 현재까지의 RPS: 215.36최근 1000개 request의 p99 TTFT: 0.2256 초 | 
2025-11-17 21:28:43,842 - INFO - [실시간] 요청 31000개 처리 | 현재까지의 RPS: 216.52최근 1000개 request의 p99 TTFT: 0.2111 초 | 
2025-11-17 21:28:47,553 - INFO - [실시간] 요청 32000개 처리 | 현재까지의 RPS: 217.85최근 1000개 request의 p99 TTFT: 0.2762 초 | 
2025-11-17 21:28:51,329 - INFO - [실시간] 요청 33000개 처리 | 현재까지의 RPS: 219.03최근 1000개 request의 p99 TTFT: 0.2213 초 | 
2025-11-17 21:28:54,969 - INFO - [실시간] 요청 34000개 처리 | 현재까지의 RPS: 220.35최근 1000개 request의 p99 TTFT: 0.2843 초 | 
2025-11-17 21:28:58,776 - INFO - [실시간] 요청 35000개 처리 | 현재까지의 RPS: 221.36최근 1000개 request의 p99 TTFT: 0.4836 초 | 
2025-11-17 21:29:02,467 - INFO - [실시간] 요청 36000개 처리 | 현재까지의 RPS: 222.49최근 1000개 request의 p99 TTFT: 0.3716 초 | 
2025-11-17 21:29:06,254 - INFO - [실시간] 요청 37000개 처리 | 현재까지의 RPS: 223.45최근 1000개 request의 p99 TTFT: 0.2252 초 | 
2025-11-17 21:29:09,894 - INFO - [실시간] 요청 38000개 처리 | 현재까지의 RPS: 224.55최근 1000개 request의 p99 TTFT: 0.2449 초 | 
2025-11-17 21:29:13,549 - INFO - [실시간] 요청 39000개 처리 | 현재까지의 RPS: 225.59최근 1000개 request의 p99 TTFT: 0.2444 초 | 
2025-11-17 21:29:17,456 - INFO - [실시간] 요청 40000개 처리 | 현재까지의 RPS: 226.26최근 1000개 request의 p99 TTFT: 0.3308 초 | 
2025-11-17 21:29:21,264 - INFO - [실시간] 요청 41000개 처리 | 현재까지의 RPS: 227.02최근 1000개 request의 p99 TTFT: 0.4212 초 | 
2025-11-17 21:29:24,981 - INFO - [실시간] 요청 42000개 처리 | 현재까지의 RPS: 227.87최근 1000개 request의 p99 TTFT: 0.2218 초 | 
2025-11-17 21:29:28,630 - INFO - [실시간] 요청 43000개 처리 | 현재까지의 RPS: 228.77최근 1000개 request의 p99 TTFT: 0.2642 초 | 
2025-11-17 21:29:32,256 - INFO - [실시간] 요청 44000개 처리 | 현재까지의 RPS: 229.66최근 1000개 request의 p99 TTFT: 0.4317 초 | 
2025-11-17 21:29:35,801 - INFO - [실시간] 요청 45000개 처리 | 현재까지의 RPS: 230.61최근 1000개 request의 p99 TTFT: 0.3061 초 | 
2025-11-17 21:29:39,372 - INFO - [실시간] 요청 46000개 처리 | 현재까지의 RPS: 231.50최근 1000개 request의 p99 TTFT: 0.2873 초 | 
2025-11-17 21:29:43,008 - INFO - [실시간] 요청 47000개 처리 | 현재까지의 RPS: 232.28최근 1000개 request의 p99 TTFT: 0.4604 초 | 
2025-11-17 21:29:46,656 - INFO - [실시간] 요청 48000개 처리 | 현재까지의 RPS: 233.02최근 1000개 request의 p99 TTFT: 0.9163 초 | 
2025-11-17 21:29:50,101 - INFO - [실시간] 요청 49000개 처리 | 현재까지의 RPS: 233.96최근 1000개 request의 p99 TTFT: 0.2709 초 | 
2025-11-17 21:29:53,622 - INFO - [실시간] 요청 50000개 처리 | 현재까지의 RPS: 234.79최근 1000개 request의 p99 TTFT: 0.2616 초 | 
2025-11-17 21:29:57,035 - INFO - [실시간] 요청 51000개 처리 | 현재까지의 RPS: 235.71최근 1000개 request의 p99 TTFT: 0.3291 초 | 
2025-11-17 21:30:00,662 - INFO - [실시간] 요청 52000개 처리 | 현재까지의 RPS: 236.37최근 1000개 request의 p99 TTFT: 0.4510 초 | 
2025-11-17 21:30:04,157 - INFO - [실시간] 요청 53000개 처리 | 현재까지의 RPS: 237.15최근 1000개 request의 p99 TTFT: 0.2364 초 | 
2025-11-17 21:30:07,768 - INFO - [실시간] 요청 54000개 처리 | 현재까지의 RPS: 237.78최근 1000개 request의 p99 TTFT: 0.5595 초 | 
2025-11-17 21:30:11,229 - INFO - [실시간] 요청 55000개 처리 | 현재까지의 RPS: 238.55최근 1000개 request의 p99 TTFT: 0.2965 초 | 
2025-11-17 21:30:14,834 - INFO - [실시간] 요청 56000개 처리 | 현재까지의 RPS: 239.14최근 1000개 request의 p99 TTFT: 0.3906 초 | 
2025-11-17 21:30:18,465 - INFO - [실시간] 요청 57000개 처리 | 현재까지의 RPS: 239.70최근 1000개 request의 p99 TTFT: 0.2303 초 | 
2025-11-17 21:30:21,846 - INFO - [실시간] 요청 58000개 처리 | 현재까지의 RPS: 240.48최근 1000개 request의 p99 TTFT: 0.2821 초 | 
2025-11-17 21:30:25,354 - INFO - [실시간] 요청 59000개 처리 | 현재까지의 RPS: 241.12최근 1000개 request의 p99 TTFT: 0.4340 초 | 
2025-11-17 21:30:29,136 - INFO - [실시간] 요청 60000개 처리 | 현재까지의 RPS: 241.48최근 1000개 request의 p99 TTFT: 0.5745 초 | 
2025-11-17 21:30:32,485 - INFO - [실시간] 요청 61000개 처리 | 현재까지의 RPS: 242.24최근 1000개 request의 p99 TTFT: 0.5388 초 | 
2025-11-17 21:30:35,917 - INFO - [실시간] 요청 62000개 처리 | 현재까지의 RPS: 242.90최근 1000개 request의 p99 TTFT: 0.2676 초 | 
2025-11-17 21:30:39,434 - INFO - [실시간] 요청 63000개 처리 | 현재까지의 RPS: 243.46최근 1000개 request의 p99 TTFT: 0.4107 초 | 
2025-11-17 21:30:42,933 - INFO - [실시간] 요청 64000개 처리 | 현재까지의 RPS: 244.03최근 1000개 request의 p99 TTFT: 0.2986 초 | 
2025-11-17 21:30:46,231 - INFO - [실시간] 요청 65000개 처리 | 현재까지의 RPS: 244.76최근 1000개 request의 p99 TTFT: 0.3057 초 | 
2025-11-17 21:30:49,690 - INFO - [실시간] 요청 66000개 처리 | 현재까지의 RPS: 245.33최근 1000개 request의 p99 TTFT: 0.4044 초 | 
2025-11-17 21:30:53,191 - INFO - [실시간] 요청 67000개 처리 | 현재까지의 RPS: 245.85최근 1000개 request의 p99 TTFT: 0.8900 초 | 
2025-11-17 21:30:56,630 - INFO - [실시간] 요청 68000개 처리 | 현재까지의 RPS: 246.41최근 1000개 request의 p99 TTFT: 0.2738 초 | 
2025-11-17 21:31:00,015 - INFO - [실시간] 요청 69000개 처리 | 현재까지의 RPS: 247.00최근 1000개 request의 p99 TTFT: 0.4875 초 | 
2025-11-17 21:31:03,360 - INFO - [실시간] 요청 70000개 처리 | 현재까지의 RPS: 247.62최근 1000개 request의 p99 TTFT: 0.3625 초 | 
2025-11-17 21:31:06,750 - INFO - [실시간] 요청 71000개 처리 | 현재까지의 RPS: 248.18최근 1000개 request의 p99 TTFT: 0.2575 초 | 
2025-11-17 21:31:10,296 - INFO - [실시간] 요청 72000개 처리 | 현재까지의 RPS: 248.59최근 1000개 request의 p99 TTFT: 0.4088 초 | 
2025-11-17 21:31:13,795 - INFO - [실시간] 요청 73000개 처리 | 현재까지의 RPS: 249.04최근 1000개 request의 p99 TTFT: 0.5006 초 | 
2025-11-17 21:31:17,134 - INFO - [실시간] 요청 74000개 처리 | 현재까지의 RPS: 249.61최근 1000개 request의 p99 TTFT: 0.5269 초 | 
2025-11-17 21:31:20,506 - INFO - [실시간] 요청 75000개 처리 | 현재까지의 RPS: 250.13최근 1000개 request의 p99 TTFT: 0.5891 초 | 
2025-11-17 21:31:23,934 - INFO - [실시간] 요청 76000개 처리 | 현재까지의 RPS: 250.60최근 1000개 request의 p99 TTFT: 0.3069 초 | 
2025-11-17 21:31:27,295 - INFO - [실시간] 요청 77000개 처리 | 현재까지의 RPS: 251.12최근 1000개 request의 p99 TTFT: 0.3034 초 | 
2025-11-17 21:31:30,612 - INFO - [실시간] 요청 78000개 처리 | 현재까지의 RPS: 251.66최근 1000개 request의 p99 TTFT: 0.4316 초 | 
2025-11-17 21:31:33,994 - INFO - [실시간] 요청 79000개 처리 | 현재까지의 RPS: 252.13최근 1000개 request의 p99 TTFT: 0.4746 초 | 
2025-11-17 21:31:37,545 - INFO - [실시간] 요청 80000개 처리 | 현재까지의 RPS: 252.46최근 1000개 request의 p99 TTFT: 0.7797 초 | 
2025-11-17 21:31:40,986 - INFO - [실시간] 요청 81000개 처리 | 현재까지의 RPS: 252.87최근 1000개 request의 p99 TTFT: 0.3043 초 | 
2025-11-17 21:31:44,291 - INFO - [실시간] 요청 82000개 처리 | 현재까지의 RPS: 253.38최근 1000개 request의 p99 TTFT: 0.4584 초 | 
2025-11-17 21:31:47,610 - INFO - [실시간] 요청 83000개 처리 | 현재까지의 RPS: 253.87최근 1000개 request의 p99 TTFT: 0.3532 초 | 
2025-11-17 21:31:51,056 - INFO - [실시간] 요청 84000개 처리 | 현재까지의 RPS: 254.24최근 1000개 request의 p99 TTFT: 0.4513 초 | 
통계에 반영된 요청 인덱스 범위: 0 ~ 84000 (총 84000개 요청)
통계 반영된 요청 수: 84000, 통계 반영된 시간: 389.84 초

==================================================
 실험 최종 결과 요약
==================================================
 설정 실험 시간: 330 초
 Clients 수: 3500
 통계 반영 시간: 389.84 초
 총 시도된 요청: 87949 개
 총 완료된 요청: 84000 개
 총 실패한 요청: 3949 개
 완료 요청 중 retrieval이 실패한 요청: -185 개
 요청 성공률: 95.51%
 전체 Requests Per Second (RPS): 215.47
--------------------------------------------------
 Time to First Token (TTFT) Latency:
  - 평균 (Mean): 0.1401 초
  - 중간값 (50%ile): 0.1296 초
  - 최소값 (Min): 0.0224 초
  - 최대값 (Max): 1.0937 초
  - 95%ile Tail: 0.2654 초
  - 99%ile Tail: 0.4361 초
--------------------------------------------------
 Time Per Output Token (TPOT):
  - 평균 (Mean): 16.75 ms/token
--------------------------------------------------
 Embedding Latency:
  - 총 샘플 수: 84000
  - 평균 (Mean): 8.87 ms
  - 중간값 (50%ile): 8.00 ms
  - 95%ile Tail: 13.00 ms
  - 99%ile Tail: 19.00 ms
--------------------------------------------------
 VectorDB Search Latency:
  - 총 샘플 수: 84000
  - 평균 (Mean): 49.06 ms
  - 중간값 (50%ile): 31.00 ms
  - 95%ile Tail: 144.00 ms
  - 99%ile Tail: 304.00 ms
--------------------------------------------------
 Document Search Latency:
  - 총 샘플 수: 84000
  - 평균 (Mean): 10.45 ms
  - 중간값 (50%ile): 7.00 ms
  - 95%ile Tail: 30.00 ms
  - 99%ile Tail: 56.00 ms
--------------------------------------------------
 Total Retrieval Latency:
  - 총 샘플 수: 84000
  - 평균 (Mean): 68.39 ms
  - 중간값 (50%ile): 50.00 ms
  - 95%ile Tail: 172.00 ms
  - 99%ile Tail: 351.01 ms
==================================================
