2025-11-17 21:20:01,038 - INFO - ReqGen 시작: 서버=163.152.48.109:9000, 클라이언트=4000, 시간=330초
2025-11-17 21:20:01,038 - INFO - Hugging Face에서 'kroshan/BioASQ' 데이터셋을 로드합니다...
2025-11-17 21:20:06,497 - INFO - 3266개의 질문을 로드했습니다.
2025-11-17 21:20:06,497 - INFO - 부하 테스트 시작, client 수 = 4000
2025-11-17 21:20:06,498 - INFO - Zipf 값 1.2에서 상위 20%의 질문이 차지하는 비율: 91.82%
2025-11-17 21:20:14,669 - INFO - [실시간] 요청 1000개 처리 | 현재까지의 RPS: 122.38최근 1000개 request의 p99 TTFT: 0.2061 초 | 
2025-11-17 21:20:19,590 - INFO - [실시간] 요청 2000개 처리 | 현재까지의 RPS: 152.76최근 1000개 request의 p99 TTFT: 0.2880 초 | 
2025-11-17 21:20:23,813 - INFO - [실시간] 요청 3000개 처리 | 현재까지의 RPS: 173.26최근 1000개 request의 p99 TTFT: 0.2109 초 | 
2025-11-17 21:20:27,608 - INFO - [실시간] 요청 4000개 처리 | 현재까지의 RPS: 189.48최근 1000개 request의 p99 TTFT: 0.4743 초 | 
2025-11-17 21:20:32,843 - INFO - [실시간] 요청 5000개 처리 | 현재까지의 RPS: 189.78최근 1000개 request의 p99 TTFT: 0.4817 초 | 
2025-11-17 21:20:37,529 - INFO - [실시간] 요청 6000개 처리 | 현재까지의 RPS: 193.35최근 1000개 request의 p99 TTFT: 0.2192 초 | 
2025-11-17 21:20:41,987 - INFO - [실시간] 요청 7000개 처리 | 현재까지의 RPS: 197.24최근 1000개 request의 p99 TTFT: 0.2224 초 | 
2025-11-17 21:20:46,785 - INFO - [실시간] 요청 8000개 처리 | 현재까지의 RPS: 198.57최근 1000개 request의 p99 TTFT: 0.4809 초 | 
2025-11-17 21:20:51,772 - INFO - [실시간] 요청 9000개 처리 | 현재까지의 RPS: 198.79최근 1000개 request의 p99 TTFT: 0.3861 초 | 
2025-11-17 21:20:56,590 - INFO - [실시간] 요청 10000개 처리 | 현재까지의 RPS: 199.63최근 1000개 request의 p99 TTFT: 0.3982 초 | 
2025-11-17 21:21:01,703 - INFO - [실시간] 요청 11000개 처리 | 현재까지의 RPS: 199.26최근 1000개 request의 p99 TTFT: 0.2440 초 | 
2025-11-17 21:21:06,837 - INFO - [실시간] 요청 12000개 처리 | 현재까지의 RPS: 198.87최근 1000개 request의 p99 TTFT: 0.2364 초 | 
2025-11-17 21:21:10,923 - INFO - [실시간] 요청 13000개 처리 | 현재까지의 RPS: 201.78최근 1000개 request의 p99 TTFT: 0.4142 초 | 
2025-11-17 21:21:14,978 - INFO - [실시간] 요청 14000개 처리 | 현재까지의 RPS: 204.44최근 1000개 request의 p99 TTFT: 0.4991 초 | 
2025-11-17 21:21:18,896 - INFO - [실시간] 요청 15000개 처리 | 현재까지의 RPS: 207.19최근 1000개 request의 p99 TTFT: 0.7108 초 | 
2025-11-17 21:21:22,739 - INFO - [실시간] 요청 16000개 처리 | 현재까지의 RPS: 209.86최근 1000개 request의 p99 TTFT: 0.2960 초 | 
2025-11-17 21:21:26,423 - INFO - [실시간] 요청 17000개 처리 | 현재까지의 RPS: 212.70최근 1000개 request의 p99 TTFT: 0.7242 초 | 
2025-11-17 21:21:30,109 - INFO - [실시간] 요청 18000개 처리 | 현재까지의 RPS: 215.28최근 1000개 request의 p99 TTFT: 0.7904 초 | 
2025-11-17 21:21:34,078 - INFO - [실시간] 요청 19000개 처리 | 현재까지의 RPS: 216.94최근 1000개 request의 p99 TTFT: 0.4463 초 | 
2025-11-17 21:21:37,892 - INFO - [실시간] 요청 20000개 처리 | 현재까지의 RPS: 218.83최근 1000개 request의 p99 TTFT: 0.7028 초 | 
2025-11-17 21:21:41,698 - INFO - [실시간] 요청 21000개 처리 | 현재까지의 RPS: 220.59최근 1000개 request의 p99 TTFT: 0.4887 초 | 
2025-11-17 21:21:45,430 - INFO - [실시간] 요청 22000개 처리 | 현재까지의 RPS: 222.37최근 1000개 request의 p99 TTFT: 0.3352 초 | 
2025-11-17 21:21:49,111 - INFO - [실시간] 요청 23000개 처리 | 현재까지의 RPS: 224.14최근 1000개 request의 p99 TTFT: 0.4548 초 | 
2025-11-17 21:21:53,094 - INFO - [실시간] 요청 24000개 처리 | 현재까지의 RPS: 225.15최근 1000개 request의 p99 TTFT: 0.4248 초 | 
2025-11-17 21:21:56,957 - INFO - [실시간] 요청 25000개 처리 | 현재까지의 RPS: 226.33최근 1000개 request의 p99 TTFT: 0.6186 초 | 
2025-11-17 21:22:00,823 - INFO - [실시간] 요청 26000개 처리 | 현재까지의 RPS: 227.42최근 1000개 request의 p99 TTFT: 0.7691 초 | 
2025-11-17 21:22:04,668 - INFO - [실시간] 요청 27000개 처리 | 현재까지의 RPS: 228.48최근 1000개 request의 p99 TTFT: 0.2928 초 | 
2025-11-17 21:22:08,594 - INFO - [실시간] 요청 28000개 처리 | 현재까지의 RPS: 229.33최근 1000개 request의 p99 TTFT: 0.5741 초 | 
2025-11-17 21:22:12,253 - INFO - [실시간] 요청 29000개 처리 | 현재까지의 RPS: 230.61최근 1000개 request의 p99 TTFT: 1.0144 초 | 
2025-11-17 21:22:15,905 - INFO - [실시간] 요청 30000개 처리 | 현재까지의 RPS: 231.83최근 1000개 request의 p99 TTFT: 1.5622 초 | 
2025-11-17 21:22:19,597 - INFO - [실시간] 요청 31000개 처리 | 현재까지의 RPS: 232.91최근 1000개 request의 p99 TTFT: 0.9923 초 | 
2025-11-17 21:22:23,239 - INFO - [실시간] 요청 32000개 처리 | 현재까지의 RPS: 234.02최근 1000개 request의 p99 TTFT: 1.3323 초 | 
2025-11-17 21:22:26,842 - INFO - [실시간] 요청 33000개 처리 | 현재까지의 RPS: 235.14최근 1000개 request의 p99 TTFT: 0.7296 초 | 
2025-11-17 21:22:30,394 - INFO - [실시간] 요청 34000개 처리 | 현재까지의 RPS: 236.28최근 1000개 request의 p99 TTFT: 1.1471 초 | 
2025-11-17 21:22:33,959 - INFO - [실시간] 요청 35000개 처리 | 현재까지의 RPS: 237.35최근 1000개 request의 p99 TTFT: 1.0626 초 | 
2025-11-17 21:22:37,888 - INFO - [실시간] 요청 36000개 처리 | 현재까지의 RPS: 237.80최근 1000개 request의 p99 TTFT: 1.2278 초 | 
2025-11-17 21:22:41,517 - INFO - [실시간] 요청 37000개 처리 | 현재까지의 RPS: 238.68최근 1000개 request의 p99 TTFT: 1.2205 초 | 
2025-11-17 21:22:45,112 - INFO - [실시간] 요청 38000개 처리 | 현재까지의 RPS: 239.57최근 1000개 request의 p99 TTFT: 1.0477 초 | 
2025-11-17 21:22:48,697 - INFO - [실시간] 요청 39000개 처리 | 현재까지의 RPS: 240.45최근 1000개 request의 p99 TTFT: 1.0031 초 | 
2025-11-17 21:22:52,274 - INFO - [실시간] 요청 40000개 처리 | 현재까지의 RPS: 241.29최근 1000개 request의 p99 TTFT: 0.9035 초 | 
2025-11-17 21:22:55,993 - INFO - [실시간] 요청 41000개 처리 | 현재까지의 RPS: 241.90최근 1000개 request의 p99 TTFT: 0.7090 초 | 
2025-11-17 21:22:59,762 - INFO - [실시간] 요청 42000개 처리 | 현재까지의 RPS: 242.40최근 1000개 request의 p99 TTFT: 1.1876 초 | 
2025-11-17 21:23:03,325 - INFO - [실시간] 요청 43000개 처리 | 현재까지의 RPS: 243.17최근 1000개 request의 p99 TTFT: 1.4636 초 | 
2025-11-17 21:23:06,936 - INFO - [실시간] 요청 44000개 처리 | 현재까지의 RPS: 243.85최근 1000개 request의 p99 TTFT: 1.3654 초 | 
2025-11-17 21:23:10,601 - INFO - [실시간] 요청 45000개 처리 | 현재까지의 RPS: 244.43최근 1000개 request의 p99 TTFT: 0.7942 초 | 
2025-11-17 21:23:14,303 - INFO - [실시간] 요청 46000개 처리 | 현재까지의 RPS: 244.93최근 1000개 request의 p99 TTFT: 1.8343 초 | 
2025-11-17 21:23:17,920 - INFO - [실시간] 요청 47000개 처리 | 현재까지의 RPS: 245.53최근 1000개 request의 p99 TTFT: 2.4646 초 | 
2025-11-17 21:23:17,920 - WARNING - 최근 1000개의 p99 TTFT 2.4646 초가 SLO 의 2배 (2.0 초)를 초과했습니다. 부하 테스트를 조기 종료합니다.
2025-11-17 21:24:01,095 - INFO - [실시간] 요청 48000개 처리 | 현재까지의 RPS: 204.61최근 1000개 request의 p99 TTFT: 2.0059 초 | 
통계에 반영된 요청 인덱스 범위: 0 ~ 47000 (총 47000개 요청)
통계 반영된 요청 수: 47000, 통계 반영된 시간: 367.42 초

==================================================
 실험 최종 결과 요약
==================================================
 부하 테스트가 조기 종료되었습니다! (SLO 위반)
 Client 수를 낮추어 다시 시도하세요.
 설정 실험 시간: 330 초
 Clients 수: 4000
 통계 반영 시간: 367.42 초
 총 시도된 요청: 51332 개
 총 완료된 요청: 47000 개
 총 실패한 요청: 4332 개
 완료 요청 중 retrieval이 실패한 요청: -1265 개
 요청 성공률: 91.56%
 전체 Requests Per Second (RPS): 127.92
--------------------------------------------------
 Time to First Token (TTFT) Latency:
  - 평균 (Mean): 0.2460 초
  - 중간값 (50%ile): 0.1709 초
  - 최소값 (Min): 0.0221 초
  - 최대값 (Max): 4.8067 초
  - 95%ile Tail: 0.7189 초
  - 99%ile Tail: 1.2130 초
--------------------------------------------------
 Time Per Output Token (TPOT):
  - 평균 (Mean): 16.88 ms/token
--------------------------------------------------
 Embedding Latency:
  - 총 샘플 수: 47000
  - 평균 (Mean): 9.71 ms
  - 중간값 (50%ile): 8.00 ms
  - 95%ile Tail: 17.00 ms
  - 99%ile Tail: 31.00 ms
--------------------------------------------------
 VectorDB Search Latency:
  - 총 샘플 수: 47000
  - 평균 (Mean): 141.19 ms
  - 중간값 (50%ile): 56.00 ms
  - 95%ile Tail: 556.00 ms
  - 99%ile Tail: 1036.01 ms
--------------------------------------------------
 Document Search Latency:
  - 총 샘플 수: 47000
  - 평균 (Mean): 20.14 ms
  - 중간값 (50%ile): 8.00 ms
  - 95%ile Tail: 76.00 ms
  - 99%ile Tail: 127.00 ms
--------------------------------------------------
 Total Retrieval Latency:
  - 총 샘플 수: 47000
  - 평균 (Mean): 170.96 ms
  - 중간값 (50%ile): 85.00 ms
  - 95%ile Tail: 635.00 ms
  - 99%ile Tail: 1123.00 ms
==================================================
