2025-10-02 02:05:04,237 - INFO - ReqGen 시작: 서버=163.152.48.109:9000, 클라이언트=4, 시간=60초
2025-10-02 02:05:04,238 - INFO - Hugging Face에서 'kroshan/BioASQ' 데이터셋을 로드합니다...
2025-10-02 02:05:11,085 - INFO - 3266개의 질문을 로드했습니다.
2025-10-02 02:05:11,086 - INFO - 부하 테스트 시작, client 수 = 4
2025-10-02 02:05:11,087 - INFO - Zipf 값 1.2에서 상위 20%의 질문이 차지하는 비율: 91.82%
통계에 반영된 요청 인덱스 범위: 0 ~ 30 (총 30개 요청)
통계 반영된 요청 수: 30, 통계 반영된 시간: 74.08 초

==================================================
 실험 최종 결과 요약
==================================================
 설정 실험 시간: 60 초
 Clients 수: 4
 통계 반영 시간: 74.08 초
 총 시도된 요청: 30 개
 총 완료된 요청: 30 개
 총 실패한 요청: 0 개
 완료 요청 중 retrieval이 실패한 요청: 0 개
 요청 성공률: 100.00%
 전체 Requests Per Second (RPS): 0.40
--------------------------------------------------
 Time to First Token (TTFT) Latency:
  - 평균 (Mean): 0.0421 초
  - 중간값 (50%ile): 0.0288 초
  - 최소값 (Min): 0.0206 초
  - 최대값 (Max): 0.1672 초
  - 95%ile Tail: 0.0997 초
  - 99%ile Tail: 0.1530 초
--------------------------------------------------
 Time Per Output Token (TPOT):
  - 평균 (Mean): 16.71 ms/token
--------------------------------------------------
 Embedding Latency:
  - 총 샘플 수: 25
  - 평균 (Mean): 12.04 ms
  - 중간값 (50%ile): 11.00 ms
  - 95%ile Tail: 19.20 ms
  - 99%ile Tail: 20.76 ms
--------------------------------------------------
 VectorDB Search Latency:
  - 총 샘플 수: 25
  - 평균 (Mean): 3.20 ms
  - 중간값 (50%ile): 3.00 ms
  - 95%ile Tail: 4.00 ms
  - 99%ile Tail: 4.00 ms
--------------------------------------------------
 Document Search Latency:
  - 총 샘플 수: 25
  - 평균 (Mean): 7.56 ms
  - 중간값 (50%ile): 7.00 ms
  - 95%ile Tail: 8.00 ms
  - 99%ile Tail: 19.40 ms
--------------------------------------------------
 Total Retrieval Latency:
  - 총 샘플 수: 30
  - 평균 (Mean): 23.43 ms
  - 중간값 (50%ile): 21.00 ms
  - 95%ile Tail: 35.95 ms
  - 99%ile Tail: 40.00 ms
==================================================
