2025-10-02 02:00:30,079 - INFO - ReqGen 시작: 서버=163.152.48.109:9000, 클라이언트=16, 시간=60초
2025-10-02 02:00:30,080 - INFO - Hugging Face에서 'kroshan/BioASQ' 데이터셋을 로드합니다...
2025-10-02 02:00:36,830 - INFO - 3266개의 질문을 로드했습니다.
2025-10-02 02:00:36,831 - INFO - 부하 테스트 시작, client 수 = 16
2025-10-02 02:00:36,832 - INFO - Zipf 값 1.2에서 상위 20%의 질문이 차지하는 비율: 91.82%
통계에 반영된 요청 인덱스 범위: 0 ~ 44 (총 44개 요청)
통계 반영된 요청 수: 44, 통계 반영된 시간: 151.28 초

==================================================
 실험 최종 결과 요약
==================================================
 설정 실험 시간: 60 초
 Clients 수: 16
 통계 반영 시간: 151.28 초
 총 시도된 요청: 44 개
 총 완료된 요청: 44 개
 총 실패한 요청: 0 개
 완료 요청 중 retrieval이 실패한 요청: 16 개
 요청 성공률: 100.00%
 전체 Requests Per Second (RPS): 0.29
--------------------------------------------------
 Time to First Token (TTFT) Latency:
  - 평균 (Mean): 22.2625 초
  - 중간값 (50%ile): 0.7258 초
  - 최소값 (Min): 0.0518 초
  - 최대값 (Max): 60.9146 초
  - 95%ile Tail: 60.8925 초
  - 99%ile Tail: 60.9097 초
--------------------------------------------------
 Time Per Output Token (TPOT):
  - 평균 (Mean): 16.54 ms/token
--------------------------------------------------
 Embedding Latency:
  - 총 샘플 수: 41
  - 평균 (Mean): 11.66 ms
  - 중간값 (50%ile): 11.00 ms
  - 95%ile Tail: 24.00 ms
  - 99%ile Tail: 24.60 ms
--------------------------------------------------
 VectorDB Search Latency:
  - 총 샘플 수: 26
  - 평균 (Mean): 290.27 ms
  - 중간값 (50%ile): 9.00 ms
  - 95%ile Tail: 1370.75 ms
  - 99%ile Tail: 1526.25 ms
--------------------------------------------------
 Document Search Latency:
  - 총 샘플 수: 26
  - 평균 (Mean): 8.73 ms
  - 중간값 (50%ile): 8.00 ms
  - 95%ile Tail: 13.50 ms
  - 99%ile Tail: 18.50 ms
--------------------------------------------------
 Total Retrieval Latency:
  - 총 샘플 수: 28
  - 평균 (Mean): 291.14 ms
  - 중간값 (50%ile): 40.00 ms
  - 95%ile Tail: 1352.85 ms
  - 99%ile Tail: 1542.16 ms
==================================================
