2025-11-18 20:46:28,231 - INFO - ReqGen 시작: 서버=163.152.48.109:9000, 클라이언트=7500, 시간=330초
2025-11-18 20:46:28,231 - INFO - Hugging Face에서 'kroshan/BioASQ' 데이터셋을 로드합니다...
2025-11-18 20:46:33,804 - INFO - 3266개의 질문을 로드했습니다.
2025-11-18 20:46:33,805 - INFO - 부하 테스트 시작, client 수 = 7500
2025-11-18 20:46:33,805 - INFO - Zipf 값 1.2에서 상위 20%의 질문이 차지하는 비율: 91.82%
2025-11-18 20:46:38,663 - INFO - [실시간] 요청 1000개 처리 | 현재까지의 RPS: 205.85최근 1000개 request의 p99 TTFT: 0.3744 초 | 
2025-11-18 20:46:41,277 - INFO - [실시간] 요청 2000개 처리 | 현재까지의 RPS: 267.65최근 1000개 request의 p99 TTFT: 0.3502 초 | 
2025-11-18 20:46:43,607 - INFO - [실시간] 요청 3000개 처리 | 현재까지의 RPS: 306.04최근 1000개 request의 p99 TTFT: 0.2288 초 | 
2025-11-18 20:46:45,733 - INFO - [실시간] 요청 4000개 처리 | 현재까지의 RPS: 335.34최근 1000개 request의 p99 TTFT: 0.2912 초 | 
2025-11-18 20:46:47,726 - INFO - [실시간] 요청 5000개 처리 | 현재까지의 RPS: 359.15최근 1000개 request의 p99 TTFT: 0.2837 초 | 
2025-11-18 20:46:49,605 - INFO - [실시간] 요청 6000개 처리 | 현재까지의 RPS: 379.74최근 1000개 request의 p99 TTFT: 0.7971 초 | 
2025-11-18 20:46:51,376 - INFO - [실시간] 요청 7000개 처리 | 현재까지의 RPS: 398.38최근 1000개 request의 p99 TTFT: 0.2398 초 | 
2025-11-18 20:46:53,007 - INFO - [실시간] 요청 8000개 처리 | 현재까지의 RPS: 416.61최근 1000개 request의 p99 TTFT: 0.5929 초 | 
2025-11-18 20:46:54,526 - INFO - [실시간] 요청 9000개 처리 | 현재까지의 RPS: 434.33최근 1000개 request의 p99 TTFT: 0.5125 초 | 
2025-11-18 20:46:56,666 - INFO - [실시간] 요청 10000개 처리 | 현재까지의 RPS: 437.41최근 1000개 request의 p99 TTFT: 0.4193 초 | 
2025-11-18 20:46:58,650 - INFO - [실시간] 요청 11000개 처리 | 현재까지의 RPS: 442.75최근 1000개 request의 p99 TTFT: 0.4904 초 | 
2025-11-18 20:47:00,527 - INFO - [실시간] 요청 12000개 처리 | 현재까지의 RPS: 449.07최근 1000개 request의 p99 TTFT: 0.2119 초 | 
2025-11-18 20:47:02,486 - INFO - [실시간] 요청 13000개 처리 | 현재까지의 RPS: 453.25최근 1000개 request의 p99 TTFT: 0.1915 초 | 
2025-11-18 20:47:04,492 - INFO - [실시간] 요청 14000개 처리 | 현재까지의 RPS: 456.21최근 1000개 request의 p99 TTFT: 0.2312 초 | 
2025-11-18 20:47:06,264 - INFO - [실시간] 요청 15000개 처리 | 현재까지의 RPS: 462.12최근 1000개 request의 p99 TTFT: 0.4247 초 | 
2025-11-18 20:47:08,138 - INFO - [실시간] 요청 16000개 처리 | 현재까지의 RPS: 466.02최근 1000개 request의 p99 TTFT: 0.2397 초 | 
2025-11-18 20:47:10,020 - INFO - [실시간] 요청 17000개 처리 | 현재까지의 RPS: 469.41최근 1000개 request의 p99 TTFT: 0.4853 초 | 
2025-11-18 20:47:11,934 - INFO - [실시간] 요청 18000개 처리 | 현재까지의 RPS: 472.08최근 1000개 request의 p99 TTFT: 0.4092 초 | 
2025-11-18 20:47:13,817 - INFO - [실시간] 요청 19000개 처리 | 현재까지의 RPS: 474.86최근 1000개 request의 p99 TTFT: 0.2051 초 | 
2025-11-18 20:47:15,764 - INFO - [실시간] 요청 20000개 처리 | 현재까지의 RPS: 476.65최근 1000개 request의 p99 TTFT: 0.2042 초 | 
2025-11-18 20:47:17,670 - INFO - [실시간] 요청 21000개 처리 | 현재까지의 RPS: 478.74최근 1000개 request의 p99 TTFT: 0.3967 초 | 
2025-11-18 20:47:19,639 - INFO - [실시간] 요청 22000개 처리 | 현재까지의 RPS: 479.99최근 1000개 request의 p99 TTFT: 0.1821 초 | 
2025-11-18 20:47:21,603 - INFO - [실시간] 요청 23000개 처리 | 현재까지의 RPS: 481.19최근 1000개 request의 p99 TTFT: 0.4388 초 | 
2025-11-18 20:47:23,435 - INFO - [실시간] 요청 24000개 처리 | 현재까지의 RPS: 483.58최근 1000개 request의 p99 TTFT: 0.4394 초 | 
2025-11-18 20:47:25,287 - INFO - [실시간] 요청 25000개 처리 | 현재까지의 RPS: 485.60최근 1000개 request의 p99 TTFT: 0.2178 초 | 
2025-11-18 20:47:27,295 - INFO - [실시간] 요청 26000개 처리 | 현재까지의 RPS: 486.07최근 1000개 request의 p99 TTFT: 0.1983 초 | 
2025-11-18 20:47:29,111 - INFO - [실시간] 요청 27000개 처리 | 현재까지의 RPS: 488.19최근 1000개 request의 p99 TTFT: 0.3984 초 | 
2025-11-18 20:47:30,977 - INFO - [실시간] 요청 28000개 처리 | 현재까지의 RPS: 489.75최근 1000개 request의 p99 TTFT: 0.2054 초 | 
2025-11-18 20:47:32,903 - INFO - [실시간] 요청 29000개 처리 | 현재까지의 RPS: 490.71최근 1000개 request의 p99 TTFT: 0.3637 초 | 
2025-11-18 20:47:34,744 - INFO - [실시간] 요청 30000개 처리 | 현재까지의 RPS: 492.30최근 1000개 request의 p99 TTFT: 0.4592 초 | 
2025-11-18 20:47:36,432 - INFO - [실시간] 요청 31000개 처리 | 현재까지의 RPS: 494.99최근 1000개 request의 p99 TTFT: 0.4063 초 | 
2025-11-18 20:47:38,061 - INFO - [실시간] 요청 32000개 처리 | 현재까지의 RPS: 498.00최근 1000개 request의 p99 TTFT: 0.4091 초 | 
2025-11-18 20:47:39,657 - INFO - [실시간] 요청 33000개 처리 | 현재까지의 RPS: 501.12최근 1000개 request의 p99 TTFT: 0.2420 초 | 
2025-11-18 20:47:41,363 - INFO - [실시간] 요청 34000개 처리 | 현재까지의 RPS: 503.27최근 1000개 request의 p99 TTFT: 0.2051 초 | 
2025-11-18 20:47:43,128 - INFO - [실시간] 요청 35000개 처리 | 현재까지의 RPS: 504.88최근 1000개 request의 p99 TTFT: 0.3753 초 | 
2025-11-18 20:47:44,763 - INFO - [실시간] 요청 36000개 처리 | 현재까지의 RPS: 507.34최근 1000개 request의 p99 TTFT: 0.6029 초 | 
2025-11-18 20:47:46,388 - INFO - [실시간] 요청 37000개 처리 | 현재까지의 RPS: 509.76최근 1000개 request의 p99 TTFT: 0.3746 초 | 
2025-11-18 20:47:47,968 - INFO - [실시간] 요청 38000개 처리 | 현재까지의 RPS: 512.38최근 1000개 request의 p99 TTFT: 0.4272 초 | 
2025-11-18 20:47:49,508 - INFO - [실시간] 요청 39000개 처리 | 현재까지의 RPS: 515.17최근 1000개 request의 p99 TTFT: 0.2178 초 | 
2025-11-18 20:47:51,054 - INFO - [실시간] 요청 40000개 처리 | 현재까지의 RPS: 517.80최근 1000개 request의 p99 TTFT: 0.2344 초 | 
2025-11-18 20:47:52,729 - INFO - [실시간] 요청 41000개 처리 | 현재까지의 RPS: 519.49최근 1000개 request의 p99 TTFT: 0.5099 초 | 
2025-11-18 20:47:54,214 - INFO - [실시간] 요청 42000개 처리 | 현재까지의 RPS: 522.32최근 1000개 request의 p99 TTFT: 0.7669 초 | 
2025-11-18 20:47:55,716 - INFO - [실시간] 요청 43000개 처리 | 현재까지의 RPS: 524.96최근 1000개 request의 p99 TTFT: 0.3749 초 | 
2025-11-18 20:47:57,316 - INFO - [실시간] 요청 44000개 처리 | 현재까지의 RPS: 526.87최근 1000개 request의 p99 TTFT: 0.3848 초 | 
2025-11-18 20:47:58,969 - INFO - [실시간] 요청 45000개 처리 | 현재까지의 RPS: 528.39최근 1000개 request의 p99 TTFT: 0.2187 초 | 
2025-11-18 20:48:00,738 - INFO - [실시간] 요청 46000개 처리 | 현재까지의 RPS: 529.14최근 1000개 request의 p99 TTFT: 0.4257 초 | 
2025-11-18 20:48:02,215 - INFO - [실시간] 요청 47000개 처리 | 현재까지의 RPS: 531.61최근 1000개 request의 p99 TTFT: 0.6861 초 | 
2025-11-18 20:48:03,752 - INFO - [실시간] 요청 48000개 처리 | 현재까지의 RPS: 533.64최근 1000개 request의 p99 TTFT: 0.2145 초 | 
2025-11-18 20:48:05,352 - INFO - [실시간] 요청 49000개 처리 | 현재까지의 RPS: 535.24최근 1000개 request의 p99 TTFT: 0.2365 초 | 
2025-11-18 20:48:06,882 - INFO - [실시간] 요청 50000개 처리 | 현재까지의 RPS: 537.19최근 1000개 request의 p99 TTFT: 0.3178 초 | 
2025-11-18 20:48:08,387 - INFO - [실시간] 요청 51000개 처리 | 현재까지의 RPS: 539.21최근 1000개 request의 p99 TTFT: 0.2106 초 | 
2025-11-18 20:48:10,065 - INFO - [실시간] 요청 52000개 처리 | 현재까지의 RPS: 540.20최근 1000개 request의 p99 TTFT: 0.3655 초 | 
2025-11-18 20:48:11,568 - INFO - [실시간] 요청 53000개 처리 | 현재까지의 RPS: 542.13최근 1000개 request의 p99 TTFT: 0.7394 초 | 
2025-11-18 20:48:13,103 - INFO - [실시간] 요청 54000개 처리 | 현재까지의 RPS: 543.82최근 1000개 request의 p99 TTFT: 0.6613 초 | 
2025-11-18 20:48:14,654 - INFO - [실시간] 요청 55000개 처리 | 현재까지의 RPS: 545.37최근 1000개 request의 p99 TTFT: 0.4444 초 | 
2025-11-18 20:48:16,230 - INFO - [실시간] 요청 56000개 처리 | 현재까지의 RPS: 546.74최근 1000개 request의 p99 TTFT: 0.4103 초 | 
2025-11-18 20:48:17,831 - INFO - [실시간] 요청 57000개 처리 | 현재까지의 RPS: 547.94최근 1000개 request의 p99 TTFT: 0.1962 초 | 
2025-11-18 20:48:19,414 - INFO - [실시간] 요청 58000개 처리 | 현재까지의 RPS: 549.19최근 1000개 request의 p99 TTFT: 0.4107 초 | 
2025-11-18 20:48:21,115 - INFO - [실시간] 요청 59000개 처리 | 현재까지의 RPS: 549.81최근 1000개 request의 p99 TTFT: 0.5665 초 | 
2025-11-18 20:48:22,684 - INFO - [실시간] 요청 60000개 처리 | 현재까지의 RPS: 551.07최근 1000개 request의 p99 TTFT: 0.5039 초 | 
2025-11-18 20:48:24,294 - INFO - [실시간] 요청 61000개 처리 | 현재까지의 RPS: 552.09최근 1000개 request의 p99 TTFT: 0.4644 초 | 
2025-11-18 20:48:25,827 - INFO - [실시간] 요청 62000개 처리 | 현재까지의 RPS: 553.46최근 1000개 request의 p99 TTFT: 0.3507 초 | 
2025-11-18 20:48:27,408 - INFO - [실시간] 요청 63000개 처리 | 현재까지의 RPS: 554.56최근 1000개 request의 p99 TTFT: 0.2247 초 | 
2025-11-18 20:48:29,047 - INFO - [실시간] 요청 64000개 처리 | 현재까지의 RPS: 555.35최근 1000개 request의 p99 TTFT: 0.3703 초 | 
2025-11-18 20:48:30,636 - INFO - [실시간] 요청 65000개 처리 | 현재까지의 RPS: 556.36최근 1000개 request의 p99 TTFT: 0.5788 초 | 
2025-11-18 20:48:32,110 - INFO - [실시간] 요청 66000개 처리 | 현재까지의 RPS: 557.88최근 1000개 request의 p99 TTFT: 0.5694 초 | 
2025-11-18 20:48:33,702 - INFO - [실시간] 요청 67000개 처리 | 현재까지의 RPS: 558.81최근 1000개 request의 p99 TTFT: 0.3190 초 | 
2025-11-18 20:48:35,269 - INFO - [실시간] 요청 68000개 처리 | 현재까지의 RPS: 559.83최근 1000개 request의 p99 TTFT: 0.2346 초 | 
2025-11-18 20:48:36,699 - INFO - [실시간] 요청 69000개 처리 | 현재까지의 RPS: 561.46최근 1000개 request의 p99 TTFT: 0.2558 초 | 
2025-11-18 20:48:38,209 - INFO - [실시간] 요청 70000개 처리 | 현재까지의 RPS: 562.68최근 1000개 request의 p99 TTFT: 0.5391 초 | 
2025-11-18 20:48:39,925 - INFO - [실시간] 요청 71000개 처리 | 현재까지의 RPS: 562.95최근 1000개 request의 p99 TTFT: 0.6651 초 | 
2025-11-18 20:48:41,384 - INFO - [실시간] 요청 72000개 처리 | 현재까지의 RPS: 564.35최근 1000개 request의 p99 TTFT: 0.7217 초 | 
2025-11-18 20:48:42,939 - INFO - [실시간] 요청 73000개 처리 | 현재까지의 RPS: 565.30최근 1000개 request의 p99 TTFT: 0.3802 초 | 
2025-11-18 20:48:44,485 - INFO - [실시간] 요청 74000개 처리 | 현재까지의 RPS: 566.27최근 1000개 request의 p99 TTFT: 0.2283 초 | 
2025-11-18 20:48:46,070 - INFO - [실시간] 요청 75000개 처리 | 현재까지의 RPS: 567.04최근 1000개 request의 p99 TTFT: 0.2043 초 | 
2025-11-18 20:48:47,714 - INFO - [실시간] 요청 76000개 처리 | 현재까지의 RPS: 567.55최근 1000개 request의 p99 TTFT: 0.5380 초 | 
2025-11-18 20:48:49,224 - INFO - [실시간] 요청 77000개 처리 | 현재까지의 RPS: 568.60최근 1000개 request의 p99 TTFT: 0.4926 초 | 
2025-11-18 20:48:50,622 - INFO - [실시간] 요청 78000개 처리 | 현재까지의 RPS: 570.10최근 1000개 request의 p99 TTFT: 0.4619 초 | 
2025-11-18 20:48:52,211 - INFO - [실시간] 요청 79000개 처리 | 현재까지의 RPS: 570.78최근 1000개 request의 p99 TTFT: 0.4156 초 | 
2025-11-18 20:48:53,646 - INFO - [실시간] 요청 80000개 처리 | 현재까지의 RPS: 572.08최근 1000개 request의 p99 TTFT: 0.4635 초 | 
2025-11-18 20:48:55,119 - INFO - [실시간] 요청 81000개 처리 | 현재까지의 RPS: 573.19최근 1000개 request의 p99 TTFT: 0.4140 초 | 
2025-11-18 20:48:56,768 - INFO - [실시간] 요청 82000개 처리 | 현재까지의 RPS: 573.57최근 1000개 request의 p99 TTFT: 0.4550 초 | 
2025-11-18 20:48:58,279 - INFO - [실시간] 요청 83000개 처리 | 현재까지의 RPS: 574.50최근 1000개 request의 p99 TTFT: 0.6526 초 | 
2025-11-18 20:48:59,736 - INFO - [실시간] 요청 84000개 처리 | 현재까지의 RPS: 575.61최근 1000개 request의 p99 TTFT: 0.5619 초 | 
2025-11-18 20:49:01,256 - INFO - [실시간] 요청 85000개 처리 | 현재까지의 RPS: 576.46최근 1000개 request의 p99 TTFT: 0.3058 초 | 
2025-11-18 20:49:02,746 - INFO - [실시간] 요청 86000개 처리 | 현재까지의 RPS: 577.41최근 1000개 request의 p99 TTFT: 0.3914 초 | 
2025-11-18 20:49:04,307 - INFO - [실시간] 요청 87000개 처리 | 현재까지의 RPS: 578.06최근 1000개 request의 p99 TTFT: 0.2027 초 | 
2025-11-18 20:49:05,816 - INFO - [실시간] 요청 88000개 처리 | 현재까지의 RPS: 578.90최근 1000개 request의 p99 TTFT: 0.4539 초 | 
2025-11-18 20:49:07,447 - INFO - [실시간] 요청 89000개 처리 | 현재까지의 RPS: 579.27최근 1000개 request의 p99 TTFT: 0.6603 초 | 
2025-11-18 20:49:09,007 - INFO - [실시간] 요청 90000개 처리 | 현재까지의 RPS: 579.89최근 1000개 request의 p99 TTFT: 0.7172 초 | 
2025-11-18 20:49:10,529 - INFO - [실시간] 요청 91000개 처리 | 현재까지의 RPS: 580.64최근 1000개 request의 p99 TTFT: 0.3435 초 | 
2025-11-18 20:49:11,997 - INFO - [실시간] 요청 92000개 처리 | 현재까지의 RPS: 581.57최근 1000개 request의 p99 TTFT: 0.4336 초 | 
2025-11-18 20:49:13,459 - INFO - [실시간] 요청 93000개 처리 | 현재까지의 RPS: 582.51최근 1000개 request의 p99 TTFT: 0.3619 초 | 
2025-11-18 20:49:15,095 - INFO - [실시간] 요청 94000개 처리 | 현재까지의 RPS: 582.80최근 1000개 request의 p99 TTFT: 0.3846 초 | 
2025-11-18 20:49:16,679 - INFO - [실시간] 요청 95000개 처리 | 현재까지의 RPS: 583.27최근 1000개 request의 p99 TTFT: 0.7147 초 | 
2025-11-18 20:49:18,153 - INFO - [실시간] 요청 96000개 처리 | 현재까지의 RPS: 584.13최근 1000개 request의 p99 TTFT: 0.5764 초 | 
2025-11-18 20:49:19,733 - INFO - [실시간] 요청 97000개 처리 | 현재까지의 RPS: 584.59최근 1000개 request의 p99 TTFT: 0.3895 초 | 
2025-11-18 20:49:21,184 - INFO - [실시간] 요청 98000개 처리 | 현재까지의 RPS: 585.50최근 1000개 request의 p99 TTFT: 0.2139 초 | 
2025-11-18 20:49:22,713 - INFO - [실시간] 요청 99000개 처리 | 현재까지의 RPS: 586.12최근 1000개 request의 p99 TTFT: 0.1941 초 | 
2025-11-18 20:49:24,368 - INFO - [실시간] 요청 100000개 처리 | 현재까지의 RPS: 586.29최근 1000개 request의 p99 TTFT: 0.4078 초 | 
2025-11-18 20:49:25,904 - INFO - [실시간] 요청 101000개 처리 | 현재까지의 RPS: 586.87최근 1000개 request의 p99 TTFT: 0.7316 초 | 
2025-11-18 20:49:27,420 - INFO - [실시간] 요청 102000개 처리 | 현재까지의 RPS: 587.51최근 1000개 request의 p99 TTFT: 0.5941 초 | 
2025-11-18 20:49:28,932 - INFO - [실시간] 요청 103000개 처리 | 현재까지의 RPS: 588.14최근 1000개 request의 p99 TTFT: 0.3659 초 | 
2025-11-18 20:49:30,523 - INFO - [실시간] 요청 104000개 처리 | 현재까지의 RPS: 588.51최근 1000개 request의 p99 TTFT: 0.2445 초 | 
2025-11-18 20:49:31,973 - INFO - [실시간] 요청 105000개 처리 | 현재까지의 RPS: 589.33최근 1000개 request의 p99 TTFT: 0.2185 초 | 
2025-11-18 20:49:33,579 - INFO - [실시간] 요청 106000개 처리 | 현재까지의 RPS: 589.63최근 1000개 request의 p99 TTFT: 0.4591 초 | 
2025-11-18 20:49:35,241 - INFO - [실시간] 요청 107000개 처리 | 현재까지의 RPS: 589.74최근 1000개 request의 p99 TTFT: 0.6147 초 | 
2025-11-18 20:49:36,608 - INFO - [실시간] 요청 108000개 처리 | 현재까지의 RPS: 590.80최근 1000개 request의 p99 TTFT: 0.5825 초 | 
2025-11-18 20:49:38,109 - INFO - [실시간] 요청 109000개 처리 | 현재까지의 RPS: 591.41최근 1000개 request의 p99 TTFT: 0.4551 초 | 
2025-11-18 20:49:39,567 - INFO - [실시간] 요청 110000개 처리 | 현재까지의 RPS: 592.15최근 1000개 request의 p99 TTFT: 0.3978 초 | 
2025-11-18 20:49:41,003 - INFO - [실시간] 요청 111000개 처리 | 현재까지의 RPS: 592.96최근 1000개 request의 p99 TTFT: 0.2574 초 | 
2025-11-18 20:49:42,403 - INFO - [실시간] 요청 112000개 처리 | 현재까지의 RPS: 593.85최근 1000개 request의 p99 TTFT: 0.4308 초 | 
2025-11-18 20:49:44,067 - INFO - [실시간] 요청 113000개 처리 | 현재까지의 RPS: 593.92최근 1000개 request의 p99 TTFT: 0.6227 초 | 
2025-11-18 20:49:45,495 - INFO - [실시간] 요청 114000개 처리 | 현재까지의 RPS: 594.71최근 1000개 request의 p99 TTFT: 0.7886 초 | 
2025-11-18 20:49:47,018 - INFO - [실시간] 요청 115000개 처리 | 현재까지의 RPS: 595.20최근 1000개 request의 p99 TTFT: 0.4031 초 | 
2025-11-18 20:49:48,569 - INFO - [실시간] 요청 116000개 처리 | 현재까지의 RPS: 595.59최근 1000개 request의 p99 TTFT: 0.2429 초 | 
2025-11-18 20:49:50,118 - INFO - [실시간] 요청 117000개 처리 | 현재까지의 RPS: 595.99최근 1000개 request의 p99 TTFT: 0.2012 초 | 
2025-11-18 20:49:51,654 - INFO - [실시간] 요청 118000개 처리 | 현재까지의 RPS: 596.41최근 1000개 request의 p99 TTFT: 0.2045 초 | 
2025-11-18 20:49:53,300 - INFO - [실시간] 요청 119000개 처리 | 현재까지의 RPS: 596.51최근 1000개 request의 p99 TTFT: 0.6518 초 | 
2025-11-18 20:49:54,736 - INFO - [실시간] 요청 120000개 처리 | 현재까지의 RPS: 597.22최근 1000개 request의 p99 TTFT: 0.9767 초 | 
2025-11-18 20:49:56,186 - INFO - [실시간] 요청 121000개 처리 | 현재까지의 RPS: 597.88최근 1000개 request의 p99 TTFT: 0.4556 초 | 
2025-11-18 20:49:57,640 - INFO - [실시간] 요청 122000개 처리 | 현재까지의 RPS: 598.52최근 1000개 request의 p99 TTFT: 0.4504 초 | 
2025-11-18 20:49:59,057 - INFO - [실시간] 요청 123000개 처리 | 현재까지의 RPS: 599.26최근 1000개 request의 p99 TTFT: 0.3773 초 | 
2025-11-18 20:50:00,567 - INFO - [실시간] 요청 124000개 처리 | 현재까지의 RPS: 599.72최근 1000개 request의 p99 TTFT: 0.2216 초 | 
2025-11-18 20:50:02,268 - INFO - [실시간] 요청 125000개 처리 | 현재까지의 RPS: 599.63최근 1000개 request의 p99 TTFT: 0.6611 초 | 
2025-11-18 20:50:03,662 - INFO - [실시간] 요청 126000개 처리 | 현재까지의 RPS: 600.41최근 1000개 request의 p99 TTFT: 0.6872 초 | 
2025-11-18 20:50:05,164 - INFO - [실시간] 요청 127000개 처리 | 현재까지의 RPS: 600.87최근 1000개 request의 p99 TTFT: 0.2053 초 | 
2025-11-18 20:50:06,655 - INFO - [실시간] 요청 128000개 처리 | 현재까지의 RPS: 601.36최근 1000개 request의 p99 TTFT: 0.2208 초 | 
2025-11-18 20:50:08,120 - INFO - [실시간] 요청 129000개 처리 | 현재까지의 RPS: 601.92최근 1000개 request의 p99 TTFT: 0.5383 초 | 
2025-11-18 20:50:09,622 - INFO - [실시간] 요청 130000개 처리 | 현재까지의 RPS: 602.36최근 1000개 request의 p99 TTFT: 0.5591 초 | 
2025-11-18 20:50:11,236 - INFO - [실시간] 요청 131000개 처리 | 현재까지의 RPS: 602.49최근 1000개 request의 p99 TTFT: 0.5430 초 | 
2025-11-18 20:50:12,685 - INFO - [실시간] 요청 132000개 처리 | 현재까지의 RPS: 603.07최근 1000개 request의 p99 TTFT: 0.7173 초 | 
2025-11-18 20:50:14,203 - INFO - [실시간] 요청 133000개 처리 | 현재까지의 RPS: 603.45최근 1000개 request의 p99 TTFT: 0.2097 초 | 
2025-11-18 20:50:15,698 - INFO - [실시간] 요청 134000개 처리 | 현재까지의 RPS: 603.89최근 1000개 request의 p99 TTFT: 0.2060 초 | 
2025-11-18 20:50:17,183 - INFO - [실시간] 요청 135000개 처리 | 현재까지의 RPS: 604.35최근 1000개 request의 p99 TTFT: 0.3739 초 | 
2025-11-18 20:50:18,680 - INFO - [실시간] 요청 136000개 처리 | 현재까지의 RPS: 604.78최근 1000개 request의 p99 TTFT: 0.3772 초 | 
2025-11-18 20:50:20,346 - INFO - [실시간] 요청 137000개 처리 | 현재까지의 RPS: 604.75최근 1000개 request의 p99 TTFT: 0.9202 초 | 
2025-11-18 20:50:21,737 - INFO - [실시간] 요청 138000개 처리 | 현재까지의 RPS: 605.44최근 1000개 request의 p99 TTFT: 1.0896 초 | 
2025-11-18 20:50:23,215 - INFO - [실시간] 요청 139000개 처리 | 현재까지의 RPS: 605.90최근 1000개 request의 p99 TTFT: 0.2993 초 | 
2025-11-18 20:50:24,718 - INFO - [실시간] 요청 140000개 처리 | 현재까지의 RPS: 606.29최근 1000개 request의 p99 TTFT: 0.2042 초 | 
2025-11-18 20:50:26,237 - INFO - [실시간] 요청 141000개 처리 | 현재까지의 RPS: 606.63최근 1000개 request의 p99 TTFT: 0.2063 초 | 
2025-11-18 20:50:27,854 - INFO - [실시간] 요청 142000개 처리 | 현재까지의 RPS: 606.71최근 1000개 request의 p99 TTFT: 0.4379 초 | 
2025-11-18 20:50:29,347 - INFO - [실시간] 요청 143000개 처리 | 현재까지의 RPS: 607.11최근 1000개 request의 p99 TTFT: 0.7787 초 | 
2025-11-18 20:50:30,694 - INFO - [실시간] 요청 144000개 처리 | 현재까지의 RPS: 607.88최근 1000개 request의 p99 TTFT: 0.8135 초 | 
2025-11-18 20:50:32,177 - INFO - [실시간] 요청 145000개 처리 | 현재까지의 RPS: 608.29최근 1000개 request의 p99 TTFT: 0.2410 초 | 
2025-11-18 20:50:33,640 - INFO - [실시간] 요청 146000개 처리 | 현재까지의 RPS: 608.75최근 1000개 request의 p99 TTFT: 0.2024 초 | 
2025-11-18 20:50:35,142 - INFO - [실시간] 요청 147000개 처리 | 현재까지의 RPS: 609.11최근 1000개 request의 p99 TTFT: 0.2081 초 | 
2025-11-18 20:50:36,765 - INFO - [실시간] 요청 148000개 처리 | 현재까지의 RPS: 609.15최근 1000개 request의 p99 TTFT: 0.4375 초 | 
2025-11-18 20:50:38,337 - INFO - [실시간] 요청 149000개 처리 | 현재까지의 RPS: 609.33최근 1000개 request의 p99 TTFT: 0.6879 초 | 
2025-11-18 20:50:39,693 - INFO - [실시간] 요청 150000개 처리 | 현재까지의 RPS: 610.03최근 1000개 request의 p99 TTFT: 0.7076 초 | 
2025-11-18 20:50:41,206 - INFO - [실시간] 요청 151000개 처리 | 현재까지의 RPS: 610.35최근 1000개 request의 p99 TTFT: 0.2433 초 | 
2025-11-18 20:50:42,683 - INFO - [실시간] 요청 152000개 처리 | 현재까지의 RPS: 610.74최근 1000개 request의 p99 TTFT: 0.2143 초 | 
2025-11-18 20:50:44,111 - INFO - [실시간] 요청 153000개 처리 | 현재까지의 RPS: 611.25최근 1000개 request의 p99 TTFT: 0.2352 초 | 
2025-11-18 20:50:45,625 - INFO - [실시간] 요청 154000개 처리 | 현재까지의 RPS: 611.55최근 1000개 request의 p99 TTFT: 0.3453 초 | 
2025-11-18 20:50:47,274 - INFO - [실시간] 요청 155000개 처리 | 현재까지의 RPS: 611.51최근 1000개 request의 p99 TTFT: 0.6479 초 | 
2025-11-18 20:50:48,749 - INFO - [실시간] 요청 156000개 처리 | 현재까지의 RPS: 611.90최근 1000개 request의 p99 TTFT: 0.6558 초 | 
2025-11-18 20:50:50,182 - INFO - [실시간] 요청 157000개 처리 | 현재까지의 RPS: 612.38최근 1000개 request의 p99 TTFT: 0.2342 초 | 
2025-11-18 20:50:51,692 - INFO - [실시간] 요청 158000개 처리 | 현재까지의 RPS: 612.67최근 1000개 request의 p99 TTFT: 0.2097 초 | 
2025-11-18 20:50:53,172 - INFO - [실시간] 요청 159000개 처리 | 현재까지의 RPS: 613.03최근 1000개 request의 p99 TTFT: 0.3882 초 | 
2025-11-18 20:50:54,607 - INFO - [실시간] 요청 160000개 처리 | 현재까지의 RPS: 613.49최근 1000개 request의 p99 TTFT: 0.3166 초 | 
2025-11-18 20:50:56,279 - INFO - [실시간] 요청 161000개 처리 | 현재까지의 RPS: 613.39최근 1000개 request의 p99 TTFT: 0.7166 초 | 
2025-11-18 20:50:57,664 - INFO - [실시간] 요청 162000개 처리 | 현재까지의 RPS: 613.96최근 1000개 request의 p99 TTFT: 0.9017 초 | 
2025-11-18 20:50:59,118 - INFO - [실시간] 요청 163000개 처리 | 현재까지의 RPS: 614.37최근 1000개 request의 p99 TTFT: 0.3719 초 | 
2025-11-18 20:51:00,558 - INFO - [실시간] 요청 164000개 처리 | 현재까지의 RPS: 614.80최근 1000개 request의 p99 TTFT: 0.4231 초 | 
2025-11-18 20:51:02,074 - INFO - [실시간] 요청 165000개 처리 | 현재까지의 RPS: 615.05최근 1000개 request의 p99 TTFT: 0.2099 초 | 
2025-11-18 20:51:03,480 - INFO - [실시간] 요청 166000개 처리 | 현재까지의 RPS: 615.55최근 1000개 request의 p99 TTFT: 0.2359 초 | 
2025-11-18 20:51:05,133 - INFO - [실시간] 요청 167000개 처리 | 현재까지의 RPS: 615.49최근 1000개 request의 p99 TTFT: 0.6611 초 | 
2025-11-18 20:51:06,487 - INFO - [실시간] 요청 168000개 처리 | 현재까지의 RPS: 616.10최근 1000개 request의 p99 TTFT: 0.7766 초 | 
2025-11-18 20:51:07,958 - INFO - [실시간] 요청 169000개 처리 | 현재까지의 RPS: 616.44최근 1000개 request의 p99 TTFT: 0.4332 초 | 
2025-11-18 20:51:09,394 - INFO - [실시간] 요청 170000개 처리 | 현재까지의 RPS: 616.86최근 1000개 request의 p99 TTFT: 0.2134 초 | 
2025-11-18 20:51:10,853 - INFO - [실시간] 요청 171000개 처리 | 현재까지의 RPS: 617.22최근 1000개 request의 p99 TTFT: 0.1930 초 | 
2025-11-18 20:51:12,416 - INFO - [실시간] 요청 172000개 처리 | 현재까지의 RPS: 617.35최근 1000개 request의 p99 TTFT: 0.2141 초 | 
2025-11-18 20:51:13,949 - INFO - [실시간] 요청 173000개 처리 | 현재까지의 RPS: 617.54최근 1000개 request의 p99 TTFT: 0.6027 초 | 
2025-11-18 20:51:15,365 - INFO - [실시간] 요청 174000개 처리 | 현재까지의 RPS: 617.99최근 1000개 request의 p99 TTFT: 0.7112 초 | 
2025-11-18 20:51:16,867 - INFO - [실시간] 요청 175000개 처리 | 현재까지의 RPS: 618.24최근 1000개 request의 p99 TTFT: 0.4747 초 | 
2025-11-18 20:51:18,275 - INFO - [실시간] 요청 176000개 처리 | 현재까지의 RPS: 618.69최근 1000개 request의 p99 TTFT: 0.2131 초 | 
2025-11-18 20:51:19,708 - INFO - [실시간] 요청 177000개 처리 | 현재까지의 RPS: 619.09최근 1000개 request의 p99 TTFT: 0.2060 초 | 
2025-11-18 20:51:21,216 - INFO - [실시간] 요청 178000개 처리 | 현재까지의 RPS: 619.32최근 1000개 request의 p99 TTFT: 0.2127 초 | 
2025-11-18 20:51:22,837 - INFO - [실시간] 요청 179000개 처리 | 현재까지의 RPS: 619.31최근 1000개 request의 p99 TTFT: 0.4653 초 | 
2025-11-18 20:51:24,260 - INFO - [실시간] 요청 180000개 처리 | 현재까지의 RPS: 619.72최근 1000개 request의 p99 TTFT: 0.9989 초 | 
2025-11-18 20:51:25,710 - INFO - [실시간] 요청 181000개 처리 | 현재까지의 RPS: 620.07최근 1000개 request의 p99 TTFT: 0.8699 초 | 
2025-11-18 20:51:27,237 - INFO - [실시간] 요청 182000개 처리 | 현재까지의 RPS: 620.25최근 1000개 request의 p99 TTFT: 0.4385 초 | 
2025-11-18 20:51:28,828 - INFO - [실시간] 요청 183000개 처리 | 현재까지의 RPS: 620.29최근 1000개 request의 p99 TTFT: 0.3432 초 | 
2025-11-18 20:51:30,250 - INFO - [실시간] 요청 184000개 처리 | 현재까지의 RPS: 620.69최근 1000개 request의 p99 TTFT: 0.3809 초 | 
2025-11-18 20:51:31,761 - INFO - [실시간] 요청 185000개 처리 | 현재까지의 RPS: 620.90최근 1000개 request의 p99 TTFT: 0.4635 초 | 
2025-11-18 20:51:33,154 - INFO - [실시간] 요청 186000개 처리 | 현재까지의 RPS: 621.35최근 1000개 request의 p99 TTFT: 0.8595 초 | 
2025-11-18 20:51:34,586 - INFO - [실시간] 요청 187000개 처리 | 현재까지의 RPS: 621.71최근 1000개 request의 p99 TTFT: 0.8010 초 | 
2025-11-18 20:51:36,037 - INFO - [실시간] 요청 188000개 처리 | 현재까지의 RPS: 622.04최근 1000개 request의 p99 TTFT: 0.4351 초 | 
2025-11-18 20:51:37,481 - INFO - [실시간] 요청 189000개 처리 | 현재까지의 RPS: 622.37최근 1000개 request의 p99 TTFT: 0.3642 초 | 
2025-11-18 20:51:38,939 - INFO - [실시간] 요청 190000개 처리 | 현재까지의 RPS: 622.68최근 1000개 request의 p99 TTFT: 0.4418 초 | 
2025-11-18 20:51:40,533 - INFO - [실시간] 요청 191000개 처리 | 현재까지의 RPS: 622.70최근 1000개 request의 p99 TTFT: 0.4804 초 | 
2025-11-18 20:51:42,027 - INFO - [실시간] 요청 192000개 처리 | 현재까지의 RPS: 622.93최근 1000개 request의 p99 TTFT: 0.6828 초 | 
2025-11-18 20:51:43,485 - INFO - [실시간] 요청 193000개 처리 | 현재까지의 RPS: 623.22최근 1000개 request의 p99 TTFT: 0.5555 초 | 
2025-11-18 20:51:44,976 - INFO - [실시간] 요청 194000개 처리 | 현재까지의 RPS: 623.45최근 1000개 request의 p99 TTFT: 0.3609 초 | 
2025-11-18 20:51:46,526 - INFO - [실시간] 요청 195000개 처리 | 현재까지의 RPS: 623.56최근 1000개 request의 p99 TTFT: 0.3366 초 | 
2025-11-18 20:51:48,009 - INFO - [실시간] 요청 196000개 처리 | 현재까지의 RPS: 623.80최근 1000개 request의 p99 TTFT: 0.3631 초 | 
2025-11-18 20:51:49,636 - INFO - [실시간] 요청 197000개 처리 | 현재까지의 RPS: 623.75최근 1000개 request의 p99 TTFT: 0.5502 초 | 
2025-11-18 20:51:51,121 - INFO - [실시간] 요청 198000개 처리 | 현재까지의 RPS: 623.98최근 1000개 request의 p99 TTFT: 0.6698 초 | 
2025-11-18 20:51:52,535 - INFO - [실시간] 요청 199000개 처리 | 현재까지의 RPS: 624.35최근 1000개 request의 p99 TTFT: 0.6242 초 | 
2025-11-18 20:51:54,018 - INFO - [실시간] 요청 200000개 처리 | 현재까지의 RPS: 624.58최근 1000개 request의 p99 TTFT: 0.4595 초 | 
2025-11-18 20:51:55,440 - INFO - [실시간] 요청 201000개 처리 | 현재까지의 RPS: 624.93최근 1000개 request의 p99 TTFT: 0.3277 초 | 
2025-11-18 20:51:56,926 - INFO - [실시간] 요청 202000개 처리 | 현재까지의 RPS: 625.15최근 1000개 request의 p99 TTFT: 0.4831 초 | 
2025-11-18 20:51:58,436 - INFO - [실시간] 요청 203000개 처리 | 현재까지의 RPS: 625.32최근 1000개 request의 p99 TTFT: 0.5305 초 | 
2025-11-18 20:51:59,973 - INFO - [실시간] 요청 204000개 처리 | 현재까지의 RPS: 625.44최근 1000개 request의 p99 TTFT: 0.6221 초 | 
2025-11-18 20:52:01,367 - INFO - [실시간] 요청 205000개 처리 | 현재까지의 RPS: 625.83최근 1000개 request의 p99 TTFT: 0.5700 초 | 
2025-11-18 20:52:02,932 - INFO - [실시간] 요청 206000개 처리 | 현재까지의 RPS: 625.90최근 1000개 request의 p99 TTFT: 0.4022 초 | 
2025-11-18 20:52:04,511 - INFO - [실시간] 요청 207000개 처리 | 현재까지의 RPS: 625.93최근 1000개 request의 p99 TTFT: 0.2009 초 | 
통계에 반영된 요청 인덱스 범위: 0 ~ 207000 (총 207000개 요청)
통계 반영된 요청 수: 207000, 통계 반영된 시간: 386.07 초

==================================================
 실험 최종 결과 요약
==================================================
 설정 실험 시간: 330 초
 Clients 수: 7500
 통계 반영 시간: 386.07 초
 총 시도된 요청: 210493 개
 총 완료된 요청: 207000 개
 총 실패한 요청: 3493 개
 완료 요청 중 retrieval이 실패한 요청: -206 개
 요청 성공률: 98.34%
 전체 Requests Per Second (RPS): 536.17
--------------------------------------------------
 Time to First Token (TTFT) Latency:
  - 평균 (Mean): 0.1335 초
  - 중간값 (50%ile): 0.1200 초
  - 최소값 (Min): 0.0167 초
  - 최대값 (Max): 1.4868 초
  - 95%ile Tail: 0.3187 초
  - 99%ile Tail: 0.5444 초
--------------------------------------------------
 Time Per Output Token (TPOT):
  - 평균 (Mean): 16.86 ms/token
--------------------------------------------------
 Embedding Latency:
  - 총 샘플 수: 207000
  - 평균 (Mean): 8.29 ms
  - 중간값 (50%ile): 6.00 ms
  - 95%ile Tail: 15.00 ms
  - 99%ile Tail: 45.00 ms
--------------------------------------------------
 VectorDB Search Latency:
  - 총 샘플 수: 207000
  - 평균 (Mean): 39.35 ms
  - 중간값 (50%ile): 21.00 ms
  - 95%ile Tail: 145.00 ms
  - 99%ile Tail: 341.00 ms
--------------------------------------------------
 Document Search Latency:
  - 총 샘플 수: 207000
  - 평균 (Mean): 15.18 ms
  - 중간값 (50%ile): 7.00 ms
  - 95%ile Tail: 50.00 ms
  - 99%ile Tail: 103.00 ms
--------------------------------------------------
 Total Retrieval Latency:
  - 총 샘플 수: 207000
  - 평균 (Mean): 62.84 ms
  - 중간값 (50%ile): 39.00 ms
  - 95%ile Tail: 205.00 ms
  - 99%ile Tail: 435.00 ms
==================================================
