2025-11-18 20:39:50,625 - INFO - ReqGen 시작: 서버=163.152.48.109:9000, 클라이언트=8000, 시간=330초
2025-11-18 20:39:50,626 - INFO - Hugging Face에서 'kroshan/BioASQ' 데이터셋을 로드합니다...
2025-11-18 20:39:57,025 - INFO - 3266개의 질문을 로드했습니다.
2025-11-18 20:39:57,025 - INFO - 부하 테스트 시작, client 수 = 8000
2025-11-18 20:39:57,026 - INFO - Zipf 값 1.2에서 상위 20%의 질문이 차지하는 비율: 91.82%
2025-11-18 20:40:02,019 - INFO - [실시간] 요청 1000개 처리 | 현재까지의 RPS: 200.27최근 1000개 request의 p99 TTFT: 0.3438 초 | 
2025-11-18 20:40:04,573 - INFO - [실시간] 요청 2000개 처리 | 현재까지의 RPS: 264.97최근 1000개 request의 p99 TTFT: 0.1926 초 | 
2025-11-18 20:40:06,769 - INFO - [실시간] 요청 3000개 처리 | 현재까지의 RPS: 307.90최근 1000개 request의 p99 TTFT: 0.3395 초 | 
2025-11-18 20:40:08,827 - INFO - [실시간] 요청 4000개 처리 | 현재까지의 RPS: 338.93최근 1000개 request의 p99 TTFT: 0.2043 초 | 
2025-11-18 20:40:10,894 - INFO - [실시간] 요청 5000개 처리 | 현재까지의 RPS: 360.52최근 1000개 request의 p99 TTFT: 0.6914 초 | 
2025-11-18 20:40:12,754 - INFO - [실시간] 요청 6000개 처리 | 현재까지의 RPS: 381.47최근 1000개 request의 p99 TTFT: 0.5725 초 | 
2025-11-18 20:40:14,518 - INFO - [실시간] 요청 7000개 처리 | 현재까지의 RPS: 400.16최근 1000개 request의 p99 TTFT: 0.6004 초 | 
2025-11-18 20:40:16,170 - INFO - [실시간] 요청 8000개 처리 | 현재까지의 RPS: 417.87최근 1000개 request의 p99 TTFT: 0.4813 초 | 
2025-11-18 20:40:17,875 - INFO - [실시간] 요청 9000개 처리 | 현재까지의 RPS: 431.66최근 1000개 request의 p99 TTFT: 0.5460 초 | 
2025-11-18 20:40:19,914 - INFO - [실시간] 요청 10000개 처리 | 현재까지의 RPS: 436.90최근 1000개 request의 p99 TTFT: 0.5508 초 | 
2025-11-18 20:40:22,047 - INFO - [실시간] 요청 11000개 처리 | 현재까지의 RPS: 439.61최근 1000개 request의 p99 TTFT: 0.1797 초 | 
2025-11-18 20:40:24,102 - INFO - [실시간] 요청 12000개 처리 | 현재까지의 RPS: 443.19최근 1000개 request의 p99 TTFT: 0.5275 초 | 
2025-11-18 20:40:26,199 - INFO - [실시간] 요청 13000개 처리 | 현재까지의 RPS: 445.61최근 1000개 request의 p99 TTFT: 0.6523 초 | 
2025-11-18 20:40:28,019 - INFO - [실시간] 요청 14000개 처리 | 현재까지의 RPS: 451.70최근 1000개 request의 p99 TTFT: 0.6769 초 | 
2025-11-18 20:40:29,935 - INFO - [실시간] 요청 15000개 처리 | 현재까지의 RPS: 455.79최근 1000개 request의 p99 TTFT: 0.2017 초 | 
2025-11-18 20:40:31,811 - INFO - [실시간] 요청 16000개 처리 | 현재까지의 RPS: 459.95최근 1000개 request의 p99 TTFT: 0.4602 초 | 
2025-11-18 20:40:33,798 - INFO - [실시간] 요청 17000개 처리 | 현재까지의 RPS: 462.30최근 1000개 request의 p99 TTFT: 0.2325 초 | 
2025-11-18 20:40:35,662 - INFO - [실시간] 요청 18000개 처리 | 현재까지의 RPS: 465.88최근 1000개 request의 p99 TTFT: 0.2007 초 | 
2025-11-18 20:40:37,662 - INFO - [실시간] 요청 19000개 처리 | 현재까지의 RPS: 467.56최근 1000개 request의 p99 TTFT: 0.4340 초 | 
2025-11-18 20:40:39,529 - INFO - [실시간] 요청 20000개 처리 | 현재까지의 RPS: 470.55최근 1000개 request의 p99 TTFT: 0.7665 초 | 
2025-11-18 20:40:41,547 - INFO - [실시간] 요청 21000개 처리 | 현재까지의 RPS: 471.69최근 1000개 request의 p99 TTFT: 0.2374 초 | 
2025-11-18 20:40:43,541 - INFO - [실시간] 요청 22000개 처리 | 현재까지의 RPS: 472.96최근 1000개 request의 p99 TTFT: 0.2120 초 | 
2025-11-18 20:40:45,370 - INFO - [실시간] 요청 23000개 처리 | 현재까지의 RPS: 475.75최근 1000개 request의 p99 TTFT: 0.2828 초 | 
2025-11-18 20:40:47,299 - INFO - [실시간] 요청 24000개 처리 | 현재까지의 RPS: 477.39최근 1000개 request의 p99 TTFT: 0.2157 초 | 
2025-11-18 20:40:49,270 - INFO - [실시간] 요청 25000개 처리 | 현재까지의 RPS: 478.52최근 1000개 request의 p99 TTFT: 0.5789 초 | 
2025-11-18 20:40:51,089 - INFO - [실시간] 요청 26000개 처리 | 현재까지의 RPS: 480.92최근 1000개 request의 p99 TTFT: 0.5998 초 | 
2025-11-18 20:40:53,076 - INFO - [실시간] 요청 27000개 처리 | 현재까지의 RPS: 481.70최근 1000개 request의 p99 TTFT: 0.2174 초 | 
2025-11-18 20:40:55,101 - INFO - [실시간] 요청 28000개 처리 | 현재까지의 RPS: 482.13최근 1000개 request의 p99 TTFT: 0.2016 초 | 
2025-11-18 20:40:57,074 - INFO - [실시간] 요청 29000개 처리 | 현재까지의 RPS: 482.94최근 1000개 request의 p99 TTFT: 0.4473 초 | 
2025-11-18 20:40:59,043 - INFO - [실시간] 요청 30000개 처리 | 현재까지의 RPS: 483.73최근 1000개 request의 p99 TTFT: 0.5409 초 | 
2025-11-18 20:41:00,566 - INFO - [실시간] 요청 31000개 처리 | 현재까지의 RPS: 487.87최근 1000개 request의 p99 TTFT: 0.6077 초 | 
2025-11-18 20:41:02,160 - INFO - [실시간] 요청 32000개 처리 | 현재까지의 RPS: 491.29최근 1000개 request의 p99 TTFT: 0.6299 초 | 
2025-11-18 20:41:03,719 - INFO - [실시간] 요청 33000개 처리 | 현재까지의 RPS: 494.80최근 1000개 request의 p99 TTFT: 0.6186 초 | 
2025-11-18 20:41:05,394 - INFO - [실시간] 요청 34000개 처리 | 현재까지의 RPS: 497.30최근 1000개 request의 p99 TTFT: 0.4376 초 | 
2025-11-18 20:41:06,948 - INFO - [실시간] 요청 35000개 처리 | 현재까지의 RPS: 500.55최근 1000개 request의 p99 TTFT: 0.2684 초 | 
2025-11-18 20:41:08,644 - INFO - [실시간] 요청 36000개 처리 | 현재까지의 RPS: 502.66최근 1000개 request의 p99 TTFT: 0.2671 초 | 
2025-11-18 20:41:10,296 - INFO - [실시간] 요청 37000개 처리 | 현재까지의 RPS: 504.98최근 1000개 request의 p99 TTFT: 0.7462 초 | 
2025-11-18 20:41:11,828 - INFO - [실시간] 요청 38000개 처리 | 현재까지의 RPS: 508.00최근 1000개 request의 p99 TTFT: 0.6764 초 | 
2025-11-18 20:41:13,328 - INFO - [실시간] 요청 39000개 처리 | 현재까지의 RPS: 511.12최근 1000개 request의 p99 TTFT: 0.4208 초 | 
2025-11-18 20:41:14,798 - INFO - [실시간] 요청 40000개 처리 | 현재까지의 RPS: 514.32최근 1000개 request의 p99 TTFT: 0.4467 초 | 
2025-11-18 20:41:16,453 - INFO - [실시간] 요청 41000개 처리 | 현재까지의 RPS: 516.20최근 1000개 request의 p99 TTFT: 0.3625 초 | 
2025-11-18 20:41:17,910 - INFO - [실시간] 요청 42000개 처리 | 현재까지의 RPS: 519.25최근 1000개 request의 p99 TTFT: 0.6609 초 | 
2025-11-18 20:41:19,399 - INFO - [실시간] 요청 43000개 처리 | 현재까지의 RPS: 522.01최근 1000개 request의 p99 TTFT: 0.6997 초 | 
2025-11-18 20:41:20,988 - INFO - [실시간] 요청 44000개 처리 | 현재까지의 RPS: 524.04최근 1000개 request의 p99 TTFT: 0.4569 초 | 
2025-11-18 20:41:22,498 - INFO - [실시간] 요청 45000개 처리 | 현재까지의 RPS: 526.48최근 1000개 request의 p99 TTFT: 0.4371 초 | 
2025-11-18 20:41:24,115 - INFO - [실시간] 요청 46000개 처리 | 현재까지의 RPS: 528.19최근 1000개 request의 p99 TTFT: 0.3120 초 | 
2025-11-18 20:41:25,785 - INFO - [실시간] 요청 47000개 처리 | 현재까지의 RPS: 529.52최근 1000개 request의 p99 TTFT: 0.5282 초 | 
2025-11-18 20:41:27,396 - INFO - [실시간] 요청 48000개 처리 | 현재까지의 RPS: 531.15최근 1000개 request의 p99 TTFT: 0.4550 초 | 
2025-11-18 20:41:28,939 - INFO - [실시간] 요청 49000개 처리 | 현재까지의 RPS: 533.11최근 1000개 request의 p99 TTFT: 0.4524 초 | 
2025-11-18 20:41:30,547 - INFO - [실시간] 요청 50000개 처리 | 현재까지의 RPS: 534.63최근 1000개 request의 p99 TTFT: 0.2208 초 | 
2025-11-18 20:41:32,044 - INFO - [실시간] 요청 51000개 처리 | 현재까지의 RPS: 536.73최근 1000개 request의 p99 TTFT: 0.3667 초 | 
2025-11-18 20:41:33,637 - INFO - [실시간] 요청 52000개 처리 | 현재까지의 RPS: 538.24최근 1000개 request의 p99 TTFT: 0.3580 초 | 
2025-11-18 20:41:35,324 - INFO - [실시간] 요청 53000개 처리 | 현재까지의 RPS: 539.18최근 1000개 request의 p99 TTFT: 0.9425 초 | 
2025-11-18 20:41:36,778 - INFO - [실시간] 요청 54000개 처리 | 현재까지의 RPS: 541.34최근 1000개 request의 p99 TTFT: 0.8674 초 | 
2025-11-18 20:41:38,311 - INFO - [실시간] 요청 55000개 처리 | 현재까지의 RPS: 543.02최근 1000개 request의 p99 TTFT: 0.2077 초 | 
2025-11-18 20:41:39,870 - INFO - [실시간] 요청 56000개 처리 | 현재까지의 RPS: 544.51최근 1000개 request의 p99 TTFT: 0.2173 초 | 
2025-11-18 20:41:41,471 - INFO - [실시간] 요청 57000개 처리 | 현재까지의 RPS: 545.74최근 1000개 request의 p99 TTFT: 0.4233 초 | 
2025-11-18 20:41:43,149 - INFO - [실시간] 요청 58000개 처리 | 현재까지의 RPS: 546.53최근 1000개 request의 p99 TTFT: 0.3748 초 | 
2025-11-18 20:41:44,715 - INFO - [실시간] 요청 59000개 처리 | 현재까지의 RPS: 547.87최근 1000개 request의 p99 TTFT: 0.5886 초 | 
2025-11-18 20:41:46,294 - INFO - [실시간] 요청 60000개 처리 | 현재까지의 RPS: 549.10최근 1000개 request의 p99 TTFT: 0.4190 초 | 
2025-11-18 20:41:47,906 - INFO - [실시간] 요청 61000개 처리 | 현재까지의 RPS: 550.14최근 1000개 request의 p99 TTFT: 0.2310 초 | 
2025-11-18 20:41:49,546 - INFO - [실시간] 요청 62000개 처리 | 현재까지의 RPS: 551.01최근 1000개 request의 p99 TTFT: 0.4434 초 | 
2025-11-18 20:41:51,021 - INFO - [실시간] 요청 63000개 처리 | 현재까지의 RPS: 552.65최근 1000개 request의 p99 TTFT: 0.4610 초 | 
2025-11-18 20:41:52,701 - INFO - [실시간] 요청 64000개 처리 | 현재까지의 RPS: 553.27최근 1000개 request의 p99 TTFT: 0.3414 초 | 
2025-11-18 20:41:54,300 - INFO - [실시간] 요청 65000개 처리 | 현재까지의 RPS: 554.26최근 1000개 request의 p99 TTFT: 0.6777 초 | 
2025-11-18 20:41:55,790 - INFO - [실시간] 요청 66000개 처리 | 현재까지의 RPS: 555.72최근 1000개 request의 p99 TTFT: 0.6277 초 | 
2025-11-18 20:41:57,311 - INFO - [실시간] 요청 67000개 처리 | 현재까지의 RPS: 557.01최근 1000개 request의 p99 TTFT: 0.5108 초 | 
2025-11-18 20:41:58,754 - INFO - [실시간] 요청 68000개 처리 | 현재까지의 RPS: 558.62최근 1000개 request의 p99 TTFT: 0.4404 초 | 
2025-11-18 20:42:00,165 - INFO - [실시간] 요청 69000개 처리 | 현재까지의 RPS: 560.34최근 1000개 request의 p99 TTFT: 0.2792 초 | 
2025-11-18 20:42:01,791 - INFO - [실시간] 요청 70000개 처리 | 현재까지의 RPS: 561.05최근 1000개 request의 p99 TTFT: 0.3677 초 | 
2025-11-18 20:42:03,359 - INFO - [실시간] 요청 71000개 처리 | 현재까지의 RPS: 562.00최근 1000개 request의 p99 TTFT: 0.8917 초 | 
2025-11-18 20:42:04,763 - INFO - [실시간] 요청 72000개 처리 | 현재까지의 RPS: 563.65최근 1000개 request의 p99 TTFT: 0.7135 초 | 
2025-11-18 20:42:06,343 - INFO - [실시간] 요청 73000개 처리 | 현재까지의 RPS: 564.50최근 1000개 request의 p99 TTFT: 0.2058 초 | 
2025-11-18 20:42:07,922 - INFO - [실시간] 요청 74000개 처리 | 현재까지의 RPS: 565.33최근 1000개 request의 p99 TTFT: 0.2106 초 | 
2025-11-18 20:42:09,504 - INFO - [실시간] 요청 75000개 처리 | 현재까지의 RPS: 566.13최근 1000개 request의 p99 TTFT: 0.2010 초 | 
2025-11-18 20:42:11,003 - INFO - [실시간] 요청 76000개 처리 | 현재까지의 RPS: 567.26최근 1000개 request의 p99 TTFT: 0.5509 초 | 
2025-11-18 20:42:12,489 - INFO - [실시간] 요청 77000개 처리 | 현재까지의 RPS: 568.42최근 1000개 request의 p99 TTFT: 0.6959 초 | 
2025-11-18 20:42:13,936 - INFO - [실시간] 요청 78000개 처리 | 현재까지의 RPS: 569.72최근 1000개 request의 p99 TTFT: 0.4804 초 | 
2025-11-18 20:42:15,380 - INFO - [실시간] 요청 79000개 처리 | 현재까지의 RPS: 571.00최근 1000개 request의 p99 TTFT: 0.2547 초 | 
2025-11-18 20:42:16,840 - INFO - [실시간] 요청 80000개 처리 | 현재까지의 RPS: 572.19최근 1000개 request의 p99 TTFT: 0.4725 초 | 
2025-11-18 20:42:18,319 - INFO - [실시간] 요청 81000개 처리 | 현재까지의 RPS: 573.28최근 1000개 request의 p99 TTFT: 0.3414 초 | 
2025-11-18 20:42:19,808 - INFO - [실시간] 요청 82000개 처리 | 현재까지의 RPS: 574.30최근 1000개 request의 p99 TTFT: 0.8872 초 | 
2025-11-18 20:42:21,305 - INFO - [실시간] 요청 83000개 처리 | 현재까지의 RPS: 575.27최근 1000개 request의 p99 TTFT: 0.8948 초 | 
2025-11-18 20:42:22,827 - INFO - [실시간] 요청 84000개 처리 | 현재까지의 RPS: 576.12최근 1000개 request의 p99 TTFT: 0.4177 초 | 
2025-11-18 20:42:24,340 - INFO - [실시간] 요청 85000개 처리 | 현재까지의 RPS: 577.00최근 1000개 request의 p99 TTFT: 0.4286 초 | 
2025-11-18 20:42:25,839 - INFO - [실시간] 요청 86000개 처리 | 현재까지의 RPS: 577.90최근 1000개 request의 p99 TTFT: 0.2189 초 | 
2025-11-18 20:42:27,436 - INFO - [실시간] 요청 87000개 처리 | 현재까지의 RPS: 578.41최근 1000개 request의 p99 TTFT: 0.4017 초 | 
2025-11-18 20:42:28,998 - INFO - [실시간] 요청 88000개 처리 | 현재까지의 RPS: 579.05최근 1000개 request의 p99 TTFT: 0.9460 초 | 
2025-11-18 20:42:30,432 - INFO - [실시간] 요청 89000개 처리 | 현재까지의 RPS: 580.16최근 1000개 request의 p99 TTFT: 0.9281 초 | 
2025-11-18 20:42:31,875 - INFO - [실시간] 요청 90000개 처리 | 현재까지의 RPS: 581.21최근 1000개 request의 p99 TTFT: 0.2076 초 | 
2025-11-18 20:42:33,364 - INFO - [실시간] 요청 91000개 처리 | 현재까지의 RPS: 582.07최근 1000개 request의 p99 TTFT: 0.2079 초 | 
2025-11-18 20:42:34,867 - INFO - [실시간] 요청 92000개 처리 | 현재까지의 RPS: 582.86최근 1000개 request의 p99 TTFT: 0.2661 초 | 
2025-11-18 20:42:36,374 - INFO - [실시간] 요청 93000개 처리 | 현재까지의 RPS: 583.63최근 1000개 request의 p99 TTFT: 0.5594 초 | 
2025-11-18 20:42:37,808 - INFO - [실시간] 요청 94000개 처리 | 현재까지의 RPS: 584.64최근 1000개 request의 p99 TTFT: 0.8611 초 | 
2025-11-18 20:42:39,217 - INFO - [실시간] 요청 95000개 처리 | 현재까지의 RPS: 585.73최근 1000개 request의 p99 TTFT: 0.2960 초 | 
2025-11-18 20:42:40,674 - INFO - [실시간] 요청 96000개 처리 | 현재까지의 RPS: 586.62최근 1000개 request의 p99 TTFT: 0.2106 초 | 
2025-11-18 20:42:42,085 - INFO - [실시간] 요청 97000개 처리 | 현재까지의 RPS: 587.67최근 1000개 request의 p99 TTFT: 0.2250 초 | 
2025-11-18 20:42:43,635 - INFO - [실시간] 요청 98000개 처리 | 현재까지의 RPS: 588.20최근 1000개 request의 p99 TTFT: 0.3921 초 | 
2025-11-18 20:42:45,274 - INFO - [실시간] 요청 99000개 처리 | 현재까지의 RPS: 588.42최근 1000개 request의 p99 TTFT: 0.5225 초 | 
2025-11-18 20:42:46,665 - INFO - [실시간] 요청 100000개 처리 | 현재까지의 RPS: 589.49최근 1000개 request의 p99 TTFT: 0.7463 초 | 
2025-11-18 20:42:48,120 - INFO - [실시간] 요청 101000개 처리 | 현재까지의 RPS: 590.32최근 1000개 request의 p99 TTFT: 0.4554 초 | 
2025-11-18 20:42:49,695 - INFO - [실시간] 요청 102000개 처리 | 현재까지의 RPS: 590.72최근 1000개 request의 p99 TTFT: 0.1994 초 | 
2025-11-18 20:42:51,132 - INFO - [실시간] 요청 103000개 처리 | 현재까지의 RPS: 591.59최근 1000개 request의 p99 TTFT: 0.5151 초 | 
2025-11-18 20:42:52,617 - INFO - [실시간] 요청 104000개 처리 | 현재까지의 RPS: 592.28최근 1000개 request의 p99 TTFT: 0.4232 초 | 
2025-11-18 20:42:54,297 - INFO - [실시간] 요청 105000개 처리 | 현재까지의 RPS: 592.31최근 1000개 request의 p99 TTFT: 0.4966 초 | 
2025-11-18 20:42:55,660 - INFO - [실시간] 요청 106000개 처리 | 현재까지의 RPS: 593.39최근 1000개 request의 p99 TTFT: 0.9625 초 | 
2025-11-18 20:42:57,178 - INFO - [실시간] 요청 107000개 처리 | 현재까지의 RPS: 593.94최근 1000개 request의 p99 TTFT: 0.7186 초 | 
2025-11-18 20:42:58,598 - INFO - [실시간] 요청 108000개 처리 | 현재까지의 RPS: 594.80최근 1000개 request의 p99 TTFT: 0.4716 초 | 
2025-11-18 20:42:59,903 - INFO - [실시간] 요청 109000개 처리 | 현재까지의 RPS: 596.03최근 1000개 request의 p99 TTFT: 0.2681 초 | 
2025-11-18 20:43:01,394 - INFO - [실시간] 요청 110000개 처리 | 현재까지의 RPS: 596.63최근 1000개 request의 p99 TTFT: 0.3759 초 | 
2025-11-18 20:43:03,011 - INFO - [실시간] 요청 111000개 처리 | 현재까지의 RPS: 596.82최근 1000개 request의 p99 TTFT: 0.6227 초 | 
2025-11-18 20:43:04,359 - INFO - [실시간] 요청 112000개 처리 | 현재까지의 RPS: 597.86최근 1000개 request의 p99 TTFT: 0.9941 초 | 
2025-11-18 20:43:05,833 - INFO - [실시간] 요청 113000개 처리 | 현재까지의 RPS: 598.49최근 1000개 request의 p99 TTFT: 0.6814 초 | 
2025-11-18 20:43:07,341 - INFO - [실시간] 요청 114000개 처리 | 현재까지의 RPS: 599.01최근 1000개 request의 p99 TTFT: 0.2056 초 | 
2025-11-18 20:43:08,752 - INFO - [실시간] 요청 115000개 처리 | 현재까지의 RPS: 599.81최근 1000개 request의 p99 TTFT: 0.2348 초 | 
2025-11-18 20:43:10,208 - INFO - [실시간] 요청 116000개 처리 | 현재까지의 RPS: 600.47최근 1000개 request의 p99 TTFT: 0.4724 초 | 
2025-11-18 20:43:11,747 - INFO - [실시간] 요청 117000개 처리 | 현재까지의 RPS: 600.86최근 1000개 request의 p99 TTFT: 0.6764 초 | 
2025-11-18 20:43:13,072 - INFO - [실시간] 요청 118000개 처리 | 현재까지의 RPS: 601.90최근 1000개 request의 p99 TTFT: 0.7962 초 | 
2025-11-18 20:43:14,567 - INFO - [실시간] 요청 119000개 처리 | 현재까지의 RPS: 602.41최근 1000개 request의 p99 TTFT: 0.3627 초 | 
2025-11-18 20:43:15,996 - INFO - [실시간] 요청 120000개 처리 | 현재까지의 RPS: 603.10최근 1000개 request의 p99 TTFT: 0.2560 초 | 
2025-11-18 20:43:17,347 - INFO - [실시간] 요청 121000개 처리 | 현재까지의 RPS: 604.03최근 1000개 request의 p99 TTFT: 0.4319 초 | 
2025-11-18 20:43:18,747 - INFO - [실시간] 요청 122000개 처리 | 현재까지의 RPS: 604.79최근 1000개 request의 p99 TTFT: 0.4742 초 | 
2025-11-18 20:43:20,298 - INFO - [실시간] 요청 123000개 처리 | 현재까지의 RPS: 605.10최근 1000개 request의 p99 TTFT: 0.6104 초 | 
2025-11-18 20:43:21,641 - INFO - [실시간] 요청 124000개 처리 | 현재까지의 RPS: 606.01최근 1000개 request의 p99 TTFT: 0.9146 초 | 
2025-11-18 20:43:22,957 - INFO - [실시간] 요청 125000개 처리 | 현재까지의 RPS: 607.00최근 1000개 request의 p99 TTFT: 0.5213 초 | 
2025-11-18 20:43:24,392 - INFO - [실시간] 요청 126000개 처리 | 현재까지의 RPS: 607.62최근 1000개 request의 p99 TTFT: 0.1932 초 | 
2025-11-18 20:43:25,840 - INFO - [실시간] 요청 127000개 처리 | 현재까지의 RPS: 608.19최근 1000개 request의 p99 TTFT: 0.2157 초 | 
2025-11-18 20:43:27,309 - INFO - [실시간] 요청 128000개 처리 | 현재까지의 RPS: 608.70최근 1000개 request의 p99 TTFT: 0.3939 초 | 
2025-11-18 20:43:28,837 - INFO - [실시간] 요청 129000개 처리 | 현재까지의 RPS: 609.03최근 1000개 request의 p99 TTFT: 1.0259 초 | 
2025-11-18 20:43:30,101 - INFO - [실시간] 요청 130000개 처리 | 현재까지의 RPS: 610.11최근 1000개 request의 p99 TTFT: 1.0976 초 | 
2025-11-18 20:43:31,505 - INFO - [실시간] 요청 131000개 처리 | 현재까지의 RPS: 610.78최근 1000개 request의 p99 TTFT: 0.6711 초 | 
2025-11-18 20:43:32,888 - INFO - [실시간] 요청 132000개 처리 | 현재까지의 RPS: 611.50최근 1000개 request의 p99 TTFT: 0.2238 초 | 
2025-11-18 20:43:34,346 - INFO - [실시간] 요청 133000개 처리 | 현재까지의 RPS: 612.00최근 1000개 request의 p99 TTFT: 0.2315 초 | 
2025-11-18 20:43:35,906 - INFO - [실시간] 요청 134000개 처리 | 현재까지의 RPS: 612.21최근 1000개 request의 p99 TTFT: 0.3654 초 | 
2025-11-18 20:43:37,343 - INFO - [실시간] 요청 135000개 처리 | 현재까지의 RPS: 612.75최근 1000개 request의 p99 TTFT: 0.9882 초 | 
2025-11-18 20:43:38,653 - INFO - [실시간] 요청 136000개 처리 | 현재까지의 RPS: 613.64최근 1000개 request의 p99 TTFT: 1.0130 초 | 
2025-11-18 20:43:40,159 - INFO - [실시간] 요청 137000개 처리 | 현재까지의 RPS: 613.98최근 1000개 request의 p99 TTFT: 0.2066 초 | 
2025-11-18 20:43:41,557 - INFO - [실시간] 요청 138000개 처리 | 현재까지의 RPS: 614.61최근 1000개 request의 p99 TTFT: 0.2089 초 | 
2025-11-18 20:43:42,978 - INFO - [실시간] 요청 139000개 처리 | 현재까지의 RPS: 615.17최근 1000개 request의 p99 TTFT: 0.4777 초 | 
2025-11-18 20:43:44,627 - INFO - [실시간] 요청 140000개 처리 | 현재까지의 RPS: 615.11최근 1000개 request의 p99 TTFT: 0.6630 초 | 
2025-11-18 20:43:45,929 - INFO - [실시간] 요청 141000개 처리 | 현재까지의 RPS: 615.98최근 1000개 request의 p99 TTFT: 0.8546 초 | 
2025-11-18 20:43:47,284 - INFO - [실시간] 요청 142000개 처리 | 현재까지의 RPS: 616.70최근 1000개 request의 p99 TTFT: 0.5229 초 | 
2025-11-18 20:43:48,693 - INFO - [실시간] 요청 143000개 처리 | 현재까지의 RPS: 617.26최근 1000개 request의 p99 TTFT: 0.2048 초 | 
2025-11-18 20:43:50,146 - INFO - [실시간] 요청 144000개 처리 | 현재까지의 RPS: 617.70최근 1000개 request의 p99 TTFT: 0.3162 초 | 
2025-11-18 20:43:51,562 - INFO - [실시간] 요청 145000개 처리 | 현재까지의 RPS: 618.24최근 1000개 request의 p99 TTFT: 0.3588 초 | 
2025-11-18 20:43:53,178 - INFO - [실시간] 요청 146000개 처리 | 현재까지의 RPS: 618.25최근 1000개 request의 p99 TTFT: 0.6078 초 | 
2025-11-18 20:43:54,559 - INFO - [실시간] 요청 147000개 처리 | 현재까지의 RPS: 618.86최근 1000개 request의 p99 TTFT: 0.7677 초 | 
2025-11-18 20:43:55,905 - INFO - [실시간] 요청 148000개 처리 | 현재까지의 RPS: 619.56최근 1000개 request의 p99 TTFT: 0.6456 초 | 
2025-11-18 20:43:57,259 - INFO - [실시간] 요청 149000개 처리 | 현재까지의 RPS: 620.23최근 1000개 request의 p99 TTFT: 0.2150 초 | 
2025-11-18 20:43:58,789 - INFO - [실시간] 요청 150000개 처리 | 현재까지의 RPS: 620.44최근 1000개 request의 p99 TTFT: 0.2124 초 | 
2025-11-18 20:44:00,194 - INFO - [실시간] 요청 151000개 처리 | 현재까지의 RPS: 620.97최근 1000개 request의 p99 TTFT: 0.5024 초 | 
2025-11-18 20:44:01,789 - INFO - [실시간] 요청 152000개 처리 | 현재까지의 RPS: 621.01최근 1000개 request의 p99 TTFT: 0.5792 초 | 
2025-11-18 20:44:03,118 - INFO - [실시간] 요청 153000개 처리 | 현재까지의 RPS: 621.72최근 1000개 request의 p99 TTFT: 0.7305 초 | 
2025-11-18 20:44:04,461 - INFO - [실시간] 요청 154000개 처리 | 현재까지의 RPS: 622.38최근 1000개 request의 p99 TTFT: 0.6183 초 | 
2025-11-18 20:44:05,777 - INFO - [실시간] 요청 155000개 처리 | 현재까지의 RPS: 623.11최근 1000개 request의 p99 TTFT: 0.3496 초 | 
2025-11-18 20:44:07,195 - INFO - [실시간] 요청 156000개 처리 | 현재까지의 RPS: 623.58최근 1000개 request의 p99 TTFT: 0.3567 초 | 
2025-11-18 20:44:08,800 - INFO - [실시간] 요청 157000개 처리 | 현재까지의 RPS: 623.57최근 1000개 request의 p99 TTFT: 0.2908 초 | 
2025-11-18 20:44:10,364 - INFO - [실시간] 요청 158000개 처리 | 현재까지의 RPS: 623.67최근 1000개 request의 p99 TTFT: 0.7787 초 | 
2025-11-18 20:44:11,687 - INFO - [실시간] 요청 159000개 처리 | 현재까지의 RPS: 624.36최근 1000개 request의 p99 TTFT: 0.9587 초 | 
2025-11-18 20:44:13,016 - INFO - [실시간] 요청 160000개 처리 | 현재까지의 RPS: 625.02최근 1000개 request의 p99 TTFT: 0.6147 초 | 
2025-11-18 20:44:14,428 - INFO - [실시간] 요청 161000개 처리 | 현재까지의 RPS: 625.48최근 1000개 request의 p99 TTFT: 0.5534 초 | 
2025-11-18 20:44:15,805 - INFO - [실시간] 요청 162000개 처리 | 현재까지의 RPS: 626.02최근 1000개 request의 p99 TTFT: 0.4933 초 | 
2025-11-18 20:44:17,434 - INFO - [실시간] 요청 163000개 처리 | 현재까지의 RPS: 625.94최근 1000개 request의 p99 TTFT: 0.2432 초 | 
2025-11-18 20:44:18,850 - INFO - [실시간] 요청 164000개 처리 | 현재까지의 RPS: 626.37최근 1000개 request의 p99 TTFT: 0.7104 초 | 
2025-11-18 20:44:20,179 - INFO - [실시간] 요청 165000개 처리 | 현재까지의 RPS: 627.01최근 1000개 request의 p99 TTFT: 0.9070 초 | 
2025-11-18 20:44:21,461 - INFO - [실시간] 요청 166000개 처리 | 현재까지의 RPS: 627.75최근 1000개 request의 p99 TTFT: 0.6574 초 | 
2025-11-18 20:44:22,878 - INFO - [실시간] 요청 167000개 처리 | 현재까지의 RPS: 628.17최근 1000개 request의 p99 TTFT: 0.4359 초 | 
2025-11-18 20:44:24,348 - INFO - [실시간] 요청 168000개 처리 | 현재까지의 RPS: 628.45최근 1000개 request의 p99 TTFT: 0.4317 초 | 
2025-11-18 20:44:25,747 - INFO - [실시간] 요청 169000개 처리 | 현재까지의 RPS: 628.90최근 1000개 request의 p99 TTFT: 0.3407 초 | 
2025-11-18 20:44:27,350 - INFO - [실시간] 요청 170000개 처리 | 현재까지의 RPS: 628.87최근 1000개 request의 p99 TTFT: 0.7045 초 | 
2025-11-18 20:44:28,651 - INFO - [실시간] 요청 171000개 처리 | 현재까지의 RPS: 629.54최근 1000개 request의 p99 TTFT: 0.7989 초 | 
2025-11-18 20:44:29,878 - INFO - [실시간] 요청 172000개 처리 | 현재까지의 RPS: 630.38최근 1000개 request의 p99 TTFT: 0.7130 초 | 
2025-11-18 20:44:31,227 - INFO - [실시간] 요청 173000개 처리 | 현재까지의 RPS: 630.92최근 1000개 request의 p99 TTFT: 0.6523 초 | 
2025-11-18 20:44:32,614 - INFO - [실시간] 요청 174000개 처리 | 현재까지의 RPS: 631.38최근 1000개 request의 p99 TTFT: 0.2423 초 | 
2025-11-18 20:44:34,100 - INFO - [실시간] 요청 175000개 처리 | 현재까지의 RPS: 631.60최근 1000개 request의 p99 TTFT: 0.4750 초 | 
2025-11-18 20:44:35,581 - INFO - [실시간] 요청 176000개 처리 | 현재까지의 RPS: 631.83최근 1000개 request의 p99 TTFT: 0.8309 초 | 
2025-11-18 20:44:36,843 - INFO - [실시간] 요청 177000개 처리 | 현재까지의 RPS: 632.55최근 1000개 request의 p99 TTFT: 0.8652 초 | 
2025-11-18 20:44:38,138 - INFO - [실시간] 요청 178000개 처리 | 현재까지의 RPS: 633.20최근 1000개 request의 p99 TTFT: 0.4787 초 | 
2025-11-18 20:44:39,613 - INFO - [실시간] 요청 179000개 처리 | 현재까지의 RPS: 633.43최근 1000개 request의 p99 TTFT: 0.2342 초 | 
2025-11-18 20:44:40,896 - INFO - [실시간] 요청 180000개 처리 | 현재까지의 RPS: 634.09최근 1000개 request의 p99 TTFT: 0.5194 초 | 
2025-11-18 20:44:42,425 - INFO - [실시간] 요청 181000개 처리 | 현재까지의 RPS: 634.20최근 1000개 request의 p99 TTFT: 0.4373 초 | 
2025-11-18 20:44:43,891 - INFO - [실시간] 요청 182000개 처리 | 현재까지의 RPS: 634.44최근 1000개 request의 p99 TTFT: 0.7477 초 | 
2025-11-18 20:44:45,150 - INFO - [실시간] 요청 183000개 처리 | 현재까지의 RPS: 635.14최근 1000개 request의 p99 TTFT: 0.6643 초 | 
2025-11-18 20:44:46,586 - INFO - [실시간] 요청 184000개 처리 | 현재까지의 RPS: 635.44최근 1000개 request의 p99 TTFT: 0.4323 초 | 
2025-11-18 20:44:47,973 - INFO - [실시간] 요청 185000개 처리 | 현재까지의 RPS: 635.85최근 1000개 request의 p99 TTFT: 0.3636 초 | 
2025-11-18 20:44:49,390 - INFO - [실시간] 요청 186000개 처리 | 현재까지의 RPS: 636.19최근 1000개 request의 p99 TTFT: 0.2086 초 | 
2025-11-18 20:44:50,873 - INFO - [실시간] 요청 187000개 처리 | 현재까지의 RPS: 636.38최근 1000개 request의 p99 TTFT: 0.4038 초 | 
2025-11-18 20:44:52,405 - INFO - [실시간] 요청 188000개 처리 | 현재까지의 RPS: 636.47최근 1000개 request의 p99 TTFT: 1.1565 초 | 
2025-11-18 20:44:53,670 - INFO - [실시간] 요청 189000개 처리 | 현재까지의 RPS: 637.13최근 1000개 request의 p99 TTFT: 1.1413 초 | 
2025-11-18 20:44:54,988 - INFO - [실시간] 요청 190000개 처리 | 현재까지의 RPS: 637.66최근 1000개 request의 p99 TTFT: 0.5619 초 | 
2025-11-18 20:44:56,339 - INFO - [실시간] 요청 191000개 처리 | 현재까지의 RPS: 638.13최근 1000개 request의 p99 TTFT: 0.2825 초 | 
2025-11-18 20:44:57,649 - INFO - [실시간] 요청 192000개 처리 | 현재까지의 RPS: 638.67최근 1000개 request의 p99 TTFT: 0.2526 초 | 
2025-11-18 20:44:59,272 - INFO - [실시간] 요청 193000개 처리 | 현재까지의 RPS: 638.55최근 1000개 request의 p99 TTFT: 0.6499 초 | 
2025-11-18 20:45:00,615 - INFO - [실시간] 요청 194000개 처리 | 현재까지의 RPS: 639.02최근 1000개 request의 p99 TTFT: 1.0627 초 | 
2025-11-18 20:45:01,892 - INFO - [실시간] 요청 195000개 처리 | 현재까지의 RPS: 639.62최근 1000개 request의 p99 TTFT: 1.0334 초 | 
2025-11-18 20:45:03,253 - INFO - [실시간] 요청 196000개 처리 | 현재까지의 RPS: 640.05최근 1000개 request의 p99 TTFT: 0.2586 초 | 
2025-11-18 20:45:04,676 - INFO - [실시간] 요청 197000개 처리 | 현재까지의 RPS: 640.34최근 1000개 request의 p99 TTFT: 0.3613 초 | 
2025-11-18 20:45:06,079 - INFO - [실시간] 요청 198000개 처리 | 현재까지의 RPS: 640.66최근 1000개 request의 p99 TTFT: 0.6071 초 | 
2025-11-18 20:45:07,745 - INFO - [실시간] 요청 199000개 처리 | 현재까지의 RPS: 640.45최근 1000개 request의 p99 TTFT: 0.6382 초 | 
2025-11-18 20:45:09,053 - INFO - [실시간] 요청 200000개 처리 | 현재까지의 RPS: 640.97최근 1000개 request의 p99 TTFT: 1.0576 초 | 
2025-11-18 20:45:10,406 - INFO - [실시간] 요청 201000개 처리 | 현재까지의 RPS: 641.39최근 1000개 request의 p99 TTFT: 1.0031 초 | 
2025-11-18 20:45:11,695 - INFO - [실시간] 요청 202000개 처리 | 현재까지의 RPS: 641.94최근 1000개 request의 p99 TTFT: 0.6075 초 | 
2025-11-18 20:45:13,004 - INFO - [실시간] 요청 203000개 처리 | 현재까지의 RPS: 642.45최근 1000개 request의 p99 TTFT: 0.5499 초 | 
2025-11-18 20:45:14,437 - INFO - [실시간] 요청 204000개 처리 | 현재까지의 RPS: 642.70최근 1000개 request의 p99 TTFT: 0.2434 초 | 
2025-11-18 20:45:16,116 - INFO - [실시간] 요청 205000개 처리 | 현재까지의 RPS: 642.45최근 1000개 request의 p99 TTFT: 0.8402 초 | 
2025-11-18 20:45:17,395 - INFO - [실시간] 요청 206000개 처리 | 현재까지의 RPS: 643.01최근 1000개 request의 p99 TTFT: 1.1033 초 | 
2025-11-18 20:45:18,717 - INFO - [실시간] 요청 207000개 처리 | 현재까지의 RPS: 643.47최근 1000개 request의 p99 TTFT: 1.0549 초 | 
2025-11-18 20:45:20,176 - INFO - [실시간] 요청 208000개 처리 | 현재까지의 RPS: 643.66최근 1000개 request의 p99 TTFT: 0.4367 초 | 
2025-11-18 20:45:21,536 - INFO - [실시간] 요청 209000개 처리 | 현재까지의 RPS: 644.05최근 1000개 request의 p99 TTFT: 0.4329 초 | 
2025-11-18 20:45:22,968 - INFO - [실시간] 요청 210000개 처리 | 현재까지의 RPS: 644.29최근 1000개 request의 p99 TTFT: 0.3627 초 | 
2025-11-18 20:45:24,537 - INFO - [실시간] 요청 211000개 처리 | 현재까지의 RPS: 644.25최근 1000개 request의 p99 TTFT: 0.9034 초 | 
2025-11-18 20:45:25,814 - INFO - [실시간] 요청 212000개 처리 | 현재까지의 RPS: 644.79최근 1000개 request의 p99 TTFT: 0.9860 초 | 
2025-11-18 20:45:27,158 - INFO - [실시간] 요청 213000개 처리 | 현재까지의 RPS: 645.19최근 1000개 request의 p99 TTFT: 0.8207 초 | 
통계에 반영된 요청 인덱스 범위: 0 ~ 213000 (총 213000개 요청)
통계 반영된 요청 수: 213000, 통계 반영된 시간: 389.87 초

==================================================
 실험 최종 결과 요약
==================================================
 설정 실험 시간: 330 초
 Clients 수: 8000
 통계 반영 시간: 389.87 초
 총 시도된 요청: 218017 개
 총 완료된 요청: 213000 개
 총 실패한 요청: 5017 개
 완료 요청 중 retrieval이 실패한 요청: -540 개
 요청 성공률: 97.70%
 전체 Requests Per Second (RPS): 546.33
--------------------------------------------------
 Time to First Token (TTFT) Latency:
  - 평균 (Mean): 0.1499 초
  - 중간값 (50%ile): 0.1215 초
  - 최소값 (Min): 0.0156 초
  - 최대값 (Max): 1.6352 초
  - 95%ile Tail: 0.4005 초
  - 99%ile Tail: 0.7010 초
--------------------------------------------------
 Time Per Output Token (TPOT):
  - 평균 (Mean): 16.91 ms/token
--------------------------------------------------
 Embedding Latency:
  - 총 샘플 수: 213000
  - 평균 (Mean): 8.48 ms
  - 중간값 (50%ile): 6.00 ms
  - 95%ile Tail: 18.00 ms
  - 99%ile Tail: 50.00 ms
--------------------------------------------------
 VectorDB Search Latency:
  - 총 샘플 수: 213000
  - 평균 (Mean): 57.47 ms
  - 중간값 (50%ile): 28.00 ms
  - 95%ile Tail: 209.00 ms
  - 99%ile Tail: 505.00 ms
--------------------------------------------------
 Document Search Latency:
  - 총 샘플 수: 213000
  - 평균 (Mean): 17.92 ms
  - 중간값 (50%ile): 8.00 ms
  - 95%ile Tail: 62.00 ms
  - 99%ile Tail: 140.00 ms
--------------------------------------------------
 Total Retrieval Latency:
  - 총 샘플 수: 213000
  - 평균 (Mean): 83.89 ms
  - 중간값 (50%ile): 47.00 ms
  - 95%ile Tail: 302.00 ms
  - 99%ile Tail: 609.00 ms
==================================================
