2025-11-21 04:51:41,121 - INFO - ReqGen 시작: 서버=163.152.48.109:9000, 클라이언트=2, 시간=330초
2025-11-21 04:51:41,121 - INFO - Hugging Face에서 'kroshan/BioASQ' 데이터셋을 로드합니다...
2025-11-21 04:51:46,512 - INFO - 3266개의 질문을 로드했습니다.
2025-11-21 04:51:46,513 - INFO - 부하 테스트 시작, client 수 = 2
통계에 반영된 요청 인덱스 범위: 0 ~ 145 (총 145개 요청)
statistics_start_time이 설정되지 않았습니다.
statistics_end_time이 설정되지 않았습니다.
통계 반영된 요청 수: 145, 통계 반영된 시간: 359.64 초

==================================================
 실험 최종 결과 요약
==================================================
 설정 실험 시간: 330 초
 Clients 수: 2
 통계 반영 시간: 359.64 초
 총 시도된 요청: 145 개
 총 완료된 요청: 145 개
 총 실패한 요청: 0 개
 완료 요청 중 retrieval이 실패한 요청: 10 개
 요청 성공률: 100.00%
 전체 Requests Per Second (RPS): 0.40
--------------------------------------------------
 Time to First Token (TTFT) Latency:
  - 평균 (Mean): 3.4317 초
  - 중간값 (50%ile): 0.1933 초
  - 최소값 (Min): 0.0294 초
  - 최대값 (Max): 31.0165 초
  - 95%ile Tail: 30.1601 초
  - 99%ile Tail: 31.0005 초
--------------------------------------------------
 Time Per Output Token (TPOT):
  - 평균 (Mean): 17.35 ms/token
--------------------------------------------------
 Embedding Latency:
  - 총 샘플 수: 72
  - 평균 (Mean): 7.56 ms
  - 중간값 (50%ile): 7.00 ms
  - 95%ile Tail: 12.90 ms
  - 99%ile Tail: 19.00 ms
--------------------------------------------------
 VectorDB Search Latency:
  - 총 샘플 수: 66
  - 평균 (Mean): 1217.45 ms
  - 중간값 (50%ile): 107.00 ms
  - 95%ile Tail: 5992.00 ms
  - 99%ile Tail: 28234.40 ms
--------------------------------------------------
 Document Search Latency:
  - 총 샘플 수: 66
  - 평균 (Mean): 7.23 ms
  - 중간값 (50%ile): 7.00 ms
  - 95%ile Tail: 9.00 ms
  - 99%ile Tail: 10.00 ms
--------------------------------------------------
 Total Retrieval Latency:
  - 총 샘플 수: 135
  - 평균 (Mean): 1344.67 ms
  - 중간값 (50%ile): 126.00 ms
  - 95%ile Tail: 8321.70 ms
  - 99%ile Tail: 27512.12 ms
==================================================
