2025-12-05 03:59:48,615 - INFO - ReqGen 시작: 서버=163.152.48.109:9000, 클라이언트=2, 시간=330초
2025-12-05 03:59:48,615 - INFO - Hugging Face에서 'kroshan/BioASQ' 데이터셋을 로드합니다...
2025-12-05 03:59:53,956 - INFO - 3266개의 질문을 로드했습니다.
2025-12-05 03:59:53,957 - INFO - 부하 테스트 시작, client 수 = 2
2025-12-05 03:59:53,957 - INFO - 클라이언트 0 시작
2025-12-05 03:59:53,957 - INFO - 클라이언트 1 시작
2025-12-05 03:59:53,957 - INFO - 클라이언트 0 요청: 질문 인덱스 125
2025-12-05 03:59:54,976 - INFO - 클라이언트 0 요청: 질문 인덱스 3153
2025-12-05 03:59:57,839 - INFO - 클라이언트 0 요청: 질문 인덱스 1297
2025-12-05 03:59:59,990 - INFO - 클라이언트 0 요청: 질문 인덱스 1126
2025-12-05 04:00:01,498 - INFO - 클라이언트 0 요청: 질문 인덱스 1617
2025-12-05 04:00:03,958 - INFO - 클라이언트 1 요청: 질문 인덱스 2831
2025-12-05 04:00:04,815 - INFO - 클라이언트 0 요청: 질문 인덱스 1152
2025-12-05 04:00:05,066 - INFO - 클라이언트 1 요청: 질문 인덱스 1699
2025-12-05 04:00:05,704 - INFO - 클라이언트 1 요청: 질문 인덱스 323
2025-12-05 04:00:07,107 - INFO - 클라이언트 1 요청: 질문 인덱스 793
2025-12-05 04:00:07,678 - INFO - 클라이언트 0 요청: 질문 인덱스 641
2025-12-05 04:00:08,452 - INFO - 클라이언트 1 요청: 질문 인덱스 1495
2025-12-05 04:00:10,145 - INFO - 클라이언트 1 요청: 질문 인덱스 1081
2025-12-05 04:00:10,258 - INFO - 클라이언트 0 요청: 질문 인덱스 1679
2025-12-05 04:00:11,270 - INFO - 클라이언트 1 요청: 질문 인덱스 3142
2025-12-05 04:00:12,060 - INFO - 클라이언트 0 요청: 질문 인덱스 315
2025-12-05 04:00:12,318 - INFO - 클라이언트 1 요청: 질문 인덱스 2343
2025-12-05 04:00:14,197 - INFO - 클라이언트 1 요청: 질문 인덱스 1166
2025-12-05 04:00:14,412 - INFO - 클라이언트 0 요청: 질문 인덱스 500
2025-12-05 04:00:15,914 - INFO - 클라이언트 1 요청: 질문 인덱스 1081
2025-12-05 04:00:16,149 - INFO - 클라이언트 1 요청: 질문 인덱스 2255
2025-12-05 04:00:17,063 - INFO - 클라이언트 0 요청: 질문 인덱스 3116
2025-12-05 04:00:17,480 - INFO - 클라이언트 1 요청: 질문 인덱스 2200
2025-12-05 04:00:17,730 - INFO - 클라이언트 1 요청: 질문 인덱스 3228
2025-12-05 04:00:18,012 - INFO - 클라이언트 1 요청: 질문 인덱스 2045
2025-12-05 04:00:18,724 - INFO - 클라이언트 1 요청: 질문 인덱스 3009
2025-12-05 04:00:18,900 - INFO - 클라이언트 0 요청: 질문 인덱스 1904
2025-12-05 04:00:20,575 - INFO - 클라이언트 1 요청: 질문 인덱스 2602
2025-12-05 04:00:21,441 - INFO - 클라이언트 1 요청: 질문 인덱스 2238
2025-12-05 04:00:22,791 - INFO - 클라이언트 1 요청: 질문 인덱스 316
2025-12-05 04:00:22,825 - INFO - 클라이언트 0 요청: 질문 인덱스 418
2025-12-05 04:00:23,174 - INFO - 클라이언트 0 요청: 질문 인덱스 2778
2025-12-05 04:00:23,360 - INFO - 클라이언트 1 요청: 질문 인덱스 3174
2025-12-05 04:00:23,922 - INFO - 클라이언트 1 요청: 질문 인덱스 641
2025-12-05 04:00:24,404 - INFO - 클라이언트 1 요청: 질문 인덱스 2405
2025-12-05 04:00:24,561 - INFO - 클라이언트 1 요청: 질문 인덱스 2125
2025-12-05 04:00:25,777 - INFO - 클라이언트 0 요청: 질문 인덱스 503
2025-12-05 04:00:26,322 - INFO - 클라이언트 1 요청: 질문 인덱스 758
2025-12-05 04:00:26,514 - INFO - 클라이언트 1 요청: 질문 인덱스 2078
2025-12-05 04:00:27,723 - INFO - 클라이언트 1 요청: 질문 인덱스 539
2025-12-05 04:00:27,790 - INFO - 클라이언트 0 요청: 질문 인덱스 949
2025-12-05 04:00:28,017 - INFO - 클라이언트 1 요청: 질문 인덱스 2139
2025-12-05 04:00:28,808 - INFO - 클라이언트 1 요청: 질문 인덱스 933
2025-12-05 04:00:29,588 - INFO - 클라이언트 0 요청: 질문 인덱스 1882
2025-12-05 04:00:30,107 - INFO - 클라이언트 1 요청: 질문 인덱스 1004
2025-12-05 04:00:30,823 - INFO - 클라이언트 0 요청: 질문 인덱스 1276
2025-12-05 04:00:31,755 - INFO - 클라이언트 1 요청: 질문 인덱스 1825
2025-12-05 04:00:31,801 - INFO - 클라이언트 1 요청: 질문 인덱스 1099
2025-12-05 04:00:32,175 - INFO - 클라이언트 0 요청: 질문 인덱스 671
2025-12-05 04:00:32,899 - INFO - 클라이언트 1 요청: 질문 인덱스 2004
2025-12-05 04:00:34,715 - INFO - 클라이언트 1 요청: 질문 인덱스 557
2025-12-05 04:00:34,920 - INFO - 클라이언트 0 요청: 질문 인덱스 2862
2025-12-05 04:00:35,421 - INFO - 클라이언트 1 요청: 질문 인덱스 2966
2025-12-05 04:00:36,357 - INFO - 클라이언트 1 요청: 질문 인덱스 2057
2025-12-05 04:00:36,813 - INFO - 클라이언트 1 요청: 질문 인덱스 266
2025-12-05 04:00:37,791 - INFO - 클라이언트 0 요청: 질문 인덱스 3011
2025-12-05 04:00:38,613 - INFO - 클라이언트 1 요청: 질문 인덱스 940
2025-12-05 04:00:39,473 - INFO - 클라이언트 0 요청: 질문 인덱스 2851
2025-12-05 04:00:40,243 - INFO - 클라이언트 1 요청: 질문 인덱스 1062
2025-12-05 04:00:41,072 - INFO - 클라이언트 1 요청: 질문 인덱스 118
2025-12-05 04:00:42,491 - INFO - 클라이언트 0 요청: 질문 인덱스 798
2025-12-05 04:00:42,781 - INFO - 클라이언트 1 요청: 질문 인덱스 1855
2025-12-05 04:00:43,698 - INFO - 클라이언트 1 요청: 질문 인덱스 3008
2025-12-05 04:00:44,777 - INFO - 클라이언트 1 요청: 질문 인덱스 2053
2025-12-05 04:00:45,096 - INFO - 클라이언트 0 요청: 질문 인덱스 259
2025-12-05 04:00:46,178 - INFO - 클라이언트 1 요청: 질문 인덱스 374
2025-12-05 04:00:46,737 - INFO - 클라이언트 1 요청: 질문 인덱스 2721
2025-12-05 04:00:47,253 - INFO - 클라이언트 0 요청: 질문 인덱스 1140
2025-12-05 04:00:47,502 - INFO - 클라이언트 1 요청: 질문 인덱스 1395
2025-12-05 04:00:48,658 - INFO - 클라이언트 0 요청: 질문 인덱스 2099
2025-12-05 04:00:49,109 - INFO - 클라이언트 1 요청: 질문 인덱스 1046
2025-12-05 04:00:49,667 - INFO - 클라이언트 0 요청: 질문 인덱스 2131
2025-12-05 04:00:49,709 - INFO - 클라이언트 1 요청: 질문 인덱스 2716
2025-12-05 04:00:50,790 - INFO - 클라이언트 1 요청: 질문 인덱스 2917
2025-12-05 04:00:51,301 - INFO - 클라이언트 1 요청: 질문 인덱스 3
2025-12-05 04:00:51,719 - INFO - 클라이언트 1 요청: 질문 인덱스 2422
2025-12-05 04:00:52,071 - INFO - 클라이언트 0 요청: 질문 인덱스 2623
2025-12-05 04:00:52,247 - INFO - 클라이언트 1 요청: 질문 인덱스 33
2025-12-05 04:00:53,293 - INFO - 클라이언트 1 요청: 질문 인덱스 1816
2025-12-05 04:00:54,310 - INFO - 클라이언트 1 요청: 질문 인덱스 2888
2025-12-05 04:00:54,764 - INFO - 클라이언트 1 요청: 질문 인덱스 2072
2025-12-05 04:00:55,017 - INFO - 클라이언트 0 요청: 질문 인덱스 1184
2025-12-05 04:00:56,239 - INFO - 클라이언트 1 요청: 질문 인덱스 2015
2025-12-05 04:00:57,760 - INFO - 클라이언트 1 요청: 질문 인덱스 1390
2025-12-05 04:00:57,873 - INFO - 클라이언트 1 요청: 질문 인덱스 1236
2025-12-05 04:00:57,877 - INFO - 클라이언트 0 요청: 질문 인덱스 697
2025-12-05 04:00:59,272 - INFO - 클라이언트 1 요청: 질문 인덱스 1056
2025-12-05 04:00:59,979 - INFO - 클라이언트 1 요청: 질문 인덱스 71
2025-12-05 04:01:00,616 - INFO - 클라이언트 1 요청: 질문 인덱스 2549
2025-12-05 04:01:00,739 - INFO - 클라이언트 0 요청: 질문 인덱스 3137
2025-12-05 04:01:01,144 - INFO - 클라이언트 1 요청: 질문 인덱스 2349
2025-12-05 04:01:01,203 - INFO - 클라이언트 0 요청: 질문 인덱스 827
2025-12-05 04:01:01,706 - INFO - 클라이언트 1 요청: 질문 인덱스 1579
2025-12-05 04:01:03,150 - INFO - 클라이언트 0 요청: 질문 인덱스 2441
2025-12-05 04:01:03,307 - INFO - 클라이언트 1 요청: 질문 인덱스 64
2025-12-05 04:01:04,007 - INFO - 클라이언트 1 요청: 질문 인덱스 2891
2025-12-05 04:01:04,290 - INFO - 클라이언트 0 요청: 질문 인덱스 2441
2025-12-05 04:01:05,197 - INFO - 클라이언트 0 요청: 질문 인덱스 621
2025-12-05 04:01:06,229 - INFO - 클라이언트 1 요청: 질문 인덱스 3189
2025-12-05 04:01:06,427 - INFO - 클라이언트 0 요청: 질문 인덱스 2117
2025-12-05 04:01:06,646 - INFO - 클라이언트 0 요청: 질문 인덱스 856
2025-12-05 04:01:07,127 - INFO - 클라이언트 0 요청: 질문 인덱스 842
2025-12-05 04:01:07,361 - INFO - 클라이언트 1 요청: 질문 인덱스 249
2025-12-05 04:01:08,156 - INFO - 클라이언트 0 요청: 질문 인덱스 162
2025-12-05 04:01:08,485 - INFO - 클라이언트 1 요청: 질문 인덱스 1811
2025-12-05 04:01:09,405 - INFO - 클라이언트 1 요청: 질문 인덱스 1280
2025-12-05 04:01:09,839 - INFO - 클라이언트 1 요청: 질문 인덱스 921
2025-12-05 04:01:10,001 - INFO - 클라이언트 0 요청: 질문 인덱스 628
2025-12-05 04:01:10,527 - INFO - 클라이언트 1 요청: 질문 인덱스 1016
2025-12-05 04:01:10,534 - INFO - 클라이언트 0 요청: 질문 인덱스 1701
2025-12-05 04:01:10,609 - INFO - 클라이언트 1 요청: 질문 인덱스 1665
2025-12-05 04:01:10,761 - INFO - 클라이언트 1 요청: 질문 인덱스 1250
2025-12-05 04:01:11,037 - INFO - 클라이언트 1 요청: 질문 인덱스 913
2025-12-05 04:01:11,247 - INFO - 클라이언트 0 요청: 질문 인덱스 2568
2025-12-05 04:01:11,439 - INFO - 클라이언트 1 요청: 질문 인덱스 826
2025-12-05 04:01:12,037 - INFO - 클라이언트 1 요청: 질문 인덱스 1101
2025-12-05 04:01:13,049 - INFO - 클라이언트 1 요청: 질문 인덱스 981
2025-12-05 04:01:14,370 - INFO - 클라이언트 0 요청: 질문 인덱스 775
2025-12-05 04:01:14,839 - INFO - 클라이언트 1 요청: 질문 인덱스 2166
2025-12-05 04:01:16,074 - INFO - 클라이언트 0 요청: 질문 인덱스 1834
2025-12-05 04:01:16,238 - INFO - 클라이언트 1 요청: 질문 인덱스 2881
2025-12-05 04:01:17,222 - INFO - 클라이언트 0 요청: 질문 인덱스 1171
2025-12-05 04:01:17,294 - INFO - 클라이언트 1 요청: 질문 인덱스 2007
2025-12-05 04:01:17,590 - INFO - 클라이언트 1 요청: 질문 인덱스 2066
2025-12-05 04:01:18,141 - INFO - 클라이언트 1 요청: 질문 인덱스 3229
2025-12-05 04:01:18,723 - INFO - 클라이언트 1 요청: 질문 인덱스 2198
2025-12-05 04:01:19,019 - INFO - 클라이언트 0 요청: 질문 인덱스 1059
2025-12-05 04:01:19,385 - INFO - 클라이언트 1 요청: 질문 인덱스 407
2025-12-05 04:01:20,230 - INFO - 클라이언트 1 요청: 질문 인덱스 1634
2025-12-05 04:01:20,276 - INFO - 클라이언트 1 요청: 질문 인덱스 476
2025-12-05 04:01:20,298 - INFO - 클라이언트 0 요청: 질문 인덱스 2780
2025-12-05 04:01:21,261 - INFO - 클라이언트 0 요청: 질문 인덱스 2926
2025-12-05 04:01:21,570 - INFO - 클라이언트 1 요청: 질문 인덱스 2532
2025-12-05 04:01:21,876 - INFO - 클라이언트 0 요청: 질문 인덱스 2440
2025-12-05 04:01:24,152 - INFO - 클라이언트 1 요청: 질문 인덱스 1130
2025-12-05 04:01:24,331 - INFO - 클라이언트 0 요청: 질문 인덱스 2263
2025-12-05 04:01:25,265 - INFO - 클라이언트 1 요청: 질문 인덱스 688
2025-12-05 04:01:25,354 - INFO - 클라이언트 0 요청: 질문 인덱스 181
2025-12-05 04:01:26,249 - INFO - 클라이언트 0 요청: 질문 인덱스 1045
2025-12-05 04:01:27,021 - INFO - 클라이언트 1 요청: 질문 인덱스 1869
2025-12-05 04:01:27,115 - INFO - 클라이언트 0 요청: 질문 인덱스 997
2025-12-05 04:01:28,050 - INFO - 클라이언트 0 요청: 질문 인덱스 2771
2025-12-05 04:01:28,091 - INFO - 클라이언트 1 요청: 질문 인덱스 558
2025-12-05 04:01:28,416 - INFO - 클라이언트 0 요청: 질문 인덱스 1203
2025-12-05 04:01:28,544 - INFO - 클라이언트 1 요청: 질문 인덱스 2214
2025-12-05 04:01:29,986 - INFO - 클라이언트 0 요청: 질문 인덱스 2401
2025-12-05 04:01:30,120 - INFO - 클라이언트 1 요청: 질문 인덱스 1647
2025-12-05 04:01:30,548 - INFO - 클라이언트 0 요청: 질문 인덱스 2845
2025-12-05 04:01:31,021 - INFO - 클라이언트 0 요청: 질문 인덱스 3177
2025-12-05 04:01:31,965 - INFO - 클라이언트 1 요청: 질문 인덱스 2750
2025-12-05 04:01:32,890 - INFO - 클라이언트 1 요청: 질문 인덱스 1346
2025-12-05 04:01:33,953 - INFO - 클라이언트 0 요청: 질문 인덱스 1032
2025-12-05 04:01:34,623 - INFO - 클라이언트 1 요청: 질문 인덱스 936
2025-12-05 04:01:35,135 - INFO - 클라이언트 0 요청: 질문 인덱스 2859
2025-12-05 04:01:35,527 - INFO - 클라이언트 1 요청: 질문 인덱스 889
2025-12-05 04:01:35,926 - INFO - 클라이언트 1 요청: 질문 인덱스 1382
2025-12-05 04:01:36,399 - INFO - 클라이언트 0 요청: 질문 인덱스 2470
2025-12-05 04:01:36,674 - INFO - 클라이언트 0 요청: 질문 인덱스 2218
2025-12-05 04:01:36,788 - INFO - 클라이언트 1 요청: 질문 인덱스 1413
2025-12-05 04:01:38,278 - INFO - 클라이언트 1 요청: 질문 인덱스 2876
2025-12-05 04:01:38,762 - INFO - 클라이언트 0 요청: 질문 인덱스 136
2025-12-05 04:01:39,729 - INFO - 클라이언트 1 요청: 질문 인덱스 463
2025-12-05 04:01:40,716 - INFO - 클라이언트 1 요청: 질문 인덱스 1846
2025-12-05 04:01:41,014 - INFO - 클라이언트 0 요청: 질문 인덱스 2704
2025-12-05 04:01:41,216 - INFO - 클라이언트 1 요청: 질문 인덱스 3142
2025-12-05 04:01:42,189 - INFO - 클라이언트 1 요청: 질문 인덱스 656
2025-12-05 04:01:42,426 - INFO - 클라이언트 1 요청: 질문 인덱스 2688
2025-12-05 04:01:42,957 - INFO - 클라이언트 0 요청: 질문 인덱스 31
2025-12-05 04:01:43,397 - INFO - 클라이언트 1 요청: 질문 인덱스 2456
2025-12-05 04:01:44,552 - INFO - 클라이언트 0 요청: 질문 인덱스 5
2025-12-05 04:01:44,919 - INFO - 클라이언트 1 요청: 질문 인덱스 2525
2025-12-05 04:01:45,025 - INFO - 클라이언트 0 요청: 질문 인덱스 2675
2025-12-05 04:01:46,484 - INFO - 클라이언트 1 요청: 질문 인덱스 701
2025-12-05 04:01:46,925 - INFO - 클라이언트 0 요청: 질문 인덱스 3253
2025-12-05 04:01:47,988 - INFO - 클라이언트 1 요청: 질문 인덱스 1127
2025-12-05 04:01:49,084 - INFO - 클라이언트 1 요청: 질문 인덱스 2462
2025-12-05 04:01:49,444 - INFO - 클라이언트 0 요청: 질문 인덱스 1047
2025-12-05 04:01:49,846 - INFO - 클라이언트 0 요청: 질문 인덱스 265
2025-12-05 04:01:50,388 - INFO - 클라이언트 1 요청: 질문 인덱스 3121
2025-12-05 04:01:51,214 - INFO - 클라이언트 1 요청: 질문 인덱스 2147
2025-12-05 04:01:51,232 - INFO - 클라이언트 0 요청: 질문 인덱스 727
2025-12-05 04:01:52,177 - INFO - 클라이언트 1 요청: 질문 인덱스 928
2025-12-05 04:01:52,375 - INFO - 클라이언트 0 요청: 질문 인덱스 3087
2025-12-05 04:01:53,666 - INFO - 클라이언트 1 요청: 질문 인덱스 3174
2025-12-05 04:01:55,059 - INFO - 클라이언트 0 요청: 질문 인덱스 2601
2025-12-05 04:01:55,331 - INFO - 클라이언트 1 요청: 질문 인덱스 921
2025-12-05 04:01:55,841 - INFO - 클라이언트 1 요청: 질문 인덱스 1998
2025-12-05 04:01:56,988 - INFO - 클라이언트 0 요청: 질문 인덱스 987
2025-12-05 04:01:57,238 - INFO - 클라이언트 1 요청: 질문 인덱스 1866
2025-12-05 04:01:58,304 - INFO - 클라이언트 0 요청: 질문 인덱스 340
2025-12-05 04:01:58,812 - INFO - 클라이언트 1 요청: 질문 인덱스 1735
2025-12-05 04:02:00,135 - INFO - 클라이언트 1 요청: 질문 인덱스 744
2025-12-05 04:02:00,841 - INFO - 클라이언트 0 요청: 질문 인덱스 1610
2025-12-05 04:02:01,323 - INFO - 클라이언트 1 요청: 질문 인덱스 1535
2025-12-05 04:02:01,473 - INFO - 클라이언트 0 요청: 질문 인덱스 854
2025-12-05 04:02:01,786 - INFO - 클라이언트 0 요청: 질문 인덱스 2488
2025-12-05 04:02:03,094 - INFO - 클라이언트 1 요청: 질문 인덱스 385
2025-12-05 04:02:03,096 - INFO - 클라이언트 0 요청: 질문 인덱스 1895
2025-12-05 04:02:03,658 - INFO - 클라이언트 1 요청: 질문 인덱스 373
2025-12-05 04:02:03,787 - INFO - 클라이언트 1 요청: 질문 인덱스 182
2025-12-05 04:02:04,849 - INFO - 클라이언트 0 요청: 질문 인덱스 58
2025-12-05 04:02:04,960 - INFO - 클라이언트 1 요청: 질문 인덱스 695
2025-12-05 04:02:05,744 - INFO - 클라이언트 1 요청: 질문 인덱스 1175
2025-12-05 04:02:05,759 - INFO - 클라이언트 0 요청: 질문 인덱스 1972
2025-12-05 04:02:06,847 - INFO - 클라이언트 0 요청: 질문 인덱스 1261
2025-12-05 04:02:07,384 - INFO - 클라이언트 1 요청: 질문 인덱스 156
2025-12-05 04:02:08,989 - INFO - 클라이언트 1 요청: 질문 인덱스 1003
2025-12-05 04:02:09,387 - INFO - 클라이언트 0 요청: 질문 인덱스 2783
2025-12-05 04:02:10,078 - INFO - 클라이언트 0 요청: 질문 인덱스 257
2025-12-05 04:02:10,856 - INFO - 클라이언트 1 요청: 질문 인덱스 2090
2025-12-05 04:02:11,072 - INFO - 클라이언트 1 요청: 질문 인덱스 1329
2025-12-05 04:02:11,412 - INFO - 클라이언트 1 요청: 질문 인덱스 529
2025-12-05 04:02:11,867 - INFO - 클라이언트 0 요청: 질문 인덱스 1821
2025-12-05 04:02:13,058 - INFO - 클라이언트 1 요청: 질문 인덱스 694
2025-12-05 04:02:14,541 - INFO - 클라이언트 1 요청: 질문 인덱스 1369
2025-12-05 04:02:14,782 - INFO - 클라이언트 0 요청: 질문 인덱스 2964
2025-12-05 04:02:16,124 - INFO - 클라이언트 0 요청: 질문 인덱스 1616
2025-12-05 04:02:16,436 - INFO - 클라이언트 1 요청: 질문 인덱스 2492
2025-12-05 04:02:17,544 - INFO - 클라이언트 0 요청: 질문 인덱스 2116
2025-12-05 04:02:17,698 - INFO - 클라이언트 1 요청: 질문 인덱스 2278
2025-12-05 04:02:17,838 - INFO - 클라이언트 1 요청: 질문 인덱스 1760
2025-12-05 04:02:18,075 - INFO - 클라이언트 0 요청: 질문 인덱스 966
2025-12-05 04:02:18,598 - INFO - 클라이언트 1 요청: 질문 인덱스 1018
2025-12-05 04:02:18,704 - INFO - 클라이언트 1 요청: 질문 인덱스 1670
2025-12-05 04:02:20,386 - INFO - 클라이언트 1 요청: 질문 인덱스 236
2025-12-05 04:02:20,596 - INFO - 클라이언트 0 요청: 질문 인덱스 149
2025-12-05 04:02:21,109 - INFO - 클라이언트 1 요청: 질문 인덱스 2212
2025-12-05 04:02:21,187 - INFO - 클라이언트 0 요청: 질문 인덱스 798
2025-12-05 04:02:22,500 - INFO - 클라이언트 0 요청: 질문 인덱스 1003
2025-12-05 04:02:22,598 - INFO - 클라이언트 1 요청: 질문 인덱스 616
2025-12-05 04:02:23,121 - INFO - 클라이언트 0 요청: 질문 인덱스 811
2025-12-05 04:02:23,215 - INFO - 클라이언트 0 요청: 질문 인덱스 2419
2025-12-05 04:02:23,480 - INFO - 클라이언트 1 요청: 질문 인덱스 2712
2025-12-05 04:02:24,831 - INFO - 클라이언트 1 요청: 질문 인덱스 3223
2025-12-05 04:02:24,995 - INFO - 클라이언트 0 요청: 질문 인덱스 2273
2025-12-05 04:02:26,656 - INFO - 클라이언트 0 요청: 질문 인덱스 2738
2025-12-05 04:02:27,191 - INFO - 클라이언트 1 요청: 질문 인덱스 664
2025-12-05 04:02:28,461 - INFO - 클라이언트 0 요청: 질문 인덱스 2895
2025-12-05 04:02:28,737 - INFO - 클라이언트 1 요청: 질문 인덱스 99
2025-12-05 04:02:29,383 - INFO - 클라이언트 1 요청: 질문 인덱스 696
2025-12-05 04:02:29,802 - INFO - 클라이언트 0 요청: 질문 인덱스 822
2025-12-05 04:02:30,645 - INFO - 클라이언트 0 요청: 질문 인덱스 583
2025-12-05 04:02:30,756 - INFO - 클라이언트 1 요청: 질문 인덱스 3069
2025-12-05 04:02:30,895 - INFO - 클라이언트 1 요청: 질문 인덱스 422
2025-12-05 04:02:31,489 - INFO - 클라이언트 1 요청: 질문 인덱스 717
2025-12-05 04:02:32,821 - INFO - 클라이언트 1 요청: 질문 인덱스 559
2025-12-05 04:02:32,997 - INFO - 클라이언트 1 요청: 질문 인덱스 227
2025-12-05 04:02:33,474 - INFO - 클라이언트 0 요청: 질문 인덱스 2015
2025-12-05 04:02:34,505 - INFO - 클라이언트 1 요청: 질문 인덱스 793
2025-12-05 04:02:35,137 - INFO - 클라이언트 0 요청: 질문 인덱스 2759
2025-12-05 04:02:35,332 - INFO - 클라이언트 1 요청: 질문 인덱스 764
2025-12-05 04:02:35,467 - INFO - 클라이언트 1 요청: 질문 인덱스 768
2025-12-05 04:02:36,178 - INFO - 클라이언트 0 요청: 질문 인덱스 430
2025-12-05 04:02:36,708 - INFO - 클라이언트 1 요청: 질문 인덱스 823
2025-12-05 04:02:37,025 - INFO - 클라이언트 1 요청: 질문 인덱스 1610
2025-12-05 04:02:37,822 - INFO - 클라이언트 1 요청: 질문 인덱스 2421
2025-12-05 04:02:37,828 - INFO - 클라이언트 0 요청: 질문 인덱스 1378
2025-12-05 04:02:39,184 - INFO - 클라이언트 1 요청: 질문 인덱스 2804
2025-12-05 04:02:39,897 - INFO - 클라이언트 1 요청: 질문 인덱스 1600
2025-12-05 04:02:40,326 - INFO - 클라이언트 0 요청: 질문 인덱스 1430
2025-12-05 04:02:40,729 - INFO - 클라이언트 1 요청: 질문 인덱스 2426
2025-12-05 04:02:41,633 - INFO - 클라이언트 1 요청: 질문 인덱스 1911
2025-12-05 04:02:42,147 - INFO - 클라이언트 0 요청: 질문 인덱스 125
2025-12-05 04:02:42,958 - INFO - 클라이언트 0 요청: 질문 인덱스 907
2025-12-05 04:02:42,997 - INFO - 클라이언트 1 요청: 질문 인덱스 93
2025-12-05 04:02:43,965 - INFO - 클라이언트 0 요청: 질문 인덱스 2401
2025-12-05 04:02:45,050 - INFO - 클라이언트 1 요청: 질문 인덱스 915
2025-12-05 04:02:45,113 - INFO - 클라이언트 0 요청: 질문 인덱스 2887
2025-12-05 04:02:46,260 - INFO - 클라이언트 1 요청: 질문 인덱스 2613
2025-12-05 04:02:46,856 - INFO - 클라이언트 0 요청: 질문 인덱스 1506
2025-12-05 04:02:47,230 - INFO - 클라이언트 0 요청: 질문 인덱스 3128
2025-12-05 04:02:47,616 - INFO - 클라이언트 0 요청: 질문 인덱스 2681
2025-12-05 04:02:47,889 - INFO - 클라이언트 1 요청: 질문 인덱스 2113
2025-12-05 04:02:48,831 - INFO - 클라이언트 0 요청: 질문 인덱스 2386
2025-12-05 04:02:49,402 - INFO - 클라이언트 0 요청: 질문 인덱스 772
2025-12-05 04:02:49,722 - INFO - 클라이언트 1 요청: 질문 인덱스 370
2025-12-05 04:02:49,902 - INFO - 클라이언트 1 요청: 질문 인덱스 1727
2025-12-05 04:02:50,809 - INFO - 클라이언트 0 요청: 질문 인덱스 1886
2025-12-05 04:02:51,364 - INFO - 클라이언트 1 요청: 질문 인덱스 2971
2025-12-05 04:02:52,099 - INFO - 클라이언트 1 요청: 질문 인덱스 80
2025-12-05 04:02:53,039 - INFO - 클라이언트 1 요청: 질문 인덱스 2471
2025-12-05 04:02:53,335 - INFO - 클라이언트 1 요청: 질문 인덱스 2538
2025-12-05 04:02:53,504 - INFO - 클라이언트 0 요청: 질문 인덱스 2412
2025-12-05 04:02:53,786 - INFO - 클라이언트 1 요청: 질문 인덱스 1023
2025-12-05 04:02:54,587 - INFO - 클라이언트 0 요청: 질문 인덱스 2158
2025-12-05 04:02:54,916 - INFO - 클라이언트 1 요청: 질문 인덱스 2652
2025-12-05 04:02:56,418 - INFO - 클라이언트 0 요청: 질문 인덱스 3068
2025-12-05 04:02:56,536 - INFO - 클라이언트 1 요청: 질문 인덱스 1785
2025-12-05 04:02:57,039 - INFO - 클라이언트 1 요청: 질문 인덱스 541
2025-12-05 04:02:57,048 - INFO - 클라이언트 0 요청: 질문 인덱스 1118
2025-12-05 04:02:57,373 - INFO - 클라이언트 1 요청: 질문 인덱스 1931
2025-12-05 04:02:57,534 - INFO - 클라이언트 0 요청: 질문 인덱스 1353
2025-12-05 04:02:57,835 - INFO - 클라이언트 1 요청: 질문 인덱스 401
2025-12-05 04:02:58,403 - INFO - 클라이언트 1 요청: 질문 인덱스 2501
2025-12-05 04:02:59,570 - INFO - 클라이언트 0 요청: 질문 인덱스 2070
2025-12-05 04:02:59,821 - INFO - 클라이언트 1 요청: 질문 인덱스 2916
2025-12-05 04:03:00,884 - INFO - 클라이언트 1 요청: 질문 인덱스 272
2025-12-05 04:03:01,258 - INFO - 클라이언트 0 요청: 질문 인덱스 684
2025-12-05 04:03:01,606 - INFO - 클라이언트 1 요청: 질문 인덱스 852
2025-12-05 04:03:01,920 - INFO - 클라이언트 1 요청: 질문 인덱스 694
2025-12-05 04:03:02,997 - INFO - 클라이언트 0 요청: 질문 인덱스 2263
2025-12-05 04:03:03,718 - INFO - 클라이언트 1 요청: 질문 인덱스 73
2025-12-05 04:03:04,828 - INFO - 클라이언트 0 요청: 질문 인덱스 1530
2025-12-05 04:03:04,991 - INFO - 클라이언트 1 요청: 질문 인덱스 1795
2025-12-05 04:03:05,587 - INFO - 클라이언트 1 요청: 질문 인덱스 1826
2025-12-05 04:03:06,254 - INFO - 클라이언트 1 요청: 질문 인덱스 1725
2025-12-05 04:03:06,485 - INFO - 클라이언트 0 요청: 질문 인덱스 1852
2025-12-05 04:03:06,657 - INFO - 클라이언트 1 요청: 질문 인덱스 381
2025-12-05 04:03:07,792 - INFO - 클라이언트 1 요청: 질문 인덱스 729
2025-12-05 04:03:07,908 - INFO - 클라이언트 0 요청: 질문 인덱스 960
2025-12-05 04:03:09,530 - INFO - 클라이언트 1 요청: 질문 인덱스 2056
2025-12-05 04:03:09,791 - INFO - 클라이언트 1 요청: 질문 인덱스 1711
2025-12-05 04:03:10,223 - INFO - 클라이언트 0 요청: 질문 인덱스 2589
2025-12-05 04:03:10,719 - INFO - 클라이언트 0 요청: 질문 인덱스 1632
2025-12-05 04:03:10,979 - INFO - 클라이언트 1 요청: 질문 인덱스 1051
2025-12-05 04:03:12,309 - INFO - 클라이언트 0 요청: 질문 인덱스 1685
2025-12-05 04:03:12,376 - INFO - 클라이언트 1 요청: 질문 인덱스 8
2025-12-05 04:03:12,676 - INFO - 클라이언트 1 요청: 질문 인덱스 2832
2025-12-05 04:03:12,771 - INFO - 클라이언트 1 요청: 질문 인덱스 556
2025-12-05 04:03:13,691 - INFO - 클라이언트 0 요청: 질문 인덱스 635
2025-12-05 04:03:14,621 - INFO - 클라이언트 1 요청: 질문 인덱스 2574
2025-12-05 04:03:15,107 - INFO - 클라이언트 1 요청: 질문 인덱스 3245
2025-12-05 04:03:15,376 - INFO - 클라이언트 0 요청: 질문 인덱스 2964
2025-12-05 04:03:15,720 - INFO - 클라이언트 0 요청: 질문 인덱스 288
2025-12-05 04:03:15,784 - INFO - 클라이언트 0 요청: 질문 인덱스 2355
2025-12-05 04:03:16,193 - INFO - 클라이언트 1 요청: 질문 인덱스 2233
2025-12-05 04:03:17,357 - INFO - 클라이언트 0 요청: 질문 인덱스 2402
2025-12-05 04:03:17,977 - INFO - 클라이언트 1 요청: 질문 인덱스 2643
2025-12-05 04:03:18,784 - INFO - 클라이언트 0 요청: 질문 인덱스 161
2025-12-05 04:03:19,007 - INFO - 클라이언트 0 요청: 질문 인덱스 129
2025-12-05 04:03:19,750 - INFO - 클라이언트 1 요청: 질문 인덱스 2868
2025-12-05 04:03:20,137 - INFO - 클라이언트 1 요청: 질문 인덱스 408
2025-12-05 04:03:20,741 - INFO - 클라이언트 0 요청: 질문 인덱스 125
2025-12-05 04:03:21,588 - INFO - 클라이언트 0 요청: 질문 인덱스 743
2025-12-05 04:03:21,889 - INFO - 클라이언트 1 요청: 질문 인덱스 989
2025-12-05 04:03:22,174 - INFO - 클라이언트 0 요청: 질문 인덱스 3113
2025-12-05 04:03:23,105 - INFO - 클라이언트 1 요청: 질문 인덱스 3057
2025-12-05 04:03:23,524 - INFO - 클라이언트 0 요청: 질문 인덱스 1134
2025-12-05 04:03:24,490 - INFO - 클라이언트 1 요청: 질문 인덱스 3001
2025-12-05 04:03:24,972 - INFO - 클라이언트 1 요청: 질문 인덱스 1058
2025-12-05 04:03:25,512 - INFO - 클라이언트 0 요청: 질문 인덱스 1793
2025-12-05 04:03:26,463 - INFO - 클라이언트 1 요청: 질문 인덱스 1032
2025-12-05 04:03:26,488 - INFO - 클라이언트 0 요청: 질문 인덱스 2012
2025-12-05 04:03:26,923 - INFO - 클라이언트 0 요청: 질문 인덱스 926
2025-12-05 04:03:27,162 - INFO - 클라이언트 1 요청: 질문 인덱스 2226
2025-12-05 04:03:28,353 - INFO - 클라이언트 1 요청: 질문 인덱스 1686
2025-12-05 04:03:28,963 - INFO - 클라이언트 0 요청: 질문 인덱스 1918
2025-12-05 04:03:29,087 - INFO - 클라이언트 1 요청: 질문 인덱스 1252
2025-12-05 04:03:29,564 - INFO - 클라이언트 1 요청: 질문 인덱스 2319
2025-12-05 04:03:29,723 - INFO - 클라이언트 0 요청: 질문 인덱스 2442
2025-12-05 04:03:31,335 - INFO - 클라이언트 1 요청: 질문 인덱스 1821
2025-12-05 04:03:31,473 - INFO - 클라이언트 1 요청: 질문 인덱스 2472
2025-12-05 04:03:31,644 - INFO - 클라이언트 1 요청: 질문 인덱스 1320
2025-12-05 04:03:32,057 - INFO - 클라이언트 1 요청: 질문 인덱스 471
2025-12-05 04:03:32,305 - INFO - 클라이언트 0 요청: 질문 인덱스 2012
2025-12-05 04:03:33,382 - INFO - 클라이언트 1 요청: 질문 인덱스 689
2025-12-05 04:03:33,487 - INFO - 클라이언트 0 요청: 질문 인덱스 2580
2025-12-05 04:03:34,529 - INFO - 클라이언트 0 요청: 질문 인덱스 1691
2025-12-05 04:03:34,689 - INFO - 클라이언트 0 요청: 질문 인덱스 1489
2025-12-05 04:03:34,722 - INFO - 클라이언트 1 요청: 질문 인덱스 2376
2025-12-05 04:03:35,677 - INFO - 클라이언트 0 요청: 질문 인덱스 437
2025-12-05 04:03:36,088 - INFO - 클라이언트 1 요청: 질문 인덱스 3092
2025-12-05 04:03:37,550 - INFO - 클라이언트 0 요청: 질문 인덱스 2031
2025-12-05 04:03:37,778 - INFO - 클라이언트 1 요청: 질문 인덱스 2012
2025-12-05 04:03:38,115 - INFO - 클라이언트 0 요청: 질문 인덱스 2979
2025-12-05 04:03:38,121 - INFO - 클라이언트 1 요청: 질문 인덱스 3263
2025-12-05 04:03:38,215 - INFO - 클라이언트 0 요청: 질문 인덱스 496
2025-12-05 04:03:38,365 - INFO - 클라이언트 1 요청: 질문 인덱스 248
2025-12-05 04:03:38,841 - INFO - 클라이언트 1 요청: 질문 인덱스 1871
2025-12-05 04:03:39,579 - INFO - 클라이언트 1 요청: 질문 인덱스 547
2025-12-05 04:03:40,116 - INFO - 클라이언트 0 요청: 질문 인덱스 906
2025-12-05 04:03:40,982 - INFO - 클라이언트 0 요청: 질문 인덱스 3105
2025-12-05 04:03:41,293 - INFO - 클라이언트 1 요청: 질문 인덱스 1699
2025-12-05 04:03:41,803 - INFO - 클라이언트 1 요청: 질문 인덱스 2392
2025-12-05 04:03:42,243 - INFO - 클라이언트 0 요청: 질문 인덱스 1243
2025-12-05 04:03:42,837 - INFO - 클라이언트 0 요청: 질문 인덱스 1531
2025-12-05 04:03:43,085 - INFO - 클라이언트 1 요청: 질문 인덱스 624
2025-12-05 04:03:44,290 - INFO - 클라이언트 1 요청: 질문 인덱스 3173
2025-12-05 04:03:44,485 - INFO - 클라이언트 0 요청: 질문 인덱스 1553
2025-12-05 04:03:44,812 - INFO - 클라이언트 0 요청: 질문 인덱스 22
2025-12-05 04:03:46,078 - INFO - 클라이언트 1 요청: 질문 인덱스 618
2025-12-05 04:03:46,100 - INFO - 클라이언트 0 요청: 질문 인덱스 3159
2025-12-05 04:03:46,481 - INFO - 클라이언트 1 요청: 질문 인덱스 1237
2025-12-05 04:03:46,704 - INFO - 클라이언트 1 요청: 질문 인덱스 2374
2025-12-05 04:03:47,035 - INFO - 클라이언트 1 요청: 질문 인덱스 2856
2025-12-05 04:03:47,052 - INFO - 클라이언트 0 요청: 질문 인덱스 2179
2025-12-05 04:03:48,199 - INFO - 클라이언트 0 요청: 질문 인덱스 903
2025-12-05 04:03:48,697 - INFO - 클라이언트 1 요청: 질문 인덱스 296
2025-12-05 04:03:49,668 - INFO - 클라이언트 0 요청: 질문 인덱스 934
2025-12-05 04:03:50,131 - INFO - 클라이언트 1 요청: 질문 인덱스 2836
2025-12-05 04:03:51,066 - INFO - 클라이언트 0 요청: 질문 인덱스 706
2025-12-05 04:03:51,304 - INFO - 클라이언트 1 요청: 질문 인덱스 480
2025-12-05 04:03:51,411 - INFO - 클라이언트 0 요청: 질문 인덱스 1106
2025-12-05 04:03:52,236 - INFO - 클라이언트 0 요청: 질문 인덱스 1336
2025-12-05 04:03:52,669 - INFO - 클라이언트 1 요청: 질문 인덱스 56
2025-12-05 04:03:53,242 - INFO - 클라이언트 0 요청: 질문 인덱스 1022
2025-12-05 04:03:53,385 - INFO - 클라이언트 1 요청: 질문 인덱스 2858
2025-12-05 04:03:53,712 - INFO - 클라이언트 0 요청: 질문 인덱스 2400
2025-12-05 04:03:53,858 - INFO - 클라이언트 0 요청: 질문 인덱스 2294
2025-12-05 04:03:54,034 - INFO - 클라이언트 1 요청: 질문 인덱스 1911
2025-12-05 04:03:55,154 - INFO - 클라이언트 0 요청: 질문 인덱스 3009
2025-12-05 04:03:55,648 - INFO - 클라이언트 1 요청: 질문 인덱스 1546
2025-12-05 04:03:56,081 - INFO - 클라이언트 1 요청: 질문 인덱스 724
2025-12-05 04:03:57,019 - INFO - 클라이언트 0 요청: 질문 인덱스 2771
2025-12-05 04:03:57,381 - INFO - 클라이언트 0 요청: 질문 인덱스 2831
2025-12-05 04:03:57,463 - INFO - 클라이언트 1 요청: 질문 인덱스 3028
2025-12-05 04:03:59,106 - INFO - 클라이언트 0 요청: 질문 인덱스 2603
2025-12-05 04:03:59,315 - INFO - 클라이언트 0 요청: 질문 인덱스 1956
2025-12-05 04:03:59,338 - INFO - 클라이언트 1 요청: 질문 인덱스 341
2025-12-05 04:03:59,866 - INFO - 클라이언트 1 요청: 질문 인덱스 795
2025-12-05 04:04:00,352 - INFO - 클라이언트 0 요청: 질문 인덱스 386
2025-12-05 04:04:00,878 - INFO - 클라이언트 0 요청: 질문 인덱스 441
2025-12-05 04:04:01,686 - INFO - 클라이언트 1 요청: 질문 인덱스 158
2025-12-05 04:04:02,454 - INFO - 클라이언트 0 요청: 질문 인덱스 2066
2025-12-05 04:04:02,883 - INFO - 클라이언트 0 요청: 질문 인덱스 1506
2025-12-05 04:04:03,238 - INFO - 클라이언트 1 요청: 질문 인덱스 1647
2025-12-05 04:04:03,862 - INFO - 클라이언트 0 요청: 질문 인덱스 989
2025-12-05 04:04:04,033 - INFO - 클라이언트 1 요청: 질문 인덱스 1360
2025-12-05 04:04:04,148 - INFO - 클라이언트 0 요청: 질문 인덱스 819
2025-12-05 04:04:05,483 - INFO - 클라이언트 1 요청: 질문 인덱스 3199
2025-12-05 04:04:05,639 - INFO - 클라이언트 0 요청: 질문 인덱스 944
2025-12-05 04:04:06,552 - INFO - 클라이언트 1 요청: 질문 인덱스 582
2025-12-05 04:04:06,643 - INFO - 클라이언트 1 요청: 질문 인덱스 3003
2025-12-05 04:04:07,755 - INFO - 클라이언트 0 요청: 질문 인덱스 1175
2025-12-05 04:04:07,949 - INFO - 클라이언트 1 요청: 질문 인덱스 80
2025-12-05 04:04:09,566 - INFO - 클라이언트 1 요청: 질문 인덱스 2627
2025-12-05 04:04:10,137 - INFO - 클라이언트 0 요청: 질문 인덱스 1005
2025-12-05 04:04:10,984 - INFO - 클라이언트 0 요청: 질문 인덱스 2581
2025-12-05 04:04:11,284 - INFO - 클라이언트 1 요청: 질문 인덱스 1379
2025-12-05 04:04:11,405 - INFO - 클라이언트 1 요청: 질문 인덱스 1851
2025-12-05 04:04:11,751 - INFO - 클라이언트 1 요청: 질문 인덱스 2893
2025-12-05 04:04:12,216 - INFO - 클라이언트 0 요청: 질문 인덱스 1016
2025-12-05 04:04:12,406 - INFO - 클라이언트 0 요청: 질문 인덱스 555
2025-12-05 04:04:12,855 - INFO - 클라이언트 1 요청: 질문 인덱스 661
2025-12-05 04:04:13,889 - INFO - 클라이언트 0 요청: 질문 인덱스 1567
2025-12-05 04:04:14,269 - INFO - 클라이언트 1 요청: 질문 인덱스 133
2025-12-05 04:04:14,966 - INFO - 클라이언트 0 요청: 질문 인덱스 3145
2025-12-05 04:04:15,148 - INFO - 클라이언트 0 요청: 질문 인덱스 2706
2025-12-05 04:04:15,847 - INFO - 클라이언트 1 요청: 질문 인덱스 791
2025-12-05 04:04:15,982 - INFO - 클라이언트 1 요청: 질문 인덱스 1108
2025-12-05 04:04:16,378 - INFO - 클라이언트 0 요청: 질문 인덱스 1277
2025-12-05 04:04:17,203 - INFO - 클라이언트 1 요청: 질문 인덱스 1064
2025-12-05 04:04:17,510 - INFO - 클라이언트 1 요청: 질문 인덱스 2058
2025-12-05 04:04:18,220 - INFO - 클라이언트 0 요청: 질문 인덱스 1602
2025-12-05 04:04:18,341 - INFO - 클라이언트 1 요청: 질문 인덱스 813
2025-12-05 04:04:18,599 - INFO - 클라이언트 1 요청: 질문 인덱스 2251
2025-12-05 04:04:19,749 - INFO - 클라이언트 1 요청: 질문 인덱스 2965
2025-12-05 04:04:19,795 - INFO - 클라이언트 0 요청: 질문 인덱스 831
2025-12-05 04:04:20,794 - INFO - 클라이언트 1 요청: 질문 인덱스 1667
2025-12-05 04:04:21,160 - INFO - 클라이언트 0 요청: 질문 인덱스 1585
2025-12-05 04:04:22,530 - INFO - 클라이언트 1 요청: 질문 인덱스 1074
2025-12-05 04:04:22,812 - INFO - 클라이언트 0 요청: 질문 인덱스 250
2025-12-05 04:04:23,052 - INFO - 클라이언트 1 요청: 질문 인덱스 932
2025-12-05 04:04:23,196 - INFO - 클라이언트 0 요청: 질문 인덱스 2273
2025-12-05 04:04:23,221 - INFO - 클라이언트 1 요청: 질문 인덱스 563
2025-12-05 04:04:24,678 - INFO - 클라이언트 1 요청: 질문 인덱스 1236
2025-12-05 04:04:24,882 - INFO - 클라이언트 0 요청: 질문 인덱스 986
2025-12-05 04:04:25,737 - INFO - 클라이언트 1 요청: 질문 인덱스 1173
2025-12-05 04:04:26,031 - INFO - 클라이언트 1 요청: 질문 인덱스 2509
2025-12-05 04:04:26,254 - INFO - 클라이언트 1 요청: 질문 인덱스 98
2025-12-05 04:04:26,605 - INFO - 클라이언트 0 요청: 질문 인덱스 1170
2025-12-05 04:04:26,992 - INFO - 클라이언트 0 요청: 질문 인덱스 1221
2025-12-05 04:04:27,239 - INFO - 클라이언트 0 요청: 질문 인덱스 1304
2025-12-05 04:04:27,261 - INFO - 클라이언트 1 요청: 질문 인덱스 2259
2025-12-05 04:04:28,800 - INFO - 클라이언트 0 요청: 질문 인덱스 643
2025-12-05 04:04:28,942 - INFO - 클라이언트 1 요청: 질문 인덱스 1894
2025-12-05 04:04:29,460 - INFO - 클라이언트 1 요청: 질문 인덱스 2731
2025-12-05 04:04:29,942 - INFO - 클라이언트 0 요청: 질문 인덱스 3020
2025-12-05 04:04:30,765 - INFO - 클라이언트 1 요청: 질문 인덱스 2991
2025-12-05 04:04:31,504 - INFO - 클라이언트 1 요청: 질문 인덱스 2590
2025-12-05 04:04:32,348 - INFO - 클라이언트 0 요청: 질문 인덱스 1614
2025-12-05 04:04:33,043 - INFO - 클라이언트 1 요청: 질문 인덱스 2618
2025-12-05 04:04:33,180 - INFO - 클라이언트 0 요청: 질문 인덱스 59
2025-12-05 04:04:33,912 - INFO - 클라이언트 0 요청: 질문 인덱스 1246
2025-12-05 04:04:34,782 - INFO - 클라이언트 1 요청: 질문 인덱스 2767
2025-12-05 04:04:35,688 - INFO - 클라이언트 0 요청: 질문 인덱스 608
2025-12-05 04:04:35,803 - INFO - 클라이언트 1 요청: 질문 인덱스 2829
2025-12-05 04:04:36,969 - INFO - 클라이언트 0 요청: 질문 인덱스 2388
2025-12-05 04:04:37,007 - INFO - 클라이언트 1 요청: 질문 인덱스 1875
2025-12-05 04:04:37,453 - INFO - 클라이언트 0 요청: 질문 인덱스 2014
2025-12-05 04:04:37,609 - INFO - 클라이언트 1 요청: 질문 인덱스 1185
2025-12-05 04:04:37,991 - INFO - 클라이언트 1 요청: 질문 인덱스 3099
2025-12-05 04:04:38,254 - INFO - 클라이언트 0 요청: 질문 인덱스 1176
2025-12-05 04:04:39,815 - INFO - 클라이언트 1 요청: 질문 인덱스 130
2025-12-05 04:04:40,174 - INFO - 클라이언트 0 요청: 질문 인덱스 1013
2025-12-05 04:04:41,043 - INFO - 클라이언트 0 요청: 질문 인덱스 2119
2025-12-05 04:04:41,272 - INFO - 클라이언트 1 요청: 질문 인덱스 988
2025-12-05 04:04:41,540 - INFO - 클라이언트 1 요청: 질문 인덱스 2424
2025-12-05 04:04:42,034 - INFO - 클라이언트 0 요청: 질문 인덱스 2004
2025-12-05 04:04:42,991 - INFO - 클라이언트 1 요청: 질문 인덱스 1852
2025-12-05 04:04:43,726 - INFO - 클라이언트 0 요청: 질문 인덱스 2110
2025-12-05 04:04:44,503 - INFO - 클라이언트 1 요청: 질문 인덱스 2108
2025-12-05 04:04:45,034 - INFO - 클라이언트 1 요청: 질문 인덱스 186
2025-12-05 04:04:45,647 - INFO - 클라이언트 0 요청: 질문 인덱스 2097
2025-12-05 04:04:46,773 - INFO - 클라이언트 1 요청: 질문 인덱스 115
2025-12-05 04:04:48,279 - INFO - 클라이언트 0 요청: 질문 인덱스 1966
2025-12-05 04:04:48,331 - INFO - 클라이언트 1 요청: 질문 인덱스 815
2025-12-05 04:04:49,453 - INFO - 클라이언트 1 요청: 질문 인덱스 1846
2025-12-05 04:04:49,600 - INFO - 클라이언트 1 요청: 질문 인덱스 2426
2025-12-05 04:04:49,982 - INFO - 클라이언트 0 요청: 질문 인덱스 831
2025-12-05 04:04:50,603 - INFO - 클라이언트 0 요청: 질문 인덱스 96
2025-12-05 04:04:51,306 - INFO - 클라이언트 1 요청: 질문 인덱스 3080
2025-12-05 04:04:51,696 - INFO - 클라이언트 0 요청: 질문 인덱스 1826
2025-12-05 04:04:52,258 - INFO - 클라이언트 1 요청: 질문 인덱스 140
2025-12-05 04:04:52,659 - INFO - 클라이언트 1 요청: 질문 인덱스 694
2025-12-05 04:04:53,338 - INFO - 클라이언트 1 요청: 질문 인덱스 1711
2025-12-05 04:04:53,470 - INFO - 클라이언트 0 요청: 질문 인덱스 3049
2025-12-05 04:04:54,170 - INFO - 클라이언트 1 요청: 질문 인덱스 2024
2025-12-05 04:04:55,563 - INFO - 클라이언트 0 요청: 질문 인덱스 2560
2025-12-05 04:04:55,987 - INFO - 클라이언트 1 요청: 질문 인덱스 2291
2025-12-05 04:04:56,339 - INFO - 클라이언트 0 요청: 질문 인덱스 948
2025-12-05 04:04:57,137 - INFO - 클라이언트 1 요청: 질문 인덱스 2863
2025-12-05 04:04:57,999 - INFO - 클라이언트 0 요청: 질문 인덱스 2741
2025-12-05 04:04:58,214 - INFO - 클라이언트 1 요청: 질문 인덱스 54
2025-12-05 04:04:59,368 - INFO - 클라이언트 1 요청: 질문 인덱스 36
2025-12-05 04:04:59,733 - INFO - 클라이언트 0 요청: 질문 인덱스 2058
2025-12-05 04:05:00,046 - INFO - 클라이언트 0 요청: 질문 인덱스 1458
2025-12-05 04:05:01,095 - INFO - 클라이언트 1 요청: 질문 인덱스 544
2025-12-05 04:05:01,657 - INFO - 클라이언트 0 요청: 질문 인덱스 1922
2025-12-05 04:05:02,505 - INFO - 클라이언트 1 요청: 질문 인덱스 2117
2025-12-05 04:05:02,580 - INFO - 클라이언트 1 요청: 질문 인덱스 316
2025-12-05 04:05:03,097 - INFO - 클라이언트 0 요청: 질문 인덱스 1309
2025-12-05 04:05:03,195 - INFO - 클라이언트 0 요청: 질문 인덱스 1304
2025-12-05 04:05:04,264 - INFO - 클라이언트 1 요청: 질문 인덱스 2918
2025-12-05 04:05:05,075 - INFO - 클라이언트 0 요청: 질문 인덱스 2719
2025-12-05 04:05:05,467 - INFO - 클라이언트 1 요청: 질문 인덱스 1189
2025-12-05 04:05:05,556 - INFO - 클라이언트 0 요청: 질문 인덱스 1667
2025-12-05 04:05:06,482 - INFO - 클라이언트 1 요청: 질문 인덱스 68
2025-12-05 04:05:07,184 - INFO - 클라이언트 0 요청: 질문 인덱스 261
2025-12-05 04:05:08,219 - INFO - 클라이언트 1 요청: 질문 인덱스 1330
2025-12-05 04:05:08,768 - INFO - 클라이언트 0 요청: 질문 인덱스 1674
2025-12-05 04:05:09,063 - INFO - 클라이언트 0 요청: 질문 인덱스 831
2025-12-05 04:05:09,138 - INFO - 클라이언트 1 요청: 질문 인덱스 962
2025-12-05 04:05:09,976 - INFO - 클라이언트 1 요청: 질문 인덱스 1823
2025-12-05 04:05:10,948 - INFO - 클라이언트 0 요청: 질문 인덱스 2526
2025-12-05 04:05:11,369 - INFO - 클라이언트 0 요청: 질문 인덱스 2892
2025-12-05 04:05:11,583 - INFO - 클라이언트 0 요청: 질문 인덱스 1552
2025-12-05 04:05:11,825 - INFO - 클라이언트 1 요청: 질문 인덱스 2240
2025-12-05 04:05:12,875 - INFO - 클라이언트 0 요청: 질문 인덱스 861
2025-12-05 04:05:13,710 - INFO - 클라이언트 1 요청: 질문 인덱스 2620
2025-12-05 04:05:13,880 - INFO - 클라이언트 0 요청: 질문 인덱스 1386
2025-12-05 04:05:14,538 - INFO - 클라이언트 1 요청: 질문 인덱스 1168
2025-12-05 04:05:15,546 - INFO - 클라이언트 0 요청: 질문 인덱스 2008
2025-12-05 04:05:16,017 - INFO - 클라이언트 1 요청: 질문 인덱스 1766
2025-12-05 04:05:16,181 - INFO - 클라이언트 0 요청: 질문 인덱스 1991
2025-12-05 04:05:16,221 - INFO - 클라이언트 1 요청: 질문 인덱스 2042
2025-12-05 04:05:16,852 - INFO - 클라이언트 1 요청: 질문 인덱스 2853
2025-12-05 04:05:17,974 - INFO - 클라이언트 0 요청: 질문 인덱스 1901
2025-12-05 04:05:18,128 - INFO - 클라이언트 1 요청: 질문 인덱스 1402
2025-12-05 04:05:18,208 - INFO - 클라이언트 0 요청: 질문 인덱스 726
2025-12-05 04:05:18,499 - INFO - 클라이언트 1 요청: 질문 인덱스 1606
2025-12-05 04:05:19,580 - INFO - 클라이언트 1 요청: 질문 인덱스 2923
2025-12-05 04:05:19,884 - INFO - 클라이언트 0 요청: 질문 인덱스 1109
2025-12-05 04:05:19,890 - INFO - 클라이언트 1 요청: 질문 인덱스 1175
2025-12-05 04:05:20,319 - INFO - 클라이언트 1 요청: 질문 인덱스 344
2025-12-05 04:05:20,482 - INFO - 클라이언트 0 요청: 질문 인덱스 2521
2025-12-05 04:05:21,439 - INFO - 클라이언트 0 요청: 질문 인덱스 1650
2025-12-05 04:05:21,519 - INFO - 클라이언트 1 요청: 질문 인덱스 1526
2025-12-05 04:05:23,147 - INFO - 클라이언트 0 요청: 질문 인덱스 1103
2025-12-05 04:05:23,224 - INFO - 클라이언트 1 요청: 질문 인덱스 2018
2025-12-05 04:05:23,724 - INFO - 클라이언트 0 요청: 질문 인덱스 851
통계에 반영된 요청 인덱스 범위: 0 ~ 561 (총 561개 요청)
statistics_start_time이 설정되지 않았습니다.
statistics_end_time이 설정되지 않았습니다.
통계 반영된 요청 수: 561, 통계 반영된 시간: 330.79 초

==================================================
 실험 최종 결과 요약
==================================================
 설정 실험 시간: 330 초
 Clients 수: 2
 통계 반영 시간: 330.79 초
 총 시도된 요청: 561 개
 총 완료된 요청: 561 개
 총 실패한 요청: 0 개
 완료 요청 중 retrieval이 실패한 요청: 0 개
 요청 성공률: 100.00%
 전체 Requests Per Second (RPS): 1.70
--------------------------------------------------
 Time to First Token (TTFT) Latency:
  - 평균 (Mean): 0.2537 초
  - 중간값 (50%ile): 0.0961 초
  - 최소값 (Min): 0.0263 초
  - 최대값 (Max): 2.3394 초
  - 95%ile Tail: 1.2769 초
  - 99%ile Tail: 1.7823 초
--------------------------------------------------
 Time Per Output Token (TPOT):
  - 평균 (Mean): 16.73 ms/token
--------------------------------------------------
 Embedding Latency:
  - 총 샘플 수: 561
  - 평균 (Mean): 7.13 ms
  - 중간값 (50%ile): 7.00 ms
  - 95%ile Tail: 10.00 ms
  - 99%ile Tail: 11.00 ms
--------------------------------------------------
 VectorDB Search Latency:
  - 총 샘플 수: 561
  - 평균 (Mean): 176.19 ms
  - 중간값 (50%ile): 10.00 ms
  - 95%ile Tail: 1212.00 ms
  - 99%ile Tail: 1669.80 ms
--------------------------------------------------
 Document Search Latency:
  - 총 샘플 수: 561
  - 평균 (Mean): 7.53 ms
  - 중간값 (50%ile): 8.00 ms
  - 95%ile Tail: 8.00 ms
  - 99%ile Tail: 9.40 ms
--------------------------------------------------
 Total Retrieval Latency:
  - 총 샘플 수: 561
  - 평균 (Mean): 190.87 ms
  - 중간값 (50%ile): 24.00 ms
  - 95%ile Tail: 1227.00 ms
  - 99%ile Tail: 1686.60 ms
==================================================
