2025-11-20 20:05:55,062 - INFO - ReqGen 시작: 서버=163.152.48.109:9000, 클라이언트=8100, 시간=330초
2025-11-20 20:05:55,062 - INFO - Hugging Face에서 'kroshan/BioASQ' 데이터셋을 로드합니다...
2025-11-20 20:06:01,005 - INFO - 3266개의 질문을 로드했습니다.
2025-11-20 20:06:01,006 - INFO - 부하 테스트 시작, client 수 = 8100
2025-11-20 20:06:01,006 - INFO - Zipf 값 1.2에서 상위 20%의 질문이 차지하는 비율: 91.82%
2025-11-20 20:06:06,864 - INFO - [실시간] 요청 1000개 처리 | 현재까지의 RPS: 170.71최근 1000개 request의 p99 TTFT: 0.3375 초 | 
2025-11-20 20:06:09,988 - INFO - [실시간] 요청 2000개 처리 | 현재까지의 RPS: 222.66최근 1000개 request의 p99 TTFT: 0.2987 초 | 
2025-11-20 20:06:12,944 - INFO - [실시간] 요청 3000개 처리 | 현재까지의 RPS: 251.29최근 1000개 request의 p99 TTFT: 0.4183 초 | 
2025-11-20 20:06:15,537 - INFO - [실시간] 요청 4000개 처리 | 현재까지의 RPS: 275.26최근 1000개 request의 p99 TTFT: 0.3395 초 | 
2025-11-20 20:06:17,906 - INFO - [실시간] 요청 5000개 처리 | 현재까지의 RPS: 295.86최근 1000개 request의 p99 TTFT: 0.4488 초 | 
2025-11-20 20:06:20,170 - INFO - [실시간] 요청 6000개 처리 | 현재까지의 RPS: 313.09최근 1000개 request의 p99 TTFT: 0.6894 초 | 
2025-11-20 20:06:22,342 - INFO - [실시간] 요청 7000개 처리 | 현재까지의 RPS: 328.08최근 1000개 request의 p99 TTFT: 0.6452 초 | 
2025-11-20 20:06:25,309 - INFO - [실시간] 요청 8000개 처리 | 현재까지의 RPS: 329.18최근 1000개 request의 p99 TTFT: 0.5070 초 | 
2025-11-20 20:06:27,967 - INFO - [실시간] 요청 9000개 처리 | 현재까지의 RPS: 333.82최근 1000개 request의 p99 TTFT: 0.2508 초 | 
2025-11-20 20:06:30,496 - INFO - [실시간] 요청 10000개 처리 | 현재까지의 RPS: 339.10최근 1000개 request의 p99 TTFT: 0.2407 초 | 
2025-11-20 20:06:33,004 - INFO - [실시간] 요청 11000개 처리 | 현재까지의 RPS: 343.77최근 1000개 request의 p99 TTFT: 0.2910 초 | 
2025-11-20 20:06:35,549 - INFO - [실시간] 요청 12000개 처리 | 현재까지의 RPS: 347.39최근 1000개 request의 p99 TTFT: 0.4207 초 | 
2025-11-20 20:06:38,075 - INFO - [실시간] 요청 13000개 처리 | 현재까지의 RPS: 350.70최근 1000개 request의 p99 TTFT: 0.4195 초 | 
2025-11-20 20:06:40,604 - INFO - [실시간] 요청 14000개 처리 | 현재까지의 RPS: 353.55최근 1000개 request의 p99 TTFT: 0.6239 초 | 
2025-11-20 20:06:43,197 - INFO - [실시간] 요청 15000개 처리 | 현재까지의 RPS: 355.53최근 1000개 request의 p99 TTFT: 0.4928 초 | 
2025-11-20 20:06:45,814 - INFO - [실시간] 요청 16000개 처리 | 현재까지의 RPS: 357.08최근 1000개 request의 p99 TTFT: 0.2144 초 | 
2025-11-20 20:06:48,384 - INFO - [실시간] 요청 17000개 처리 | 현재까지의 RPS: 358.81최근 1000개 request의 p99 TTFT: 0.2319 초 | 
2025-11-20 20:06:50,926 - INFO - [실시간] 요청 18000개 처리 | 현재까지의 RPS: 360.58최근 1000개 request의 p99 TTFT: 0.2890 초 | 
2025-11-20 20:06:53,591 - INFO - [실시간] 요청 19000개 처리 | 현재까지의 RPS: 361.32최근 1000개 request의 p99 TTFT: 0.4495 초 | 
2025-11-20 20:06:56,132 - INFO - [실시간] 요청 20000개 처리 | 현재까지의 RPS: 362.80최근 1000개 request의 p99 TTFT: 0.6315 초 | 
2025-11-20 20:06:58,678 - INFO - [실시간] 요청 21000개 처리 | 현재까지의 RPS: 364.13최근 1000개 request의 p99 TTFT: 0.3576 초 | 
2025-11-20 20:07:01,084 - INFO - [실시간] 요청 22000개 처리 | 현재까지의 RPS: 366.19최근 1000개 request의 p99 TTFT: 0.3694 초 | 
2025-11-20 20:07:03,383 - INFO - [실시간] 요청 23000개 처리 | 현재까지의 RPS: 368.73최근 1000개 request의 p99 TTFT: 0.4340 초 | 
2025-11-20 20:07:05,683 - INFO - [실시간] 요청 24000개 처리 | 현재까지의 RPS: 371.08최근 1000개 request의 p99 TTFT: 0.6513 초 | 
2025-11-20 20:07:07,720 - INFO - [실시간] 요청 25000개 처리 | 현재까지의 RPS: 374.73최근 1000개 request의 p99 TTFT: 0.9163 초 | 
2025-11-20 20:07:09,581 - INFO - [실시간] 요청 26000개 처리 | 현재까지의 RPS: 379.15최근 1000개 request의 p99 TTFT: 0.2421 초 | 
2025-11-20 20:07:11,570 - INFO - [실시간] 요청 27000개 처리 | 현재까지의 RPS: 382.63최근 1000개 request의 p99 TTFT: 0.3359 초 | 
2025-11-20 20:07:13,762 - INFO - [실시간] 요청 28000개 처리 | 현재까지의 RPS: 384.85최근 1000개 request의 p99 TTFT: 0.6649 초 | 
2025-11-20 20:07:15,607 - INFO - [실시간] 요청 29000개 처리 | 현재까지의 RPS: 388.73최근 1000개 request의 p99 TTFT: 0.6808 초 | 
2025-11-20 20:07:17,375 - INFO - [실시간] 요청 30000개 처리 | 현재까지의 RPS: 392.83최근 1000개 request의 p99 TTFT: 0.3969 초 | 
2025-11-20 20:07:19,146 - INFO - [실시간] 요청 31000개 처리 | 현재까지의 RPS: 396.73최근 1000개 request의 p99 TTFT: 0.4687 초 | 
2025-11-20 20:07:21,065 - INFO - [실시간] 요청 32000개 처리 | 현재까지의 RPS: 399.70최근 1000개 request의 p99 TTFT: 0.8189 초 | 
2025-11-20 20:07:22,824 - INFO - [실시간] 요청 33000개 처리 | 현재까지의 RPS: 403.33최근 1000개 request의 p99 TTFT: 0.6536 초 | 
2025-11-20 20:07:24,687 - INFO - [실시간] 요청 34000개 처리 | 현재까지의 RPS: 406.30최근 1000개 request의 p99 TTFT: 0.3850 초 | 
2025-11-20 20:07:26,710 - INFO - [실시간] 요청 35000개 처리 | 현재까지의 RPS: 408.38최근 1000개 request의 p99 TTFT: 0.2194 초 | 
2025-11-20 20:07:28,932 - INFO - [실시간] 요청 36000개 처리 | 현재까지의 RPS: 409.44최근 1000개 request의 p99 TTFT: 0.5120 초 | 
2025-11-20 20:07:30,669 - INFO - [실시간] 요청 37000개 처리 | 현재까지의 RPS: 412.65최근 1000개 request의 p99 TTFT: 0.8111 초 | 
2025-11-20 20:07:32,628 - INFO - [실시간] 요청 38000개 처리 | 현재까지의 RPS: 414.75최근 1000개 request의 p99 TTFT: 0.2244 초 | 
2025-11-20 20:07:34,443 - INFO - [실시간] 요청 39000개 처리 | 현재까지의 RPS: 417.40최근 1000개 request의 p99 TTFT: 0.2180 초 | 
2025-11-20 20:07:36,305 - INFO - [실시간] 요청 40000개 처리 | 현재까지의 RPS: 419.73최근 1000개 request의 p99 TTFT: 0.3544 초 | 
2025-11-20 20:07:38,598 - INFO - [실시간] 요청 41000개 처리 | 현재까지의 RPS: 420.12최근 1000개 request의 p99 TTFT: 0.2179 초 | 
2025-11-20 20:07:40,305 - INFO - [실시간] 요청 42000개 처리 | 현재까지의 RPS: 422.96최근 1000개 request의 p99 TTFT: 0.7734 초 | 
2025-11-20 20:07:42,165 - INFO - [실시간] 요청 43000개 처리 | 현재까지의 RPS: 425.07최근 1000개 request의 p99 TTFT: 0.7373 초 | 
2025-11-20 20:07:44,011 - INFO - [실시간] 요청 44000개 처리 | 현재까지의 RPS: 427.16최근 1000개 request의 p99 TTFT: 0.4472 초 | 
2025-11-20 20:07:45,928 - INFO - [실시간] 요청 45000개 처리 | 현재까지의 RPS: 428.89최근 1000개 request의 p99 TTFT: 0.5046 초 | 
2025-11-20 20:07:47,783 - INFO - [실시간] 요청 46000개 처리 | 현재까지의 RPS: 430.81최근 1000개 request의 p99 TTFT: 0.2766 초 | 
2025-11-20 20:07:49,919 - INFO - [실시간] 요청 47000개 처리 | 현재까지의 RPS: 431.54최근 1000개 request의 p99 TTFT: 0.5758 초 | 
2025-11-20 20:07:51,715 - INFO - [실시간] 요청 48000개 처리 | 현재까지의 RPS: 433.57최근 1000개 request의 p99 TTFT: 0.6610 초 | 
2025-11-20 20:07:53,571 - INFO - [실시간] 요청 49000개 처리 | 현재까지의 RPS: 435.30최근 1000개 request의 p99 TTFT: 0.2413 초 | 
2025-11-20 20:07:55,434 - INFO - [실시간] 요청 50000개 처리 | 현재까지의 RPS: 436.96최근 1000개 request의 p99 TTFT: 0.2742 초 | 
2025-11-20 20:07:57,367 - INFO - [실시간] 요청 51000개 처리 | 현재까지의 RPS: 438.29최근 1000개 request의 p99 TTFT: 0.3609 초 | 
2025-11-20 20:07:59,384 - INFO - [실시간] 요청 52000개 처리 | 현재까지의 RPS: 439.27최근 1000개 request의 p99 TTFT: 0.3677 초 | 
2025-11-20 20:08:01,453 - INFO - [실시간] 요청 53000개 처리 | 현재까지의 RPS: 440.03최근 1000개 request의 p99 TTFT: 0.5843 초 | 
2025-11-20 20:08:03,043 - INFO - [실시간] 요청 54000개 처리 | 현재까지의 RPS: 442.49최근 1000개 request의 p99 TTFT: 0.5771 초 | 
2025-11-20 20:08:04,767 - INFO - [실시간] 요청 55000개 처리 | 현재까지의 RPS: 444.41최근 1000개 request의 p99 TTFT: 0.3162 초 | 
2025-11-20 20:08:06,514 - INFO - [실시간] 요청 56000개 처리 | 현재까지의 RPS: 446.19최근 1000개 request의 p99 TTFT: 0.6081 초 | 
2025-11-20 20:08:08,161 - INFO - [실시간] 요청 57000개 처리 | 현재까지의 RPS: 448.27최근 1000개 request의 p99 TTFT: 0.5765 초 | 
2025-11-20 20:08:10,151 - INFO - [실시간] 요청 58000개 처리 | 현재까지의 RPS: 449.11최근 1000개 request의 p99 TTFT: 1.0886 초 | 
2025-11-20 20:08:11,715 - INFO - [실시간] 요청 59000개 처리 | 현재까지의 RPS: 451.38최근 1000개 request의 p99 TTFT: 1.2727 초 | 
2025-11-20 20:08:13,316 - INFO - [실시간] 요청 60000개 처리 | 현재까지의 RPS: 453.48최근 1000개 request의 p99 TTFT: 0.3011 초 | 
2025-11-20 20:08:14,911 - INFO - [실시간] 요청 61000개 처리 | 현재까지의 RPS: 455.55최근 1000개 request의 p99 TTFT: 0.3182 초 | 
2025-11-20 20:08:16,698 - INFO - [실시간] 요청 62000개 처리 | 현재까지의 RPS: 456.92최근 1000개 request의 p99 TTFT: 0.5381 초 | 
2025-11-20 20:08:18,302 - INFO - [실시간] 요청 63000개 처리 | 현재까지의 RPS: 458.86최근 1000개 request의 p99 TTFT: 0.7502 초 | 
2025-11-20 20:08:19,891 - INFO - [실시간] 요청 64000개 처리 | 현재까지의 RPS: 460.81최근 1000개 request의 p99 TTFT: 0.6262 초 | 
2025-11-20 20:08:21,385 - INFO - [실시간] 요청 65000개 처리 | 현재까지의 RPS: 463.03최근 1000개 request의 p99 TTFT: 0.7705 초 | 
2025-11-20 20:08:22,969 - INFO - [실시간] 요청 66000개 처리 | 현재까지의 RPS: 464.91최근 1000개 request의 p99 TTFT: 0.4246 초 | 
2025-11-20 20:08:24,816 - INFO - [실시간] 요청 67000개 처리 | 현재까지의 RPS: 465.89최근 1000개 request의 p99 TTFT: 0.8173 초 | 
2025-11-20 20:08:26,393 - INFO - [실시간] 요청 68000개 처리 | 현재까지의 RPS: 467.72최근 1000개 request의 p99 TTFT: 0.8218 초 | 
2025-11-20 20:08:28,107 - INFO - [실시간] 요청 69000개 처리 | 현재까지의 RPS: 469.07최근 1000개 request의 p99 TTFT: 0.2246 초 | 
2025-11-20 20:08:29,767 - INFO - [실시간] 요청 70000개 처리 | 현재까지의 RPS: 470.55최근 1000개 request의 p99 TTFT: 0.2446 초 | 
2025-11-20 20:08:31,638 - INFO - [실시간] 요청 71000개 처리 | 현재까지의 RPS: 471.35최근 1000개 request의 p99 TTFT: 0.3398 초 | 
2025-11-20 20:08:33,159 - INFO - [실시간] 요청 72000개 처리 | 현재까지의 RPS: 473.21최근 1000개 request의 p99 TTFT: 0.7833 초 | 
2025-11-20 20:08:34,739 - INFO - [실시간] 요청 73000개 처리 | 현재까지의 RPS: 474.85최근 1000개 request의 p99 TTFT: 0.7266 초 | 
2025-11-20 20:08:36,456 - INFO - [실시간] 요청 74000개 처리 | 현재까지의 RPS: 476.04최근 1000개 request의 p99 TTFT: 0.2418 초 | 
2025-11-20 20:08:38,150 - INFO - [실시간] 요청 75000개 처리 | 현재까지의 RPS: 477.27최근 1000개 request의 p99 TTFT: 0.4742 초 | 
2025-11-20 20:08:39,732 - INFO - [실시간] 요청 76000개 처리 | 현재까지의 RPS: 478.81최근 1000개 request의 p99 TTFT: 0.5272 초 | 
2025-11-20 20:08:41,406 - INFO - [실시간] 요청 77000개 처리 | 현재까지의 RPS: 480.05최근 1000개 request의 p99 TTFT: 0.4380 초 | 
2025-11-20 20:08:43,066 - INFO - [실시간] 요청 78000개 처리 | 현재까지의 RPS: 481.30최근 1000개 request의 p99 TTFT: 0.7863 초 | 
2025-11-20 20:08:44,673 - INFO - [실시간] 요청 79000개 처리 | 현재까지의 RPS: 482.69최근 1000개 request의 p99 TTFT: 0.6530 초 | 
2025-11-20 20:08:46,265 - INFO - [실시간] 요청 80000개 처리 | 현재까지의 RPS: 484.09최근 1000개 request의 p99 TTFT: 0.2663 초 | 
2025-11-20 20:08:47,920 - INFO - [실시간] 요청 81000개 처리 | 현재까지의 RPS: 485.28최근 1000개 request의 p99 TTFT: 0.2397 초 | 
2025-11-20 20:08:49,661 - INFO - [실시간] 요청 82000개 처리 | 현재까지의 RPS: 486.20최근 1000개 request의 p99 TTFT: 0.5439 초 | 
2025-11-20 20:08:51,459 - INFO - [실시간] 요청 83000개 처리 | 현재까지의 RPS: 486.94최근 1000개 request의 p99 TTFT: 0.7892 초 | 
2025-11-20 20:08:53,116 - INFO - [실시간] 요청 84000개 처리 | 현재까지의 RPS: 488.06최근 1000개 request의 p99 TTFT: 0.7908 초 | 
2025-11-20 20:08:54,784 - INFO - [실시간] 요청 85000개 처리 | 현재까지의 RPS: 489.13최근 1000개 request의 p99 TTFT: 0.4810 초 | 
2025-11-20 20:08:56,468 - INFO - [실시간] 요청 86000개 처리 | 현재까지의 RPS: 490.13최근 1000개 request의 p99 TTFT: 0.2416 초 | 
2025-11-20 20:08:58,152 - INFO - [실시간] 요청 87000개 처리 | 현재까지의 RPS: 491.12최근 1000개 request의 p99 TTFT: 0.2337 초 | 
2025-11-20 20:09:00,015 - INFO - [실시간] 요청 88000개 처리 | 현재까지의 RPS: 491.60최근 1000개 request의 p99 TTFT: 0.4915 초 | 
2025-11-20 20:09:01,626 - INFO - [실시간] 요청 89000개 처리 | 현재까지의 RPS: 492.75최근 1000개 request의 p99 TTFT: 0.8366 초 | 
2025-11-20 20:09:03,176 - INFO - [실시간] 요청 90000개 처리 | 현재까지의 RPS: 494.05최근 1000개 request의 p99 TTFT: 0.4904 초 | 
2025-11-20 20:09:04,706 - INFO - [실시간] 요청 91000개 처리 | 현재까지의 RPS: 495.37최근 1000개 request의 p99 TTFT: 0.3411 초 | 
2025-11-20 20:09:06,256 - INFO - [실시간] 요청 92000개 처리 | 현재까지의 RPS: 496.63최근 1000개 request의 p99 TTFT: 0.5399 초 | 
2025-11-20 20:09:08,000 - INFO - [실시간] 요청 93000개 처리 | 현재까지의 RPS: 497.34최근 1000개 request의 p99 TTFT: 0.5598 초 | 
2025-11-20 20:09:09,609 - INFO - [실시간] 요청 94000개 처리 | 현재까지의 RPS: 498.40최근 1000개 request의 p99 TTFT: 0.8529 초 | 
2025-11-20 20:09:11,180 - INFO - [실시간] 요청 95000개 처리 | 현재까지의 RPS: 499.54최근 1000개 request의 p99 TTFT: 0.6579 초 | 
2025-11-20 20:09:12,772 - INFO - [실시간] 요청 96000개 처리 | 현재까지의 RPS: 500.61최근 1000개 request의 p99 TTFT: 0.2647 초 | 
2025-11-20 20:09:14,384 - INFO - [실시간] 요청 97000개 처리 | 현재까지의 RPS: 501.61최근 1000개 request의 p99 TTFT: 0.2780 초 | 
2025-11-20 20:09:16,128 - INFO - [실시간] 요청 98000개 처리 | 현재까지의 RPS: 502.25최근 1000개 request의 p99 TTFT: 0.7209 초 | 
2025-11-20 20:09:17,664 - INFO - [실시간] 요청 99000개 처리 | 현재까지의 RPS: 503.41최근 1000개 request의 p99 TTFT: 0.9132 초 | 
2025-11-20 20:09:19,148 - INFO - [실시간] 요청 100000개 처리 | 현재까지의 RPS: 504.69최근 1000개 request의 p99 TTFT: 0.3354 초 | 
2025-11-20 20:09:20,643 - INFO - [실시간] 요청 101000개 처리 | 현재까지의 RPS: 505.92최근 1000개 request의 p99 TTFT: 0.3222 초 | 
2025-11-20 20:09:22,265 - INFO - [실시간] 요청 102000개 처리 | 현재까지의 RPS: 506.81최근 1000개 request의 p99 TTFT: 0.5038 초 | 
2025-11-20 20:09:24,060 - INFO - [실시간] 요청 103000개 처리 | 현재까지의 RPS: 507.26최근 1000개 request의 p99 TTFT: 0.9099 초 | 
2025-11-20 20:09:25,579 - INFO - [실시간] 요청 104000개 처리 | 현재까지의 RPS: 508.38최근 1000개 request의 p99 TTFT: 0.8669 초 | 
2025-11-20 20:09:27,160 - INFO - [실시간] 요청 105000개 처리 | 현재까지의 RPS: 509.33최근 1000개 request의 p99 TTFT: 0.4952 초 | 
2025-11-20 20:09:28,650 - INFO - [실시간] 요청 106000개 처리 | 현재까지의 RPS: 510.49최근 1000개 request의 p99 TTFT: 0.2569 초 | 
2025-11-20 20:09:30,502 - INFO - [실시간] 요청 107000개 처리 | 현재까지의 RPS: 510.75최근 1000개 request의 p99 TTFT: 0.5713 초 | 
2025-11-20 20:09:32,082 - INFO - [실시간] 요청 108000개 처리 | 현재까지의 RPS: 511.66최근 1000개 request의 p99 TTFT: 1.3869 초 | 
2025-11-20 20:09:33,632 - INFO - [실시간] 요청 109000개 처리 | 현재까지의 RPS: 512.64최근 1000개 request의 p99 TTFT: 1.2507 초 | 
2025-11-20 20:09:35,214 - INFO - [실시간] 요청 110000개 처리 | 현재까지의 RPS: 513.52최근 1000개 request의 p99 TTFT: 0.2694 초 | 
2025-11-20 20:09:36,788 - INFO - [실시간] 요청 111000개 처리 | 현재까지의 RPS: 514.41최근 1000개 request의 p99 TTFT: 0.3590 초 | 
2025-11-20 20:09:38,535 - INFO - [실시간] 요청 112000개 처리 | 현재까지의 RPS: 514.87최근 1000개 request의 p99 TTFT: 0.5561 초 | 
2025-11-20 20:09:40,156 - INFO - [실시간] 요청 113000개 처리 | 현재까지의 RPS: 515.63최근 1000개 request의 p99 TTFT: 0.8858 초 | 
2025-11-20 20:09:41,715 - INFO - [실시간] 요청 114000개 처리 | 현재까지의 RPS: 516.52최근 1000개 request의 p99 TTFT: 0.8032 초 | 
2025-11-20 20:09:43,300 - INFO - [실시간] 요청 115000개 처리 | 현재까지의 RPS: 517.33최근 1000개 request의 p99 TTFT: 0.5711 초 | 
2025-11-20 20:09:44,868 - INFO - [실시간] 요청 116000개 처리 | 현재까지의 RPS: 518.18최근 1000개 request의 p99 TTFT: 0.3500 초 | 
2025-11-20 20:09:46,693 - INFO - [실시간] 요청 117000개 처리 | 현재까지의 RPS: 518.42최근 1000개 request의 p99 TTFT: 0.5785 초 | 
2025-11-20 20:09:48,216 - INFO - [실시간] 요청 118000개 처리 | 현재까지의 RPS: 519.34최근 1000개 request의 p99 TTFT: 1.1204 초 | 
2025-11-20 20:09:49,886 - INFO - [실시간] 요청 119000개 처리 | 현재까지의 RPS: 519.92최근 1000개 request의 p99 TTFT: 0.5814 초 | 
2025-11-20 20:09:51,517 - INFO - [실시간] 요청 120000개 처리 | 현재까지의 RPS: 520.58최근 1000개 request의 p99 TTFT: 0.2881 초 | 
2025-11-20 20:09:53,081 - INFO - [실시간] 요청 121000개 처리 | 현재까지의 RPS: 521.38최근 1000개 request의 p99 TTFT: 0.6309 초 | 
2025-11-20 20:09:54,854 - INFO - [실시간] 요청 122000개 처리 | 현재까지의 RPS: 521.71최근 1000개 request의 p99 TTFT: 0.5408 초 | 
2025-11-20 20:09:56,407 - INFO - [실시간] 요청 123000개 처리 | 현재까지의 RPS: 522.51최근 1000개 request의 p99 TTFT: 0.8192 초 | 
2025-11-20 20:09:58,065 - INFO - [실시간] 요청 124000개 처리 | 현재까지의 RPS: 523.08최근 1000개 request의 p99 TTFT: 0.7144 초 | 
2025-11-20 20:09:59,653 - INFO - [실시간] 요청 125000개 처리 | 현재까지의 RPS: 523.79최근 1000개 request의 p99 TTFT: 0.6800 초 | 
2025-11-20 20:10:01,266 - INFO - [실시간] 요청 126000개 처리 | 현재까지의 RPS: 524.43최근 1000개 request의 p99 TTFT: 0.2945 초 | 
2025-11-20 20:10:02,828 - INFO - [실시간] 요청 127000개 처리 | 현재까지의 RPS: 525.18최근 1000개 request의 p99 TTFT: 0.4293 초 | 
2025-11-20 20:10:04,575 - INFO - [실시간] 요청 128000개 처리 | 현재까지의 RPS: 525.52최근 1000개 request의 p99 TTFT: 0.8955 초 | 
2025-11-20 20:10:06,082 - INFO - [실시간] 요청 129000개 처리 | 현재까지의 RPS: 526.37최근 1000개 request의 p99 TTFT: 0.9232 초 | 
2025-11-20 20:10:07,670 - INFO - [실시간] 요청 130000개 처리 | 현재까지의 RPS: 527.03최근 1000개 request의 p99 TTFT: 0.2427 초 | 
2025-11-20 20:10:09,311 - INFO - [실시간] 요청 131000개 처리 | 현재까지의 RPS: 527.58최근 1000개 request의 p99 TTFT: 0.4952 초 | 
2025-11-20 20:10:10,974 - INFO - [실시간] 요청 132000개 처리 | 현재까지의 RPS: 528.07최근 1000개 request의 p99 TTFT: 0.6266 초 | 
2025-11-20 20:10:12,494 - INFO - [실시간] 요청 133000개 처리 | 현재까지의 RPS: 528.85최근 1000개 request의 p99 TTFT: 0.7572 초 | 
2025-11-20 20:10:14,080 - INFO - [실시간] 요청 134000개 처리 | 현재까지의 RPS: 529.49최근 1000개 request의 p99 TTFT: 0.6188 초 | 
2025-11-20 20:10:15,664 - INFO - [실시간] 요청 135000개 처리 | 현재까지의 RPS: 530.12최근 1000개 request의 p99 TTFT: 0.4663 초 | 
2025-11-20 20:10:17,121 - INFO - [실시간] 요청 136000개 처리 | 현재까지의 RPS: 531.01최근 1000개 request의 p99 TTFT: 0.4949 초 | 
2025-11-20 20:10:18,916 - INFO - [실시간] 요청 137000개 처리 | 현재까지의 RPS: 531.19최근 1000개 request의 p99 TTFT: 0.4370 초 | 
2025-11-20 20:10:20,591 - INFO - [실시간] 요청 138000개 처리 | 현재까지의 RPS: 531.62최근 1000개 request의 p99 TTFT: 0.8585 초 | 
2025-11-20 20:10:21,996 - INFO - [실시간] 요청 139000개 처리 | 현재까지의 RPS: 532.59최근 1000개 request의 p99 TTFT: 0.9220 초 | 
2025-11-20 20:10:23,649 - INFO - [실시간] 요청 140000개 처리 | 현재까지의 RPS: 533.04최근 1000개 request의 p99 TTFT: 0.3068 초 | 
2025-11-20 20:10:25,018 - INFO - [실시간] 요청 141000개 처리 | 현재까지의 RPS: 534.07최근 1000개 request의 p99 TTFT: 0.5789 초 | 
2025-11-20 20:10:26,776 - INFO - [실시간] 요청 142000개 처리 | 현재까지의 RPS: 534.30최근 1000개 request의 p99 TTFT: 0.6299 초 | 
2025-11-20 20:10:28,173 - INFO - [실시간] 요청 143000개 처리 | 현재까지의 RPS: 535.25최근 1000개 request의 p99 TTFT: 0.7178 초 | 
2025-11-20 20:10:29,742 - INFO - [실시간] 요청 144000개 처리 | 현재까지의 RPS: 535.84최근 1000개 request의 p99 TTFT: 0.6838 초 | 
2025-11-20 20:10:31,185 - INFO - [실시간] 요청 145000개 처리 | 현재까지의 RPS: 536.68최근 1000개 request의 p99 TTFT: 0.6434 초 | 
2025-11-20 20:10:32,653 - INFO - [실시간] 요청 146000개 처리 | 현재까지의 RPS: 537.46최근 1000개 request의 p99 TTFT: 0.4141 초 | 
2025-11-20 20:10:34,368 - INFO - [실시간] 요청 147000개 처리 | 현재까지의 RPS: 537.75최근 1000개 request의 p99 TTFT: 0.4879 초 | 
2025-11-20 20:10:35,965 - INFO - [실시간] 요청 148000개 처리 | 현재까지의 RPS: 538.26최근 1000개 request의 p99 TTFT: 1.1069 초 | 
2025-11-20 20:10:37,430 - INFO - [실시간] 요청 149000개 처리 | 현재까지의 RPS: 539.03최근 1000개 request의 p99 TTFT: 1.1249 초 | 
2025-11-20 20:10:39,037 - INFO - [실시간] 요청 150000개 처리 | 현재까지의 RPS: 539.51최근 1000개 request의 p99 TTFT: 0.2689 초 | 
2025-11-20 20:10:40,528 - INFO - [실시간] 요청 151000개 처리 | 현재까지의 RPS: 540.21최근 1000개 request의 p99 TTFT: 0.5592 초 | 
2025-11-20 20:10:42,157 - INFO - [실시간] 요청 152000개 처리 | 현재까지의 RPS: 540.63최근 1000개 request의 p99 TTFT: 0.5721 초 | 
2025-11-20 20:10:43,694 - INFO - [실시간] 요청 153000개 처리 | 현재까지의 RPS: 541.23최근 1000개 request의 p99 TTFT: 0.7797 초 | 
2025-11-20 20:10:45,109 - INFO - [실시간] 요청 154000개 처리 | 현재까지의 RPS: 542.06최근 1000개 request의 p99 TTFT: 0.8970 초 | 
2025-11-20 20:10:46,621 - INFO - [실시간] 요청 155000개 처리 | 현재까지의 RPS: 542.69최근 1000개 request의 p99 TTFT: 0.5064 초 | 
2025-11-20 20:10:48,084 - INFO - [실시간] 요청 156000개 처리 | 현재까지의 RPS: 543.41최근 1000개 request의 p99 TTFT: 0.5124 초 | 
2025-11-20 20:10:49,537 - INFO - [실시간] 요청 157000개 처리 | 현재까지의 RPS: 544.14최근 1000개 request의 p99 TTFT: 0.4202 초 | 
2025-11-20 20:10:51,325 - INFO - [실시간] 요청 158000개 처리 | 현재까지의 RPS: 544.23최근 1000개 request의 p99 TTFT: 0.8201 초 | 
2025-11-20 20:10:52,731 - INFO - [실시간] 요청 159000개 처리 | 현재까지의 RPS: 545.03최근 1000개 request의 p99 TTFT: 0.9609 초 | 
2025-11-20 20:10:54,275 - INFO - [실시간] 요청 160000개 처리 | 현재까지의 RPS: 545.57최근 1000개 request의 p99 TTFT: 0.3191 초 | 
2025-11-20 20:10:55,745 - INFO - [실시간] 요청 161000개 처리 | 현재까지의 RPS: 546.25최근 1000개 request의 p99 TTFT: 0.6270 초 | 
2025-11-20 20:10:57,190 - INFO - [실시간] 요청 162000개 처리 | 현재까지의 RPS: 546.96최근 1000개 request의 p99 TTFT: 0.5609 초 | 
2025-11-20 20:10:58,875 - INFO - [실시간] 요청 163000개 처리 | 현재까지의 RPS: 547.22최근 1000개 request의 p99 TTFT: 0.4959 초 | 
2025-11-20 20:11:00,410 - INFO - [실시간] 요청 164000개 처리 | 현재까지의 RPS: 547.76최근 1000개 request의 p99 TTFT: 1.1342 초 | 
2025-11-20 20:11:01,918 - INFO - [실시간] 요청 165000개 처리 | 현재까지의 RPS: 548.33최근 1000개 request의 p99 TTFT: 1.0733 초 | 
2025-11-20 20:11:03,474 - INFO - [실시간] 요청 166000개 처리 | 현재까지의 RPS: 548.82최근 1000개 request의 p99 TTFT: 0.3702 초 | 
2025-11-20 20:11:04,871 - INFO - [실시간] 요청 167000개 처리 | 현재까지의 RPS: 549.59최근 1000개 request의 p99 TTFT: 0.5561 초 | 
2025-11-20 20:11:06,408 - INFO - [실시간] 요청 168000개 처리 | 현재까지의 RPS: 550.09최근 1000개 request의 p99 TTFT: 0.6170 초 | 
2025-11-20 20:11:07,992 - INFO - [실시간] 요청 169000개 처리 | 현재까지의 RPS: 550.51최근 1000개 request의 p99 TTFT: 0.8810 초 | 
2025-11-20 20:11:09,507 - INFO - [실시간] 요청 170000개 처리 | 현재까지의 RPS: 551.05최근 1000개 request의 p99 TTFT: 0.8365 초 | 
2025-11-20 20:11:10,952 - INFO - [실시간] 요청 171000개 처리 | 현재까지의 RPS: 551.71최근 1000개 request의 p99 TTFT: 0.7535 초 | 
2025-11-20 20:11:12,419 - INFO - [실시간] 요청 172000개 처리 | 현재까지의 RPS: 552.32최근 1000개 request의 p99 TTFT: 0.3622 초 | 
2025-11-20 20:11:13,965 - INFO - [실시간] 요청 173000개 처리 | 현재까지의 RPS: 552.79최근 1000개 request의 p99 TTFT: 0.4296 초 | 
2025-11-20 20:11:15,596 - INFO - [실시간] 요청 174000개 처리 | 현재까지의 RPS: 553.10최근 1000개 request의 p99 TTFT: 0.9104 초 | 
2025-11-20 20:11:17,002 - INFO - [실시간] 요청 175000개 처리 | 현재까지의 RPS: 553.81최근 1000개 request의 p99 TTFT: 0.8490 초 | 
2025-11-20 20:11:18,559 - INFO - [실시간] 요청 176000개 처리 | 현재까지의 RPS: 554.24최근 1000개 request의 p99 TTFT: 0.3972 초 | 
2025-11-20 20:11:20,147 - INFO - [실시간] 요청 177000개 처리 | 현재까지의 RPS: 554.61최근 1000개 request의 p99 TTFT: 0.6147 초 | 
2025-11-20 20:11:21,700 - INFO - [실시간] 요청 178000개 처리 | 현재까지의 RPS: 555.05최근 1000개 request의 p99 TTFT: 0.6182 초 | 
2025-11-20 20:11:23,250 - INFO - [실시간] 요청 179000개 처리 | 현재까지의 RPS: 555.48최근 1000개 request의 p99 TTFT: 0.8469 초 | 
2025-11-20 20:11:24,614 - INFO - [실시간] 요청 180000개 처리 | 현재까지의 RPS: 556.23최근 1000개 request의 p99 TTFT: 0.9181 초 | 
2025-11-20 20:11:26,062 - INFO - [실시간] 요청 181000개 처리 | 현재까지의 RPS: 556.83최근 1000개 request의 p99 TTFT: 0.4370 초 | 
2025-11-20 20:11:27,505 - INFO - [실시간] 요청 182000개 처리 | 현재까지의 RPS: 557.43최근 1000개 request의 p99 TTFT: 0.2830 초 | 
2025-11-20 20:11:29,243 - INFO - [실시간] 요청 183000개 처리 | 현재까지의 RPS: 557.52최근 1000개 request의 p99 TTFT: 0.7161 초 | 
2025-11-20 20:11:30,745 - INFO - [실시간] 요청 184000개 처리 | 현재까지의 RPS: 558.02최근 1000개 request의 p99 TTFT: 1.0495 초 | 
통계에 반영된 요청 인덱스 범위: 3000 ~ 184851 (총 181851개 요청)
통계 반영된 요청 수: 181851, 통계 반영된 시간: 389.00 초

==================================================
 실험 최종 결과 요약
==================================================
 설정 실험 시간: 330 초
 Clients 수: 8100
 통계 반영 시간: 389.00 초
 총 시도된 요청: 193016 개
 총 완료된 요청: 181851 개
 총 실패한 요청: 11165 개
 완료 요청 중 retrieval이 실패한 요청: -3000 개
 요청 성공률: 94.22%
 전체 Requests Per Second (RPS): 467.48
--------------------------------------------------
 Time to First Token (TTFT) Latency:
  - 평균 (Mean): 0.1706 초
  - 중간값 (50%ile): 0.1376 초
  - 최소값 (Min): 0.0189 초
  - 최대값 (Max): 1.5817 초
  - 95%ile Tail: 0.4717 초
  - 99%ile Tail: 0.7550 초
--------------------------------------------------
 Time Per Output Token (TPOT):
  - 평균 (Mean): 16.97 ms/token
--------------------------------------------------
 Embedding Latency:
  - 총 샘플 수: 181832
  - 평균 (Mean): 10.02 ms
  - 중간값 (50%ile): 7.00 ms
  - 95%ile Tail: 24.00 ms
  - 99%ile Tail: 64.00 ms
--------------------------------------------------
 VectorDB Search Latency:
  - 총 샘플 수: 181832
  - 평균 (Mean): 55.20 ms
  - 중간값 (50%ile): 26.00 ms
  - 95%ile Tail: 214.00 ms
  - 99%ile Tail: 485.00 ms
--------------------------------------------------
 Document Search Latency:
  - 총 샘플 수: 181832
  - 평균 (Mean): 21.44 ms
  - 중간값 (50%ile): 7.00 ms
  - 95%ile Tail: 91.00 ms
  - 99%ile Tail: 209.00 ms
--------------------------------------------------
 Total Retrieval Latency:
  - 총 샘플 수: 181851
  - 평균 (Mean): 86.66 ms
  - 중간값 (50%ile): 46.00 ms
  - 95%ile Tail: 339.00 ms
  - 99%ile Tail: 615.00 ms
==================================================
