2025-11-20 20:12:31,450 - INFO - ReqGen 시작: 서버=163.152.48.109:9000, 클라이언트=7900, 시간=330초
2025-11-20 20:12:31,450 - INFO - Hugging Face에서 'kroshan/BioASQ' 데이터셋을 로드합니다...
2025-11-20 20:12:37,115 - INFO - 3266개의 질문을 로드했습니다.
2025-11-20 20:12:37,115 - INFO - 부하 테스트 시작, client 수 = 7900
2025-11-20 20:12:37,116 - INFO - Zipf 값 1.2에서 상위 20%의 질문이 차지하는 비율: 91.82%
2025-11-20 20:12:43,167 - INFO - [실시간] 요청 1000개 처리 | 현재까지의 RPS: 165.24최근 1000개 request의 p99 TTFT: 0.2326 초 | 
2025-11-20 20:12:46,609 - INFO - [실시간] 요청 2000개 처리 | 현재까지의 RPS: 210.66최근 1000개 request의 p99 TTFT: 0.2867 초 | 
2025-11-20 20:12:49,440 - INFO - [실시간] 요청 3000개 처리 | 현재까지의 RPS: 243.42최근 1000개 request의 p99 TTFT: 0.3363 초 | 
2025-11-20 20:12:52,050 - INFO - [실시간] 요청 4000개 처리 | 현재까지의 RPS: 267.84최근 1000개 request의 p99 TTFT: 0.3111 초 | 
2025-11-20 20:12:54,364 - INFO - [실시간] 요청 5000개 처리 | 현재까지의 RPS: 289.89최근 1000개 request의 p99 TTFT: 0.3616 초 | 
2025-11-20 20:12:56,687 - INFO - [실시간] 요청 6000개 처리 | 현재까지의 RPS: 306.57최근 1000개 request의 p99 TTFT: 0.5388 초 | 
2025-11-20 20:12:59,032 - INFO - [실시간] 요청 7000개 처리 | 현재까지의 RPS: 319.40최근 1000개 request의 p99 TTFT: 0.5077 초 | 
2025-11-20 20:13:02,090 - INFO - [실시간] 요청 8000개 처리 | 현재까지의 RPS: 320.33최근 1000개 request의 p99 TTFT: 0.4110 초 | 
2025-11-20 20:13:04,786 - INFO - [실시간] 요청 9000개 처리 | 현재까지의 RPS: 325.26최근 1000개 request의 p99 TTFT: 0.3652 초 | 
2025-11-20 20:13:07,463 - INFO - [실시간] 요청 10000개 처리 | 현재까지의 RPS: 329.51최근 1000개 request의 p99 TTFT: 0.2353 초 | 
2025-11-20 20:13:10,049 - INFO - [실시간] 요청 11000개 처리 | 현재까지의 RPS: 334.01최근 1000개 request의 p99 TTFT: 0.4320 초 | 
2025-11-20 20:13:12,715 - INFO - [실시간] 요청 12000개 처리 | 현재까지의 RPS: 337.08최근 1000개 request의 p99 TTFT: 0.1971 초 | 
2025-11-20 20:13:15,185 - INFO - [실시간] 요청 13000개 처리 | 현재까지의 RPS: 341.48최근 1000개 request의 p99 TTFT: 0.1931 초 | 
2025-11-20 20:13:17,801 - INFO - [실시간] 요청 14000개 처리 | 현재까지의 RPS: 344.10최근 1000개 request의 p99 TTFT: 0.3908 초 | 
2025-11-20 20:13:20,446 - INFO - [실시간] 요청 15000개 처리 | 현재까지의 RPS: 346.18최근 1000개 request의 p99 TTFT: 0.4389 초 | 
2025-11-20 20:13:23,095 - INFO - [실시간] 요청 16000개 처리 | 현재까지의 RPS: 347.98최근 1000개 request의 p99 TTFT: 0.2522 초 | 
2025-11-20 20:13:25,790 - INFO - [실시간] 요청 17000개 처리 | 현재까지의 RPS: 349.26최근 1000개 request의 p99 TTFT: 0.2048 초 | 
2025-11-20 20:13:28,395 - INFO - [실시간] 요청 18000개 처리 | 현재까지의 RPS: 351.02최근 1000개 request의 p99 TTFT: 0.1992 초 | 
2025-11-20 20:13:31,062 - INFO - [실시간] 요청 19000개 처리 | 현재까지의 RPS: 352.20최근 1000개 request의 p99 TTFT: 0.2114 초 | 
2025-11-20 20:13:33,665 - INFO - [실시간] 요청 20000개 처리 | 현재까지의 RPS: 353.67최근 1000개 request의 p99 TTFT: 0.4177 초 | 
2025-11-20 20:13:36,241 - INFO - [실시간] 요청 21000개 처리 | 현재까지의 RPS: 355.18최근 1000개 request의 p99 TTFT: 0.4611 초 | 
2025-11-20 20:13:38,721 - INFO - [실시간] 요청 22000개 처리 | 현재까지의 RPS: 357.11최근 1000개 request의 p99 TTFT: 0.1968 초 | 
2025-11-20 20:13:40,837 - INFO - [실시간] 요청 23000개 처리 | 현재까지의 RPS: 360.94최근 1000개 request의 p99 TTFT: 0.2030 초 | 
2025-11-20 20:13:42,975 - INFO - [실시간] 요청 24000개 처리 | 현재까지의 RPS: 364.41최근 1000개 request의 p99 TTFT: 0.2412 초 | 
2025-11-20 20:13:45,208 - INFO - [실시간] 요청 25000개 처리 | 현재까지의 RPS: 367.15최근 1000개 request의 p99 TTFT: 0.5072 초 | 
2025-11-20 20:13:47,163 - INFO - [실시간] 요청 26000개 처리 | 현재까지의 RPS: 371.18최근 1000개 request의 p99 TTFT: 0.4225 초 | 
2025-11-20 20:13:49,073 - INFO - [실시간] 요청 27000개 처리 | 현재까지의 RPS: 375.22최근 1000개 request의 p99 TTFT: 0.2219 초 | 
2025-11-20 20:13:51,103 - INFO - [실시간] 요청 28000개 처리 | 현재까지의 RPS: 378.44최근 1000개 request의 p99 TTFT: 0.2652 초 | 
2025-11-20 20:13:53,339 - INFO - [실시간] 요청 29000개 처리 | 현재까지의 RPS: 380.46최근 1000개 request의 p99 TTFT: 0.6438 초 | 
2025-11-20 20:13:55,149 - INFO - [실시간] 요청 30000개 처리 | 현재까지의 RPS: 384.45최근 1000개 request의 p99 TTFT: 0.6564 초 | 
2025-11-20 20:13:56,916 - INFO - [실시간] 요청 31000개 처리 | 현재까지의 RPS: 388.47최근 1000개 request의 p99 TTFT: 0.2070 초 | 
2025-11-20 20:13:58,948 - INFO - [실시간] 요청 32000개 처리 | 현재까지의 RPS: 391.04최근 1000개 request의 p99 TTFT: 0.3888 초 | 
2025-11-20 20:14:00,906 - INFO - [실시간] 요청 33000개 처리 | 현재까지의 RPS: 393.84최근 1000개 request의 p99 TTFT: 0.9746 초 | 
2025-11-20 20:14:02,845 - INFO - [실시간] 요청 34000개 처리 | 현재까지의 RPS: 396.60최근 1000개 request의 p99 TTFT: 0.2134 초 | 
2025-11-20 20:14:04,946 - INFO - [실시간] 요청 35000개 처리 | 현재까지의 RPS: 398.49최근 1000개 request의 p99 TTFT: 0.1918 초 | 
2025-11-20 20:14:06,856 - INFO - [실시간] 요청 36000개 처리 | 현재까지의 RPS: 401.16최근 1000개 request의 p99 TTFT: 0.2404 초 | 
2025-11-20 20:14:08,902 - INFO - [실시간] 요청 37000개 처리 | 현재까지의 RPS: 403.11최근 1000개 request의 p99 TTFT: 0.4742 초 | 
2025-11-20 20:14:11,102 - INFO - [실시간] 요청 38000개 처리 | 현재까지의 RPS: 404.31최근 1000개 request의 p99 TTFT: 0.5338 초 | 
2025-11-20 20:14:13,018 - INFO - [실시간] 요청 39000개 처리 | 현재까지의 RPS: 406.66최근 1000개 request의 p99 TTFT: 0.5445 초 | 
2025-11-20 20:14:14,875 - INFO - [실시간] 요청 40000개 처리 | 현재까지의 RPS: 409.17최근 1000개 request의 p99 TTFT: 0.1998 초 | 
2025-11-20 20:14:16,876 - INFO - [실시간] 요청 41000개 처리 | 현재까지의 RPS: 410.98최근 1000개 request의 p99 TTFT: 0.2184 초 | 
2025-11-20 20:14:18,911 - INFO - [실시간] 요청 42000개 처리 | 현재까지의 RPS: 412.59최근 1000개 request의 p99 TTFT: 0.2097 초 | 
2025-11-20 20:14:21,074 - INFO - [실시간] 요청 43000개 처리 | 현재까지의 RPS: 413.63최근 1000개 request의 p99 TTFT: 0.5047 초 | 
2025-11-20 20:14:23,076 - INFO - [실시간] 요청 44000개 처리 | 현재까지의 RPS: 415.25최근 1000개 request의 p99 TTFT: 0.8185 초 | 
2025-11-20 20:14:25,052 - INFO - [실시간] 요청 45000개 처리 | 현재까지의 RPS: 416.91최근 1000개 request의 p99 TTFT: 0.2309 초 | 
2025-11-20 20:14:27,057 - INFO - [실시간] 요청 46000개 처리 | 현재까지의 RPS: 418.41최근 1000개 request의 p99 TTFT: 0.2038 초 | 
2025-11-20 20:14:29,145 - INFO - [실시간] 요청 47000개 처리 | 현재까지의 RPS: 419.53최근 1000개 request의 p99 TTFT: 0.4482 초 | 
2025-11-20 20:14:31,197 - INFO - [실시간] 요청 48000개 처리 | 현재까지의 RPS: 420.75최근 1000개 request의 p99 TTFT: 0.4558 초 | 
2025-11-20 20:14:33,261 - INFO - [실시간] 요청 49000개 처리 | 현재까지의 RPS: 421.89최근 1000개 request의 p99 TTFT: 0.6427 초 | 
2025-11-20 20:14:35,329 - INFO - [실시간] 요청 50000개 처리 | 현재까지의 RPS: 422.96최근 1000개 request의 p99 TTFT: 0.2568 초 | 
2025-11-20 20:14:37,362 - INFO - [실시간] 요청 51000개 처리 | 현재까지의 RPS: 424.13최근 1000개 request의 p99 TTFT: 0.4095 초 | 
2025-11-20 20:14:39,096 - INFO - [실시간] 요청 52000개 처리 | 현재까지의 RPS: 426.30최근 1000개 request의 p99 TTFT: 0.4438 초 | 
2025-11-20 20:14:40,826 - INFO - [실시간] 요청 53000개 처리 | 현재까지의 RPS: 428.42최근 1000개 request의 p99 TTFT: 0.2016 초 | 
2025-11-20 20:14:42,861 - INFO - [실시간] 요청 54000개 처리 | 현재까지의 RPS: 429.44최근 1000개 request의 p99 TTFT: 0.5714 초 | 
2025-11-20 20:14:44,605 - INFO - [실시간] 요청 55000개 처리 | 현재까지의 RPS: 431.41최근 1000개 request의 p99 TTFT: 0.6026 초 | 
2025-11-20 20:14:46,297 - INFO - [실시간] 요청 56000개 처리 | 현재까지의 RPS: 433.50최근 1000개 request의 p99 TTFT: 0.3863 초 | 
2025-11-20 20:14:48,035 - INFO - [실시간] 요청 57000개 처리 | 현재까지의 RPS: 435.38최근 1000개 request의 p99 TTFT: 0.3585 초 | 
2025-11-20 20:14:49,979 - INFO - [실시간] 요청 58000개 처리 | 현재까지의 RPS: 436.54최근 1000개 request의 p99 TTFT: 0.4622 초 | 
2025-11-20 20:14:51,761 - INFO - [실시간] 요청 59000개 처리 | 현재까지의 RPS: 438.19최근 1000개 request의 p99 TTFT: 0.6683 초 | 
2025-11-20 20:14:53,452 - INFO - [실시간] 요청 60000개 처리 | 현재까지의 RPS: 440.09최근 1000개 request의 p99 TTFT: 0.3072 초 | 
2025-11-20 20:14:55,125 - INFO - [실시간] 요청 61000개 처리 | 현재까지의 RPS: 442.00최근 1000개 request의 p99 TTFT: 0.3297 초 | 
2025-11-20 20:14:56,963 - INFO - [실시간] 요청 62000개 처리 | 현재까지의 RPS: 443.34최근 1000개 request의 p99 TTFT: 0.4984 초 | 
2025-11-20 20:14:58,594 - INFO - [실시간] 요청 63000개 처리 | 현재까지의 RPS: 445.30최근 1000개 request의 p99 TTFT: 0.6801 초 | 
2025-11-20 20:15:00,301 - INFO - [실시간] 요청 64000개 처리 | 현재까지의 RPS: 446.97최근 1000개 request의 p99 TTFT: 0.2096 초 | 
2025-11-20 20:15:02,097 - INFO - [실시간] 요청 65000개 처리 | 현재까지의 RPS: 448.33최근 1000개 request의 p99 TTFT: 0.3956 초 | 
2025-11-20 20:15:03,811 - INFO - [실시간] 요청 66000개 처리 | 현재까지의 RPS: 449.91최근 1000개 request의 p99 TTFT: 0.4802 초 | 
2025-11-20 20:15:05,825 - INFO - [실시간] 요청 67000개 처리 | 현재까지의 RPS: 450.54최근 1000개 request의 p99 TTFT: 0.4970 초 | 
2025-11-20 20:15:07,484 - INFO - [실시간] 요청 68000개 처리 | 현재까지의 RPS: 452.22최근 1000개 request의 p99 TTFT: 0.5581 초 | 
2025-11-20 20:15:09,252 - INFO - [실시간] 요청 69000개 처리 | 현재까지의 RPS: 453.54최근 1000개 request의 p99 TTFT: 0.2046 초 | 
2025-11-20 20:15:10,959 - INFO - [실시간] 요청 70000개 처리 | 현재까지의 RPS: 455.01최근 1000개 request의 p99 TTFT: 0.2375 초 | 
2025-11-20 20:15:12,650 - INFO - [실시간] 요청 71000개 처리 | 현재까지의 RPS: 456.49최근 1000개 request의 p99 TTFT: 0.4089 초 | 
2025-11-20 20:15:14,529 - INFO - [실시간] 요청 72000개 처리 | 현재까지의 RPS: 457.39최근 1000개 request의 p99 TTFT: 0.4316 초 | 
2025-11-20 20:15:16,209 - INFO - [실시간] 요청 73000개 처리 | 현재까지의 RPS: 458.85최근 1000개 request의 p99 TTFT: 0.6317 초 | 
2025-11-20 20:15:18,133 - INFO - [실시간] 요청 74000개 처리 | 현재까지의 RPS: 459.58최근 1000개 request의 p99 TTFT: 0.2114 초 | 
2025-11-20 20:15:19,921 - INFO - [실시간] 요청 75000개 처리 | 현재까지의 RPS: 460.67최근 1000개 request의 p99 TTFT: 0.4994 초 | 
2025-11-20 20:15:21,662 - INFO - [실시간] 요청 76000개 처리 | 현재까지의 RPS: 461.88최근 1000개 request의 p99 TTFT: 0.4216 초 | 
2025-11-20 20:15:23,330 - INFO - [실시간] 요청 77000개 처리 | 현재까지의 RPS: 463.26최근 1000개 request의 p99 TTFT: 0.1999 초 | 
2025-11-20 20:15:25,323 - INFO - [실시간] 요청 78000개 처리 | 현재까지의 RPS: 463.71최근 1000개 request의 p99 TTFT: 0.4870 초 | 
2025-11-20 20:15:26,918 - INFO - [실시간] 요청 79000개 처리 | 현재까지의 RPS: 465.25최근 1000개 request의 p99 TTFT: 0.5110 초 | 
2025-11-20 20:15:28,619 - INFO - [실시간] 요청 80000개 처리 | 현재까지의 RPS: 466.46최근 1000개 request의 p99 TTFT: 0.4109 초 | 
2025-11-20 20:15:30,314 - INFO - [실시간] 요청 81000개 처리 | 현재까지의 RPS: 467.67최근 1000개 request의 p99 TTFT: 0.2610 초 | 
2025-11-20 20:15:31,996 - INFO - [실시간] 요청 82000개 처리 | 현재까지의 RPS: 468.89최근 1000개 request의 p99 TTFT: 0.2265 초 | 
2025-11-20 20:15:33,792 - INFO - [실시간] 요청 83000개 처리 | 현재까지의 RPS: 469.79최근 1000개 request의 p99 TTFT: 0.3142 초 | 
2025-11-20 20:15:35,707 - INFO - [실시간] 요청 84000개 처리 | 현재까지의 RPS: 470.35최근 1000개 request의 p99 TTFT: 0.9003 초 | 
2025-11-20 20:15:37,459 - INFO - [실시간] 요청 85000개 처리 | 현재까지의 RPS: 471.32최근 1000개 request의 p99 TTFT: 0.8834 초 | 
2025-11-20 20:15:39,046 - INFO - [실시간] 요청 86000개 처리 | 현재까지의 RPS: 472.71최근 1000개 request의 p99 TTFT: 0.2239 초 | 
2025-11-20 20:15:40,724 - INFO - [실시간] 요청 87000개 처리 | 현재까지의 RPS: 473.83최근 1000개 request의 p99 TTFT: 0.2310 초 | 
2025-11-20 20:15:42,365 - INFO - [실시간] 요청 88000개 처리 | 현재까지의 RPS: 475.03최근 1000개 request의 p99 TTFT: 0.2366 초 | 
2025-11-20 20:15:44,287 - INFO - [실시간] 요청 89000개 처리 | 현재까지의 RPS: 475.50최근 1000개 request의 p99 TTFT: 0.5955 초 | 
2025-11-20 20:15:45,923 - INFO - [실시간] 요청 90000개 처리 | 현재까지의 RPS: 476.67최근 1000개 request의 p99 TTFT: 1.0748 초 | 
2025-11-20 20:15:47,576 - INFO - [실시간] 요청 91000개 처리 | 현재까지의 RPS: 477.79최근 1000개 request의 p99 TTFT: 0.4257 초 | 
2025-11-20 20:15:49,185 - INFO - [실시간] 요청 92000개 처리 | 현재까지의 RPS: 478.99최근 1000개 request의 p99 TTFT: 0.2274 초 | 
2025-11-20 20:15:50,842 - INFO - [실시간] 요청 93000개 처리 | 현재까지의 RPS: 480.06최근 1000개 request의 p99 TTFT: 0.2741 초 | 
2025-11-20 20:15:52,599 - INFO - [실시간] 요청 94000개 처리 | 현재까지의 RPS: 480.86최근 1000개 request의 p99 TTFT: 0.6455 초 | 
2025-11-20 20:15:54,093 - INFO - [실시간] 요청 95000개 처리 | 현재까지의 RPS: 482.29최근 1000개 request의 p99 TTFT: 0.5986 초 | 
2025-11-20 20:15:55,650 - INFO - [실시간] 요청 96000개 처리 | 현재까지의 RPS: 483.54최근 1000개 request의 p99 TTFT: 0.2369 초 | 
2025-11-20 20:15:57,494 - INFO - [실시간] 요청 97000개 처리 | 현재까지의 RPS: 484.08최근 1000개 request의 p99 TTFT: 0.4468 초 | 
2025-11-20 20:15:59,021 - INFO - [실시간] 요청 98000개 처리 | 현재까지의 RPS: 485.37최근 1000개 request의 p99 TTFT: 0.5865 초 | 
2025-11-20 20:16:00,572 - INFO - [실시간] 요청 99000개 처리 | 현재까지의 RPS: 486.59최근 1000개 request의 p99 TTFT: 0.5450 초 | 
2025-11-20 20:16:02,259 - INFO - [실시간] 요청 100000개 처리 | 현재까지의 RPS: 487.46최근 1000개 request의 p99 TTFT: 0.3846 초 | 
2025-11-20 20:16:03,869 - INFO - [실시간] 요청 101000개 처리 | 현재까지의 RPS: 488.51최근 1000개 request의 p99 TTFT: 0.2189 초 | 
2025-11-20 20:16:05,544 - INFO - [실시간] 요청 102000개 처리 | 현재까지의 RPS: 489.38최근 1000개 request의 p99 TTFT: 0.2107 초 | 
2025-11-20 20:16:07,392 - INFO - [실시간] 요청 103000개 처리 | 현재까지의 RPS: 489.83최근 1000개 request의 p99 TTFT: 0.3940 초 | 
2025-11-20 20:16:09,032 - INFO - [실시간] 요청 104000개 처리 | 현재까지의 RPS: 490.76최근 1000개 request의 p99 TTFT: 0.7745 초 | 
2025-11-20 20:16:10,690 - INFO - [실시간] 요청 105000개 처리 | 현재까지의 RPS: 491.63최근 1000개 request의 p99 TTFT: 0.4860 초 | 
2025-11-20 20:16:12,298 - INFO - [실시간] 요청 106000개 처리 | 현재까지의 RPS: 492.60최근 1000개 request의 p99 TTFT: 0.1894 초 | 
2025-11-20 20:16:13,896 - INFO - [실시간] 요청 107000개 처리 | 현재까지의 RPS: 493.59최근 1000개 request의 p99 TTFT: 0.1959 초 | 
2025-11-20 20:16:15,616 - INFO - [실시간] 요청 108000개 처리 | 현재까지의 RPS: 494.28최근 1000개 request의 p99 TTFT: 0.2917 초 | 
2025-11-20 20:16:17,351 - INFO - [실시간] 요청 109000개 처리 | 현재까지의 RPS: 494.92최근 1000개 request의 p99 TTFT: 0.6476 초 | 
2025-11-20 20:16:18,943 - INFO - [실시간] 요청 110000개 처리 | 현재까지의 RPS: 495.88최근 1000개 request의 p99 TTFT: 0.6779 초 | 
2025-11-20 20:16:20,656 - INFO - [실시간] 요청 111000개 처리 | 현재까지의 RPS: 496.55최근 1000개 request의 p99 TTFT: 0.1946 초 | 
2025-11-20 20:16:22,340 - INFO - [실시간] 요청 112000개 처리 | 현재까지의 RPS: 497.28최근 1000개 request의 p99 TTFT: 0.2043 초 | 
2025-11-20 20:16:23,883 - INFO - [실시간] 요청 113000개 처리 | 현재까지의 RPS: 498.31최근 1000개 request의 p99 TTFT: 0.2434 초 | 
2025-11-20 20:16:25,632 - INFO - [실시간] 요청 114000개 처리 | 현재까지의 RPS: 498.87최근 1000개 request의 p99 TTFT: 0.5065 초 | 
2025-11-20 20:16:27,282 - INFO - [실시간] 요청 115000개 처리 | 현재까지의 RPS: 499.64최근 1000개 request의 p99 TTFT: 0.7309 초 | 
2025-11-20 20:16:28,911 - INFO - [실시간] 요청 116000개 처리 | 현재까지의 RPS: 500.44최근 1000개 request의 p99 TTFT: 0.2182 초 | 
2025-11-20 20:16:30,563 - INFO - [실시간] 요청 117000개 처리 | 현재까지의 RPS: 501.18최근 1000개 request의 p99 TTFT: 0.2132 초 | 
2025-11-20 20:16:32,225 - INFO - [실시간] 요청 118000개 처리 | 현재까지의 RPS: 501.89최근 1000개 request의 p99 TTFT: 0.2157 초 | 
2025-11-20 20:16:34,032 - INFO - [실시간] 요청 119000개 처리 | 현재까지의 RPS: 502.29최근 1000개 request의 p99 TTFT: 0.3864 초 | 
2025-11-20 20:16:35,721 - INFO - [실시간] 요청 120000개 처리 | 현재까지의 RPS: 502.92최근 1000개 request의 p99 TTFT: 0.5136 초 | 
2025-11-20 20:16:37,251 - INFO - [실시간] 요청 121000개 처리 | 현재까지의 RPS: 503.88최근 1000개 request의 p99 TTFT: 0.4504 초 | 
2025-11-20 20:16:38,891 - INFO - [실시간] 요청 122000개 처리 | 현재까지의 RPS: 504.60최근 1000개 request의 p99 TTFT: 0.2154 초 | 
2025-11-20 20:16:40,531 - INFO - [실시간] 요청 123000개 처리 | 현재까지의 RPS: 505.31최근 1000개 request의 p99 TTFT: 0.1937 초 | 
2025-11-20 20:16:42,217 - INFO - [실시간] 요청 124000개 처리 | 현재까지의 RPS: 505.91최근 1000개 request의 p99 TTFT: 0.1948 초 | 
2025-11-20 20:16:43,925 - INFO - [실시간] 요청 125000개 처리 | 현재까지의 RPS: 506.46최근 1000개 request의 p99 TTFT: 0.5017 초 | 
2025-11-20 20:16:45,561 - INFO - [실시간] 요청 126000개 처리 | 현재까지의 RPS: 507.15최근 1000개 request의 p99 TTFT: 0.8938 초 | 
2025-11-20 20:16:47,093 - INFO - [실시간] 요청 127000개 처리 | 현재까지의 RPS: 508.05최근 1000개 request의 p99 TTFT: 0.5843 초 | 
2025-11-20 20:16:48,773 - INFO - [실시간] 요청 128000개 처리 | 현재까지의 RPS: 508.63최근 1000개 request의 p99 TTFT: 0.4030 초 | 
2025-11-20 20:16:50,352 - INFO - [실시간] 요청 129000개 처리 | 현재까지의 RPS: 509.41최근 1000개 request의 p99 TTFT: 0.2296 초 | 
2025-11-20 20:16:52,168 - INFO - [실시간] 요청 130000개 처리 | 현재까지의 RPS: 509.70최근 1000개 request의 p99 TTFT: 0.6117 초 | 
2025-11-20 20:16:53,617 - INFO - [실시간] 요청 131000개 처리 | 현재까지의 RPS: 510.72최근 1000개 request의 p99 TTFT: 0.7034 초 | 
2025-11-20 20:16:55,250 - INFO - [실시간] 요청 132000개 처리 | 현재까지의 RPS: 511.36최근 1000개 request의 p99 TTFT: 0.2375 초 | 
2025-11-20 20:16:56,800 - INFO - [실시간] 요청 133000개 처리 | 현재까지의 RPS: 512.16최근 1000개 request의 p99 TTFT: 0.4730 초 | 
2025-11-20 20:16:58,385 - INFO - [실시간] 요청 134000개 처리 | 현재까지의 RPS: 512.88최근 1000개 request의 p99 TTFT: 0.4223 초 | 
2025-11-20 20:17:00,073 - INFO - [실시간] 요청 135000개 처리 | 현재까지의 RPS: 513.39최근 1000개 request의 p99 TTFT: 0.6677 초 | 
2025-11-20 20:17:01,610 - INFO - [실시간] 요청 136000개 처리 | 현재까지의 RPS: 514.19최근 1000개 request의 p99 TTFT: 0.6591 초 | 
2025-11-20 20:17:03,186 - INFO - [실시간] 요청 137000개 처리 | 현재까지의 RPS: 514.90최근 1000개 request의 p99 TTFT: 0.1963 초 | 
2025-11-20 20:17:04,796 - INFO - [실시간] 요청 138000개 처리 | 현재까지의 RPS: 515.54최근 1000개 request의 p99 TTFT: 0.2333 초 | 
2025-11-20 20:17:06,406 - INFO - [실시간] 요청 139000개 처리 | 현재까지의 RPS: 516.17최근 1000개 request의 p99 TTFT: 0.2599 초 | 
2025-11-20 20:17:08,270 - INFO - [실시간] 요청 140000개 처리 | 현재까지의 RPS: 516.31최근 1000개 request의 p99 TTFT: 0.7289 초 | 
2025-11-20 20:17:09,749 - INFO - [실시간] 요청 141000개 처리 | 현재까지의 RPS: 517.18최근 1000개 request의 p99 TTFT: 1.0343 초 | 
2025-11-20 20:17:11,322 - INFO - [실시간] 요청 142000개 처리 | 현재까지의 RPS: 517.86최근 1000개 request의 p99 TTFT: 0.4494 초 | 
2025-11-20 20:17:12,936 - INFO - [실시간] 요청 143000개 처리 | 현재까지의 RPS: 518.45최근 1000개 request의 p99 TTFT: 0.2182 초 | 
2025-11-20 20:17:14,528 - INFO - [실시간] 요청 144000개 처리 | 현재까지의 RPS: 519.08최근 1000개 request의 p99 TTFT: 0.2055 초 | 
2025-11-20 20:17:16,382 - INFO - [실시간] 요청 145000개 처리 | 현재까지의 RPS: 519.22최근 1000개 request의 p99 TTFT: 0.7469 초 | 
2025-11-20 20:17:17,836 - INFO - [실시간] 요청 146000개 처리 | 현재까지의 RPS: 520.09최근 1000개 request의 p99 TTFT: 0.8960 초 | 
2025-11-20 20:17:19,415 - INFO - [실시간] 요청 147000개 처리 | 현재까지의 RPS: 520.72최근 1000개 request의 p99 TTFT: 0.2768 초 | 
2025-11-20 20:17:21,010 - INFO - [실시간] 요청 148000개 처리 | 현재까지의 RPS: 521.32최근 1000개 request의 p99 TTFT: 0.2293 초 | 
2025-11-20 20:17:22,583 - INFO - [실시간] 요청 149000개 처리 | 현재까지의 RPS: 521.95최근 1000개 request의 p99 TTFT: 0.2188 초 | 
2025-11-20 20:17:24,473 - INFO - [실시간] 요청 150000개 처리 | 현재까지의 RPS: 522.00최근 1000개 request의 p99 TTFT: 0.4972 초 | 
2025-11-20 20:17:25,953 - INFO - [실시간] 요청 151000개 처리 | 현재까지의 RPS: 522.79최근 1000개 request의 p99 TTFT: 0.6992 초 | 
2025-11-20 20:17:27,422 - INFO - [실시간] 요청 152000개 처리 | 현재까지의 RPS: 523.58최근 1000개 request의 p99 TTFT: 0.3735 초 | 
2025-11-20 20:17:29,034 - INFO - [실시간] 요청 153000개 처리 | 현재까지의 RPS: 524.12최근 1000개 request의 p99 TTFT: 0.2145 초 | 
2025-11-20 20:17:30,568 - INFO - [실시간] 요청 154000개 처리 | 현재까지의 RPS: 524.79최근 1000개 request의 p99 TTFT: 0.4212 초 | 
2025-11-20 20:17:32,137 - INFO - [실시간] 요청 155000개 처리 | 현재까지의 RPS: 525.39최근 1000개 request의 p99 TTFT: 0.3510 초 | 
2025-11-20 20:17:33,959 - INFO - [실시간] 요청 156000개 처리 | 현재까지의 RPS: 525.53최근 1000개 request의 p99 TTFT: 0.7136 초 | 
2025-11-20 20:17:35,427 - INFO - [실시간] 요청 157000개 처리 | 현재까지의 RPS: 526.30최근 1000개 request의 p99 TTFT: 0.8650 초 | 
2025-11-20 20:17:37,041 - INFO - [실시간] 요청 158000개 처리 | 현재까지의 RPS: 526.80최근 1000개 request의 p99 TTFT: 0.2286 초 | 
2025-11-20 20:17:38,633 - INFO - [실시간] 요청 159000개 처리 | 현재까지의 RPS: 527.33최근 1000개 request의 p99 TTFT: 0.4598 초 | 
2025-11-20 20:17:40,498 - INFO - [실시간] 요청 160000개 처리 | 현재까지의 RPS: 527.39최근 1000개 request의 p99 TTFT: 0.4446 초 | 
2025-11-20 20:17:42,092 - INFO - [실시간] 요청 161000개 처리 | 현재까지의 RPS: 527.91최근 1000개 request의 p99 TTFT: 0.6661 초 | 
2025-11-20 20:17:43,622 - INFO - [실시간] 요청 162000개 처리 | 현재까지의 RPS: 528.54최근 1000개 request의 p99 TTFT: 0.6339 초 | 
2025-11-20 20:17:45,084 - INFO - [실시간] 요청 163000개 처리 | 현재까지의 RPS: 529.28최근 1000개 request의 p99 TTFT: 0.4876 초 | 
2025-11-20 20:17:46,520 - INFO - [실시간] 요청 164000개 처리 | 현재까지의 RPS: 530.05최근 1000개 request의 p99 TTFT: 0.4478 초 | 
2025-11-20 20:17:48,065 - INFO - [실시간] 요청 165000개 처리 | 현재까지의 RPS: 530.63최근 1000개 request의 p99 TTFT: 0.2070 초 | 
2025-11-20 20:17:49,839 - INFO - [실시간] 요청 166000개 처리 | 현재까지의 RPS: 530.82최근 1000개 request의 p99 TTFT: 0.6676 초 | 
2025-11-20 20:17:51,272 - INFO - [실시간] 요청 167000개 처리 | 현재까지의 RPS: 531.58최근 1000개 request의 p99 TTFT: 0.7143 초 | 
2025-11-20 20:17:52,754 - INFO - [실시간] 요청 168000개 처리 | 현재까지의 RPS: 532.25최근 1000개 request의 p99 TTFT: 0.4058 초 | 
2025-11-20 20:17:54,198 - INFO - [실시간] 요청 169000개 처리 | 현재까지의 RPS: 532.99최근 1000개 request의 p99 TTFT: 0.3465 초 | 
2025-11-20 20:17:55,719 - INFO - [실시간] 요청 170000개 처리 | 현재까지의 RPS: 533.58최근 1000개 request의 p99 TTFT: 0.3360 초 | 
2025-11-20 20:17:57,620 - INFO - [실시간] 요청 171000개 처리 | 현재까지의 RPS: 533.53최근 1000개 request의 p99 TTFT: 0.5497 초 | 
2025-11-20 20:17:59,083 - INFO - [실시간] 요청 172000개 처리 | 현재까지의 RPS: 534.21최근 1000개 request의 p99 TTFT: 1.1618 초 | 
2025-11-20 20:18:00,499 - INFO - [실시간] 요청 173000개 처리 | 현재까지의 RPS: 534.97최근 1000개 request의 p99 TTFT: 1.1272 초 | 
2025-11-20 20:18:02,015 - INFO - [실시간] 요청 174000개 처리 | 현재까지의 RPS: 535.55최근 1000개 request의 p99 TTFT: 0.2151 초 | 
2025-11-20 20:18:03,806 - INFO - [실시간] 요청 175000개 처리 | 현재까지의 RPS: 535.68최근 1000개 request의 p99 TTFT: 0.2640 초 | 
2025-11-20 20:18:05,430 - INFO - [실시간] 요청 176000개 처리 | 현재까지의 RPS: 536.07최근 1000개 request의 p99 TTFT: 0.9727 초 | 
2025-11-20 20:18:06,841 - INFO - [실시간] 요청 177000개 처리 | 현재까지의 RPS: 536.81최근 1000개 request의 p99 TTFT: 1.0599 초 | 
통계에 반영된 요청 인덱스 범위: 3000 ~ 177789 (총 174789개 요청)
통계 반영된 요청 수: 174789, 통계 반영된 시간: 389.38 초

==================================================
 실험 최종 결과 요약
==================================================
 설정 실험 시간: 330 초
 Clients 수: 7900
 통계 반영 시간: 389.38 초
 총 시도된 요청: 186070 개
 총 완료된 요청: 174789 개
 총 실패한 요청: 11281 개
 완료 요청 중 retrieval이 실패한 요청: -3000 개
 요청 성공률: 93.94%
 전체 Requests Per Second (RPS): 448.89
--------------------------------------------------
 Time to First Token (TTFT) Latency:
  - 평균 (Mean): 0.1422 초
  - 중간값 (50%ile): 0.1247 초
  - 최소값 (Min): 0.0185 초
  - 최대값 (Max): 1.2974 초
  - 95%ile Tail: 0.3651 초
  - 99%ile Tail: 0.5872 초
--------------------------------------------------
 Time Per Output Token (TPOT):
  - 평균 (Mean): 16.91 ms/token
--------------------------------------------------
 Embedding Latency:
  - 총 샘플 수: 174773
  - 평균 (Mean): 8.69 ms
  - 중간값 (50%ile): 7.00 ms
  - 95%ile Tail: 17.00 ms
  - 99%ile Tail: 46.00 ms
--------------------------------------------------
 VectorDB Search Latency:
  - 총 샘플 수: 174773
  - 평균 (Mean): 43.14 ms
  - 중간값 (50%ile): 21.00 ms
  - 95%ile Tail: 175.00 ms
  - 99%ile Tail: 388.00 ms
--------------------------------------------------
 Document Search Latency:
  - 총 샘플 수: 174773
  - 평균 (Mean): 13.68 ms
  - 중간값 (50%ile): 6.00 ms
  - 95%ile Tail: 46.00 ms
  - 99%ile Tail: 98.00 ms
--------------------------------------------------
 Total Retrieval Latency:
  - 총 샘플 수: 174789
  - 평균 (Mean): 65.52 ms
  - 중간값 (50%ile): 38.00 ms
  - 95%ile Tail: 226.00 ms
  - 99%ile Tail: 480.00 ms
==================================================
