2025-11-20 19:59:19,374 - INFO - ReqGen 시작: 서버=163.152.48.109:9000, 클라이언트=8000, 시간=330초
2025-11-20 19:59:19,374 - INFO - Hugging Face에서 'kroshan/BioASQ' 데이터셋을 로드합니다...
2025-11-20 19:59:25,049 - INFO - 3266개의 질문을 로드했습니다.
2025-11-20 19:59:25,050 - INFO - 부하 테스트 시작, client 수 = 8000
2025-11-20 19:59:25,050 - INFO - Zipf 값 1.2에서 상위 20%의 질문이 차지하는 비율: 91.82%
2025-11-20 19:59:30,415 - INFO - [실시간] 요청 1000개 처리 | 현재까지의 RPS: 186.39최근 1000개 request의 p99 TTFT: 0.2266 초 | 
2025-11-20 19:59:33,683 - INFO - [실시간] 요청 2000개 처리 | 현재까지의 RPS: 231.67최근 1000개 request의 p99 TTFT: 0.2841 초 | 
2025-11-20 19:59:36,395 - INFO - [실시간] 요청 3000개 처리 | 현재까지의 RPS: 264.44최근 1000개 request의 p99 TTFT: 0.4047 초 | 
2025-11-20 19:59:38,860 - INFO - [실시간] 요청 4000개 처리 | 현재까지의 RPS: 289.64최근 1000개 request의 p99 TTFT: 0.4038 초 | 
2025-11-20 19:59:41,290 - INFO - [실시간] 요청 5000개 처리 | 현재까지의 RPS: 307.88최근 1000개 request의 p99 TTFT: 0.5090 초 | 
2025-11-20 19:59:43,406 - INFO - [실시간] 요청 6000개 처리 | 현재까지의 RPS: 326.88최근 1000개 request의 p99 TTFT: 0.4839 초 | 
2025-11-20 19:59:45,334 - INFO - [실시간] 요청 7000개 처리 | 현재까지의 RPS: 345.10최근 1000개 request의 p99 TTFT: 0.5021 초 | 
2025-11-20 19:59:47,844 - INFO - [실시간] 요청 8000개 처리 | 현재까지의 RPS: 350.97최근 1000개 request의 p99 TTFT: 0.2141 초 | 
2025-11-20 19:59:50,375 - INFO - [실시간] 요청 9000개 처리 | 현재까지의 RPS: 355.39최근 1000개 request의 p99 TTFT: 0.5619 초 | 
2025-11-20 19:59:52,916 - INFO - [실시간] 요청 10000개 처리 | 현재까지의 RPS: 358.87최근 1000개 request의 p99 TTFT: 0.3880 초 | 
2025-11-20 19:59:55,404 - INFO - [실시간] 요청 11000개 처리 | 현재까지의 RPS: 362.40최근 1000개 request의 p99 TTFT: 0.2108 초 | 
2025-11-20 19:59:57,700 - INFO - [실시간] 요청 12000개 처리 | 현재까지의 RPS: 367.54최근 1000개 request의 p99 TTFT: 0.2143 초 | 
2025-11-20 20:00:00,005 - INFO - [실시간] 요청 13000개 처리 | 현재까지의 RPS: 371.91최근 1000개 request의 p99 TTFT: 0.3902 초 | 
2025-11-20 20:00:02,519 - INFO - [실시간] 요청 14000개 처리 | 현재까지의 RPS: 373.65최근 1000개 request의 p99 TTFT: 0.2270 초 | 
2025-11-20 20:00:04,776 - INFO - [실시간] 요청 15000개 처리 | 현재까지의 RPS: 377.59최근 1000개 request의 p99 TTFT: 0.6188 초 | 
2025-11-20 20:00:07,284 - INFO - [실시간] 요청 16000개 처리 | 현재까지의 RPS: 378.85최근 1000개 request의 p99 TTFT: 0.4455 초 | 
2025-11-20 20:00:09,777 - INFO - [실시간] 요청 17000개 처리 | 현재까지의 RPS: 380.08최근 1000개 request의 p99 TTFT: 0.3781 초 | 
2025-11-20 20:00:12,167 - INFO - [실시간] 요청 18000개 처리 | 현재까지의 RPS: 382.03최근 1000개 request의 p99 TTFT: 0.2087 초 | 
2025-11-20 20:00:14,490 - INFO - [실시간] 요청 19000개 처리 | 현재까지의 RPS: 384.31최근 1000개 request의 p99 TTFT: 0.2025 초 | 
2025-11-20 20:00:17,001 - INFO - [실시간] 요청 20000개 처리 | 현재까지의 RPS: 384.98최근 1000개 request의 p99 TTFT: 0.3901 초 | 
2025-11-20 20:00:19,286 - INFO - [실시간] 요청 21000개 처리 | 현재까지의 RPS: 387.20최근 1000개 request의 p99 TTFT: 0.5578 초 | 
2025-11-20 20:00:21,717 - INFO - [실시간] 요청 22000개 처리 | 현재까지의 RPS: 388.23최근 1000개 request의 p99 TTFT: 0.2118 초 | 
2025-11-20 20:00:24,131 - INFO - [실시간] 요청 23000개 처리 | 현재까지의 RPS: 389.30최근 1000개 request의 p99 TTFT: 0.3640 초 | 
2025-11-20 20:00:26,408 - INFO - [실시간] 요청 24000개 처리 | 현재까지의 RPS: 391.15최근 1000개 request의 p99 TTFT: 0.3841 초 | 
2025-11-20 20:00:28,480 - INFO - [실시간] 요청 25000개 처리 | 현재까지의 RPS: 394.14최근 1000개 request의 p99 TTFT: 0.2454 초 | 
2025-11-20 20:00:30,669 - INFO - [실시간] 요청 26000개 처리 | 현재까지의 RPS: 396.23최근 1000개 request의 p99 TTFT: 0.6202 초 | 
2025-11-20 20:00:32,566 - INFO - [실시간] 요청 27000개 처리 | 현재까지의 RPS: 399.90최근 1000개 request의 p99 TTFT: 0.5151 초 | 
2025-11-20 20:00:34,469 - INFO - [실시간] 요청 28000개 처리 | 현재까지의 RPS: 403.35최근 1000개 request의 p99 TTFT: 0.4041 초 | 
2025-11-20 20:00:36,438 - INFO - [실시간] 요청 29000개 처리 | 현재까지의 RPS: 406.23최근 1000개 request의 p99 TTFT: 0.4774 초 | 
2025-11-20 20:00:38,549 - INFO - [실시간] 요청 30000개 처리 | 현재까지의 RPS: 408.17최근 1000개 request의 p99 TTFT: 0.9658 초 | 
2025-11-20 20:00:40,302 - INFO - [실시간] 요청 31000개 처리 | 현재까지의 RPS: 411.95최근 1000개 request의 p99 TTFT: 1.0185 초 | 
2025-11-20 20:00:42,023 - INFO - [실시간] 요청 32000개 처리 | 현재까지의 RPS: 415.73최근 1000개 request의 p99 TTFT: 0.3017 초 | 
2025-11-20 20:00:44,012 - INFO - [실시간] 요청 33000개 처리 | 현재까지의 RPS: 417.92최근 1000개 request의 p99 TTFT: 0.4689 초 | 
2025-11-20 20:00:45,824 - INFO - [실시간] 요청 34000개 처리 | 현재까지의 RPS: 420.93최근 1000개 request의 p99 TTFT: 0.9343 초 | 
2025-11-20 20:00:47,693 - INFO - [실시간] 요청 35000개 처리 | 현재까지의 RPS: 423.51최근 1000개 request의 p99 TTFT: 0.5793 초 | 
2025-11-20 20:00:49,643 - INFO - [실시간] 요청 36000개 처리 | 현재까지의 RPS: 425.57최근 1000개 request의 p99 TTFT: 0.2141 초 | 
2025-11-20 20:00:51,524 - INFO - [실시간] 요청 37000개 처리 | 현재까지의 RPS: 427.87최근 1000개 request의 p99 TTFT: 0.2338 초 | 
2025-11-20 20:00:53,708 - INFO - [실시간] 요청 38000개 처리 | 현재까지의 RPS: 428.62최근 1000개 request의 p99 TTFT: 0.5752 초 | 
2025-11-20 20:00:55,449 - INFO - [실시간] 요청 39000개 처리 | 현재까지의 RPS: 431.43최근 1000개 request의 p99 TTFT: 0.5246 초 | 
2025-11-20 20:00:57,425 - INFO - [실시간] 요청 40000개 처리 | 현재까지의 RPS: 433.02최근 1000개 request의 p99 TTFT: 0.4541 초 | 
2025-11-20 20:00:59,244 - INFO - [실시간] 요청 41000개 처리 | 현재까지의 RPS: 435.27최근 1000개 request의 p99 TTFT: 0.4032 초 | 
2025-11-20 20:01:01,143 - INFO - [실시간] 요청 42000개 처리 | 현재까지의 RPS: 437.08최근 1000개 request의 p99 TTFT: 0.2496 초 | 
2025-11-20 20:01:03,180 - INFO - [실시간] 요청 43000개 처리 | 현재까지의 RPS: 438.19최근 1000개 request의 p99 TTFT: 0.3754 초 | 
2025-11-20 20:01:05,107 - INFO - [실시간] 요청 44000개 처리 | 현재까지의 RPS: 439.75최근 1000개 request의 p99 TTFT: 0.6200 초 | 
2025-11-20 20:01:06,863 - INFO - [실시간] 요청 45000개 처리 | 현재까지의 RPS: 441.99최근 1000개 request의 p99 TTFT: 0.4820 초 | 
2025-11-20 20:01:08,867 - INFO - [실시간] 요청 46000개 처리 | 현재까지의 RPS: 443.09최근 1000개 request의 p99 TTFT: 0.2181 초 | 
2025-11-20 20:01:10,866 - INFO - [실시간] 요청 47000개 처리 | 현재까지의 RPS: 444.17최근 1000개 request의 p99 TTFT: 0.3654 초 | 
2025-11-20 20:01:12,864 - INFO - [실시간] 요청 48000개 처리 | 현재까지의 RPS: 445.21최근 1000개 request의 p99 TTFT: 0.4581 초 | 
2025-11-20 20:01:15,117 - INFO - [실시간] 요청 49000개 처리 | 현재까지의 RPS: 445.18최근 1000개 request의 p99 TTFT: 0.7124 초 | 
2025-11-20 20:01:16,928 - INFO - [실시간] 요청 50000개 처리 | 현재까지의 RPS: 446.92최근 1000개 request의 p99 TTFT: 0.8489 초 | 
2025-11-20 20:01:18,804 - INFO - [실시간] 요청 51000개 처리 | 현재까지의 RPS: 448.34최근 1000개 request의 p99 TTFT: 0.3692 초 | 
2025-11-20 20:01:20,617 - INFO - [실시간] 요청 52000개 처리 | 현재까지의 RPS: 449.96최근 1000개 request의 p99 TTFT: 0.2929 초 | 
2025-11-20 20:01:22,582 - INFO - [실시간] 요청 53000개 처리 | 현재까지의 RPS: 450.94최근 1000개 request의 p99 TTFT: 0.2485 초 | 
2025-11-20 20:01:24,748 - INFO - [실시간] 요청 54000개 처리 | 현재까지의 RPS: 451.13최근 1000개 request의 p99 TTFT: 0.4411 초 | 
2025-11-20 20:01:26,709 - INFO - [실시간] 요청 55000개 처리 | 현재까지의 RPS: 452.09최근 1000개 request의 p99 TTFT: 1.0805 초 | 
2025-11-20 20:01:28,421 - INFO - [실시간] 요청 56000개 처리 | 현재까지의 RPS: 453.92최근 1000개 request의 p99 TTFT: 0.8232 초 | 
2025-11-20 20:01:30,165 - INFO - [실시간] 요청 57000개 처리 | 현재까지의 RPS: 455.58최근 1000개 request의 p99 TTFT: 0.2635 초 | 
2025-11-20 20:01:31,814 - INFO - [실시간] 요청 58000개 처리 | 현재까지의 RPS: 457.54최근 1000개 request의 p99 TTFT: 0.2966 초 | 
2025-11-20 20:01:33,892 - INFO - [실시간] 요청 59000개 처리 | 현재까지의 RPS: 457.92최근 1000개 request의 p99 TTFT: 0.6264 초 | 
2025-11-20 20:01:35,583 - INFO - [실시간] 요청 60000개 처리 | 현재까지의 RPS: 459.65최근 1000개 request의 p99 TTFT: 0.7441 초 | 
2025-11-20 20:01:37,217 - INFO - [실시간] 요청 61000개 처리 | 현재까지의 RPS: 461.54최근 1000개 request의 p99 TTFT: 0.2269 초 | 
2025-11-20 20:01:38,890 - INFO - [실시간] 요청 62000개 처리 | 현재까지의 RPS: 463.24최근 1000개 request의 p99 TTFT: 0.5547 초 | 
2025-11-20 20:01:40,593 - INFO - [실시간] 요청 63000개 처리 | 현재까지의 RPS: 464.80최근 1000개 request의 p99 TTFT: 0.4742 초 | 
2025-11-20 20:01:42,497 - INFO - [실시간] 요청 64000개 처리 | 현재까지의 RPS: 465.63최근 1000개 request의 p99 TTFT: 0.8295 초 | 
2025-11-20 20:01:44,189 - INFO - [실시간] 요청 65000개 처리 | 현재까지의 RPS: 467.16최근 1000개 request의 p99 TTFT: 0.7561 초 | 
2025-11-20 20:01:45,731 - INFO - [실시간] 요청 66000개 처리 | 현재까지의 RPS: 469.15최근 1000개 request의 p99 TTFT: 0.5753 초 | 
2025-11-20 20:01:47,426 - INFO - [실시간] 요청 67000개 처리 | 현재까지의 RPS: 470.59최근 1000개 request의 p99 TTFT: 0.3853 초 | 
2025-11-20 20:01:49,262 - INFO - [실시간] 요청 68000개 처리 | 현재까지의 RPS: 471.53최근 1000개 request의 p99 TTFT: 0.9596 초 | 
2025-11-20 20:01:51,025 - INFO - [실시간] 요청 69000개 처리 | 현재까지의 RPS: 472.68최근 1000개 request의 p99 TTFT: 0.9893 초 | 
2025-11-20 20:01:52,781 - INFO - [실시간] 요청 70000개 처리 | 현재까지의 RPS: 473.84최근 1000개 request의 p99 TTFT: 0.2366 초 | 
2025-11-20 20:01:54,456 - INFO - [실시간] 요청 71000개 처리 | 현재까지의 RPS: 475.22최근 1000개 request의 p99 TTFT: 0.6772 초 | 
2025-11-20 20:01:56,213 - INFO - [실시간] 요청 72000개 처리 | 현재까지의 RPS: 476.31최근 1000개 request의 p99 TTFT: 0.2662 초 | 
2025-11-20 20:01:58,114 - INFO - [실시간] 요청 73000개 처리 | 현재까지의 RPS: 476.93최근 1000개 request의 p99 TTFT: 0.7198 초 | 
2025-11-20 20:01:59,725 - INFO - [실시간] 요청 74000개 처리 | 현재까지의 RPS: 478.42최근 1000개 request의 p99 TTFT: 0.7118 초 | 
2025-11-20 20:02:01,466 - INFO - [실시간] 요청 75000개 처리 | 현재까지의 RPS: 479.49최근 1000개 request의 p99 TTFT: 0.2255 초 | 
2025-11-20 20:02:03,194 - INFO - [실시간] 요청 76000개 처리 | 현재까지의 RPS: 480.57최근 1000개 request의 p99 TTFT: 0.5805 초 | 
2025-11-20 20:02:04,777 - INFO - [실시간] 요청 77000개 처리 | 현재까지의 RPS: 482.07최근 1000개 request의 p99 TTFT: 0.3405 초 | 
2025-11-20 20:02:06,519 - INFO - [실시간] 요청 78000개 처리 | 현재까지의 RPS: 483.06최근 1000개 request의 p99 TTFT: 0.4439 초 | 
2025-11-20 20:02:08,425 - INFO - [실시간] 요청 79000개 처리 | 현재까지의 RPS: 483.55최근 1000개 request의 p99 TTFT: 1.0317 초 | 
2025-11-20 20:02:10,123 - INFO - [실시간] 요청 80000개 처리 | 현재까지의 RPS: 484.64최근 1000개 request의 p99 TTFT: 1.0514 초 | 
2025-11-20 20:02:11,789 - INFO - [실시간] 요청 81000개 처리 | 현재까지의 RPS: 485.79최근 1000개 request의 p99 TTFT: 0.2254 초 | 
2025-11-20 20:02:13,500 - INFO - [실시간] 요청 82000개 처리 | 현재까지의 RPS: 486.79최근 1000개 request의 p99 TTFT: 0.2007 초 | 
2025-11-20 20:02:15,313 - INFO - [실시간] 요청 83000개 처리 | 현재까지의 RPS: 487.48최근 1000개 request의 p99 TTFT: 0.2196 초 | 
2025-11-20 20:02:17,102 - INFO - [실시간] 요청 84000개 처리 | 현재까지의 RPS: 488.22최근 1000개 request의 p99 TTFT: 0.6590 초 | 
2025-11-20 20:02:18,734 - INFO - [실시간] 요청 85000개 처리 | 현재까지의 RPS: 489.40최근 1000개 request의 p99 TTFT: 0.7267 초 | 
2025-11-20 20:02:20,502 - INFO - [실시간] 요청 86000개 처리 | 현재까지의 RPS: 490.16최근 1000개 request의 p99 TTFT: 0.2418 초 | 
2025-11-20 20:02:22,258 - INFO - [실시간] 요청 87000개 처리 | 현재까지의 RPS: 490.95최근 1000개 request의 p99 TTFT: 0.5490 초 | 
2025-11-20 20:02:23,917 - INFO - [실시간] 요청 88000개 처리 | 현재까지의 RPS: 491.99최근 1000개 request의 p99 TTFT: 0.4496 초 | 
2025-11-20 20:02:25,923 - INFO - [실시간] 요청 89000개 처리 | 현재까지의 RPS: 492.06최근 1000개 request의 p99 TTFT: 0.4882 초 | 
2025-11-20 20:02:27,576 - INFO - [실시간] 요청 90000개 처리 | 현재까지의 RPS: 493.08최근 1000개 request의 p99 TTFT: 1.1245 초 | 
2025-11-20 20:02:29,169 - INFO - [실시간] 요청 91000개 처리 | 현재까지의 RPS: 494.25최근 1000개 request의 p99 TTFT: 1.1627 초 | 
2025-11-20 20:02:30,827 - INFO - [실시간] 요청 92000개 처리 | 현재까지의 RPS: 495.22최근 1000개 request의 p99 TTFT: 0.2522 초 | 
2025-11-20 20:02:32,331 - INFO - [실시간] 요청 93000개 처리 | 현재까지의 RPS: 496.58최근 1000개 request의 p99 TTFT: 0.4057 초 | 
2025-11-20 20:02:34,096 - INFO - [실시간] 요청 94000개 처리 | 현재까지의 RPS: 497.23최근 1000개 request의 p99 TTFT: 0.5033 초 | 
2025-11-20 20:02:35,775 - INFO - [실시간] 요청 95000개 처리 | 현재까지의 RPS: 498.10최근 1000개 request의 p99 TTFT: 0.8703 초 | 
2025-11-20 20:02:37,334 - INFO - [실시간] 요청 96000개 처리 | 현재까지의 RPS: 499.26최근 1000개 request의 p99 TTFT: 0.6289 초 | 
2025-11-20 20:02:38,884 - INFO - [실시간] 요청 97000개 처리 | 현재까지의 RPS: 500.43최근 1000개 request의 p99 TTFT: 0.4309 초 | 
2025-11-20 20:02:40,427 - INFO - [실시간] 요청 98000개 처리 | 현재까지의 RPS: 501.60최근 1000개 request의 p99 TTFT: 0.3572 초 | 
2025-11-20 20:02:42,216 - INFO - [실시간] 요청 99000개 처리 | 현재까지의 RPS: 502.12최근 1000개 request의 p99 TTFT: 0.5470 초 | 
2025-11-20 20:02:43,753 - INFO - [실시간] 요청 100000개 처리 | 현재까지의 RPS: 503.26최근 1000개 request의 p99 TTFT: 1.1125 초 | 
2025-11-20 20:02:45,231 - INFO - [실시간] 요청 101000개 처리 | 현재까지의 RPS: 504.54최근 1000개 request의 p99 TTFT: 1.0158 초 | 
2025-11-20 20:02:46,857 - INFO - [실시간] 요청 102000개 처리 | 현재까지의 RPS: 505.43최근 1000개 request의 p99 TTFT: 0.4257 초 | 
2025-11-20 20:02:48,624 - INFO - [실시간] 요청 103000개 처리 | 현재까지의 RPS: 505.96최근 1000개 request의 p99 TTFT: 1.1822 초 | 
2025-11-20 20:02:50,130 - INFO - [실시간] 요청 104000개 처리 | 현재까지의 RPS: 507.12최근 1000개 request의 p99 TTFT: 1.2514 초 | 
2025-11-20 20:02:51,706 - INFO - [실시간] 요청 105000개 처리 | 현재까지의 RPS: 508.09최근 1000개 request의 p99 TTFT: 0.2635 초 | 
2025-11-20 20:02:53,400 - INFO - [실시간] 요청 106000개 처리 | 현재까지의 RPS: 508.76최근 1000개 request의 p99 TTFT: 0.2648 초 | 
2025-11-20 20:02:55,029 - INFO - [실시간] 요청 107000개 처리 | 현재까지의 RPS: 509.58최근 1000개 request의 p99 TTFT: 0.6131 초 | 
2025-11-20 20:02:56,779 - INFO - [실시간] 요청 108000개 처리 | 현재까지의 RPS: 510.09최근 1000개 request의 p99 TTFT: 0.6461 초 | 
2025-11-20 20:02:58,298 - INFO - [실시간] 요청 109000개 처리 | 현재까지의 RPS: 511.14최근 1000개 request의 p99 TTFT: 0.6081 초 | 
2025-11-20 20:02:59,968 - INFO - [실시간] 요청 110000개 처리 | 현재까지의 RPS: 511.82최근 1000개 request의 p99 TTFT: 0.3029 초 | 
2025-11-20 20:03:01,600 - INFO - [실시간] 요청 111000개 처리 | 현재까지의 RPS: 512.58최근 1000개 request의 p99 TTFT: 0.5221 초 | 
2025-11-20 20:03:03,258 - INFO - [실시간] 요청 112000개 처리 | 현재까지의 RPS: 513.27최근 1000개 request의 p99 TTFT: 0.2396 초 | 
2025-11-20 20:03:05,216 - INFO - [실시간] 요청 113000개 처리 | 현재까지의 RPS: 513.25최근 1000개 request의 p99 TTFT: 0.5275 초 | 
2025-11-20 20:03:06,696 - INFO - [실시간] 요청 114000개 처리 | 현재까지의 RPS: 514.33최근 1000개 request의 p99 TTFT: 1.2119 초 | 
2025-11-20 20:03:08,301 - INFO - [실시간] 요청 115000개 처리 | 현재까지의 RPS: 515.12최근 1000개 request의 p99 TTFT: 1.0437 초 | 
2025-11-20 20:03:09,914 - INFO - [실시간] 요청 116000개 처리 | 현재까지의 RPS: 515.87최근 1000개 request의 p99 TTFT: 0.2110 초 | 
2025-11-20 20:03:11,929 - INFO - [실시간] 요청 117000개 처리 | 현재까지의 RPS: 515.69최근 1000개 request의 p99 TTFT: 0.4102 초 | 
2025-11-20 20:03:13,515 - INFO - [실시간] 요청 118000개 처리 | 현재까지의 RPS: 516.49최근 1000개 request의 p99 TTFT: 0.7879 초 | 
2025-11-20 20:03:14,967 - INFO - [실시간] 요청 119000개 처리 | 현재까지의 RPS: 517.58최근 1000개 request의 p99 TTFT: 0.9009 초 | 
2025-11-20 20:03:16,618 - INFO - [실시간] 요청 120000개 처리 | 현재까지의 RPS: 518.21최근 1000개 request의 p99 TTFT: 0.4104 초 | 
2025-11-20 20:03:18,163 - INFO - [실시간] 요청 121000개 처리 | 현재까지의 RPS: 519.06최근 1000개 request의 p99 TTFT: 0.5824 초 | 
2025-11-20 20:03:19,704 - INFO - [실시간] 요청 122000개 처리 | 현재까지의 RPS: 519.92최근 1000개 request의 p99 TTFT: 0.4147 초 | 
2025-11-20 20:03:21,691 - INFO - [실시간] 요청 123000개 처리 | 현재까지의 RPS: 519.78최근 1000개 request의 p99 TTFT: 0.6627 초 | 
2025-11-20 20:03:23,211 - INFO - [실시간] 요청 124000개 처리 | 현재까지의 RPS: 520.66최근 1000개 request의 p99 TTFT: 0.7869 초 | 
2025-11-20 20:03:24,801 - INFO - [실시간] 요청 125000개 처리 | 현재까지의 RPS: 521.38최근 1000개 request의 p99 TTFT: 0.4890 초 | 
2025-11-20 20:03:26,499 - INFO - [실시간] 요청 126000개 처리 | 현재까지의 RPS: 521.85최근 1000개 request의 p99 TTFT: 0.2332 초 | 
2025-11-20 20:03:27,965 - INFO - [실시간] 요청 127000개 처리 | 현재까지의 RPS: 522.82최근 1000개 request의 p99 TTFT: 0.6193 초 | 
2025-11-20 20:03:29,685 - INFO - [실시간] 요청 128000개 처리 | 현재까지의 RPS: 523.23최근 1000개 request의 p99 TTFT: 0.5916 초 | 
2025-11-20 20:03:31,236 - INFO - [실시간] 요청 129000개 처리 | 현재까지의 RPS: 524.00최근 1000개 request의 p99 TTFT: 1.1768 초 | 
2025-11-20 20:03:32,862 - INFO - [실시간] 요청 130000개 처리 | 현재까지의 RPS: 524.59최근 1000개 request의 p99 TTFT: 1.0378 초 | 
2025-11-20 20:03:34,466 - INFO - [실시간] 요청 131000개 처리 | 현재까지의 RPS: 525.23최근 1000개 request의 p99 TTFT: 0.2801 초 | 
2025-11-20 20:03:35,932 - INFO - [실시간] 요청 132000개 처리 | 현재까지의 RPS: 526.14최근 1000개 request의 p99 TTFT: 0.4637 초 | 
2025-11-20 20:03:37,625 - INFO - [실시간] 요청 133000개 처리 | 현재까지의 RPS: 526.58최근 1000개 request의 p99 TTFT: 0.4539 초 | 
2025-11-20 20:03:39,212 - INFO - [실시간] 요청 134000개 처리 | 현재까지의 RPS: 527.22최근 1000개 request의 p99 TTFT: 0.8074 초 | 
2025-11-20 20:03:40,853 - INFO - [실시간] 요청 135000개 처리 | 현재까지의 RPS: 527.75최근 1000개 request의 p99 TTFT: 0.6716 초 | 
2025-11-20 20:03:42,379 - INFO - [실시간] 요청 136000개 처리 | 현재까지의 RPS: 528.51최근 1000개 request의 p99 TTFT: 0.4802 초 | 
2025-11-20 20:03:44,062 - INFO - [실시간] 요청 137000개 처리 | 현재까지의 RPS: 528.93최근 1000개 request의 p99 TTFT: 0.5289 초 | 
2025-11-20 20:03:45,648 - INFO - [실시간] 요청 138000개 처리 | 현재까지의 RPS: 529.55최근 1000개 request의 p99 TTFT: 0.6682 초 | 
2025-11-20 20:03:47,029 - INFO - [실시간] 요청 139000개 처리 | 현재까지의 RPS: 530.58최근 1000개 request의 p99 TTFT: 0.8232 초 | 
2025-11-20 20:03:48,608 - INFO - [실시간] 요청 140000개 처리 | 현재까지의 RPS: 531.19최근 1000개 request의 p99 TTFT: 0.3775 초 | 
2025-11-20 20:03:50,075 - INFO - [실시간] 요청 141000개 처리 | 현재까지의 RPS: 532.03최근 1000개 request의 p99 TTFT: 0.3792 초 | 
2025-11-20 20:03:51,710 - INFO - [실시간] 요청 142000개 처리 | 현재까지의 RPS: 532.51최근 1000개 request의 p99 TTFT: 0.3392 초 | 
2025-11-20 20:03:53,379 - INFO - [실시간] 요청 143000개 처리 | 현재까지의 RPS: 532.93최근 1000개 request의 p99 TTFT: 0.9290 초 | 
2025-11-20 20:03:54,836 - INFO - [실시간] 요청 144000개 처리 | 현재까지의 RPS: 533.76최근 1000개 request의 p99 TTFT: 0.9572 초 | 
2025-11-20 20:03:56,382 - INFO - [실시간] 요청 145000개 처리 | 현재까지의 RPS: 534.40최근 1000개 request의 p99 TTFT: 0.4222 초 | 
2025-11-20 20:03:57,793 - INFO - [실시간] 요청 146000개 처리 | 현재까지의 RPS: 535.30최근 1000개 request의 p99 TTFT: 0.4478 초 | 
2025-11-20 20:03:59,354 - INFO - [실시간] 요청 147000개 처리 | 현재까지의 RPS: 535.90최근 1000개 request의 p99 TTFT: 0.4785 초 | 
2025-11-20 20:04:01,088 - INFO - [실시간] 요청 148000개 처리 | 현재까지의 RPS: 536.16최근 1000개 request의 p99 TTFT: 0.5214 초 | 
2025-11-20 20:04:02,739 - INFO - [실시간] 요청 149000개 처리 | 현재까지의 RPS: 536.57최근 1000개 request의 p99 TTFT: 0.7569 초 | 
2025-11-20 20:04:04,211 - INFO - [실시간] 요청 150000개 처리 | 현재까지의 RPS: 537.32최근 1000개 request의 p99 TTFT: 0.7190 초 | 
2025-11-20 20:04:05,674 - INFO - [실시간] 요청 151000개 처리 | 현재까지의 RPS: 538.09최근 1000개 request의 p99 TTFT: 0.4321 초 | 
2025-11-20 20:04:07,092 - INFO - [실시간] 요청 152000개 처리 | 현재까지의 RPS: 538.93최근 1000개 request의 p99 TTFT: 0.4533 초 | 
2025-11-20 20:04:08,846 - INFO - [실시간] 요청 153000개 처리 | 현재까지의 RPS: 539.12최근 1000개 request의 p99 TTFT: 0.3250 초 | 
2025-11-20 20:04:10,353 - INFO - [실시간] 요청 154000개 처리 | 현재까지의 RPS: 539.78최근 1000개 request의 p99 TTFT: 0.6577 초 | 
2025-11-20 20:04:11,766 - INFO - [실시간] 요청 155000개 처리 | 현재까지의 RPS: 540.60최근 1000개 request의 p99 TTFT: 1.1444 초 | 
2025-11-20 20:04:13,337 - INFO - [실시간] 요청 156000개 처리 | 현재까지의 RPS: 541.13최근 1000개 request의 p99 TTFT: 0.2945 초 | 
2025-11-20 20:04:14,814 - INFO - [실시간] 요청 157000개 처리 | 현재까지의 RPS: 541.82최근 1000개 request의 p99 TTFT: 0.4256 초 | 
2025-11-20 20:04:16,308 - INFO - [실시간] 요청 158000개 처리 | 현재까지의 RPS: 542.48최근 1000개 request의 p99 TTFT: 0.2664 초 | 
2025-11-20 20:04:17,911 - INFO - [실시간] 요청 159000개 처리 | 현재까지의 RPS: 542.92최근 1000개 request의 p99 TTFT: 0.7188 초 | 
2025-11-20 20:04:19,413 - INFO - [실시간] 요청 160000개 처리 | 현재까지의 RPS: 543.55최근 1000개 request의 p99 TTFT: 0.6761 초 | 
2025-11-20 20:04:20,966 - INFO - [실시간] 요청 161000개 처리 | 현재까지의 RPS: 544.07최근 1000개 request의 p99 TTFT: 0.2142 초 | 
2025-11-20 20:04:22,557 - INFO - [실시간] 요청 162000개 처리 | 현재까지의 RPS: 544.53최근 1000개 request의 p99 TTFT: 0.2389 초 | 
2025-11-20 20:04:24,031 - INFO - [실시간] 요청 163000개 처리 | 현재까지의 RPS: 545.18최근 1000개 request의 p99 TTFT: 0.4516 초 | 
2025-11-20 20:04:25,604 - INFO - [실시간] 요청 164000개 처리 | 현재까지의 RPS: 545.66최근 1000개 request의 p99 TTFT: 0.4978 초 | 
2025-11-20 20:04:27,228 - INFO - [실시간] 요청 165000개 처리 | 현재까지의 RPS: 546.04최근 1000개 request의 p99 TTFT: 0.7900 초 | 
2025-11-20 20:04:28,633 - INFO - [실시간] 요청 166000개 처리 | 현재까지의 RPS: 546.80최근 1000개 request의 p99 TTFT: 0.7668 초 | 
2025-11-20 20:04:30,276 - INFO - [실시간] 요청 167000개 처리 | 현재까지의 RPS: 547.14최근 1000개 request의 p99 TTFT: 0.4246 초 | 
2025-11-20 20:04:31,731 - INFO - [실시간] 요청 168000개 처리 | 현재까지의 RPS: 547.80최근 1000개 request의 p99 TTFT: 0.5851 초 | 
2025-11-20 20:04:33,329 - INFO - [실시간] 요청 169000개 처리 | 현재까지의 RPS: 548.21최근 1000개 request의 p99 TTFT: 0.4394 초 | 
2025-11-20 20:04:34,981 - INFO - [실시간] 요청 170000개 처리 | 현재까지의 RPS: 548.51최근 1000개 request의 p99 TTFT: 0.7401 초 | 
2025-11-20 20:04:36,408 - INFO - [실시간] 요청 171000개 처리 | 현재까지의 RPS: 549.21최근 1000개 request의 p99 TTFT: 0.7223 초 | 
2025-11-20 20:04:37,956 - INFO - [실시간] 요청 172000개 처리 | 현재까지의 RPS: 549.69최근 1000개 request의 p99 TTFT: 0.2594 초 | 
2025-11-20 20:04:39,487 - INFO - [실시간] 요청 173000개 처리 | 현재까지의 RPS: 550.19최근 1000개 request의 p99 TTFT: 0.4677 초 | 
2025-11-20 20:04:41,032 - INFO - [실시간] 요청 174000개 처리 | 현재까지의 RPS: 550.67최근 1000개 request의 p99 TTFT: 0.4523 초 | 
2025-11-20 20:04:42,629 - INFO - [실시간] 요청 175000개 처리 | 현재까지의 RPS: 551.04최근 1000개 request의 p99 TTFT: 0.8935 초 | 
2025-11-20 20:04:44,023 - INFO - [실시간] 요청 176000개 처리 | 현재까지의 RPS: 551.77최근 1000개 request의 p99 TTFT: 0.9589 초 | 
2025-11-20 20:04:45,597 - INFO - [실시간] 요청 177000개 처리 | 현재까지의 RPS: 552.18최근 1000개 request의 p99 TTFT: 0.2647 초 | 
2025-11-20 20:04:46,966 - INFO - [실시간] 요청 178000개 처리 | 현재까지의 RPS: 552.94최근 1000개 request의 p99 TTFT: 0.4713 초 | 
2025-11-20 20:04:48,558 - INFO - [실시간] 요청 179000개 처리 | 현재까지의 RPS: 553.31최근 1000개 request의 p99 TTFT: 0.5351 초 | 
2025-11-20 20:04:50,318 - INFO - [실시간] 요청 180000개 처리 | 현재까지의 RPS: 553.39최근 1000개 request의 p99 TTFT: 0.9731 초 | 
2025-11-20 20:04:51,696 - INFO - [실시간] 요청 181000개 처리 | 현재까지의 RPS: 554.12최근 1000개 request의 p99 TTFT: 0.9144 초 | 
2025-11-20 20:04:53,170 - INFO - [실시간] 요청 182000개 처리 | 현재까지의 RPS: 554.68최근 1000개 request의 p99 TTFT: 0.2594 초 | 
2025-11-20 20:04:54,663 - INFO - [실시간] 요청 183000개 처리 | 현재까지의 RPS: 555.20최근 1000개 request의 p99 TTFT: 0.4505 초 | 
통계에 반영된 요청 인덱스 범위: 3000 ~ 183644 (총 180644개 요청)
통계 반영된 요청 수: 180644, 통계 반영된 시간: 388.57 초

==================================================
 실험 최종 결과 요약
==================================================
 설정 실험 시간: 330 초
 Clients 수: 8000
 통계 반영 시간: 388.57 초
 총 시도된 요청: 191329 개
 총 완료된 요청: 180644 개
 총 실패한 요청: 10685 개
 완료 요청 중 retrieval이 실패한 요청: -3000 개
 요청 성공률: 94.42%
 전체 Requests Per Second (RPS): 464.90
--------------------------------------------------
 Time to First Token (TTFT) Latency:
  - 평균 (Mean): 0.1601 초
  - 중간값 (50%ile): 0.1341 초
  - 최소값 (Min): 0.0187 초
  - 최대값 (Max): 1.4011 초
  - 95%ile Tail: 0.4276 초
  - 99%ile Tail: 0.7172 초
--------------------------------------------------
 Time Per Output Token (TPOT):
  - 평균 (Mean): 16.99 ms/token
--------------------------------------------------
 Embedding Latency:
  - 총 샘플 수: 180626
  - 평균 (Mean): 9.40 ms
  - 중간값 (50%ile): 7.00 ms
  - 95%ile Tail: 22.00 ms
  - 99%ile Tail: 59.00 ms
--------------------------------------------------
 VectorDB Search Latency:
  - 총 샘플 수: 180626
  - 평균 (Mean): 43.40 ms
  - 중간값 (50%ile): 20.00 ms
  - 95%ile Tail: 177.00 ms
  - 99%ile Tail: 436.00 ms
--------------------------------------------------
 Document Search Latency:
  - 총 샘플 수: 180626
  - 평균 (Mean): 19.23 ms
  - 중간값 (50%ile): 7.00 ms
  - 95%ile Tail: 76.00 ms
  - 99%ile Tail: 212.00 ms
--------------------------------------------------
 Total Retrieval Latency:
  - 총 샘플 수: 180644
  - 평균 (Mean): 72.03 ms
  - 중간값 (50%ile): 37.00 ms
  - 95%ile Tail: 275.00 ms
  - 99%ile Tail: 578.00 ms
==================================================
