2025-10-02 09:14:11,506 - INFO - ReqGen 시작: 서버=163.152.48.109:9000, 클라이언트=25, 시간=330초
2025-10-02 09:14:11,506 - INFO - Hugging Face에서 'kroshan/BioASQ' 데이터셋을 로드합니다...
2025-10-02 09:14:18,507 - INFO - 3266개의 질문을 로드했습니다.
2025-10-02 09:14:18,509 - INFO - 부하 테스트 시작, client 수 = 25
2025-10-02 09:14:18,509 - INFO - Zipf 값 1.2에서 상위 20%의 질문이 차지하는 비율: 91.82%
2025-10-02 09:19:47,586 - INFO - [실시간] 요청 1000개 처리 | 현재까지의 RPS: 3.04최근 1000개 request의 p99 TTFT: 19.8077 초 | 
2025-10-02 09:19:47,586 - WARNING - 최근 1000개의 p99 TTFT 19.8077 초가 SLO 의 2배 (2.0 초)를 초과했습니다. 부하 테스트를 조기 종료합니다.
통계에 반영된 요청 인덱스 범위: 0 ~ 1000 (총 1000개 요청)
통계 반영된 요청 수: 1000, 통계 반영된 시간: 339.66 초

==================================================
 실험 최종 결과 요약
==================================================
 부하 테스트가 조기 종료되었습니다! (SLO 위반)
 Client 수를 낮추어 다시 시도하세요.
 설정 실험 시간: 330 초
 Clients 수: 25
 통계 반영 시간: 339.66 초
 총 시도된 요청: 1000 개
 총 완료된 요청: 1000 개
 총 실패한 요청: 0 개
 완료 요청 중 retrieval이 실패한 요청: -5 개
 요청 성공률: 100.00%
 전체 Requests Per Second (RPS): 2.94
--------------------------------------------------
 Time to First Token (TTFT) Latency:
  - 평균 (Mean): 0.8574 초
  - 중간값 (50%ile): 0.1071 초
  - 최소값 (Min): 0.0432 초
  - 최대값 (Max): 25.1975 초
  - 95%ile Tail: 2.5939 초
  - 99%ile Tail: 19.8077 초
--------------------------------------------------
 Time Per Output Token (TPOT):
  - 평균 (Mean): 16.46 ms/token
--------------------------------------------------
 Embedding Latency:
  - 총 샘플 수: 989
  - 평균 (Mean): 9.79 ms
  - 중간값 (50%ile): 8.00 ms
  - 95%ile Tail: 19.00 ms
  - 99%ile Tail: 21.12 ms
--------------------------------------------------
 VectorDB Search Latency:
  - 총 샘플 수: 989
  - 평균 (Mean): 764.66 ms
  - 중간값 (50%ile): 10.00 ms
  - 95%ile Tail: 2133.20 ms
  - 99%ile Tail: 19824.52 ms
--------------------------------------------------
 Document Search Latency:
  - 총 샘플 수: 989
  - 평균 (Mean): 8.51 ms
  - 중간값 (50%ile): 8.00 ms
  - 95%ile Tail: 9.60 ms
  - 99%ile Tail: 14.00 ms
--------------------------------------------------
 Total Retrieval Latency:
  - 총 샘플 수: 1000
  - 평균 (Mean): 791.83 ms
  - 중간값 (50%ile): 29.00 ms
  - 95%ile Tail: 2566.70 ms
  - 99%ile Tail: 19780.26 ms
==================================================
