2025-10-02 08:33:33,237 - INFO - ReqGen 시작: 서버=163.152.48.109:9000, 클라이언트=100, 시간=330초
2025-10-02 08:33:33,237 - INFO - Hugging Face에서 'kroshan/BioASQ' 데이터셋을 로드합니다...
2025-10-02 08:33:40,080 - INFO - 3266개의 질문을 로드했습니다.
2025-10-02 08:33:40,081 - INFO - 부하 테스트 시작, client 수 = 100
2025-10-02 08:33:40,081 - INFO - Zipf 값 1.2에서 상위 20%의 질문이 차지하는 비율: 91.82%
2025-10-02 08:34:53,417 - INFO - [실시간] 요청 1000개 처리 | 현재까지의 RPS: 13.64최근 1000개 request의 p99 TTFT: 1.4820 초 | 
2025-10-02 08:36:07,604 - INFO - [실시간] 요청 2000개 처리 | 현재까지의 RPS: 13.56최근 1000개 request의 p99 TTFT: 4.1536 초 | 
2025-10-02 08:36:07,605 - WARNING - 최근 1000개의 p99 TTFT 4.1536 초가 SLO 의 2배 (2.0 초)를 초과했습니다. 부하 테스트를 조기 종료합니다.
통계에 반영된 요청 인덱스 범위: 1000 ~ 2000 (총 1000개 요청)
통계 반영된 요청 수: 1000, 통계 반영된 시간: 74.19 초

==================================================
 실험 최종 결과 요약
==================================================
 부하 테스트가 조기 종료되었습니다! (SLO 위반)
 Client 수를 낮추어 다시 시도하세요.
 설정 실험 시간: 330 초
 Clients 수: 100
 통계 반영 시간: 74.19 초
 총 시도된 요청: 1000 개
 총 완료된 요청: 1000 개
 총 실패한 요청: 0 개
 완료 요청 중 retrieval이 실패한 요청: -1006 개
 요청 성공률: 100.00%
 전체 Requests Per Second (RPS): 13.48
--------------------------------------------------
 Time to First Token (TTFT) Latency:
  - 평균 (Mean): 0.2001 초
  - 중간값 (50%ile): 0.0982 초
  - 최소값 (Min): 0.0419 초
  - 최대값 (Max): 4.4954 초
  - 95%ile Tail: 0.2046 초
  - 99%ile Tail: 4.1536 초
--------------------------------------------------
 Time Per Output Token (TPOT):
  - 평균 (Mean): 16.49 ms/token
--------------------------------------------------
 Embedding Latency:
  - 총 샘플 수: 998
  - 평균 (Mean): 8.42 ms
  - 중간값 (50%ile): 7.00 ms
  - 95%ile Tail: 16.00 ms
  - 99%ile Tail: 20.00 ms
--------------------------------------------------
 VectorDB Search Latency:
  - 총 샘플 수: 998
  - 평균 (Mean): 113.34 ms
  - 중간값 (50%ile): 8.00 ms
  - 95%ile Tail: 53.15 ms
  - 99%ile Tail: 4077.38 ms
--------------------------------------------------
 Document Search Latency:
  - 총 샘플 수: 998
  - 평균 (Mean): 8.16 ms
  - 중간값 (50%ile): 8.00 ms
  - 95%ile Tail: 10.00 ms
  - 99%ile Tail: 15.15 ms
--------------------------------------------------
 Total Retrieval Latency:
  - 총 샘플 수: 1000
  - 평균 (Mean): 129.72 ms
  - 중간값 (50%ile): 24.00 ms
  - 95%ile Tail: 76.10 ms
  - 99%ile Tail: 4095.64 ms
==================================================
