2025-11-21 04:27:15,688 - INFO - ReqGen 시작: 서버=163.152.48.109:9000, 클라이언트=2, 시간=330초
2025-11-21 04:27:15,688 - INFO - Hugging Face에서 'kroshan/BioASQ' 데이터셋을 로드합니다...
2025-11-21 04:27:21,716 - INFO - 3266개의 질문을 로드했습니다.
2025-11-21 04:27:21,717 - INFO - 부하 테스트 시작, client 수 = 2
통계에 반영된 요청 인덱스 범위: 0 ~ 463 (총 463개 요청)
statistics_start_time이 설정되지 않았습니다.
statistics_end_time이 설정되지 않았습니다.
통계 반영된 요청 수: 463, 통계 반영된 시간: 330.76 초

==================================================
 실험 최종 결과 요약
==================================================
 설정 실험 시간: 330 초
 Clients 수: 2
 통계 반영 시간: 330.76 초
 총 시도된 요청: 464 개
 총 완료된 요청: 463 개
 총 실패한 요청: 1 개
 완료 요청 중 retrieval이 실패한 요청: 0 개
 요청 성공률: 99.78%
 전체 Requests Per Second (RPS): 1.40
--------------------------------------------------
 Time to First Token (TTFT) Latency:
  - 평균 (Mean): 0.1325 초
  - 중간값 (50%ile): 0.1192 초
  - 최소값 (Min): 0.0253 초
  - 최대값 (Max): 0.3959 초
  - 95%ile Tail: 0.2703 초
  - 99%ile Tail: 0.3329 초
--------------------------------------------------
 Time Per Output Token (TPOT):
  - 평균 (Mean): 17.11 ms/token
--------------------------------------------------
 Embedding Latency:
  - 총 샘플 수: 317
  - 평균 (Mean): 6.57 ms
  - 중간값 (50%ile): 6.00 ms
  - 95%ile Tail: 10.00 ms
  - 99%ile Tail: 12.84 ms
--------------------------------------------------
 VectorDB Search Latency:
  - 총 샘플 수: 317
  - 평균 (Mean): 41.13 ms
  - 중간값 (50%ile): 11.00 ms
  - 95%ile Tail: 143.40 ms
  - 99%ile Tail: 183.28 ms
--------------------------------------------------
 Document Search Latency:
  - 총 샘플 수: 317
  - 평균 (Mean): 7.50 ms
  - 중간값 (50%ile): 7.00 ms
  - 95%ile Tail: 9.20 ms
  - 99%ile Tail: 13.00 ms
--------------------------------------------------
 Total Retrieval Latency:
  - 총 샘플 수: 463
  - 평균 (Mean): 64.03 ms
  - 중간값 (50%ile): 26.00 ms
  - 95%ile Tail: 181.00 ms
  - 99%ile Tail: 213.94 ms
==================================================
