2025-11-17 22:02:11,942 - INFO - ReqGen 시작: 서버=163.152.48.109:9000, 클라이언트=750, 시간=80초
2025-11-17 22:02:11,942 - INFO - Hugging Face에서 'kroshan/BioASQ' 데이터셋을 로드합니다...
2025-11-17 22:02:17,557 - INFO - 3266개의 질문을 로드했습니다.
2025-11-17 22:02:17,557 - INFO - 부하 테스트 시작, client 수 = 750
2025-11-17 22:02:17,557 - INFO - Zipf 값 1.2에서 상위 20%의 질문이 차지하는 비율: 91.82%
2025-11-17 22:02:38,870 - INFO - [실시간] 요청 1000개 처리 | 현재까지의 RPS: 46.92최근 1000개 request의 p99 TTFT: 0.1836 초 | 
2025-11-17 22:02:56,890 - INFO - [실시간] 요청 2000개 처리 | 현재까지의 RPS: 50.85최근 1000개 request의 p99 TTFT: 0.1855 초 | 
2025-11-17 22:03:15,455 - INFO - [실시간] 요청 3000개 처리 | 현재까지의 RPS: 51.82최근 1000개 request의 p99 TTFT: 0.1857 초 | 
2025-11-17 22:03:31,809 - INFO - [실시간] 요청 4000개 처리 | 현재까지의 RPS: 53.87최근 1000개 request의 p99 TTFT: 0.1761 초 | 
통계에 반영된 요청 인덱스 범위: 0 ~ 4426 (총 4426개 요청)
통계 반영된 요청 수: 4426, 통계 반영된 시간: 139.76 초

==================================================
 실험 최종 결과 요약
==================================================
 설정 실험 시간: 80 초
 Clients 수: 750
 통계 반영 시간: 139.76 초
 총 시도된 요청: 4634 개
 총 완료된 요청: 4426 개
 총 실패한 요청: 208 개
 완료 요청 중 retrieval이 실패한 요청: 0 개
 요청 성공률: 95.51%
 전체 Requests Per Second (RPS): 31.67
--------------------------------------------------
 Time to First Token (TTFT) Latency:
  - 평균 (Mean): 0.0906 초
  - 중간값 (50%ile): 0.0810 초
  - 최소값 (Min): 0.0270 초
  - 최대값 (Max): 0.3855 초
  - 95%ile Tail: 0.1597 초
  - 99%ile Tail: 0.1828 초
--------------------------------------------------
 Time Per Output Token (TPOT):
  - 평균 (Mean): 16.74 ms/token
--------------------------------------------------
 Embedding Latency:
  - 총 샘플 수: 4418
  - 평균 (Mean): 7.46 ms
  - 중간값 (50%ile): 7.00 ms
  - 95%ile Tail: 10.00 ms
  - 99%ile Tail: 12.00 ms
--------------------------------------------------
 VectorDB Search Latency:
  - 총 샘플 수: 4418
  - 평균 (Mean): 17.66 ms
  - 중간값 (50%ile): 16.00 ms
  - 95%ile Tail: 30.00 ms
  - 99%ile Tail: 51.83 ms
--------------------------------------------------
 Document Search Latency:
  - 총 샘플 수: 4418
  - 평균 (Mean): 7.50 ms
  - 중간값 (50%ile): 7.00 ms
  - 95%ile Tail: 11.00 ms
  - 99%ile Tail: 14.00 ms
--------------------------------------------------
 Total Retrieval Latency:
  - 총 샘플 수: 4426
  - 평균 (Mean): 32.64 ms
  - 중간값 (50%ile): 30.00 ms
  - 95%ile Tail: 46.00 ms
  - 99%ile Tail: 68.75 ms
==================================================
