2025-11-17 21:59:49,429 - INFO - ReqGen 시작: 서버=163.152.48.109:9000, 클라이언트=500, 시간=80초
2025-11-17 21:59:49,429 - INFO - Hugging Face에서 'kroshan/BioASQ' 데이터셋을 로드합니다...
2025-11-17 21:59:55,159 - INFO - 3266개의 질문을 로드했습니다.
2025-11-17 21:59:55,160 - INFO - 부하 테스트 시작, client 수 = 500
2025-11-17 21:59:55,161 - INFO - Zipf 값 1.2에서 상위 20%의 질문이 차지하는 비율: 91.82%
2025-11-17 22:00:28,456 - INFO - [실시간] 요청 1000개 처리 | 현재까지의 RPS: 30.03최근 1000개 request의 p99 TTFT: 0.3080 초 | 
2025-11-17 22:00:58,520 - INFO - [실시간] 요청 2000개 처리 | 현재까지의 RPS: 31.57최근 1000개 request의 p99 TTFT: 0.1987 초 | 
통계에 반영된 요청 인덱스 범위: 0 ~ 2697 (총 2697개 요청)
통계 반영된 요청 수: 2697, 통계 반영된 시간: 135.59 초

==================================================
 실험 최종 결과 요약
==================================================
 설정 실험 시간: 80 초
 Clients 수: 500
 통계 반영 시간: 135.59 초
 총 시도된 요청: 2870 개
 총 완료된 요청: 2697 개
 총 실패한 요청: 173 개
 완료 요청 중 retrieval이 실패한 요청: 0 개
 요청 성공률: 93.97%
 전체 Requests Per Second (RPS): 19.89
--------------------------------------------------
 Time to First Token (TTFT) Latency:
  - 평균 (Mean): 0.1030 초
  - 중간값 (50%ile): 0.0861 초
  - 최소값 (Min): 0.0288 초
  - 최대값 (Max): 0.4836 초
  - 95%ile Tail: 0.1914 초
  - 99%ile Tail: 0.2739 초
--------------------------------------------------
 Time Per Output Token (TPOT):
  - 평균 (Mean): 16.64 ms/token
--------------------------------------------------
 Embedding Latency:
  - 총 샘플 수: 2690
  - 평균 (Mean): 7.71 ms
  - 중간값 (50%ile): 7.00 ms
  - 95%ile Tail: 10.00 ms
  - 99%ile Tail: 12.00 ms
--------------------------------------------------
 VectorDB Search Latency:
  - 총 샘플 수: 2690
  - 평균 (Mean): 25.60 ms
  - 중간값 (50%ile): 16.00 ms
  - 95%ile Tail: 94.00 ms
  - 99%ile Tail: 153.11 ms
--------------------------------------------------
 Document Search Latency:
  - 총 샘플 수: 2690
  - 평균 (Mean): 7.89 ms
  - 중간값 (50%ile): 8.00 ms
  - 95%ile Tail: 10.00 ms
  - 99%ile Tail: 13.11 ms
--------------------------------------------------
 Total Retrieval Latency:
  - 총 샘플 수: 2697
  - 평균 (Mean): 41.31 ms
  - 중간값 (50%ile): 31.00 ms
  - 95%ile Tail: 111.20 ms
  - 99%ile Tail: 177.08 ms
==================================================
