2025-11-21 04:24:55,822 - INFO - ReqGen 시작: 서버=163.152.48.109:9000, 클라이언트=100, 시간=330초
2025-11-21 04:24:55,822 - INFO - Hugging Face에서 'kroshan/BioASQ' 데이터셋을 로드합니다...
2025-11-21 04:25:01,156 - INFO - 3266개의 질문을 로드했습니다.
2025-11-21 04:25:01,157 - INFO - 부하 테스트 시작, client 수 = 100
2025-11-21 04:25:26,477 - INFO - [실시간] 요청 1000개 처리 | 현재까지의 RPS: 39.49최근 1000개 request의 p99 TTFT: 0.4745 초 | 
2025-11-21 04:25:40,930 - INFO - [실시간] 요청 2000개 처리 | 현재까지의 RPS: 50.28최근 1000개 request의 p99 TTFT: 0.2125 초 | 
2025-11-21 04:25:55,532 - INFO - [실시간] 요청 3000개 처리 | 현재까지의 RPS: 55.17최근 1000개 request의 p99 TTFT: 0.2069 초 | 
Traceback (most recent call last):
  File "/home/comsys/sungsu/CXLSharedMemGPU/ReqGen/main.py", line 418, in <module>
    main()
  File "/home/comsys/sungsu/CXLSharedMemGPU/ReqGen/main.py", line 415, in main
    asyncio.run(reqgen.run())
  File "/usr/lib/python3.10/asyncio/runners.py", line 44, in run
    return loop.run_until_complete(main)
  File "/usr/lib/python3.10/asyncio/base_events.py", line 636, in run_until_complete
    self.run_forever()
  File "/usr/lib/python3.10/asyncio/base_events.py", line 603, in run_forever
    self._run_once()
  File "/usr/lib/python3.10/asyncio/base_events.py", line 1871, in _run_once
    event_list = self._selector.select(timeout)
  File "/usr/lib/python3.10/selectors.py", line 469, in select
    fd_event_list = self._selector.poll(timeout, max_ev)
KeyboardInterrupt
