2025-10-02 05:57:26,770 - INFO - ReqGen 시작: 서버=163.152.48.109:9000, 클라이언트=8, 시간=60초
2025-10-02 05:57:26,770 - INFO - Hugging Face에서 'kroshan/BioASQ' 데이터셋을 로드합니다...
2025-10-02 05:57:33,831 - INFO - 3266개의 질문을 로드했습니다.
2025-10-02 05:57:33,833 - INFO - 부하 테스트 시작, client 수 = 8
2025-10-02 05:57:33,833 - INFO - Zipf 값 1.2에서 상위 20%의 질문이 차지하는 비율: 91.82%
통계에 반영된 요청 인덱스 범위: 0 ~ 42 (총 42개 요청)
통계 반영된 요청 수: 42, 통계 반영된 시간: 85.14 초

==================================================
 실험 최종 결과 요약
==================================================
 설정 실험 시간: 60 초
 Clients 수: 8
 통계 반영 시간: 85.14 초
 총 시도된 요청: 42 개
 총 완료된 요청: 42 개
 총 실패한 요청: 0 개
 완료 요청 중 retrieval이 실패한 요청: 0 개
 요청 성공률: 100.00%
 전체 Requests Per Second (RPS): 0.49
--------------------------------------------------
 Time to First Token (TTFT) Latency:
  - 평균 (Mean): 4.5568 초
  - 중간값 (50%ile): 0.9848 초
  - 최소값 (Min): 0.0529 초
  - 최대값 (Max): 23.1621 초
  - 95%ile Tail: 21.5698 초
  - 99%ile Tail: 23.0742 초
--------------------------------------------------
 Time Per Output Token (TPOT):
  - 평균 (Mean): 16.56 ms/token
--------------------------------------------------
 Embedding Latency:
  - 총 샘플 수: 39
  - 평균 (Mean): 11.85 ms
  - 중간값 (50%ile): 11.00 ms
  - 95%ile Tail: 17.10 ms
  - 99%ile Tail: 19.86 ms
--------------------------------------------------
 VectorDB Search Latency:
  - 총 샘플 수: 39
  - 평균 (Mean): 4137.33 ms
  - 중간값 (50%ile): 818.00 ms
  - 95%ile Tail: 19307.30 ms
  - 99%ile Tail: 22493.72 ms
--------------------------------------------------
 Document Search Latency:
  - 총 샘플 수: 39
  - 평균 (Mean): 16.41 ms
  - 중간값 (50%ile): 8.00 ms
  - 95%ile Tail: 18.20 ms
  - 99%ile Tail: 188.64 ms
--------------------------------------------------
 Total Retrieval Latency:
  - 총 샘플 수: 42
  - 평균 (Mean): 4490.40 ms
  - 중간값 (50%ile): 895.50 ms
  - 95%ile Tail: 21462.90 ms
  - 99%ile Tail: 22956.44 ms
==================================================
