2025-10-01 21:06:34,482 - INFO - ReqGen 시작: 서버=163.152.48.109:9000, 클라이언트=2, 시간=600초
2025-10-01 21:06:34,482 - INFO - Hugging Face에서 'kroshan/BioASQ' 데이터셋을 로드합니다...
2025-10-01 21:06:42,107 - INFO - 3266개의 질문을 로드했습니다.
2025-10-01 21:06:42,108 - INFO - 부하 테스트 시작, client 수 = 2
2025-10-01 21:06:42,108 - INFO - Zipf 값 1.2에서 상위 20%의 질문이 차지하는 비율: 91.82%
통계에 반영된 요청 인덱스 범위: 0 ~ 74 (총 74개 요청)
통계 반영된 요청 수: 74, 통계 반영된 시간: 630.97 초

==================================================
 실험 최종 결과 요약
==================================================
 설정 실험 시간: 600 초
 Clients 수: 2
 통계 반영 시간: 630.97 초
 총 시도된 요청: 74 개
 총 완료된 요청: 74 개
 총 실패한 요청: 0 개
 요청 성공률: 100.00%
 전체 Requests Per Second (RPS): 0.12
--------------------------------------------------
 Time to First Token (TTFT) Latency:
  - 평균 (Mean): 7.7225 초
  - 중간값 (50%ile): 5.9706 초
  - 95%ile Tail: 27.1348 초
  - 99%ile Tail: 30.8695 초
--------------------------------------------------
 Time Per Output Token (TPOT):
  - 평균 (Mean): 17.02 ms/token
--------------------------------------------------
 Embedding Latency:
  - 총 샘플 수: 44
  - 평균 (Mean): 14.25 ms
  - 중간값 (50%ile): 11.00 ms
  - 95%ile Tail: 25.00 ms
  - 99%ile Tail: 28.14 ms
--------------------------------------------------
 VectorDB Search Latency:
  - 총 샘플 수: 42
  - 평균 (Mean): 6077.02 ms
  - 중간값 (50%ile): 5682.50 ms
  - 95%ile Tail: 10966.10 ms
  - 99%ile Tail: 19951.19 ms
--------------------------------------------------
 Document Search Latency:
  - 총 샘플 수: 42
  - 평균 (Mean): 9.43 ms
  - 중간값 (50%ile): 8.50 ms
  - 95%ile Tail: 22.55 ms
  - 99%ile Tail: 24.00 ms
--------------------------------------------------
 Total Retrieval Latency:
  - 총 샘플 수: 70
  - 평균 (Mean): 6303.54 ms
  - 중간값 (50%ile): 5759.50 ms
  - 95%ile Tail: 13061.05 ms
  - 99%ile Tail: 21671.96 ms
==================================================
