2025-11-20 19:41:28,461 - INFO - ReqGen 시작: 서버=163.152.48.109:9000, 클라이언트=7900, 시간=330초
2025-11-20 19:41:28,462 - INFO - Hugging Face에서 'kroshan/BioASQ' 데이터셋을 로드합니다...
2025-11-20 19:41:34,069 - INFO - 3266개의 질문을 로드했습니다.
2025-11-20 19:41:34,070 - INFO - 부하 테스트 시작, client 수 = 7900
2025-11-20 19:41:34,071 - INFO - Zipf 값 1.2에서 상위 20%의 질문이 차지하는 비율: 91.82%
2025-11-20 19:41:39,886 - INFO - [실시간] 요청 1000개 처리 | 현재까지의 RPS: 171.94최근 1000개 request의 p99 TTFT: 0.1963 초 | 
2025-11-20 19:41:43,267 - INFO - [실시간] 요청 2000개 처리 | 현재까지의 RPS: 217.46최근 1000개 request의 p99 TTFT: 0.2669 초 | 
2025-11-20 19:41:45,936 - INFO - [실시간] 요청 3000개 처리 | 현재까지의 RPS: 252.83최근 1000개 request의 p99 TTFT: 0.3902 초 | 
2025-11-20 19:41:48,261 - INFO - [실시간] 요청 4000개 처리 | 현재까지의 RPS: 281.88최근 1000개 request의 p99 TTFT: 0.3166 초 | 
2025-11-20 19:41:50,472 - INFO - [실시간] 요청 5000개 처리 | 현재까지의 RPS: 304.84최근 1000개 request의 p99 TTFT: 0.4460 초 | 
2025-11-20 19:41:52,585 - INFO - [실시간] 요청 6000개 처리 | 현재까지의 RPS: 324.07최근 1000개 request의 p99 TTFT: 0.4538 초 | 
2025-11-20 19:41:54,492 - INFO - [실시간] 요청 7000개 처리 | 현재까지의 RPS: 342.77최근 1000개 request의 p99 TTFT: 0.4658 초 | 
2025-11-20 19:41:56,851 - INFO - [실시간] 요청 8000개 처리 | 현재까지의 RPS: 351.18최근 1000개 request의 p99 TTFT: 0.1937 초 | 
2025-11-20 19:41:59,740 - INFO - [실시간] 요청 9000개 처리 | 현재까지의 RPS: 350.61최근 1000개 request의 p99 TTFT: 0.3968 초 | 
2025-11-20 19:42:02,161 - INFO - [실시간] 요청 10000개 처리 | 현재까지의 RPS: 355.99최근 1000개 request의 p99 TTFT: 0.7522 초 | 
2025-11-20 19:42:04,593 - INFO - [실시간] 요청 11000개 처리 | 현재까지의 RPS: 360.39최근 1000개 request의 p99 TTFT: 0.4057 초 | 
2025-11-20 19:42:06,911 - INFO - [실시간] 요청 12000개 처리 | 현재까지의 RPS: 365.41최근 1000개 request의 p99 TTFT: 0.1904 초 | 
2025-11-20 19:42:09,178 - INFO - [실시간] 요청 13000개 처리 | 현재까지의 RPS: 370.29최근 1000개 request의 p99 TTFT: 0.2069 초 | 
2025-11-20 19:42:11,521 - INFO - [실시간] 요청 14000개 처리 | 현재까지의 RPS: 373.83최근 1000개 request의 p99 TTFT: 0.1856 초 | 
2025-11-20 19:42:13,950 - INFO - [실시간] 요청 15000개 처리 | 현재까지의 RPS: 376.13최근 1000개 request의 p99 TTFT: 0.2258 초 | 
2025-11-20 19:42:16,389 - INFO - [실시간] 요청 16000개 처리 | 현재까지의 RPS: 378.09최근 1000개 request의 p99 TTFT: 0.8799 초 | 
2025-11-20 19:42:18,796 - INFO - [실시간] 요청 17000개 처리 | 현재까지의 RPS: 380.10최근 1000개 request의 p99 TTFT: 0.2045 초 | 
2025-11-20 19:42:21,260 - INFO - [실시간] 요청 18000개 처리 | 현재까지의 RPS: 381.44최근 1000개 request의 p99 TTFT: 0.1939 초 | 
2025-11-20 19:42:23,486 - INFO - [실시간] 요청 19000개 처리 | 현재까지의 RPS: 384.49최근 1000개 request의 p99 TTFT: 0.1960 초 | 
2025-11-20 19:42:25,880 - INFO - [실시간] 요청 20000개 처리 | 현재까지의 RPS: 386.03최근 1000개 request의 p99 TTFT: 0.3422 초 | 
2025-11-20 19:42:28,333 - INFO - [실시간] 요청 21000개 처리 | 현재까지의 RPS: 387.00최근 1000개 request의 p99 TTFT: 0.4024 초 | 
2025-11-20 19:42:30,730 - INFO - [실시간] 요청 22000개 처리 | 현재까지의 RPS: 388.28최근 1000개 request의 p99 TTFT: 0.4486 초 | 
2025-11-20 19:42:33,225 - INFO - [실시간] 요청 23000개 처리 | 현재까지의 RPS: 388.81최근 1000개 request의 p99 TTFT: 0.2123 초 | 
2025-11-20 19:42:35,550 - INFO - [실시간] 요청 24000개 처리 | 현재까지의 RPS: 390.37최근 1000개 request의 p99 TTFT: 0.2155 초 | 
2025-11-20 19:42:37,581 - INFO - [실시간] 요청 25000개 처리 | 현재까지의 RPS: 393.64최근 1000개 request의 p99 TTFT: 0.2011 초 | 
2025-11-20 19:42:39,736 - INFO - [실시간] 요청 26000개 처리 | 현재까지의 RPS: 395.95최근 1000개 request의 p99 TTFT: 0.4611 초 | 
2025-11-20 19:42:41,584 - INFO - [실시간] 요청 27000개 처리 | 현재까지의 RPS: 399.92최근 1000개 request의 p99 TTFT: 0.4609 초 | 
2025-11-20 19:42:43,477 - INFO - [실시간] 요청 28000개 처리 | 현재까지의 RPS: 403.42최근 1000개 request의 p99 TTFT: 0.2175 초 | 
2025-11-20 19:42:45,348 - INFO - [실시간] 요청 29000개 처리 | 현재까지의 RPS: 406.86최근 1000개 request의 p99 TTFT: 0.2164 초 | 
2025-11-20 19:42:47,519 - INFO - [실시간] 요청 30000개 처리 | 현재까지의 RPS: 408.45최근 1000개 request의 p99 TTFT: 0.3688 초 | 
2025-11-20 19:42:49,295 - INFO - [실시간] 요청 31000개 처리 | 현재까지의 RPS: 412.10최근 1000개 request의 p99 TTFT: 0.5974 초 | 
2025-11-20 19:42:51,015 - INFO - [실시간] 요청 32000개 처리 | 현재까지의 RPS: 415.88최근 1000개 request의 p99 TTFT: 0.5976 초 | 
2025-11-20 19:42:52,784 - INFO - [실시간] 요청 33000개 처리 | 현재까지의 RPS: 419.24최근 1000개 request의 p99 TTFT: 0.2168 초 | 
2025-11-20 19:42:54,658 - INFO - [실시간] 요청 34000개 처리 | 현재까지의 RPS: 421.90최근 1000개 request의 p99 TTFT: 0.4664 초 | 
2025-11-20 19:42:56,537 - INFO - [실시간] 요청 35000개 처리 | 현재까지의 RPS: 424.42최근 1000개 request의 p99 TTFT: 0.8894 초 | 
2025-11-20 19:42:58,375 - INFO - [실시간] 요청 36000개 처리 | 현재까지의 RPS: 427.02최근 1000개 request의 p99 TTFT: 0.7951 초 | 
2025-11-20 19:43:00,335 - INFO - [실시간] 요청 37000개 처리 | 현재까지의 RPS: 428.91최근 1000개 request의 p99 TTFT: 0.2319 초 | 
2025-11-20 19:43:02,218 - INFO - [실시간] 요청 38000개 처리 | 현재까지의 RPS: 431.09최근 1000개 request의 p99 TTFT: 0.1983 초 | 
2025-11-20 19:43:04,083 - INFO - [실시간] 요청 39000개 처리 | 현재까지의 RPS: 433.27최근 1000개 request의 p99 TTFT: 0.2183 초 | 
2025-11-20 19:43:06,062 - INFO - [실시간] 요청 40000개 처리 | 현재까지의 RPS: 434.82최근 1000개 request의 p99 TTFT: 0.7903 초 | 
2025-11-20 19:43:07,955 - INFO - [실시간] 요청 41000개 처리 | 현재까지의 RPS: 436.70최근 1000개 request의 p99 TTFT: 0.8012 초 | 
2025-11-20 19:43:09,804 - INFO - [실시간] 요청 42000개 처리 | 현재까지의 RPS: 438.72최근 1000개 request의 p99 TTFT: 0.2344 초 | 
2025-11-20 19:43:11,633 - INFO - [실시간] 요청 43000개 처리 | 현재까지의 RPS: 440.74최근 1000개 request의 p99 TTFT: 0.1915 초 | 
2025-11-20 19:43:13,444 - INFO - [실시간] 요청 44000개 처리 | 현재까지의 RPS: 442.77최근 1000개 request의 p99 TTFT: 0.1939 초 | 
2025-11-20 19:43:15,356 - INFO - [실시간] 요청 45000개 처리 | 현재까지의 RPS: 444.29최근 1000개 request의 p99 TTFT: 0.4004 초 | 
2025-11-20 19:43:17,212 - INFO - [실시간] 요청 46000개 처리 | 현재까지의 RPS: 445.99최근 1000개 request의 p99 TTFT: 0.5686 초 | 
2025-11-20 19:43:19,051 - INFO - [실시간] 요청 47000개 처리 | 현재까지의 RPS: 447.70최근 1000개 request의 p99 TTFT: 0.2018 초 | 
2025-11-20 19:43:20,909 - INFO - [실시간] 요청 48000개 처리 | 현재까지의 RPS: 449.27최근 1000개 request의 p99 TTFT: 0.2060 초 | 
2025-11-20 19:43:22,797 - INFO - [실시간] 요청 49000개 처리 | 현재까지의 RPS: 450.67최근 1000개 request의 p99 TTFT: 0.4324 초 | 
2025-11-20 19:43:24,707 - INFO - [실시간] 요청 50000개 처리 | 현재까지의 RPS: 451.93최근 1000개 request의 p99 TTFT: 0.4022 초 | 
2025-11-20 19:43:26,676 - INFO - [실시간] 요청 51000개 처리 | 현재까지의 RPS: 452.91최근 1000개 request의 p99 TTFT: 0.4405 초 | 
2025-11-20 19:43:28,499 - INFO - [실시간] 요청 52000개 처리 | 현재까지의 RPS: 454.43최근 1000개 request의 p99 TTFT: 0.5415 초 | 
2025-11-20 19:43:30,417 - INFO - [실시간] 요청 53000개 처리 | 현재까지의 RPS: 455.54최근 1000개 request의 p99 TTFT: 0.1907 초 | 
2025-11-20 19:43:32,346 - INFO - [실시간] 요청 54000개 처리 | 현재까지의 RPS: 456.56최근 1000개 request의 p99 TTFT: 0.1968 초 | 
2025-11-20 19:43:34,306 - INFO - [실시간] 요청 55000개 처리 | 현재까지의 RPS: 457.43최근 1000개 request의 p99 TTFT: 0.4495 초 | 
2025-11-20 19:43:36,120 - INFO - [실시간] 요청 56000개 처리 | 현재까지의 RPS: 458.83최근 1000개 request의 p99 TTFT: 0.4350 초 | 
2025-11-20 19:43:37,947 - INFO - [실시간] 요청 57000개 처리 | 현재까지의 RPS: 460.14최근 1000개 request의 p99 TTFT: 0.7639 초 | 
2025-11-20 19:43:39,574 - INFO - [실시간] 요청 58000개 처리 | 현재까지의 RPS: 462.14최근 1000개 request의 p99 TTFT: 0.5551 초 | 
2025-11-20 19:43:41,263 - INFO - [실시간] 요청 59000개 처리 | 현재까지의 RPS: 463.86최근 1000개 request의 p99 TTFT: 0.3898 초 | 
2025-11-20 19:43:42,955 - INFO - [실시간] 요청 60000개 처리 | 현재까지의 RPS: 465.53최근 1000개 request의 p99 TTFT: 0.3886 초 | 
2025-11-20 19:43:44,822 - INFO - [실시간] 요청 61000개 처리 | 현재까지의 RPS: 466.53최근 1000개 request의 p99 TTFT: 0.5009 초 | 
2025-11-20 19:43:46,441 - INFO - [실시간] 요청 62000개 처리 | 현재까지의 RPS: 468.38최근 1000개 request의 p99 TTFT: 0.4900 초 | 
2025-11-20 19:43:48,096 - INFO - [실시간] 요청 63000개 처리 | 현재까지의 RPS: 470.06최근 1000개 request의 p99 TTFT: 0.2036 초 | 
2025-11-20 19:43:49,803 - INFO - [실시간] 요청 64000개 처리 | 현재까지의 RPS: 471.51최근 1000개 request의 p99 TTFT: 0.4182 초 | 
2025-11-20 19:43:51,377 - INFO - [실시간] 요청 65000개 처리 | 현재까지의 RPS: 473.39최근 1000개 request의 p99 TTFT: 0.4613 초 | 
2025-11-20 19:43:53,181 - INFO - [실시간] 요청 66000개 처리 | 현재까지의 RPS: 474.44최근 1000개 request의 p99 TTFT: 0.7097 초 | 
2025-11-20 19:43:54,717 - INFO - [실시간] 요청 67000개 처리 | 현재까지의 RPS: 476.37최근 1000개 request의 p99 TTFT: 0.6809 초 | 
2025-11-20 19:43:56,252 - INFO - [실시간] 요청 68000개 처리 | 현재까지의 RPS: 478.26최근 1000개 request의 p99 TTFT: 0.2809 초 | 
2025-11-20 19:43:57,995 - INFO - [실시간] 요청 69000개 처리 | 현재까지의 RPS: 479.42최근 1000개 request의 p99 TTFT: 0.4536 초 | 
2025-11-20 19:43:59,785 - INFO - [실시간] 요청 70000개 처리 | 현재까지의 RPS: 480.39최근 1000개 request의 p99 TTFT: 0.4866 초 | 
2025-11-20 19:44:01,407 - INFO - [실시간] 요청 71000개 처리 | 현재까지의 RPS: 481.89최근 1000개 request의 p99 TTFT: 0.5673 초 | 
2025-11-20 19:44:03,195 - INFO - [실시간] 요청 72000개 처리 | 현재까지의 RPS: 482.82최근 1000개 request의 p99 TTFT: 0.2252 초 | 
2025-11-20 19:44:04,838 - INFO - [실시간] 요청 73000개 처리 | 현재까지의 RPS: 484.19최근 1000개 request의 p99 TTFT: 0.3756 초 | 
2025-11-20 19:44:06,513 - INFO - [실시간] 요청 74000개 처리 | 현재까지의 RPS: 485.43최근 1000개 request의 p99 TTFT: 0.5792 초 | 
2025-11-20 19:44:08,181 - INFO - [실시간] 요청 75000개 처리 | 현재까지의 RPS: 486.66최근 1000개 request의 p99 TTFT: 0.2186 초 | 
2025-11-20 19:44:10,065 - INFO - [실시간] 요청 76000개 처리 | 현재까지의 RPS: 487.20최근 1000개 request의 p99 TTFT: 0.5426 초 | 
2025-11-20 19:44:11,681 - INFO - [실시간] 요청 77000개 처리 | 현재까지의 RPS: 488.55최근 1000개 request의 p99 TTFT: 0.6653 초 | 
2025-11-20 19:44:13,363 - INFO - [실시간] 요청 78000개 처리 | 현재까지의 RPS: 489.67최근 1000개 request의 p99 TTFT: 0.3261 초 | 
2025-11-20 19:44:15,148 - INFO - [실시간] 요청 79000개 처리 | 현재까지의 RPS: 490.45최근 1000개 request의 p99 TTFT: 0.4212 초 | 
2025-11-20 19:44:16,716 - INFO - [실시간] 요청 80000개 처리 | 현재까지의 RPS: 491.87최근 1000개 request의 p99 TTFT: 0.4579 초 | 
2025-11-20 19:44:18,713 - INFO - [실시간] 요청 81000개 처리 | 현재까지의 RPS: 491.98최근 1000개 request의 p99 TTFT: 0.4008 초 | 
2025-11-20 19:44:20,357 - INFO - [실시간] 요청 82000개 처리 | 현재까지의 RPS: 493.12최근 1000개 request의 p99 TTFT: 0.5575 초 | 
2025-11-20 19:44:22,051 - INFO - [실시간] 요청 83000개 처리 | 현재까지의 RPS: 494.10최근 1000개 request의 p99 TTFT: 0.5302 초 | 
2025-11-20 19:44:23,694 - INFO - [실시간] 요청 84000개 처리 | 현재까지의 RPS: 495.21최근 1000개 request의 p99 TTFT: 0.2247 초 | 
2025-11-20 19:44:25,356 - INFO - [실시간] 요청 85000개 처리 | 현재까지의 RPS: 496.25최근 1000개 request의 p99 TTFT: 0.2158 초 | 
2025-11-20 19:44:27,051 - INFO - [실시간] 요청 86000개 처리 | 현재까지의 RPS: 497.16최근 1000개 request의 p99 TTFT: 0.2124 초 | 
2025-11-20 19:44:28,728 - INFO - [실시간] 요청 87000개 처리 | 현재까지의 RPS: 498.12최근 1000개 request의 p99 TTFT: 0.3903 초 | 
2025-11-20 19:44:30,493 - INFO - [실시간] 요청 88000개 처리 | 현재까지의 RPS: 498.80최근 1000개 request의 p99 TTFT: 0.8214 초 | 
2025-11-20 19:44:32,079 - INFO - [실시간] 요청 89000개 처리 | 현재까지의 RPS: 499.98최근 1000개 request의 p99 TTFT: 0.8860 초 | 
2025-11-20 19:44:33,756 - INFO - [실시간] 요청 90000개 처리 | 현재까지의 RPS: 500.88최근 1000개 request의 p99 TTFT: 0.2437 초 | 
2025-11-20 19:44:35,400 - INFO - [실시간] 요청 91000개 처리 | 현재까지의 RPS: 501.85최근 1000개 request의 p99 TTFT: 0.2154 초 | 
2025-11-20 19:44:36,943 - INFO - [실시간] 요청 92000개 처리 | 현재까지의 RPS: 503.08최근 1000개 request의 p99 TTFT: 0.2349 초 | 
2025-11-20 19:44:38,703 - INFO - [실시간] 요청 93000개 처리 | 현재까지의 RPS: 503.70최근 1000개 request의 p99 TTFT: 0.6039 초 | 
2025-11-20 19:44:40,303 - INFO - [실시간] 요청 94000개 처리 | 현재까지의 RPS: 504.74최근 1000개 request의 p99 TTFT: 0.7125 초 | 
2025-11-20 19:44:41,889 - INFO - [실시간] 요청 95000개 처리 | 현재까지의 RPS: 505.81최근 1000개 request의 p99 TTFT: 0.2145 초 | 
2025-11-20 19:44:43,556 - INFO - [실시간] 요청 96000개 처리 | 현재까지의 RPS: 506.64최근 1000개 request의 p99 TTFT: 0.2033 초 | 
2025-11-20 19:44:45,391 - INFO - [실시간] 요청 97000개 처리 | 현재까지의 RPS: 507.00최근 1000개 request의 p99 TTFT: 0.4759 초 | 
2025-11-20 19:44:46,951 - INFO - [실시간] 요청 98000개 처리 | 현재까지의 RPS: 508.09최근 1000개 request의 p99 TTFT: 0.7451 초 | 
2025-11-20 19:44:48,494 - INFO - [실시간] 요청 99000개 처리 | 현재까지의 RPS: 509.20최근 1000개 request의 p99 TTFT: 0.7694 초 | 
2025-11-20 19:44:49,970 - INFO - [실시간] 요청 100000개 처리 | 현재까지의 RPS: 510.46최근 1000개 request의 p99 TTFT: 0.2499 초 | 
2025-11-20 19:44:51,525 - INFO - [실시간] 요청 101000개 처리 | 현재까지의 RPS: 511.51최근 1000개 request의 p99 TTFT: 0.4064 초 | 
2025-11-20 19:44:53,156 - INFO - [실시간] 요청 102000개 처리 | 현재까지의 RPS: 512.34최근 1000개 request의 p99 TTFT: 0.5552 초 | 
2025-11-20 19:44:54,760 - INFO - [실시간] 요청 103000개 처리 | 현재까지의 RPS: 513.23최근 1000개 request의 p99 TTFT: 0.8688 초 | 
2025-11-20 19:44:56,241 - INFO - [실시간] 요청 104000개 처리 | 현재까지의 RPS: 514.42최근 1000개 request의 p99 TTFT: 0.8341 초 | 
2025-11-20 19:44:57,803 - INFO - [실시간] 요청 105000개 처리 | 현재까지의 RPS: 515.38최근 1000개 request의 p99 TTFT: 0.2245 초 | 
2025-11-20 19:44:59,370 - INFO - [실시간] 요청 106000개 처리 | 현재까지의 RPS: 516.32최근 1000개 request의 p99 TTFT: 0.2232 초 | 
2025-11-20 19:45:01,215 - INFO - [실시간] 요청 107000개 처리 | 현재까지의 RPS: 516.55최근 1000개 request의 p99 TTFT: 0.7585 초 | 
2025-11-20 19:45:02,667 - INFO - [실시간] 요청 108000개 처리 | 현재까지의 RPS: 517.75최근 1000개 request의 p99 TTFT: 1.0878 초 | 
2025-11-20 19:45:04,216 - INFO - [실시간] 요청 109000개 처리 | 현재까지의 RPS: 518.69최근 1000개 request의 p99 TTFT: 0.2743 초 | 
2025-11-20 19:45:05,716 - INFO - [실시간] 요청 110000개 처리 | 현재까지의 RPS: 519.74최근 1000개 request의 p99 TTFT: 0.2055 초 | 
2025-11-20 19:45:07,307 - INFO - [실시간] 요청 111000개 처리 | 현재까지의 RPS: 520.55최근 1000개 request의 p99 TTFT: 0.2041 초 | 
2025-11-20 19:45:09,036 - INFO - [실시간] 요청 112000개 처리 | 현재까지의 RPS: 521.01최근 1000개 request의 p99 TTFT: 0.4225 초 | 
2025-11-20 19:45:10,519 - INFO - [실시간] 요청 113000개 처리 | 현재까지의 RPS: 522.06최근 1000개 request의 p99 TTFT: 0.7765 초 | 
2025-11-20 19:45:12,104 - INFO - [실시간] 요청 114000개 처리 | 현재까지의 RPS: 522.85최근 1000개 request의 p99 TTFT: 0.4824 초 | 
2025-11-20 19:45:13,751 - INFO - [실시간] 요청 115000개 처리 | 현재까지의 RPS: 523.49최근 1000개 request의 p99 TTFT: 0.2199 초 | 
2025-11-20 19:45:15,396 - INFO - [실시간] 요청 116000개 처리 | 현재까지의 RPS: 524.12최근 1000개 request의 p99 TTFT: 0.2106 초 | 
2025-11-20 19:45:17,063 - INFO - [실시간] 요청 117000개 처리 | 현재까지의 RPS: 524.68최근 1000개 request의 p99 TTFT: 0.3790 초 | 
2025-11-20 19:45:18,794 - INFO - [실시간] 요청 118000개 처리 | 현재까지의 RPS: 525.09최근 1000개 request의 p99 TTFT: 0.7619 초 | 
2025-11-20 19:45:20,221 - INFO - [실시간] 요청 119000개 처리 | 현재까지의 RPS: 526.20최근 1000개 request의 p99 TTFT: 0.6976 초 | 
2025-11-20 19:45:21,799 - INFO - [실시간] 요청 120000개 처리 | 현재까지의 RPS: 526.94최근 1000개 request의 p99 TTFT: 0.2391 초 | 
2025-11-20 19:45:23,283 - INFO - [실시간] 요청 121000개 처리 | 현재까지의 RPS: 527.90최근 1000개 request의 p99 TTFT: 0.2072 초 | 
2025-11-20 19:45:25,010 - INFO - [실시간] 요청 122000개 처리 | 현재까지의 RPS: 528.28최근 1000개 request의 p99 TTFT: 0.2582 초 | 
2025-11-20 19:45:26,679 - INFO - [실시간] 요청 123000개 처리 | 현재까지의 RPS: 528.79최근 1000개 request의 p99 TTFT: 0.5569 초 | 
2025-11-20 19:45:28,177 - INFO - [실시간] 요청 124000개 처리 | 현재까지의 RPS: 529.67최근 1000개 request의 p99 TTFT: 0.6881 초 | 
2025-11-20 19:45:29,675 - INFO - [실시간] 요청 125000개 처리 | 현재까지의 RPS: 530.55최근 1000개 request의 p99 TTFT: 0.2607 초 | 
2025-11-20 19:45:31,214 - INFO - [실시간] 요청 126000개 처리 | 현재까지의 RPS: 531.32최근 1000개 request의 p99 TTFT: 0.1904 초 | 
2025-11-20 19:45:32,759 - INFO - [실시간] 요청 127000개 처리 | 현재까지의 RPS: 532.07최근 1000개 request의 p99 TTFT: 0.1988 초 | 
2025-11-20 19:45:34,244 - INFO - [실시간] 요청 128000개 처리 | 현재까지의 RPS: 532.95최근 1000개 request의 p99 TTFT: 0.4211 초 | 
2025-11-20 19:45:36,130 - INFO - [실시간] 요청 129000개 처리 | 현재까지의 RPS: 532.93최근 1000개 request의 p99 TTFT: 0.7403 초 | 
2025-11-20 19:45:37,542 - INFO - [실시간] 요청 130000개 처리 | 현재까지의 RPS: 533.94최근 1000개 request의 p99 TTFT: 0.9011 초 | 
2025-11-20 19:45:39,011 - INFO - [실시간] 요청 131000개 처리 | 현재까지의 RPS: 534.82최근 1000개 request의 p99 TTFT: 0.4284 초 | 
2025-11-20 19:45:40,491 - INFO - [실시간] 요청 132000개 처리 | 현재까지의 RPS: 535.67최근 1000개 request의 p99 TTFT: 0.2529 초 | 
2025-11-20 19:45:42,226 - INFO - [실시간] 요청 133000개 처리 | 현재까지의 RPS: 535.95최근 1000개 request의 p99 TTFT: 0.4276 초 | 
2025-11-20 19:45:43,894 - INFO - [실시간] 요청 134000개 처리 | 현재까지의 RPS: 536.38최근 1000개 request의 p99 TTFT: 0.6211 초 | 
2025-11-20 19:45:45,278 - INFO - [실시간] 요청 135000개 처리 | 현재까지의 RPS: 537.40최근 1000개 request의 p99 TTFT: 0.6720 초 | 
2025-11-20 19:45:46,736 - INFO - [실시간] 요청 136000개 처리 | 현재까지의 RPS: 538.26최근 1000개 request의 p99 TTFT: 0.2663 초 | 
2025-11-20 19:45:48,147 - INFO - [실시간] 요청 137000개 처리 | 현재까지의 RPS: 539.21최근 1000개 request의 p99 TTFT: 0.2582 초 | 
2025-11-20 19:45:49,678 - INFO - [실시간] 요청 138000개 처리 | 현재까지의 RPS: 539.89최근 1000개 request의 p99 TTFT: 0.4703 초 | 
2025-11-20 19:45:51,289 - INFO - [실시간] 요청 139000개 처리 | 현재까지의 RPS: 540.40최근 1000개 request의 p99 TTFT: 0.5145 초 | 
2025-11-20 19:45:52,774 - INFO - [실시간] 요청 140000개 처리 | 현재까지의 RPS: 541.16최근 1000개 request의 p99 TTFT: 0.7340 초 | 
2025-11-20 19:45:54,213 - INFO - [실시간] 요청 141000개 처리 | 현재까지의 RPS: 542.01최근 1000개 request의 p99 TTFT: 0.5684 초 | 
2025-11-20 19:45:55,648 - INFO - [실시간] 요청 142000개 처리 | 현재까지의 RPS: 542.86최근 1000개 request의 p99 TTFT: 0.6902 초 | 
2025-11-20 19:45:57,126 - INFO - [실시간] 요청 143000개 처리 | 현재까지의 RPS: 543.61최근 1000개 request의 p99 TTFT: 0.3964 초 | 
2025-11-20 19:45:58,839 - INFO - [실시간] 요청 144000개 처리 | 현재까지의 RPS: 543.87최근 1000개 request의 p99 TTFT: 0.4945 초 | 
2025-11-20 19:46:00,351 - INFO - [실시간] 요청 145000개 처리 | 현재까지의 RPS: 544.54최근 1000개 request의 p99 TTFT: 0.7055 초 | 
2025-11-20 19:46:01,771 - INFO - [실시간] 요청 146000개 처리 | 현재까지의 RPS: 545.38최근 1000개 request의 p99 TTFT: 0.5015 초 | 
2025-11-20 19:46:03,216 - INFO - [실시간] 요청 147000개 처리 | 현재까지의 RPS: 546.17최근 1000개 request의 p99 TTFT: 0.4334 초 | 
2025-11-20 19:46:04,709 - INFO - [실시간] 요청 148000개 처리 | 현재까지의 RPS: 546.86최근 1000개 request의 p99 TTFT: 0.2194 초 | 
2025-11-20 19:46:06,301 - INFO - [실시간] 요청 149000개 처리 | 현재까지의 RPS: 547.33최근 1000개 request의 p99 TTFT: 0.4771 초 | 
2025-11-20 19:46:07,858 - INFO - [실시간] 요청 150000개 처리 | 현재까지의 RPS: 547.87최근 1000개 request의 p99 TTFT: 0.8891 초 | 
2025-11-20 19:46:09,290 - INFO - [실시간] 요청 151000개 처리 | 현재까지의 RPS: 548.65최근 1000개 request의 p99 TTFT: 0.6986 초 | 
2025-11-20 19:46:10,768 - INFO - [실시간] 요청 152000개 처리 | 현재까지의 RPS: 549.34최근 1000개 request의 p99 TTFT: 0.2630 초 | 
2025-11-20 19:46:12,273 - INFO - [실시간] 요청 153000개 처리 | 현재까지의 RPS: 549.96최근 1000개 request의 p99 TTFT: 0.5471 초 | 
2025-11-20 19:46:13,910 - INFO - [실시간] 요청 154000개 처리 | 현재까지의 RPS: 550.32최근 1000개 request의 p99 TTFT: 0.4350 초 | 
2025-11-20 19:46:15,458 - INFO - [실시간] 요청 155000개 처리 | 현재까지의 RPS: 550.84최근 1000개 request의 p99 TTFT: 0.6937 초 | 
2025-11-20 19:46:17,017 - INFO - [실시간] 요청 156000개 처리 | 현재까지의 RPS: 551.34최근 1000개 request의 p99 TTFT: 0.6719 초 | 
2025-11-20 19:46:18,542 - INFO - [실시간] 요청 157000개 처리 | 현재까지의 RPS: 551.90최근 1000개 request의 p99 TTFT: 0.2268 초 | 
2025-11-20 19:46:19,992 - INFO - [실시간] 요청 158000개 처리 | 현재까지의 RPS: 552.60최근 1000개 request의 p99 TTFT: 0.2413 초 | 
2025-11-20 19:46:21,562 - INFO - [실시간] 요청 159000개 처리 | 현재까지의 RPS: 553.06최근 1000개 request의 p99 TTFT: 0.4563 초 | 
2025-11-20 19:46:23,293 - INFO - [실시간] 요청 160000개 처리 | 현재까지의 RPS: 553.21최근 1000개 request의 p99 TTFT: 0.6873 초 | 
2025-11-20 19:46:24,686 - INFO - [실시간] 요청 161000개 처리 | 현재까지의 RPS: 554.00최근 1000개 request의 p99 TTFT: 0.6976 초 | 
2025-11-20 19:46:26,183 - INFO - [실시간] 요청 162000개 처리 | 현재까지의 RPS: 554.58최근 1000개 request의 p99 TTFT: 0.2153 초 | 
2025-11-20 19:46:27,723 - INFO - [실시간] 요청 163000개 처리 | 현재까지의 RPS: 555.08최근 1000개 request의 p99 TTFT: 0.5478 초 | 
2025-11-20 19:46:29,245 - INFO - [실시간] 요청 164000개 처리 | 현재까지의 RPS: 555.60최근 1000개 request의 p99 TTFT: 0.4320 초 | 
2025-11-20 19:46:31,061 - INFO - [실시간] 요청 165000개 처리 | 현재까지의 RPS: 555.57최근 1000개 request의 p99 TTFT: 0.7543 초 | 
2025-11-20 19:46:32,430 - INFO - [실시간] 요청 166000개 처리 | 현재까지의 RPS: 556.38최근 1000개 request의 p99 TTFT: 0.7796 초 | 
2025-11-20 19:46:33,893 - INFO - [실시간] 요청 167000개 처리 | 현재까지의 RPS: 557.00최근 1000개 request의 p99 TTFT: 0.2303 초 | 
2025-11-20 19:46:35,535 - INFO - [실시간] 요청 168000개 처리 | 현재까지의 RPS: 557.28최근 1000개 request의 p99 TTFT: 0.1912 초 | 
2025-11-20 19:46:36,925 - INFO - [실시간] 요청 169000개 처리 | 현재까지의 RPS: 558.02최근 1000개 request의 p99 TTFT: 0.4861 초 | 
2025-11-20 19:46:38,550 - INFO - [실시간] 요청 170000개 처리 | 현재까지의 RPS: 558.33최근 1000개 request의 p99 TTFT: 0.6042 초 | 
2025-11-20 19:46:40,013 - INFO - [실시간] 요청 171000개 처리 | 현재까지의 RPS: 558.93최근 1000개 request의 p99 TTFT: 0.6546 초 | 
2025-11-20 19:46:41,465 - INFO - [실시간] 요청 172000개 처리 | 현재까지의 RPS: 559.54최근 1000개 request의 p99 TTFT: 0.4615 초 | 
2025-11-20 19:46:42,943 - INFO - [실시간] 요청 173000개 처리 | 현재까지의 RPS: 560.10최근 1000개 request의 p99 TTFT: 0.4145 초 | 
2025-11-20 19:46:44,481 - INFO - [실시간] 요청 174000개 처리 | 현재까지의 RPS: 560.55최근 1000개 request의 p99 TTFT: 0.2377 초 | 
2025-11-20 19:46:46,004 - INFO - [실시간] 요청 175000개 처리 | 현재까지의 RPS: 561.02최근 1000개 request의 p99 TTFT: 0.3603 초 | 
2025-11-20 19:46:47,669 - INFO - [실시간] 요청 176000개 처리 | 현재까지의 RPS: 561.23최근 1000개 request의 p99 TTFT: 0.6948 초 | 
2025-11-20 19:46:49,051 - INFO - [실시간] 요청 177000개 처리 | 현재까지의 RPS: 561.94최근 1000개 request의 p99 TTFT: 0.6841 초 | 
2025-11-20 19:46:50,576 - INFO - [실시간] 요청 178000개 처리 | 현재까지의 RPS: 562.39최근 1000개 request의 p99 TTFT: 0.3496 초 | 
2025-11-20 19:46:52,118 - INFO - [실시간] 요청 179000개 처리 | 현재까지의 RPS: 562.81최근 1000개 request의 p99 TTFT: 0.3520 초 | 
2025-11-20 19:46:53,790 - INFO - [실시간] 요청 180000개 처리 | 현재까지의 RPS: 562.99최근 1000개 request의 p99 TTFT: 0.2465 초 | 
2025-11-20 19:46:55,238 - INFO - [실시간] 요청 181000개 처리 | 현재까지의 RPS: 563.57최근 1000개 request의 p99 TTFT: 0.6450 초 | 
2025-11-20 19:46:56,594 - INFO - [실시간] 요청 182000개 처리 | 현재까지의 RPS: 564.30최근 1000개 request의 p99 TTFT: 0.8240 초 | 
2025-11-20 19:46:58,088 - INFO - [실시간] 요청 183000개 처리 | 현재까지의 RPS: 564.78최근 1000개 request의 p99 TTFT: 0.4761 초 | 
2025-11-20 19:46:59,609 - INFO - [실시간] 요청 184000개 처리 | 현재까지의 RPS: 565.22최근 1000개 request의 p99 TTFT: 0.4324 초 | 
2025-11-20 19:47:00,993 - INFO - [실시간] 요청 185000개 처리 | 현재까지의 RPS: 565.88최근 1000개 request의 p99 TTFT: 0.5100 초 | 
2025-11-20 19:47:02,685 - INFO - [실시간] 요청 186000개 처리 | 현재까지의 RPS: 566.01최근 1000개 request의 p99 TTFT: 0.5122 초 | 
2025-11-20 19:47:04,113 - INFO - [실시간] 요청 187000개 처리 | 현재까지의 RPS: 566.59최근 1000개 request의 p99 TTFT: 1.0058 초 | 
통계에 반영된 요청 인덱스 범위: 3000 ~ 187000 (총 184000개 요청)
통계 반영된 요청 수: 184000, 통계 반영된 시간: 318.18 초

==================================================
 실험 최종 결과 요약
==================================================
 설정 실험 시간: 330 초
 Clients 수: 7900
 통계 반영 시간: 318.18 초
 총 시도된 요청: 193299 개
 총 완료된 요청: 184000 개
 총 실패한 요청: 9299 개
 완료 요청 중 retrieval이 실패한 요청: -3620 개
 요청 성공률: 95.19%
 전체 Requests Per Second (RPS): 578.29
--------------------------------------------------
 Time to First Token (TTFT) Latency:
  - 평균 (Mean): 0.1542 초
  - 중간값 (50%ile): 0.1328 초
  - 최소값 (Min): 0.0180 초
  - 최대값 (Max): 1.4738 초
  - 95%ile Tail: 0.3912 초
  - 99%ile Tail: 0.6200 초
--------------------------------------------------
 Time Per Output Token (TPOT):
  - 평균 (Mean): 16.92 ms/token
--------------------------------------------------
 Embedding Latency:
  - 총 샘플 수: 184000
  - 평균 (Mean): 8.39 ms
  - 중간값 (50%ile): 7.00 ms
  - 95%ile Tail: 16.00 ms
  - 99%ile Tail: 45.00 ms
--------------------------------------------------
 VectorDB Search Latency:
  - 총 샘플 수: 184000
  - 평균 (Mean): 47.30 ms
  - 중간값 (50%ile): 22.00 ms
  - 95%ile Tail: 195.00 ms
  - 99%ile Tail: 407.00 ms
--------------------------------------------------
 Document Search Latency:
  - 총 샘플 수: 184000
  - 평균 (Mean): 12.95 ms
  - 중간값 (50%ile): 6.00 ms
  - 95%ile Tail: 44.00 ms
  - 99%ile Tail: 92.00 ms
--------------------------------------------------
 Total Retrieval Latency:
  - 총 샘플 수: 184000
  - 평균 (Mean): 68.64 ms
  - 중간값 (50%ile): 39.00 ms
  - 95%ile Tail: 244.00 ms
  - 99%ile Tail: 496.00 ms
==================================================
