2025-11-17 22:07:10,956 - INFO - ReqGen 시작: 서버=163.152.48.109:9000, 클라이언트=2000, 시간=80초
2025-11-17 22:07:10,956 - INFO - Hugging Face에서 'kroshan/BioASQ' 데이터셋을 로드합니다...
2025-11-17 22:07:16,576 - INFO - 3266개의 질문을 로드했습니다.
2025-11-17 22:07:16,576 - INFO - 부하 테스트 시작, client 수 = 2000
2025-11-17 22:07:16,577 - INFO - Zipf 값 1.2에서 상위 20%의 질문이 차지하는 비율: 91.82%
2025-11-17 22:07:29,084 - INFO - [실시간] 요청 1000개 처리 | 현재까지의 RPS: 79.95최근 1000개 request의 p99 TTFT: 0.2107 초 | 
2025-11-17 22:07:36,476 - INFO - [실시간] 요청 2000개 처리 | 현재까지의 RPS: 100.50최근 1000개 request의 p99 TTFT: 0.2264 초 | 
2025-11-17 22:07:44,799 - INFO - [실시간] 요청 3000개 처리 | 현재까지의 RPS: 106.30최근 1000개 request의 p99 TTFT: 0.2437 초 | 
2025-11-17 22:07:53,211 - INFO - [실시간] 요청 4000개 처리 | 현재까지의 RPS: 109.19최근 1000개 request의 p99 TTFT: 0.2200 초 | 
2025-11-17 22:08:01,330 - INFO - [실시간] 요청 5000개 처리 | 현재까지의 RPS: 111.72최근 1000개 request의 p99 TTFT: 0.2241 초 | 
2025-11-17 22:08:09,744 - INFO - [실시간] 요청 6000개 처리 | 현재까지의 RPS: 112.85최근 1000개 request의 p99 TTFT: 0.2217 초 | 
2025-11-17 22:08:17,945 - INFO - [실시간] 요청 7000개 처리 | 현재까지의 RPS: 114.06최근 1000개 request의 p99 TTFT: 0.2454 초 | 
2025-11-17 22:08:24,801 - INFO - [실시간] 요청 8000개 처리 | 현재까지의 RPS: 117.26최근 1000개 request의 p99 TTFT: 0.2435 초 | 
2025-11-17 22:08:31,345 - INFO - [실시간] 요청 9000개 처리 | 현재까지의 RPS: 120.37최근 1000개 request의 p99 TTFT: 0.2565 초 | 
통계에 반영된 요청 인덱스 범위: 0 ~ 9979 (총 9979개 요청)
통계 반영된 요청 수: 9979, 통계 반영된 시간: 139.92 초

==================================================
 실험 최종 결과 요약
==================================================
 설정 실험 시간: 80 초
 Clients 수: 2000
 통계 반영 시간: 139.92 초
 총 시도된 요청: 10908 개
 총 완료된 요청: 9979 개
 총 실패한 요청: 929 개
 완료 요청 중 retrieval이 실패한 요청: 0 개
 요청 성공률: 91.48%
 전체 Requests Per Second (RPS): 71.32
--------------------------------------------------
 Time to First Token (TTFT) Latency:
  - 평균 (Mean): 0.1020 초
  - 중간값 (50%ile): 0.0927 초
  - 최소값 (Min): 0.0264 초
  - 최대값 (Max): 0.4653 초
  - 95%ile Tail: 0.1959 초
  - 99%ile Tail: 0.2400 초
--------------------------------------------------
 Time Per Output Token (TPOT):
  - 평균 (Mean): 16.66 ms/token
--------------------------------------------------
 Embedding Latency:
  - 총 샘플 수: 9971
  - 평균 (Mean): 7.84 ms
  - 중간값 (50%ile): 7.00 ms
  - 95%ile Tail: 11.00 ms
  - 99%ile Tail: 14.00 ms
--------------------------------------------------
 VectorDB Search Latency:
  - 총 샘플 수: 9971
  - 평균 (Mean): 33.41 ms
  - 중간값 (50%ile): 26.00 ms
  - 95%ile Tail: 84.00 ms
  - 99%ile Tail: 119.00 ms
--------------------------------------------------
 Document Search Latency:
  - 총 샘플 수: 9971
  - 평균 (Mean): 8.52 ms
  - 중간값 (50%ile): 7.00 ms
  - 95%ile Tail: 17.00 ms
  - 99%ile Tail: 33.00 ms
--------------------------------------------------
 Total Retrieval Latency:
  - 총 샘플 수: 9979
  - 평균 (Mean): 49.80 ms
  - 중간값 (50%ile): 42.00 ms
  - 95%ile Tail: 103.00 ms
  - 99%ile Tail: 139.00 ms
==================================================
