2025-11-17 22:09:37,743 - INFO - ReqGen 시작: 서버=163.152.48.109:9000, 클라이언트=3000, 시간=80초
2025-11-17 22:09:37,743 - INFO - Hugging Face에서 'kroshan/BioASQ' 데이터셋을 로드합니다...
2025-11-17 22:09:43,172 - INFO - 3266개의 질문을 로드했습니다.
2025-11-17 22:09:43,173 - INFO - 부하 테스트 시작, client 수 = 3000
2025-11-17 22:09:43,173 - INFO - Zipf 값 1.2에서 상위 20%의 질문이 차지하는 비율: 91.82%
2025-11-17 22:09:53,062 - INFO - [실시간] 요청 1000개 처리 | 현재까지의 RPS: 101.13최근 1000개 request의 p99 TTFT: 0.1965 초 | 
2025-11-17 22:09:59,220 - INFO - [실시간] 요청 2000개 처리 | 현재까지의 RPS: 124.64최근 1000개 request의 p99 TTFT: 0.7470 초 | 
2025-11-17 22:10:05,618 - INFO - [실시간] 요청 3000개 처리 | 현재까지의 RPS: 133.66최근 1000개 request의 p99 TTFT: 2.9691 초 | 
2025-11-17 22:10:05,619 - WARNING - 최근 1000개의 p99 TTFT 2.9691 초가 SLO 의 2배 (2.0 초)를 초과했습니다. 부하 테스트를 조기 종료합니다.
2025-11-17 22:11:00,366 - INFO - [실시간] 요청 4000개 처리 | 현재까지의 RPS: 51.82최근 1000개 request의 p99 TTFT: 3.1898 초 | 
통계에 반영된 요청 인덱스 범위: 0 ~ 3000 (총 3000개 요청)
통계 반영된 요청 수: 3000, 통계 반영된 시간: 139.87 초

==================================================
 실험 최종 결과 요약
==================================================
 부하 테스트가 조기 종료되었습니다! (SLO 위반)
 Client 수를 낮추어 다시 시도하세요.
 설정 실험 시간: 80 초
 Clients 수: 3000
 통계 반영 시간: 139.87 초
 총 시도된 요청: 4395 개
 총 완료된 요청: 3000 개
 총 실패한 요청: 1395 개
 완료 요청 중 retrieval이 실패한 요청: -1188 개
 요청 성공률: 68.26%
 전체 Requests Per Second (RPS): 21.45
--------------------------------------------------
 Time to First Token (TTFT) Latency:
  - 평균 (Mean): 0.4638 초
  - 중간값 (50%ile): 0.1595 초
  - 최소값 (Min): 0.0251 초
  - 최대값 (Max): 3.5756 초
  - 95%ile Tail: 2.0913 초
  - 99%ile Tail: 2.6471 초
--------------------------------------------------
 Time Per Output Token (TPOT):
  - 평균 (Mean): 16.71 ms/token
--------------------------------------------------
 Embedding Latency:
  - 총 샘플 수: 3000
  - 평균 (Mean): 7.68 ms
  - 중간값 (50%ile): 7.00 ms
  - 95%ile Tail: 11.00 ms
  - 99%ile Tail: 14.00 ms
--------------------------------------------------
 VectorDB Search Latency:
  - 총 샘플 수: 3000
  - 평균 (Mean): 367.39 ms
  - 중간값 (50%ile): 42.00 ms
  - 95%ile Tail: 1970.30 ms
  - 99%ile Tail: 2498.02 ms
--------------------------------------------------
 Document Search Latency:
  - 총 샘플 수: 3000
  - 평균 (Mean): 9.77 ms
  - 중간값 (50%ile): 7.00 ms
  - 95%ile Tail: 18.00 ms
  - 99%ile Tail: 32.00 ms
--------------------------------------------------
 Total Retrieval Latency:
  - 총 샘플 수: 3000
  - 평균 (Mean): 384.37 ms
  - 중간값 (50%ile): 57.00 ms
  - 95%ile Tail: 2027.25 ms
  - 99%ile Tail: 2548.12 ms
==================================================
