2025-11-17 22:12:04,278 - INFO - ReqGen 시작: 서버=163.152.48.109:9000, 클라이언트=2500, 시간=80초
2025-11-17 22:12:04,278 - INFO - Hugging Face에서 'kroshan/BioASQ' 데이터셋을 로드합니다...
2025-11-17 22:12:09,935 - INFO - 3266개의 질문을 로드했습니다.
2025-11-17 22:12:09,935 - INFO - 부하 테스트 시작, client 수 = 2500
2025-11-17 22:12:09,935 - INFO - Zipf 값 1.2에서 상위 20%의 질문이 차지하는 비율: 91.82%
2025-11-17 22:12:19,984 - INFO - [실시간] 요청 1000개 처리 | 현재까지의 RPS: 99.52최근 1000개 request의 p99 TTFT: 0.2094 초 | 
2025-11-17 22:12:26,420 - INFO - [실시간] 요청 2000개 처리 | 현재까지의 RPS: 121.32최근 1000개 request의 p99 TTFT: 0.3347 초 | 
2025-11-17 22:12:32,296 - INFO - [실시간] 요청 3000개 처리 | 현재까지의 RPS: 134.16최근 1000개 request의 p99 TTFT: 1.0586 초 | 
2025-11-17 22:12:38,963 - INFO - [실시간] 요청 4000개 처리 | 현재까지의 RPS: 137.80최근 1000개 request의 p99 TTFT: 0.5918 초 | 
2025-11-17 22:12:45,548 - INFO - [실시간] 요청 5000개 처리 | 현재까지의 RPS: 140.40최근 1000개 request의 p99 TTFT: 0.3566 초 | 
2025-11-17 22:12:52,059 - INFO - [실시간] 요청 6000개 처리 | 현재까지의 RPS: 142.44최근 1000개 request의 p99 TTFT: 0.2838 초 | 
2025-11-17 22:12:58,888 - INFO - [실시간] 요청 7000개 처리 | 현재까지의 RPS: 142.99최근 1000개 request의 p99 TTFT: 0.2861 초 | 
2025-11-17 22:13:05,230 - INFO - [실시간] 요청 8000개 처리 | 현재까지의 RPS: 144.68최근 1000개 request의 p99 TTFT: 0.4192 초 | 
2025-11-17 22:13:12,099 - INFO - [실시간] 요청 9000개 처리 | 현재까지의 RPS: 144.78최근 1000개 request의 p99 TTFT: 0.4121 초 | 
2025-11-17 22:13:17,998 - INFO - [실시간] 요청 10000개 처리 | 현재까지의 RPS: 146.92최근 1000개 request의 p99 TTFT: 1.2075 초 | 
2025-11-17 22:13:24,024 - INFO - [실시간] 요청 11000개 처리 | 현재까지의 RPS: 148.47최근 1000개 request의 p99 TTFT: 1.3465 초 | 
2025-11-17 22:13:29,824 - INFO - [실시간] 요청 12000개 처리 | 현재까지의 RPS: 150.21최근 1000개 request의 p99 TTFT: 2.3412 초 | 
2025-11-17 22:13:29,826 - WARNING - 최근 1000개의 p99 TTFT 2.3412 초가 SLO 의 2배 (2.0 초)를 초과했습니다. 부하 테스트를 조기 종료합니다.
통계에 반영된 요청 인덱스 범위: 0 ~ 12000 (총 12000개 요청)
통계 반영된 요청 수: 12000, 통계 반영된 시간: 139.97 초

==================================================
 실험 최종 결과 요약
==================================================
 부하 테스트가 조기 종료되었습니다! (SLO 위반)
 Client 수를 낮추어 다시 시도하세요.
 설정 실험 시간: 80 초
 Clients 수: 2500
 통계 반영 시간: 139.97 초
 총 시도된 요청: 13291 개
 총 완료된 요청: 12000 개
 총 실패한 요청: 1291 개
 완료 요청 중 retrieval이 실패한 요청: -273 개
 요청 성공률: 90.29%
 전체 Requests Per Second (RPS): 85.73
--------------------------------------------------
 Time to First Token (TTFT) Latency:
  - 평균 (Mean): 0.2619 초
  - 중간값 (50%ile): 0.1599 초
  - 최소값 (Min): 0.0258 초
  - 최대값 (Max): 3.0802 초
  - 95%ile Tail: 0.7801 초
  - 99%ile Tail: 1.3301 초
--------------------------------------------------
 Time Per Output Token (TPOT):
  - 평균 (Mean): 16.72 ms/token
--------------------------------------------------
 Embedding Latency:
  - 총 샘플 수: 12000
  - 평균 (Mean): 8.30 ms
  - 중간값 (50%ile): 7.00 ms
  - 95%ile Tail: 12.00 ms
  - 99%ile Tail: 17.00 ms
--------------------------------------------------
 VectorDB Search Latency:
  - 총 샘플 수: 12000
  - 평균 (Mean): 171.28 ms
  - 중간값 (50%ile): 57.00 ms
  - 95%ile Tail: 671.00 ms
  - 99%ile Tail: 1180.04 ms
--------------------------------------------------
 Document Search Latency:
  - 총 샘플 수: 12000
  - 평균 (Mean): 11.64 ms
  - 중간값 (50%ile): 8.00 ms
  - 95%ile Tail: 33.00 ms
  - 99%ile Tail: 67.00 ms
--------------------------------------------------
 Total Retrieval Latency:
  - 총 샘플 수: 12000
  - 평균 (Mean): 190.90 ms
  - 중간값 (50%ile): 76.00 ms
  - 95%ile Tail: 701.00 ms
  - 99%ile Tail: 1260.01 ms
==================================================
