2025-11-17 22:14:31,159 - INFO - ReqGen 시작: 서버=163.152.48.109:9000, 클라이언트=2250, 시간=80초
2025-11-17 22:14:31,159 - INFO - Hugging Face에서 'kroshan/BioASQ' 데이터셋을 로드합니다...
2025-11-17 22:14:36,718 - INFO - 3266개의 질문을 로드했습니다.
2025-11-17 22:14:36,719 - INFO - 부하 테스트 시작, client 수 = 2250
2025-11-17 22:14:36,719 - INFO - Zipf 값 1.2에서 상위 20%의 질문이 차지하는 비율: 91.82%
2025-11-17 22:14:47,536 - INFO - [실시간] 요청 1000개 처리 | 현재까지의 RPS: 92.45최근 1000개 request의 p99 TTFT: 0.2355 초 | 
2025-11-17 22:14:54,258 - INFO - [실시간] 요청 2000개 처리 | 현재까지의 RPS: 114.03최근 1000개 request의 p99 TTFT: 0.2612 초 | 
2025-11-17 22:15:00,985 - INFO - [실시간] 요청 3000개 처리 | 현재까지의 RPS: 123.63최근 1000개 request의 p99 TTFT: 0.5867 초 | 
2025-11-17 22:15:08,616 - INFO - [실시간] 요청 4000개 처리 | 현재까지의 RPS: 125.40최근 1000개 request의 p99 TTFT: 0.3032 초 | 
2025-11-17 22:15:15,624 - INFO - [실시간] 요청 5000개 처리 | 현재까지의 RPS: 128.52최근 1000개 request의 p99 TTFT: 0.2425 초 | 
2025-11-17 22:15:23,066 - INFO - [실시간] 요청 6000개 처리 | 현재까지의 RPS: 129.46최근 1000개 request의 p99 TTFT: 0.2245 초 | 
2025-11-17 22:15:30,653 - INFO - [실시간] 요청 7000개 처리 | 현재까지의 RPS: 129.79최근 1000개 request의 p99 TTFT: 0.2215 초 | 
2025-11-17 22:15:37,890 - INFO - [실시간] 요청 8000개 처리 | 현재까지의 RPS: 130.78최근 1000개 request의 p99 TTFT: 0.2536 초 | 
2025-11-17 22:15:44,011 - INFO - [실시간] 요청 9000개 처리 | 현재까지의 RPS: 133.75최근 1000개 request의 p99 TTFT: 0.2888 초 | 
2025-11-17 22:15:50,046 - INFO - [실시간] 요청 10000개 처리 | 현재까지의 RPS: 136.38최근 1000개 request의 p99 TTFT: 0.4678 초 | 
2025-11-17 22:15:56,107 - INFO - [실시간] 요청 11000개 처리 | 현재까지의 RPS: 138.56최근 1000개 request의 p99 TTFT: 0.5394 초 | 
통계에 반영된 요청 인덱스 범위: 0 ~ 11318 (총 11318개 요청)
통계 반영된 요청 수: 11318, 통계 반영된 시간: 140.01 초

==================================================
 실험 최종 결과 요약
==================================================
 설정 실험 시간: 80 초
 Clients 수: 2250
 통계 반영 시간: 140.01 초
 총 시도된 요청: 12325 개
 총 완료된 요청: 11318 개
 총 실패한 요청: 1007 개
 완료 요청 중 retrieval이 실패한 요청: 0 개
 요청 성공률: 91.83%
 전체 Requests Per Second (RPS): 80.84
--------------------------------------------------
 Time to First Token (TTFT) Latency:
  - 평균 (Mean): 0.1574 초
  - 중간값 (50%ile): 0.1386 초
  - 최소값 (Min): 0.0219 초
  - 최대값 (Max): 0.7531 초
  - 95%ile Tail: 0.3692 초
  - 99%ile Tail: 0.5366 초
--------------------------------------------------
 Time Per Output Token (TPOT):
  - 평균 (Mean): 16.69 ms/token
--------------------------------------------------
 Embedding Latency:
  - 총 샘플 수: 11312
  - 평균 (Mean): 7.79 ms
  - 중간값 (50%ile): 7.00 ms
  - 95%ile Tail: 11.00 ms
  - 99%ile Tail: 14.00 ms
--------------------------------------------------
 VectorDB Search Latency:
  - 총 샘플 수: 11312
  - 평균 (Mean): 66.92 ms
  - 중간값 (50%ile): 38.00 ms
  - 95%ile Tail: 263.45 ms
  - 99%ile Tail: 431.00 ms
--------------------------------------------------
 Document Search Latency:
  - 총 샘플 수: 11312
  - 평균 (Mean): 8.82 ms
  - 중간값 (50%ile): 7.00 ms
  - 95%ile Tail: 19.00 ms
  - 99%ile Tail: 32.00 ms
--------------------------------------------------
 Total Retrieval Latency:
  - 총 샘플 수: 11318
  - 평균 (Mean): 83.53 ms
  - 중간값 (50%ile): 54.00 ms
  - 95%ile Tail: 283.00 ms
  - 99%ile Tail: 455.00 ms
==================================================
