2025-12-05 05:35:42,345 - INFO - ReqGen 시작: 서버=163.152.48.109:9000, 클라이언트=2, 시간=330초
2025-12-05 05:35:42,345 - INFO - Hugging Face에서 'kroshan/BioASQ' 데이터셋을 로드합니다...
2025-12-05 05:35:47,768 - INFO - 3266개의 질문을 로드했습니다.
2025-12-05 05:35:47,769 - INFO - 부하 테스트 시작, client 수 = 2
통계에 반영된 요청 인덱스 범위: 0 ~ 641 (총 641개 요청)
statistics_start_time이 설정되지 않았습니다.
statistics_end_time이 설정되지 않았습니다.
통계 반영된 요청 수: 641, 통계 반영된 시간: 330.05 초

==================================================
 실험 최종 결과 요약
==================================================
 설정 실험 시간: 330 초
 Clients 수: 2
 통계 반영 시간: 330.05 초
 총 시도된 요청: 641 개
 총 완료된 요청: 641 개
 총 실패한 요청: 0 개
 완료 요청 중 retrieval이 실패한 요청: 0 개
 요청 성공률: 100.00%
 전체 Requests Per Second (RPS): 1.94
--------------------------------------------------
 Time to First Token (TTFT) Latency:
  - 평균 (Mean): 0.1074 초
  - 중간값 (50%ile): 0.0861 초
  - 최소값 (Min): 0.0261 초
  - 최대값 (Max): 3.4262 초
  - 95%ile Tail: 0.1582 초
  - 99%ile Tail: 0.8341 초
--------------------------------------------------
 Time Per Output Token (TPOT):
  - 평균 (Mean): 16.60 ms/token
--------------------------------------------------
 Embedding Latency:
  - 총 샘플 수: 641
  - 평균 (Mean): 7.09 ms
  - 중간값 (50%ile): 7.00 ms
  - 95%ile Tail: 10.00 ms
  - 99%ile Tail: 10.00 ms
--------------------------------------------------
 VectorDB Search Latency:
  - 총 샘플 수: 641
  - 평균 (Mean): 29.37 ms
  - 중간값 (50%ile): 9.00 ms
  - 95%ile Tail: 13.00 ms
  - 99%ile Tail: 704.80 ms
--------------------------------------------------
 Document Search Latency:
  - 총 샘플 수: 641
  - 평균 (Mean): 7.57 ms
  - 중간값 (50%ile): 7.00 ms
  - 95%ile Tail: 8.00 ms
  - 99%ile Tail: 11.80 ms
--------------------------------------------------
 Total Retrieval Latency:
  - 총 샘플 수: 641
  - 평균 (Mean): 44.05 ms
  - 중간값 (50%ile): 23.00 ms
  - 95%ile Tail: 30.00 ms
  - 99%ile Tail: 718.20 ms
==================================================
