2025-12-05 04:28:47,334 - INFO - ReqGen 시작: 서버=163.152.48.109:9000, 클라이언트=7200, 시간=330초
2025-12-05 04:28:47,334 - INFO - Hugging Face에서 'kroshan/BioASQ' 데이터셋을 로드합니다...
2025-12-05 04:28:52,802 - INFO - 3266개의 질문을 로드했습니다.
2025-12-05 04:28:52,803 - INFO - 부하 테스트 시작, client 수 = 7200
2025-12-05 04:28:56,329 - INFO - [실시간] 요청 1000개 처리 | 현재까지의 RPS: 283.59최근 1000개 request의 p99 TTFT: 0.3250 초 | 
2025-12-05 04:28:58,740 - INFO - [실시간] 요청 2000개 처리 | 현재까지의 RPS: 336.87최근 1000개 request의 p99 TTFT: 0.2414 초 | 
2025-12-05 04:29:00,796 - INFO - [실시간] 요청 3000개 처리 | 현재까지의 RPS: 375.34최근 1000개 request의 p99 TTFT: 0.2014 초 | 
2025-12-05 04:29:02,782 - INFO - [실시간] 요청 4000개 처리 | 현재까지의 RPS: 400.82최근 1000개 request의 p99 TTFT: 0.2034 초 | 
2025-12-05 04:29:04,521 - INFO - [실시간] 요청 5000개 처리 | 현재까지의 RPS: 426.69최근 1000개 request의 p99 TTFT: 0.4188 초 | 
2025-12-05 04:29:06,141 - INFO - [실시간] 요청 6000개 처리 | 현재까지의 RPS: 449.85최근 1000개 request의 p99 TTFT: 0.3847 초 | 
2025-12-05 04:29:07,692 - INFO - [실시간] 요청 7000개 처리 | 현재까지의 RPS: 470.16최근 1000개 request의 p99 TTFT: 0.2669 초 | 
2025-12-05 04:29:09,193 - INFO - [실시간] 요청 8000개 처리 | 현재까지의 RPS: 488.11최근 1000개 request의 p99 TTFT: 0.8472 초 | 
2025-12-05 04:29:10,596 - INFO - [실시간] 요청 9000개 처리 | 현재까지의 RPS: 505.81최근 1000개 request의 p99 TTFT: 1.2155 초 | 
2025-12-05 04:29:12,015 - INFO - [실시간] 요청 10000개 처리 | 현재까지의 RPS: 520.51최근 1000개 request의 p99 TTFT: 1.3163 초 | 
2025-12-05 04:29:13,429 - INFO - [실시간] 요청 11000개 처리 | 현재까지의 RPS: 533.31최근 1000개 request의 p99 TTFT: 1.4475 초 | 
2025-12-05 04:29:14,745 - INFO - [실시간] 요청 12000개 처리 | 현재까지의 RPS: 546.90최근 1000개 request의 p99 TTFT: 3.2961 초 | 
2025-12-05 04:29:16,122 - INFO - [실시간] 요청 13000개 처리 | 현재까지의 RPS: 557.49최근 1000개 request의 p99 TTFT: 3.4840 초 | 
2025-12-05 04:29:17,682 - INFO - [실시간] 요청 14000개 처리 | 현재까지의 RPS: 562.73최근 1000개 request의 p99 TTFT: 3.1795 초 | 
2025-12-05 04:29:19,350 - INFO - [실시간] 요청 15000개 처리 | 현재까지의 RPS: 565.03최근 1000개 request의 p99 TTFT: 0.7760 초 | 
2025-12-05 04:29:20,892 - INFO - [실시간] 요청 16000개 처리 | 현재까지의 RPS: 569.61최근 1000개 request의 p99 TTFT: 0.7935 초 | 
2025-12-05 04:29:22,402 - INFO - [실시간] 요청 17000개 처리 | 현재까지의 RPS: 574.34최근 1000개 request의 p99 TTFT: 1.0342 초 | 
2025-12-05 04:29:23,894 - INFO - [실시간] 요청 18000개 처리 | 현재까지의 RPS: 578.94최근 1000개 request의 p99 TTFT: 0.6170 초 | 
2025-12-05 04:29:25,364 - INFO - [실시간] 요청 19000개 처리 | 현재까지의 RPS: 583.51최근 1000개 request의 p99 TTFT: 0.4138 초 | 
2025-12-05 04:29:26,831 - INFO - [실시간] 요청 20000개 처리 | 현재까지의 RPS: 587.74최근 1000개 request의 p99 TTFT: 0.5194 초 | 
2025-12-05 04:29:28,374 - INFO - [실시간] 요청 21000개 처리 | 현재까지의 RPS: 590.36최근 1000개 request의 p99 TTFT: 1.1402 초 | 
2025-12-05 04:29:29,904 - INFO - [실시간] 요청 22000개 처리 | 현재까지의 RPS: 592.98최근 1000개 request의 p99 TTFT: 1.6335 초 | 
2025-12-05 04:29:31,321 - INFO - [실시간] 요청 23000개 처리 | 현재까지의 RPS: 597.12최근 1000개 request의 p99 TTFT: 1.7769 초 | 
2025-12-05 04:29:32,818 - INFO - [실시간] 요청 24000개 처리 | 현재까지의 RPS: 599.77최근 1000개 request의 p99 TTFT: 1.3785 초 | 
2025-12-05 04:29:34,379 - INFO - [실시간] 요청 25000개 처리 | 현재까지의 RPS: 601.31최근 1000개 request의 p99 TTFT: 0.8346 초 | 
2025-12-05 04:29:35,886 - INFO - [실시간] 요청 26000개 처리 | 현재까지의 RPS: 603.48최근 1000개 request의 p99 TTFT: 1.1201 초 | 
2025-12-05 04:29:37,494 - INFO - [실시간] 요청 27000개 처리 | 현재까지의 RPS: 604.15최근 1000개 request의 p99 TTFT: 0.9661 초 | 
2025-12-05 04:29:39,049 - INFO - [실시간] 요청 28000개 처리 | 현재까지의 RPS: 605.45최근 1000개 request의 p99 TTFT: 1.1196 초 | 
2025-12-05 04:29:40,488 - INFO - [실시간] 요청 29000개 처리 | 현재까지의 RPS: 608.15최근 1000개 request의 p99 TTFT: 1.1284 초 | 
2025-12-05 04:29:42,008 - INFO - [실시간] 요청 30000개 처리 | 현재까지의 RPS: 609.69최근 1000개 request의 p99 TTFT: 1.4040 초 | 
2025-12-05 04:29:43,472 - INFO - [실시간] 요청 31000개 처리 | 현재까지의 RPS: 611.81최근 1000개 request의 p99 TTFT: 1.4359 초 | 
2025-12-05 04:29:44,966 - INFO - [실시간] 요청 32000개 처리 | 현재까지의 RPS: 613.46최근 1000개 request의 p99 TTFT: 0.9934 초 | 
2025-12-05 04:29:46,504 - INFO - [실시간] 요청 33000개 처리 | 현재까지의 RPS: 614.51최근 1000개 request의 p99 TTFT: 0.4814 초 | 
2025-12-05 04:29:48,116 - INFO - [실시간] 요청 34000개 처리 | 현재까지의 RPS: 614.68최근 1000개 request의 p99 TTFT: 1.0188 초 | 
2025-12-05 04:29:49,609 - INFO - [실시간] 요청 35000개 처리 | 현재까지의 RPS: 616.13최근 1000개 request의 p99 TTFT: 1.2425 초 | 
2025-12-05 04:29:51,060 - INFO - [실시간] 요청 36000개 처리 | 현재까지의 RPS: 617.95최근 1000개 request의 p99 TTFT: 0.5747 초 | 
2025-12-05 04:29:52,522 - INFO - [실시간] 요청 37000개 처리 | 현재까지의 RPS: 619.56최근 1000개 request의 p99 TTFT: 0.4586 초 | 
2025-12-05 04:29:54,067 - INFO - [실시간] 요청 38000개 처리 | 현재까지의 RPS: 620.26최근 1000개 request의 p99 TTFT: 0.5069 초 | 
2025-12-05 04:29:55,720 - INFO - [실시간] 요청 39000개 처리 | 현재까지의 RPS: 619.86최근 1000개 request의 p99 TTFT: 0.5818 초 | 
2025-12-05 04:29:57,250 - INFO - [실시간] 요청 40000개 처리 | 현재까지의 RPS: 620.67최근 1000개 request의 p99 TTFT: 0.7714 초 | 
2025-12-05 04:29:58,702 - INFO - [실시간] 요청 41000개 처리 | 현재까지의 RPS: 622.17최근 1000개 request의 p99 TTFT: 1.1633 초 | 
2025-12-05 04:30:00,127 - INFO - [실시간] 요청 42000개 처리 | 현재까지의 RPS: 623.85최근 1000개 request의 p99 TTFT: 1.0716 초 | 
2025-12-05 04:30:01,558 - INFO - [실시간] 요청 43000개 처리 | 현재까지의 RPS: 625.40최근 1000개 request의 p99 TTFT: 1.1000 초 | 
2025-12-05 04:30:03,109 - INFO - [실시간] 요청 44000개 처리 | 현재까지의 RPS: 625.83최근 1000개 request의 p99 TTFT: 0.8344 초 | 
2025-12-05 04:30:04,598 - INFO - [실시간] 요청 45000개 처리 | 현재까지의 RPS: 626.79최근 1000개 request의 p99 TTFT: 0.2750 초 | 
2025-12-05 04:30:06,267 - INFO - [실시간] 요청 46000개 처리 | 현재까지의 RPS: 626.16최근 1000개 request의 p99 TTFT: 0.5976 초 | 
2025-12-05 04:30:07,692 - INFO - [실시간] 요청 47000개 처리 | 현재까지의 RPS: 627.60최근 1000개 request의 p99 TTFT: 1.1649 초 | 
2025-12-05 04:30:09,185 - INFO - [실시간] 요청 48000개 처리 | 현재까지의 RPS: 628.42최근 1000개 request의 p99 TTFT: 1.2155 초 | 
2025-12-05 04:30:10,659 - INFO - [실시간] 요청 49000개 처리 | 현재까지의 RPS: 629.36최근 1000개 request의 p99 TTFT: 0.5128 초 | 
2025-12-05 04:30:12,198 - INFO - [실시간] 요청 50000개 처리 | 현재까지의 RPS: 629.76최근 1000개 request의 p99 TTFT: 0.2622 초 | 
2025-12-05 04:30:13,678 - INFO - [실시간] 요청 51000개 처리 | 현재까지의 RPS: 630.60최근 1000개 request의 p99 TTFT: 0.2327 초 | 
2025-12-05 04:30:15,249 - INFO - [실시간] 요청 52000개 처리 | 현재까지의 RPS: 630.72최근 1000개 request의 p99 TTFT: 0.5149 초 | 
2025-12-05 04:30:16,756 - INFO - [실시간] 요청 53000개 처리 | 현재까지의 RPS: 631.31최근 1000개 request의 p99 TTFT: 0.8843 초 | 
2025-12-05 04:30:18,192 - INFO - [실시간] 요청 54000개 처리 | 현재까지의 RPS: 632.40최근 1000개 request의 p99 TTFT: 0.8603 초 | 
2025-12-05 04:30:19,678 - INFO - [실시간] 요청 55000개 처리 | 현재까지의 RPS: 633.09최근 1000개 request의 p99 TTFT: 0.4220 초 | 
2025-12-05 04:30:21,272 - INFO - [실시간] 요청 56000개 처리 | 현재까지의 RPS: 632.99최근 1000개 request의 p99 TTFT: 0.3206 초 | 
2025-12-05 04:30:22,731 - INFO - [실시간] 요청 57000개 처리 | 현재까지의 RPS: 633.84최근 1000개 request의 p99 TTFT: 0.5893 초 | 
2025-12-05 04:30:24,332 - INFO - [실시간] 요청 58000개 처리 | 현재까지의 RPS: 633.68최근 1000개 request의 p99 TTFT: 0.4230 초 | 
2025-12-05 04:30:25,850 - INFO - [실시간] 요청 59000개 처리 | 현재까지의 RPS: 634.09최근 1000개 request의 p99 TTFT: 0.9650 초 | 
2025-12-05 04:30:27,275 - INFO - [실시간] 요청 60000개 처리 | 현재까지의 RPS: 635.11최근 1000개 request의 p99 TTFT: 1.0460 초 | 
2025-12-05 04:30:28,740 - INFO - [실시간] 요청 61000개 처리 | 현재까지의 RPS: 635.83최근 1000개 request의 p99 TTFT: 0.5277 초 | 
2025-12-05 04:30:30,225 - INFO - [실시간] 요청 62000개 처리 | 현재까지의 RPS: 636.40최근 1000개 request의 p99 TTFT: 0.7145 초 | 
2025-12-05 04:30:31,741 - INFO - [실시간] 요청 63000개 처리 | 현재까지의 RPS: 636.76최근 1000개 request의 p99 TTFT: 0.9099 초 | 
2025-12-05 04:30:33,221 - INFO - [실시간] 요청 64000개 처리 | 현재까지의 RPS: 637.34최근 1000개 request의 p99 TTFT: 0.6824 초 | 
2025-12-05 04:30:34,867 - INFO - [실시간] 요청 65000개 처리 | 현재까지의 RPS: 636.85최근 1000개 request의 p99 TTFT: 0.9060 초 | 
2025-12-05 04:30:36,314 - INFO - [실시간] 요청 66000개 처리 | 현재까지의 RPS: 637.61최근 1000개 request의 p99 TTFT: 1.0841 초 | 
2025-12-05 04:30:37,727 - INFO - [실시간] 요청 67000개 처리 | 현재까지의 RPS: 638.56최근 1000개 request의 p99 TTFT: 1.0265 초 | 
2025-12-05 04:30:39,236 - INFO - [실시간] 요청 68000개 처리 | 현재까지의 RPS: 638.90최근 1000개 request의 p99 TTFT: 0.6202 초 | 
2025-12-05 04:30:40,800 - INFO - [실시간] 요청 69000개 처리 | 현재까지의 RPS: 638.90최근 1000개 request의 p99 TTFT: 0.2214 초 | 
2025-12-05 04:30:42,419 - INFO - [실시간] 요청 70000개 처리 | 현재까지의 RPS: 638.59최근 1000개 request의 p99 TTFT: 0.2398 초 | 
2025-12-05 04:30:44,116 - INFO - [실시간] 요청 71000개 처리 | 현재까지의 RPS: 637.84최근 1000개 request의 p99 TTFT: 0.7252 초 | 
2025-12-05 04:30:45,504 - INFO - [실시간] 요청 72000개 처리 | 현재까지의 RPS: 638.86최근 1000개 request의 p99 TTFT: 1.2022 초 | 
2025-12-05 04:30:46,997 - INFO - [실시간] 요청 73000개 처리 | 현재까지의 RPS: 639.26최근 1000개 request의 p99 TTFT: 1.1398 초 | 
2025-12-05 04:30:48,449 - INFO - [실시간] 요청 74000개 처리 | 현재까지의 RPS: 639.88최근 1000개 request의 p99 TTFT: 0.7823 초 | 
2025-12-05 04:30:49,902 - INFO - [실시간] 요청 75000개 처리 | 현재까지의 RPS: 640.48최근 1000개 request의 p99 TTFT: 0.4083 초 | 
2025-12-05 04:30:51,503 - INFO - [실시간] 요청 76000개 처리 | 현재까지의 RPS: 640.27최근 1000개 request의 p99 TTFT: 0.3093 초 | 
2025-12-05 04:30:53,218 - INFO - [실시간] 요청 77000개 처리 | 현재까지의 RPS: 639.46최근 1000개 request의 p99 TTFT: 0.7737 초 | 
2025-12-05 04:30:54,569 - INFO - [실시간] 요청 78000개 처리 | 현재까지의 RPS: 640.57최근 1000개 request의 p99 TTFT: 1.0326 초 | 
2025-12-05 04:30:55,992 - INFO - [실시간] 요청 79000개 처리 | 현재까지의 RPS: 641.29최근 1000개 request의 p99 TTFT: 1.1070 초 | 
2025-12-05 04:30:57,579 - INFO - [실시간] 요청 80000개 처리 | 현재까지의 RPS: 641.15최근 1000개 request의 p99 TTFT: 0.8570 초 | 
2025-12-05 04:30:58,989 - INFO - [실시간] 요청 81000개 처리 | 현재까지의 RPS: 641.91최근 1000개 request의 p99 TTFT: 0.5722 초 | 
2025-12-05 04:31:00,494 - INFO - [실시간] 요청 82000개 처리 | 현재까지의 RPS: 642.18최근 1000개 request의 p99 TTFT: 0.4618 초 | 
2025-12-05 04:31:02,124 - INFO - [실시간] 요청 83000개 처리 | 현재까지의 RPS: 641.82최근 1000개 request의 p99 TTFT: 0.6358 초 | 
2025-12-05 04:31:03,579 - INFO - [실시간] 요청 84000개 처리 | 현재까지의 RPS: 642.32최근 1000개 request의 p99 TTFT: 1.0220 초 | 
2025-12-05 04:31:04,998 - INFO - [실시간] 요청 85000개 처리 | 현재까지의 RPS: 642.99최근 1000개 request의 p99 TTFT: 0.7989 초 | 
2025-12-05 04:31:06,452 - INFO - [실시간] 요청 86000개 처리 | 현재까지의 RPS: 643.47최근 1000개 request의 p99 TTFT: 0.8111 초 | 
2025-12-05 04:31:08,043 - INFO - [실시간] 요청 87000개 처리 | 현재까지의 RPS: 643.30최근 1000개 request의 p99 TTFT: 0.5564 초 | 
2025-12-05 04:31:09,539 - INFO - [실시간] 요청 88000개 처리 | 현재까지의 RPS: 643.58최근 1000개 request의 p99 TTFT: 0.3935 초 | 
2025-12-05 04:31:11,196 - INFO - [실시간] 요청 89000개 처리 | 현재까지의 RPS: 643.09최근 1000개 request의 p99 TTFT: 0.3530 초 | 
2025-12-05 04:31:12,685 - INFO - [실시간] 요청 90000개 처리 | 현재까지의 RPS: 643.40최근 1000개 request의 p99 TTFT: 1.0092 초 | 
2025-12-05 04:31:14,142 - INFO - [실시간] 요청 91000개 처리 | 현재까지의 RPS: 643.84최근 1000개 request의 p99 TTFT: 1.1709 초 | 
2025-12-05 04:31:15,636 - INFO - [실시간] 요청 92000개 처리 | 현재까지의 RPS: 644.11최근 1000개 request의 p99 TTFT: 0.6142 초 | 
2025-12-05 04:31:17,193 - INFO - [실시간] 요청 93000개 처리 | 현재까지의 RPS: 644.09최근 1000개 request의 p99 TTFT: 0.3730 초 | 
2025-12-05 04:31:18,683 - INFO - [실시간] 요청 94000개 처리 | 현재까지의 RPS: 644.37최근 1000개 request의 p99 TTFT: 0.4256 초 | 
2025-12-05 04:31:20,244 - INFO - [실시간] 요청 95000개 처리 | 현재까지의 RPS: 644.32최근 1000개 request의 p99 TTFT: 0.4344 초 | 
2025-12-05 04:31:21,792 - INFO - [실시간] 요청 96000개 처리 | 현재까지의 RPS: 644.34최근 1000개 request의 p99 TTFT: 0.8926 초 | 
2025-12-05 04:31:23,244 - INFO - [실시간] 요청 97000개 처리 | 현재까지의 RPS: 644.77최근 1000개 request의 p99 TTFT: 1.0049 초 | 
2025-12-05 04:31:24,691 - INFO - [실시간] 요청 98000개 처리 | 현재까지의 RPS: 645.21최근 1000개 request의 p99 TTFT: 0.7014 초 | 
2025-12-05 04:31:26,216 - INFO - [실시간] 요청 99000개 처리 | 현재까지의 RPS: 645.32최근 1000개 request의 p99 TTFT: 0.4384 초 | 
2025-12-05 04:31:27,763 - INFO - [실시간] 요청 100000개 처리 | 현재까지의 RPS: 645.33최근 1000개 request의 p99 TTFT: 0.4707 초 | 
2025-12-05 04:31:29,268 - INFO - [실시간] 요청 101000개 처리 | 현재까지의 RPS: 645.51최근 1000개 request의 p99 TTFT: 0.5674 초 | 
2025-12-05 04:31:30,855 - INFO - [실시간] 요청 102000개 처리 | 현재까지의 RPS: 645.36최근 1000개 request의 p99 TTFT: 0.8126 초 | 
2025-12-05 04:31:32,262 - INFO - [실시간] 요청 103000개 처리 | 현재까지의 RPS: 645.93최근 1000개 request의 p99 TTFT: 1.1411 초 | 
2025-12-05 04:31:33,714 - INFO - [실시간] 요청 104000개 처리 | 현재까지의 RPS: 646.32최근 1000개 request의 p99 TTFT: 1.0751 초 | 
2025-12-05 04:31:35,215 - INFO - [실시간] 요청 105000개 처리 | 현재까지의 RPS: 646.50최근 1000개 request의 p99 TTFT: 0.9978 초 | 
2025-12-05 04:31:36,730 - INFO - [실시간] 요청 106000개 처리 | 현재까지의 RPS: 646.63최근 1000개 request의 p99 TTFT: 0.6046 초 | 
2025-12-05 04:31:38,343 - INFO - [실시간] 요청 107000개 처리 | 현재까지의 RPS: 646.37최근 1000개 request의 p99 TTFT: 0.2778 초 | 
2025-12-05 04:31:39,935 - INFO - [실시간] 요청 108000개 처리 | 현재까지의 RPS: 646.20최근 1000개 request의 p99 TTFT: 0.8587 초 | 
2025-12-05 04:31:41,298 - INFO - [실시간] 요청 109000개 처리 | 현재까지의 RPS: 646.90최근 1000개 request의 p99 TTFT: 1.1868 초 | 
2025-12-05 04:31:42,734 - INFO - [실시간] 요청 110000개 처리 | 현재까지의 RPS: 647.32최근 1000개 request의 p99 TTFT: 1.1277 초 | 
2025-12-05 04:31:44,282 - INFO - [실시간] 요청 111000개 처리 | 현재까지의 RPS: 647.31최근 1000개 request의 p99 TTFT: 0.9983 초 | 
2025-12-05 04:31:45,757 - INFO - [실시간] 요청 112000개 처리 | 현재까지의 RPS: 647.57최근 1000개 request의 p99 TTFT: 0.4990 초 | 
2025-12-05 04:31:47,218 - INFO - [실시간] 요청 113000개 처리 | 현재까지의 RPS: 647.88최근 1000개 request의 p99 TTFT: 0.2790 초 | 
2025-12-05 04:31:48,884 - INFO - [실시간] 요청 114000개 처리 | 현재까지의 RPS: 647.43최근 1000개 request의 p99 TTFT: 0.6416 초 | 
2025-12-05 04:31:50,322 - INFO - [실시간] 요청 115000개 처리 | 현재까지의 RPS: 647.82최근 1000개 request의 p99 TTFT: 1.1573 초 | 
2025-12-05 04:31:51,735 - INFO - [실시간] 요청 116000개 처리 | 현재까지의 RPS: 648.29최근 1000개 request의 p99 TTFT: 1.2143 초 | 
2025-12-05 04:31:53,286 - INFO - [실시간] 요청 117000개 처리 | 현재까지의 RPS: 648.26최근 1000개 request의 p99 TTFT: 0.6110 초 | 
2025-12-05 04:31:54,874 - INFO - [실시간] 요청 118000개 처리 | 현재까지의 RPS: 648.10최근 1000개 request의 p99 TTFT: 0.3197 초 | 
2025-12-05 04:31:56,335 - INFO - [실시간] 요청 119000개 처리 | 현재까지의 RPS: 648.39최근 1000개 request의 p99 TTFT: 0.4187 초 | 
2025-12-05 04:31:57,968 - INFO - [실시간] 요청 120000개 처리 | 현재까지의 RPS: 648.07최근 1000개 request의 p99 TTFT: 0.3712 초 | 
2025-12-05 04:31:59,415 - INFO - [실시간] 요청 121000개 처리 | 현재까지의 RPS: 648.40최근 1000개 request의 p99 TTFT: 0.8949 초 | 
2025-12-05 04:32:00,842 - INFO - [실시간] 요청 122000개 처리 | 현재까지의 RPS: 648.80최근 1000개 request의 p99 TTFT: 0.7865 초 | 
2025-12-05 04:32:02,347 - INFO - [실시간] 요청 123000개 처리 | 현재까지의 RPS: 648.93최근 1000개 request의 p99 TTFT: 0.6170 초 | 
2025-12-05 04:32:03,924 - INFO - [실시간] 요청 124000개 처리 | 현재까지의 RPS: 648.80최근 1000개 request의 p99 TTFT: 0.4122 초 | 
2025-12-05 04:32:05,407 - INFO - [실시간] 요청 125000개 처리 | 현재까지의 RPS: 649.00최근 1000개 request의 p99 TTFT: 0.5488 초 | 
2025-12-05 04:32:06,925 - INFO - [실시간] 요청 126000개 처리 | 현재까지의 RPS: 649.08최근 1000개 request의 p99 TTFT: 0.5754 초 | 
2025-12-05 04:32:08,428 - INFO - [실시간] 요청 127000개 처리 | 현재까지의 RPS: 649.20최근 1000개 request의 p99 TTFT: 0.9237 초 | 
2025-12-05 04:32:09,834 - INFO - [실시간] 요청 128000개 처리 | 현재까지의 RPS: 649.64최근 1000개 request의 p99 TTFT: 1.0637 초 | 
2025-12-05 04:32:11,364 - INFO - [실시간] 요청 129000개 처리 | 현재까지의 RPS: 649.67최근 1000개 request의 p99 TTFT: 0.9685 초 | 
2025-12-05 04:32:12,950 - INFO - [실시간] 요청 130000개 처리 | 현재까지의 RPS: 649.52최근 1000개 request의 p99 TTFT: 0.4793 초 | 
2025-12-05 04:32:14,442 - INFO - [실시간] 요청 131000개 처리 | 현재까지의 RPS: 649.68최근 1000개 request의 p99 TTFT: 0.4677 초 | 
2025-12-05 04:32:16,006 - INFO - [실시간] 요청 132000개 처리 | 현재까지의 RPS: 649.60최근 1000개 request의 p99 TTFT: 0.4322 초 | 
2025-12-05 04:32:17,557 - INFO - [실시간] 요청 133000개 처리 | 현재까지의 RPS: 649.56최근 1000개 request의 p99 TTFT: 0.7578 초 | 
2025-12-05 04:32:18,964 - INFO - [실시간] 요청 134000개 처리 | 현재까지의 RPS: 649.98최근 1000개 request의 p99 TTFT: 1.0543 초 | 
2025-12-05 04:32:20,310 - INFO - [실시간] 요청 135000개 처리 | 현재까지의 RPS: 650.58최근 1000개 request의 p99 TTFT: 1.3307 초 | 
2025-12-05 04:32:21,778 - INFO - [실시간] 요청 136000개 처리 | 현재까지의 RPS: 650.80최근 1000개 request의 p99 TTFT: 1.1627 초 | 
2025-12-05 04:32:23,271 - INFO - [실시간] 요청 137000개 처리 | 현재까지의 RPS: 650.93최근 1000개 request의 p99 TTFT: 1.1043 초 | 
2025-12-05 04:32:24,867 - INFO - [실시간] 요청 138000개 처리 | 현재까지의 RPS: 650.75최근 1000개 request의 p99 TTFT: 0.3214 초 | 
2025-12-05 04:32:26,627 - INFO - [실시간] 요청 139000개 처리 | 현재까지의 RPS: 650.07최근 1000개 request의 p99 TTFT: 0.7418 초 | 
2025-12-05 04:32:27,965 - INFO - [실시간] 요청 140000개 처리 | 현재까지의 RPS: 650.67최근 1000개 request의 p99 TTFT: 1.2682 초 | 
2025-12-05 04:32:29,399 - INFO - [실시간] 요청 141000개 처리 | 현재까지의 RPS: 650.98최근 1000개 request의 p99 TTFT: 1.3528 초 | 
2025-12-05 04:32:30,882 - INFO - [실시간] 요청 142000개 처리 | 현재까지의 RPS: 651.14최근 1000개 request의 p99 TTFT: 1.1654 초 | 
2025-12-05 04:32:32,441 - INFO - [실시간] 요청 143000개 처리 | 현재까지의 RPS: 651.07최근 1000개 request의 p99 TTFT: 0.4556 초 | 
2025-12-05 04:32:33,892 - INFO - [실시간] 요청 144000개 처리 | 현재까지의 RPS: 651.32최근 1000개 request의 p99 TTFT: 0.2670 초 | 
2025-12-05 04:32:35,574 - INFO - [실시간] 요청 145000개 처리 | 현재까지의 RPS: 650.89최근 1000개 request의 p99 TTFT: 0.6232 초 | 
2025-12-05 04:32:36,992 - INFO - [실시간] 요청 146000개 처리 | 현재까지의 RPS: 651.24최근 1000개 request의 p99 TTFT: 0.7296 초 | 
2025-12-05 04:32:38,497 - INFO - [실시간] 요청 147000개 처리 | 현재까지의 RPS: 651.32최근 1000개 request의 p99 TTFT: 0.7024 초 | 
2025-12-05 04:32:39,977 - INFO - [실시간] 요청 148000개 처리 | 현재까지의 RPS: 651.48최근 1000개 request의 p99 TTFT: 0.4225 초 | 
2025-12-05 04:32:41,442 - INFO - [실시간] 요청 149000개 처리 | 현재까지의 RPS: 651.68최근 1000개 request의 p99 TTFT: 0.4466 초 | 
2025-12-05 04:32:42,943 - INFO - [실시간] 요청 150000개 처리 | 현재까지의 RPS: 651.78최근 1000개 request의 p99 TTFT: 0.5141 초 | 
2025-12-05 04:32:44,664 - INFO - [실시간] 요청 151000개 처리 | 현재까지의 RPS: 651.25최근 1000개 request의 p99 TTFT: 0.3841 초 | 
2025-12-05 04:32:46,141 - INFO - [실시간] 요청 152000개 처리 | 현재까지의 RPS: 651.42최근 1000개 request의 p99 TTFT: 1.1437 초 | 
2025-12-05 04:32:47,551 - INFO - [실시간] 요청 153000개 처리 | 현재까지의 RPS: 651.76최근 1000개 request의 p99 TTFT: 1.5551 초 | 
2025-12-05 04:32:48,991 - INFO - [실시간] 요청 154000개 처리 | 현재까지의 RPS: 652.02최근 1000개 request의 p99 TTFT: 1.2678 초 | 
2025-12-05 04:32:50,489 - INFO - [실시간] 요청 155000개 처리 | 현재까지의 RPS: 652.12최근 1000개 request의 p99 TTFT: 0.6775 초 | 
2025-12-05 04:32:52,010 - INFO - [실시간] 요청 156000개 처리 | 현재까지의 RPS: 652.15최근 1000개 request의 p99 TTFT: 0.9387 초 | 
2025-12-05 04:32:53,601 - INFO - [실시간] 요청 157000개 처리 | 현재까지의 RPS: 652.00최근 1000개 request의 p99 TTFT: 0.9325 초 | 
2025-12-05 04:32:55,071 - INFO - [실시간] 요청 158000개 처리 | 현재까지의 RPS: 652.17최근 1000개 request의 p99 TTFT: 0.8268 초 | 
2025-12-05 04:32:56,460 - INFO - [실시간] 요청 159000개 처리 | 현재까지의 RPS: 652.56최근 1000개 request의 p99 TTFT: 0.7356 초 | 
2025-12-05 04:32:57,971 - INFO - [실시간] 요청 160000개 처리 | 현재까지의 RPS: 652.61최근 1000개 request의 p99 TTFT: 0.8166 초 | 
2025-12-05 04:32:59,506 - INFO - [실시간] 요청 161000개 처리 | 현재까지의 RPS: 652.61최근 1000개 request의 p99 TTFT: 0.8826 초 | 
2025-12-05 04:33:00,931 - INFO - [실시간] 요청 162000개 처리 | 현재까지의 RPS: 652.89최근 1000개 request의 p99 TTFT: 0.4676 초 | 
2025-12-05 04:33:02,501 - INFO - [실시간] 요청 163000개 처리 | 현재까지의 RPS: 652.79최근 1000개 request의 p99 TTFT: 0.5803 초 | 
2025-12-05 04:33:04,050 - INFO - [실시간] 요청 164000개 처리 | 현재까지의 RPS: 652.74최근 1000개 request의 p99 TTFT: 1.0783 초 | 
2025-12-05 04:33:05,463 - INFO - [실시간] 요청 165000개 처리 | 현재까지의 RPS: 653.05최근 1000개 request의 p99 TTFT: 1.3264 초 | 
2025-12-05 04:33:06,912 - INFO - [실시간] 요청 166000개 처리 | 현재까지의 RPS: 653.26최근 1000개 request의 p99 TTFT: 1.3088 초 | 
2025-12-05 04:33:08,356 - INFO - [실시간] 요청 167000개 처리 | 현재까지의 RPS: 653.49최근 1000개 request의 p99 TTFT: 0.3454 초 | 
2025-12-05 04:33:09,818 - INFO - [실시간] 요청 168000개 처리 | 현재까지의 RPS: 653.66최근 1000개 request의 p99 TTFT: 0.2300 초 | 
2025-12-05 04:33:11,356 - INFO - [실시간] 요청 169000개 처리 | 현재까지의 RPS: 653.64최근 1000개 request의 p99 TTFT: 0.3379 초 | 
2025-12-05 04:33:13,005 - INFO - [실시간] 요청 170000개 처리 | 현재까지의 RPS: 653.34최근 1000개 request의 p99 TTFT: 0.8279 초 | 
2025-12-05 04:33:14,446 - INFO - [실시간] 요청 171000개 처리 | 현재까지의 RPS: 653.56최근 1000개 request의 p99 TTFT: 1.3508 초 | 
2025-12-05 04:33:15,892 - INFO - [실시간] 요청 172000개 처리 | 현재까지의 RPS: 653.77최근 1000개 request의 p99 TTFT: 1.2209 초 | 
2025-12-05 04:33:17,333 - INFO - [실시간] 요청 173000개 처리 | 현재까지의 RPS: 653.99최근 1000개 request의 p99 TTFT: 0.3849 초 | 
2025-12-05 04:33:18,790 - INFO - [실시간] 요청 174000개 처리 | 현재까지의 RPS: 654.17최근 1000개 request의 p99 TTFT: 0.3978 초 | 
2025-12-05 04:33:20,361 - INFO - [실시간] 요청 175000개 처리 | 현재까지의 RPS: 654.06최근 1000개 request의 p99 TTFT: 0.3556 초 | 
2025-12-05 04:33:21,953 - INFO - [실시간] 요청 176000개 처리 | 현재까지의 RPS: 653.91최근 1000개 request의 p99 TTFT: 0.9264 초 | 
2025-12-05 04:33:23,355 - INFO - [실시간] 요청 177000개 처리 | 현재까지의 RPS: 654.22최근 1000개 request의 p99 TTFT: 0.9036 초 | 
2025-12-05 04:33:24,799 - INFO - [실시간] 요청 178000개 처리 | 현재까지의 RPS: 654.42최근 1000개 request의 p99 TTFT: 0.4153 초 | 
2025-12-05 04:33:26,286 - INFO - [실시간] 요청 179000개 처리 | 현재까지의 RPS: 654.52최근 1000개 request의 p99 TTFT: 0.4535 초 | 
2025-12-05 04:33:27,834 - INFO - [실시간] 요청 180000개 처리 | 현재까지의 RPS: 654.47최근 1000개 request의 p99 TTFT: 0.4663 초 | 
2025-12-05 04:33:29,382 - INFO - [실시간] 요청 181000개 처리 | 현재까지의 RPS: 654.42최근 1000개 request의 p99 TTFT: 0.4255 초 | 
2025-12-05 04:33:31,018 - INFO - [실시간] 요청 182000개 처리 | 현재까지의 RPS: 654.17최근 1000개 request의 p99 TTFT: 0.8203 초 | 
2025-12-05 04:33:32,432 - INFO - [실시간] 요청 183000개 처리 | 현재까지의 RPS: 654.44최근 1000개 request의 p99 TTFT: 0.8908 초 | 
2025-12-05 04:33:33,868 - INFO - [실시간] 요청 184000개 처리 | 현재까지의 RPS: 654.65최근 1000개 request의 p99 TTFT: 0.7189 초 | 
2025-12-05 04:33:35,390 - INFO - [실시간] 요청 185000개 처리 | 현재까지의 RPS: 654.67최근 1000개 request의 p99 TTFT: 0.6374 초 | 
2025-12-05 04:33:36,974 - INFO - [실시간] 요청 186000개 처리 | 현재까지의 RPS: 654.53최근 1000개 request의 p99 TTFT: 0.4994 초 | 
2025-12-05 04:33:38,520 - INFO - [실시간] 요청 187000개 처리 | 현재까지의 RPS: 654.49최근 1000개 request의 p99 TTFT: 0.3918 초 | 
2025-12-05 04:33:40,114 - INFO - [실시간] 요청 188000개 처리 | 현재까지의 RPS: 654.34최근 1000개 request의 p99 TTFT: 0.8405 초 | 
2025-12-05 04:33:41,548 - INFO - [실시간] 요청 189000개 처리 | 현재까지의 RPS: 654.56최근 1000개 request의 p99 TTFT: 0.8558 초 | 
2025-12-05 04:33:43,029 - INFO - [실시간] 요청 190000개 처리 | 현재까지의 RPS: 654.66최근 1000개 request의 p99 TTFT: 0.8292 초 | 
2025-12-05 04:33:44,481 - INFO - [실시간] 요청 191000개 처리 | 현재까지의 RPS: 654.83최근 1000개 request의 p99 TTFT: 0.5817 초 | 
2025-12-05 04:33:46,006 - INFO - [실시간] 요청 192000개 처리 | 현재까지의 RPS: 654.84최근 1000개 request의 p99 TTFT: 0.3544 초 | 
2025-12-05 04:33:47,423 - INFO - [실시간] 요청 193000개 처리 | 현재까지의 RPS: 655.08최근 1000개 request의 p99 TTFT: 0.3873 초 | 
2025-12-05 04:33:49,120 - INFO - [실시간] 요청 194000개 처리 | 현재까지의 RPS: 654.70최근 1000개 request의 p99 TTFT: 0.7223 초 | 
2025-12-05 04:33:50,588 - INFO - [실시간] 요청 195000개 처리 | 현재까지의 RPS: 654.83최근 1000개 request의 p99 TTFT: 0.9680 초 | 
2025-12-05 04:33:52,024 - INFO - [실시간] 요청 196000개 처리 | 현재까지의 RPS: 655.03최근 1000개 request의 p99 TTFT: 0.8650 초 | 
2025-12-05 04:33:53,485 - INFO - [실시간] 요청 197000개 처리 | 현재까지의 RPS: 655.18최근 1000개 request의 p99 TTFT: 0.4701 초 | 
2025-12-05 04:33:54,957 - INFO - [실시간] 요청 198000개 처리 | 현재까지의 RPS: 655.30최근 1000개 request의 p99 TTFT: 0.4057 초 | 
2025-12-05 04:33:56,539 - INFO - [실시간] 요청 199000개 처리 | 현재까지의 RPS: 655.17최근 1000개 request의 p99 TTFT: 0.4324 초 | 
2025-12-05 04:33:58,227 - INFO - [실시간] 요청 200000개 처리 | 현재까지의 RPS: 654.83최근 1000개 request의 p99 TTFT: 0.5783 초 | 
2025-12-05 04:33:59,659 - INFO - [실시간] 요청 201000개 처리 | 현재까지의 RPS: 655.03최근 1000개 request의 p99 TTFT: 1.0555 초 | 
2025-12-05 04:34:01,114 - INFO - [실시간] 요청 202000개 처리 | 현재까지의 RPS: 655.18최근 1000개 request의 p99 TTFT: 1.1031 초 | 
2025-12-05 04:34:02,588 - INFO - [실시간] 요청 203000개 처리 | 현재까지의 RPS: 655.29최근 1000개 request의 p99 TTFT: 0.9121 초 | 
2025-12-05 04:34:04,090 - INFO - [실시간] 요청 204000개 처리 | 현재까지의 RPS: 655.34최근 1000개 request의 p99 TTFT: 0.9192 초 | 
2025-12-05 04:34:05,618 - INFO - [실시간] 요청 205000개 처리 | 현재까지의 RPS: 655.34최근 1000개 request의 p99 TTFT: 0.5972 초 | 
2025-12-05 04:34:07,265 - INFO - [실시간] 요청 206000개 처리 | 현재까지의 RPS: 655.09최근 1000개 request의 p99 TTFT: 0.4198 초 | 
2025-12-05 04:34:08,803 - INFO - [실시간] 요청 207000개 처리 | 현재까지의 RPS: 655.06최근 1000개 request의 p99 TTFT: 0.8374 초 | 
2025-12-05 04:34:10,353 - INFO - [실시간] 요청 208000개 처리 | 현재까지의 RPS: 655.01최근 1000개 request의 p99 TTFT: 0.8203 초 | 
2025-12-05 04:34:11,790 - INFO - [실시간] 요청 209000개 처리 | 현재까지의 RPS: 655.20최근 1000개 request의 p99 TTFT: 0.7313 초 | 
2025-12-05 04:34:13,215 - INFO - [실시간] 요청 210000개 처리 | 현재까지의 RPS: 655.41최근 1000개 request의 p99 TTFT: 0.7532 초 | 
2025-12-05 04:34:14,706 - INFO - [실시간] 요청 211000개 처리 | 현재까지의 RPS: 655.48최근 1000개 request의 p99 TTFT: 0.4785 초 | 
2025-12-05 04:34:16,282 - INFO - [실시간] 요청 212000개 처리 | 현재까지의 RPS: 655.37최근 1000개 request의 p99 TTFT: 0.4371 초 | 
2025-12-05 04:34:17,853 - INFO - [실시간] 요청 213000개 처리 | 현재까지의 RPS: 655.28최근 1000개 request의 p99 TTFT: 1.3364 초 | 
2025-12-05 04:34:19,306 - INFO - [실시간] 요청 214000개 처리 | 현재까지의 RPS: 655.43최근 1000개 request의 p99 TTFT: 1.7610 초 | 
2025-12-05 04:34:20,776 - INFO - [실시간] 요청 215000개 처리 | 현재까지의 RPS: 655.54최근 1000개 request의 p99 TTFT: 1.3746 초 | 
2025-12-05 04:34:22,305 - INFO - [실시간] 요청 216000개 처리 | 현재까지의 RPS: 655.53최근 1000개 request의 p99 TTFT: 0.8667 초 | 
통계에 반영된 요청 인덱스 범위: 5000 ~ 216974 (총 211974개 요청)
statistics_end_time이 설정되지 않았습니다.
통계 반영된 요청 수: 211974, 통계 반영된 시간: 351.47 초

==================================================
 실험 최종 결과 요약
==================================================
 설정 실험 시간: 330 초
 Clients 수: 7200
 통계 반영 시간: 351.47 초
 총 시도된 요청: 211974 개
 총 완료된 요청: 211974 개
 총 실패한 요청: 0 개
 완료 요청 중 retrieval이 실패한 요청: -5000 개
 요청 성공률: 100.00%
 전체 Requests Per Second (RPS): 603.10
--------------------------------------------------
 Time to First Token (TTFT) Latency:
  - 평균 (Mean): 0.1744 초
  - 중간값 (50%ile): 0.1231 초
  - 최소값 (Min): 0.0178 초
  - 최대값 (Max): 4.6283 초
  - 95%ile Tail: 0.5350 초
  - 99%ile Tail: 1.0567 초
--------------------------------------------------
 Time Per Output Token (TPOT):
  - 평균 (Mean): 16.86 ms/token
--------------------------------------------------
 Embedding Latency:
  - 총 샘플 수: 211974
  - 평균 (Mean): 7.66 ms
  - 중간값 (50%ile): 6.00 ms
  - 95%ile Tail: 14.00 ms
  - 99%ile Tail: 36.00 ms
--------------------------------------------------
 VectorDB Search Latency:
  - 총 샘플 수: 211974
  - 평균 (Mean): 86.47 ms
  - 중간값 (50%ile): 31.00 ms
  - 95%ile Tail: 400.00 ms
  - 99%ile Tail: 947.00 ms
--------------------------------------------------
 Document Search Latency:
  - 총 샘플 수: 211974
  - 평균 (Mean): 13.22 ms
  - 중간값 (50%ile): 7.00 ms
  - 95%ile Tail: 41.00 ms
  - 99%ile Tail: 83.00 ms
--------------------------------------------------
 Total Retrieval Latency:
  - 총 샘플 수: 211974
  - 평균 (Mean): 107.36 ms
  - 중간값 (50%ile): 48.00 ms
  - 95%ile Tail: 452.00 ms
  - 99%ile Tail: 981.00 ms
==================================================
