2025-11-17 21:34:08,657 - INFO - ReqGen 시작: 서버=163.152.48.109:9000, 클라이언트=3800, 시간=330초
2025-11-17 21:34:08,657 - INFO - Hugging Face에서 'kroshan/BioASQ' 데이터셋을 로드합니다...
2025-11-17 21:34:14,374 - INFO - 3266개의 질문을 로드했습니다.
2025-11-17 21:34:14,375 - INFO - 부하 테스트 시작, client 수 = 3800
2025-11-17 21:34:14,375 - INFO - Zipf 값 1.2에서 상위 20%의 질문이 차지하는 비율: 91.82%
2025-11-17 21:34:22,558 - INFO - [실시간] 요청 1000개 처리 | 현재까지의 RPS: 122.21최근 1000개 request의 p99 TTFT: 0.1782 초 | 
2025-11-17 21:34:27,770 - INFO - [실시간] 요청 2000개 처리 | 현재까지의 RPS: 149.30최근 1000개 request의 p99 TTFT: 0.2556 초 | 
2025-11-17 21:34:31,893 - INFO - [실시간] 요청 3000개 처리 | 현재까지의 RPS: 171.25최근 1000개 request의 p99 TTFT: 0.1950 초 | 
2025-11-17 21:34:35,661 - INFO - [실시간] 요청 4000개 처리 | 현재까지의 RPS: 187.92최근 1000개 request의 p99 TTFT: 0.4665 초 | 
2025-11-17 21:34:40,945 - INFO - [실시간] 요청 5000개 처리 | 현재까지의 RPS: 188.18최근 1000개 request의 p99 TTFT: 0.3981 초 | 
2025-11-17 21:34:45,693 - INFO - [실시간] 요청 6000개 처리 | 현재까지의 RPS: 191.58최근 1000개 request의 p99 TTFT: 0.2056 초 | 
2025-11-17 21:34:50,535 - INFO - [실시간] 요청 7000개 처리 | 현재까지의 RPS: 193.58최근 1000개 request의 p99 TTFT: 0.4217 초 | 
2025-11-17 21:34:55,258 - INFO - [실시간] 요청 8000개 처리 | 현재까지의 RPS: 195.68최근 1000개 request의 p99 TTFT: 0.2091 초 | 
2025-11-17 21:35:00,254 - INFO - [실시간] 요청 9000개 처리 | 현재까지의 RPS: 196.17최근 1000개 request의 p99 TTFT: 0.1978 초 | 
2025-11-17 21:35:05,426 - INFO - [실시간] 요청 10000개 처리 | 현재까지의 RPS: 195.88최근 1000개 request의 p99 TTFT: 0.2769 초 | 
2025-11-17 21:35:10,354 - INFO - [실시간] 요청 11000개 처리 | 현재까지의 RPS: 196.50최근 1000개 request의 p99 TTFT: 0.3693 초 | 
2025-11-17 21:35:15,310 - INFO - [실시간] 요청 12000개 처리 | 현재까지의 RPS: 196.93최근 1000개 request의 p99 TTFT: 0.2071 초 | 
2025-11-17 21:35:19,242 - INFO - [실시간] 요청 13000개 처리 | 현재까지의 RPS: 200.41최근 1000개 request의 p99 TTFT: 0.2308 초 | 
2025-11-17 21:35:23,319 - INFO - [실시간] 요청 14000개 처리 | 현재까지의 RPS: 203.06최근 1000개 request의 p99 TTFT: 0.2353 초 | 
2025-11-17 21:35:27,185 - INFO - [실시간] 요청 15000개 처리 | 현재까지의 RPS: 206.02최근 1000개 request의 p99 TTFT: 0.4407 초 | 
2025-11-17 21:35:31,073 - INFO - [실시간] 요청 16000개 처리 | 현재까지의 RPS: 208.61최근 1000개 request의 p99 TTFT: 0.3271 초 | 
2025-11-17 21:35:34,720 - INFO - [실시간] 요청 17000개 처리 | 현재까지의 RPS: 211.59최근 1000개 request의 p99 TTFT: 0.2696 초 | 
2025-11-17 21:35:38,421 - INFO - [실시간] 요청 18000개 처리 | 현재까지의 RPS: 214.17최근 1000개 request의 p99 TTFT: 0.3912 초 | 
2025-11-17 21:35:42,233 - INFO - [실시간] 요청 19000개 처리 | 현재까지의 RPS: 216.26최근 1000개 request의 p99 TTFT: 0.2721 초 | 
2025-11-17 21:35:45,975 - INFO - [실시간] 요청 20000개 처리 | 현재까지의 RPS: 218.34최근 1000개 request의 p99 TTFT: 0.2374 초 | 
2025-11-17 21:35:49,776 - INFO - [실시간] 요청 21000개 처리 | 현재까지의 RPS: 220.12최근 1000개 request의 p99 TTFT: 0.4332 초 | 
2025-11-17 21:35:53,453 - INFO - [실시간] 요청 22000개 처리 | 현재까지의 RPS: 222.05최근 1000개 request의 p99 TTFT: 0.4782 초 | 
2025-11-17 21:35:57,177 - INFO - [실시간] 요청 23000개 처리 | 현재까지의 RPS: 223.73최근 1000개 request의 p99 TTFT: 0.2577 초 | 
2025-11-17 21:36:01,173 - INFO - [실시간] 요청 24000개 처리 | 현재까지의 RPS: 224.72최근 1000개 request의 p99 TTFT: 0.3856 초 | 
2025-11-17 21:36:05,074 - INFO - [실시간] 요청 25000개 처리 | 현재까지의 RPS: 225.84최근 1000개 request의 p99 TTFT: 0.2463 초 | 
2025-11-17 21:36:08,990 - INFO - [실시간] 요청 26000개 처리 | 현재까지의 RPS: 226.85최근 1000개 request의 p99 TTFT: 0.2476 초 | 
2025-11-17 21:36:13,000 - INFO - [실시간] 요청 27000개 처리 | 현재까지의 RPS: 227.61최근 1000개 request의 p99 TTFT: 0.3963 초 | 
2025-11-17 21:36:16,760 - INFO - [실시간] 요청 28000개 처리 | 현재까지의 RPS: 228.79최근 1000개 request의 p99 TTFT: 0.7622 초 | 
2025-11-17 21:36:20,375 - INFO - [실시간] 요청 29000개 처리 | 현재까지의 RPS: 230.16최근 1000개 request의 p99 TTFT: 0.2803 초 | 
2025-11-17 21:36:23,999 - INFO - [실시간] 요청 30000개 처리 | 현재까지의 RPS: 231.44최근 1000개 request의 p99 TTFT: 0.5105 초 | 
2025-11-17 21:36:27,487 - INFO - [실시간] 요청 31000개 처리 | 현재까지의 RPS: 232.89최근 1000개 request의 p99 TTFT: 0.3079 초 | 
2025-11-17 21:36:31,057 - INFO - [실시간] 요청 32000개 처리 | 현재까지의 RPS: 234.12최근 1000개 request의 p99 TTFT: 0.5067 초 | 
2025-11-17 21:36:34,554 - INFO - [실시간] 요청 33000개 처리 | 현재까지의 RPS: 235.41최근 1000개 request의 p99 TTFT: 0.6723 초 | 
2025-11-17 21:36:37,995 - INFO - [실시간] 요청 34000개 처리 | 현재까지의 RPS: 236.74최근 1000개 request의 p99 TTFT: 0.5025 초 | 
2025-11-17 21:36:41,607 - INFO - [실시간] 요청 35000개 처리 | 현재까지의 RPS: 237.72최근 1000개 request의 p99 TTFT: 0.4617 초 | 
2025-11-17 21:36:45,117 - INFO - [실시간] 요청 36000개 처리 | 현재까지의 RPS: 238.82최근 1000개 request의 p99 TTFT: 0.3475 초 | 
2025-11-17 21:36:48,633 - INFO - [실시간] 요청 37000개 처리 | 현재까지의 RPS: 239.86최근 1000개 request의 p99 TTFT: 0.4288 초 | 
2025-11-17 21:36:52,063 - INFO - [실시간] 요청 38000개 처리 | 현재까지의 RPS: 240.98최근 1000개 request의 p99 TTFT: 0.4360 초 | 
2025-11-17 21:36:55,661 - INFO - [실시간] 요청 39000개 처리 | 현재까지의 RPS: 241.81최근 1000개 request의 p99 TTFT: 0.5678 초 | 
2025-11-17 21:36:59,089 - INFO - [실시간] 요청 40000개 처리 | 현재까지의 RPS: 242.84최근 1000개 request의 p99 TTFT: 0.7696 초 | 
2025-11-17 21:37:02,594 - INFO - [실시간] 요청 41000개 처리 | 현재까지의 RPS: 243.73최근 1000개 request의 p99 TTFT: 0.5201 초 | 
2025-11-17 21:37:06,151 - INFO - [실시간] 요청 42000개 처리 | 현재까지의 RPS: 244.50최근 1000개 request의 p99 TTFT: 0.4624 초 | 
2025-11-17 21:37:09,636 - INFO - [실시간] 요청 43000개 처리 | 현재까지의 RPS: 245.35최근 1000개 request의 p99 TTFT: 0.4173 초 | 
2025-11-17 21:37:13,192 - INFO - [실시간] 요청 44000개 처리 | 현재까지의 RPS: 246.06최근 1000개 request의 p99 TTFT: 0.3928 초 | 
2025-11-17 21:37:16,712 - INFO - [실시간] 요청 45000개 처리 | 현재까지의 RPS: 246.80최근 1000개 request의 p99 TTFT: 0.5284 초 | 
2025-11-17 21:37:20,172 - INFO - [실시간] 요청 46000개 처리 | 현재까지의 RPS: 247.58최근 1000개 request의 p99 TTFT: 0.7619 초 | 
2025-11-17 21:37:23,670 - INFO - [실시간] 요청 47000개 처리 | 현재까지의 RPS: 248.29최근 1000개 request의 p99 TTFT: 0.6293 초 | 
2025-11-17 21:37:27,174 - INFO - [실시간] 요청 48000개 처리 | 현재까지의 RPS: 248.96최근 1000개 request의 p99 TTFT: 0.8655 초 | 
2025-11-17 21:37:30,573 - INFO - [실시간] 요청 49000개 처리 | 현재까지의 RPS: 249.75최근 1000개 request의 p99 TTFT: 0.7026 초 | 
2025-11-17 21:37:34,029 - INFO - [실시간] 요청 50000개 처리 | 현재까지의 RPS: 250.43최근 1000개 request의 p99 TTFT: 0.9833 초 | 
2025-11-17 21:37:37,364 - INFO - [실시간] 요청 51000개 처리 | 현재까지의 RPS: 251.24최근 1000개 request의 p99 TTFT: 1.0292 초 | 
2025-11-17 21:37:40,862 - INFO - [실시간] 요청 52000개 처리 | 현재까지의 RPS: 251.83최근 1000개 request의 p99 TTFT: 0.8858 초 | 
2025-11-17 21:37:44,249 - INFO - [실시간] 요청 53000개 처리 | 현재까지의 RPS: 252.53최근 1000개 request의 p99 TTFT: 0.6452 초 | 
2025-11-17 21:37:47,730 - INFO - [실시간] 요청 54000개 처리 | 현재까지의 RPS: 253.10최근 1000개 request의 p99 TTFT: 0.7494 초 | 
2025-11-17 21:37:51,224 - INFO - [실시간] 요청 55000개 처리 | 현재까지의 RPS: 253.63최근 1000개 request의 p99 TTFT: 1.1524 초 | 
2025-11-17 21:37:54,697 - INFO - [실시간] 요청 56000개 처리 | 현재까지의 RPS: 254.17최근 1000개 request의 p99 TTFT: 0.9837 초 | 
2025-11-17 21:37:57,973 - INFO - [실시간] 요청 57000개 처리 | 현재까지의 RPS: 254.92최근 1000개 request의 p99 TTFT: 1.4141 초 | 
2025-11-17 21:38:01,467 - INFO - [실시간] 요청 58000개 처리 | 현재까지의 RPS: 255.40최근 1000개 request의 p99 TTFT: 1.2732 초 | 
2025-11-17 21:38:04,958 - INFO - [실시간] 요청 59000개 처리 | 현재까지의 RPS: 255.87최근 1000개 request의 p99 TTFT: 1.0534 초 | 
2025-11-17 21:38:08,276 - INFO - [실시간] 요청 60000개 처리 | 현재까지의 RPS: 256.52최근 1000개 request의 p99 TTFT: 1.2689 초 | 
2025-11-17 21:38:11,797 - INFO - [실시간] 요청 61000개 처리 | 현재까지의 RPS: 256.93최근 1000개 request의 p99 TTFT: 1.5966 초 | 
2025-11-17 21:38:15,237 - INFO - [실시간] 요청 62000개 처리 | 현재까지의 RPS: 257.41최근 1000개 request의 p99 TTFT: 1.3008 초 | 
2025-11-17 21:38:18,638 - INFO - [실시간] 요청 63000개 처리 | 현재까지의 RPS: 257.92최근 1000개 request의 p99 TTFT: 0.9870 초 | 
2025-11-17 21:38:22,110 - INFO - [실시간] 요청 64000개 처리 | 현재까지의 RPS: 258.34최근 1000개 request의 p99 TTFT: 0.9431 초 | 
2025-11-17 21:38:25,511 - INFO - [실시간] 요청 65000개 처리 | 현재까지의 RPS: 258.82최근 1000개 request의 p99 TTFT: 2.0697 초 | 
2025-11-17 21:38:25,511 - WARNING - 최근 1000개의 p99 TTFT 2.0697 초가 SLO 의 2배 (2.0 초)를 초과했습니다. 부하 테스트를 조기 종료합니다.
통계에 반영된 요청 인덱스 범위: 0 ~ 65000 (총 65000개 요청)
통계 반영된 요청 수: 65000, 통계 반영된 시간: 370.28 초

==================================================
 실험 최종 결과 요약
==================================================
 부하 테스트가 조기 종료되었습니다! (SLO 위반)
 Client 수를 낮추어 다시 시도하세요.
 설정 실험 시간: 330 초
 Clients 수: 3800
 통계 반영 시간: 370.28 초
 총 시도된 요청: 69021 개
 총 완료된 요청: 65000 개
 총 실패한 요청: 4021 개
 완료 요청 중 retrieval이 실패한 요청: -925 개
 요청 성공률: 94.17%
 전체 Requests Per Second (RPS): 175.54
--------------------------------------------------
 Time to First Token (TTFT) Latency:
  - 평균 (Mean): 0.2106 초
  - 중간값 (50%ile): 0.1538 초
  - 최소값 (Min): 0.0227 초
  - 최대값 (Max): 2.2543 초
  - 95%ile Tail: 0.5086 초
  - 99%ile Tail: 0.9872 초
--------------------------------------------------
 Time Per Output Token (TPOT):
  - 평균 (Mean): 16.81 ms/token
--------------------------------------------------
 Embedding Latency:
  - 총 샘플 수: 65000
  - 평균 (Mean): 9.22 ms
  - 중간값 (50%ile): 8.00 ms
  - 95%ile Tail: 15.00 ms
  - 99%ile Tail: 23.00 ms
--------------------------------------------------
 VectorDB Search Latency:
  - 총 샘플 수: 65000
  - 평균 (Mean): 117.89 ms
  - 중간값 (50%ile): 53.00 ms
  - 95%ile Tail: 376.00 ms
  - 99%ile Tail: 843.00 ms
--------------------------------------------------
 Document Search Latency:
  - 총 샘플 수: 65000
  - 평균 (Mean): 15.42 ms
  - 중간값 (50%ile): 7.00 ms
  - 95%ile Tail: 54.00 ms
  - 99%ile Tail: 94.00 ms
--------------------------------------------------
 Total Retrieval Latency:
  - 총 샘플 수: 65000
  - 평균 (Mean): 142.47 ms
  - 중간값 (50%ile): 76.00 ms
  - 95%ile Tail: 425.00 ms
  - 99%ile Tail: 916.01 ms
==================================================
