2025-11-17 21:47:02,649 - INFO - ReqGen 시작: 서버=163.152.48.109:9000, 클라이언트=3600, 시간=330초
2025-11-17 21:47:02,649 - INFO - Hugging Face에서 'kroshan/BioASQ' 데이터셋을 로드합니다...
2025-11-17 21:47:08,562 - INFO - 3266개의 질문을 로드했습니다.
2025-11-17 21:47:08,562 - INFO - 부하 테스트 시작, client 수 = 3600
2025-11-17 21:47:08,563 - INFO - Zipf 값 1.2에서 상위 20%의 질문이 차지하는 비율: 91.82%
2025-11-17 21:47:16,843 - INFO - [실시간] 요청 1000개 처리 | 현재까지의 RPS: 120.77최근 1000개 request의 p99 TTFT: 0.2114 초 | 
2025-11-17 21:47:22,097 - INFO - [실시간] 요청 2000개 처리 | 현재까지의 RPS: 147.77최근 1000개 request의 p99 TTFT: 0.2405 초 | 
2025-11-17 21:47:26,266 - INFO - [실시간] 요청 3000개 처리 | 현재까지의 RPS: 169.46최근 1000개 request의 p99 TTFT: 0.2725 초 | 
2025-11-17 21:47:30,174 - INFO - [실시간] 요청 4000개 처리 | 현재까지의 RPS: 185.09최근 1000개 request의 p99 TTFT: 0.3470 초 | 
2025-11-17 21:47:35,480 - INFO - [실시간] 요청 5000개 처리 | 현재까지의 RPS: 185.76최근 1000개 request의 p99 TTFT: 0.3858 초 | 
2025-11-17 21:47:40,263 - INFO - [실시간] 요청 6000개 처리 | 현재까지의 RPS: 189.27최근 1000개 request의 p99 TTFT: 0.2148 초 | 
2025-11-17 21:47:45,279 - INFO - [실시간] 요청 7000개 처리 | 현재까지의 RPS: 190.65최근 1000개 request의 p99 TTFT: 0.2412 초 | 
2025-11-17 21:47:50,329 - INFO - [실시간] 요청 8000개 처리 | 현재까지의 RPS: 191.54최근 1000개 request의 p99 TTFT: 0.3130 초 | 
2025-11-17 21:47:55,280 - INFO - [실시간] 요청 9000개 처리 | 현재까지의 RPS: 192.65최근 1000개 request의 p99 TTFT: 0.2216 초 | 
2025-11-17 21:48:00,353 - INFO - [실시간] 요청 10000개 처리 | 현재까지의 RPS: 193.09최근 1000개 request의 p99 TTFT: 0.2222 초 | 
2025-11-17 21:48:05,542 - INFO - [실시간] 요청 11000개 처리 | 현재까지의 RPS: 193.05최근 1000개 request의 p99 TTFT: 0.3720 초 | 
2025-11-17 21:48:10,468 - INFO - [실시간] 요청 12000개 처리 | 현재까지의 RPS: 193.84최근 1000개 request의 p99 TTFT: 0.2410 초 | 
2025-11-17 21:48:14,617 - INFO - [실시간] 요청 13000개 처리 | 현재까지의 RPS: 196.81최근 1000개 request의 p99 TTFT: 0.3441 초 | 
2025-11-17 21:48:18,699 - INFO - [실시간] 요청 14000개 처리 | 현재까지의 RPS: 199.61최근 1000개 request의 p99 TTFT: 0.2478 초 | 
2025-11-17 21:48:22,595 - INFO - [실시간] 요청 15000개 처리 | 현재까지의 RPS: 202.62최근 1000개 request의 p99 TTFT: 0.2447 초 | 
2025-11-17 21:48:26,421 - INFO - [실시간] 요청 16000개 처리 | 현재까지의 RPS: 205.50최근 1000개 request의 p99 TTFT: 0.4032 초 | 
2025-11-17 21:48:30,185 - INFO - [실시간] 요청 17000개 처리 | 현재까지의 RPS: 208.28최근 1000개 request의 p99 TTFT: 0.5459 초 | 
2025-11-17 21:48:34,100 - INFO - [실시간] 요청 18000개 처리 | 현재까지의 RPS: 210.43최근 1000개 request의 p99 TTFT: 0.2682 초 | 
2025-11-17 21:48:38,126 - INFO - [실시간] 요청 19000개 처리 | 현재까지의 RPS: 212.14최근 1000개 request의 p99 TTFT: 0.3831 초 | 
2025-11-17 21:48:41,991 - INFO - [실시간] 요청 20000개 처리 | 현재까지의 RPS: 214.07최근 1000개 request의 p99 TTFT: 0.2733 초 | 
2025-11-17 21:48:45,942 - INFO - [실시간] 요청 21000개 처리 | 현재까지의 RPS: 215.65최근 1000개 request의 p99 TTFT: 0.4345 초 | 
2025-11-17 21:48:50,102 - INFO - [실시간] 요청 22000개 처리 | 현재까지의 RPS: 216.66최근 1000개 request의 p99 TTFT: 0.7052 초 | 
2025-11-17 21:48:53,894 - INFO - [실시간] 요청 23000개 처리 | 현재까지의 RPS: 218.36최근 1000개 request의 p99 TTFT: 0.8210 초 | 
2025-11-17 21:48:57,627 - INFO - [실시간] 요청 24000개 처리 | 현재까지의 RPS: 220.05최근 1000개 request의 p99 TTFT: 0.2638 초 | 
2025-11-17 21:49:01,562 - INFO - [실시간] 요청 25000개 처리 | 현재까지의 RPS: 221.24최근 1000개 request의 p99 TTFT: 0.2704 초 | 
2025-11-17 21:49:05,508 - INFO - [실시간] 요청 26000개 처리 | 현재까지의 RPS: 222.33최근 1000개 request의 p99 TTFT: 0.4020 초 | 
2025-11-17 21:49:09,353 - INFO - [실시간] 요청 27000개 처리 | 현재까지의 RPS: 223.53최근 1000개 request의 p99 TTFT: 0.2854 초 | 
2025-11-17 21:49:13,208 - INFO - [실시간] 요청 28000개 처리 | 현재까지의 RPS: 224.64최근 1000개 request의 p99 TTFT: 0.4269 초 | 
2025-11-17 21:49:16,912 - INFO - [실시간] 요청 29000개 처리 | 현재까지의 RPS: 225.95최근 1000개 request의 p99 TTFT: 0.6498 초 | 
2025-11-17 21:49:20,785 - INFO - [실시간] 요청 30000개 처리 | 현재까지의 RPS: 226.89최근 1000개 request의 p99 TTFT: 0.2653 초 | 
2025-11-17 21:49:24,459 - INFO - [실시간] 요청 31000개 처리 | 현재까지의 RPS: 228.11최근 1000개 request의 p99 TTFT: 0.5378 초 | 
2025-11-17 21:49:28,039 - INFO - [실시간] 요청 32000개 처리 | 현재까지의 RPS: 229.43최근 1000개 request의 p99 TTFT: 0.5008 초 | 
2025-11-17 21:49:31,574 - INFO - [실시간] 요청 33000개 처리 | 현재까지의 RPS: 230.75최근 1000개 request의 p99 TTFT: 0.4882 초 | 
2025-11-17 21:49:35,199 - INFO - [실시간] 요청 34000개 처리 | 현재까지의 RPS: 231.87최근 1000개 request의 p99 TTFT: 0.4103 초 | 
2025-11-17 21:49:38,899 - INFO - [실시간] 요청 35000개 처리 | 현재까지의 RPS: 232.81최근 1000개 request의 p99 TTFT: 0.9177 초 | 
2025-11-17 21:49:42,546 - INFO - [실시간] 요청 36000개 처리 | 현재까지의 RPS: 233.79최근 1000개 request의 p99 TTFT: 0.4893 초 | 
2025-11-17 21:49:46,110 - INFO - [실시간] 요청 37000개 처리 | 현재까지의 RPS: 234.85최근 1000개 request의 p99 TTFT: 0.7617 초 | 
2025-11-17 21:49:49,835 - INFO - [실시간] 요청 38000개 처리 | 현재까지의 RPS: 235.63최근 1000개 request의 p99 TTFT: 0.4344 초 | 
2025-11-17 21:49:53,463 - INFO - [실시간] 요청 39000개 처리 | 현재까지의 RPS: 236.51최근 1000개 request의 p99 TTFT: 0.5914 초 | 
2025-11-17 21:49:57,265 - INFO - [실시간] 요청 40000개 처리 | 현재까지의 RPS: 237.10최근 1000개 request의 p99 TTFT: 0.5497 초 | 
2025-11-17 21:50:00,993 - INFO - [실시간] 요청 41000개 처리 | 현재까지의 RPS: 237.78최근 1000개 request의 p99 TTFT: 0.8288 초 | 
2025-11-17 21:50:04,832 - INFO - [실시간] 요청 42000개 처리 | 현재까지의 RPS: 238.27최근 1000개 request의 p99 TTFT: 0.2961 초 | 
2025-11-17 21:50:08,503 - INFO - [실시간] 요청 43000개 처리 | 현재까지의 RPS: 238.97최근 1000개 request의 p99 TTFT: 0.3377 초 | 
2025-11-17 21:50:12,232 - INFO - [실시간] 요청 44000개 처리 | 현재까지의 RPS: 239.56최근 1000개 request의 p99 TTFT: 0.5272 초 | 
2025-11-17 21:50:15,789 - INFO - [실시간] 요청 45000개 처리 | 현재까지의 RPS: 240.35최근 1000개 request의 p99 TTFT: 0.4862 초 | 
2025-11-17 21:50:19,328 - INFO - [실시간] 요청 46000개 처리 | 현재까지의 RPS: 241.13최근 1000개 request의 p99 TTFT: 0.4579 초 | 
2025-11-17 21:50:23,202 - INFO - [실시간] 요청 47000개 처리 | 현재까지의 RPS: 241.47최근 1000개 request의 p99 TTFT: 0.8212 초 | 
2025-11-17 21:50:26,827 - INFO - [실시간] 요청 48000개 처리 | 현재까지의 RPS: 242.10최근 1000개 request의 p99 TTFT: 0.7578 초 | 
2025-11-17 21:50:30,307 - INFO - [실시간] 요청 49000개 처리 | 현재까지의 RPS: 242.88최근 1000개 request의 p99 TTFT: 0.9068 초 | 
2025-11-17 21:50:33,785 - INFO - [실시간] 요청 50000개 처리 | 현재까지의 RPS: 243.64최근 1000개 request의 p99 TTFT: 0.6793 초 | 
2025-11-17 21:50:37,347 - INFO - [실시간] 요청 51000개 처리 | 현재까지의 RPS: 244.27최근 1000개 request의 p99 TTFT: 0.5876 초 | 
2025-11-17 21:50:40,943 - INFO - [실시간] 요청 52000개 처리 | 현재까지의 RPS: 244.84최근 1000개 request의 p99 TTFT: 0.6049 초 | 
2025-11-17 21:50:44,539 - INFO - [실시간] 요청 53000개 처리 | 현재까지의 RPS: 245.40최근 1000개 request의 p99 TTFT: 0.8416 초 | 
2025-11-17 21:50:48,045 - INFO - [실시간] 요청 54000개 처리 | 현재까지의 RPS: 246.03최근 1000개 request의 p99 TTFT: 0.7104 초 | 
2025-11-17 21:50:51,600 - INFO - [실시간] 요청 55000개 처리 | 현재까지의 RPS: 246.60최근 1000개 request의 p99 TTFT: 0.8904 초 | 
2025-11-17 21:50:55,166 - INFO - [실시간] 요청 56000개 처리 | 현재까지의 RPS: 247.13최근 1000개 request의 p99 TTFT: 1.1281 초 | 
2025-11-17 21:50:58,558 - INFO - [실시간] 요청 57000개 처리 | 현재까지의 RPS: 247.83최근 1000개 request의 p99 TTFT: 1.1125 초 | 
2025-11-17 21:51:02,146 - INFO - [실시간] 요청 58000개 처리 | 현재까지의 RPS: 248.31최근 1000개 request의 p99 TTFT: 0.7391 초 | 
2025-11-17 21:51:05,864 - INFO - [실시간] 요청 59000개 처리 | 현재까지의 RPS: 248.63최근 1000개 request의 p99 TTFT: 0.8386 초 | 
2025-11-17 21:51:09,343 - INFO - [실시간] 요청 60000개 처리 | 현재까지의 RPS: 249.19최근 1000개 request의 p99 TTFT: 1.1057 초 | 
2025-11-17 21:51:12,891 - INFO - [실시간] 요청 61000개 처리 | 현재까지의 RPS: 249.66최근 1000개 request의 p99 TTFT: 0.6794 초 | 
2025-11-17 21:51:16,520 - INFO - [실시간] 요청 62000개 처리 | 현재까지의 RPS: 250.04최근 1000개 request의 p99 TTFT: 0.7534 초 | 
2025-11-17 21:51:20,015 - INFO - [실시간] 요청 63000개 처리 | 현재까지의 RPS: 250.54최근 1000개 request의 p99 TTFT: 0.8454 초 | 
2025-11-17 21:51:23,676 - INFO - [실시간] 요청 64000개 처리 | 현재까지의 RPS: 250.87최근 1000개 request의 p99 TTFT: 0.7540 초 | 
2025-11-17 21:51:27,117 - INFO - [실시간] 요청 65000개 처리 | 현재까지의 RPS: 251.40최근 1000개 request의 p99 TTFT: 0.5573 초 | 
2025-11-17 21:51:30,589 - INFO - [실시간] 요청 66000개 처리 | 현재까지의 RPS: 251.88최근 1000개 request의 p99 TTFT: 0.8792 초 | 
2025-11-17 21:51:34,076 - INFO - [실시간] 요청 67000개 처리 | 현재까지의 RPS: 252.34최근 1000개 request의 p99 TTFT: 0.4921 초 | 
2025-11-17 21:51:37,617 - INFO - [실시간] 요청 68000개 처리 | 현재까지의 RPS: 252.74최근 1000개 request의 p99 TTFT: 0.7745 초 | 
2025-11-17 21:51:41,109 - INFO - [실시간] 요청 69000개 처리 | 현재까지의 RPS: 253.17최근 1000개 request의 p99 TTFT: 0.6995 초 | 
2025-11-17 21:51:44,700 - INFO - [실시간] 요청 70000개 처리 | 현재까지의 RPS: 253.50최근 1000개 request의 p99 TTFT: 1.0464 초 | 
2025-11-17 21:51:48,165 - INFO - [실시간] 요청 71000개 처리 | 현재까지의 RPS: 253.93최근 1000개 request의 p99 TTFT: 1.1396 초 | 
2025-11-17 21:51:51,778 - INFO - [실시간] 요청 72000개 처리 | 현재까지의 RPS: 254.22최근 1000개 request의 p99 TTFT: 0.8304 초 | 
2025-11-17 21:51:55,318 - INFO - [실시간] 요청 73000개 처리 | 현재까지의 RPS: 254.57최근 1000개 request의 p99 TTFT: 1.2043 초 | 
2025-11-17 21:51:58,766 - INFO - [실시간] 요청 74000개 처리 | 현재까지의 RPS: 254.99최근 1000개 request의 p99 TTFT: 1.4671 초 | 
2025-11-17 21:52:02,312 - INFO - [실시간] 요청 75000개 처리 | 현재까지의 RPS: 255.32최근 1000개 request의 p99 TTFT: 1.2323 초 | 
2025-11-17 21:52:05,791 - INFO - [실시간] 요청 76000개 처리 | 현재까지의 RPS: 255.70최근 1000개 request의 p99 TTFT: 0.8273 초 | 
2025-11-17 21:52:09,458 - INFO - [실시간] 요청 77000개 처리 | 현재까지의 RPS: 255.90최근 1000개 request의 p99 TTFT: 0.9711 초 | 
2025-11-17 21:52:12,952 - INFO - [실시간] 요청 78000개 처리 | 현재까지의 RPS: 256.25최근 1000개 request의 p99 TTFT: 1.1065 초 | 
2025-11-17 21:52:16,371 - INFO - [실시간] 요청 79000개 처리 | 현재까지의 RPS: 256.65최근 1000개 request의 p99 TTFT: 1.3661 초 | 
2025-11-17 21:52:19,954 - INFO - [실시간] 요청 80000개 처리 | 현재까지의 RPS: 256.91최근 1000개 request의 p99 TTFT: 1.3794 초 | 
2025-11-17 21:52:23,417 - INFO - [실시간] 요청 81000개 처리 | 현재까지의 RPS: 257.26최근 1000개 request의 p99 TTFT: 1.2262 초 | 
2025-11-17 21:52:26,962 - INFO - [실시간] 요청 82000개 처리 | 현재까지의 RPS: 257.54최근 1000개 request의 p99 TTFT: 1.5788 초 | 
2025-11-17 21:52:30,464 - INFO - [실시간] 요청 83000개 처리 | 현재까지의 RPS: 257.84최근 1000개 request의 p99 TTFT: 1.1325 초 | 
2025-11-17 21:52:33,957 - INFO - [실시간] 요청 84000개 처리 | 현재까지의 RPS: 258.15최근 1000개 request의 p99 TTFT: 1.1692 초 | 
2025-11-17 21:52:37,519 - INFO - [실시간] 요청 85000개 처리 | 현재까지의 RPS: 258.39최근 1000개 request의 p99 TTFT: 1.4005 초 | 
통계에 반영된 요청 인덱스 범위: 0 ~ 85644 (총 85644개 요청)
통계 반영된 요청 수: 85644, 통계 반영된 시간: 389.82 초

==================================================
 실험 최종 결과 요약
==================================================
 설정 실험 시간: 330 초
 Clients 수: 3600
 통계 반영 시간: 389.82 초
 총 시도된 요청: 89809 개
 총 완료된 요청: 85644 개
 총 실패한 요청: 4165 개
 완료 요청 중 retrieval이 실패한 요청: 0 개
 요청 성공률: 95.36%
 전체 Requests Per Second (RPS): 219.70
--------------------------------------------------
 Time to First Token (TTFT) Latency:
  - 평균 (Mean): 0.2417 초
  - 중간값 (50%ile): 0.1746 초
  - 최소값 (Min): 0.0206 초
  - 최대값 (Max): 1.8831 초
  - 95%ile Tail: 0.6922 초
  - 99%ile Tail: 1.0474 초
--------------------------------------------------
 Time Per Output Token (TPOT):
  - 평균 (Mean): 16.85 ms/token
--------------------------------------------------
 Embedding Latency:
  - 총 샘플 수: 85621
  - 평균 (Mean): 9.65 ms
  - 중간값 (50%ile): 9.00 ms
  - 95%ile Tail: 16.00 ms
  - 99%ile Tail: 28.00 ms
--------------------------------------------------
 VectorDB Search Latency:
  - 총 샘플 수: 85621
  - 평균 (Mean): 151.62 ms
  - 중간값 (50%ile): 71.00 ms
  - 95%ile Tail: 551.00 ms
  - 99%ile Tail: 894.00 ms
--------------------------------------------------
 Document Search Latency:
  - 총 샘플 수: 85621
  - 평균 (Mean): 18.94 ms
  - 중간값 (50%ile): 8.00 ms
  - 95%ile Tail: 66.00 ms
  - 99%ile Tail: 104.00 ms
--------------------------------------------------
 Total Retrieval Latency:
  - 총 샘플 수: 85644
  - 평균 (Mean): 180.22 ms
  - 중간값 (50%ile): 97.00 ms
  - 95%ile Tail: 624.00 ms
  - 99%ile Tail: 974.00 ms
==================================================
