2025-11-17 21:40:25,942 - INFO - ReqGen 시작: 서버=163.152.48.109:9000, 클라이언트=3700, 시간=330초
2025-11-17 21:40:25,942 - INFO - Hugging Face에서 'kroshan/BioASQ' 데이터셋을 로드합니다...
2025-11-17 21:40:31,523 - INFO - 3266개의 질문을 로드했습니다.
2025-11-17 21:40:31,523 - INFO - 부하 테스트 시작, client 수 = 3700
2025-11-17 21:40:31,524 - INFO - Zipf 값 1.2에서 상위 20%의 질문이 차지하는 비율: 91.82%
2025-11-17 21:40:39,735 - INFO - [실시간] 요청 1000개 처리 | 현재까지의 RPS: 121.78최근 1000개 request의 p99 TTFT: 0.1897 초 | 
2025-11-17 21:40:44,864 - INFO - [실시간] 요청 2000개 처리 | 현재까지의 RPS: 149.92최근 1000개 request의 p99 TTFT: 0.2808 초 | 
2025-11-17 21:40:49,048 - INFO - [실시간] 요청 3000개 처리 | 현재까지의 RPS: 171.19최근 1000개 request의 p99 TTFT: 0.2089 초 | 
2025-11-17 21:40:52,930 - INFO - [실시간] 요청 4000개 처리 | 현재까지의 RPS: 186.86최근 1000개 request의 p99 TTFT: 0.4463 초 | 
2025-11-17 21:40:58,317 - INFO - [실시간] 요청 5000개 처리 | 현재까지의 RPS: 186.61최근 1000개 request의 p99 TTFT: 0.3356 초 | 
2025-11-17 21:41:03,110 - INFO - [실시간] 요청 6000개 처리 | 현재까지의 RPS: 189.95최근 1000개 request의 p99 TTFT: 0.2164 초 | 
2025-11-17 21:41:07,928 - INFO - [실시간] 요청 7000개 처리 | 현재까지의 RPS: 192.29최근 1000개 request의 p99 TTFT: 0.2118 초 | 
2025-11-17 21:41:12,825 - INFO - [실시간] 요청 8000개 처리 | 현재까지의 RPS: 193.70최근 1000개 request의 p99 TTFT: 0.2322 초 | 
2025-11-17 21:41:18,226 - INFO - [실시간] 요청 9000개 처리 | 현재까지의 RPS: 192.71최근 1000개 request의 p99 TTFT: 0.2236 초 | 
2025-11-17 21:41:23,300 - INFO - [실시간] 요청 10000개 처리 | 현재까지의 RPS: 193.14최근 1000개 request의 p99 TTFT: 0.6513 초 | 
2025-11-17 21:41:28,465 - INFO - [실시간] 요청 11000개 처리 | 현재까지의 RPS: 193.18최근 1000개 request의 p99 TTFT: 0.2120 초 | 
2025-11-17 21:41:33,537 - INFO - [실시간] 요청 12000개 처리 | 현재까지의 RPS: 193.51최근 1000개 request의 p99 TTFT: 0.2103 초 | 
2025-11-17 21:41:37,489 - INFO - [실시간] 요청 13000개 처리 | 현재까지의 RPS: 197.07최근 1000개 request의 p99 TTFT: 0.2184 초 | 
2025-11-17 21:41:41,660 - INFO - [실시간] 요청 14000개 처리 | 현재까지의 RPS: 199.61최근 1000개 request의 p99 TTFT: 0.3363 초 | 
2025-11-17 21:41:45,621 - INFO - [실시간] 요청 15000개 처리 | 현재까지의 RPS: 202.43최근 1000개 request의 p99 TTFT: 0.2241 초 | 
2025-11-17 21:41:49,534 - INFO - [실시간] 요청 16000개 처리 | 현재까지의 RPS: 205.10최근 1000개 request의 p99 TTFT: 0.7330 초 | 
2025-11-17 21:41:53,054 - INFO - [실시간] 요청 17000개 처리 | 현재까지의 RPS: 208.51최근 1000개 request의 p99 TTFT: 0.5981 초 | 
2025-11-17 21:41:56,924 - INFO - [실시간] 요청 18000개 처리 | 현재까지의 RPS: 210.77최근 1000개 request의 p99 TTFT: 0.2507 초 | 
2025-11-17 21:42:00,874 - INFO - [실시간] 요청 19000개 처리 | 현재까지의 RPS: 212.64최근 1000개 request의 p99 TTFT: 0.4079 초 | 
2025-11-17 21:42:04,888 - INFO - [실시간] 요청 20000개 처리 | 현재까지의 RPS: 214.21최근 1000개 request의 p99 TTFT: 0.2475 초 | 
2025-11-17 21:42:08,852 - INFO - [실시간] 요청 21000개 처리 | 현재까지의 RPS: 215.76최근 1000개 request의 p99 TTFT: 0.3311 초 | 
2025-11-17 21:42:12,725 - INFO - [실시간] 요청 22000개 처리 | 현재까지의 RPS: 217.39최근 1000개 request의 p99 TTFT: 0.3955 초 | 
2025-11-17 21:42:16,657 - INFO - [실시간] 요청 23000개 처리 | 현재까지의 RPS: 218.77최근 1000개 request의 p99 TTFT: 0.2590 초 | 
2025-11-17 21:42:20,612 - INFO - [실시간] 요청 24000개 처리 | 현재까지의 RPS: 220.01최근 1000개 request의 p99 TTFT: 0.3967 초 | 
2025-11-17 21:42:24,604 - INFO - [실시간] 요청 25000개 처리 | 현재까지의 RPS: 221.08최근 1000개 request의 p99 TTFT: 0.2406 초 | 
2025-11-17 21:42:28,509 - INFO - [실시간] 요청 26000개 처리 | 현재까지의 RPS: 222.25최근 1000개 request의 p99 TTFT: 0.4243 초 | 
2025-11-17 21:42:32,418 - INFO - [실시간] 요청 27000개 처리 | 현재까지의 RPS: 223.33최근 1000개 request의 p99 TTFT: 0.2403 초 | 
2025-11-17 21:42:36,183 - INFO - [실시간] 요청 28000개 처리 | 현재까지의 RPS: 224.61최근 1000개 request의 p99 TTFT: 0.7029 초 | 
2025-11-17 21:42:39,907 - INFO - [실시간] 요청 29000개 처리 | 현재까지의 RPS: 225.89최근 1000개 request의 p99 TTFT: 0.2439 초 | 
2025-11-17 21:42:43,561 - INFO - [실시간] 요청 30000개 처리 | 현재까지의 RPS: 227.21최근 1000개 request의 p99 TTFT: 0.3183 초 | 
2025-11-17 21:42:47,111 - INFO - [실시간] 요청 31000개 처리 | 현재까지의 RPS: 228.63최근 1000개 request의 p99 TTFT: 0.2809 초 | 
2025-11-17 21:42:50,613 - INFO - [실시간] 요청 32000개 처리 | 현재까지의 RPS: 230.07최근 1000개 request의 p99 TTFT: 0.2725 초 | 
2025-11-17 21:42:54,035 - INFO - [실시간] 요청 33000개 처리 | 현재까지의 RPS: 231.56최근 1000개 request의 p99 TTFT: 0.4467 초 | 
2025-11-17 21:42:57,643 - INFO - [실시간] 요청 34000개 처리 | 현재까지의 RPS: 232.69최근 1000개 request의 p99 TTFT: 0.6900 초 | 
2025-11-17 21:43:01,160 - INFO - [실시간] 요청 35000개 처리 | 현재까지의 RPS: 233.90최근 1000개 request의 p99 TTFT: 0.5580 초 | 
2025-11-17 21:43:04,719 - INFO - [실시간] 요청 36000개 처리 | 현재까지의 RPS: 234.99최근 1000개 request의 p99 TTFT: 0.2667 초 | 
2025-11-17 21:43:08,291 - INFO - [실시간] 요청 37000개 처리 | 현재까지의 RPS: 236.02최근 1000개 request의 p99 TTFT: 0.2783 초 | 
2025-11-17 21:43:11,853 - INFO - [실시간] 요청 38000개 처리 | 현재까지의 RPS: 237.01최근 1000개 request의 p99 TTFT: 0.3830 초 | 
2025-11-17 21:43:15,272 - INFO - [실시간] 요청 39000개 처리 | 현재까지의 RPS: 238.17최근 1000개 request의 p99 TTFT: 0.3132 초 | 
2025-11-17 21:43:18,959 - INFO - [실시간] 요청 40000개 처리 | 현재까지의 RPS: 238.90최근 1000개 request의 p99 TTFT: 0.5200 초 | 
2025-11-17 21:43:22,347 - INFO - [실시간] 요청 41000개 처리 | 현재까지의 RPS: 240.01최근 1000개 request의 p99 TTFT: 0.3779 초 | 
2025-11-17 21:43:25,911 - INFO - [실시간] 요청 42000개 처리 | 현재까지의 RPS: 240.84최근 1000개 request의 p99 TTFT: 0.4045 초 | 
2025-11-17 21:43:29,483 - INFO - [실시간] 요청 43000개 처리 | 현재까지의 RPS: 241.63최근 1000개 request의 p99 TTFT: 0.3374 초 | 
2025-11-17 21:43:32,829 - INFO - [실시간] 요청 44000개 처리 | 현재까지의 RPS: 242.68최근 1000개 request의 p99 TTFT: 0.5286 초 | 
2025-11-17 21:43:36,131 - INFO - [실시간] 요청 45000개 처리 | 현재까지의 RPS: 243.76최근 1000개 request의 p99 TTFT: 0.3173 초 | 
2025-11-17 21:43:39,708 - INFO - [실시간] 요청 46000개 처리 | 현재까지의 RPS: 244.44최근 1000개 request의 p99 TTFT: 0.4775 초 | 
2025-11-17 21:43:43,076 - INFO - [실시간] 요청 47000개 처리 | 현재까지의 RPS: 245.36최근 1000개 request의 p99 TTFT: 0.4933 초 | 
2025-11-17 21:43:46,671 - INFO - [실시간] 요청 48000개 처리 | 현재까지의 RPS: 245.97최근 1000개 request의 p99 TTFT: 0.4526 초 | 
2025-11-17 21:43:49,957 - INFO - [실시간] 요청 49000개 처리 | 현재까지의 RPS: 246.93최근 1000개 request의 p99 TTFT: 0.3608 초 | 
2025-11-17 21:43:53,420 - INFO - [실시간] 요청 50000개 처리 | 현재까지의 RPS: 247.65최근 1000개 request의 p99 TTFT: 0.5666 초 | 
2025-11-17 21:43:56,746 - INFO - [실시간] 요청 51000개 처리 | 현재까지의 RPS: 248.51최근 1000개 request의 p99 TTFT: 0.6413 초 | 
2025-11-17 21:44:00,143 - INFO - [실시간] 요청 52000개 처리 | 현재까지의 RPS: 249.26최근 1000개 request의 p99 TTFT: 0.7417 초 | 
2025-11-17 21:44:03,546 - INFO - [실시간] 요청 53000개 처리 | 현재까지의 RPS: 249.97최근 1000개 request의 p99 TTFT: 0.8860 초 | 
2025-11-17 21:44:06,948 - INFO - [실시간] 요청 54000개 처리 | 현재까지의 RPS: 250.67최근 1000개 request의 p99 TTFT: 0.5072 초 | 
2025-11-17 21:44:10,250 - INFO - [실시간] 요청 55000개 처리 | 현재까지의 RPS: 251.46최근 1000개 request의 p99 TTFT: 0.5056 초 | 
2025-11-17 21:44:13,611 - INFO - [실시간] 요청 56000개 처리 | 현재까지의 RPS: 252.15최근 1000개 request의 p99 TTFT: 0.5138 초 | 
2025-11-17 21:44:17,082 - INFO - [실시간] 요청 57000개 처리 | 현재까지의 RPS: 252.71최근 1000개 request의 p99 TTFT: 0.5229 초 | 
2025-11-17 21:44:20,425 - INFO - [실시간] 요청 58000개 처리 | 현재까지의 RPS: 253.38최근 1000개 request의 p99 TTFT: 0.3809 초 | 
2025-11-17 21:44:23,923 - INFO - [실시간] 요청 59000개 처리 | 현재까지의 RPS: 253.87최근 1000개 request의 p99 TTFT: 0.6813 초 | 
2025-11-17 21:44:27,238 - INFO - [실시간] 요청 60000개 처리 | 현재까지의 RPS: 254.55최근 1000개 request의 p99 TTFT: 0.5352 초 | 
2025-11-17 21:44:30,669 - INFO - [실시간] 요청 61000개 처리 | 현재까지의 RPS: 255.08최근 1000개 request의 p99 TTFT: 0.5761 초 | 
2025-11-17 21:44:33,940 - INFO - [실시간] 요청 62000개 처리 | 현재까지의 RPS: 255.76최근 1000개 request의 p99 TTFT: 0.5818 초 | 
2025-11-17 21:44:37,410 - INFO - [실시간] 요청 63000개 처리 | 현재까지의 RPS: 256.22최근 1000개 request의 p99 TTFT: 0.5093 초 | 
2025-11-17 21:44:40,684 - INFO - [실시간] 요청 64000개 처리 | 현재까지의 RPS: 256.86최근 1000개 request의 p99 TTFT: 0.4644 초 | 
2025-11-17 21:44:44,251 - INFO - [실시간] 요청 65000개 처리 | 현재까지의 RPS: 257.19최근 1000개 request의 p99 TTFT: 0.4808 초 | 
2025-11-17 21:44:47,619 - INFO - [실시간] 요청 66000개 처리 | 현재까지의 RPS: 257.72최근 1000개 request의 p99 TTFT: 0.7876 초 | 
2025-11-17 21:44:50,948 - INFO - [실시간] 요청 67000개 처리 | 현재까지의 RPS: 258.26최근 1000개 request의 p99 TTFT: 0.9193 초 | 
2025-11-17 21:44:54,177 - INFO - [실시간] 요청 68000개 처리 | 현재까지의 RPS: 258.90최근 1000개 request의 p99 TTFT: 0.3768 초 | 
2025-11-17 21:44:57,538 - INFO - [실시간] 요청 69000개 처리 | 현재까지의 RPS: 259.38최근 1000개 request의 p99 TTFT: 0.4896 초 | 
2025-11-17 21:45:00,869 - INFO - [실시간] 요청 70000개 처리 | 현재까지의 RPS: 259.89최근 1000개 request의 p99 TTFT: 0.7874 초 | 
2025-11-17 21:45:04,209 - INFO - [실시간] 요청 71000개 처리 | 현재까지의 RPS: 260.37최근 1000개 request의 p99 TTFT: 0.9719 초 | 
2025-11-17 21:45:07,522 - INFO - [실시간] 요청 72000개 처리 | 현재까지의 RPS: 260.87최근 1000개 request의 p99 TTFT: 0.5360 초 | 
2025-11-17 21:45:10,790 - INFO - [실시간] 요청 73000개 처리 | 현재까지의 RPS: 261.40최근 1000개 request의 p99 TTFT: 1.0408 초 | 
2025-11-17 21:45:14,044 - INFO - [실시간] 요청 74000개 처리 | 현재까지의 RPS: 261.93최근 1000개 request의 p99 TTFT: 0.3135 초 | 
2025-11-17 21:45:17,435 - INFO - [실시간] 요청 75000개 처리 | 현재까지의 RPS: 262.32최근 1000개 request의 p99 TTFT: 0.4917 초 | 
2025-11-17 21:45:20,721 - INFO - [실시간] 요청 76000개 처리 | 현재까지의 RPS: 262.80최근 1000개 request의 p99 TTFT: 0.5571 초 | 
2025-11-17 21:45:23,993 - INFO - [실시간] 요청 77000개 처리 | 현재까지의 RPS: 263.28최근 1000개 request의 p99 TTFT: 0.6889 초 | 
2025-11-17 21:45:27,336 - INFO - [실시간] 요청 78000개 처리 | 현재까지의 RPS: 263.68최근 1000개 request의 p99 TTFT: 0.9672 초 | 
2025-11-17 21:45:30,621 - INFO - [실시간] 요청 79000개 처리 | 현재까지의 RPS: 264.13최근 1000개 request의 p99 TTFT: 0.6322 초 | 
2025-11-17 21:45:33,854 - INFO - [실시간] 요청 80000개 처리 | 현재까지의 RPS: 264.61최근 1000개 request의 p99 TTFT: 0.8075 초 | 
2025-11-17 21:45:37,150 - INFO - [실시간] 요청 81000개 처리 | 현재까지의 RPS: 265.03최근 1000개 request의 p99 TTFT: 1.0279 초 | 
2025-11-17 21:45:40,446 - INFO - [실시간] 요청 82000개 처리 | 현재까지의 RPS: 265.44최근 1000개 request의 p99 TTFT: 0.9261 초 | 
2025-11-17 21:45:43,777 - INFO - [실시간] 요청 83000개 처리 | 현재까지의 RPS: 265.81최근 1000개 request의 p99 TTFT: 0.4674 초 | 
2025-11-17 21:45:47,134 - INFO - [실시간] 요청 84000개 처리 | 현재까지의 RPS: 266.15최근 1000개 request의 p99 TTFT: 0.6291 초 | 
2025-11-17 21:45:50,408 - INFO - [실시간] 요청 85000개 처리 | 현재까지의 RPS: 266.55최근 1000개 request의 p99 TTFT: 0.8250 초 | 
2025-11-17 21:45:53,623 - INFO - [실시간] 요청 86000개 처리 | 현재까지의 RPS: 267.00최근 1000개 request의 p99 TTFT: 0.8947 초 | 
2025-11-17 21:45:56,942 - INFO - [실시간] 요청 87000개 처리 | 현재까지의 RPS: 267.35최근 1000개 request의 p99 TTFT: 1.0671 초 | 
2025-11-17 21:46:00,225 - INFO - [실시간] 요청 88000개 처리 | 현재까지의 RPS: 267.72최근 1000개 request의 p99 TTFT: 0.9916 초 | 
통계에 반영된 요청 인덱스 범위: 0 ~ 88743 (총 88743개 요청)
통계 반영된 요청 수: 88743, 통계 반영된 시간: 389.84 초

==================================================
 실험 최종 결과 요약
==================================================
 설정 실험 시간: 330 초
 Clients 수: 3700
 통계 반영 시간: 389.84 초
 총 시도된 요청: 92896 개
 총 완료된 요청: 88743 개
 총 실패한 요청: 4153 개
 완료 요청 중 retrieval이 실패한 요청: 0 개
 요청 성공률: 95.53%
 전체 Requests Per Second (RPS): 227.64
--------------------------------------------------
 Time to First Token (TTFT) Latency:
  - 평균 (Mean): 0.1855 초
  - 중간값 (50%ile): 0.1552 초
  - 최소값 (Min): 0.0210 초
  - 최대값 (Max): 1.3345 초
  - 95%ile Tail: 0.4180 초
  - 99%ile Tail: 0.6991 초
--------------------------------------------------
 Time Per Output Token (TPOT):
  - 평균 (Mean): 16.83 ms/token
--------------------------------------------------
 Embedding Latency:
  - 총 샘플 수: 88724
  - 평균 (Mean): 9.54 ms
  - 중간값 (50%ile): 9.00 ms
  - 95%ile Tail: 16.00 ms
  - 99%ile Tail: 26.00 ms
--------------------------------------------------
 VectorDB Search Latency:
  - 총 샘플 수: 88724
  - 평균 (Mean): 85.05 ms
  - 중간값 (50%ile): 46.00 ms
  - 95%ile Tail: 280.85 ms
  - 99%ile Tail: 520.00 ms
--------------------------------------------------
 Document Search Latency:
  - 총 샘플 수: 88724
  - 평균 (Mean): 17.11 ms
  - 중간값 (50%ile): 8.00 ms
  - 95%ile Tail: 58.00 ms
  - 99%ile Tail: 101.00 ms
--------------------------------------------------
 Total Retrieval Latency:
  - 총 샘플 수: 88743
  - 평균 (Mean): 111.72 ms
  - 중간값 (50%ile): 71.00 ms
  - 95%ile Tail: 324.00 ms
  - 99%ile Tail: 615.58 ms
==================================================
