2025-10-02 07:42:20,685 - INFO - ReqGen 시작: 서버=163.152.48.109:9000, 클라이언트=4, 시간=60초
2025-10-02 07:42:20,685 - INFO - Hugging Face에서 'kroshan/BioASQ' 데이터셋을 로드합니다...
2025-10-02 07:42:27,589 - INFO - 3266개의 질문을 로드했습니다.
2025-10-02 07:42:27,589 - INFO - 부하 테스트 시작, client 수 = 4
2025-10-02 07:42:27,590 - INFO - Zipf 값 1.2에서 상위 20%의 질문이 차지하는 비율: 91.82%
통계에 반영된 요청 인덱스 범위: 0 ~ 27 (총 27개 요청)
통계 반영된 요청 수: 27, 통계 반영된 시간: 68.50 초

==================================================
 실험 최종 결과 요약
==================================================
 설정 실험 시간: 60 초
 Clients 수: 4
 통계 반영 시간: 68.50 초
 총 시도된 요청: 27 개
 총 완료된 요청: 27 개
 총 실패한 요청: 0 개
 완료 요청 중 retrieval이 실패한 요청: 0 개
 요청 성공률: 100.00%
 전체 Requests Per Second (RPS): 0.39
--------------------------------------------------
 Time to First Token (TTFT) Latency:
  - 평균 (Mean): 0.1455 초
  - 중간값 (50%ile): 0.1095 초
  - 최소값 (Min): 0.0512 초
  - 최대값 (Max): 1.0553 초
  - 95%ile Tail: 0.2884 초
  - 99%ile Tail: 0.8701 초
--------------------------------------------------
 Time Per Output Token (TPOT):
  - 평균 (Mean): 16.53 ms/token
--------------------------------------------------
 Embedding Latency:
  - 총 샘플 수: 23
  - 평균 (Mean): 13.04 ms
  - 중간값 (50%ile): 11.00 ms
  - 95%ile Tail: 21.00 ms
  - 99%ile Tail: 25.68 ms
--------------------------------------------------
 VectorDB Search Latency:
  - 총 샘플 수: 23
  - 평균 (Mean): 49.65 ms
  - 중간값 (50%ile): 9.00 ms
  - 95%ile Tail: 11.90 ms
  - 99%ile Tail: 737.40 ms
--------------------------------------------------
 Document Search Latency:
  - 총 샘플 수: 23
  - 평균 (Mean): 8.00 ms
  - 중간값 (50%ile): 8.00 ms
  - 95%ile Tail: 10.80 ms
  - 99%ile Tail: 12.56 ms
--------------------------------------------------
 Total Retrieval Latency:
  - 총 샘플 수: 27
  - 평균 (Mean): 72.89 ms
  - 중간값 (50%ile): 29.00 ms
  - 95%ile Tail: 189.60 ms
  - 99%ile Tail: 774.44 ms
==================================================
