2025-10-02 07:41:01,563 - INFO - ReqGen 시작: 서버=163.152.48.109:9000, 클라이언트=8, 시간=60초
2025-10-02 07:41:01,563 - INFO - Hugging Face에서 'kroshan/BioASQ' 데이터셋을 로드합니다...
2025-10-02 07:41:08,445 - INFO - 3266개의 질문을 로드했습니다.
2025-10-02 07:41:08,446 - INFO - 부하 테스트 시작, client 수 = 8
2025-10-02 07:41:08,446 - INFO - Zipf 값 1.2에서 상위 20%의 질문이 차지하는 비율: 91.82%
통계에 반영된 요청 인덱스 범위: 0 ~ 34 (총 34개 요청)
통계 반영된 요청 수: 34, 통계 반영된 시간: 70.62 초

==================================================
 실험 최종 결과 요약
==================================================
 설정 실험 시간: 60 초
 Clients 수: 8
 통계 반영 시간: 70.62 초
 총 시도된 요청: 34 개
 총 완료된 요청: 34 개
 총 실패한 요청: 0 개
 완료 요청 중 retrieval이 실패한 요청: 6 개
 요청 성공률: 100.00%
 전체 Requests Per Second (RPS): 0.48
--------------------------------------------------
 Time to First Token (TTFT) Latency:
  - 평균 (Mean): 7.3427 초
  - 중간값 (50%ile): 0.1557 초
  - 최소값 (Min): 0.0501 초
  - 최대값 (Max): 30.9130 초
  - 95%ile Tail: 30.6632 초
  - 99%ile Tail: 30.8308 초
--------------------------------------------------
 Time Per Output Token (TPOT):
  - 평균 (Mean): 16.43 ms/token
--------------------------------------------------
 Embedding Latency:
  - 총 샘플 수: 32
  - 평균 (Mean): 12.13 ms
  - 중간값 (50%ile): 11.00 ms
  - 95%ile Tail: 20.35 ms
  - 99%ile Tail: 24.76 ms
--------------------------------------------------
 VectorDB Search Latency:
  - 총 샘플 수: 27
  - 평균 (Mean): 2369.26 ms
  - 중간값 (50%ile): 10.00 ms
  - 95%ile Tail: 14673.50 ms
  - 99%ile Tail: 18187.24 ms
--------------------------------------------------
 Document Search Latency:
  - 총 샘플 수: 27
  - 평균 (Mean): 9.37 ms
  - 중간값 (50%ile): 8.00 ms
  - 95%ile Tail: 22.40 ms
  - 99%ile Tail: 29.70 ms
--------------------------------------------------
 Total Retrieval Latency:
  - 총 샘플 수: 28
  - 평균 (Mean): 2306.07 ms
  - 중간값 (50%ile): 31.50 ms
  - 95%ile Tail: 14419.90 ms
  - 99%ile Tail: 18197.51 ms
==================================================
