2025-10-02 10:10:49,668 - INFO - ReqGen 시작: 서버=163.152.48.109:9000, 클라이언트=8, 시간=60초
2025-10-02 10:10:49,669 - INFO - Hugging Face에서 'kroshan/BioASQ' 데이터셋을 로드합니다...
2025-10-02 10:10:56,512 - INFO - 3266개의 질문을 로드했습니다.
2025-10-02 10:10:56,513 - INFO - 부하 테스트 시작, client 수 = 8
2025-10-02 10:10:56,514 - INFO - Zipf 값 1.2에서 상위 20%의 질문이 차지하는 비율: 91.82%
통계에 반영된 요청 인덱스 범위: 0 ~ 48 (총 48개 요청)
통계 반영된 요청 수: 48, 통계 반영된 시간: 79.88 초

==================================================
 실험 최종 결과 요약
==================================================
 설정 실험 시간: 60 초
 Clients 수: 8
 통계 반영 시간: 79.88 초
 총 시도된 요청: 48 개
 총 완료된 요청: 48 개
 총 실패한 요청: 0 개
 완료 요청 중 retrieval이 실패한 요청: 4 개
 요청 성공률: 100.00%
 전체 Requests Per Second (RPS): 0.60
--------------------------------------------------
 Time to First Token (TTFT) Latency:
  - 평균 (Mean): 3.4307 초
  - 중간값 (50%ile): 0.1409 초
  - 최소값 (Min): 0.0501 초
  - 최대값 (Max): 30.8467 초
  - 95%ile Tail: 30.3861 초
  - 99%ile Tail: 30.8463 초
--------------------------------------------------
 Time Per Output Token (TPOT):
  - 평균 (Mean): 16.49 ms/token
--------------------------------------------------
 Embedding Latency:
  - 총 샘플 수: 45
  - 평균 (Mean): 11.98 ms
  - 중간값 (50%ile): 11.00 ms
  - 95%ile Tail: 19.80 ms
  - 99%ile Tail: 21.68 ms
--------------------------------------------------
 VectorDB Search Latency:
  - 총 샘플 수: 42
  - 평균 (Mean): 767.10 ms
  - 중간값 (50%ile): 11.00 ms
  - 95%ile Tail: 5165.20 ms
  - 99%ile Tail: 6574.73 ms
--------------------------------------------------
 Document Search Latency:
  - 총 샘플 수: 42
  - 평균 (Mean): 8.00 ms
  - 중간값 (50%ile): 8.00 ms
  - 95%ile Tail: 12.00 ms
  - 99%ile Tail: 13.00 ms
--------------------------------------------------
 Total Retrieval Latency:
  - 총 샘플 수: 44
  - 평균 (Mean): 892.57 ms
  - 중간값 (50%ile): 36.00 ms
  - 95%ile Tail: 5395.10 ms
  - 99%ile Tail: 6563.51 ms
==================================================
