2025-11-17 19:14:38,227 - INFO - ReqGen 시작: 서버=163.152.48.109:9000, 클라이언트=50, 시간=80초
2025-11-17 19:14:38,227 - INFO - Hugging Face에서 'kroshan/BioASQ' 데이터셋을 로드합니다...
2025-11-17 19:14:45,253 - INFO - 3266개의 질문을 로드했습니다.
2025-11-17 19:14:45,254 - INFO - 부하 테스트 시작, client 수 = 50
2025-11-17 19:14:45,254 - INFO - Zipf 값 1.2에서 상위 20%의 질문이 차지하는 비율: 91.82%
통계에 반영된 요청 인덱스 범위: 0 ~ 363 (총 363개 요청)
통계 반영된 요청 수: 363, 통계 반영된 시간: 100.29 초

==================================================
 실험 최종 결과 요약
==================================================
 설정 실험 시간: 80 초
 Clients 수: 50
 통계 반영 시간: 100.29 초
 총 시도된 요청: 363 개
 총 완료된 요청: 363 개
 총 실패한 요청: 0 개
 완료 요청 중 retrieval이 실패한 요청: 0 개
 요청 성공률: 100.00%
 전체 Requests Per Second (RPS): 3.62
--------------------------------------------------
 Time to First Token (TTFT) Latency:
  - 평균 (Mean): 0.1350 초
  - 중간값 (50%ile): 0.1238 초
  - 최소값 (Min): 0.0355 초
  - 최대값 (Max): 0.3341 초
  - 95%ile Tail: 0.2728 초
  - 99%ile Tail: 0.2956 초
--------------------------------------------------
 Time Per Output Token (TPOT):
  - 평균 (Mean): 16.75 ms/token
--------------------------------------------------
 Embedding Latency:
  - 총 샘플 수: 358
  - 평균 (Mean): 8.15 ms
  - 중간값 (50%ile): 7.00 ms
  - 95%ile Tail: 11.00 ms
  - 99%ile Tail: 12.43 ms
--------------------------------------------------
 VectorDB Search Latency:
  - 총 샘플 수: 358
  - 평균 (Mean): 52.79 ms
  - 중간값 (50%ile): 27.00 ms
  - 95%ile Tail: 151.15 ms
  - 99%ile Tail: 183.87 ms
--------------------------------------------------
 Document Search Latency:
  - 총 샘플 수: 358
  - 평균 (Mean): 7.75 ms
  - 중간값 (50%ile): 8.00 ms
  - 95%ile Tail: 9.00 ms
  - 99%ile Tail: 13.00 ms
--------------------------------------------------
 Total Retrieval Latency:
  - 총 샘플 수: 363
  - 평균 (Mean): 69.26 ms
  - 중간값 (50%ile): 43.00 ms
  - 95%ile Tail: 170.00 ms
  - 99%ile Tail: 204.90 ms
==================================================
