2025-10-01 19:52:14,491 - INFO - ReqGen 시작: 서버=163.152.48.109:9000, 클라이언트=2, 시간=60초
2025-10-01 19:52:14,492 - INFO - Hugging Face에서 'kroshan/BioASQ' 데이터셋을 로드합니다...
2025-10-01 19:52:21,824 - INFO - 3266개의 질문을 로드했습니다.
2025-10-01 19:52:21,825 - INFO - 부하 테스트 시작, client 수 = 2
2025-10-01 19:52:21,825 - INFO - Zipf 값 1.2에서 상위 20%의 질문이 차지하는 비율: 91.82%
통계에 반영된 요청 인덱스 범위: 0 ~ 5 (총 5개 요청)
통계 반영된 요청 수: 5, 통계 반영된 시간: 66.04 초

==================================================
 실험 최종 결과 요약
==================================================
 설정 실험 시간: 60 초
 Clients 수: 2
 통계 반영 시간: 66.04 초
 총 시도된 요청: 5 개
 총 완료된 요청: 5 개
 총 실패한 요청: 0 개
 요청 성공률: 100.00%
 전체 Requests Per Second (RPS): 0.08
--------------------------------------------------
 Time to First Token (TTFT) Latency:
  - 평균 (Mean): 19.4042 초
  - 중간값 (50%ile): 18.8157 초
  - 95%ile Tail: 30.8063 초
  - 99%ile Tail: 30.9615 초
--------------------------------------------------
 Time Per Output Token (TPOT):
  - 평균 (Mean): 17.57 ms/token
--------------------------------------------------
 Embedding Latency:
  - 평균 (Mean): 11.00 ms
  - 중간값 (50%ile): 11.00 ms
  - 95%ile Tail: 11.90 ms
  - 99%ile Tail: 11.98 ms
--------------------------------------------------
 Total Retrieval Latency:
  - 평균 (Mean): 11872.33 ms
  - 중간값 (50%ile): 9896.00 ms
  - 95%ile Tail: 17846.60 ms
  - 99%ile Tail: 18553.32 ms
==================================================
