2025-11-20 22:06:10,093 - INFO - ReqGen 시작: 서버=163.152.48.109:9000, 클라이언트=2, 시간=330초
2025-11-20 22:06:10,093 - INFO - Hugging Face에서 'kroshan/BioASQ' 데이터셋을 로드합니다...
2025-11-20 22:06:15,612 - INFO - 3266개의 질문을 로드했습니다.
2025-11-20 22:06:15,613 - INFO - 부하 테스트 시작, client 수 = 2
2025-11-20 22:06:15,613 - INFO - Zipf 값 1.2에서 상위 20%의 질문이 차지하는 비율: 91.82%
통계에 반영된 요청 인덱스 범위: 0 ~ 418 (총 418개 요청)
statistics_start_time이 설정되지 않았습니다.
statistics_end_time이 설정되지 않았습니다.
통계 반영된 요청 수: 418, 통계 반영된 시간: 330.58 초

==================================================
 실험 최종 결과 요약
==================================================
 설정 실험 시간: 330 초
 Clients 수: 2
 통계 반영 시간: 330.58 초
 총 시도된 요청: 420 개
 총 완료된 요청: 418 개
 총 실패한 요청: 2 개
 완료 요청 중 retrieval이 실패한 요청: 0 개
 요청 성공률: 99.52%
 전체 Requests Per Second (RPS): 1.26
--------------------------------------------------
 Time to First Token (TTFT) Latency:
  - 평균 (Mean): 0.0939 초
  - 중간값 (50%ile): 0.0872 초
  - 최소값 (Min): 0.0302 초
  - 최대값 (Max): 0.2176 초
  - 95%ile Tail: 0.1600 초
  - 99%ile Tail: 0.1788 초
--------------------------------------------------
 Time Per Output Token (TPOT):
  - 평균 (Mean): 17.04 ms/token
--------------------------------------------------
 Embedding Latency:
  - 총 샘플 수: 256
  - 평균 (Mean): 6.25 ms
  - 중간값 (50%ile): 6.00 ms
  - 95%ile Tail: 9.00 ms
  - 99%ile Tail: 11.00 ms
--------------------------------------------------
 VectorDB Search Latency:
  - 총 샘플 수: 256
  - 평균 (Mean): 16.95 ms
  - 중간값 (50%ile): 15.50 ms
  - 95%ile Tail: 25.00 ms
  - 99%ile Tail: 40.25 ms
--------------------------------------------------
 Document Search Latency:
  - 총 샘플 수: 256
  - 평균 (Mean): 6.63 ms
  - 중간값 (50%ile): 7.00 ms
  - 95%ile Tail: 8.00 ms
  - 99%ile Tail: 8.00 ms
--------------------------------------------------
 Total Retrieval Latency:
  - 총 샘플 수: 418
  - 평균 (Mean): 31.57 ms
  - 중간값 (50%ile): 30.00 ms
  - 95%ile Tail: 42.15 ms
  - 99%ile Tail: 61.00 ms
==================================================
