2025-11-17 12:01:34,697 - INFO - ReqGen 시작: 서버=163.152.48.109:9000, 클라이언트=2500, 시간=60초
2025-11-17 12:01:34,697 - INFO - Hugging Face에서 'kroshan/BioASQ' 데이터셋을 로드합니다...
2025-11-17 12:01:41,438 - INFO - 3266개의 질문을 로드했습니다.
2025-11-17 12:01:41,439 - INFO - 부하 테스트 시작, client 수 = 2500
2025-11-17 12:01:41,439 - INFO - Zipf 값 1.2에서 상위 20%의 질문이 차지하는 비율: 91.82%
2025-11-17 12:01:51,428 - INFO - [실시간] 요청 1000개 처리 | 현재까지의 RPS: 100.11최근 1000개 request의 p99 TTFT: 4.7618 초 | 
2025-11-17 12:01:51,428 - WARNING - 최근 1000개의 p99 TTFT 4.7618 초가 SLO 의 2배 (2.0 초)를 초과했습니다. 부하 테스트를 조기 종료합니다.
Traceback (most recent call last):
  File "/home/comsys/sungsu/CXLSharedMemGPU/ReqGen/main.py", line 406, in <module>
    main()
  File "/home/comsys/sungsu/CXLSharedMemGPU/ReqGen/main.py", line 403, in main
    asyncio.run(reqgen.run())
  File "/usr/lib/python3.10/asyncio/runners.py", line 44, in run
    return loop.run_until_complete(main)
  File "/usr/lib/python3.10/asyncio/base_events.py", line 649, in run_until_complete
    return future.result()
  File "/home/comsys/sungsu/CXLSharedMemGPU/ReqGen/main.py", line 381, in run
    await asyncio.gather(*tasks)
  File "/home/comsys/sungsu/CXLSharedMemGPU/ReqGen/main.py", line 134, in _run_client
    async for chunk in response.content.iter_any():
  File "/home/comsys/.local/lib/python3.10/site-packages/aiohttp/streams.py", line 50, in __anext__
    rv = await self.read_func()
  File "/home/comsys/.local/lib/python3.10/site-packages/aiohttp/streams.py", line 405, in readany
    await self._wait("readany")
  File "/home/comsys/.local/lib/python3.10/site-packages/aiohttp/streams.py", line 311, in _wait
    with self._timer:
  File "/home/comsys/.local/lib/python3.10/site-packages/aiohttp/helpers.py", line 735, in __exit__
    raise asyncio.TimeoutError from None
asyncio.exceptions.TimeoutError
