2025-11-17 12:17:03,989 - INFO - ReqGen 시작: 서버=163.152.48.109:9000, 클라이언트=4687, 시간=60초
2025-11-17 12:17:03,989 - INFO - Hugging Face에서 'kroshan/BioASQ' 데이터셋을 로드합니다...
2025-11-17 12:17:10,293 - INFO - 3266개의 질문을 로드했습니다.
2025-11-17 12:17:10,294 - INFO - 부하 테스트 시작, client 수 = 4687
2025-11-17 12:17:10,295 - INFO - Zipf 값 1.2에서 상위 20%의 질문이 차지하는 비율: 91.82%
2025-11-17 12:17:18,985 - INFO - [실시간] 요청 1000개 처리 | 현재까지의 RPS: 115.06최근 1000개 request의 p99 TTFT: 5.3515 초 | 
2025-11-17 12:17:18,986 - WARNING - 최근 1000개의 p99 TTFT 5.3515 초가 SLO 의 2배 (2.0 초)를 초과했습니다. 부하 테스트를 조기 종료합니다.
2025-11-17 12:17:25,483 - INFO - [실시간] 요청 2000개 처리 | 현재까지의 RPS: 131.68최근 1000개 request의 p99 TTFT: 9.6785 초 | 
Traceback (most recent call last):
  File "/home/comsys/sungsu/CXLSharedMemGPU/ReqGen/main.py", line 406, in <module>
    main()
  File "/home/comsys/sungsu/CXLSharedMemGPU/ReqGen/main.py", line 403, in main
    asyncio.run(reqgen.run())
  File "/usr/lib/python3.10/asyncio/runners.py", line 44, in run
    return loop.run_until_complete(main)
  File "/usr/lib/python3.10/asyncio/base_events.py", line 636, in run_until_complete
    self.run_forever()
  File "/usr/lib/python3.10/asyncio/base_events.py", line 603, in run_forever
    self._run_once()
  File "/usr/lib/python3.10/asyncio/base_events.py", line 1871, in _run_once
    event_list = self._selector.select(timeout)
  File "/usr/lib/python3.10/selectors.py", line 469, in select
    fd_event_list = self._selector.poll(timeout, max_ev)
KeyboardInterrupt
