2025-11-17 12:00:25,943 - INFO - ReqGen 시작: 서버=163.152.48.109:9000, 클라이언트=5000, 시간=60초
2025-11-17 12:00:25,943 - INFO - Hugging Face에서 'kroshan/BioASQ' 데이터셋을 로드합니다...
2025-11-17 12:00:32,657 - INFO - 3266개의 질문을 로드했습니다.
2025-11-17 12:00:32,658 - INFO - 부하 테스트 시작, client 수 = 5000
2025-11-17 12:00:32,658 - INFO - Zipf 값 1.2에서 상위 20%의 질문이 차지하는 비율: 91.82%
2025-11-17 12:00:44,088 - INFO - [실시간] 요청 1000개 처리 | 현재까지의 RPS: 87.49최근 1000개 request의 p99 TTFT: 9.4812 초 | 
2025-11-17 12:00:44,089 - WARNING - 최근 1000개의 p99 TTFT 9.4812 초가 SLO 의 2배 (2.0 초)를 초과했습니다. 부하 테스트를 조기 종료합니다.
2025-11-17 12:00:50,878 - INFO - [실시간] 요청 2000개 처리 | 현재까지의 RPS: 109.77최근 1000개 request의 p99 TTFT: 15.7411 초 | 
2025-11-17 12:00:57,330 - INFO - [실시간] 요청 3000개 처리 | 현재까지의 RPS: 121.60최근 1000개 request의 p99 TTFT: 21.4284 초 | 
2025-11-17 12:01:04,495 - INFO - [실시간] 요청 4000개 처리 | 현재까지의 RPS: 125.64최근 1000개 request의 p99 TTFT: 27.8779 초 | 
2025-11-17 12:01:12,012 - INFO - [실시간] 요청 5000개 처리 | 현재까지의 RPS: 127.05최근 1000개 request의 p99 TTFT: 31.8101 초 | 
통계에 반영된 요청 인덱스 범위: 0 ~ 1000 (총 1000개 요청)
통계 반영된 요청 수: 1000, 통계 반영된 시간: 60.84 초

==================================================
 실험 최종 결과 요약
==================================================
 부하 테스트가 조기 종료되었습니다! (SLO 위반)
 Client 수를 낮추어 다시 시도하세요.
 설정 실험 시간: 60 초
 Clients 수: 5000
 통계 반영 시간: 60.84 초
 총 시도된 요청: 1000 개
 총 완료된 요청: 1000 개
 총 실패한 요청: 0 개
 완료 요청 중 retrieval이 실패한 요청: -4213 개
 요청 성공률: 100.00%
 전체 Requests Per Second (RPS): 16.44
--------------------------------------------------
 Time to First Token (TTFT) Latency:
  - 평균 (Mean): 4.1587 초
  - 중간값 (50%ile): 4.2826 초
  - 최소값 (Min): 0.3291 초
  - 최대값 (Max): 10.3292 초
  - 95%ile Tail: 8.3333 초
  - 99%ile Tail: 9.4812 초
--------------------------------------------------
 Time Per Output Token (TPOT):
  - 평균 (Mean): 16.61 ms/token
--------------------------------------------------
 Embedding Latency:
  - 총 샘플 수: 1000
  - 평균 (Mean): 9.12 ms
  - 중간값 (50%ile): 7.00 ms
  - 95%ile Tail: 20.00 ms
  - 99%ile Tail: 48.01 ms
--------------------------------------------------
 VectorDB Search Latency:
  - 총 샘플 수: 1000
  - 평균 (Mean): 4001.31 ms
  - 중간값 (50%ile): 4124.50 ms
  - 95%ile Tail: 8044.50 ms
  - 99%ile Tail: 9253.21 ms
--------------------------------------------------
 Document Search Latency:
  - 총 샘플 수: 1000
  - 평균 (Mean): 22.07 ms
  - 중간값 (50%ile): 15.00 ms
  - 95%ile Tail: 39.00 ms
  - 99%ile Tail: 97.54 ms
--------------------------------------------------
 Total Retrieval Latency:
  - 총 샘플 수: 1000
  - 평균 (Mean): 4035.75 ms
  - 중간값 (50%ile): 4153.00 ms
  - 95%ile Tail: 8070.10 ms
  - 99%ile Tail: 9292.20 ms
==================================================
