2025-10-01 23:13:47,509 - INFO - ReqGen 시작: 서버=163.152.48.109:9000, 클라이언트=2, 시간=60초
2025-10-01 23:13:47,510 - INFO - Hugging Face에서 'kroshan/BioASQ' 데이터셋을 로드합니다...
2025-10-01 23:13:54,454 - INFO - 3266개의 질문을 로드했습니다.
2025-10-01 23:13:54,455 - INFO - 부하 테스트 시작, client 수 = 2
2025-10-01 23:13:54,455 - INFO - Zipf 값 1.2에서 상위 20%의 질문이 차지하는 비율: 91.82%
통계에 반영된 요청 인덱스 범위: 0 ~ 8 (총 8개 요청)
통계 반영된 요청 수: 8, 통계 반영된 시간: 71.11 초

==================================================
 실험 최종 결과 요약
==================================================
 설정 실험 시간: 60 초
 Clients 수: 2
 통계 반영 시간: 71.11 초
 총 시도된 요청: 8 개
 총 완료된 요청: 8 개
 총 실패한 요청: 0 개
 완료 요청 중 retrieval이 실패한 요청: 0 개
 요청 성공률: 100.00%
 전체 Requests Per Second (RPS): 0.11
--------------------------------------------------
 Time to First Token (TTFT) Latency:
  - 평균 (Mean): 5.3640 초
  - 중간값 (50%ile): 2.4460 초
  - 최소값 (Min): 0.0609 초
  - 최대값 (Max): 17.2464 초
  - 95%ile Tail: 16.2457 초
  - 99%ile Tail: 17.0463 초
--------------------------------------------------
 Time Per Output Token (TPOT):
  - 평균 (Mean): 16.97 ms/token
--------------------------------------------------
 Embedding Latency:
  - 총 샘플 수: 5
  - 평균 (Mean): 14.20 ms
  - 중간값 (50%ile): 12.00 ms
  - 95%ile Tail: 18.80 ms
  - 99%ile Tail: 18.96 ms
--------------------------------------------------
 VectorDB Search Latency:
  - 총 샘플 수: 5
  - 평균 (Mean): 4987.60 ms
  - 중간값 (50%ile): 4615.00 ms
  - 95%ile Tail: 12618.40 ms
  - 99%ile Tail: 13934.88 ms
--------------------------------------------------
 Document Search Latency:
  - 총 샘플 수: 5
  - 평균 (Mean): 11.00 ms
  - 중간값 (50%ile): 8.00 ms
  - 95%ile Tail: 19.40 ms
  - 99%ile Tail: 21.48 ms
--------------------------------------------------
 Total Retrieval Latency:
  - 총 샘플 수: 8
  - 평균 (Mean): 5286.25 ms
  - 중간값 (50%ile): 2349.00 ms
  - 95%ile Tail: 16147.90 ms
  - 99%ile Tail: 16944.78 ms
==================================================
