2025-10-02 08:17:29,316 - INFO - ReqGen 시작: 서버=163.152.48.109:9000, 클라이언트=8, 시간=60초
2025-10-02 08:17:29,317 - INFO - Hugging Face에서 'kroshan/BioASQ' 데이터셋을 로드합니다...
2025-10-02 08:17:36,074 - INFO - 3266개의 질문을 로드했습니다.
2025-10-02 08:17:36,076 - INFO - 부하 테스트 시작, client 수 = 8
2025-10-02 08:17:36,076 - INFO - Zipf 값 1.2에서 상위 20%의 질문이 차지하는 비율: 91.82%
통계에 반영된 요청 인덱스 범위: 0 ~ 65 (총 65개 요청)
통계 반영된 요청 수: 65, 통계 반영된 시간: 72.78 초

==================================================
 실험 최종 결과 요약
==================================================
 설정 실험 시간: 60 초
 Clients 수: 8
 통계 반영 시간: 72.78 초
 총 시도된 요청: 65 개
 총 완료된 요청: 65 개
 총 실패한 요청: 0 개
 완료 요청 중 retrieval이 실패한 요청: 0 개
 요청 성공률: 100.00%
 전체 Requests Per Second (RPS): 0.89
--------------------------------------------------
 Time to First Token (TTFT) Latency:
  - 평균 (Mean): 0.2009 초
  - 중간값 (50%ile): 0.1036 초
  - 최소값 (Min): 0.0450 초
  - 최대값 (Max): 2.9316 초
  - 95%ile Tail: 0.6581 초
  - 99%ile Tail: 1.7606 초
--------------------------------------------------
 Time Per Output Token (TPOT):
  - 평균 (Mean): 16.59 ms/token
--------------------------------------------------
 Embedding Latency:
  - 총 샘플 수: 61
  - 평균 (Mean): 9.61 ms
  - 중간값 (50%ile): 8.00 ms
  - 95%ile Tail: 21.00 ms
  - 99%ile Tail: 21.40 ms
--------------------------------------------------
 VectorDB Search Latency:
  - 총 샘플 수: 61
  - 평균 (Mean): 124.87 ms
  - 중간값 (50%ile): 9.00 ms
  - 95%ile Tail: 515.00 ms
  - 99%ile Tail: 1721.20 ms
--------------------------------------------------
 Document Search Latency:
  - 총 샘플 수: 61
  - 평균 (Mean): 8.08 ms
  - 중간값 (50%ile): 8.00 ms
  - 95%ile Tail: 11.00 ms
  - 99%ile Tail: 19.80 ms
--------------------------------------------------
 Total Retrieval Latency:
  - 총 샘플 수: 65
  - 평균 (Mean): 135.52 ms
  - 중간값 (50%ile): 25.00 ms
  - 95%ile Tail: 523.60 ms
  - 99%ile Tail: 1665.08 ms
==================================================
