2025-10-02 08:16:05,618 - INFO - ReqGen 시작: 서버=163.152.48.109:9000, 클라이언트=16, 시간=60초
2025-10-02 08:16:05,618 - INFO - Hugging Face에서 'kroshan/BioASQ' 데이터셋을 로드합니다...
2025-10-02 08:16:12,404 - INFO - 3266개의 질문을 로드했습니다.
2025-10-02 08:16:12,405 - INFO - 부하 테스트 시작, client 수 = 16
2025-10-02 08:16:12,406 - INFO - Zipf 값 1.2에서 상위 20%의 질문이 차지하는 비율: 91.82%
통계에 반영된 요청 인덱스 범위: 0 ~ 84 (총 84개 요청)
통계 반영된 요청 수: 84, 통계 반영된 시간: 75.10 초

==================================================
 실험 최종 결과 요약
==================================================
 설정 실험 시간: 60 초
 Clients 수: 16
 통계 반영 시간: 75.10 초
 총 시도된 요청: 84 개
 총 완료된 요청: 84 개
 총 실패한 요청: 0 개
 완료 요청 중 retrieval이 실패한 요청: 8 개
 요청 성공률: 100.00%
 전체 Requests Per Second (RPS): 1.12
--------------------------------------------------
 Time to First Token (TTFT) Latency:
  - 평균 (Mean): 5.8125 초
  - 중간값 (50%ile): 0.1503 초
  - 최소값 (Min): 0.0504 초
  - 최대값 (Max): 30.9642 초
  - 95%ile Tail: 30.6840 초
  - 99%ile Tail: 30.9559 초
--------------------------------------------------
 Time Per Output Token (TPOT):
  - 평균 (Mean): 16.48 ms/token
--------------------------------------------------
 Embedding Latency:
  - 총 샘플 수: 82
  - 평균 (Mean): 12.33 ms
  - 중간값 (50%ile): 11.00 ms
  - 95%ile Tail: 21.00 ms
  - 99%ile Tail: 25.00 ms
--------------------------------------------------
 VectorDB Search Latency:
  - 총 샘플 수: 75
  - 평균 (Mean): 2778.73 ms
  - 중간값 (50%ile): 11.00 ms
  - 95%ile Tail: 26207.60 ms
  - 99%ile Tail: 29427.32 ms
--------------------------------------------------
 Document Search Latency:
  - 총 샘플 수: 75
  - 평균 (Mean): 9.37 ms
  - 중간값 (50%ile): 8.00 ms
  - 95%ile Tail: 17.90 ms
  - 99%ile Tail: 28.64 ms
--------------------------------------------------
 Total Retrieval Latency:
  - 총 샘플 수: 76
  - 평균 (Mean): 3133.83 ms
  - 중간값 (50%ile): 37.00 ms
  - 95%ile Tail: 27183.75 ms
  - 99%ile Tail: 29428.75 ms
==================================================
