2025-11-17 18:10:21,653 - INFO - ReqGen 시작: 서버=163.152.48.109:9000, 클라이언트=6900, 시간=330초
2025-11-17 18:10:21,654 - INFO - Hugging Face에서 'kroshan/BioASQ' 데이터셋을 로드합니다...
2025-11-17 18:10:27,988 - INFO - 3266개의 질문을 로드했습니다.
2025-11-17 18:10:27,989 - INFO - 부하 테스트 시작, client 수 = 6900
2025-11-17 18:10:27,989 - INFO - Zipf 값 1.2에서 상위 20%의 질문이 차지하는 비율: 91.82%
2025-11-17 18:10:31,643 - INFO - [실시간] 요청 1000개 처리 | 현재까지의 RPS: 273.62최근 1000개 request의 p99 TTFT: 0.2777 초 | 
2025-11-17 18:10:34,087 - INFO - [실시간] 요청 2000개 처리 | 현재까지의 RPS: 327.97최근 1000개 request의 p99 TTFT: 0.2015 초 | 
2025-11-17 18:10:36,272 - INFO - [실시간] 요청 3000개 처리 | 현재까지의 RPS: 362.19최근 1000개 request의 p99 TTFT: 0.6812 초 | 
2025-11-17 18:10:38,260 - INFO - [실시간] 요청 4000개 처리 | 현재까지의 RPS: 389.45최근 1000개 request의 p99 TTFT: 0.4610 초 | 
2025-11-17 18:10:40,002 - INFO - [실시간] 요청 5000개 처리 | 현재까지의 RPS: 416.23최근 1000개 request의 p99 TTFT: 0.2020 초 | 
2025-11-17 18:10:41,757 - INFO - [실시간] 요청 6000개 처리 | 현재까지의 RPS: 435.79최근 1000개 request의 p99 TTFT: 0.2843 초 | 
2025-11-17 18:10:43,480 - INFO - [실시간] 요청 7000개 처리 | 현재까지의 RPS: 451.88최근 1000개 request의 p99 TTFT: 0.8035 초 | 
2025-11-17 18:10:44,853 - INFO - [실시간] 요청 8000개 처리 | 현재까지의 RPS: 474.38최근 1000개 request의 p99 TTFT: 0.7717 초 | 
2025-11-17 18:10:46,222 - INFO - [실시간] 요청 9000개 처리 | 현재까지의 RPS: 493.61최근 1000개 request의 p99 TTFT: 0.3799 초 | 
2025-11-17 18:10:47,660 - INFO - [실시간] 요청 10000개 처리 | 현재까지의 RPS: 508.36최근 1000개 request의 p99 TTFT: 0.6570 초 | 
2025-11-17 18:10:49,184 - INFO - [실시간] 요청 11000개 처리 | 현재까지의 RPS: 519.00최근 1000개 request의 p99 TTFT: 1.1173 초 | 
2025-11-17 18:10:50,503 - INFO - [실시간] 요청 12000개 처리 | 현재까지의 RPS: 532.99최근 1000개 request의 p99 TTFT: 1.2993 초 | 
2025-11-17 18:10:52,084 - INFO - [실시간] 요청 13000개 처리 | 현재까지의 RPS: 539.54최근 1000개 request의 p99 TTFT: 0.9018 초 | 
2025-11-17 18:10:53,753 - INFO - [실시간] 요청 14000개 처리 | 현재까지의 RPS: 543.39최근 1000개 request의 p99 TTFT: 0.2083 초 | 
2025-11-17 18:10:55,502 - INFO - [실시간] 요청 15000개 처리 | 현재까지의 RPS: 545.19최근 1000개 request의 p99 TTFT: 0.2685 초 | 
2025-11-17 18:10:57,061 - INFO - [실시간] 요청 16000개 처리 | 현재까지의 RPS: 550.36최근 1000개 request의 p99 TTFT: 0.3594 초 | 
2025-11-17 18:10:58,646 - INFO - [실시간] 요청 17000개 처리 | 현재까지의 RPS: 554.53최근 1000개 request의 p99 TTFT: 0.2430 초 | 
2025-11-17 18:11:00,218 - INFO - [실시간] 요청 18000개 처리 | 현재까지의 RPS: 558.51최근 1000개 request의 p99 TTFT: 0.2580 초 | 
2025-11-17 18:11:01,772 - INFO - [실시간] 요청 19000개 처리 | 현재까지의 RPS: 562.41최근 1000개 request의 p99 TTFT: 0.2263 초 | 
2025-11-17 18:11:03,353 - INFO - [실시간] 요청 20000개 처리 | 현재까지의 RPS: 565.54최근 1000개 request의 p99 TTFT: 0.5744 초 | 
2025-11-17 18:11:04,990 - INFO - [실시간] 요청 21000개 처리 | 현재까지의 RPS: 567.55최근 1000개 request의 p99 TTFT: 0.2229 초 | 
2025-11-17 18:11:06,825 - INFO - [실시간] 요청 22000개 처리 | 현재까지의 RPS: 566.48최근 1000개 request의 p99 TTFT: 1.0209 초 | 
2025-11-17 18:11:08,350 - INFO - [실시간] 요청 23000개 처리 | 현재까지의 RPS: 569.86최근 1000개 request의 p99 TTFT: 1.5654 초 | 
2025-11-17 18:11:09,916 - INFO - [실시간] 요청 24000개 처리 | 현재까지의 RPS: 572.42최근 1000개 request의 p99 TTFT: 1.4165 초 | 
2025-11-17 18:11:11,518 - INFO - [실시간] 요청 25000개 처리 | 현재까지의 RPS: 574.33최근 1000개 request의 p99 TTFT: 0.7934 초 | 
2025-11-17 18:11:13,000 - INFO - [실시간] 요청 26000개 처리 | 현재까지의 RPS: 577.63최근 1000개 request의 p99 TTFT: 0.8151 초 | 
2025-11-17 18:11:14,438 - INFO - [실시간] 요청 27000개 처리 | 현재까지의 RPS: 581.28최근 1000개 request의 p99 TTFT: 0.3499 초 | 
2025-11-17 18:11:15,967 - INFO - [실시간] 요청 28000개 처리 | 현재까지의 RPS: 583.60최근 1000개 request의 p99 TTFT: 0.6280 초 | 
2025-11-17 18:11:17,523 - INFO - [실시간] 요청 29000개 처리 | 현재까지의 RPS: 585.45최근 1000개 request의 p99 TTFT: 0.6132 초 | 
2025-11-17 18:11:19,183 - INFO - [실시간] 요청 30000개 처리 | 현재까지의 RPS: 586.01최근 1000개 request의 p99 TTFT: 0.2468 초 | 
2025-11-17 18:11:20,776 - INFO - [실시간] 요청 31000개 처리 | 현재까지의 RPS: 587.26최근 1000개 request의 p99 TTFT: 0.2257 초 | 
2025-11-17 18:11:22,461 - INFO - [실시간] 요청 32000개 처리 | 현재까지의 RPS: 587.46최근 1000개 request의 p99 TTFT: 0.2549 초 | 
2025-11-17 18:11:23,980 - INFO - [실시간] 요청 33000개 처리 | 현재까지의 RPS: 589.38최근 1000개 request의 p99 TTFT: 0.4609 초 | 
2025-11-17 18:11:25,572 - INFO - [실시간] 요청 34000개 처리 | 현재까지의 RPS: 590.45최근 1000개 request의 p99 TTFT: 0.2402 초 | 
2025-11-17 18:11:27,114 - INFO - [실시간] 요청 35000개 처리 | 현재까지의 RPS: 591.96최근 1000개 request의 p99 TTFT: 0.4383 초 | 
2025-11-17 18:11:28,638 - INFO - [실시간] 요청 36000개 처리 | 현재까지의 RPS: 593.58최근 1000개 request의 p99 TTFT: 0.2571 초 | 
2025-11-17 18:11:30,224 - INFO - [실시간] 요청 37000개 처리 | 현재까지의 RPS: 594.52최근 1000개 request의 p99 TTFT: 0.4551 초 | 
2025-11-17 18:11:31,737 - INFO - [실시간] 요청 38000개 처리 | 현재까지의 RPS: 596.10최근 1000개 request의 p99 TTFT: 0.6218 초 | 
2025-11-17 18:11:33,206 - INFO - [실시간] 요청 39000개 처리 | 현재까지의 RPS: 598.00최근 1000개 request의 p99 TTFT: 0.6034 초 | 
2025-11-17 18:11:34,810 - INFO - [실시간] 요청 40000개 처리 | 현재까지의 RPS: 598.61최근 1000개 request의 p99 TTFT: 0.2956 초 | 
2025-11-17 18:11:36,555 - INFO - [실시간] 요청 41000개 처리 | 현재까지의 RPS: 597.96최근 1000개 request의 p99 TTFT: 0.3300 초 | 
2025-11-17 18:11:38,228 - INFO - [실시간] 요청 42000개 처리 | 현재까지의 RPS: 597.96최근 1000개 request의 p99 TTFT: 1.0271 초 | 
2025-11-17 18:11:39,764 - INFO - [실시간] 요청 43000개 처리 | 현재까지의 RPS: 599.09최근 1000개 request의 p99 TTFT: 0.9913 초 | 
2025-11-17 18:11:41,422 - INFO - [실시간] 요청 44000개 처리 | 현재까지의 RPS: 599.19최근 1000개 request의 p99 TTFT: 0.4347 초 | 
2025-11-17 18:11:42,954 - INFO - [실시간] 요청 45000개 처리 | 현재까지의 RPS: 600.28최근 1000개 request의 p99 TTFT: 0.2167 초 | 
2025-11-17 18:11:44,600 - INFO - [실시간] 요청 46000개 처리 | 현재까지의 RPS: 600.43최근 1000개 request의 p99 TTFT: 0.2032 초 | 
2025-11-17 18:11:46,145 - INFO - [실시간] 요청 47000개 처리 | 현재까지의 RPS: 601.36최근 1000개 request의 p99 TTFT: 0.2218 초 | 
2025-11-17 18:11:47,667 - INFO - [실시간] 요청 48000개 처리 | 현재까지의 RPS: 602.42최근 1000개 request의 p99 TTFT: 0.2173 초 | 
2025-11-17 18:11:49,226 - INFO - [실시간] 요청 49000개 처리 | 현재까지의 RPS: 603.17최근 1000개 request의 p99 TTFT: 0.4289 초 | 
2025-11-17 18:11:50,725 - INFO - [실시간] 요청 50000개 처리 | 현재까지의 RPS: 604.33최근 1000개 request의 p99 TTFT: 0.2862 초 | 
2025-11-17 18:11:52,268 - INFO - [실시간] 요청 51000개 처리 | 현재까지의 RPS: 605.13최근 1000개 request의 p99 TTFT: 0.4286 초 | 
2025-11-17 18:11:53,781 - INFO - [실시간] 요청 52000개 처리 | 현재까지의 RPS: 606.12최근 1000개 request의 p99 TTFT: 0.2165 초 | 
2025-11-17 18:11:55,347 - INFO - [실시간] 요청 53000개 처리 | 현재까지의 RPS: 606.70최근 1000개 request의 p99 TTFT: 0.2142 초 | 
2025-11-17 18:11:56,980 - INFO - [실시간] 요청 54000개 처리 | 현재까지의 RPS: 606.80최근 1000개 request의 p99 TTFT: 0.2099 초 | 
2025-11-17 18:11:58,662 - INFO - [실시간] 요청 55000개 처리 | 현재까지의 RPS: 606.58최근 1000개 request의 p99 TTFT: 0.4081 초 | 
2025-11-17 18:12:00,218 - INFO - [실시간] 요청 56000개 처리 | 현재까지의 RPS: 607.18최근 1000개 request의 p99 TTFT: 0.4017 초 | 
2025-11-17 18:12:01,786 - INFO - [실시간] 요청 57000개 처리 | 현재까지의 RPS: 607.70최근 1000개 request의 p99 TTFT: 0.2381 초 | 
2025-11-17 18:12:03,291 - INFO - [실시간] 요청 58000개 처리 | 현재까지의 RPS: 608.59최근 1000개 request의 p99 TTFT: 0.2626 초 | 
2025-11-17 18:12:05,099 - INFO - [실시간] 요청 59000개 처리 | 현재까지의 RPS: 607.56최근 1000개 request의 p99 TTFT: 0.5062 초 | 
2025-11-17 18:12:06,528 - INFO - [실시간] 요청 60000개 처리 | 현재까지의 RPS: 608.89최근 1000개 request의 p99 TTFT: 1.1085 초 | 
2025-11-17 18:12:07,961 - INFO - [실시간] 요청 61000개 처리 | 현재까지의 RPS: 610.17최근 1000개 request의 p99 TTFT: 0.8355 초 | 
2025-11-17 18:12:09,577 - INFO - [실시간] 요청 62000개 처리 | 현재까지의 RPS: 610.31최근 1000개 request의 p99 TTFT: 0.2156 초 | 
2025-11-17 18:12:11,134 - INFO - [실시간] 요청 63000개 처리 | 현재까지의 RPS: 610.79최근 1000개 request의 p99 TTFT: 0.2133 초 | 
2025-11-17 18:12:12,710 - INFO - [실시간] 요청 64000개 처리 | 현재까지의 RPS: 611.15최근 1000개 request의 p99 TTFT: 0.3166 초 | 
2025-11-17 18:12:14,266 - INFO - [실시간] 요청 65000개 처리 | 현재까지의 RPS: 611.61최근 1000개 request의 p99 TTFT: 0.2330 초 | 
2025-11-17 18:12:15,838 - INFO - [실시간] 요청 66000개 처리 | 현재까지의 RPS: 611.97최근 1000개 request의 p99 TTFT: 0.4037 초 | 
2025-11-17 18:12:17,430 - INFO - [실시간] 요청 67000개 처리 | 현재까지의 RPS: 612.20최근 1000개 request의 p99 TTFT: 0.2414 초 | 
2025-11-17 18:12:19,028 - INFO - [실시간] 요청 68000개 처리 | 현재까지의 RPS: 612.40최근 1000개 request의 p99 TTFT: 0.2117 초 | 
2025-11-17 18:12:20,598 - INFO - [실시간] 요청 69000개 처리 | 현재까지의 RPS: 612.74최근 1000개 request의 p99 TTFT: 0.2106 초 | 
2025-11-17 18:12:22,179 - INFO - [실시간] 요청 70000개 처리 | 현재까지의 RPS: 613.01최근 1000개 request의 p99 TTFT: 0.4243 초 | 
2025-11-17 18:12:23,733 - INFO - [실시간] 요청 71000개 처리 | 현재까지의 RPS: 613.42최근 1000개 request의 p99 TTFT: 0.4580 초 | 
2025-11-17 18:12:25,360 - INFO - [실시간] 요청 72000개 처리 | 현재까지의 RPS: 613.44최근 1000개 request의 p99 TTFT: 0.3602 초 | 
2025-11-17 18:12:26,953 - INFO - [실시간] 요청 73000개 처리 | 현재까지의 RPS: 613.63최근 1000개 request의 p99 TTFT: 0.2275 초 | 
2025-11-17 18:12:28,408 - INFO - [실시간] 요청 74000개 처리 | 현재까지의 RPS: 614.52최근 1000개 request의 p99 TTFT: 0.4951 초 | 
2025-11-17 18:12:30,165 - INFO - [실시간] 요청 75000개 처리 | 현재까지의 RPS: 613.87최근 1000개 request의 p99 TTFT: 0.4222 초 | 
2025-11-17 18:12:31,684 - INFO - [실시간] 요청 76000개 처리 | 현재까지의 RPS: 614.42최근 1000개 request의 p99 TTFT: 0.5926 초 | 
2025-11-17 18:12:33,191 - INFO - [실시간] 요청 77000개 처리 | 현재까지의 RPS: 615.00최근 1000개 request의 p99 TTFT: 0.4662 초 | 
2025-11-17 18:12:34,767 - INFO - [실시간] 요청 78000개 처리 | 현재까지의 RPS: 615.25최근 1000개 request의 p99 TTFT: 0.4251 초 | 
2025-11-17 18:12:36,380 - INFO - [실시간] 요청 79000개 처리 | 현재까지의 RPS: 615.31최근 1000개 request의 p99 TTFT: 0.4255 초 | 
2025-11-17 18:12:37,921 - INFO - [실시간] 요청 80000개 처리 | 현재까지의 RPS: 615.70최근 1000개 request의 p99 TTFT: 0.2505 초 | 
2025-11-17 18:12:39,576 - INFO - [실시간] 요청 81000개 처리 | 현재까지의 RPS: 615.56최근 1000개 request의 p99 TTFT: 0.3035 초 | 
2025-11-17 18:12:41,184 - INFO - [실시간] 요청 82000개 처리 | 현재까지의 RPS: 615.64최근 1000개 request의 p99 TTFT: 0.2181 초 | 
2025-11-17 18:12:42,779 - INFO - [실시간] 요청 83000개 처리 | 현재까지의 RPS: 615.77최근 1000개 request의 p99 TTFT: 0.2941 초 | 
2025-11-17 18:12:44,435 - INFO - [실시간] 요청 84000개 처리 | 현재까지의 RPS: 615.63최근 1000개 request의 p99 TTFT: 0.2406 초 | 
2025-11-17 18:12:45,976 - INFO - [실시간] 요청 85000개 처리 | 현재까지의 RPS: 616.00최근 1000개 request의 p99 TTFT: 0.4070 초 | 
2025-11-17 18:12:47,501 - INFO - [실시간] 요청 86000개 처리 | 현재까지의 RPS: 616.43최근 1000개 request의 p99 TTFT: 0.2287 초 | 
2025-11-17 18:12:49,069 - INFO - [실시간] 요청 87000개 처리 | 현재까지의 RPS: 616.67최근 1000개 request의 p99 TTFT: 0.2641 초 | 
2025-11-17 18:12:50,662 - INFO - [실시간] 요청 88000개 처리 | 현재까지의 RPS: 616.80최근 1000개 request의 p99 TTFT: 0.2374 초 | 
2025-11-17 18:12:52,237 - INFO - [실시간] 요청 89000개 처리 | 현재까지의 RPS: 616.99최근 1000개 request의 p99 TTFT: 0.2578 초 | 
2025-11-17 18:12:53,782 - INFO - [실시간] 요청 90000개 처리 | 현재까지의 RPS: 617.31최근 1000개 request의 p99 TTFT: 0.2400 초 | 
2025-11-17 18:12:55,458 - INFO - [실시간] 요청 91000개 처리 | 현재까지의 RPS: 617.08최근 1000개 request의 p99 TTFT: 0.5467 초 | 
2025-11-17 18:12:57,086 - INFO - [실시간] 요청 92000개 처리 | 현재까지의 RPS: 617.05최근 1000개 request의 p99 TTFT: 0.7090 초 | 
2025-11-17 18:12:58,518 - INFO - [실시간] 요청 93000개 처리 | 현재까지의 RPS: 617.82최근 1000개 request의 p99 TTFT: 0.6928 초 | 
2025-11-17 18:13:00,093 - INFO - [실시간] 요청 94000개 처리 | 현재까지의 RPS: 618.00최근 1000개 request의 p99 TTFT: 0.2541 초 | 
2025-11-17 18:13:01,630 - INFO - [실시간] 요청 95000개 처리 | 현재까지의 RPS: 618.32최근 1000개 request의 p99 TTFT: 0.2281 초 | 
2025-11-17 18:13:03,243 - INFO - [실시간] 요청 96000개 처리 | 현재까지의 RPS: 618.34최근 1000개 request의 p99 TTFT: 0.3609 초 | 
2025-11-17 18:13:04,840 - INFO - [실시간] 요청 97000개 처리 | 현재까지의 RPS: 618.42최근 1000개 request의 p99 TTFT: 0.4635 초 | 
2025-11-17 18:13:06,720 - INFO - [실시간] 요청 98000개 처리 | 현재까지의 RPS: 617.40최근 1000개 request의 p99 TTFT: 0.9742 초 | 
2025-11-17 18:13:08,259 - INFO - [실시간] 요청 99000개 처리 | 현재까지의 RPS: 617.71최근 1000개 request의 p99 TTFT: 1.3650 초 | 
2025-11-17 18:13:09,695 - INFO - [실시간] 요청 100000개 처리 | 현재까지의 RPS: 618.41최근 1000개 request의 p99 TTFT: 1.2630 초 | 
2025-11-17 18:13:11,236 - INFO - [실시간] 요청 101000개 처리 | 현재까지의 RPS: 618.69최근 1000개 request의 p99 TTFT: 0.2882 초 | 
2025-11-17 18:13:12,818 - INFO - [실시간] 요청 102000개 처리 | 현재까지의 RPS: 618.82최근 1000개 request의 p99 TTFT: 0.4462 초 | 
2025-11-17 18:13:14,379 - INFO - [실시간] 요청 103000개 처리 | 현재까지의 RPS: 619.03최근 1000개 request의 p99 TTFT: 0.2482 초 | 
2025-11-17 18:13:15,933 - INFO - [실시간] 요청 104000개 처리 | 현재까지의 RPS: 619.25최근 1000개 request의 p99 TTFT: 0.4255 초 | 
2025-11-17 18:13:17,468 - INFO - [실시간] 요청 105000개 처리 | 현재까지의 RPS: 619.55최근 1000개 request의 p99 TTFT: 0.4594 초 | 
2025-11-17 18:13:19,050 - INFO - [실시간] 요청 106000개 처리 | 현재까지의 RPS: 619.66최근 1000개 request의 p99 TTFT: 0.2599 초 | 
2025-11-17 18:13:20,642 - INFO - [실시간] 요청 107000개 처리 | 현재까지의 RPS: 619.74최근 1000개 request의 p99 TTFT: 0.2265 초 | 
2025-11-17 18:13:22,497 - INFO - [실시간] 요청 108000개 처리 | 현재까지의 RPS: 618.88최근 1000개 request의 p99 TTFT: 0.4244 초 | 
2025-11-17 18:13:24,030 - INFO - [실시간] 요청 109000개 처리 | 현재까지의 RPS: 619.17최근 1000개 request의 p99 TTFT: 0.9356 초 | 
2025-11-17 18:13:25,441 - INFO - [실시간] 요청 110000개 처리 | 현재까지의 RPS: 619.89최근 1000개 request의 p99 TTFT: 0.8930 초 | 
2025-11-17 18:13:27,005 - INFO - [실시간] 요청 111000개 처리 | 현재까지의 RPS: 620.06최근 1000개 request의 p99 TTFT: 0.2770 초 | 
2025-11-17 18:13:28,592 - INFO - [실시간] 요청 112000개 처리 | 현재까지의 RPS: 620.14최근 1000개 request의 p99 TTFT: 0.2564 초 | 
2025-11-17 18:13:30,122 - INFO - [실시간] 요청 113000개 처리 | 현재까지의 RPS: 620.43최근 1000개 request의 p99 TTFT: 0.2733 초 | 
2025-11-17 18:13:31,700 - INFO - [실시간] 요청 114000개 처리 | 현재까지의 RPS: 620.54최근 1000개 request의 p99 TTFT: 0.2213 초 | 
2025-11-17 18:13:33,345 - INFO - [실시간] 요청 115000개 처리 | 현재까지의 RPS: 620.43최근 1000개 request의 p99 TTFT: 0.3798 초 | 
2025-11-17 18:13:34,915 - INFO - [실시간] 요청 116000개 처리 | 현재까지의 RPS: 620.57최근 1000개 request의 p99 TTFT: 0.5835 초 | 
2025-11-17 18:13:36,539 - INFO - [실시간] 요청 117000개 처리 | 현재까지의 RPS: 620.52최근 1000개 request의 p99 TTFT: 0.2477 초 | 
2025-11-17 18:13:38,083 - INFO - [실시간] 요청 118000개 처리 | 현재까지의 RPS: 620.74최근 1000개 request의 p99 TTFT: 0.4359 초 | 
2025-11-17 18:13:39,587 - INFO - [실시간] 요청 119000개 처리 | 현재까지의 RPS: 621.09최근 1000개 request의 p99 TTFT: 0.4749 초 | 
2025-11-17 18:13:41,136 - INFO - [실시간] 요청 120000개 처리 | 현재까지의 RPS: 621.29최근 1000개 request의 p99 TTFT: 0.3816 초 | 
2025-11-17 18:13:42,724 - INFO - [실시간] 요청 121000개 처리 | 현재까지의 RPS: 621.36최근 1000개 request의 p99 TTFT: 0.2944 초 | 
2025-11-17 18:13:44,352 - INFO - [실시간] 요청 122000개 처리 | 현재까지의 RPS: 621.30최근 1000개 request의 p99 TTFT: 0.2857 초 | 
2025-11-17 18:13:45,935 - INFO - [실시간] 요청 123000개 처리 | 현재까지의 RPS: 621.38최근 1000개 request의 p99 TTFT: 0.2929 초 | 
2025-11-17 18:13:47,472 - INFO - [실시간] 요청 124000개 처리 | 현재까지의 RPS: 621.61최근 1000개 request의 p99 TTFT: 0.2689 초 | 
2025-11-17 18:13:49,014 - INFO - [실시간] 요청 125000개 처리 | 현재까지의 RPS: 621.81최근 1000개 request의 p99 TTFT: 0.2703 초 | 
2025-11-17 18:13:50,630 - INFO - [실시간] 요청 126000개 처리 | 현재까지의 RPS: 621.79최근 1000개 request의 p99 TTFT: 0.3598 초 | 
2025-11-17 18:13:52,338 - INFO - [실시간] 요청 127000개 처리 | 현재까지의 RPS: 621.49최근 1000개 request의 p99 TTFT: 0.6318 초 | 
2025-11-17 18:13:53,767 - INFO - [실시간] 요청 128000개 처리 | 현재까지의 RPS: 622.03최근 1000개 request의 p99 TTFT: 0.6876 초 | 
2025-11-17 18:13:55,291 - INFO - [실시간] 요청 129000개 처리 | 현재까지의 RPS: 622.28최근 1000개 request의 p99 TTFT: 0.4579 초 | 
2025-11-17 18:13:56,837 - INFO - [실시간] 요청 130000개 처리 | 현재까지의 RPS: 622.46최근 1000개 request의 p99 TTFT: 0.2471 초 | 
2025-11-17 18:13:58,429 - INFO - [실시간] 요청 131000개 처리 | 현재까지의 RPS: 622.51최근 1000개 request의 p99 TTFT: 0.2273 초 | 
2025-11-17 18:14:00,006 - INFO - [실시간] 요청 132000개 처리 | 현재까지의 RPS: 622.59최근 1000개 request의 p99 TTFT: 0.2178 초 | 
2025-11-17 18:14:01,559 - INFO - [실시간] 요청 133000개 처리 | 현재까지의 RPS: 622.75최근 1000개 request의 p99 TTFT: 0.2705 초 | 
2025-11-17 18:14:03,031 - INFO - [실시간] 요청 134000개 처리 | 현재까지의 RPS: 623.13최근 1000개 request의 p99 TTFT: 0.2418 초 | 
2025-11-17 18:14:04,661 - INFO - [실시간] 요청 135000개 처리 | 현재까지의 RPS: 623.06최근 1000개 request의 p99 TTFT: 0.2195 초 | 
2025-11-17 18:14:06,251 - INFO - [실시간] 요청 136000개 처리 | 현재까지의 RPS: 623.11최근 1000개 request의 p99 TTFT: 0.2160 초 | 
2025-11-17 18:14:07,851 - INFO - [실시간] 요청 137000개 처리 | 현재까지의 RPS: 623.12최근 1000개 request의 p99 TTFT: 0.2420 초 | 
2025-11-17 18:14:09,504 - INFO - [실시간] 요청 138000개 처리 | 현재까지의 RPS: 622.98최근 1000개 request의 p99 TTFT: 0.2270 초 | 
2025-11-17 18:14:11,083 - INFO - [실시간] 요청 139000개 처리 | 현재까지의 RPS: 623.06최근 1000개 request의 p99 TTFT: 0.2295 초 | 
2025-11-17 18:14:12,596 - INFO - [실시간] 요청 140000개 처리 | 현재까지의 RPS: 623.31최근 1000개 request의 p99 TTFT: 0.4806 초 | 
2025-11-17 18:14:14,172 - INFO - [실시간] 요청 141000개 처리 | 현재까지의 RPS: 623.39최근 1000개 request의 p99 TTFT: 0.3062 초 | 
2025-11-17 18:14:15,774 - INFO - [실시간] 요청 142000개 처리 | 현재까지의 RPS: 623.39최근 1000개 request의 p99 TTFT: 0.4805 초 | 
2025-11-17 18:14:17,486 - INFO - [실시간] 요청 143000개 처리 | 현재까지의 RPS: 623.10최근 1000개 request의 p99 TTFT: 0.5577 초 | 
2025-11-17 18:14:18,926 - INFO - [실시간] 요청 144000개 처리 | 현재까지의 RPS: 623.55최근 1000개 request의 p99 TTFT: 0.8008 초 | 
2025-11-17 18:14:20,453 - INFO - [실시간] 요청 145000개 처리 | 현재까지의 RPS: 623.75최근 1000개 request의 p99 TTFT: 0.3059 초 | 
2025-11-17 18:14:22,052 - INFO - [실시간] 요청 146000개 처리 | 현재까지의 RPS: 623.76최근 1000개 request의 p99 TTFT: 0.2208 초 | 
2025-11-17 18:14:23,652 - INFO - [실시간] 요청 147000개 처리 | 현재까지의 RPS: 623.77최근 1000개 request의 p99 TTFT: 0.2183 초 | 
2025-11-17 18:14:25,196 - INFO - [실시간] 요청 148000개 처리 | 현재까지의 RPS: 623.93최근 1000개 request의 p99 TTFT: 0.2304 초 | 
2025-11-17 18:14:26,822 - INFO - [실시간] 요청 149000개 처리 | 현재까지의 RPS: 623.87최근 1000개 request의 p99 TTFT: 0.4237 초 | 
2025-11-17 18:14:28,382 - INFO - [실시간] 요청 150000개 처리 | 현재까지의 RPS: 623.98최근 1000개 request의 p99 TTFT: 0.2427 초 | 
2025-11-17 18:14:29,832 - INFO - [실시간] 요청 151000개 처리 | 현재까지의 RPS: 624.37최근 1000개 request의 p99 TTFT: 0.4620 초 | 
2025-11-17 18:14:31,390 - INFO - [실시간] 요청 152000개 처리 | 현재까지의 RPS: 624.49최근 1000개 request의 p99 TTFT: 0.2462 초 | 
2025-11-17 18:14:32,958 - INFO - [실시간] 요청 153000개 처리 | 현재까지의 RPS: 624.57최근 1000개 request의 p99 TTFT: 0.2218 초 | 
2025-11-17 18:14:34,460 - INFO - [실시간] 요청 154000개 처리 | 현재까지의 RPS: 624.82최근 1000개 request의 p99 TTFT: 0.2364 초 | 
2025-11-17 18:14:35,982 - INFO - [실시간] 요청 155000개 처리 | 현재까지의 RPS: 625.02최근 1000개 request의 p99 TTFT: 0.2633 초 | 
2025-11-17 18:14:37,572 - INFO - [실시간] 요청 156000개 처리 | 현재까지의 RPS: 625.04최근 1000개 request의 p99 TTFT: 0.2086 초 | 
2025-11-17 18:14:39,261 - INFO - [실시간] 요청 157000개 처리 | 현재까지의 RPS: 624.82최근 1000개 request의 p99 TTFT: 0.2011 초 | 
2025-11-17 18:14:40,926 - INFO - [실시간] 요청 158000개 처리 | 현재까지의 RPS: 624.66최근 1000개 request의 p99 TTFT: 0.3629 초 | 
2025-11-17 18:14:42,517 - INFO - [실시간] 요청 159000개 처리 | 현재까지의 RPS: 624.69최근 1000개 request의 p99 TTFT: 0.6315 초 | 
2025-11-17 18:14:44,228 - INFO - [실시간] 요청 160000개 처리 | 현재까지의 RPS: 624.42최근 1000개 request의 p99 TTFT: 0.8145 초 | 
2025-11-17 18:14:45,661 - INFO - [실시간] 요청 161000개 처리 | 현재까지의 RPS: 624.82최근 1000개 request의 p99 TTFT: 0.7764 초 | 
2025-11-17 18:14:47,159 - INFO - [실시간] 요청 162000개 처리 | 현재까지의 RPS: 625.07최근 1000개 request의 p99 TTFT: 0.2243 초 | 
2025-11-17 18:14:48,653 - INFO - [실시간] 요청 163000개 처리 | 현재까지의 RPS: 625.33최근 1000개 request의 p99 TTFT: 0.2289 초 | 
2025-11-17 18:14:50,211 - INFO - [실시간] 요청 164000개 처리 | 현재까지의 RPS: 625.42최근 1000개 request의 p99 TTFT: 0.2216 초 | 
2025-11-17 18:14:51,755 - INFO - [실시간] 요청 165000개 처리 | 현재까지의 RPS: 625.55최근 1000개 request의 p99 TTFT: 0.4213 초 | 
2025-11-17 18:14:53,317 - INFO - [실시간] 요청 166000개 처리 | 현재까지의 RPS: 625.64최근 1000개 request의 p99 TTFT: 0.2432 초 | 
2025-11-17 18:14:54,887 - INFO - [실시간] 요청 167000개 처리 | 현재까지의 RPS: 625.71최근 1000개 request의 p99 TTFT: 0.3512 초 | 
2025-11-17 18:14:56,499 - INFO - [실시간] 요청 168000개 처리 | 현재까지의 RPS: 625.67최근 1000개 request의 p99 TTFT: 0.2384 초 | 
2025-11-17 18:14:58,037 - INFO - [실시간] 요청 169000개 처리 | 현재까지의 RPS: 625.82최근 1000개 request의 p99 TTFT: 0.2152 초 | 
2025-11-17 18:14:59,707 - INFO - [실시간] 요청 170000개 처리 | 현재까지의 RPS: 625.65최근 1000개 request의 p99 TTFT: 0.2119 초 | 
2025-11-17 18:15:01,291 - INFO - [실시간] 요청 171000개 처리 | 현재까지의 RPS: 625.68최근 1000개 request의 p99 TTFT: 0.3821 초 | 
2025-11-17 18:15:02,797 - INFO - [실시간] 요청 172000개 처리 | 현재까지의 RPS: 625.89최근 1000개 request의 p99 TTFT: 0.2285 초 | 
2025-11-17 18:15:04,340 - INFO - [실시간] 요청 173000개 처리 | 현재까지의 RPS: 626.02최근 1000개 request의 p99 TTFT: 0.2236 초 | 
2025-11-17 18:15:06,034 - INFO - [실시간] 요청 174000개 처리 | 현재까지의 RPS: 625.80최근 1000개 request의 p99 TTFT: 0.4425 초 | 
2025-11-17 18:15:07,919 - INFO - [실시간] 요청 175000개 처리 | 현재까지의 RPS: 625.16최근 1000개 request의 p99 TTFT: 1.2564 초 | 
2025-11-17 18:15:09,505 - INFO - [실시간] 요청 176000개 처리 | 현재까지의 RPS: 625.19최근 1000개 request의 p99 TTFT: 1.2834 초 | 
2025-11-17 18:15:10,936 - INFO - [실시간] 요청 177000개 처리 | 현재까지의 RPS: 625.56최근 1000개 request의 p99 TTFT: 0.9712 초 | 
2025-11-17 18:15:12,499 - INFO - [실시간] 요청 178000개 처리 | 현재까지의 RPS: 625.64최근 1000개 request의 p99 TTFT: 0.8486 초 | 
2025-11-17 18:15:14,020 - INFO - [실시간] 요청 179000개 처리 | 현재까지의 RPS: 625.81최근 1000개 request의 p99 TTFT: 0.5939 초 | 
2025-11-17 18:15:15,614 - INFO - [실시간] 요청 180000개 처리 | 현재까지의 RPS: 625.81최근 1000개 request의 p99 TTFT: 0.4850 초 | 
2025-11-17 18:15:17,212 - INFO - [실시간] 요청 181000개 처리 | 현재까지의 RPS: 625.81최근 1000개 request의 p99 TTFT: 0.2620 초 | 
2025-11-17 18:15:18,734 - INFO - [실시간] 요청 182000개 처리 | 현재까지의 RPS: 625.98최근 1000개 request의 p99 TTFT: 0.5130 초 | 
2025-11-17 18:15:20,327 - INFO - [실시간] 요청 183000개 처리 | 현재까지의 RPS: 625.99최근 1000개 request의 p99 TTFT: 0.3482 초 | 
2025-11-17 18:15:21,885 - INFO - [실시간] 요청 184000개 처리 | 현재까지의 RPS: 626.07최근 1000개 request의 p99 TTFT: 0.3076 초 | 
2025-11-17 18:15:23,493 - INFO - [실시간] 요청 185000개 처리 | 현재까지의 RPS: 626.05최근 1000개 request의 p99 TTFT: 0.2444 초 | 
2025-11-17 18:15:25,152 - INFO - [실시간] 요청 186000개 처리 | 현재까지의 RPS: 625.92최근 1000개 request의 p99 TTFT: 0.4356 초 | 
2025-11-17 18:15:26,752 - INFO - [실시간] 요청 187000개 처리 | 현재까지의 RPS: 625.91최근 1000개 request의 p99 TTFT: 0.3615 초 | 
2025-11-17 18:15:28,345 - INFO - [실시간] 요청 188000개 처리 | 현재까지의 RPS: 625.92최근 1000개 request의 p99 TTFT: 0.2671 초 | 
2025-11-17 18:15:29,947 - INFO - [실시간] 요청 189000개 처리 | 현재까지의 RPS: 625.92최근 1000개 request의 p99 TTFT: 0.2933 초 | 
2025-11-17 18:15:31,485 - INFO - [실시간] 요청 190000개 처리 | 현재까지의 RPS: 626.04최근 1000개 request의 p99 TTFT: 0.3338 초 | 
2025-11-17 18:15:33,024 - INFO - [실시간] 요청 191000개 처리 | 현재까지의 RPS: 626.16최근 1000개 request의 p99 TTFT: 0.4710 초 | 
2025-11-17 18:15:34,745 - INFO - [실시간] 요청 192000개 처리 | 현재까지의 RPS: 625.90최근 1000개 request의 p99 TTFT: 0.6828 초 | 
2025-11-17 18:15:36,165 - INFO - [실시간] 요청 193000개 처리 | 현재까지의 RPS: 626.27최근 1000개 request의 p99 TTFT: 0.8733 초 | 
2025-11-17 18:15:37,658 - INFO - [실시간] 요청 194000개 처리 | 현재까지의 RPS: 626.48최근 1000개 request의 p99 TTFT: 0.2963 초 | 
2025-11-17 18:15:39,215 - INFO - [실시간] 요청 195000개 처리 | 현재까지의 RPS: 626.55최근 1000개 request의 p99 TTFT: 0.4089 초 | 
2025-11-17 18:15:40,836 - INFO - [실시간] 요청 196000개 처리 | 현재까지의 RPS: 626.50최근 1000개 request의 p99 TTFT: 0.2268 초 | 
2025-11-17 18:15:42,354 - INFO - [실시간] 요청 197000개 처리 | 현재까지의 RPS: 626.66최근 1000개 request의 p99 TTFT: 0.2225 초 | 
2025-11-17 18:15:43,983 - INFO - [실시간] 요청 198000개 처리 | 현재까지의 RPS: 626.59최근 1000개 request의 p99 TTFT: 0.2113 초 | 
2025-11-17 18:15:45,613 - INFO - [실시간] 요청 199000개 처리 | 현재까지의 RPS: 626.53최근 1000개 request의 p99 TTFT: 0.2032 초 | 
2025-11-17 18:15:47,238 - INFO - [실시간] 요청 200000개 처리 | 현재까지의 RPS: 626.47최근 1000개 request의 p99 TTFT: 0.4686 초 | 
2025-11-17 18:15:48,761 - INFO - [실시간] 요청 201000개 처리 | 현재까지의 RPS: 626.61최근 1000개 request의 p99 TTFT: 0.5165 초 | 
2025-11-17 18:15:50,376 - INFO - [실시간] 요청 202000개 처리 | 현재까지의 RPS: 626.58최근 1000개 request의 p99 TTFT: 0.2178 초 | 
2025-11-17 18:15:51,892 - INFO - [실시간] 요청 203000개 처리 | 현재까지의 RPS: 626.73최근 1000개 request의 p99 TTFT: 0.2197 초 | 
2025-11-17 18:15:53,425 - INFO - [실시간] 요청 204000개 처리 | 현재까지의 RPS: 626.85최근 1000개 request의 p99 TTFT: 0.2237 초 | 
2025-11-17 18:15:55,021 - INFO - [실시간] 요청 205000개 처리 | 현재까지의 RPS: 626.85최근 1000개 request의 p99 TTFT: 0.4157 초 | 
2025-11-17 18:15:56,555 - INFO - [실시간] 요청 206000개 처리 | 현재까지의 RPS: 626.97최근 1000개 request의 p99 TTFT: 0.2460 초 | 
2025-11-17 18:15:58,107 - INFO - [실시간] 요청 207000개 처리 | 현재까지의 RPS: 627.05최근 1000개 request의 p99 TTFT: 0.2348 초 | 
통계에 반영된 요청 인덱스 범위: 0 ~ 207000 (총 207000개 요청)
통계 반영된 요청 수: 207000, 통계 반영된 시간: 351.60 초

==================================================
 실험 최종 결과 요약
==================================================
 설정 실험 시간: 330 초
 Clients 수: 6900
 통계 반영 시간: 351.60 초
 총 시도된 요청: 207000 개
 총 완료된 요청: 207000 개
 총 실패한 요청: 0 개
 완료 요청 중 retrieval이 실패한 요청: -548 개
 요청 성공률: 100.00%
 전체 Requests Per Second (RPS): 588.74
--------------------------------------------------
 Time to First Token (TTFT) Latency:
  - 평균 (Mean): 0.1526 초
  - 중간값 (50%ile): 0.1341 초
  - 최소값 (Min): 0.0174 초
  - 최대값 (Max): 2.2346 초
  - 95%ile Tail: 0.3452 초
  - 99%ile Tail: 0.7377 초
--------------------------------------------------
 Time Per Output Token (TPOT):
  - 평균 (Mean): 16.84 ms/token
--------------------------------------------------
 Embedding Latency:
  - 총 샘플 수: 207000
  - 평균 (Mean): 7.63 ms
  - 중간값 (50%ile): 7.00 ms
  - 95%ile Tail: 13.00 ms
  - 99%ile Tail: 28.00 ms
--------------------------------------------------
 VectorDB Search Latency:
  - 총 샘플 수: 207000
  - 평균 (Mean): 61.09 ms
  - 중간값 (50%ile): 32.00 ms
  - 95%ile Tail: 207.00 ms
  - 99%ile Tail: 545.00 ms
--------------------------------------------------
 Document Search Latency:
  - 총 샘플 수: 207000
  - 평균 (Mean): 12.64 ms
  - 중간값 (50%ile): 7.00 ms
  - 95%ile Tail: 36.00 ms
  - 99%ile Tail: 75.00 ms
--------------------------------------------------
 Total Retrieval Latency:
  - 총 샘플 수: 207000
  - 평균 (Mean): 81.37 ms
  - 중간값 (50%ile): 50.00 ms
  - 95%ile Tail: 240.00 ms
  - 99%ile Tail: 636.00 ms
==================================================
