2025-11-17 18:16:20,975 - INFO - ReqGen 시작: 서버=163.152.48.109:9000, 클라이언트=6800, 시간=330초
2025-11-17 18:16:20,976 - INFO - Hugging Face에서 'kroshan/BioASQ' 데이터셋을 로드합니다...
2025-11-17 18:16:26,999 - INFO - 3266개의 질문을 로드했습니다.
2025-11-17 18:16:27,000 - INFO - 부하 테스트 시작, client 수 = 6800
2025-11-17 18:16:27,000 - INFO - Zipf 값 1.2에서 상위 20%의 질문이 차지하는 비율: 91.82%
2025-11-17 18:16:30,714 - INFO - [실시간] 요청 1000개 처리 | 현재까지의 RPS: 269.26최근 1000개 request의 p99 TTFT: 0.2541 초 | 
2025-11-17 18:16:33,183 - INFO - [실시간] 요청 2000개 처리 | 현재까지의 RPS: 323.46최근 1000개 request의 p99 TTFT: 0.4506 초 | 
2025-11-17 18:16:35,334 - INFO - [실시간] 요청 3000개 처리 | 현재까지의 RPS: 359.97최근 1000개 request의 p99 TTFT: 0.3697 초 | 
2025-11-17 18:16:37,342 - INFO - [실시간] 요청 4000개 처리 | 현재까지의 RPS: 386.78최근 1000개 request의 p99 TTFT: 0.2017 초 | 
2025-11-17 18:16:39,218 - INFO - [실시간] 요청 5000개 처리 | 현재까지의 RPS: 409.21최근 1000개 request의 p99 TTFT: 0.2589 초 | 
2025-11-17 18:16:40,853 - INFO - [실시간] 요청 6000개 처리 | 현재까지의 RPS: 433.11최근 1000개 request의 p99 TTFT: 0.5075 초 | 
2025-11-17 18:16:42,640 - INFO - [실시간] 요청 7000개 처리 | 현재까지의 RPS: 447.57최근 1000개 request의 p99 TTFT: 0.6269 초 | 
2025-11-17 18:16:43,999 - INFO - [실시간] 요청 8000개 처리 | 현재까지의 RPS: 470.61최근 1000개 request의 p99 TTFT: 0.6386 초 | 
2025-11-17 18:16:45,358 - INFO - [실시간] 요청 9000개 처리 | 현재까지의 RPS: 490.24최근 1000개 request의 p99 TTFT: 0.6424 초 | 
2025-11-17 18:16:46,667 - INFO - [실시간] 요청 10000개 처리 | 현재까지의 RPS: 508.46최근 1000개 request의 p99 TTFT: 0.6057 초 | 
2025-11-17 18:16:48,170 - INFO - [실시간] 요청 11000개 처리 | 현재까지의 RPS: 519.59최근 1000개 request의 p99 TTFT: 0.7209 초 | 
2025-11-17 18:16:49,680 - INFO - [실시간] 요청 12000개 처리 | 현재까지의 RPS: 529.10최근 1000개 request의 p99 TTFT: 0.7763 초 | 
2025-11-17 18:16:51,489 - INFO - [실시간] 요청 13000개 처리 | 현재까지의 RPS: 530.84최근 1000개 request의 p99 TTFT: 0.3387 초 | 
2025-11-17 18:16:53,213 - INFO - [실시간] 요청 14000개 처리 | 현재까지의 RPS: 534.08최근 1000개 request의 p99 TTFT: 0.2244 초 | 
2025-11-17 18:16:54,926 - INFO - [실시간] 요청 15000개 처리 | 현재까지의 RPS: 537.13최근 1000개 request의 p99 TTFT: 0.2432 초 | 
2025-11-17 18:16:56,580 - INFO - [실시간] 요청 16000개 처리 | 현재까지의 RPS: 540.90최근 1000개 request의 p99 TTFT: 0.2507 초 | 
2025-11-17 18:16:58,273 - INFO - [실시간] 요청 17000개 처리 | 현재까지의 RPS: 543.61최근 1000개 request의 p99 TTFT: 0.3178 초 | 
2025-11-17 18:16:59,924 - INFO - [실시간] 요청 18000개 처리 | 현재까지의 RPS: 546.71최근 1000개 request의 p99 TTFT: 0.3773 초 | 
2025-11-17 18:17:01,452 - INFO - [실시간] 요청 19000개 처리 | 현재까지의 RPS: 551.49최근 1000개 request의 p99 TTFT: 0.5088 초 | 
2025-11-17 18:17:03,017 - INFO - [실시간] 요청 20000개 처리 | 현재까지의 RPS: 555.28최근 1000개 request의 p99 TTFT: 0.2324 초 | 
2025-11-17 18:17:04,516 - INFO - [실시간] 요청 21000개 처리 | 현재까지의 RPS: 559.77최근 1000개 request의 p99 TTFT: 0.3754 초 | 
2025-11-17 18:17:06,134 - INFO - [실시간] 요청 22000개 처리 | 현재까지의 RPS: 562.16최근 1000개 request의 p99 TTFT: 0.4090 초 | 
2025-11-17 18:17:07,758 - INFO - [실시간] 요청 23000개 처리 | 현재까지의 RPS: 564.30최근 1000개 request의 p99 TTFT: 1.0542 초 | 
2025-11-17 18:17:09,142 - INFO - [실시간] 요청 24000개 처리 | 현재까지의 RPS: 569.50최근 1000개 request의 p99 TTFT: 1.2108 초 | 
2025-11-17 18:17:10,635 - INFO - [실시간] 요청 25000개 처리 | 현재까지의 RPS: 572.93최근 1000개 request의 p99 TTFT: 0.3593 초 | 
2025-11-17 18:17:12,475 - INFO - [실시간] 요청 26000개 처리 | 현재까지의 RPS: 571.75최근 1000개 request의 p99 TTFT: 0.8277 초 | 
2025-11-17 18:17:13,972 - INFO - [실시간] 요청 27000개 처리 | 현재까지의 RPS: 574.81최근 1000개 request의 p99 TTFT: 0.8662 초 | 
2025-11-17 18:17:15,576 - INFO - [실시간] 요청 28000개 처리 | 현재까지의 RPS: 576.42최근 1000개 request의 p99 TTFT: 0.4414 초 | 
2025-11-17 18:17:17,171 - INFO - [실시간] 요청 29000개 처리 | 현재까지의 RPS: 578.02최근 1000개 request의 p99 TTFT: 0.2302 초 | 
2025-11-17 18:17:18,779 - INFO - [실시간] 요청 30000개 처리 | 현재까지의 RPS: 579.38최근 1000개 request의 p99 TTFT: 0.4421 초 | 
2025-11-17 18:17:20,398 - INFO - [실시간] 요청 31000개 처리 | 현재까지의 RPS: 580.55최근 1000개 request의 p99 TTFT: 0.4157 초 | 
2025-11-17 18:17:22,055 - INFO - [실시간] 요청 32000개 처리 | 현재까지의 RPS: 581.23최근 1000개 request의 p99 TTFT: 0.2117 초 | 
2025-11-17 18:17:23,567 - INFO - [실시간] 요청 33000개 처리 | 현재까지의 RPS: 583.38최근 1000개 request의 p99 TTFT: 0.3976 초 | 
2025-11-17 18:17:25,140 - INFO - [실시간] 요청 34000개 처리 | 현재까지의 RPS: 584.80최근 1000개 request의 p99 TTFT: 0.3326 초 | 
2025-11-17 18:17:26,703 - INFO - [실시간] 요청 35000개 처리 | 현재까지의 RPS: 586.23최근 1000개 request의 p99 TTFT: 0.2047 초 | 
2025-11-17 18:17:28,317 - INFO - [실시간] 요청 36000개 처리 | 현재까지의 RPS: 587.11최근 1000개 request의 p99 TTFT: 0.2110 초 | 
2025-11-17 18:17:29,920 - INFO - [실시간] 요청 37000개 처리 | 현재까지의 RPS: 588.05최근 1000개 request의 p99 TTFT: 0.2240 초 | 
2025-11-17 18:17:31,524 - INFO - [실시간] 요청 38000개 처리 | 현재까지의 RPS: 588.93최근 1000개 request의 p99 TTFT: 0.3753 초 | 
2025-11-17 18:17:33,034 - INFO - [실시간] 요청 39000개 처리 | 현재까지의 RPS: 590.61최근 1000개 request의 p99 TTFT: 0.4583 초 | 
2025-11-17 18:17:34,555 - INFO - [실시간] 요청 40000개 처리 | 현재까지의 RPS: 592.11최근 1000개 request의 p99 TTFT: 0.3859 초 | 
2025-11-17 18:17:36,117 - INFO - [실시간] 요청 41000개 처리 | 현재까지의 RPS: 593.20최근 1000개 request의 p99 TTFT: 0.2064 초 | 
2025-11-17 18:17:37,680 - INFO - [실시간] 요청 42000개 처리 | 현재까지의 RPS: 594.22최근 1000개 request의 p99 TTFT: 0.2200 초 | 
2025-11-17 18:17:39,367 - INFO - [실시간] 요청 43000개 처리 | 현재까지의 RPS: 594.19최근 1000개 request의 p99 TTFT: 0.3669 초 | 
2025-11-17 18:17:41,080 - INFO - [실시간] 요청 44000개 처리 | 현재까지의 RPS: 593.95최근 1000개 request의 p99 TTFT: 0.5490 초 | 
2025-11-17 18:17:42,598 - INFO - [실시간] 요청 45000개 처리 | 현재까지의 RPS: 595.25최근 1000개 request의 p99 TTFT: 0.4824 초 | 
2025-11-17 18:17:44,197 - INFO - [실시간] 요청 46000개 처리 | 현재까지의 RPS: 595.88최근 1000개 request의 p99 TTFT: 0.2105 초 | 
2025-11-17 18:17:45,741 - INFO - [실시간] 요청 47000개 처리 | 현재까지의 RPS: 596.90최근 1000개 request의 p99 TTFT: 0.2675 초 | 
2025-11-17 18:17:47,338 - INFO - [실시간] 요청 48000개 처리 | 현재까지의 RPS: 597.47최근 1000개 request의 p99 TTFT: 0.4162 초 | 
2025-11-17 18:17:48,926 - INFO - [실시간] 요청 49000개 처리 | 현재까지의 RPS: 598.10최근 1000개 request의 p99 TTFT: 0.2085 초 | 
2025-11-17 18:17:50,510 - INFO - [실시간] 요청 50000개 처리 | 현재까지의 RPS: 598.73최근 1000개 request의 p99 TTFT: 0.2038 초 | 
2025-11-17 18:17:52,080 - INFO - [실시간] 요청 51000개 처리 | 현재까지의 RPS: 599.43최근 1000개 request의 p99 TTFT: 0.2154 초 | 
2025-11-17 18:17:53,678 - INFO - [실시간] 요청 52000개 처리 | 현재까지의 RPS: 599.92최근 1000개 request의 p99 TTFT: 0.4067 초 | 
2025-11-17 18:17:55,200 - INFO - [실시간] 요청 53000개 처리 | 현재까지의 RPS: 600.90최근 1000개 request의 p99 TTFT: 0.2787 초 | 
2025-11-17 18:17:56,752 - INFO - [실시간] 요청 54000개 처리 | 현재까지의 RPS: 601.66최근 1000개 request의 p99 TTFT: 0.2279 초 | 
2025-11-17 18:17:58,338 - INFO - [실시간] 요청 55000개 처리 | 현재까지의 RPS: 602.16최근 1000개 request의 p99 TTFT: 0.2157 초 | 
2025-11-17 18:17:59,981 - INFO - [실시간] 요청 56000개 처리 | 현재까지의 RPS: 602.27최근 1000개 request의 p99 TTFT: 0.4215 초 | 
2025-11-17 18:18:01,604 - INFO - [실시간] 요청 57000개 처리 | 현재까지의 RPS: 602.51최근 1000개 request의 p99 TTFT: 0.2235 초 | 
2025-11-17 18:18:03,209 - INFO - [실시간] 요청 58000개 처리 | 현재까지의 RPS: 602.85최근 1000개 request의 p99 TTFT: 0.4151 초 | 
2025-11-17 18:18:04,791 - INFO - [실시간] 요청 59000개 처리 | 현재까지의 RPS: 603.33최근 1000개 request의 p99 TTFT: 0.2198 초 | 
2025-11-17 18:18:06,368 - INFO - [실시간] 요청 60000개 처리 | 현재까지의 RPS: 603.82최근 1000개 request의 p99 TTFT: 0.2063 초 | 
2025-11-17 18:18:08,134 - INFO - [실시간] 요청 61000개 처리 | 현재까지의 RPS: 603.16최근 1000개 request의 p99 TTFT: 0.6747 초 | 
2025-11-17 18:18:09,596 - INFO - [실시간] 요청 62000개 처리 | 현재까지의 RPS: 604.31최근 1000개 request의 p99 TTFT: 0.7500 초 | 
2025-11-17 18:18:11,151 - INFO - [실시간] 요청 63000개 처리 | 현재까지의 RPS: 604.89최근 1000개 request의 p99 TTFT: 0.4680 초 | 
2025-11-17 18:18:12,653 - INFO - [실시간] 요청 64000개 처리 | 현재까지의 RPS: 605.75최근 1000개 request의 p99 TTFT: 0.2544 초 | 
2025-11-17 18:18:14,239 - INFO - [실시간] 요청 65000개 처리 | 현재까지의 RPS: 606.12최근 1000개 request의 p99 TTFT: 0.4222 초 | 
2025-11-17 18:18:15,767 - INFO - [실시간] 요청 66000개 처리 | 현재까지의 RPS: 606.80최근 1000개 request의 p99 TTFT: 0.2239 초 | 
2025-11-17 18:18:17,356 - INFO - [실시간] 요청 67000개 처리 | 현재까지의 RPS: 607.13최근 1000개 request의 p99 TTFT: 0.2170 초 | 
2025-11-17 18:18:19,067 - INFO - [실시간] 요청 68000개 처리 | 현재까지의 RPS: 606.78최근 1000개 request의 p99 TTFT: 0.4312 초 | 
2025-11-17 18:18:20,643 - INFO - [실시간] 요청 69000개 처리 | 현재까지의 RPS: 607.16최근 1000개 request의 p99 TTFT: 0.4239 초 | 
2025-11-17 18:18:22,216 - INFO - [실시간] 요청 70000개 처리 | 현재까지의 RPS: 607.55최근 1000개 request의 p99 TTFT: 0.2463 초 | 
2025-11-17 18:18:23,847 - INFO - [실시간] 요청 71000개 처리 | 현재까지의 RPS: 607.63최근 1000개 request의 p99 TTFT: 0.2390 초 | 
2025-11-17 18:18:25,430 - INFO - [실시간] 요청 72000개 처리 | 현재까지의 RPS: 607.96최근 1000개 request의 p99 TTFT: 0.2896 초 | 
2025-11-17 18:18:27,016 - INFO - [실시간] 요청 73000개 처리 | 현재까지의 RPS: 608.25최근 1000개 request의 p99 TTFT: 0.2526 초 | 
2025-11-17 18:18:28,573 - INFO - [실시간] 요청 74000개 처리 | 현재까지의 RPS: 608.69최근 1000개 request의 p99 TTFT: 0.2140 초 | 
2025-11-17 18:18:30,120 - INFO - [실시간] 요청 75000개 처리 | 현재까지의 RPS: 609.16최근 1000개 request의 p99 TTFT: 0.4149 초 | 
2025-11-17 18:18:31,791 - INFO - [실시간] 요청 76000개 처리 | 현재까지의 RPS: 609.02최근 1000개 request의 p99 TTFT: 0.3773 초 | 
2025-11-17 18:18:33,336 - INFO - [실시간] 요청 77000개 처리 | 현재까지의 RPS: 609.48최근 1000개 request의 p99 TTFT: 0.7702 초 | 
2025-11-17 18:18:34,976 - INFO - [실시간] 요청 78000개 처리 | 현재까지의 RPS: 609.49최근 1000개 request의 p99 TTFT: 0.6300 초 | 
2025-11-17 18:18:36,551 - INFO - [실시간] 요청 79000개 처리 | 현재까지의 RPS: 609.80최근 1000개 request의 p99 TTFT: 0.3859 초 | 
2025-11-17 18:18:38,070 - INFO - [실시간] 요청 80000개 처리 | 현재까지의 RPS: 610.36최근 1000개 request의 p99 TTFT: 0.2342 초 | 
2025-11-17 18:18:39,563 - INFO - [실시간] 요청 81000개 처리 | 현재까지의 RPS: 611.03최근 1000개 request의 p99 TTFT: 0.4310 초 | 
2025-11-17 18:18:41,236 - INFO - [실시간] 요청 82000개 처리 | 현재까지의 RPS: 610.86최근 1000개 request의 p99 TTFT: 0.2184 초 | 
2025-11-17 18:18:42,824 - INFO - [실시간] 요청 83000개 처리 | 현재까지의 RPS: 611.08최근 1000개 request의 p99 TTFT: 0.1940 초 | 
2025-11-17 18:18:44,421 - INFO - [실시간] 요청 84000개 처리 | 현재까지의 RPS: 611.26최근 1000개 request의 p99 TTFT: 0.1971 초 | 
2025-11-17 18:18:46,028 - INFO - [실시간] 요청 85000개 처리 | 현재까지의 RPS: 611.38최근 1000개 request의 p99 TTFT: 0.3008 초 | 
2025-11-17 18:18:47,584 - INFO - [실시간] 요청 86000개 처리 | 현재까지의 RPS: 611.73최근 1000개 request의 p99 TTFT: 0.2930 초 | 
2025-11-17 18:18:49,233 - INFO - [실시간] 요청 87000개 처리 | 현재까지의 RPS: 611.67최근 1000개 request의 p99 TTFT: 0.3621 초 | 
2025-11-17 18:18:50,918 - INFO - [실시간] 요청 88000개 처리 | 현재까지의 RPS: 611.46최근 1000개 request의 p99 TTFT: 0.2207 초 | 
2025-11-17 18:18:52,448 - INFO - [실시간] 요청 89000개 처리 | 현재까지의 RPS: 611.90최근 1000개 request의 p99 TTFT: 0.4393 초 | 
2025-11-17 18:18:54,069 - INFO - [실시간] 요청 90000개 처리 | 현재까지의 RPS: 611.96최근 1000개 request의 p99 TTFT: 0.2405 초 | 
2025-11-17 18:18:55,667 - INFO - [실시간] 요청 91000개 처리 | 현재까지의 RPS: 612.11최근 1000개 request의 p99 TTFT: 0.2101 초 | 
2025-11-17 18:18:57,220 - INFO - [실시간] 요청 92000개 처리 | 현재까지의 RPS: 612.43최근 1000개 request의 p99 TTFT: 0.2042 초 | 
2025-11-17 18:18:58,870 - INFO - [실시간] 요청 93000개 처리 | 현재까지의 RPS: 612.36최근 1000개 request의 p99 TTFT: 0.2373 초 | 
2025-11-17 18:19:00,633 - INFO - [실시간] 요청 94000개 처리 | 현재까지의 RPS: 611.85최근 1000개 request의 p99 TTFT: 0.5771 초 | 
2025-11-17 18:19:02,163 - INFO - [실시간] 요청 95000개 처리 | 현재까지의 RPS: 612.26최근 1000개 request의 p99 TTFT: 0.5551 초 | 
2025-11-17 18:19:03,688 - INFO - [실시간] 요청 96000개 처리 | 현재까지의 RPS: 612.68최근 1000개 request의 p99 TTFT: 0.4142 초 | 
2025-11-17 18:19:05,275 - INFO - [실시간] 요청 97000개 처리 | 현재까지의 RPS: 612.86최근 1000개 request의 p99 TTFT: 0.2657 초 | 
2025-11-17 18:19:07,119 - INFO - [실시간] 요청 98000개 처리 | 현재까지의 RPS: 612.04최근 1000개 request의 p99 TTFT: 0.9415 초 | 
2025-11-17 18:19:08,572 - INFO - [실시간] 요청 99000개 처리 | 현재까지의 RPS: 612.73최근 1000개 request의 p99 TTFT: 1.0284 초 | 
2025-11-17 18:19:10,140 - INFO - [실시간] 요청 100000개 처리 | 현재까지의 RPS: 612.97최근 1000개 request의 p99 TTFT: 0.2333 초 | 
2025-11-17 18:19:11,664 - INFO - [실시간] 요청 101000개 처리 | 현재까지의 RPS: 613.37최근 1000개 request의 p99 TTFT: 0.2644 초 | 
2025-11-17 18:19:13,290 - INFO - [실시간] 요청 102000개 처리 | 현재까지의 RPS: 613.39최근 1000개 request의 p99 TTFT: 0.2762 초 | 
2025-11-17 18:19:14,908 - INFO - [실시간] 요청 103000개 처리 | 현재까지의 RPS: 613.43최근 1000개 request의 p99 TTFT: 0.2354 초 | 
2025-11-17 18:19:16,555 - INFO - [실시간] 요청 104000개 처리 | 현재까지의 RPS: 613.37최근 1000개 request의 p99 TTFT: 0.4723 초 | 
2025-11-17 18:19:18,174 - INFO - [실시간] 요청 105000개 처리 | 현재까지의 RPS: 613.41최근 1000개 request의 p99 TTFT: 0.2398 초 | 
2025-11-17 18:19:19,718 - INFO - [실시간] 요청 106000개 처리 | 현재까지의 RPS: 613.72최근 1000개 request의 p99 TTFT: 0.2964 초 | 
2025-11-17 18:19:21,329 - INFO - [실시간] 요청 107000개 처리 | 현재까지의 RPS: 613.78최근 1000개 request의 p99 TTFT: 0.2125 초 | 
2025-11-17 18:19:22,828 - INFO - [실시간] 요청 108000개 처리 | 현재까지의 RPS: 614.24최근 1000개 request의 p99 TTFT: 0.4245 초 | 
2025-11-17 18:19:24,460 - INFO - [실시간] 요청 109000개 처리 | 현재까지의 RPS: 614.22최근 1000개 request의 p99 TTFT: 0.2743 초 | 
2025-11-17 18:19:26,058 - INFO - [실시간] 요청 110000개 처리 | 현재까지의 RPS: 614.33최근 1000개 request의 p99 TTFT: 0.2106 초 | 
2025-11-17 18:19:27,848 - INFO - [실시간] 요청 111000개 처리 | 현재까지의 RPS: 613.78최근 1000개 request의 p99 TTFT: 0.6456 초 | 
2025-11-17 18:19:29,279 - INFO - [실시간] 요청 112000개 처리 | 현재까지의 RPS: 614.44최근 1000개 request의 p99 TTFT: 0.6732 초 | 
2025-11-17 18:19:30,788 - INFO - [실시간] 요청 113000개 처리 | 현재까지의 RPS: 614.84최근 1000개 request의 p99 TTFT: 0.3770 초 | 
2025-11-17 18:19:32,401 - INFO - [실시간] 요청 114000개 처리 | 현재까지의 RPS: 614.88최근 1000개 request의 p99 TTFT: 0.2290 초 | 
2025-11-17 18:19:34,013 - INFO - [실시간] 요청 115000개 처리 | 현재까지의 RPS: 614.93최근 1000개 request의 p99 TTFT: 0.2144 초 | 
2025-11-17 18:19:35,651 - INFO - [실시간] 요청 116000개 처리 | 현재까지의 RPS: 614.89최근 1000개 request의 p99 TTFT: 0.2538 초 | 
2025-11-17 18:19:37,208 - INFO - [실시간] 요청 117000개 처리 | 현재까지의 RPS: 615.12최근 1000개 request의 p99 TTFT: 0.2213 초 | 
2025-11-17 18:19:38,799 - INFO - [실시간] 요청 118000개 처리 | 현재까지의 RPS: 615.23최근 1000개 request의 p99 TTFT: 0.2312 초 | 
2025-11-17 18:19:40,331 - INFO - [실시간] 요청 119000개 처리 | 현재까지의 RPS: 615.52최근 1000개 request의 p99 TTFT: 0.2146 초 | 
2025-11-17 18:19:41,903 - INFO - [실시간] 요청 120000개 처리 | 현재까지의 RPS: 615.69최근 1000개 request의 p99 TTFT: 0.2227 초 | 
2025-11-17 18:19:43,509 - INFO - [실시간] 요청 121000개 처리 | 현재까지의 RPS: 615.75최근 1000개 request의 p99 TTFT: 0.4350 초 | 
2025-11-17 18:19:45,151 - INFO - [실시간] 요청 122000개 처리 | 현재까지의 RPS: 615.69최근 1000개 request의 p99 TTFT: 0.2035 초 | 
2025-11-17 18:19:46,771 - INFO - [실시간] 요청 123000개 처리 | 현재까지의 RPS: 615.70최근 1000개 request의 p99 TTFT: 0.4319 초 | 
2025-11-17 18:19:48,349 - INFO - [실시간] 요청 124000개 처리 | 현재까지의 RPS: 615.85최근 1000개 request의 p99 TTFT: 0.2337 초 | 
2025-11-17 18:19:49,800 - INFO - [실시간] 요청 125000개 처리 | 현재까지의 RPS: 616.37최근 1000개 request의 p99 TTFT: 0.4108 초 | 
2025-11-17 18:19:51,417 - INFO - [실시간] 요청 126000개 처리 | 현재까지의 RPS: 616.39최근 1000개 request의 p99 TTFT: 0.2124 초 | 
2025-11-17 18:19:53,138 - INFO - [실시간] 요청 127000개 처리 | 현재까지의 RPS: 616.09최근 1000개 request의 p99 TTFT: 0.4134 초 | 
2025-11-17 18:19:54,852 - INFO - [실시간] 요청 128000개 처리 | 현재까지의 RPS: 615.82최근 1000개 request의 p99 TTFT: 0.7658 초 | 
2025-11-17 18:19:56,297 - INFO - [실시간] 요청 129000개 처리 | 현재까지의 RPS: 616.35최근 1000개 request의 p99 TTFT: 0.8101 초 | 
2025-11-17 18:19:57,837 - INFO - [실시간] 요청 130000개 처리 | 현재까지의 RPS: 616.59최근 1000개 request의 p99 TTFT: 0.2109 초 | 
2025-11-17 18:19:59,531 - INFO - [실시간] 요청 131000개 처리 | 현재까지의 RPS: 616.38최근 1000개 request의 p99 TTFT: 0.2104 초 | 
2025-11-17 18:20:01,210 - INFO - [실시간] 요청 132000개 처리 | 현재까지의 RPS: 616.22최근 1000개 request의 p99 TTFT: 0.2361 초 | 
2025-11-17 18:20:02,824 - INFO - [실시간] 요청 133000개 처리 | 현재까지의 RPS: 616.24최근 1000개 request의 p99 TTFT: 0.2744 초 | 
2025-11-17 18:20:04,372 - INFO - [실시간] 요청 134000개 처리 | 현재까지의 RPS: 616.45최근 1000개 request의 p99 TTFT: 0.4617 초 | 
2025-11-17 18:20:05,933 - INFO - [실시간] 요청 135000개 처리 | 현재까지의 RPS: 616.63최근 1000개 request의 p99 TTFT: 0.2458 초 | 
2025-11-17 18:20:07,526 - INFO - [실시간] 요청 136000개 처리 | 현재까지의 RPS: 616.71최근 1000개 request의 p99 TTFT: 0.2163 초 | 
2025-11-17 18:20:09,007 - INFO - [실시간] 요청 137000개 처리 | 현재까지의 RPS: 617.10최근 1000개 request의 p99 TTFT: 0.2494 초 | 
2025-11-17 18:20:10,571 - INFO - [실시간] 요청 138000개 처리 | 현재까지의 RPS: 617.25최근 1000개 request의 p99 TTFT: 0.2253 초 | 
2025-11-17 18:20:12,189 - INFO - [실시간] 요청 139000개 처리 | 현재까지의 RPS: 617.26최근 1000개 request의 p99 TTFT: 0.4266 초 | 
2025-11-17 18:20:13,846 - INFO - [실시간] 요청 140000개 처리 | 현재까지의 RPS: 617.16최근 1000개 request의 p99 TTFT: 0.2872 초 | 
2025-11-17 18:20:15,376 - INFO - [실시간] 요청 141000개 처리 | 현재까지의 RPS: 617.40최근 1000개 request의 p99 TTFT: 0.2505 초 | 
2025-11-17 18:20:17,012 - INFO - [실시간] 요청 142000개 처리 | 현재까지의 RPS: 617.36최근 1000개 request의 p99 TTFT: 0.2096 초 | 
2025-11-17 18:20:18,619 - INFO - [실시간] 요청 143000개 처리 | 현재까지의 RPS: 617.39최근 1000개 request의 p99 TTFT: 0.3221 초 | 
2025-11-17 18:20:20,304 - INFO - [실시간] 요청 144000개 처리 | 현재까지의 RPS: 617.22최근 1000개 request의 p99 TTFT: 0.4353 초 | 
2025-11-17 18:20:21,876 - INFO - [실시간] 요청 145000개 처리 | 현재까지의 RPS: 617.35최근 1000개 request의 p99 TTFT: 0.7265 초 | 
2025-11-17 18:20:23,370 - INFO - [실시간] 요청 146000개 처리 | 현재까지의 RPS: 617.67최근 1000개 request의 p99 TTFT: 0.4433 초 | 
2025-11-17 18:20:25,016 - INFO - [실시간] 요청 147000개 처리 | 현재까지의 RPS: 617.61최근 1000개 request의 p99 TTFT: 0.3931 초 | 
2025-11-17 18:20:26,547 - INFO - [실시간] 요청 148000개 처리 | 현재까지의 RPS: 617.83최근 1000개 request의 p99 TTFT: 0.3729 초 | 
2025-11-17 18:20:28,090 - INFO - [실시간] 요청 149000개 처리 | 현재까지의 RPS: 618.02최근 1000개 request의 p99 TTFT: 0.4300 초 | 
2025-11-17 18:20:29,751 - INFO - [실시간] 요청 150000개 처리 | 현재까지의 RPS: 617.92최근 1000개 request의 p99 TTFT: 0.2443 초 | 
2025-11-17 18:20:31,335 - INFO - [실시간] 요청 151000개 처리 | 현재까지의 RPS: 618.00최근 1000개 request의 p99 TTFT: 0.2121 초 | 
2025-11-17 18:20:32,896 - INFO - [실시간] 요청 152000개 처리 | 현재까지의 RPS: 618.15최근 1000개 request의 p99 TTFT: 0.2094 초 | 
2025-11-17 18:20:34,563 - INFO - [실시간] 요청 153000개 처리 | 현재까지의 RPS: 618.02최근 1000개 request의 p99 TTFT: 0.2116 초 | 
2025-11-17 18:20:36,080 - INFO - [실시간] 요청 154000개 처리 | 현재까지의 RPS: 618.28최근 1000개 request의 p99 TTFT: 0.4175 초 | 
2025-11-17 18:20:37,647 - INFO - [실시간] 요청 155000개 처리 | 현재까지의 RPS: 618.40최근 1000개 request의 p99 TTFT: 0.2289 초 | 
2025-11-17 18:20:39,264 - INFO - [실시간] 요청 156000개 처리 | 현재까지의 RPS: 618.40최근 1000개 request의 p99 TTFT: 0.4213 초 | 
2025-11-17 18:20:40,912 - INFO - [실시간] 요청 157000개 처리 | 현재까지의 RPS: 618.32최근 1000개 request의 p99 TTFT: 0.2185 초 | 
2025-11-17 18:20:42,394 - INFO - [실시간] 요청 158000개 처리 | 현재까지의 RPS: 618.65최근 1000개 request의 p99 TTFT: 0.4378 초 | 
2025-11-17 18:20:44,021 - INFO - [실시간] 요청 159000개 처리 | 현재까지의 RPS: 618.63최근 1000개 request의 p99 TTFT: 0.4428 초 | 
2025-11-17 18:20:45,739 - INFO - [실시간] 요청 160000개 처리 | 현재까지의 RPS: 618.38최근 1000개 request의 p99 TTFT: 0.4815 초 | 
2025-11-17 18:20:47,316 - INFO - [실시간] 요청 161000개 처리 | 현재까지의 RPS: 618.48최근 1000개 request의 p99 TTFT: 0.6756 초 | 
2025-11-17 18:20:48,786 - INFO - [실시간] 요청 162000개 처리 | 현재까지의 RPS: 618.83최근 1000개 request의 p99 TTFT: 0.5463 초 | 
2025-11-17 18:20:50,400 - INFO - [실시간] 요청 163000개 처리 | 현재까지의 RPS: 618.83최근 1000개 request의 p99 TTFT: 0.2625 초 | 
2025-11-17 18:20:51,989 - INFO - [실시간] 요청 164000개 처리 | 현재까지의 RPS: 618.89최근 1000개 request의 p99 TTFT: 0.2200 초 | 
2025-11-17 18:20:53,562 - INFO - [실시간] 요청 165000개 처리 | 현재까지의 RPS: 618.99최근 1000개 request의 p99 TTFT: 0.2245 초 | 
2025-11-17 18:20:55,199 - INFO - [실시간] 요청 166000개 처리 | 현재까지의 RPS: 618.94최근 1000개 request의 p99 TTFT: 0.5125 초 | 
2025-11-17 18:20:56,623 - INFO - [실시간] 요청 167000개 처리 | 현재까지의 RPS: 619.38최근 1000개 request의 p99 TTFT: 0.5127 초 | 
2025-11-17 18:20:58,250 - INFO - [실시간] 요청 168000개 처리 | 현재까지의 RPS: 619.35최근 1000개 request의 p99 TTFT: 0.2200 초 | 
2025-11-17 18:20:59,859 - INFO - [실시간] 요청 169000개 처리 | 현재까지의 RPS: 619.37최근 1000개 request의 p99 TTFT: 0.2048 초 | 
2025-11-17 18:21:01,480 - INFO - [실시간] 요청 170000개 처리 | 현재까지의 RPS: 619.35최근 1000개 request의 p99 TTFT: 0.2206 초 | 
2025-11-17 18:21:03,105 - INFO - [실시간] 요청 171000개 처리 | 현재까지의 RPS: 619.33최근 1000개 request의 p99 TTFT: 0.3712 초 | 
2025-11-17 18:21:04,718 - INFO - [실시간] 요청 172000개 처리 | 현재까지의 RPS: 619.33최근 1000개 request의 p99 TTFT: 0.2273 초 | 
2025-11-17 18:21:06,614 - INFO - [실시간] 요청 173000개 처리 | 현재까지의 RPS: 618.71최근 1000개 request의 p99 TTFT: 0.8109 초 | 
2025-11-17 18:21:08,152 - INFO - [실시간] 요청 174000개 처리 | 현재까지의 RPS: 618.88최근 1000개 request의 p99 TTFT: 1.1701 초 | 
2025-11-17 18:21:09,634 - INFO - [실시간] 요청 175000개 처리 | 현재까지의 RPS: 619.17최근 1000개 request의 p99 TTFT: 0.8434 초 | 
2025-11-17 18:21:11,244 - INFO - [실시간] 요청 176000개 처리 | 현재까지의 RPS: 619.19최근 1000개 request의 p99 TTFT: 0.4556 초 | 
2025-11-17 18:21:13,041 - INFO - [실시간] 요청 177000개 처리 | 현재까지의 RPS: 618.79최근 1000개 request의 p99 TTFT: 0.8488 초 | 
2025-11-17 18:21:14,439 - INFO - [실시간] 요청 178000개 처리 | 현재까지의 RPS: 619.26최근 1000개 request의 p99 TTFT: 0.8541 초 | 
2025-11-17 18:21:15,928 - INFO - [실시간] 요청 179000개 처리 | 현재까지의 RPS: 619.53최근 1000개 request의 p99 TTFT: 0.5275 초 | 
2025-11-17 18:21:17,525 - INFO - [실시간] 요청 180000개 처리 | 현재까지의 RPS: 619.57최근 1000개 request의 p99 TTFT: 0.3285 초 | 
2025-11-17 18:21:19,134 - INFO - [실시간] 요청 181000개 처리 | 현재까지의 RPS: 619.58최근 1000개 request의 p99 TTFT: 0.4207 초 | 
2025-11-17 18:21:20,753 - INFO - [실시간] 요청 182000개 처리 | 현재까지의 RPS: 619.57최근 1000개 request의 p99 TTFT: 0.4510 초 | 
2025-11-17 18:21:22,318 - INFO - [실시간] 요청 183000개 처리 | 현재까지의 RPS: 619.67최근 1000개 request의 p99 TTFT: 0.5198 초 | 
2025-11-17 18:21:23,942 - INFO - [실시간] 요청 184000개 처리 | 현재까지의 RPS: 619.65최근 1000개 request의 p99 TTFT: 0.2104 초 | 
2025-11-17 18:21:25,604 - INFO - [실시간] 요청 185000개 처리 | 현재까지의 RPS: 619.55최근 1000개 request의 p99 TTFT: 0.2073 초 | 
2025-11-17 18:21:27,176 - INFO - [실시간] 요청 186000개 처리 | 현재까지의 RPS: 619.64최근 1000개 request의 p99 TTFT: 0.2099 초 | 
2025-11-17 18:21:28,810 - INFO - [실시간] 요청 187000개 처리 | 현재까지의 RPS: 619.59최근 1000개 request의 p99 TTFT: 0.2176 초 | 
2025-11-17 18:21:30,295 - INFO - [실시간] 요청 188000개 처리 | 현재까지의 RPS: 619.86최근 1000개 request의 p99 TTFT: 0.2296 초 | 
2025-11-17 18:21:31,855 - INFO - [실시간] 요청 189000개 처리 | 현재까지의 RPS: 619.97최근 1000개 request의 p99 TTFT: 0.2405 초 | 
2025-11-17 18:21:33,535 - INFO - [실시간] 요청 190000개 처리 | 현재까지의 RPS: 619.83최근 1000개 request의 p99 TTFT: 0.3868 초 | 
2025-11-17 18:21:35,058 - INFO - [실시간] 요청 191000개 처리 | 현재까지의 RPS: 620.01최근 1000개 request의 p99 TTFT: 0.3405 초 | 
2025-11-17 18:21:36,799 - INFO - [실시간] 요청 192000개 처리 | 현재까지의 RPS: 619.76최근 1000개 request의 p99 TTFT: 0.3713 초 | 
2025-11-17 18:21:38,566 - INFO - [실시간] 요청 193000개 처리 | 현재까지의 RPS: 619.45최근 1000개 request의 p99 TTFT: 0.7587 초 | 
2025-11-17 18:21:39,973 - INFO - [실시간] 요청 194000개 처리 | 현재까지의 RPS: 619.86최근 1000개 request의 p99 TTFT: 0.7498 초 | 
2025-11-17 18:21:41,501 - INFO - [실시간] 요청 195000개 처리 | 현재까지의 RPS: 620.03최근 1000개 request의 p99 TTFT: 0.4415 초 | 
2025-11-17 18:21:43,018 - INFO - [실시간] 요청 196000개 처리 | 현재까지의 RPS: 620.22최근 1000개 request의 p99 TTFT: 0.4507 초 | 
2025-11-17 18:21:44,599 - INFO - [실시간] 요청 197000개 처리 | 현재까지의 RPS: 620.28최근 1000개 request의 p99 TTFT: 0.3337 초 | 
2025-11-17 18:21:46,218 - INFO - [실시간] 요청 198000개 처리 | 현재까지의 RPS: 620.27최근 1000개 request의 p99 TTFT: 0.2055 초 | 
2025-11-17 18:21:47,838 - INFO - [실시간] 요청 199000개 처리 | 현재까지의 RPS: 620.25최근 1000개 request의 p99 TTFT: 0.2074 초 | 
2025-11-17 18:21:49,435 - INFO - [실시간] 요청 200000개 처리 | 현재까지의 RPS: 620.28최근 1000개 request의 p99 TTFT: 0.2066 초 | 
2025-11-17 18:21:51,028 - INFO - [실시간] 요청 201000개 처리 | 현재까지의 RPS: 620.32최근 1000개 request의 p99 TTFT: 0.3519 초 | 
2025-11-17 18:21:52,613 - INFO - [실시간] 요청 202000개 처리 | 현재까지의 RPS: 620.37최근 1000개 request의 p99 TTFT: 0.3963 초 | 
2025-11-17 18:21:54,168 - INFO - [실시간] 요청 203000개 처리 | 현재까지의 RPS: 620.48최근 1000개 request의 p99 TTFT: 0.2305 초 | 
2025-11-17 18:21:55,864 - INFO - [실시간] 요청 204000개 처리 | 현재까지의 RPS: 620.32최근 1000개 request의 p99 TTFT: 0.4054 초 | 
2025-11-17 18:21:57,597 - INFO - [실시간] 요청 205000개 처리 | 현재까지의 RPS: 620.09최근 1000개 request의 p99 TTFT: 0.2111 초 | 
통계에 반영된 요청 인덱스 범위: 0 ~ 205000 (총 205000개 요청)
통계 반영된 요청 수: 205000, 통계 반영된 시간: 351.45 초

==================================================
 실험 최종 결과 요약
==================================================
 설정 실험 시간: 330 초
 Clients 수: 6800
 통계 반영 시간: 351.45 초
 총 시도된 요청: 205000 개
 총 완료된 요청: 205000 개
 총 실패한 요청: 0 개
 완료 요청 중 retrieval이 실패한 요청: -219 개
 요청 성공률: 100.00%
 전체 Requests Per Second (RPS): 583.30
--------------------------------------------------
 Time to First Token (TTFT) Latency:
  - 평균 (Mean): 0.1402 초
  - 중간값 (50%ile): 0.1356 초
  - 최소값 (Min): 0.0183 초
  - 최대값 (Max): 1.8267 초
  - 95%ile Tail: 0.2916 초
  - 99%ile Tail: 0.5759 초
--------------------------------------------------
 Time Per Output Token (TPOT):
  - 평균 (Mean): 16.85 ms/token
--------------------------------------------------
 Embedding Latency:
  - 총 샘플 수: 205000
  - 평균 (Mean): 7.77 ms
  - 중간값 (50%ile): 7.00 ms
  - 95%ile Tail: 13.00 ms
  - 99%ile Tail: 28.00 ms
--------------------------------------------------
 VectorDB Search Latency:
  - 총 샘플 수: 205000
  - 평균 (Mean): 43.65 ms
  - 중간값 (50%ile): 25.00 ms
  - 95%ile Tail: 145.00 ms
  - 99%ile Tail: 394.00 ms
--------------------------------------------------
 Document Search Latency:
  - 총 샘플 수: 205000
  - 평균 (Mean): 11.99 ms
  - 중간값 (50%ile): 7.00 ms
  - 95%ile Tail: 34.00 ms
  - 99%ile Tail: 71.00 ms
--------------------------------------------------
 Total Retrieval Latency:
  - 총 샘플 수: 205000
  - 평균 (Mean): 63.43 ms
  - 중간값 (50%ile): 42.00 ms
  - 95%ile Tail: 181.00 ms
  - 99%ile Tail: 467.00 ms
==================================================
