2025-11-17 18:04:13,252 - INFO - ReqGen 시작: 서버=163.152.48.109:9000, 클라이언트=7000, 시간=330초
2025-11-17 18:04:13,252 - INFO - Hugging Face에서 'kroshan/BioASQ' 데이터셋을 로드합니다...
2025-11-17 18:04:19,635 - INFO - 3266개의 질문을 로드했습니다.
2025-11-17 18:04:19,636 - INFO - 부하 테스트 시작, client 수 = 7000
2025-11-17 18:04:19,636 - INFO - Zipf 값 1.2에서 상위 20%의 질문이 차지하는 비율: 91.82%
2025-11-17 18:04:23,191 - INFO - [실시간] 요청 1000개 처리 | 현재까지의 RPS: 281.28최근 1000개 request의 p99 TTFT: 0.3013 초 | 
2025-11-17 18:04:25,621 - INFO - [실시간] 요청 2000개 처리 | 현재까지의 RPS: 334.26최근 1000개 request의 p99 TTFT: 0.1719 초 | 
2025-11-17 18:04:27,731 - INFO - [실시간] 요청 3000개 처리 | 현재까지의 RPS: 370.60최근 1000개 request의 p99 TTFT: 0.2651 초 | 
2025-11-17 18:04:29,728 - INFO - [실시간] 요청 4000개 처리 | 현재까지의 RPS: 396.34최근 1000개 request의 p99 TTFT: 0.4225 초 | 
2025-11-17 18:04:31,479 - INFO - [실시간] 요청 5000개 처리 | 현재까지의 RPS: 422.19최근 1000개 request의 p99 TTFT: 0.1998 초 | 
2025-11-17 18:04:33,181 - INFO - [실시간] 요청 6000개 처리 | 현재까지의 RPS: 442.98최근 1000개 request의 p99 TTFT: 0.2956 초 | 
2025-11-17 18:04:34,838 - INFO - [실시간] 요청 7000개 처리 | 현재까지의 RPS: 460.45최근 1000개 request의 p99 TTFT: 0.8188 초 | 
2025-11-17 18:04:36,141 - INFO - [실시간] 요청 8000개 처리 | 현재까지의 RPS: 484.71최근 1000개 request의 p99 TTFT: 0.7429 초 | 
2025-11-17 18:04:37,480 - INFO - [실시간] 요청 9000개 처리 | 현재까지의 RPS: 504.37최근 1000개 request의 p99 TTFT: 0.2087 초 | 
2025-11-17 18:04:38,890 - INFO - [실시간] 요청 10000개 처리 | 현재까지의 RPS: 519.36최근 1000개 request의 p99 TTFT: 0.3831 초 | 
2025-11-17 18:04:40,290 - INFO - [실시간] 요청 11000개 처리 | 현재까지의 RPS: 532.58최근 1000개 request의 p99 TTFT: 0.7964 초 | 
2025-11-17 18:04:41,604 - INFO - [실시간] 요청 12000개 처리 | 현재까지의 RPS: 546.26최근 1000개 request의 p99 TTFT: 0.8545 초 | 
2025-11-17 18:04:43,336 - INFO - [실시간] 요청 13000개 처리 | 현재까지의 RPS: 548.52최근 1000개 request의 p99 TTFT: 0.5263 초 | 
2025-11-17 18:04:45,019 - INFO - [실시간] 요청 14000개 처리 | 현재까지의 RPS: 551.55최근 1000개 request의 p99 TTFT: 0.3960 초 | 
2025-11-17 18:04:46,698 - INFO - [실시간] 요청 15000개 처리 | 현재까지의 RPS: 554.27최근 1000개 request의 p99 TTFT: 0.3117 초 | 
2025-11-17 18:04:48,317 - INFO - [실시간] 요청 16000개 처리 | 현재까지의 RPS: 557.86최근 1000개 request의 p99 TTFT: 0.2386 초 | 
2025-11-17 18:04:49,885 - INFO - [실시간] 요청 17000개 처리 | 현재까지의 RPS: 562.01최근 1000개 request의 p99 TTFT: 0.2097 초 | 
2025-11-17 18:04:51,416 - INFO - [실시간] 요청 18000개 처리 | 현재까지의 RPS: 566.39최근 1000개 request의 p99 TTFT: 0.2032 초 | 
2025-11-17 18:04:52,971 - INFO - [실시간] 요청 19000개 처리 | 현재까지의 RPS: 569.97최근 1000개 request의 p99 TTFT: 0.2141 초 | 
2025-11-17 18:04:54,423 - INFO - [실시간] 요청 20000개 처리 | 현재까지의 RPS: 574.94최근 1000개 request의 p99 TTFT: 0.4388 초 | 
2025-11-17 18:04:55,972 - INFO - [실시간] 요청 21000개 처리 | 현재까지의 RPS: 577.93최근 1000개 request의 p99 TTFT: 0.4095 초 | 
2025-11-17 18:04:57,501 - INFO - [실시간] 요청 22000개 처리 | 현재까지의 RPS: 581.02최근 1000개 request의 p99 TTFT: 0.3826 초 | 
2025-11-17 18:04:59,124 - INFO - [실시간] 요청 23000개 처리 | 현재까지의 RPS: 582.45최근 1000개 request의 p99 TTFT: 0.3902 초 | 
2025-11-17 18:05:00,630 - INFO - [실시간] 요청 24000개 처리 | 현재까지의 RPS: 585.45최근 1000개 request의 p99 TTFT: 0.3892 초 | 
2025-11-17 18:05:02,388 - INFO - [실시간] 요청 25000개 처리 | 현재까지의 RPS: 584.76최근 1000개 request의 p99 TTFT: 0.4505 초 | 
2025-11-17 18:05:03,789 - INFO - [실시간] 요청 26000개 처리 | 현재까지의 RPS: 588.86최근 1000개 request의 p99 TTFT: 0.6513 초 | 
2025-11-17 18:05:05,275 - INFO - [실시간] 요청 27000개 처리 | 현재까지의 RPS: 591.60최근 1000개 request의 p99 TTFT: 0.5065 초 | 
2025-11-17 18:05:07,105 - INFO - [실시간] 요청 28000개 처리 | 현재까지의 RPS: 589.86최근 1000개 request의 p99 TTFT: 1.1244 초 | 
2025-11-17 18:05:08,484 - INFO - [실시간] 요청 29000개 처리 | 현재까지의 RPS: 593.68최근 1000개 request의 p99 TTFT: 1.1601 초 | 
2025-11-17 18:05:10,021 - INFO - [실시간] 요청 30000개 처리 | 현재까지의 RPS: 595.42최근 1000개 request의 p99 TTFT: 0.4691 초 | 
2025-11-17 18:05:11,561 - INFO - [실시간] 요청 31000개 처리 | 현재까지의 RPS: 597.02최근 1000개 request의 p99 TTFT: 0.3382 초 | 
2025-11-17 18:05:13,058 - INFO - [실시간] 요청 32000개 처리 | 현재까지의 RPS: 599.00최근 1000개 request의 p99 TTFT: 0.3910 초 | 
2025-11-17 18:05:14,606 - INFO - [실시간] 요청 33000개 처리 | 현재까지의 RPS: 600.33최근 1000개 request의 p99 TTFT: 0.2345 초 | 
2025-11-17 18:05:16,215 - INFO - [실시간] 요청 34000개 처리 | 현재까지의 RPS: 600.92최근 1000개 request의 p99 TTFT: 0.3589 초 | 
2025-11-17 18:05:17,809 - INFO - [실시간] 요청 35000개 처리 | 현재까지의 RPS: 601.65최근 1000개 request의 p99 TTFT: 0.2258 초 | 
2025-11-17 18:05:19,306 - INFO - [실시간] 요청 36000개 처리 | 현재까지의 RPS: 603.31최근 1000개 request의 p99 TTFT: 0.2347 초 | 
2025-11-17 18:05:20,809 - INFO - [실시간] 요청 37000개 처리 | 현재까지의 RPS: 604.84최근 1000개 request의 p99 TTFT: 0.2502 초 | 
2025-11-17 18:05:22,449 - INFO - [실시간] 요청 38000개 처리 | 현재까지의 RPS: 604.97최근 1000개 request의 p99 TTFT: 0.2289 초 | 
2025-11-17 18:05:23,996 - INFO - [실시간] 요청 39000개 처리 | 현재까지의 RPS: 605.97최근 1000개 request의 p99 TTFT: 0.4234 초 | 
2025-11-17 18:05:25,474 - INFO - [실시간] 요청 40000개 처리 | 현재까지의 RPS: 607.55최근 1000개 request의 p99 TTFT: 0.4343 초 | 
2025-11-17 18:05:27,016 - INFO - [실시간] 요청 41000개 처리 | 현재까지의 RPS: 608.49최근 1000개 request의 p99 TTFT: 0.2064 초 | 
2025-11-17 18:05:28,728 - INFO - [실시간] 요청 42000개 처리 | 현재까지의 RPS: 607.88최근 1000개 request의 p99 TTFT: 0.5238 초 | 
2025-11-17 18:05:30,099 - INFO - [실시간] 요청 43000개 처리 | 현재까지의 RPS: 610.25최근 1000개 request의 p99 TTFT: 0.5968 초 | 
2025-11-17 18:05:31,638 - INFO - [실시간] 요청 44000개 처리 | 현재까지의 RPS: 611.09최근 1000개 request의 p99 TTFT: 0.3564 초 | 
2025-11-17 18:05:33,134 - INFO - [실시간] 요청 45000개 처리 | 현재까지의 RPS: 612.26최근 1000개 request의 p99 TTFT: 0.2212 초 | 
2025-11-17 18:05:34,673 - INFO - [실시간] 요청 46000개 처리 | 현재까지의 RPS: 613.03최근 1000개 request의 p99 TTFT: 0.2250 초 | 
2025-11-17 18:05:36,216 - INFO - [실시간] 요청 47000개 처리 | 현재까지의 RPS: 613.74최근 1000개 request의 p99 TTFT: 0.3851 초 | 
2025-11-17 18:05:37,820 - INFO - [실시간] 요청 48000개 처리 | 현재까지의 RPS: 613.94최근 1000개 request의 p99 TTFT: 0.1859 초 | 
2025-11-17 18:05:39,495 - INFO - [실시간] 요청 49000개 처리 | 현재까지의 RPS: 613.58최근 1000개 request의 p99 TTFT: 0.1968 초 | 
2025-11-17 18:05:41,104 - INFO - [실시간] 요청 50000개 처리 | 현재까지의 RPS: 613.74최근 1000개 request의 p99 TTFT: 0.2225 초 | 
2025-11-17 18:05:42,634 - INFO - [실시간] 요청 51000개 처리 | 현재까지의 RPS: 614.47최근 1000개 request의 p99 TTFT: 0.4303 초 | 
2025-11-17 18:05:44,181 - INFO - [실시간] 요청 52000개 처리 | 현재까지의 RPS: 615.06최근 1000개 request의 p99 TTFT: 0.4396 초 | 
2025-11-17 18:05:45,608 - INFO - [실시간] 요청 53000개 처리 | 현재까지의 RPS: 616.48최근 1000개 request의 p99 TTFT: 0.2089 초 | 
2025-11-17 18:05:47,167 - INFO - [실시간] 요청 54000개 처리 | 현재까지의 RPS: 616.92최근 1000개 request의 p99 TTFT: 0.1993 초 | 
2025-11-17 18:05:48,710 - INFO - [실시간] 요청 55000개 처리 | 현재까지의 RPS: 617.46최근 1000개 request의 p99 TTFT: 0.2114 초 | 
2025-11-17 18:05:50,323 - INFO - [실시간] 요청 56000개 처리 | 현재까지의 RPS: 617.51최근 1000개 request의 p99 TTFT: 0.3290 초 | 
2025-11-17 18:05:51,819 - INFO - [실시간] 요청 57000개 처리 | 현재까지의 RPS: 618.34최근 1000개 request의 p99 TTFT: 0.4781 초 | 
2025-11-17 18:05:53,253 - INFO - [실시간] 요청 58000개 처리 | 현재까지의 RPS: 619.55최근 1000개 request의 p99 TTFT: 0.1985 초 | 
2025-11-17 18:05:54,939 - INFO - [실시간] 요청 59000개 처리 | 현재까지의 RPS: 619.07최근 1000개 request의 p99 TTFT: 0.4563 초 | 
2025-11-17 18:05:56,427 - INFO - [실시간] 요청 60000개 처리 | 현재까지의 RPS: 619.89최근 1000개 request의 p99 TTFT: 0.7145 초 | 
2025-11-17 18:05:57,904 - INFO - [실시간] 요청 61000개 처리 | 현재까지의 RPS: 620.75최근 1000개 request의 p99 TTFT: 0.5519 초 | 
2025-11-17 18:05:59,373 - INFO - [실시간] 요청 62000개 처리 | 현재까지의 RPS: 621.63최근 1000개 request의 p99 TTFT: 0.4829 초 | 
2025-11-17 18:06:00,922 - INFO - [실시간] 요청 63000개 처리 | 현재까지의 RPS: 622.00최근 1000개 request의 p99 TTFT: 0.2111 초 | 
2025-11-17 18:06:02,507 - INFO - [실시간] 요청 64000개 처리 | 현재까지의 RPS: 622.14최근 1000개 request의 p99 TTFT: 0.2387 초 | 
2025-11-17 18:06:04,103 - INFO - [실시간] 요청 65000개 처리 | 현재까지의 RPS: 622.20최근 1000개 request의 p99 TTFT: 0.2142 초 | 
2025-11-17 18:06:05,582 - INFO - [실시간] 요청 66000개 처리 | 현재까지의 RPS: 622.96최근 1000개 request의 p99 TTFT: 0.2954 초 | 
2025-11-17 18:06:07,132 - INFO - [실시간] 요청 67000개 처리 | 현재까지의 RPS: 623.28최근 1000개 request의 p99 TTFT: 0.2079 초 | 
2025-11-17 18:06:08,786 - INFO - [실시간] 요청 68000개 처리 | 현재까지의 RPS: 623.00최근 1000개 request의 p99 TTFT: 0.2327 초 | 
2025-11-17 18:06:10,259 - INFO - [실시간] 요청 69000개 처리 | 현재까지의 RPS: 623.74최근 1000개 request의 p99 TTFT: 0.2430 초 | 
2025-11-17 18:06:11,787 - INFO - [실시간] 요청 70000개 처리 | 현재까지의 RPS: 624.16최근 1000개 request의 p99 TTFT: 0.2206 초 | 
2025-11-17 18:06:13,317 - INFO - [실시간] 요청 71000개 처리 | 현재까지의 RPS: 624.55최근 1000개 request의 p99 TTFT: 0.2258 초 | 
2025-11-17 18:06:14,807 - INFO - [실시간] 요청 72000개 처리 | 현재까지의 RPS: 625.16최근 1000개 request의 p99 TTFT: 0.2325 초 | 
2025-11-17 18:06:16,368 - INFO - [실시간] 요청 73000개 처리 | 현재까지의 RPS: 625.37최근 1000개 request의 p99 TTFT: 0.3481 초 | 
2025-11-17 18:06:17,915 - INFO - [실시간] 요청 74000개 처리 | 현재까지의 RPS: 625.64최근 1000개 request의 p99 TTFT: 0.2275 초 | 
2025-11-17 18:06:19,553 - INFO - [실시간] 요청 75000개 처리 | 현재까지의 RPS: 625.43최근 1000개 request의 p99 TTFT: 0.4115 초 | 
2025-11-17 18:06:21,074 - INFO - [실시간] 요청 76000개 처리 | 현재까지의 RPS: 625.84최근 1000개 request의 p99 TTFT: 0.5200 초 | 
2025-11-17 18:06:22,637 - INFO - [실시간] 요청 77000개 처리 | 현재까지의 RPS: 626.01최근 1000개 request의 p99 TTFT: 0.2466 초 | 
2025-11-17 18:06:24,167 - INFO - [실시간] 요청 78000개 처리 | 현재까지의 RPS: 626.35최근 1000개 request의 p99 TTFT: 0.2103 초 | 
2025-11-17 18:06:25,839 - INFO - [실시간] 요청 79000개 처리 | 현재까지의 RPS: 625.98최근 1000개 request의 p99 TTFT: 0.1958 초 | 
2025-11-17 18:06:27,322 - INFO - [실시간] 요청 80000개 처리 | 현재까지의 RPS: 626.54최근 1000개 request의 p99 TTFT: 0.4848 초 | 
2025-11-17 18:06:28,891 - INFO - [실시간] 요청 81000개 처리 | 현재까지의 RPS: 626.67최근 1000개 request의 p99 TTFT: 0.4061 초 | 
2025-11-17 18:06:30,366 - INFO - [실시간] 요청 82000개 처리 | 현재까지의 RPS: 627.25최근 1000개 request의 p99 TTFT: 0.2908 초 | 
2025-11-17 18:06:31,999 - INFO - [실시간] 요청 83000개 처리 | 현재까지의 RPS: 627.06최근 1000개 request의 p99 TTFT: 0.1963 초 | 
2025-11-17 18:06:33,501 - INFO - [실시간] 요청 84000개 처리 | 현재까지의 RPS: 627.50최근 1000개 request의 p99 TTFT: 0.1965 초 | 
2025-11-17 18:06:35,107 - INFO - [실시간] 요청 85000개 처리 | 현재까지의 RPS: 627.44최근 1000개 request의 p99 TTFT: 0.2055 초 | 
2025-11-17 18:06:36,684 - INFO - [실시간] 요청 86000개 처리 | 현재까지의 RPS: 627.52최근 1000개 request의 p99 TTFT: 0.4304 초 | 
2025-11-17 18:06:38,166 - INFO - [실시간] 요청 87000개 처리 | 현재까지의 RPS: 628.02최근 1000개 request의 p99 TTFT: 0.1949 초 | 
2025-11-17 18:06:39,724 - INFO - [실시간] 요청 88000개 처리 | 현재까지의 RPS: 628.18최근 1000개 request의 p99 TTFT: 0.2020 초 | 
2025-11-17 18:06:41,210 - INFO - [실시간] 요청 89000개 처리 | 현재까지의 RPS: 628.65최근 1000개 request의 p99 TTFT: 0.3687 초 | 
2025-11-17 18:06:42,796 - INFO - [실시간] 요청 90000개 처리 | 현재까지의 RPS: 628.67최근 1000개 request의 p99 TTFT: 0.2240 초 | 
2025-11-17 18:06:44,439 - INFO - [실시간] 요청 91000개 처리 | 현재까지의 RPS: 628.44최근 1000개 request의 p99 TTFT: 0.2883 초 | 
2025-11-17 18:06:46,062 - INFO - [실시간] 요청 92000개 처리 | 현재까지의 RPS: 628.31최근 1000개 request의 p99 TTFT: 0.6982 초 | 
2025-11-17 18:06:47,475 - INFO - [실시간] 요청 93000개 처리 | 현재까지의 RPS: 629.06최근 1000개 request의 p99 TTFT: 0.6860 초 | 
2025-11-17 18:06:48,957 - INFO - [실시간] 요청 94000개 처리 | 현재까지의 RPS: 629.51최근 1000개 request의 p99 TTFT: 0.2009 초 | 
2025-11-17 18:06:50,503 - INFO - [실시간] 요청 95000개 처리 | 현재까지의 RPS: 629.69최근 1000개 request의 p99 TTFT: 0.1946 초 | 
2025-11-17 18:06:52,095 - INFO - [실시간] 요청 96000개 처리 | 현재까지의 RPS: 629.68최근 1000개 request의 p99 TTFT: 0.4601 초 | 
2025-11-17 18:06:53,678 - INFO - [실시간] 요청 97000개 처리 | 현재까지의 RPS: 629.70최근 1000개 request의 p99 TTFT: 0.2840 초 | 
2025-11-17 18:06:55,148 - INFO - [실시간] 요청 98000개 처리 | 현재까지의 RPS: 630.18최근 1000개 request의 p99 TTFT: 0.2711 초 | 
2025-11-17 18:06:56,624 - INFO - [실시간] 요청 99000개 처리 | 현재까지의 RPS: 630.62최근 1000개 request의 p99 TTFT: 0.1988 초 | 
2025-11-17 18:06:58,141 - INFO - [실시간] 요청 100000개 처리 | 현재까지의 RPS: 630.90최근 1000개 request의 p99 TTFT: 0.2042 초 | 
2025-11-17 18:06:59,676 - INFO - [실시간] 요청 101000개 처리 | 현재까지의 RPS: 631.09최근 1000개 request의 p99 TTFT: 0.2365 초 | 
2025-11-17 18:07:01,231 - INFO - [실시간] 요청 102000개 처리 | 현재까지의 RPS: 631.21최근 1000개 request의 p99 TTFT: 0.2047 초 | 
2025-11-17 18:07:02,726 - INFO - [실시간] 요청 103000개 처리 | 현재까지의 RPS: 631.55최근 1000개 request의 p99 TTFT: 0.4349 초 | 
2025-11-17 18:07:04,301 - INFO - [실시간] 요청 104000개 처리 | 현재까지의 RPS: 631.58최근 1000개 request의 p99 TTFT: 0.3500 초 | 
2025-11-17 18:07:06,033 - INFO - [실시간] 요청 105000개 처리 | 현재까지의 RPS: 631.02최근 1000개 request의 p99 TTFT: 0.4092 초 | 
2025-11-17 18:07:07,665 - INFO - [실시간] 요청 106000개 처리 | 현재까지의 RPS: 630.84최근 1000개 request의 p99 TTFT: 1.2564 초 | 
2025-11-17 18:07:09,003 - INFO - [실시간] 요청 107000개 처리 | 현재까지의 RPS: 631.76최근 1000개 request의 p99 TTFT: 1.2121 초 | 
2025-11-17 18:07:10,534 - INFO - [실시간] 요청 108000개 처리 | 현재까지의 RPS: 631.96최근 1000개 request의 p99 TTFT: 0.4508 초 | 
2025-11-17 18:07:12,260 - INFO - [실시간] 요청 109000개 처리 | 현재까지의 RPS: 631.43최근 1000개 request의 p99 TTFT: 0.8752 초 | 
2025-11-17 18:07:13,693 - INFO - [실시간] 요청 110000개 처리 | 현재까지의 RPS: 631.98최근 1000개 request의 p99 TTFT: 0.8436 초 | 
2025-11-17 18:07:15,287 - INFO - [실시간] 요청 111000개 처리 | 현재까지의 RPS: 631.93최근 1000개 request의 p99 TTFT: 0.2172 초 | 
2025-11-17 18:07:16,762 - INFO - [실시간] 요청 112000개 처리 | 현재까지의 RPS: 632.32최근 1000개 request의 p99 TTFT: 0.3283 초 | 
2025-11-17 18:07:18,233 - INFO - [실시간] 요청 113000개 처리 | 현재까지의 RPS: 632.71최근 1000개 request의 p99 TTFT: 0.2244 초 | 
2025-11-17 18:07:19,782 - INFO - [실시간] 요청 114000개 처리 | 현재까지의 RPS: 632.82최근 1000개 request의 p99 TTFT: 0.4025 초 | 
2025-11-17 18:07:21,325 - INFO - [실시간] 요청 115000개 처리 | 현재까지의 RPS: 632.95최근 1000개 request의 p99 TTFT: 0.4513 초 | 
2025-11-17 18:07:22,929 - INFO - [실시간] 요청 116000개 처리 | 현재까지의 RPS: 632.87최근 1000개 request의 p99 TTFT: 0.2265 초 | 
2025-11-17 18:07:24,442 - INFO - [실시간] 요청 117000개 처리 | 현재까지의 RPS: 633.10최근 1000개 request의 p99 TTFT: 0.2050 초 | 
2025-11-17 18:07:26,032 - INFO - [실시간] 요청 118000개 처리 | 현재까지의 RPS: 633.06최근 1000개 request의 p99 TTFT: 0.4291 초 | 
2025-11-17 18:07:27,570 - INFO - [실시간] 요청 119000개 처리 | 현재까지의 RPS: 633.20최근 1000개 request의 p99 TTFT: 0.4205 초 | 
2025-11-17 18:07:29,050 - INFO - [실시간] 요청 120000개 처리 | 현재까지의 RPS: 633.53최근 1000개 request의 p99 TTFT: 0.2701 초 | 
2025-11-17 18:07:30,655 - INFO - [실시간] 요청 121000개 처리 | 현재까지의 RPS: 633.45최근 1000개 request의 p99 TTFT: 0.4940 초 | 
2025-11-17 18:07:32,208 - INFO - [실시간] 요청 122000개 처리 | 현재까지의 RPS: 633.53최근 1000개 request의 p99 TTFT: 0.4619 초 | 
2025-11-17 18:07:33,769 - INFO - [실시간] 요청 123000개 처리 | 현재까지의 RPS: 633.59최근 1000개 request의 p99 TTFT: 0.2068 초 | 
2025-11-17 18:07:35,424 - INFO - [실시간] 요청 124000개 처리 | 현재까지의 RPS: 633.34최근 1000개 request의 p99 TTFT: 0.4200 초 | 
2025-11-17 18:07:36,898 - INFO - [실시간] 요청 125000개 처리 | 현재까지의 RPS: 633.68최근 1000개 request의 p99 TTFT: 0.6199 초 | 
2025-11-17 18:07:38,462 - INFO - [실시간] 요청 126000개 처리 | 현재까지의 RPS: 633.72최근 1000개 request의 p99 TTFT: 0.5580 초 | 
2025-11-17 18:07:40,030 - INFO - [실시간] 요청 127000개 처리 | 현재까지의 RPS: 633.75최근 1000개 request의 p99 TTFT: 0.2033 초 | 
2025-11-17 18:07:41,566 - INFO - [실시간] 요청 128000개 처리 | 현재까지의 RPS: 633.88최근 1000개 request의 p99 TTFT: 0.4225 초 | 
2025-11-17 18:07:43,063 - INFO - [실시간] 요청 129000개 처리 | 현재까지의 RPS: 634.14최근 1000개 request의 p99 TTFT: 0.2271 초 | 
2025-11-17 18:07:44,640 - INFO - [실시간] 요청 130000개 처리 | 현재까지의 RPS: 634.13최근 1000개 request의 p99 TTFT: 0.2111 초 | 
2025-11-17 18:07:46,216 - INFO - [실시간] 요청 131000개 처리 | 현재까지의 RPS: 634.14최근 1000개 request의 p99 TTFT: 0.2200 초 | 
2025-11-17 18:07:47,774 - INFO - [실시간] 요청 132000개 처리 | 현재까지의 RPS: 634.19최근 1000개 request의 p99 TTFT: 0.2339 초 | 
2025-11-17 18:07:49,374 - INFO - [실시간] 요청 133000개 처리 | 현재까지의 RPS: 634.13최근 1000개 request의 p99 TTFT: 0.2270 초 | 
2025-11-17 18:07:50,927 - INFO - [실시간] 요청 134000개 처리 | 현재까지의 RPS: 634.20최근 1000개 request의 p99 TTFT: 0.3888 초 | 
2025-11-17 18:07:52,535 - INFO - [실시간] 요청 135000개 처리 | 현재까지의 RPS: 634.10최근 1000개 request의 p99 TTFT: 0.3834 초 | 
2025-11-17 18:07:54,000 - INFO - [실시간] 요청 136000개 처리 | 현재까지의 RPS: 634.43최근 1000개 request의 p99 TTFT: 0.1977 초 | 
2025-11-17 18:07:55,543 - INFO - [실시간] 요청 137000개 처리 | 현재까지의 RPS: 634.53최근 1000개 request의 p99 TTFT: 0.4009 초 | 
2025-11-17 18:07:57,152 - INFO - [실시간] 요청 138000개 처리 | 현재까지의 RPS: 634.44최근 1000개 request의 p99 TTFT: 0.2349 초 | 
2025-11-17 18:07:58,702 - INFO - [실시간] 요청 139000개 처리 | 현재까지의 RPS: 634.51최근 1000개 request의 p99 TTFT: 0.3802 초 | 
2025-11-17 18:08:00,436 - INFO - [실시간] 요청 140000개 처리 | 현재까지의 RPS: 634.06최근 1000개 request의 p99 TTFT: 0.5362 초 | 
2025-11-17 18:08:01,830 - INFO - [실시간] 요청 141000개 처리 | 현재까지의 RPS: 634.58최근 1000개 request의 p99 TTFT: 0.6302 초 | 
2025-11-17 18:08:03,369 - INFO - [실시간] 요청 142000개 처리 | 현재까지의 RPS: 634.69최근 1000개 request의 p99 TTFT: 0.2262 초 | 
2025-11-17 18:08:04,969 - INFO - [실시간] 요청 143000개 처리 | 현재까지의 RPS: 634.62최근 1000개 request의 p99 TTFT: 0.1972 초 | 
2025-11-17 18:08:06,468 - INFO - [실시간] 요청 144000개 처리 | 현재까지의 RPS: 634.83최근 1000개 request의 p99 TTFT: 0.4651 초 | 
2025-11-17 18:08:07,973 - INFO - [실시간] 요청 145000개 처리 | 현재까지의 RPS: 635.03최근 1000개 request의 p99 TTFT: 0.2048 초 | 
2025-11-17 18:08:09,536 - INFO - [실시간] 요청 146000개 처리 | 현재까지의 RPS: 635.06최근 1000개 request의 p99 TTFT: 0.4587 초 | 
2025-11-17 18:08:11,133 - INFO - [실시간] 요청 147000개 처리 | 현재까지의 RPS: 635.00최근 1000개 request의 p99 TTFT: 0.2245 초 | 
2025-11-17 18:08:12,674 - INFO - [실시간] 요청 148000개 처리 | 현재까지의 RPS: 635.09최근 1000개 request의 p99 TTFT: 0.2023 초 | 
2025-11-17 18:08:14,170 - INFO - [실시간] 요청 149000개 처리 | 현재까지의 RPS: 635.30최근 1000개 request의 p99 TTFT: 0.2516 초 | 
2025-11-17 18:08:15,699 - INFO - [실시간] 요청 150000개 처리 | 현재까지의 RPS: 635.42최근 1000개 request의 p99 TTFT: 0.2594 초 | 
2025-11-17 18:08:17,236 - INFO - [실시간] 요청 151000개 처리 | 현재까지의 RPS: 635.52최근 1000개 request의 p99 TTFT: 0.3850 초 | 
2025-11-17 18:08:18,768 - INFO - [실시간] 요청 152000개 처리 | 현재까지의 RPS: 635.63최근 1000개 request의 p99 TTFT: 0.4252 초 | 
2025-11-17 18:08:20,370 - INFO - [실시간] 요청 153000개 처리 | 현재까지의 RPS: 635.56최근 1000개 request의 p99 TTFT: 0.1934 초 | 
2025-11-17 18:08:21,876 - INFO - [실시간] 요청 154000개 처리 | 현재까지의 RPS: 635.73최근 1000개 request의 p99 TTFT: 0.2085 초 | 
2025-11-17 18:08:23,509 - INFO - [실시간] 요청 155000개 처리 | 현재까지의 RPS: 635.58최근 1000개 request의 p99 TTFT: 0.2465 초 | 
2025-11-17 18:08:25,033 - INFO - [실시간] 요청 156000개 처리 | 현재까지의 RPS: 635.70최근 1000개 request의 p99 TTFT: 0.2257 초 | 
2025-11-17 18:08:26,957 - INFO - [실시간] 요청 157000개 처리 | 현재까지의 RPS: 634.80최근 1000개 request의 p99 TTFT: 0.7234 초 | 
2025-11-17 18:08:28,312 - INFO - [실시간] 요청 158000개 처리 | 현재까지의 RPS: 635.36최근 1000개 request의 p99 TTFT: 0.6837 초 | 
2025-11-17 18:08:29,860 - INFO - [실시간] 요청 159000개 처리 | 현재까지의 RPS: 635.43최근 1000개 request의 p99 TTFT: 0.4167 초 | 
2025-11-17 18:08:31,345 - INFO - [실시간] 요청 160000개 처리 | 현재까지의 RPS: 635.65최근 1000개 request의 p99 TTFT: 0.2459 초 | 
2025-11-17 18:08:32,863 - INFO - [실시간] 요청 161000개 처리 | 현재까지의 RPS: 635.79최근 1000개 request의 p99 TTFT: 0.2955 초 | 
2025-11-17 18:08:34,309 - INFO - [실시간] 요청 162000개 처리 | 현재까지의 RPS: 636.11최근 1000개 request의 p99 TTFT: 0.5731 초 | 
2025-11-17 18:08:35,916 - INFO - [실시간] 요청 163000개 처리 | 현재까지의 RPS: 636.02최근 1000개 request의 p99 TTFT: 0.2224 초 | 
2025-11-17 18:08:37,376 - INFO - [실시간] 요청 164000개 처리 | 현재까지의 RPS: 636.30최근 1000개 request의 p99 TTFT: 0.2263 초 | 
2025-11-17 18:08:38,864 - INFO - [실시간] 요청 165000개 처리 | 현재까지의 RPS: 636.51최근 1000개 request의 p99 TTFT: 0.2244 초 | 
2025-11-17 18:08:40,460 - INFO - [실시간] 요청 166000개 처리 | 현재까지의 RPS: 636.45최근 1000개 request의 p99 TTFT: 0.2340 초 | 
2025-11-17 18:08:42,009 - INFO - [실시간] 요청 167000개 처리 | 현재까지의 RPS: 636.50최근 1000개 request의 p99 TTFT: 0.2098 초 | 
2025-11-17 18:08:43,541 - INFO - [실시간] 요청 168000개 처리 | 현재까지의 RPS: 636.59최근 1000개 request의 p99 TTFT: 0.1986 초 | 
2025-11-17 18:08:45,145 - INFO - [실시간] 요청 169000개 처리 | 현재까지의 RPS: 636.51최근 1000개 request의 p99 TTFT: 0.2246 초 | 
2025-11-17 18:08:46,727 - INFO - [실시간] 요청 170000개 처리 | 현재까지의 RPS: 636.49최근 1000개 request의 p99 TTFT: 0.2091 초 | 
2025-11-17 18:08:48,507 - INFO - [실시간] 요청 171000개 처리 | 현재까지의 RPS: 635.99최근 1000개 request의 p99 TTFT: 0.4126 초 | 
2025-11-17 18:08:49,992 - INFO - [실시간] 요청 172000개 처리 | 현재까지의 RPS: 636.20최근 1000개 request의 p99 TTFT: 0.5015 초 | 
2025-11-17 18:08:51,414 - INFO - [실시간] 요청 173000개 처리 | 현재까지의 RPS: 636.55최근 1000개 request의 p99 TTFT: 0.4680 초 | 
2025-11-17 18:08:52,882 - INFO - [실시간] 요청 174000개 처리 | 현재까지의 RPS: 636.79최근 1000개 request의 p99 TTFT: 0.2124 초 | 
2025-11-17 18:08:54,402 - INFO - [실시간] 요청 175000개 처리 | 현재까지의 RPS: 636.90최근 1000개 request의 p99 TTFT: 0.2201 초 | 
2025-11-17 18:08:55,961 - INFO - [실시간] 요청 176000개 처리 | 현재까지의 RPS: 636.93최근 1000개 request의 p99 TTFT: 0.2110 초 | 
2025-11-17 18:08:57,500 - INFO - [실시간] 요청 177000개 처리 | 현재까지의 RPS: 637.00최근 1000개 request의 p99 TTFT: 0.2007 초 | 
2025-11-17 18:08:59,071 - INFO - [실시간] 요청 178000개 처리 | 현재까지의 RPS: 637.00최근 1000개 request의 p99 TTFT: 0.2199 초 | 
2025-11-17 18:09:00,598 - INFO - [실시간] 요청 179000개 처리 | 현재까지의 RPS: 637.10최근 1000개 request의 p99 TTFT: 0.2967 초 | 
2025-11-17 18:09:02,106 - INFO - [실시간] 요청 180000개 처리 | 현재까지의 RPS: 637.24최근 1000개 request의 p99 TTFT: 0.2948 초 | 
2025-11-17 18:09:03,657 - INFO - [실시간] 요청 181000개 처리 | 현재까지의 RPS: 637.28최근 1000개 request의 p99 TTFT: 0.2500 초 | 
2025-11-17 18:09:05,235 - INFO - [실시간] 요청 182000개 처리 | 현재까지의 RPS: 637.26최근 1000개 request의 p99 TTFT: 0.3866 초 | 
2025-11-17 18:09:07,072 - INFO - [실시간] 요청 183000개 처리 | 현재까지의 RPS: 636.66최근 1000개 request의 p99 TTFT: 0.8982 초 | 
2025-11-17 18:09:08,386 - INFO - [실시간] 요청 184000개 처리 | 현재까지의 RPS: 637.23최근 1000개 request의 p99 TTFT: 1.0508 초 | 
2025-11-17 18:09:09,908 - INFO - [실시간] 요청 185000개 처리 | 현재까지의 RPS: 637.33최근 1000개 request의 p99 TTFT: 0.2429 초 | 
2025-11-17 18:09:11,473 - INFO - [실시간] 요청 186000개 처리 | 현재까지의 RPS: 637.34최근 1000개 request의 p99 TTFT: 0.2535 초 | 
2025-11-17 18:09:13,113 - INFO - [실시간] 요청 187000개 처리 | 현재까지의 RPS: 637.19최근 1000개 request의 p99 TTFT: 0.4397 초 | 
2025-11-17 18:09:14,753 - INFO - [실시간] 요청 188000개 처리 | 현재까지의 RPS: 637.03최근 1000개 request의 p99 TTFT: 0.7936 초 | 
2025-11-17 18:09:16,108 - INFO - [실시간] 요청 189000개 처리 | 현재까지의 RPS: 637.50최근 1000개 request의 p99 TTFT: 0.7831 초 | 
2025-11-17 18:09:17,614 - INFO - [실시간] 요청 190000개 처리 | 현재까지의 RPS: 637.63최근 1000개 request의 p99 TTFT: 0.2862 초 | 
2025-11-17 18:09:19,149 - INFO - [실시간] 요청 191000개 처리 | 현재까지의 RPS: 637.70최근 1000개 request의 p99 TTFT: 0.2507 초 | 
2025-11-17 18:09:20,735 - INFO - [실시간] 요청 192000개 처리 | 현재까지의 RPS: 637.66최근 1000개 request의 p99 TTFT: 0.4920 초 | 
2025-11-17 18:09:22,278 - INFO - [실시간] 요청 193000개 처리 | 현재까지의 RPS: 637.72최근 1000개 request의 p99 TTFT: 0.2205 초 | 
2025-11-17 18:09:23,851 - INFO - [실시간] 요청 194000개 처리 | 현재까지의 RPS: 637.71최근 1000개 request의 p99 TTFT: 0.4698 초 | 
2025-11-17 18:09:25,373 - INFO - [실시간] 요청 195000개 처리 | 현재까지의 RPS: 637.80최근 1000개 request의 p99 TTFT: 0.2312 초 | 
2025-11-17 18:09:26,944 - INFO - [실시간] 요청 196000개 처리 | 현재까지의 RPS: 637.80최근 1000개 request의 p99 TTFT: 0.2249 초 | 
2025-11-17 18:09:28,520 - INFO - [실시간] 요청 197000개 처리 | 현재까지의 RPS: 637.78최근 1000개 request의 p99 TTFT: 0.2176 초 | 
2025-11-17 18:09:30,062 - INFO - [실시간] 요청 198000개 처리 | 현재까지의 RPS: 637.83최근 1000개 request의 p99 TTFT: 0.2217 초 | 
2025-11-17 18:09:31,645 - INFO - [실시간] 요청 199000개 처리 | 현재까지의 RPS: 637.80최근 1000개 request의 p99 TTFT: 0.2900 초 | 
2025-11-17 18:09:33,193 - INFO - [실시간] 요청 200000개 처리 | 현재까지의 RPS: 637.84최근 1000개 request의 p99 TTFT: 0.2917 초 | 
2025-11-17 18:09:34,846 - INFO - [실시간] 요청 201000개 처리 | 현재까지의 RPS: 637.67최근 1000개 request의 p99 TTFT: 0.2237 초 | 
2025-11-17 18:09:36,333 - INFO - [실시간] 요청 202000개 처리 | 현재까지의 RPS: 637.83최근 1000개 request의 p99 TTFT: 0.5048 초 | 
2025-11-17 18:09:37,854 - INFO - [실시간] 요청 203000개 처리 | 현재까지의 RPS: 637.93최근 1000개 request의 p99 TTFT: 0.2740 초 | 
2025-11-17 18:09:39,669 - INFO - [실시간] 요청 204000개 처리 | 현재까지의 RPS: 637.43최근 1000개 request의 p99 TTFT: 0.2242 초 | 
2025-11-17 18:09:41,276 - INFO - [실시간] 요청 205000개 처리 | 현재까지의 RPS: 637.36최근 1000개 request의 p99 TTFT: 0.8367 초 | 
2025-11-17 18:09:42,631 - INFO - [실시간] 요청 206000개 처리 | 현재까지의 RPS: 637.78최근 1000개 request의 p99 TTFT: 0.8943 초 | 
2025-11-17 18:09:44,155 - INFO - [실시간] 요청 207000개 처리 | 현재까지의 RPS: 637.87최근 1000개 request의 p99 TTFT: 0.4764 초 | 
2025-11-17 18:09:45,678 - INFO - [실시간] 요청 208000개 처리 | 현재까지의 RPS: 637.95최근 1000개 request의 p99 TTFT: 0.4095 초 | 
2025-11-17 18:09:47,139 - INFO - [실시간] 요청 209000개 처리 | 현재까지의 RPS: 638.16최근 1000개 request의 p99 TTFT: 0.2824 초 | 
2025-11-17 18:09:48,797 - INFO - [실시간] 요청 210000개 처리 | 현재까지의 RPS: 637.99최근 1000개 request의 p99 TTFT: 0.2146 초 | 
2025-11-17 18:09:50,502 - INFO - [실시간] 요청 211000개 처리 | 현재까지의 RPS: 637.72최근 1000개 request의 p99 TTFT: 0.4512 초 | 
통계에 반영된 요청 인덱스 범위: 0 ~ 211000 (총 211000개 요청)
통계 반영된 요청 수: 211000, 통계 반영된 시간: 360.64 초

==================================================
 실험 최종 결과 요약
==================================================
 설정 실험 시간: 330 초
 Clients 수: 7000
 통계 반영 시간: 360.64 초
 총 시도된 요청: 211000 개
 총 완료된 요청: 211000 개
 총 실패한 요청: 0 개
 완료 요청 중 retrieval이 실패한 요청: -157 개
 요청 성공률: 100.00%
 전체 Requests Per Second (RPS): 585.06
--------------------------------------------------
 Time to First Token (TTFT) Latency:
  - 평균 (Mean): 0.1261 초
  - 중간값 (50%ile): 0.1037 초
  - 최소값 (Min): 0.0156 초
  - 최대값 (Max): 1.3491 초
  - 95%ile Tail: 0.2838 초
  - 99%ile Tail: 0.5723 초
--------------------------------------------------
 Time Per Output Token (TPOT):
  - 평균 (Mean): 16.85 ms/token
--------------------------------------------------
 Embedding Latency:
  - 총 샘플 수: 211000
  - 평균 (Mean): 7.67 ms
  - 중간값 (50%ile): 6.00 ms
  - 95%ile Tail: 13.00 ms
  - 99%ile Tail: 32.00 ms
--------------------------------------------------
 VectorDB Search Latency:
  - 총 샘플 수: 211000
  - 평균 (Mean): 42.21 ms
  - 중간값 (50%ile): 22.00 ms
  - 95%ile Tail: 151.00 ms
  - 99%ile Tail: 406.00 ms
--------------------------------------------------
 Document Search Latency:
  - 총 샘플 수: 211000
  - 평균 (Mean): 12.31 ms
  - 중간값 (50%ile): 7.00 ms
  - 95%ile Tail: 36.00 ms
  - 99%ile Tail: 74.00 ms
--------------------------------------------------
 Total Retrieval Latency:
  - 총 샘플 수: 211000
  - 평균 (Mean): 62.20 ms
  - 중간값 (50%ile): 39.00 ms
  - 95%ile Tail: 187.00 ms
  - 99%ile Tail: 483.01 ms
==================================================
