2025-11-17 22:50:45,580 - INFO - ReqGen 시작: 서버=163.152.48.109:9000, 클라이언트=1750, 시간=80초
2025-11-17 22:50:45,580 - INFO - Hugging Face에서 'kroshan/BioASQ' 데이터셋을 로드합니다...
2025-11-17 22:50:51,095 - INFO - 3266개의 질문을 로드했습니다.
2025-11-17 22:50:51,096 - INFO - 부하 테스트 시작, client 수 = 1750
2025-11-17 22:50:51,096 - INFO - Zipf 값 1.2에서 상위 20%의 질문이 차지하는 비율: 91.82%
2025-11-17 22:51:05,021 - INFO - [실시간] 요청 1000개 처리 | 현재까지의 RPS: 71.82최근 1000개 request의 p99 TTFT: 0.2441 초 | 
2025-11-17 22:51:13,303 - INFO - [실시간] 요청 2000개 처리 | 현재까지의 RPS: 90.06최근 1000개 request의 p99 TTFT: 0.7362 초 | 
2025-11-17 22:51:23,358 - INFO - [실시간] 요청 3000개 처리 | 현재까지의 RPS: 92.99최근 1000개 request의 p99 TTFT: 0.2360 초 | 
2025-11-17 22:51:33,013 - INFO - [실시간] 요청 4000개 처리 | 현재까지의 RPS: 95.43최근 1000개 request의 p99 TTFT: 0.2451 초 | 
2025-11-17 22:51:42,904 - INFO - [실시간] 요청 5000개 처리 | 현재까지의 RPS: 96.51최근 1000개 request의 p99 TTFT: 0.4747 초 | 
2025-11-17 22:51:52,687 - INFO - [실시간] 요청 6000개 처리 | 현재까지의 RPS: 97.42최근 1000개 request의 p99 TTFT: 0.4160 초 | 
2025-11-17 22:52:00,571 - INFO - [실시간] 요청 7000개 처리 | 현재까지의 RPS: 100.76최근 1000개 request의 p99 TTFT: 0.5564 초 | 
2025-11-17 22:52:08,360 - INFO - [실시간] 요청 8000개 처리 | 현재까지의 RPS: 103.54최근 1000개 request의 p99 TTFT: 0.7053 초 | 
통계에 반영된 요청 인덱스 범위: 0 ~ 8521 (총 8521개 요청)
통계 반영된 요청 수: 8521, 통계 반영된 시간: 139.97 초

==================================================
 실험 최종 결과 요약
==================================================
 설정 실험 시간: 80 초
 Clients 수: 1750
 통계 반영 시간: 139.97 초
 총 시도된 요청: 9399 개
 총 완료된 요청: 8521 개
 총 실패한 요청: 878 개
 완료 요청 중 retrieval이 실패한 요청: 0 개
 요청 성공률: 90.66%
 전체 Requests Per Second (RPS): 60.88
--------------------------------------------------
 Time to First Token (TTFT) Latency:
  - 평균 (Mean): 0.1881 초
  - 중간값 (50%ile): 0.1569 초
  - 최소값 (Min): 0.0279 초
  - 최대값 (Max): 1.5591 초
  - 95%ile Tail: 0.4241 초
  - 99%ile Tail: 0.7416 초
--------------------------------------------------
 Time Per Output Token (TPOT):
  - 평균 (Mean): 16.69 ms/token
--------------------------------------------------
 Embedding Latency:
  - 총 샘플 수: 8517
  - 평균 (Mean): 7.92 ms
  - 중간값 (50%ile): 7.00 ms
  - 95%ile Tail: 11.00 ms
  - 99%ile Tail: 14.00 ms
--------------------------------------------------
 VectorDB Search Latency:
  - 총 샘플 수: 8517
  - 평균 (Mean): 89.59 ms
  - 중간값 (50%ile): 45.00 ms
  - 95%ile Tail: 313.20 ms
  - 99%ile Tail: 626.88 ms
--------------------------------------------------
 Document Search Latency:
  - 총 샘플 수: 8517
  - 평균 (Mean): 8.96 ms
  - 중간값 (50%ile): 7.00 ms
  - 95%ile Tail: 19.00 ms
  - 99%ile Tail: 36.00 ms
--------------------------------------------------
 Total Retrieval Latency:
  - 총 샘플 수: 8521
  - 평균 (Mean): 106.49 ms
  - 중간값 (50%ile): 62.00 ms
  - 95%ile Tail: 334.00 ms
  - 99%ile Tail: 662.00 ms
==================================================
