2025-11-17 22:48:19,018 - INFO - ReqGen 시작: 서버=163.152.48.109:9000, 클라이언트=1500, 시간=80초
2025-11-17 22:48:19,018 - INFO - Hugging Face에서 'kroshan/BioASQ' 데이터셋을 로드합니다...
2025-11-17 22:48:24,516 - INFO - 3266개의 질문을 로드했습니다.
2025-11-17 22:48:24,517 - INFO - 부하 테스트 시작, client 수 = 1500
2025-11-17 22:48:24,517 - INFO - Zipf 값 1.2에서 상위 20%의 질문이 차지하는 비율: 91.82%
2025-11-17 22:48:39,399 - INFO - [실시간] 요청 1000개 처리 | 현재까지의 RPS: 67.19최근 1000개 request의 p99 TTFT: 0.1861 초 | 
2025-11-17 22:48:50,113 - INFO - [실시간] 요청 2000개 처리 | 현재까지의 RPS: 78.14최근 1000개 request의 p99 TTFT: 0.3332 초 | 
2025-11-17 22:49:01,454 - INFO - [실시간] 요청 3000개 처리 | 현재까지의 RPS: 81.22최근 1000개 request의 p99 TTFT: 0.1929 초 | 
2025-11-17 22:49:12,654 - INFO - [실시간] 요청 4000개 처리 | 현재까지의 RPS: 83.10최근 1000개 request의 p99 TTFT: 0.2127 초 | 
2025-11-17 22:49:24,600 - INFO - [실시간] 요청 5000개 처리 | 현재까지의 RPS: 83.22최근 1000개 request의 p99 TTFT: 0.2054 초 | 
2025-11-17 22:49:33,992 - INFO - [실시간] 요청 6000개 처리 | 현재까지의 RPS: 86.36최근 1000개 request의 p99 TTFT: 0.2413 초 | 
2025-11-17 22:49:42,902 - INFO - [실시간] 요청 7000개 처리 | 현재까지의 RPS: 89.30최근 1000개 request의 p99 TTFT: 0.3799 초 | 
통계에 반영된 요청 인덱스 범위: 0 ~ 7287 (총 7287개 요청)
통계 반영된 요청 수: 7287, 통계 반영된 시간: 139.86 초

==================================================
 실험 최종 결과 요약
==================================================
 설정 실험 시간: 80 초
 Clients 수: 1500
 통계 반영 시간: 139.86 초
 총 시도된 요청: 8083 개
 총 완료된 요청: 7287 개
 총 실패한 요청: 796 개
 완료 요청 중 retrieval이 실패한 요청: 0 개
 요청 성공률: 90.15%
 전체 Requests Per Second (RPS): 52.10
--------------------------------------------------
 Time to First Token (TTFT) Latency:
  - 평균 (Mean): 0.1053 초
  - 중간값 (50%ile): 0.0912 초
  - 최소값 (Min): 0.0265 초
  - 최대값 (Max): 0.7324 초
  - 95%ile Tail: 0.2024 초
  - 99%ile Tail: 0.2865 초
--------------------------------------------------
 Time Per Output Token (TPOT):
  - 평균 (Mean): 16.68 ms/token
--------------------------------------------------
 Embedding Latency:
  - 총 샘플 수: 7282
  - 평균 (Mean): 7.66 ms
  - 중간값 (50%ile): 7.00 ms
  - 95%ile Tail: 11.00 ms
  - 99%ile Tail: 13.00 ms
--------------------------------------------------
 VectorDB Search Latency:
  - 총 샘플 수: 7282
  - 평균 (Mean): 39.27 ms
  - 중간값 (50%ile): 28.00 ms
  - 95%ile Tail: 103.00 ms
  - 99%ile Tail: 210.19 ms
--------------------------------------------------
 Document Search Latency:
  - 총 샘플 수: 7282
  - 평균 (Mean): 7.40 ms
  - 중간값 (50%ile): 7.00 ms
  - 95%ile Tail: 11.00 ms
  - 99%ile Tail: 16.00 ms
--------------------------------------------------
 Total Retrieval Latency:
  - 총 샘플 수: 7287
  - 평균 (Mean): 54.35 ms
  - 중간값 (50%ile): 43.00 ms
  - 95%ile Tail: 120.00 ms
  - 99%ile Tail: 228.14 ms
==================================================
