2025-11-17 22:45:51,390 - INFO - ReqGen 시작: 서버=163.152.48.109:9000, 클라이언트=1000, 시간=80초
2025-11-17 22:45:51,391 - INFO - Hugging Face에서 'kroshan/BioASQ' 데이터셋을 로드합니다...
2025-11-17 22:45:57,797 - INFO - 3266개의 질문을 로드했습니다.
2025-11-17 22:45:57,798 - INFO - 부하 테스트 시작, client 수 = 1000
2025-11-17 22:45:57,798 - INFO - Zipf 값 1.2에서 상위 20%의 질문이 차지하는 비율: 91.82%
2025-11-17 22:46:16,485 - INFO - [실시간] 요청 1000개 처리 | 현재까지의 RPS: 53.51최근 1000개 request의 p99 TTFT: 0.1835 초 | 
2025-11-17 22:46:31,371 - INFO - [실시간] 요청 2000개 처리 | 현재까지의 RPS: 59.57최근 1000개 request의 p99 TTFT: 0.1978 초 | 
2025-11-17 22:46:46,992 - INFO - [실시간] 요청 3000개 처리 | 현재까지의 RPS: 60.98최근 1000개 request의 p99 TTFT: 0.2109 초 | 
2025-11-17 22:47:01,977 - INFO - [실시간] 요청 4000개 처리 | 현재까지의 RPS: 62.33최근 1000개 request의 p99 TTFT: 0.1967 초 | 
2025-11-17 22:47:15,247 - INFO - [실시간] 요청 5000개 처리 | 현재까지의 RPS: 64.56최근 1000개 request의 p99 TTFT: 0.1978 초 | 
통계에 반영된 요청 인덱스 범위: 0 ~ 5290 (총 5290개 요청)
통계 반영된 요청 수: 5290, 통계 반영된 시간: 139.98 초

==================================================
 실험 최종 결과 요약
==================================================
 설정 실험 시간: 80 초
 Clients 수: 1000
 통계 반영 시간: 139.98 초
 총 시도된 요청: 5677 개
 총 완료된 요청: 5290 개
 총 실패한 요청: 387 개
 완료 요청 중 retrieval이 실패한 요청: 0 개
 요청 성공률: 93.18%
 전체 Requests Per Second (RPS): 37.79
--------------------------------------------------
 Time to First Token (TTFT) Latency:
  - 평균 (Mean): 0.1049 초
  - 중간값 (50%ile): 0.0980 초
  - 최소값 (Min): 0.0206 초
  - 최대값 (Max): 0.4648 초
  - 95%ile Tail: 0.1715 초
  - 99%ile Tail: 0.1985 초
--------------------------------------------------
 Time Per Output Token (TPOT):
  - 평균 (Mean): 16.66 ms/token
--------------------------------------------------
 Embedding Latency:
  - 총 샘플 수: 5283
  - 평균 (Mean): 7.36 ms
  - 중간값 (50%ile): 7.00 ms
  - 95%ile Tail: 10.00 ms
  - 99%ile Tail: 12.00 ms
--------------------------------------------------
 VectorDB Search Latency:
  - 총 샘플 수: 5283
  - 평균 (Mean): 19.53 ms
  - 중간값 (50%ile): 17.00 ms
  - 95%ile Tail: 39.00 ms
  - 99%ile Tail: 57.18 ms
--------------------------------------------------
 Document Search Latency:
  - 총 샘플 수: 5283
  - 평균 (Mean): 7.61 ms
  - 중간값 (50%ile): 7.00 ms
  - 95%ile Tail: 11.00 ms
  - 99%ile Tail: 15.00 ms
--------------------------------------------------
 Total Retrieval Latency:
  - 총 샘플 수: 5290
  - 평균 (Mean): 34.53 ms
  - 중간값 (50%ile): 31.00 ms
  - 95%ile Tail: 56.00 ms
  - 99%ile Tail: 77.11 ms
==================================================
