2025-10-01 22:37:29,902 - INFO - ReqGen 시작: 서버=163.152.48.109:9000, 클라이언트=2, 시간=60초
2025-10-01 22:37:29,902 - INFO - Hugging Face에서 'kroshan/BioASQ' 데이터셋을 로드합니다...
2025-10-01 22:37:36,832 - INFO - 3266개의 질문을 로드했습니다.
2025-10-01 22:37:36,834 - INFO - 부하 테스트 시작, client 수 = 2
2025-10-01 22:37:36,834 - INFO - Zipf 값 1.2에서 상위 20%의 질문이 차지하는 비율: 91.82%
통계에 반영된 요청 인덱스 범위: 0 ~ 8 (총 8개 요청)
통계 반영된 요청 수: 8, 통계 반영된 시간: 61.98 초

==================================================
 실험 최종 결과 요약
==================================================
 설정 실험 시간: 60 초
 Clients 수: 2
 통계 반영 시간: 61.98 초
 총 시도된 요청: 8 개
 총 완료된 요청: 8 개
 총 실패한 요청: 0 개
 완료 요청 중 retrieval이 실패한 요청: 0 개
 요청 성공률: 100.00%
 전체 Requests Per Second (RPS): 0.13
--------------------------------------------------
 Time to First Token (TTFT) Latency:
  - 평균 (Mean): 2.9145 초
  - 중간값 (50%ile): 3.6407 초
  - 최소값 (Min): 0.1262 초
  - 최대값 (Max): 4.9686 초
  - 95%ile Tail: 4.8252 초
  - 99%ile Tail: 4.9399 초
--------------------------------------------------
 Time Per Output Token (TPOT):
  - 평균 (Mean): 16.59 ms/token
--------------------------------------------------
 Embedding Latency:
  - 총 샘플 수: 5
  - 평균 (Mean): 11.00 ms
  - 중간값 (50%ile): 11.00 ms
  - 95%ile Tail: 12.60 ms
  - 99%ile Tail: 12.92 ms
--------------------------------------------------
 VectorDB Search Latency:
  - 총 샘플 수: 5
  - 평균 (Mean): 2715.20 ms
  - 중간값 (50%ile): 2959.00 ms
  - 95%ile Tail: 4420.40 ms
  - 99%ile Tail: 4479.28 ms
--------------------------------------------------
 Document Search Latency:
  - 총 샘플 수: 5
  - 평균 (Mean): 10.40 ms
  - 중간값 (50%ile): 8.00 ms
  - 95%ile Tail: 19.20 ms
  - 99%ile Tail: 21.44 ms
--------------------------------------------------
 Total Retrieval Latency:
  - 총 샘플 수: 8
  - 평균 (Mean): 2809.88 ms
  - 중간값 (50%ile): 3494.00 ms
  - 95%ile Tail: 4669.95 ms
  - 99%ile Tail: 4737.99 ms
==================================================
