2025-11-17 21:13:28,174 - INFO - ReqGen 시작: 서버=163.152.48.109:9000, 클라이언트=2000, 시간=80초
2025-11-17 21:13:28,174 - INFO - Hugging Face에서 'kroshan/BioASQ' 데이터셋을 로드합니다...
2025-11-17 21:13:33,883 - INFO - 3266개의 질문을 로드했습니다.
2025-11-17 21:13:33,884 - INFO - 부하 테스트 시작, client 수 = 2000
2025-11-17 21:13:33,885 - INFO - Zipf 값 1.01에서 상위 20%의 질문이 차지하는 비율: 82.08%
2025-11-17 21:13:45,749 - INFO - [실시간] 요청 1000개 처리 | 현재까지의 RPS: 84.28최근 1000개 request의 p99 TTFT: 0.1935 초 | 
2025-11-17 21:13:52,829 - INFO - [실시간] 요청 2000개 처리 | 현재까지의 RPS: 105.57최근 1000개 request의 p99 TTFT: 0.1996 초 | 
2025-11-17 21:14:00,812 - INFO - [실시간] 요청 3000개 처리 | 현재까지의 RPS: 111.41최근 1000개 request의 p99 TTFT: 0.2037 초 | 
2025-11-17 21:14:08,962 - INFO - [실시간] 요청 4000개 처리 | 현재까지의 RPS: 114.03최근 1000개 request의 p99 TTFT: 0.1958 초 | 
2025-11-17 21:14:16,923 - INFO - [실시간] 요청 5000개 처리 | 현재까지의 RPS: 116.17최근 1000개 request의 p99 TTFT: 0.2067 초 | 
2025-11-17 21:14:24,641 - INFO - [실시간] 요청 6000개 처리 | 현재까지의 RPS: 118.21최근 1000개 request의 p99 TTFT: 0.1880 초 | 
2025-11-17 21:14:32,922 - INFO - [실시간] 요청 7000개 처리 | 현재까지의 RPS: 118.57최근 1000개 request의 p99 TTFT: 0.1851 초 | 
Traceback (most recent call last):
  File "/home/comsys/sungsu/CXLSharedMemGPU/ReqGen/main.py", line 412, in <module>
    main()
  File "/home/comsys/sungsu/CXLSharedMemGPU/ReqGen/main.py", line 409, in main
    asyncio.run(reqgen.run())
  File "/usr/lib/python3.10/asyncio/runners.py", line 44, in run
    return loop.run_until_complete(main)
  File "/usr/lib/python3.10/asyncio/base_events.py", line 636, in run_until_complete
    self.run_forever()
  File "/usr/lib/python3.10/asyncio/base_events.py", line 603, in run_forever
    self._run_once()
  File "/usr/lib/python3.10/asyncio/base_events.py", line 1871, in _run_once
    event_list = self._selector.select(timeout)
  File "/usr/lib/python3.10/selectors.py", line 469, in select
    fd_event_list = self._selector.poll(timeout, max_ev)
KeyboardInterrupt
