2025-10-01 23:21:10,856 - INFO - ReqGen 시작: 서버=163.152.48.109:9000, 클라이언트=16, 시간=60초
2025-10-01 23:21:10,856 - INFO - Hugging Face에서 'kroshan/BioASQ' 데이터셋을 로드합니다...
2025-10-01 23:21:17,593 - INFO - 3266개의 질문을 로드했습니다.
2025-10-01 23:21:17,594 - INFO - 부하 테스트 시작, client 수 = 16
2025-10-01 23:21:17,595 - INFO - Zipf 값 1.2에서 상위 20%의 질문이 차지하는 비율: 91.82%
통계에 반영된 요청 인덱스 범위: 0 ~ 65 (총 65개 요청)
통계 반영된 요청 수: 65, 통계 반영된 시간: 87.27 초

==================================================
 실험 최종 결과 요약
==================================================
 설정 실험 시간: 60 초
 Clients 수: 16
 통계 반영 시간: 87.27 초
 총 시도된 요청: 65 개
 총 완료된 요청: 65 개
 총 실패한 요청: 0 개
 완료 요청 중 retrieval이 실패한 요청: 16 개
 요청 성공률: 100.00%
 전체 Requests Per Second (RPS): 0.74
--------------------------------------------------
 Time to First Token (TTFT) Latency:
  - 평균 (Mean): 11.1959 초
  - 중간값 (50%ile): 4.3802 초
  - 최소값 (Min): 0.0494 초
  - 최대값 (Max): 31.0002 초
  - 95%ile Tail: 30.9997 초
  - 99%ile Tail: 31.0001 초
--------------------------------------------------
 Time Per Output Token (TPOT):
  - 평균 (Mean): 16.54 ms/token
--------------------------------------------------
 Embedding Latency:
  - 총 샘플 수: 60
  - 평균 (Mean): 12.17 ms
  - 중간값 (50%ile): 11.00 ms
  - 95%ile Tail: 24.05 ms
  - 99%ile Tail: 27.46 ms
--------------------------------------------------
 VectorDB Search Latency:
  - 총 샘플 수: 44
  - 평균 (Mean): 4813.09 ms
  - 중간값 (50%ile): 2759.50 ms
  - 95%ile Tail: 18852.55 ms
  - 99%ile Tail: 20092.04 ms
--------------------------------------------------
 Document Search Latency:
  - 총 샘플 수: 44
  - 평균 (Mean): 16.61 ms
  - 중간값 (50%ile): 8.00 ms
  - 95%ile Tail: 24.00 ms
  - 99%ile Tail: 186.03 ms
--------------------------------------------------
 Total Retrieval Latency:
  - 총 샘플 수: 49
  - 평균 (Mean): 4722.88 ms
  - 중간값 (50%ile): 2466.00 ms
  - 95%ile Tail: 17980.00 ms
  - 99%ile Tail: 20099.84 ms
==================================================
