2025-11-17 19:00:09,848 - INFO - ReqGen 시작: 서버=163.152.48.109:9000, 클라이언트=2500, 시간=80초
2025-11-17 19:00:09,848 - INFO - Hugging Face에서 'kroshan/BioASQ' 데이터셋을 로드합니다...
2025-11-17 19:00:16,632 - INFO - 3266개의 질문을 로드했습니다.
2025-11-17 19:00:16,633 - INFO - 부하 테스트 시작, client 수 = 2500
2025-11-17 19:00:16,633 - INFO - Zipf 값 1.2에서 상위 20%의 질문이 차지하는 비율: 91.82%
2025-11-17 19:00:27,808 - INFO - [실시간] 요청 1000개 처리 | 현재까지의 RPS: 89.48최근 1000개 request의 p99 TTFT: 3.8130 초 | 
2025-11-17 19:00:27,808 - WARNING - 최근 1000개의 p99 TTFT 3.8130 초가 SLO 의 2배 (2.0 초)를 초과했습니다. 부하 테스트를 조기 종료합니다.
2025-11-17 19:00:37,267 - INFO - [실시간] 요청 2000개 처리 | 현재까지의 RPS: 96.93최근 1000개 request의 p99 TTFT: 9.4689 초 | 
통계에 반영된 요청 인덱스 범위: 0 ~ 1000 (총 1000개 요청)
통계 반영된 요청 수: 1000, 통계 반영된 시간: 50.51 초

==================================================
 실험 최종 결과 요약
==================================================
 부하 테스트가 조기 종료되었습니다! (SLO 위반)
 Client 수를 낮추어 다시 시도하세요.
 설정 실험 시간: 80 초
 Clients 수: 2500
 통계 반영 시간: 50.51 초
 총 시도된 요청: 1000 개
 총 완료된 요청: 1000 개
 총 실패한 요청: 0 개
 완료 요청 중 retrieval이 실패한 요청: -1750 개
 요청 성공률: 100.00%
 전체 Requests Per Second (RPS): 19.80
--------------------------------------------------
 Time to First Token (TTFT) Latency:
  - 평균 (Mean): 1.7268 초
  - 중간값 (50%ile): 1.6219 초
  - 최소값 (Min): 0.2389 초
  - 최대값 (Max): 5.4839 초
  - 95%ile Tail: 2.9760 초
  - 99%ile Tail: 3.8130 초
--------------------------------------------------
 Time Per Output Token (TPOT):
  - 평균 (Mean): 16.62 ms/token
--------------------------------------------------
 Embedding Latency:
  - 총 샘플 수: 1000
  - 평균 (Mean): 8.18 ms
  - 중간값 (50%ile): 7.00 ms
  - 95%ile Tail: 12.00 ms
  - 99%ile Tail: 16.01 ms
--------------------------------------------------
 VectorDB Search Latency:
  - 총 샘플 수: 1000
  - 평균 (Mean): 1645.14 ms
  - 중간값 (50%ile): 1549.50 ms
  - 95%ile Tail: 2888.60 ms
  - 99%ile Tail: 3704.15 ms
--------------------------------------------------
 Document Search Latency:
  - 총 샘플 수: 1000
  - 평균 (Mean): 14.09 ms
  - 중간값 (50%ile): 11.00 ms
  - 95%ile Tail: 30.00 ms
  - 99%ile Tail: 41.03 ms
--------------------------------------------------
 Total Retrieval Latency:
  - 총 샘플 수: 1000
  - 평균 (Mean): 1665.91 ms
  - 중간값 (50%ile): 1574.00 ms
  - 95%ile Tail: 2915.10 ms
  - 99%ile Tail: 3721.27 ms
==================================================
