2025-11-21 04:42:04,776 - INFO - ReqGen 시작: 서버=163.152.48.109:9000, 클라이언트=2, 시간=330초
2025-11-21 04:42:04,776 - INFO - Hugging Face에서 'kroshan/BioASQ' 데이터셋을 로드합니다...
2025-11-21 04:42:10,173 - INFO - 3266개의 질문을 로드했습니다.
2025-11-21 04:42:10,174 - INFO - 부하 테스트 시작, client 수 = 2
통계에 반영된 요청 인덱스 범위: 0 ~ 532 (총 532개 요청)
statistics_start_time이 설정되지 않았습니다.
statistics_end_time이 설정되지 않았습니다.
통계 반영된 요청 수: 532, 통계 반영된 시간: 331.00 초

==================================================
 실험 최종 결과 요약
==================================================
 설정 실험 시간: 330 초
 Clients 수: 2
 통계 반영 시간: 331.00 초
 총 시도된 요청: 532 개
 총 완료된 요청: 532 개
 총 실패한 요청: 0 개
 완료 요청 중 retrieval이 실패한 요청: 0 개
 요청 성공률: 100.00%
 전체 Requests Per Second (RPS): 1.61
--------------------------------------------------
 Time to First Token (TTFT) Latency:
  - 평균 (Mean): 0.0955 초
  - 중간값 (50%ile): 0.0907 초
  - 최소값 (Min): 0.0239 초
  - 최대값 (Max): 0.2258 초
  - 95%ile Tail: 0.1646 초
  - 99%ile Tail: 0.1750 초
--------------------------------------------------
 Time Per Output Token (TPOT):
  - 평균 (Mean): 17.03 ms/token
--------------------------------------------------
 Embedding Latency:
  - 총 샘플 수: 337
  - 평균 (Mean): 6.53 ms
  - 중간값 (50%ile): 6.00 ms
  - 95%ile Tail: 10.20 ms
  - 99%ile Tail: 13.64 ms
--------------------------------------------------
 VectorDB Search Latency:
  - 총 샘플 수: 337
  - 평균 (Mean): 16.18 ms
  - 중간값 (50%ile): 16.00 ms
  - 95%ile Tail: 22.20 ms
  - 99%ile Tail: 26.00 ms
--------------------------------------------------
 Document Search Latency:
  - 총 샘플 수: 337
  - 평균 (Mean): 4.55 ms
  - 중간값 (50%ile): 4.00 ms
  - 95%ile Tail: 7.00 ms
  - 99%ile Tail: 8.00 ms
--------------------------------------------------
 Total Retrieval Latency:
  - 총 샘플 수: 532
  - 평균 (Mean): 29.26 ms
  - 중간값 (50%ile): 29.00 ms
  - 95%ile Tail: 39.00 ms
  - 99%ile Tail: 43.00 ms
==================================================
