2025-12-05 05:47:47,787 - INFO - ReqGen 시작: 서버=163.152.48.109:9000, 클라이언트=200, 시간=330초
2025-12-05 05:47:47,787 - INFO - Hugging Face에서 'kroshan/BioASQ' 데이터셋을 로드합니다...
2025-12-05 05:47:53,429 - INFO - 3266개의 질문을 로드했습니다.
2025-12-05 05:47:53,429 - INFO - 부하 테스트 시작, client 수 = 200
2025-12-05 05:48:50,379 - INFO - [실시간] 요청 1000개 처리 | 현재까지의 RPS: 17.56최근 1000개 request의 p99 TTFT: 0.7491 초 | 
2025-12-05 05:49:44,395 - INFO - [실시간] 요청 2000개 처리 | 현재까지의 RPS: 18.02최근 1000개 request의 p99 TTFT: 1.2606 초 | 
2025-12-05 05:50:39,654 - INFO - [실시간] 요청 3000개 처리 | 현재까지의 RPS: 18.05최근 1000개 request의 p99 TTFT: 1.1090 초 | 
2025-12-05 05:51:34,200 - INFO - [실시간] 요청 4000개 처리 | 현재까지의 RPS: 18.12최근 1000개 request의 p99 TTFT: 0.1843 초 | 
2025-12-05 05:52:29,252 - INFO - [실시간] 요청 5000개 처리 | 현재까지의 RPS: 18.13최근 1000개 request의 p99 TTFT: 0.1757 초 | 
2025-12-05 05:53:22,992 - INFO - [실시간] 요청 6000개 처리 | 현재까지의 RPS: 18.21최근 1000개 request의 p99 TTFT: 0.2056 초 | 
통계에 반영된 요청 인덱스 범위: 1000 ~ 6034 (총 5034개 요청)
statistics_end_time이 설정되지 않았습니다.
통계 반영된 요청 수: 5034, 통계 반영된 시간: 351.11 초

==================================================
 실험 최종 결과 요약
==================================================
 설정 실험 시간: 330 초
 Clients 수: 200
 통계 반영 시간: 351.11 초
 총 시도된 요청: 5034 개
 총 완료된 요청: 5034 개
 총 실패한 요청: 0 개
 완료 요청 중 retrieval이 실패한 요청: -999 개
 요청 성공률: 100.00%
 전체 Requests Per Second (RPS): 14.34
--------------------------------------------------
 Time to First Token (TTFT) Latency:
  - 평균 (Mean): 0.1315 초
  - 중간값 (50%ile): 0.0895 초
  - 최소값 (Min): 0.0236 초
  - 최대값 (Max): 30.0141 초
  - 95%ile Tail: 0.2891 초
  - 99%ile Tail: 0.8508 초
--------------------------------------------------
 Time Per Output Token (TPOT):
  - 평균 (Mean): 16.68 ms/token
--------------------------------------------------
 Embedding Latency:
  - 총 샘플 수: 5034
  - 평균 (Mean): 7.19 ms
  - 중간값 (50%ile): 7.00 ms
  - 95%ile Tail: 9.00 ms
  - 99%ile Tail: 10.00 ms
--------------------------------------------------
 VectorDB Search Latency:
  - 총 샘플 수: 5033
  - 평균 (Mean): 48.28 ms
  - 중간값 (50%ile): 9.00 ms
  - 95%ile Tail: 209.40 ms
  - 99%ile Tail: 770.68 ms
--------------------------------------------------
 Document Search Latency:
  - 총 샘플 수: 5033
  - 평균 (Mean): 7.56 ms
  - 중간값 (50%ile): 7.00 ms
  - 95%ile Tail: 9.00 ms
  - 99%ile Tail: 12.00 ms
--------------------------------------------------
 Total Retrieval Latency:
  - 총 샘플 수: 5033
  - 평균 (Mean): 63.05 ms
  - 중간값 (50%ile): 24.00 ms
  - 95%ile Tail: 225.40 ms
  - 99%ile Tail: 786.36 ms
==================================================
