2025-10-01 23:34:16,811 - INFO - ReqGen 시작: 서버=163.152.48.109:9000, 클라이언트=16, 시간=60초
2025-10-01 23:34:16,811 - INFO - Hugging Face에서 'kroshan/BioASQ' 데이터셋을 로드합니다...
2025-10-01 23:34:23,791 - INFO - 3266개의 질문을 로드했습니다.
2025-10-01 23:34:23,793 - INFO - 부하 테스트 시작, client 수 = 16
2025-10-01 23:34:23,793 - INFO - Zipf 값 1.2에서 상위 20%의 질문이 차지하는 비율: 91.82%
통계에 반영된 요청 인덱스 범위: 0 ~ 32 (총 32개 요청)
통계 반영된 요청 수: 32, 통계 반영된 시간: 75.76 초

==================================================
 실험 최종 결과 요약
==================================================
 설정 실험 시간: 60 초
 Clients 수: 16
 통계 반영 시간: 75.76 초
 총 시도된 요청: 32 개
 총 완료된 요청: 32 개
 총 실패한 요청: 0 개
 완료 요청 중 retrieval이 실패한 요청: 32 개
 요청 성공률: 100.00%
 전체 Requests Per Second (RPS): 0.42
--------------------------------------------------
 Time to First Token (TTFT) Latency:
  - 평균 (Mean): 30.7558 초
  - 중간값 (50%ile): 30.9651 초
  - 최소값 (Min): 30.0674 초
  - 최대값 (Max): 31.0007 초
  - 95%ile Tail: 31.0002 초
  - 99%ile Tail: 31.0005 초
--------------------------------------------------
 Time Per Output Token (TPOT):
  - 평균 (Mean): 18.18 ms/token
--------------------------------------------------
 Embedding Latency:
  - 총 샘플 수: 30
  - 평균 (Mean): 12.40 ms
  - 중간값 (50%ile): 11.00 ms
  - 95%ile Tail: 18.65 ms
  - 99%ile Tail: 20.71 ms
--------------------------------------------------
 VectorDB Search Latency:
  - 총 샘플 수: 0
  - (측정된 샘플이 없습니다.)
--------------------------------------------------
 Document Search Latency:
  - 총 샘플 수: 0
  - (측정된 샘플이 없습니다.)
--------------------------------------------------
 Total Retrieval Latency:
  - 총 샘플 수: 0
  - (측정된 샘플이 없습니다.)
==================================================
