2025-11-20 19:52:07,249 - INFO - ReqGen 시작: 서버=163.152.48.109:9000, 클라이언트=100, 시간=330초
2025-11-20 19:52:07,249 - INFO - Hugging Face에서 'kroshan/BioASQ' 데이터셋을 로드합니다...
2025-11-20 19:52:12,798 - INFO - 3266개의 질문을 로드했습니다.
2025-11-20 19:52:12,799 - INFO - 부하 테스트 시작, client 수 = 100
2025-11-20 19:52:12,799 - INFO - Zipf 값 1.2에서 상위 20%의 질문이 차지하는 비율: 91.82%
2025-11-20 19:54:16,860 - INFO - [실시간] 요청 1000개 처리 | 현재까지의 RPS: 8.06최근 1000개 request의 p99 TTFT: 0.3128 초 | 
2025-11-20 19:56:08,526 - INFO - [실시간] 요청 2000개 처리 | 현재까지의 RPS: 8.48최근 1000개 request의 p99 TTFT: 0.2494 초 | 
통계에 반영된 요청 인덱스 범위: 1000 ~ 2816 (총 1816개 요청)
통계 반영된 요청 수: 1816, 통계 반영된 시간: 356.07 초

==================================================
 실험 최종 결과 요약
==================================================
 설정 실험 시간: 330 초
 Clients 수: 100
 통계 반영 시간: 356.07 초
 총 시도된 요청: 1845 개
 총 완료된 요청: 1816 개
 총 실패한 요청: 29 개
 완료 요청 중 retrieval이 실패한 요청: -1000 개
 요청 성공률: 98.43%
 전체 Requests Per Second (RPS): 5.10
--------------------------------------------------
 Time to First Token (TTFT) Latency:
  - 평균 (Mean): 0.0970 초
  - 중간값 (50%ile): 0.1080 초
  - 최소값 (Min): 0.0248 초
  - 최대값 (Max): 0.5500 초
  - 95%ile Tail: 0.1575 초
  - 99%ile Tail: 0.2256 초
--------------------------------------------------
 Time Per Output Token (TPOT):
  - 평균 (Mean): 16.63 ms/token
--------------------------------------------------
 Embedding Latency:
  - 총 샘플 수: 1800
  - 평균 (Mean): 7.37 ms
  - 중간값 (50%ile): 7.00 ms
  - 95%ile Tail: 9.00 ms
  - 99%ile Tail: 11.00 ms
--------------------------------------------------
 VectorDB Search Latency:
  - 총 샘플 수: 1800
  - 평균 (Mean): 13.97 ms
  - 중간값 (50%ile): 10.00 ms
  - 95%ile Tail: 19.00 ms
  - 99%ile Tail: 120.01 ms
--------------------------------------------------
 Document Search Latency:
  - 총 샘플 수: 1800
  - 평균 (Mean): 7.74 ms
  - 중간값 (50%ile): 8.00 ms
  - 95%ile Tail: 9.00 ms
  - 99%ile Tail: 12.00 ms
--------------------------------------------------
 Total Retrieval Latency:
  - 총 샘플 수: 1816
  - 평균 (Mean): 29.14 ms
  - 중간값 (50%ile): 25.00 ms
  - 95%ile Tail: 38.75 ms
  - 99%ile Tail: 136.85 ms
==================================================
