2025-10-02 07:45:57,463 - INFO - ReqGen 시작: 서버=163.152.48.109:9000, 클라이언트=2, 시간=630초
2025-10-02 07:45:57,463 - INFO - Hugging Face에서 'kroshan/BioASQ' 데이터셋을 로드합니다...
2025-10-02 07:46:04,644 - INFO - 3266개의 질문을 로드했습니다.
2025-10-02 07:46:04,645 - INFO - 부하 테스트 시작, client 수 = 2
2025-10-02 07:46:04,645 - INFO - Zipf 값 1.2에서 상위 20%의 질문이 차지하는 비율: 91.82%
통계에 반영된 요청 인덱스 범위: 0 ~ 126 (총 126개 요청)
통계 반영된 요청 수: 126, 통계 반영된 시간: 643.97 초

==================================================
 실험 최종 결과 요약
==================================================
 설정 실험 시간: 630 초
 Clients 수: 2
 통계 반영 시간: 643.97 초
 총 시도된 요청: 126 개
 총 완료된 요청: 126 개
 총 실패한 요청: 0 개
 완료 요청 중 retrieval이 실패한 요청: 0 개
 요청 성공률: 100.00%
 전체 Requests Per Second (RPS): 0.20
--------------------------------------------------
 Time to First Token (TTFT) Latency:
  - 평균 (Mean): 0.2371 초
  - 중간값 (50%ile): 0.1204 초
  - 최소값 (Min): 0.0481 초
  - 최대값 (Max): 2.5941 초
  - 95%ile Tail: 0.6993 초
  - 99%ile Tail: 2.1289 초
--------------------------------------------------
 Time Per Output Token (TPOT):
  - 평균 (Mean): 16.89 ms/token
--------------------------------------------------
 Embedding Latency:
  - 총 샘플 수: 89
  - 평균 (Mean): 12.02 ms
  - 중간값 (50%ile): 11.00 ms
  - 95%ile Tail: 22.20 ms
  - 99%ile Tail: 26.00 ms
--------------------------------------------------
 VectorDB Search Latency:
  - 총 샘플 수: 89
  - 평균 (Mean): 128.79 ms
  - 중간값 (50%ile): 12.00 ms
  - 95%ile Tail: 423.40 ms
  - 99%ile Tail: 2134.28 ms
--------------------------------------------------
 Document Search Latency:
  - 총 샘플 수: 89
  - 평균 (Mean): 7.91 ms
  - 중간값 (50%ile): 8.00 ms
  - 95%ile Tail: 9.00 ms
  - 99%ile Tail: 13.00 ms
--------------------------------------------------
 Total Retrieval Latency:
  - 총 샘플 수: 126
  - 평균 (Mean): 160.58 ms
  - 중간값 (50%ile): 35.00 ms
  - 95%ile Tail: 585.00 ms
  - 99%ile Tail: 1998.50 ms
==================================================
