2025-12-05 01:05:03,027 - INFO - ReqGen 시작: 서버=163.152.48.109:9000, 클라이언트=2, 시간=330초
2025-12-05 01:05:03,027 - INFO - Hugging Face에서 'kroshan/BioASQ' 데이터셋을 로드합니다...
2025-12-05 01:05:08,351 - INFO - 3266개의 질문을 로드했습니다.
2025-12-05 01:05:08,352 - INFO - 부하 테스트 시작, client 수 = 2
2025-12-05 01:05:08,352 - INFO - 클라이언트 0 시작
2025-12-05 01:05:08,352 - INFO - 클라이언트 0 요청: 질문 인덱스 1362
2025-12-05 01:05:08,353 - INFO - 클라이언트 1 시작
2025-12-05 01:05:08,353 - INFO - 클라이언트 1 요청: 질문 인덱스 1127
2025-12-05 01:05:20,916 - INFO - 클라이언트 0 요청: 질문 인덱스 1923
2025-12-05 01:05:22,365 - INFO - 클라이언트 1 요청: 질문 인덱스 2464
2025-12-05 01:05:30,615 - INFO - 클라이언트 1 요청: 질문 인덱스 358
2025-12-05 01:05:40,548 - INFO - 클라이언트 0 요청: 질문 인덱스 96
2025-12-05 01:05:49,215 - INFO - 클라이언트 1 요청: 질문 인덱스 2124
2025-12-05 01:06:02,624 - INFO - 클라이언트 0 요청: 질문 인덱스 1785
2025-12-05 01:06:10,545 - INFO - 클라이언트 1 요청: 질문 인덱스 1456
2025-12-05 01:06:12,279 - INFO - 클라이언트 0 요청: 질문 인덱스 2975
2025-12-05 01:06:27,146 - INFO - 클라이언트 1 요청: 질문 인덱스 2591
2025-12-05 01:06:27,353 - INFO - 클라이언트 0 요청: 질문 인덱스 316
2025-12-05 01:06:29,787 - INFO - 클라이언트 0 요청: 질문 인덱스 1538
2025-12-05 01:06:30,663 - INFO - 클라이언트 1 요청: 질문 인덱스 1710
2025-12-05 01:06:36,703 - INFO - 클라이언트 0 요청: 질문 인덱스 2645
2025-12-05 01:06:41,173 - INFO - 클라이언트 1 요청: 질문 인덱스 263
2025-12-05 01:06:43,242 - INFO - 클라이언트 0 요청: 질문 인덱스 1370
2025-12-05 01:06:55,730 - INFO - 클라이언트 1 요청: 질문 인덱스 197
2025-12-05 01:07:05,340 - INFO - 클라이언트 0 요청: 질문 인덱스 1666
2025-12-05 01:07:08,004 - INFO - 클라이언트 0 요청: 질문 인덱스 1696
2025-12-05 01:07:14,762 - INFO - 클라이언트 1 요청: 질문 인덱스 1774
2025-12-05 01:07:22,685 - INFO - 클라이언트 0 요청: 질문 인덱스 2982
2025-12-05 01:07:28,128 - INFO - 클라이언트 1 요청: 질문 인덱스 2641
2025-12-05 01:07:33,342 - INFO - 클라이언트 1 요청: 질문 인덱스 900
2025-12-05 01:07:35,727 - INFO - 클라이언트 1 요청: 질문 인덱스 308
2025-12-05 01:07:36,746 - INFO - 클라이언트 0 요청: 질문 인덱스 2537
2025-12-05 01:07:45,895 - INFO - 클라이언트 1 요청: 질문 인덱스 140
2025-12-05 01:07:51,156 - INFO - 클라이언트 1 요청: 질문 인덱스 2189
2025-12-05 01:07:56,550 - INFO - 클라이언트 1 요청: 질문 인덱스 1770
2025-12-05 01:08:00,677 - INFO - 클라이언트 0 요청: 질문 인덱스 2747
2025-12-05 01:08:11,123 - INFO - 클라이언트 1 요청: 질문 인덱스 2134
2025-12-05 01:08:14,669 - INFO - 클라이언트 0 요청: 질문 인덱스 1566
2025-12-05 01:08:15,448 - INFO - 클라이언트 1 요청: 질문 인덱스 666
2025-12-05 01:08:23,032 - INFO - 클라이언트 0 요청: 질문 인덱스 3155
2025-12-05 01:08:35,963 - INFO - 클라이언트 1 요청: 질문 인덱스 3007
2025-12-05 01:08:40,426 - INFO - 클라이언트 1 요청: 질문 인덱스 434
2025-12-05 01:08:44,876 - INFO - 클라이언트 0 요청: 질문 인덱스 2196
2025-12-05 01:08:47,071 - INFO - 클라이언트 0 요청: 질문 인덱스 2331
2025-12-05 01:08:52,604 - INFO - 클라이언트 0 요청: 질문 인덱스 1707
2025-12-05 01:08:57,621 - INFO - 클라이언트 1 요청: 질문 인덱스 1386
2025-12-05 01:09:01,082 - INFO - 클라이언트 0 요청: 질문 인덱스 2182
2025-12-05 01:09:13,303 - INFO - 클라이언트 1 요청: 질문 인덱스 1838
2025-12-05 01:09:21,334 - INFO - 클라이언트 0 요청: 질문 인덱스 1698
2025-12-05 01:09:27,940 - INFO - 클라이언트 1 요청: 질문 인덱스 2669
2025-12-05 01:09:37,418 - INFO - 클라이언트 0 요청: 질문 인덱스 1071
2025-12-05 01:09:45,439 - INFO - 클라이언트 1 요청: 질문 인덱스 2968
2025-12-05 01:10:00,216 - INFO - 클라이언트 0 요청: 질문 인덱스 2802
2025-12-05 01:10:04,867 - INFO - 클라이언트 1 요청: 질문 인덱스 1806
2025-12-05 01:10:10,520 - INFO - 클라이언트 0 요청: 질문 인덱스 2633
2025-12-05 01:10:13,006 - INFO - 클라이언트 1 요청: 질문 인덱스 1293
2025-12-05 01:10:18,053 - INFO - 클라이언트 0 요청: 질문 인덱스 2890
2025-12-05 01:10:32,096 - INFO - 클라이언트 1 요청: 질문 인덱스 1056
2025-12-05 01:10:34,961 - INFO - 클라이언트 0 요청: 질문 인덱스 2572
통계에 반영된 요청 인덱스 범위: 0 ~ 53 (총 53개 요청)
statistics_start_time이 설정되지 않았습니다.
statistics_end_time이 설정되지 않았습니다.
통계 반영된 요청 수: 53, 통계 반영된 시간: 348.93 초

==================================================
 실험 최종 결과 요약
==================================================
 설정 실험 시간: 330 초
 Clients 수: 2
 통계 반영 시간: 348.93 초
 총 시도된 요청: 53 개
 총 완료된 요청: 53 개
 총 실패한 요청: 0 개
 완료 요청 중 retrieval이 실패한 요청: 0 개
 요청 성공률: 100.00%
 전체 Requests Per Second (RPS): 0.15
--------------------------------------------------
 Time to First Token (TTFT) Latency:
  - 평균 (Mean): 3.2495 초
  - 중간값 (50%ile): 3.2396 초
  - 최소값 (Min): 1.4967 초
  - 최대값 (Max): 4.5488 초
  - 95%ile Tail: 4.4647 초
  - 99%ile Tail: 4.5221 초
--------------------------------------------------
 Time Per Output Token (TPOT):
  - 평균 (Mean): 17.21 ms/token
--------------------------------------------------
 Embedding Latency:
  - 총 샘플 수: 53
  - 평균 (Mean): 10.81 ms
  - 중간값 (50%ile): 10.00 ms
  - 95%ile Tail: 14.00 ms
  - 99%ile Tail: 16.44 ms
--------------------------------------------------
 VectorDB Search Latency:
  - 총 샘플 수: 53
  - 평균 (Mean): 3160.62 ms
  - 중간값 (50%ile): 3165.00 ms
  - 95%ile Tail: 4362.20 ms
  - 99%ile Tail: 4446.48 ms
--------------------------------------------------
 Document Search Latency:
  - 총 샘플 수: 53
  - 평균 (Mean): 9.43 ms
  - 중간값 (50%ile): 9.00 ms
  - 95%ile Tail: 13.40 ms
  - 99%ile Tail: 28.00 ms
--------------------------------------------------
 Total Retrieval Latency:
  - 총 샘플 수: 53
  - 평균 (Mean): 3180.87 ms
  - 중간값 (50%ile): 3186.00 ms
  - 95%ile Tail: 4382.80 ms
  - 99%ile Tail: 4468.32 ms
==================================================
