2025-11-20 19:16:20,253 - INFO - ReqGen 시작: 서버=163.152.48.109:9000, 클라이언트=8100, 시간=330초
2025-11-20 19:16:20,253 - INFO - Hugging Face에서 'kroshan/BioASQ' 데이터셋을 로드합니다...
2025-11-20 19:16:25,858 - INFO - 3266개의 질문을 로드했습니다.
2025-11-20 19:16:25,859 - INFO - 부하 테스트 시작, client 수 = 8100
2025-11-20 19:16:25,859 - INFO - Zipf 값 1.2에서 상위 20%의 질문이 차지하는 비율: 91.82%
2025-11-20 19:16:30,515 - INFO - [실시간] 요청 1000개 처리 | 현재까지의 RPS: 214.79최근 1000개 request의 p99 TTFT: 0.3060 초 | 
2025-11-20 19:16:33,146 - INFO - [실시간] 요청 2000개 처리 | 현재까지의 RPS: 274.44최근 1000개 request의 p99 TTFT: 0.2097 초 | 
2025-11-20 19:16:35,574 - INFO - [실시간] 요청 3000개 처리 | 현재까지의 RPS: 308.80최근 1000개 request의 p99 TTFT: 0.5420 초 | 
2025-11-20 19:16:37,758 - INFO - [실시간] 요청 4000개 처리 | 현재까지의 RPS: 336.16최근 1000개 request의 p99 TTFT: 0.5243 초 | 
2025-11-20 19:16:39,745 - INFO - [실시간] 요청 5000개 처리 | 현재까지의 RPS: 360.08최근 1000개 request의 p99 TTFT: 0.6227 초 | 
2025-11-20 19:16:41,926 - INFO - [실시간] 요청 6000개 처리 | 현재까지의 RPS: 373.42최근 1000개 request의 p99 TTFT: 0.7953 초 | 
2025-11-20 19:16:43,720 - INFO - [실시간] 요청 7000개 처리 | 현재까지의 RPS: 391.91최근 1000개 request의 p99 TTFT: 0.7319 초 | 
2025-11-20 19:16:45,479 - INFO - [실시간] 요청 8000개 처리 | 현재까지의 RPS: 407.75최근 1000개 request의 p99 TTFT: 1.1565 초 | 
2025-11-20 19:16:47,202 - INFO - [실시간] 요청 9000개 처리 | 현재까지의 RPS: 421.69최근 1000개 request의 p99 TTFT: 1.2266 초 | 
2025-11-20 19:16:49,336 - INFO - [실시간] 요청 10000개 처리 | 현재까지의 RPS: 425.94최근 1000개 request의 p99 TTFT: 0.6048 초 | 
2025-11-20 19:16:51,481 - INFO - [실시간] 요청 11000개 처리 | 현재까지의 RPS: 429.33최근 1000개 request의 p99 TTFT: 0.4536 초 | 
2025-11-20 19:16:53,505 - INFO - [실시간] 요청 12000개 처리 | 현재까지의 RPS: 434.05최근 1000개 request의 p99 TTFT: 0.2167 초 | 
2025-11-20 19:16:55,573 - INFO - [실시간] 요청 13000개 처리 | 현재까지의 RPS: 437.50최근 1000개 request의 p99 TTFT: 0.2046 초 | 
2025-11-20 19:16:57,595 - INFO - [실시간] 요청 14000개 처리 | 현재까지의 RPS: 441.14최근 1000개 request의 p99 TTFT: 0.6845 초 | 
2025-11-20 19:16:59,747 - INFO - [실시간] 요청 15000개 처리 | 현재까지의 RPS: 442.63최근 1000개 request의 p99 TTFT: 0.6208 초 | 
2025-11-20 19:17:01,704 - INFO - [실시간] 요청 16000개 처리 | 현재까지의 RPS: 446.36최근 1000개 request의 p99 TTFT: 0.7160 초 | 
2025-11-20 19:17:03,629 - INFO - [실시간] 요청 17000개 처리 | 현재까지의 RPS: 450.09최근 1000개 request의 p99 TTFT: 0.4854 초 | 
2025-11-20 19:17:05,638 - INFO - [실시간] 요청 18000개 처리 | 현재까지의 RPS: 452.50최근 1000개 request의 p99 TTFT: 0.2131 초 | 
2025-11-20 19:17:07,633 - INFO - [실시간] 요청 19000개 처리 | 현재까지의 RPS: 454.82최근 1000개 request의 p99 TTFT: 0.2110 초 | 
2025-11-20 19:17:09,814 - INFO - [실시간] 요청 20000개 처리 | 현재까지의 RPS: 455.01최근 1000개 request의 p99 TTFT: 0.5429 초 | 
2025-11-20 19:17:12,008 - INFO - [실시간] 요청 21000개 처리 | 현재까지의 RPS: 455.04최근 1000개 request의 p99 TTFT: 0.5783 초 | 
2025-11-20 19:17:13,938 - INFO - [실시간] 요청 22000개 처리 | 현재까지의 RPS: 457.58최근 1000개 request의 p99 TTFT: 0.6412 초 | 
2025-11-20 19:17:15,873 - INFO - [실시간] 요청 23000개 처리 | 현재까지의 RPS: 459.87최근 1000개 request의 p99 TTFT: 0.6427 초 | 
2025-11-20 19:17:17,912 - INFO - [실시간] 요청 24000개 처리 | 현재까지의 RPS: 461.07최근 1000개 request의 p99 TTFT: 0.2804 초 | 
2025-11-20 19:17:19,906 - INFO - [실시간] 요청 25000개 처리 | 현재까지의 RPS: 462.55최근 1000개 request의 p99 TTFT: 0.3176 초 | 
2025-11-20 19:17:21,982 - INFO - [실시간] 요청 26000개 처리 | 현재까지의 RPS: 463.26최근 1000개 request의 p99 TTFT: 0.3681 초 | 
2025-11-20 19:17:24,148 - INFO - [실시간] 요청 27000개 처리 | 현재까지의 RPS: 463.21최근 1000개 request의 p99 TTFT: 0.5024 초 | 
2025-11-20 19:17:26,020 - INFO - [실시간] 요청 28000개 처리 | 현재까지의 RPS: 465.42최근 1000개 request의 p99 TTFT: 1.0714 초 | 
2025-11-20 19:17:27,900 - INFO - [실시간] 요청 29000개 처리 | 현재까지의 RPS: 467.43최근 1000개 request의 p99 TTFT: 0.4702 초 | 
2025-11-20 19:17:29,691 - INFO - [실시간] 요청 30000개 처리 | 현재까지의 RPS: 469.98최근 1000개 request의 p99 TTFT: 0.3834 초 | 
2025-11-20 19:17:31,351 - INFO - [실시간] 요청 31000개 처리 | 현재까지의 RPS: 473.34최근 1000개 request의 p99 TTFT: 0.5165 초 | 
2025-11-20 19:17:33,328 - INFO - [실시간] 요청 32000개 처리 | 현재까지의 RPS: 474.29최근 1000개 request의 p99 TTFT: 0.6568 초 | 
2025-11-20 19:17:35,008 - INFO - [실시간] 요청 33000개 처리 | 현재까지의 RPS: 477.23최근 1000개 request의 p99 TTFT: 0.8411 초 | 
2025-11-20 19:17:36,716 - INFO - [실시간] 요청 34000개 처리 | 현재까지의 RPS: 479.83최근 1000개 request의 p99 TTFT: 0.5034 초 | 
2025-11-20 19:17:38,439 - INFO - [실시간] 요청 35000개 처리 | 현재까지의 RPS: 482.22최근 1000개 request의 p99 TTFT: 0.2871 초 | 
2025-11-20 19:17:40,169 - INFO - [실시간] 요청 36000개 처리 | 현재까지의 RPS: 484.45최근 1000개 request의 p99 TTFT: 0.5465 초 | 
2025-11-20 19:17:41,921 - INFO - [실시간] 요청 37000개 처리 | 현재까지의 RPS: 486.44최근 1000개 request의 p99 TTFT: 0.6978 초 | 
2025-11-20 19:17:43,452 - INFO - [실시간] 요청 38000개 처리 | 현재까지의 RPS: 489.74최근 1000개 request의 p99 TTFT: 0.6688 초 | 
2025-11-20 19:17:45,048 - INFO - [실시간] 요청 39000개 처리 | 현재까지의 RPS: 492.49최근 1000개 request의 p99 TTFT: 0.6092 초 | 
2025-11-20 19:17:46,562 - INFO - [실시간] 요청 40000개 처리 | 현재까지의 RPS: 495.64최근 1000개 request의 p99 TTFT: 0.5918 초 | 
2025-11-20 19:17:48,300 - INFO - [실시간] 요청 41000개 처리 | 현재까지의 RPS: 497.33최근 1000개 request의 p99 TTFT: 0.8440 초 | 
2025-11-20 19:17:49,856 - INFO - [실시간] 요청 42000개 처리 | 현재까지의 RPS: 500.02최근 1000개 request의 p99 TTFT: 0.8571 초 | 
2025-11-20 19:17:51,520 - INFO - [실시간] 요청 43000개 처리 | 현재까지의 RPS: 501.98최근 1000개 request의 p99 TTFT: 0.3540 초 | 
2025-11-20 19:17:53,206 - INFO - [실시간] 요청 44000개 처리 | 현재까지의 RPS: 503.74최근 1000개 request의 p99 TTFT: 0.2075 초 | 
2025-11-20 19:17:54,957 - INFO - [실시간] 요청 45000개 처리 | 현재까지의 RPS: 505.06최근 1000개 request의 p99 TTFT: 0.4561 초 | 
2025-11-20 19:17:56,797 - INFO - [실시간] 요청 46000개 처리 | 현재까지의 RPS: 505.84최근 1000개 request의 p99 TTFT: 1.0688 초 | 
2025-11-20 19:17:58,328 - INFO - [실시간] 요청 47000개 처리 | 현재까지의 RPS: 508.28최근 1000개 request의 p99 TTFT: 1.1602 초 | 
2025-11-20 19:17:59,993 - INFO - [실시간] 요청 48000개 처리 | 현재까지의 RPS: 509.91최근 1000개 request의 p99 TTFT: 0.2173 초 | 
2025-11-20 19:18:01,727 - INFO - [실시간] 요청 49000개 처리 | 현재까지의 RPS: 511.12최근 1000개 request의 p99 TTFT: 0.2669 초 | 
2025-11-20 19:18:03,347 - INFO - [실시간] 요청 50000개 처리 | 현재까지의 RPS: 512.88최근 1000개 request의 p99 TTFT: 0.6081 초 | 
2025-11-20 19:18:05,260 - INFO - [실시간] 요청 51000개 처리 | 현재까지의 RPS: 513.07최근 1000개 request의 p99 TTFT: 0.7329 초 | 
2025-11-20 19:18:06,723 - INFO - [실시간] 요청 52000개 처리 | 현재까지의 RPS: 515.55최근 1000개 request의 p99 TTFT: 0.9673 초 | 
2025-11-20 19:18:08,359 - INFO - [실시간] 요청 53000개 처리 | 현재까지의 RPS: 517.07최근 1000개 request의 p99 TTFT: 0.5122 초 | 
2025-11-20 19:18:10,060 - INFO - [실시간] 요청 54000개 처리 | 현재까지의 RPS: 518.23최근 1000개 request의 p99 TTFT: 0.6172 초 | 
2025-11-20 19:18:11,707 - INFO - [실시간] 요청 55000개 처리 | 현재까지의 RPS: 519.61최근 1000개 request의 p99 TTFT: 0.4211 초 | 
2025-11-20 19:18:13,614 - INFO - [실시간] 요청 56000개 처리 | 현재까지의 RPS: 519.70최근 1000개 request의 p99 TTFT: 0.4110 초 | 
2025-11-20 19:18:15,286 - INFO - [실시간] 요청 57000개 처리 | 현재까지의 RPS: 520.89최근 1000개 request의 p99 TTFT: 1.0211 초 | 
2025-11-20 19:18:16,860 - INFO - [실시간] 요청 58000개 처리 | 현재까지의 RPS: 522.51최근 1000개 request의 p99 TTFT: 0.9117 초 | 
2025-11-20 19:18:18,515 - INFO - [실시간] 요청 59000개 처리 | 현재까지의 RPS: 523.72최근 1000개 request의 p99 TTFT: 0.2452 초 | 
2025-11-20 19:18:20,291 - INFO - [실시간] 요청 60000개 처리 | 현재까지의 RPS: 524.33최근 1000개 request의 p99 TTFT: 0.3956 초 | 
2025-11-20 19:18:22,274 - INFO - [실시간] 요청 61000개 처리 | 현재까지의 RPS: 523.98최근 1000개 request의 p99 TTFT: 0.4790 초 | 
2025-11-20 19:18:23,868 - INFO - [실시간] 요청 62000개 처리 | 현재까지의 RPS: 525.38최근 1000개 request의 p99 TTFT: 0.7282 초 | 
2025-11-20 19:18:25,337 - INFO - [실시간] 요청 63000개 처리 | 현재까지의 RPS: 527.29최근 1000개 request의 p99 TTFT: 0.7999 초 | 
2025-11-20 19:18:26,832 - INFO - [실시간] 요청 64000개 처리 | 현재까지의 RPS: 529.04최근 1000개 request의 p99 TTFT: 0.5950 초 | 
2025-11-20 19:18:28,371 - INFO - [실시간] 요청 65000개 처리 | 현재까지의 RPS: 530.56최근 1000개 request의 p99 TTFT: 0.3165 초 | 
2025-11-20 19:18:29,992 - INFO - [실시간] 요청 66000개 처리 | 현재까지의 RPS: 531.69최근 1000개 request의 p99 TTFT: 0.3202 초 | 
2025-11-20 19:18:31,676 - INFO - [실시간] 요청 67000개 처리 | 현재까지의 RPS: 532.52최근 1000개 request의 p99 TTFT: 0.5709 초 | 
2025-11-20 19:18:33,381 - INFO - [실시간] 요청 68000개 처리 | 현재까지의 RPS: 533.24최근 1000개 request의 p99 TTFT: 0.9033 초 | 
2025-11-20 19:18:34,829 - INFO - [실시간] 요청 69000개 처리 | 현재까지의 RPS: 535.01최근 1000개 request의 p99 TTFT: 0.8965 초 | 
2025-11-20 19:18:36,322 - INFO - [실시간] 요청 70000개 처리 | 현재까지의 RPS: 536.55최근 1000개 request의 p99 TTFT: 0.5326 초 | 
2025-11-20 19:18:37,975 - INFO - [실시간] 요청 71000개 처리 | 현재까지의 RPS: 537.41최근 1000개 request의 p99 TTFT: 0.2266 초 | 
2025-11-20 19:18:39,721 - INFO - [실시간] 요청 72000개 처리 | 현재까지의 RPS: 537.87최근 1000개 request의 p99 TTFT: 0.6212 초 | 
2025-11-20 19:18:41,285 - INFO - [실시간] 요청 73000개 처리 | 현재까지의 RPS: 539.04최근 1000개 request의 p99 TTFT: 1.0140 초 | 
2025-11-20 19:18:42,786 - INFO - [실시간] 요청 74000개 처리 | 현재까지의 RPS: 540.43최근 1000개 request의 p99 TTFT: 1.3159 초 | 
2025-11-20 19:18:44,228 - INFO - [실시간] 요청 75000개 처리 | 현재까지의 RPS: 542.03최근 1000개 request의 p99 TTFT: 0.7111 초 | 
2025-11-20 19:18:45,670 - INFO - [실시간] 요청 76000개 처리 | 현재까지의 RPS: 543.59최근 1000개 request의 p99 TTFT: 0.7277 초 | 
2025-11-20 19:18:47,396 - INFO - [실시간] 요청 77000개 처리 | 현재까지의 RPS: 544.03최근 1000개 request의 p99 TTFT: 1.1871 초 | 
2025-11-20 19:18:48,885 - INFO - [실시간] 요청 78000개 처리 | 현재까지의 RPS: 545.35최근 1000개 request의 p99 TTFT: 1.2963 초 | 
2025-11-20 19:18:50,273 - INFO - [실시간] 요청 79000개 처리 | 현재까지의 RPS: 547.04최근 1000개 request의 p99 TTFT: 1.2457 초 | 
2025-11-20 19:18:51,781 - INFO - [실시간] 요청 80000개 처리 | 현재까지의 RPS: 548.24최근 1000개 request의 p99 TTFT: 0.4390 초 | 
2025-11-20 19:18:53,514 - INFO - [실시간] 요청 81000개 처리 | 현재까지의 RPS: 548.58최근 1000개 request의 p99 TTFT: 0.5356 초 | 
2025-11-20 19:18:55,184 - INFO - [실시간] 요청 82000개 처리 | 현재까지의 RPS: 549.14최근 1000개 request의 p99 TTFT: 1.2958 초 | 
2025-11-20 19:18:56,556 - INFO - [실시간] 요청 83000개 처리 | 현재까지의 RPS: 550.77최근 1000개 request의 p99 TTFT: 1.2227 초 | 
2025-11-20 19:18:58,053 - INFO - [실시간] 요청 84000개 처리 | 현재까지의 RPS: 551.93최근 1000개 request의 p99 TTFT: 0.5958 초 | 
2025-11-20 19:18:59,540 - INFO - [실시간] 요청 85000개 처리 | 현재까지의 RPS: 553.09최근 1000개 request의 p99 TTFT: 0.5270 초 | 
2025-11-20 19:19:01,119 - INFO - [실시간] 요청 86000개 처리 | 현재까지의 RPS: 553.91최근 1000개 request의 p99 TTFT: 0.2730 초 | 
2025-11-20 19:19:02,909 - INFO - [실시간] 요청 87000개 처리 | 현재까지의 RPS: 553.96최근 1000개 request의 p99 TTFT: 0.9087 초 | 
2025-11-20 19:19:04,369 - INFO - [실시간] 요청 88000개 처리 | 현재까지의 RPS: 555.17최근 1000개 request의 p99 TTFT: 1.0655 초 | 
2025-11-20 19:19:05,810 - INFO - [실시간] 요청 89000개 처리 | 현재까지의 RPS: 556.42최근 1000개 request의 p99 TTFT: 0.9018 초 | 
2025-11-20 19:19:07,272 - INFO - [실시간] 요청 90000개 처리 | 현재까지의 RPS: 557.58최근 1000개 request의 p99 TTFT: 0.3756 초 | 
2025-11-20 19:19:08,852 - INFO - [실시간] 요청 91000개 처리 | 현재까지의 RPS: 558.31최근 1000개 request의 p99 TTFT: 0.4746 초 | 
2025-11-20 19:19:10,522 - INFO - [실시간] 요청 92000개 처리 | 현재까지의 RPS: 558.71최근 1000개 request의 p99 TTFT: 0.6935 초 | 
2025-11-20 19:19:12,054 - INFO - [실시간] 요청 93000개 처리 | 현재까지의 RPS: 559.58최근 1000개 request의 p99 TTFT: 1.3255 초 | 
2025-11-20 19:19:13,555 - INFO - [실시간] 요청 94000개 처리 | 현재까지의 RPS: 560.54최근 1000개 request의 p99 TTFT: 1.3140 초 | 
2025-11-20 19:19:15,113 - INFO - [실시간] 요청 95000개 처리 | 현재까지의 RPS: 561.29최근 1000개 request의 p99 TTFT: 0.2306 초 | 
2025-11-20 19:19:16,693 - INFO - [실시간] 요청 96000개 처리 | 현재까지의 RPS: 561.95최근 1000개 request의 p99 TTFT: 0.2324 초 | 
2025-11-20 19:19:18,254 - INFO - [실시간] 요청 97000개 처리 | 현재까지의 RPS: 562.66최근 1000개 request의 p99 TTFT: 0.4924 초 | 
2025-11-20 19:19:20,020 - INFO - [실시간] 요청 98000개 처리 | 현재까지의 RPS: 562.70최근 1000개 request의 p99 TTFT: 0.8556 초 | 
2025-11-20 19:19:21,488 - INFO - [실시간] 요청 99000개 처리 | 현재까지의 RPS: 563.69최근 1000개 request의 p99 TTFT: 0.8946 초 | 
2025-11-20 19:19:23,099 - INFO - [실시간] 요청 100000개 처리 | 현재까지의 RPS: 564.21최근 1000개 request의 p99 TTFT: 0.4304 초 | 
2025-11-20 19:19:24,618 - INFO - [실시간] 요청 101000개 처리 | 현재까지의 RPS: 565.01최근 1000개 request의 p99 TTFT: 0.5366 초 | 
2025-11-20 19:19:26,117 - INFO - [실시간] 요청 102000개 처리 | 현재까지의 RPS: 565.85최근 1000개 request의 p99 TTFT: 0.5617 초 | 
2025-11-20 19:19:27,880 - INFO - [실시간] 요청 103000개 처리 | 현재까지의 RPS: 565.87최근 1000개 request의 p99 TTFT: 0.5481 초 | 
2025-11-20 19:19:29,409 - INFO - [실시간] 요청 104000개 처리 | 현재까지의 RPS: 566.60최근 1000개 request의 p99 TTFT: 1.3306 초 | 
2025-11-20 19:19:30,843 - INFO - [실시간] 요청 105000개 처리 | 현재까지의 RPS: 567.62최근 1000개 request의 p99 TTFT: 1.2176 초 | 
2025-11-20 19:19:32,370 - INFO - [실시간] 요청 106000개 처리 | 현재까지의 RPS: 568.33최근 1000개 request의 p99 TTFT: 0.2987 초 | 
2025-11-20 19:19:34,255 - INFO - [실시간] 요청 107000개 처리 | 현재까지의 RPS: 567.95최근 1000개 request의 p99 TTFT: 0.7726 초 | 
2025-11-20 19:19:35,649 - INFO - [실시간] 요청 108000개 처리 | 현재까지의 RPS: 569.05최근 1000개 request의 p99 TTFT: 0.8614 초 | 
2025-11-20 19:19:37,173 - INFO - [실시간] 요청 109000개 처리 | 현재까지의 RPS: 569.74최근 1000개 request의 p99 TTFT: 1.6706 초 | 
2025-11-20 19:19:38,649 - INFO - [실시간] 요청 110000개 처리 | 현재까지의 RPS: 570.57최근 1000개 request의 p99 TTFT: 1.6193 초 | 
2025-11-20 19:19:40,171 - INFO - [실시간] 요청 111000개 처리 | 현재까지의 RPS: 571.25최근 1000개 request의 p99 TTFT: 0.6338 초 | 
2025-11-20 19:19:41,729 - INFO - [실시간] 요청 112000개 처리 | 현재까지의 RPS: 571.81최근 1000개 request의 p99 TTFT: 0.6970 초 | 
2025-11-20 19:19:43,375 - INFO - [실시간] 요청 113000개 처리 | 현재까지의 RPS: 572.10최근 1000개 request의 p99 TTFT: 1.2624 초 | 
2025-11-20 19:19:44,835 - INFO - [실시간] 요청 114000개 처리 | 현재까지의 RPS: 572.93최근 1000개 request의 p99 TTFT: 1.4202 초 | 
2025-11-20 19:19:46,264 - INFO - [실시간] 요청 115000개 처리 | 현재까지의 RPS: 573.84최근 1000개 request의 p99 TTFT: 1.2460 초 | 
2025-11-20 19:19:47,806 - INFO - [실시간] 요청 116000개 처리 | 현재까지의 RPS: 574.41최근 1000개 request의 p99 TTFT: 1.0971 초 | 
2025-11-20 19:19:49,279 - INFO - [실시간] 요청 117000개 처리 | 현재까지의 RPS: 575.16최근 1000개 request의 p99 TTFT: 1.0128 초 | 
2025-11-20 19:19:50,701 - INFO - [실시간] 요청 118000개 처리 | 현재까지의 RPS: 576.05최근 1000개 request의 p99 TTFT: 1.1007 초 | 
2025-11-20 19:19:52,132 - INFO - [실시간] 요청 119000개 처리 | 현재까지의 RPS: 576.91최근 1000개 request의 p99 TTFT: 1.0023 초 | 
2025-11-20 19:19:53,601 - INFO - [실시간] 요청 120000개 처리 | 현재까지의 RPS: 577.64최근 1000개 request의 p99 TTFT: 0.6014 초 | 
2025-11-20 19:19:55,097 - INFO - [실시간] 요청 121000개 처리 | 현재까지의 RPS: 578.29최근 1000개 request의 p99 TTFT: 0.3134 초 | 
2025-11-20 19:19:56,662 - INFO - [실시간] 요청 122000개 처리 | 현재까지의 RPS: 578.74최근 1000개 request의 p99 TTFT: 0.6129 초 | 
2025-11-20 19:19:58,213 - INFO - [실시간] 요청 123000개 처리 | 현재까지의 RPS: 579.22최근 1000개 request의 p99 TTFT: 1.3301 초 | 
2025-11-20 19:19:59,706 - INFO - [실시간] 요청 124000개 처리 | 현재까지의 RPS: 579.85최근 1000개 request의 p99 TTFT: 1.7740 초 | 
2025-11-20 19:20:01,133 - INFO - [실시간] 요청 125000개 처리 | 현재까지의 RPS: 580.65최근 1000개 request의 p99 TTFT: 1.7036 초 | 
2025-11-20 19:20:02,568 - INFO - [실시간] 요청 126000개 처리 | 현재까지의 RPS: 581.42최근 1000개 request의 p99 TTFT: 1.1619 초 | 
2025-11-20 19:20:04,089 - INFO - [실시간] 요청 127000개 처리 | 현재까지의 RPS: 581.95최근 1000개 request의 p99 TTFT: 1.1758 초 | 
2025-11-20 19:20:05,686 - INFO - [실시간] 요청 128000개 처리 | 현재까지의 RPS: 582.28최근 1000개 request의 p99 TTFT: 0.9897 초 | 
2025-11-20 19:20:07,147 - INFO - [실시간] 요청 129000개 처리 | 현재까지의 RPS: 582.95최근 1000개 request의 p99 TTFT: 1.0804 초 | 
2025-11-20 19:20:08,578 - INFO - [실시간] 요청 130000개 처리 | 현재까지의 RPS: 583.69최근 1000개 request의 p99 TTFT: 1.0205 초 | 
2025-11-20 19:20:10,033 - INFO - [실시간] 요청 131000개 처리 | 현재까지의 RPS: 584.37최근 1000개 request의 p99 TTFT: 0.5706 초 | 
2025-11-20 19:20:11,495 - INFO - [실시간] 요청 132000개 처리 | 현재까지의 RPS: 585.01최근 1000개 request의 p99 TTFT: 0.4551 초 | 
2025-11-20 19:20:13,195 - INFO - [실시간] 요청 133000개 처리 | 현재까지의 RPS: 585.04최근 1000개 request의 p99 TTFT: 0.9460 초 | 
2025-11-20 19:20:14,663 - INFO - [실시간] 요청 134000개 처리 | 현재까지의 RPS: 585.65최근 1000개 request의 p99 TTFT: 1.3514 초 | 
2025-11-20 19:20:16,099 - INFO - [실시간] 요청 135000개 처리 | 현재까지의 RPS: 586.34최근 1000개 request의 p99 TTFT: 1.2935 초 | 
2025-11-20 19:20:17,578 - INFO - [실시간] 요청 136000개 처리 | 현재까지의 RPS: 586.92최근 1000개 request의 p99 TTFT: 0.8029 초 | 
2025-11-20 19:20:19,014 - INFO - [실시간] 요청 137000개 처리 | 현재까지의 RPS: 587.59최근 1000개 request의 p99 TTFT: 0.7065 초 | 
2025-11-20 19:20:20,708 - INFO - [실시간] 요청 138000개 처리 | 현재까지의 RPS: 587.61최근 1000개 request의 p99 TTFT: 0.6809 초 | 
2025-11-20 19:20:22,295 - INFO - [실시간] 요청 139000개 처리 | 현재까지의 RPS: 587.90최근 1000개 request의 p99 TTFT: 1.2884 초 | 
2025-11-20 19:20:23,658 - INFO - [실시간] 요청 140000개 처리 | 현재까지의 RPS: 588.73최근 1000개 request의 p99 TTFT: 1.3142 초 | 
2025-11-20 19:20:25,121 - INFO - [실시간] 요청 141000개 처리 | 현재까지의 RPS: 589.31최근 1000개 request의 p99 TTFT: 0.7162 초 | 
2025-11-20 19:20:26,672 - INFO - [실시간] 요청 142000개 처리 | 현재까지의 RPS: 589.67최근 1000개 request의 p99 TTFT: 0.5621 초 | 
2025-11-20 19:20:28,151 - INFO - [실시간] 요청 143000개 처리 | 현재까지의 RPS: 590.20최근 1000개 request의 p99 TTFT: 0.6104 초 | 
2025-11-20 19:20:29,874 - INFO - [실시간] 요청 144000개 처리 | 현재까지의 RPS: 590.13최근 1000개 request의 p99 TTFT: 1.3234 초 | 
2025-11-20 19:20:31,344 - INFO - [실시간] 요청 145000개 처리 | 현재까지의 RPS: 590.67최근 1000개 request의 p99 TTFT: 1.7245 초 | 
2025-11-20 19:20:32,854 - INFO - [실시간] 요청 146000개 처리 | 현재까지의 RPS: 591.11최근 1000개 request의 p99 TTFT: 1.3823 초 | 
2025-11-20 19:20:34,295 - INFO - [실시간] 요청 147000개 처리 | 현재까지의 RPS: 591.70최근 1000개 request의 p99 TTFT: 0.6590 초 | 
2025-11-20 19:20:35,892 - INFO - [실시간] 요청 148000개 처리 | 현재까지의 RPS: 591.92최근 1000개 request의 p99 TTFT: 0.9652 초 | 
2025-11-20 19:20:37,388 - INFO - [실시간] 요청 149000개 처리 | 현재까지의 RPS: 592.38최근 1000개 request의 p99 TTFT: 1.2644 초 | 
2025-11-20 19:20:38,781 - INFO - [실시간] 요청 150000개 처리 | 현재까지의 RPS: 593.07최근 1000개 request의 p99 TTFT: 1.5962 초 | 
2025-11-20 19:20:40,234 - INFO - [실시간] 요청 151000개 처리 | 현재까지의 RPS: 593.61최근 1000개 request의 p99 TTFT: 1.5146 초 | 
2025-11-20 19:20:41,717 - INFO - [실시간] 요청 152000개 처리 | 현재까지의 RPS: 594.08최근 1000개 request의 p99 TTFT: 0.8566 초 | 
2025-11-20 19:20:43,499 - INFO - [실시간] 요청 153000개 처리 | 현재까지의 RPS: 593.85최근 1000개 request의 p99 TTFT: 0.6499 초 | 
2025-11-20 19:20:44,890 - INFO - [실시간] 요청 154000개 처리 | 현재까지의 RPS: 594.52최근 1000개 request의 p99 TTFT: 1.5259 초 | 
2025-11-20 19:20:46,315 - INFO - [실시간] 요청 155000개 처리 | 현재까지의 RPS: 595.11최근 1000개 request의 p99 TTFT: 1.5401 초 | 
2025-11-20 19:20:47,776 - INFO - [실시간] 요청 156000개 처리 | 현재까지의 RPS: 595.61최근 1000개 request의 p99 TTFT: 1.6362 초 | 
2025-11-20 19:20:49,228 - INFO - [실시간] 요청 157000개 처리 | 현재까지의 RPS: 596.12최근 1000개 request의 p99 TTFT: 1.4846 초 | 
2025-11-20 19:20:50,864 - INFO - [실시간] 요청 158000개 처리 | 현재까지의 RPS: 596.21최근 1000개 request의 p99 TTFT: 1.2620 초 | 
Exception ignored in: <function ClientResponse.__del__ at 0x7f7397162ef0>
Traceback (most recent call last):
  File "/home/comsys/.local/lib/python3.10/site-packages/aiohttp/client_reqrep.py", line 886, in __del__
    def __del__(self, _warnings: Any = warnings) -> None:
KeyboardInterrupt: 
Traceback (most recent call last):
  File "/home/comsys/sungsu/CXLSharedMemGPU/ReqGen/main.py", line 412, in <module>
    main()
  File "/home/comsys/sungsu/CXLSharedMemGPU/ReqGen/main.py", line 409, in main
    asyncio.run(reqgen.run())
  File "/usr/lib/python3.10/asyncio/runners.py", line 44, in run
    return loop.run_until_complete(main)
  File "/usr/lib/python3.10/asyncio/base_events.py", line 636, in run_until_complete
    self.run_forever()
  File "/usr/lib/python3.10/asyncio/base_events.py", line 603, in run_forever
    self._run_once()
  File "/usr/lib/python3.10/asyncio/base_events.py", line 1871, in _run_once
    event_list = self._selector.select(timeout)
  File "/usr/lib/python3.10/selectors.py", line 469, in select
    fd_event_list = self._selector.poll(timeout, max_ev)
KeyboardInterrupt
