2025-11-20 19:09:39,830 - INFO - ReqGen 시작: 서버=163.152.48.109:9000, 클라이언트=8000, 시간=330초
2025-11-20 19:09:39,830 - INFO - Hugging Face에서 'kroshan/BioASQ' 데이터셋을 로드합니다...
2025-11-20 19:09:49,972 - INFO - 3266개의 질문을 로드했습니다.
2025-11-20 19:09:49,972 - INFO - 부하 테스트 시작, client 수 = 8000
2025-11-20 19:09:49,972 - INFO - Zipf 값 1.2에서 상위 20%의 질문이 차지하는 비율: 91.82%
2025-11-20 19:09:54,749 - INFO - [실시간] 요청 1000개 처리 | 현재까지의 RPS: 209.35최근 1000개 request의 p99 TTFT: 0.2386 초 | 
2025-11-20 19:09:57,275 - INFO - [실시간] 요청 2000개 처리 | 현재까지의 RPS: 273.87최근 1000개 request의 p99 TTFT: 0.3551 초 | 
2025-11-20 19:09:59,499 - INFO - [실시간] 요청 3000개 처리 | 현재까지의 RPS: 314.88최근 1000개 request의 p99 TTFT: 0.4018 초 | 
2025-11-20 19:10:01,653 - INFO - [실시간] 요청 4000개 처리 | 현재까지의 RPS: 342.43최근 1000개 request의 p99 TTFT: 0.5523 초 | 
2025-11-20 19:10:03,662 - INFO - [실시간] 요청 5000개 처리 | 현재까지의 RPS: 365.25최근 1000개 request의 p99 TTFT: 0.4211 초 | 
2025-11-20 19:10:05,719 - INFO - [실시간] 요청 6000개 처리 | 현재까지의 RPS: 381.02최근 1000개 request의 p99 TTFT: 0.4497 초 | 
2025-11-20 19:10:07,483 - INFO - [실시간] 요청 7000개 처리 | 현재까지의 RPS: 399.76최근 1000개 request의 p99 TTFT: 1.1476 초 | 
2025-11-20 19:10:09,273 - INFO - [실시간] 요청 8000개 처리 | 현재까지의 RPS: 414.49최근 1000개 request의 p99 TTFT: 1.1339 초 | 
2025-11-20 19:10:10,913 - INFO - [실시간] 요청 9000개 처리 | 현재까지의 RPS: 429.78최근 1000개 request의 p99 TTFT: 1.1265 초 | 
2025-11-20 19:10:13,187 - INFO - [실시간] 요청 10000개 처리 | 현재까지의 RPS: 430.76최근 1000개 request의 p99 TTFT: 0.4631 초 | 
2025-11-20 19:10:15,278 - INFO - [실시간] 요청 11000개 처리 | 현재까지의 RPS: 434.68최근 1000개 request의 p99 TTFT: 0.5175 초 | 
2025-11-20 19:10:17,447 - INFO - [실시간] 요청 12000개 처리 | 현재까지의 RPS: 436.77최근 1000개 request의 p99 TTFT: 0.3428 초 | 
2025-11-20 19:10:19,442 - INFO - [실시간] 요청 13000개 처리 | 현재까지의 RPS: 441.13최근 1000개 request의 p99 TTFT: 0.3879 초 | 
2025-11-20 19:10:21,331 - INFO - [실시간] 요청 14000개 처리 | 현재까지의 RPS: 446.44최근 1000개 request의 p99 TTFT: 0.2198 초 | 
2025-11-20 19:10:23,346 - INFO - [실시간] 요청 15000개 처리 | 현재까지의 RPS: 449.45최근 1000개 request의 p99 TTFT: 0.2381 초 | 
2025-11-20 19:10:25,370 - INFO - [실시간] 요청 16000개 처리 | 현재까지의 RPS: 452.00최근 1000개 request의 p99 TTFT: 0.4185 초 | 
2025-11-20 19:10:27,236 - INFO - [실시간] 요청 17000개 처리 | 현재까지의 RPS: 456.20최근 1000개 request의 p99 TTFT: 0.7187 초 | 
2025-11-20 19:10:29,297 - INFO - [실시간] 요청 18000개 처리 | 현재까지의 RPS: 457.72최근 1000개 request의 p99 TTFT: 0.2447 초 | 
2025-11-20 19:10:31,254 - INFO - [실시간] 요청 19000개 처리 | 현재까지의 RPS: 460.25최근 1000개 request의 p99 TTFT: 0.2049 초 | 
2025-11-20 19:10:33,354 - INFO - [실시간] 요청 20000개 처리 | 현재까지의 RPS: 461.02최근 1000개 request의 p99 TTFT: 0.4159 초 | 
2025-11-20 19:10:35,339 - INFO - [실시간] 요청 21000개 처리 | 현재까지의 RPS: 462.89최근 1000개 request의 p99 TTFT: 0.2702 초 | 
2025-11-20 19:10:37,459 - INFO - [실시간] 요청 22000개 처리 | 현재까지의 RPS: 463.28최근 1000개 request의 p99 TTFT: 0.5381 초 | 
2025-11-20 19:10:39,389 - INFO - [실시간] 요청 23000개 처리 | 현재까지의 RPS: 465.43최근 1000개 request의 p99 TTFT: 0.6465 초 | 
2025-11-20 19:10:41,348 - INFO - [실시간] 요청 24000개 처리 | 현재까지의 RPS: 467.14최근 1000개 request의 p99 TTFT: 0.3823 초 | 
2025-11-20 19:10:43,309 - INFO - [실시간] 요청 25000개 처리 | 현재까지의 RPS: 468.72최근 1000개 request의 p99 TTFT: 0.1934 초 | 
2025-11-20 19:10:45,406 - INFO - [실시간] 요청 26000개 처리 | 현재까지의 RPS: 469.03최근 1000개 request의 p99 TTFT: 0.2009 초 | 
2025-11-20 19:10:47,711 - INFO - [실시간] 요청 27000개 처리 | 현재까지의 RPS: 467.63최근 1000개 request의 p99 TTFT: 0.3934 초 | 
2025-11-20 19:10:49,640 - INFO - [실시간] 요청 28000개 처리 | 현재까지의 RPS: 469.27최근 1000개 request의 p99 TTFT: 0.8247 초 | 
2025-11-20 19:10:51,439 - INFO - [실시간] 요청 29000개 처리 | 현재까지의 RPS: 471.80최근 1000개 request의 p99 TTFT: 0.7845 초 | 
2025-11-20 19:10:53,109 - INFO - [실시간] 요청 30000개 처리 | 현재까지의 RPS: 475.16최근 1000개 request의 p99 TTFT: 0.2971 초 | 
2025-11-20 19:10:54,849 - INFO - [실시간] 요청 31000개 처리 | 현재까지의 RPS: 477.83최근 1000개 request의 p99 TTFT: 0.4515 초 | 
2025-11-20 19:10:56,693 - INFO - [실시간] 요청 32000개 처리 | 현재까지의 RPS: 479.61최근 1000개 request의 p99 TTFT: 0.4900 초 | 
2025-11-20 19:10:58,539 - INFO - [실시간] 요청 33000개 처리 | 현재까지의 RPS: 481.28최근 1000개 request의 p99 TTFT: 0.7392 초 | 
2025-11-20 19:11:00,208 - INFO - [실시간] 요청 34000개 처리 | 현재까지의 RPS: 484.08최근 1000개 request의 p99 TTFT: 0.7691 초 | 
2025-11-20 19:11:01,862 - INFO - [실시간] 요청 35000개 처리 | 현재까지의 RPS: 486.85최근 1000개 request의 p99 TTFT: 0.3503 초 | 
2025-11-20 19:11:03,471 - INFO - [실시간] 요청 36000개 처리 | 현재까지의 RPS: 489.80최근 1000개 request의 p99 TTFT: 0.2209 초 | 
2025-11-20 19:11:05,155 - INFO - [실시간] 요청 37000개 처리 | 현재까지의 RPS: 492.13최근 1000개 request의 p99 TTFT: 0.3810 초 | 
2025-11-20 19:11:07,015 - INFO - [실시간] 요청 38000개 처리 | 현재까지의 RPS: 493.23최근 1000개 request의 p99 TTFT: 0.9333 초 | 
2025-11-20 19:11:08,495 - INFO - [실시간] 요청 39000개 처리 | 현재까지의 RPS: 496.67최근 1000개 request의 p99 TTFT: 0.8436 초 | 
2025-11-20 19:11:09,935 - INFO - [실시간] 요청 40000개 처리 | 현재까지의 RPS: 500.23최근 1000개 request의 p99 TTFT: 0.2302 초 | 
2025-11-20 19:11:11,684 - INFO - [실시간] 요청 41000개 처리 | 현재까지의 RPS: 501.76최근 1000개 request의 p99 TTFT: 0.7379 초 | 
2025-11-20 19:11:13,220 - INFO - [실시간] 요청 42000개 처리 | 현재까지의 RPS: 504.52최근 1000개 request의 p99 TTFT: 0.9711 초 | 
2025-11-20 19:11:14,974 - INFO - [실시간] 요청 43000개 처리 | 현재까지의 RPS: 505.87최근 1000개 request의 p99 TTFT: 0.3939 초 | 
2025-11-20 19:11:16,713 - INFO - [실시간] 요청 44000개 처리 | 현재까지의 RPS: 507.26최근 1000개 request의 p99 TTFT: 0.1922 초 | 
2025-11-20 19:11:18,322 - INFO - [실시간] 요청 45000개 처리 | 현재까지의 RPS: 509.34최근 1000개 request의 p99 TTFT: 0.2270 초 | 
2025-11-20 19:11:20,113 - INFO - [실시간] 요청 46000개 처리 | 현재까지의 RPS: 510.31최근 1000개 request의 p99 TTFT: 0.5092 초 | 
2025-11-20 19:11:21,770 - INFO - [실시간] 요청 47000개 처리 | 현재까지의 RPS: 511.99최근 1000개 request의 p99 TTFT: 0.6959 초 | 
2025-11-20 19:11:23,504 - INFO - [실시간] 요청 48000개 처리 | 현재까지의 RPS: 513.19최근 1000개 request의 p99 TTFT: 0.6599 초 | 
2025-11-20 19:11:25,097 - INFO - [실시간] 요청 49000개 처리 | 현재까지의 RPS: 515.11최근 1000개 request의 p99 TTFT: 0.5267 초 | 
2025-11-20 19:11:26,737 - INFO - [실시간] 요청 50000개 처리 | 현재까지의 RPS: 516.71최근 1000개 request의 p99 TTFT: 0.5984 초 | 
2025-11-20 19:11:28,383 - INFO - [실시간] 요청 51000개 처리 | 현재까지의 RPS: 518.24최근 1000개 request의 p99 TTFT: 0.2161 초 | 
2025-11-20 19:11:30,367 - INFO - [실시간] 요청 52000개 처리 | 현재까지의 RPS: 517.96최근 1000개 request의 p99 TTFT: 0.6787 초 | 
2025-11-20 19:11:31,956 - INFO - [실시간] 요청 53000개 처리 | 현재까지의 RPS: 519.69최근 1000개 request의 p99 TTFT: 0.8282 초 | 
2025-11-20 19:11:33,571 - INFO - [실시간] 요청 54000개 처리 | 현재까지의 RPS: 521.24최근 1000개 request의 p99 TTFT: 0.3572 초 | 
2025-11-20 19:11:35,440 - INFO - [실시간] 요청 55000개 처리 | 현재까지의 RPS: 521.49최근 1000개 request의 p99 TTFT: 0.1901 초 | 
2025-11-20 19:11:37,087 - INFO - [실시간] 요청 56000개 처리 | 현재까지의 RPS: 522.81최근 1000개 request의 p99 TTFT: 0.2010 초 | 
2025-11-20 19:11:39,035 - INFO - [실시간] 요청 57000개 처리 | 현재까지의 RPS: 522.63최근 1000개 request의 p99 TTFT: 0.5721 초 | 
2025-11-20 19:11:40,621 - INFO - [실시간] 요청 58000개 처리 | 현재까지의 RPS: 524.18최근 1000개 request의 p99 TTFT: 0.7547 초 | 
2025-11-20 19:11:42,354 - INFO - [실시간] 요청 59000개 처리 | 현재까지의 RPS: 525.00최근 1000개 request의 p99 TTFT: 0.4193 초 | 
2025-11-20 19:11:43,951 - INFO - [실시간] 요청 60000개 처리 | 현재까지의 RPS: 526.41최근 1000개 request의 p99 TTFT: 0.2046 초 | 
2025-11-20 19:11:45,688 - INFO - [실시간] 요청 61000개 처리 | 현재까지의 RPS: 527.15최근 1000개 request의 p99 TTFT: 0.1956 초 | 
2025-11-20 19:11:47,582 - INFO - [실시간] 요청 62000개 처리 | 현재까지의 RPS: 527.17최근 1000개 request의 p99 TTFT: 0.5039 초 | 
2025-11-20 19:11:49,216 - INFO - [실시간] 요청 63000개 처리 | 현재까지의 RPS: 528.33최근 1000개 request의 p99 TTFT: 1.1829 초 | 
2025-11-20 19:11:50,830 - INFO - [실시간] 요청 64000개 처리 | 현재까지의 RPS: 529.55최근 1000개 request의 p99 TTFT: 1.1420 초 | 
2025-11-20 19:11:52,337 - INFO - [실시간] 요청 65000개 처리 | 현재까지의 RPS: 531.20최근 1000개 request의 p99 TTFT: 0.5117 초 | 
2025-11-20 19:11:53,914 - INFO - [실시간] 요청 66000개 처리 | 현재까지의 RPS: 532.51최근 1000개 request의 p99 TTFT: 0.3428 초 | 
2025-11-20 19:11:55,662 - INFO - [실시간] 요청 67000개 처리 | 현재까지의 RPS: 533.06최근 1000개 request의 p99 TTFT: 0.4470 초 | 
2025-11-20 19:11:57,424 - INFO - [실시간] 요청 68000개 처리 | 현재까지의 RPS: 533.53최근 1000개 request의 p99 TTFT: 0.7832 초 | 
2025-11-20 19:11:58,960 - INFO - [실시간] 요청 69000개 처리 | 현재까지의 RPS: 534.93최근 1000개 request의 p99 TTFT: 0.7195 초 | 
2025-11-20 19:12:00,495 - INFO - [실시간] 요청 70000개 처리 | 현재까지의 RPS: 536.30최근 1000개 request의 p99 TTFT: 0.2519 초 | 
2025-11-20 19:12:02,169 - INFO - [실시간] 요청 71000개 처리 | 현재까지의 RPS: 537.08최근 1000개 request의 p99 TTFT: 0.3398 초 | 
2025-11-20 19:12:03,731 - INFO - [실시간] 요청 72000개 처리 | 현재까지의 RPS: 538.28최근 1000개 request의 p99 TTFT: 0.2440 초 | 
2025-11-20 19:12:05,657 - INFO - [실시간] 요청 73000개 처리 | 현재까지의 RPS: 538.01최근 1000개 request의 p99 TTFT: 0.8960 초 | 
2025-11-20 19:12:07,016 - INFO - [실시간] 요청 74000개 처리 | 현재까지의 RPS: 539.97최근 1000개 request의 p99 TTFT: 1.0309 초 | 
2025-11-20 19:12:08,502 - INFO - [실시간] 요청 75000개 처리 | 현재까지의 RPS: 541.40최근 1000개 request의 p99 TTFT: 0.4420 초 | 
2025-11-20 19:12:09,893 - INFO - [실시간] 요청 76000개 처리 | 현재까지의 RPS: 543.17최근 1000개 request의 p99 TTFT: 0.3859 초 | 
2025-11-20 19:12:11,624 - INFO - [실시간] 요청 77000개 처리 | 현재까지의 RPS: 543.59최근 1000개 request의 p99 TTFT: 0.6260 초 | 
2025-11-20 19:12:13,079 - INFO - [실시간] 요청 78000개 처리 | 현재까지의 RPS: 545.05최근 1000개 request의 p99 TTFT: 1.0455 초 | 
2025-11-20 19:12:14,635 - INFO - [실시간] 요청 79000개 처리 | 현재까지의 RPS: 546.10최근 1000개 request의 p99 TTFT: 0.6603 초 | 
2025-11-20 19:12:16,165 - INFO - [실시간] 요청 80000개 처리 | 현재까지의 RPS: 547.22최근 1000개 request의 p99 TTFT: 0.2209 초 | 
2025-11-20 19:12:17,757 - INFO - [실시간] 요청 81000개 처리 | 현재까지의 RPS: 548.09최근 1000개 request의 p99 TTFT: 0.2202 초 | 
2025-11-20 19:12:19,329 - INFO - [실시간] 요청 82000개 처리 | 현재까지의 RPS: 549.02최근 1000개 request의 p99 TTFT: 0.3426 초 | 
2025-11-20 19:12:21,076 - INFO - [실시간] 요청 83000개 처리 | 현재까지의 RPS: 549.29최근 1000개 request의 p99 TTFT: 1.1620 초 | 
2025-11-20 19:12:22,490 - INFO - [실시간] 요청 84000개 처리 | 현재까지의 RPS: 550.75최근 1000개 request의 p99 TTFT: 1.0162 초 | 
2025-11-20 19:12:24,115 - INFO - [실시간] 요청 85000개 처리 | 현재까지의 RPS: 551.44최근 1000개 request의 p99 TTFT: 0.3585 초 | 
2025-11-20 19:12:25,571 - INFO - [실시간] 요청 86000개 처리 | 현재까지의 RPS: 552.70최근 1000개 request의 p99 TTFT: 0.2201 초 | 
2025-11-20 19:12:27,288 - INFO - [실시간] 요청 87000개 처리 | 현재까지의 RPS: 553.03최근 1000개 request의 p99 TTFT: 0.2587 초 | 
2025-11-20 19:12:29,043 - INFO - [실시간] 요청 88000개 처리 | 현재까지의 RPS: 553.21최근 1000개 request의 p99 TTFT: 0.8870 초 | 
2025-11-20 19:12:30,401 - INFO - [실시간] 요청 89000개 처리 | 현재까지의 RPS: 554.76최근 1000개 request의 p99 TTFT: 0.9186 초 | 
2025-11-20 19:12:31,881 - INFO - [실시간] 요청 90000개 처리 | 현재까지의 RPS: 555.87최근 1000개 request의 p99 TTFT: 0.2936 초 | 
2025-11-20 19:12:33,375 - INFO - [실시간] 요청 91000개 처리 | 현재까지의 RPS: 556.91최근 1000개 request의 p99 TTFT: 0.2301 초 | 
2025-11-20 19:12:35,026 - INFO - [실시간] 요청 92000개 처리 | 현재까지의 RPS: 557.39최근 1000개 request의 p99 TTFT: 0.4417 초 | 
2025-11-20 19:12:36,694 - INFO - [실시간] 요청 93000개 처리 | 현재까지의 RPS: 557.81최근 1000개 request의 p99 TTFT: 0.8096 초 | 
2025-11-20 19:12:38,076 - INFO - [실시간] 요청 94000개 처리 | 현재까지의 RPS: 559.18최근 1000개 request의 p99 TTFT: 0.8083 초 | 
2025-11-20 19:12:39,626 - INFO - [실시간] 요청 95000개 처리 | 현재까지의 RPS: 559.97최근 1000개 request의 p99 TTFT: 0.2699 초 | 
2025-11-20 19:12:41,111 - INFO - [실시간] 요청 96000개 처리 | 현재까지의 RPS: 560.95최근 1000개 request의 p99 TTFT: 0.3185 초 | 
2025-11-20 19:12:42,585 - INFO - [실시간] 요청 97000개 처리 | 현재까지의 RPS: 561.95최근 1000개 request의 p99 TTFT: 0.3966 초 | 
2025-11-20 19:12:44,354 - INFO - [실시간] 요청 98000개 처리 | 현재까지의 RPS: 561.99최근 1000개 request의 p99 TTFT: 0.5367 초 | 
2025-11-20 19:12:45,802 - INFO - [실시간] 요청 99000개 처리 | 현재까지의 RPS: 563.04최근 1000개 request의 p99 TTFT: 0.9820 초 | 
2025-11-20 19:12:47,270 - INFO - [실시간] 요청 100000개 처리 | 현재까지의 RPS: 564.02최근 1000개 request의 p99 TTFT: 0.5938 초 | 
2025-11-20 19:12:48,810 - INFO - [실시간] 요청 101000개 처리 | 현재까지의 RPS: 564.76최근 1000개 request의 p99 TTFT: 0.4798 초 | 
2025-11-20 19:12:50,285 - INFO - [실시간] 요청 102000개 처리 | 현재까지의 RPS: 565.68최근 1000개 request의 p99 TTFT: 0.4033 초 | 
2025-11-20 19:12:51,865 - INFO - [실시간] 요청 103000개 처리 | 현재까지의 RPS: 566.27최근 1000개 request의 p99 TTFT: 0.3602 초 | 
2025-11-20 19:12:53,605 - INFO - [실시간] 요청 104000개 처리 | 현재까지의 RPS: 566.35최근 1000개 request의 p99 TTFT: 1.0492 초 | 
2025-11-20 19:12:54,987 - INFO - [실시간] 요청 105000개 처리 | 현재까지의 RPS: 567.52최근 1000개 request의 p99 TTFT: 1.2076 초 | 
2025-11-20 19:12:56,498 - INFO - [실시간] 요청 106000개 처리 | 현재까지의 RPS: 568.28최근 1000개 request의 p99 TTFT: 0.2594 초 | 
2025-11-20 19:12:58,025 - INFO - [실시간] 요청 107000개 처리 | 현재까지의 RPS: 568.99최근 1000개 request의 p99 TTFT: 0.4931 초 | 
2025-11-20 19:12:59,732 - INFO - [실시간] 요청 108000개 처리 | 현재까지의 RPS: 569.14최근 1000개 request의 p99 TTFT: 0.3220 초 | 
2025-11-20 19:13:01,266 - INFO - [실시간] 요청 109000개 처리 | 현재까지의 RPS: 569.81최근 1000개 request의 p99 TTFT: 0.8937 초 | 
2025-11-20 19:13:02,671 - INFO - [실시간] 요청 110000개 처리 | 현재까지의 RPS: 570.84최근 1000개 request의 p99 TTFT: 0.9178 초 | 
2025-11-20 19:13:04,122 - INFO - [실시간] 요청 111000개 처리 | 현재까지의 RPS: 571.72최근 1000개 request의 p99 TTFT: 0.3307 초 | 
2025-11-20 19:13:05,684 - INFO - [실시간] 요청 112000개 처리 | 현재까지의 RPS: 572.27최근 1000개 request의 p99 TTFT: 0.4159 초 | 
2025-11-20 19:13:07,170 - INFO - [실시간] 요청 113000개 처리 | 현재까지의 RPS: 573.03최근 1000개 request의 p99 TTFT: 0.6123 초 | 
2025-11-20 19:13:08,623 - INFO - [실시간] 요청 114000개 처리 | 현재까지의 RPS: 573.87최근 1000개 request의 p99 TTFT: 0.8075 초 | 
2025-11-20 19:13:10,010 - INFO - [실시간] 요청 115000개 처리 | 현재까지의 RPS: 574.89최근 1000개 request의 p99 TTFT: 0.7517 초 | 
2025-11-20 19:13:11,441 - INFO - [실시간] 요청 116000개 처리 | 현재까지의 RPS: 575.77최근 1000개 request의 p99 TTFT: 0.4482 초 | 
2025-11-20 19:13:12,868 - INFO - [실시간] 요청 117000개 처리 | 현재까지의 RPS: 576.65최근 1000개 request의 p99 TTFT: 0.4747 초 | 
2025-11-20 19:13:14,324 - INFO - [실시간] 요청 118000개 처리 | 현재까지의 RPS: 577.43최근 1000개 request의 p99 TTFT: 0.4255 초 | 
2025-11-20 19:13:15,999 - INFO - [실시간] 요청 119000개 처리 | 현재까지의 RPS: 577.60최근 1000개 request의 p99 TTFT: 0.8372 초 | 
2025-11-20 19:13:17,375 - INFO - [실시간] 요청 120000개 처리 | 현재까지의 RPS: 578.58최근 1000개 request의 p99 TTFT: 0.8070 초 | 
2025-11-20 19:13:18,837 - INFO - [실시간] 요청 121000개 처리 | 현재까지의 RPS: 579.32최근 1000개 request의 p99 TTFT: 0.2393 초 | 
2025-11-20 19:13:20,294 - INFO - [실시간] 요청 122000개 처리 | 현재까지의 RPS: 580.06최근 1000개 request의 p99 TTFT: 0.2195 초 | 
2025-11-20 19:13:21,896 - INFO - [실시간] 요청 123000개 처리 | 현재까지의 RPS: 580.40최근 1000개 request의 p99 TTFT: 0.3147 초 | 
2025-11-20 19:13:23,395 - INFO - [실시간] 요청 124000개 처리 | 현재까지의 RPS: 581.01최근 1000개 request의 p99 TTFT: 0.6599 초 | 
2025-11-20 19:13:24,747 - INFO - [실시간] 요청 125000개 처리 | 현재까지의 RPS: 582.00최근 1000개 request의 p99 TTFT: 1.0353 초 | 
2025-11-20 19:13:26,261 - INFO - [실시간] 요청 126000개 처리 | 현재까지의 RPS: 582.55최근 1000개 request의 p99 TTFT: 0.6199 초 | 
2025-11-20 19:13:27,770 - INFO - [실시간] 요청 127000개 처리 | 현재까지의 RPS: 583.11최근 1000개 request의 p99 TTFT: 0.2239 초 | 
2025-11-20 19:13:29,241 - INFO - [실시간] 요청 128000개 처리 | 현재까지의 RPS: 583.76최근 1000개 request의 p99 TTFT: 0.2658 초 | 
2025-11-20 19:13:30,722 - INFO - [실시간] 요청 129000개 처리 | 현재까지의 RPS: 584.37최근 1000개 request의 p99 TTFT: 0.4870 초 | 
2025-11-20 19:13:32,189 - INFO - [실시간] 요청 130000개 처리 | 현재까지의 RPS: 585.01최근 1000개 request의 p99 TTFT: 0.8639 초 | 
2025-11-20 19:13:33,582 - INFO - [실시간] 요청 131000개 처리 | 현재까지의 RPS: 585.84최근 1000개 request의 p99 TTFT: 0.8066 초 | 
2025-11-20 19:13:35,011 - INFO - [실시간] 요청 132000개 처리 | 현재까지의 RPS: 586.57최근 1000개 request의 p99 TTFT: 0.4082 초 | 
2025-11-20 19:13:36,413 - INFO - [실시간] 요청 133000개 처리 | 현재까지의 RPS: 587.35최근 1000개 request의 p99 TTFT: 0.3858 초 | 
2025-11-20 19:13:37,833 - INFO - [실시간] 요청 134000개 처리 | 현재까지의 RPS: 588.08최근 1000개 request의 p99 TTFT: 0.4320 초 | 
2025-11-20 19:13:39,406 - INFO - [실시간] 요청 135000개 처리 | 현재까지의 RPS: 588.40최근 1000개 request의 p99 TTFT: 0.8187 초 | 
2025-11-20 19:13:40,742 - INFO - [실시간] 요청 136000개 처리 | 현재까지의 RPS: 589.33최근 1000개 request의 p99 TTFT: 1.1498 초 | 
2025-11-20 19:13:42,194 - INFO - [실시간] 요청 137000개 처리 | 현재까지의 RPS: 589.95최근 1000개 request의 p99 TTFT: 0.6801 초 | 
2025-11-20 19:13:43,657 - INFO - [실시간] 요청 138000개 처리 | 현재까지의 RPS: 590.54최근 1000개 request의 p99 TTFT: 0.3205 초 | 
2025-11-20 19:13:45,126 - INFO - [실시간] 요청 139000개 처리 | 현재까지의 RPS: 591.10최근 1000개 request의 p99 TTFT: 0.2172 초 | 
2025-11-20 19:13:46,798 - INFO - [실시간] 요청 140000개 처리 | 현재까지의 RPS: 591.15최근 1000개 request의 p99 TTFT: 0.6282 초 | 
2025-11-20 19:13:48,220 - INFO - [실시간] 요청 141000개 처리 | 현재까지의 RPS: 591.82최근 1000개 request의 p99 TTFT: 1.1831 초 | 
2025-11-20 19:13:49,597 - INFO - [실시간] 요청 142000개 처리 | 현재까지의 RPS: 592.59최근 1000개 request의 p99 TTFT: 1.1412 초 | 
2025-11-20 19:13:51,021 - INFO - [실시간] 요청 143000개 처리 | 현재까지의 RPS: 593.24최근 1000개 request의 p99 TTFT: 0.3257 초 | 
2025-11-20 19:13:52,487 - INFO - [실시간] 요청 144000개 처리 | 현재까지의 RPS: 593.78최근 1000개 request의 p99 TTFT: 0.2381 초 | 
2025-11-20 19:13:54,096 - INFO - [실시간] 요청 145000개 처리 | 현재까지의 RPS: 593.96최근 1000개 request의 p99 TTFT: 0.5895 초 | 
2025-11-20 19:13:55,566 - INFO - [실시간] 요청 146000개 처리 | 현재까지의 RPS: 594.48최근 1000개 request의 p99 TTFT: 1.1345 초 | 
2025-11-20 19:13:56,911 - INFO - [실시간] 요청 147000개 처리 | 현재까지의 RPS: 595.29최근 1000개 request의 p99 TTFT: 1.0237 초 | 
2025-11-20 19:13:58,399 - INFO - [실시간] 요청 148000개 처리 | 현재까지의 RPS: 595.75최근 1000개 request의 p99 TTFT: 0.3756 초 | 
2025-11-20 19:13:59,878 - INFO - [실시간] 요청 149000개 처리 | 현재까지의 RPS: 596.22최근 1000개 request의 p99 TTFT: 0.4240 초 | 
2025-11-20 19:14:01,436 - INFO - [실시간] 요청 150000개 처리 | 현재까지의 RPS: 596.51최근 1000개 request의 p99 TTFT: 0.5853 초 | 
2025-11-20 19:14:02,893 - INFO - [실시간] 요청 151000개 처리 | 현재까지의 RPS: 597.02최근 1000개 request의 p99 TTFT: 0.8078 초 | 
2025-11-20 19:14:04,305 - INFO - [실시간] 요청 152000개 처리 | 현재까지의 RPS: 597.64최근 1000개 request의 p99 TTFT: 0.7388 초 | 
2025-11-20 19:14:05,862 - INFO - [실시간] 요청 153000개 처리 | 현재까지의 RPS: 597.91최근 1000개 request의 p99 TTFT: 0.2672 초 | 
2025-11-20 19:14:07,200 - INFO - [실시간] 요청 154000개 처리 | 현재까지의 RPS: 598.69최근 1000개 request의 p99 TTFT: 0.7105 초 | 
2025-11-20 19:14:08,605 - INFO - [실시간] 요청 155000개 처리 | 현재까지의 RPS: 599.30최근 1000개 request의 p99 TTFT: 0.7133 초 | 
2025-11-20 19:14:10,075 - INFO - [실시간] 요청 156000개 처리 | 현재까지의 RPS: 599.76최근 1000개 request의 p99 TTFT: 0.8389 초 | 
2025-11-20 19:14:11,458 - INFO - [실시간] 요청 157000개 처리 | 현재까지의 RPS: 600.41최근 1000개 request의 p99 TTFT: 0.7855 초 | 
2025-11-20 19:14:12,915 - INFO - [실시간] 요청 158000개 처리 | 현재까지의 RPS: 600.89최근 1000개 request의 p99 TTFT: 0.4782 초 | 
2025-11-20 19:14:14,463 - INFO - [실시간] 요청 159000개 처리 | 현재까지의 RPS: 601.15최근 1000개 request의 p99 TTFT: 0.3866 초 | 
2025-11-20 19:14:15,867 - INFO - [실시간] 요청 160000개 처리 | 현재까지의 RPS: 601.74최근 1000개 request의 p99 TTFT: 0.4033 초 | 
2025-11-20 19:14:17,487 - INFO - [실시간] 요청 161000개 처리 | 현재까지의 RPS: 601.84최근 1000개 request의 p99 TTFT: 0.8724 초 | 
2025-11-20 19:14:18,791 - INFO - [실시간] 요청 162000개 처리 | 현재까지의 RPS: 602.64최근 1000개 request의 p99 TTFT: 1.0860 초 | 
2025-11-20 19:14:20,198 - INFO - [실시간] 요청 163000개 처리 | 현재까지의 RPS: 603.20최근 1000개 request의 p99 TTFT: 0.9022 초 | 
2025-11-20 19:14:21,614 - INFO - [실시간] 요청 164000개 처리 | 현재까지의 RPS: 603.74최근 1000개 request의 p99 TTFT: 0.2922 초 | 
2025-11-20 19:14:23,085 - INFO - [실시간] 요청 165000개 처리 | 현재까지의 RPS: 604.15최근 1000개 request의 p99 TTFT: 0.2378 초 | 
2025-11-20 19:14:24,800 - INFO - [실시간] 요청 166000개 처리 | 현재까지의 RPS: 604.01최근 1000개 request의 p99 TTFT: 0.7576 초 | 
2025-11-20 19:14:26,107 - INFO - [실시간] 요청 167000개 처리 | 현재까지의 RPS: 604.78최근 1000개 request의 p99 TTFT: 1.0352 초 | 
2025-11-20 19:14:27,440 - INFO - [실시간] 요청 168000개 처리 | 현재까지의 RPS: 605.48최근 1000개 request의 p99 TTFT: 0.9710 초 | 
2025-11-20 19:14:28,849 - INFO - [실시간] 요청 169000개 처리 | 현재까지의 RPS: 606.00최근 1000개 request의 p99 TTFT: 0.2530 초 | 
2025-11-20 19:14:30,422 - INFO - [실시간] 요청 170000개 처리 | 현재까지의 RPS: 606.17최근 1000개 request의 p99 TTFT: 0.2004 초 | 
2025-11-20 19:14:31,991 - INFO - [실시간] 요청 171000개 처리 | 현재까지의 RPS: 606.34최근 1000개 request의 p99 TTFT: 0.5835 초 | 
2025-11-20 19:14:33,393 - INFO - [실시간] 요청 172000개 처리 | 현재까지의 RPS: 606.87최근 1000개 request의 p99 TTFT: 0.8067 초 | 
2025-11-20 19:14:34,760 - INFO - [실시간] 요청 173000개 처리 | 현재까지의 RPS: 607.47최근 1000개 request의 p99 TTFT: 0.7616 초 | 
2025-11-20 19:14:36,181 - INFO - [실시간] 요청 174000개 처리 | 현재까지의 RPS: 607.95최근 1000개 request의 p99 TTFT: 0.3361 초 | 
2025-11-20 19:14:37,602 - INFO - [실시간] 요청 175000개 처리 | 현재까지의 RPS: 608.42최근 1000개 request의 p99 TTFT: 0.5827 초 | 
2025-11-20 19:14:39,168 - INFO - [실시간] 요청 176000개 처리 | 현재까지의 RPS: 608.58최근 1000개 request의 p99 TTFT: 0.4779 초 | 
2025-11-20 19:14:40,653 - INFO - [실시간] 요청 177000개 처리 | 현재까지의 RPS: 608.92최근 1000개 request의 p99 TTFT: 0.9433 초 | 
2025-11-20 19:14:42,082 - INFO - [실시간] 요청 178000개 처리 | 현재까지의 RPS: 609.36최근 1000개 request의 p99 TTFT: 1.1662 초 | 
2025-11-20 19:14:43,395 - INFO - [실시간] 요청 179000개 처리 | 현재까지의 RPS: 610.04최근 1000개 request의 p99 TTFT: 1.0318 초 | 
2025-11-20 19:14:44,784 - INFO - [실시간] 요청 180000개 처리 | 현재까지의 RPS: 610.56최근 1000개 request의 p99 TTFT: 0.4007 초 | 
2025-11-20 19:14:46,223 - INFO - [실시간] 요청 181000개 처리 | 현재까지의 RPS: 610.97최근 1000개 request의 p99 TTFT: 0.2582 초 | 
2025-11-20 19:14:47,947 - INFO - [실시간] 요청 182000개 처리 | 현재까지의 RPS: 610.79최근 1000개 request의 p99 TTFT: 0.5722 초 | 
2025-11-20 19:14:49,418 - INFO - [실시간] 요청 183000개 처리 | 현재까지의 RPS: 611.13최근 1000개 request의 p99 TTFT: 1.3231 초 | 
2025-11-20 19:14:50,767 - INFO - [실시간] 요청 184000개 처리 | 현재까지의 RPS: 611.71최근 1000개 request의 p99 TTFT: 1.2989 초 | 
2025-11-20 19:14:52,198 - INFO - [실시간] 요청 185000개 처리 | 현재까지의 RPS: 612.13최근 1000개 request의 p99 TTFT: 0.2637 초 | 
2025-11-20 19:14:53,729 - INFO - [실시간] 요청 186000개 처리 | 현재까지의 RPS: 612.33최근 1000개 request의 p99 TTFT: 0.3655 초 | 
2025-11-20 19:14:55,333 - INFO - [실시간] 요청 187000개 처리 | 현재까지의 RPS: 612.39최근 1000개 request의 p99 TTFT: 0.8241 초 | 
2025-11-20 19:14:56,600 - INFO - [실시간] 요청 188000개 처리 | 현재까지의 RPS: 613.12최근 1000개 request의 p99 TTFT: 1.1346 초 | 
2025-11-20 19:14:57,954 - INFO - [실시간] 요청 189000개 처리 | 현재까지의 RPS: 613.67최근 1000개 request의 p99 TTFT: 0.9579 초 | 
2025-11-20 19:14:59,469 - INFO - [실시간] 요청 190000개 처리 | 현재까지의 RPS: 613.90최근 1000개 request의 p99 TTFT: 0.2491 초 | 
2025-11-20 19:15:00,933 - INFO - [실시간] 요청 191000개 처리 | 현재까지의 RPS: 614.22최근 1000개 request의 p99 TTFT: 0.4584 초 | 
2025-11-20 19:15:02,629 - INFO - [실시간] 요청 192000개 처리 | 현재까지의 RPS: 614.09최근 1000개 request의 p99 TTFT: 0.4757 초 | 
2025-11-20 19:15:03,979 - INFO - [실시간] 요청 193000개 처리 | 현재까지의 RPS: 614.64최근 1000개 request의 p99 TTFT: 1.1861 초 | 
2025-11-20 19:15:05,377 - INFO - [실시간] 요청 194000개 처리 | 현재까지의 RPS: 615.08최근 1000개 request의 p99 TTFT: 0.9632 초 | 
2025-11-20 19:15:06,788 - INFO - [실시간] 요청 195000개 처리 | 현재까지의 RPS: 615.50최근 1000개 request의 p99 TTFT: 0.4986 초 | 
2025-11-20 19:15:08,168 - INFO - [실시간] 요청 196000개 처리 | 현재까지의 RPS: 615.97최근 1000개 request의 p99 TTFT: 0.3675 초 | 
2025-11-20 19:15:09,697 - INFO - [실시간] 요청 197000개 처리 | 현재까지의 RPS: 616.16최근 1000개 request의 p99 TTFT: 0.2989 초 | 
2025-11-20 19:15:11,395 - INFO - [실시간] 요청 198000개 처리 | 현재까지의 RPS: 616.01최근 1000개 request의 p99 TTFT: 0.8104 초 | 
2025-11-20 19:15:12,755 - INFO - [실시간] 요청 199000개 처리 | 현재까지의 RPS: 616.51최근 1000개 request의 p99 TTFT: 1.4935 초 | 
2025-11-20 19:15:14,131 - INFO - [실시간] 요청 200000개 처리 | 현재까지의 RPS: 616.98최근 1000개 request의 p99 TTFT: 1.3580 초 | 
2025-11-20 19:15:15,568 - INFO - [실시간] 요청 201000개 처리 | 현재까지의 RPS: 617.33최근 1000개 request의 p99 TTFT: 0.3210 초 | 
2025-11-20 19:15:17,148 - INFO - [실시간] 요청 202000개 처리 | 현재까지의 RPS: 617.40최근 1000개 request의 p99 TTFT: 0.3832 초 | 
2025-11-20 19:15:18,710 - INFO - [실시간] 요청 203000개 처리 | 현재까지의 RPS: 617.51최근 1000개 request의 p99 TTFT: 0.9842 초 | 
2025-11-20 19:15:20,042 - INFO - [실시간] 요청 204000개 처리 | 현재까지의 RPS: 618.05최근 1000개 request의 p99 TTFT: 1.1649 초 | 
통계에 반영된 요청 인덱스 범위: 0 ~ 204000 (총 204000개 요청)
통계 반영된 요청 수: 204000, 통계 반영된 시간: 388.87 초

==================================================
 실험 최종 결과 요약
==================================================
 설정 실험 시간: 330 초
 Clients 수: 8000
 통계 반영 시간: 388.87 초
 총 시도된 요청: 210683 개
 총 완료된 요청: 204000 개
 총 실패한 요청: 6683 개
 완료 요청 중 retrieval이 실패한 요청: -658 개
 요청 성공률: 96.83%
 전체 Requests Per Second (RPS): 524.60
--------------------------------------------------
 Time to First Token (TTFT) Latency:
  - 평균 (Mean): 0.1615 초
  - 중간값 (50%ile): 0.1145 초
  - 최소값 (Min): 0.0179 초
  - 최대값 (Max): 1.9830 초
  - 95%ile Tail: 0.4707 초
  - 99%ile Tail: 0.8418 초
--------------------------------------------------
 Time Per Output Token (TPOT):
  - 평균 (Mean): 16.99 ms/token
--------------------------------------------------
 Embedding Latency:
  - 총 샘플 수: 204000
  - 평균 (Mean): 9.79 ms
  - 중간값 (50%ile): 7.00 ms
  - 95%ile Tail: 23.00 ms
  - 99%ile Tail: 62.00 ms
--------------------------------------------------
 VectorDB Search Latency:
  - 총 샘플 수: 204000
  - 평균 (Mean): 69.14 ms
  - 중간값 (50%ile): 31.00 ms
  - 95%ile Tail: 272.00 ms
  - 99%ile Tail: 645.00 ms
--------------------------------------------------
 Document Search Latency:
  - 총 샘플 수: 204000
  - 평균 (Mean): 18.14 ms
  - 중간값 (50%ile): 7.00 ms
  - 95%ile Tail: 63.00 ms
  - 99%ile Tail: 145.00 ms
--------------------------------------------------
 Total Retrieval Latency:
  - 총 샘플 수: 204000
  - 평균 (Mean): 97.07 ms
  - 중간값 (50%ile): 51.00 ms
  - 95%ile Tail: 370.00 ms
  - 99%ile Tail: 745.00 ms
==================================================
