2025-11-20 18:06:09,417 - INFO - ReqGen 시작: 서버=163.152.48.109:9000, 클라이언트=100, 시간=330초
2025-11-20 18:06:09,417 - INFO - Hugging Face에서 'kroshan/BioASQ' 데이터셋을 로드합니다...
2025-11-20 18:06:16,124 - INFO - 3266개의 질문을 로드했습니다.
2025-11-20 18:06:16,124 - INFO - 부하 테스트 시작, client 수 = 100
2025-11-20 18:06:16,125 - INFO - Zipf 값 1.2에서 상위 20%의 질문이 차지하는 비율: 91.82%
2025-11-20 18:08:16,860 - INFO - [실시간] 요청 1000개 처리 | 현재까지의 RPS: 8.28최근 1000개 request의 p99 TTFT: 0.3269 초 | 
2025-11-20 18:10:09,808 - INFO - [실시간] 요청 2000개 처리 | 현재까지의 RPS: 8.56최근 1000개 request의 p99 TTFT: 0.1996 초 | 
통계에 반영된 요청 인덱스 범위: 0 ~ 2835 (총 2835개 요청)
통계 반영된 요청 수: 2835, 통계 반영된 시간: 376.17 초

==================================================
 실험 최종 결과 요약
==================================================
 설정 실험 시간: 330 초
 Clients 수: 100
 통계 반영 시간: 376.17 초
 총 시도된 요청: 2867 개
 총 완료된 요청: 2835 개
 총 실패한 요청: 32 개
 완료 요청 중 retrieval이 실패한 요청: 0 개
 요청 성공률: 98.88%
 전체 Requests Per Second (RPS): 7.54
--------------------------------------------------
 Time to First Token (TTFT) Latency:
  - 평균 (Mean): 0.0970 초
  - 중간값 (50%ile): 0.0900 초
  - 최소값 (Min): 0.0251 초
  - 최대값 (Max): 0.4105 초
  - 95%ile Tail: 0.1889 초
  - 99%ile Tail: 0.2886 초
--------------------------------------------------
 Time Per Output Token (TPOT):
  - 평균 (Mean): 16.66 ms/token
--------------------------------------------------
 Embedding Latency:
  - 총 샘플 수: 2811
  - 평균 (Mean): 7.37 ms
  - 중간값 (50%ile): 7.00 ms
  - 95%ile Tail: 10.00 ms
  - 99%ile Tail: 12.00 ms
--------------------------------------------------
 VectorDB Search Latency:
  - 총 샘플 수: 2811
  - 평균 (Mean): 20.39 ms
  - 중간값 (50%ile): 10.00 ms
  - 95%ile Tail: 107.00 ms
  - 99%ile Tail: 182.80 ms
--------------------------------------------------
 Document Search Latency:
  - 총 샘플 수: 2811
  - 평균 (Mean): 7.49 ms
  - 중간값 (50%ile): 7.00 ms
  - 95%ile Tail: 9.00 ms
  - 99%ile Tail: 12.00 ms
--------------------------------------------------
 Total Retrieval Latency:
  - 총 샘플 수: 2835
  - 평균 (Mean): 35.23 ms
  - 중간값 (50%ile): 25.00 ms
  - 95%ile Tail: 121.00 ms
  - 99%ile Tail: 200.32 ms
==================================================
