2025-10-02 00:13:33,589 - INFO - ReqGen 시작: 서버=163.152.48.109:9000, 클라이언트=5200, 시간=330초
2025-10-02 00:13:33,589 - INFO - Hugging Face에서 'kroshan/BioASQ' 데이터셋을 로드합니다...
2025-10-02 00:13:40,873 - INFO - 3266개의 질문을 로드했습니다.
2025-10-02 00:13:40,875 - INFO - 부하 테스트 시작, client 수 = 5200
2025-10-02 00:13:40,875 - INFO - Zipf 값 1.2에서 상위 20%의 질문이 차지하는 비율: 91.82%
2025-10-02 00:13:43,447 - INFO - [실시간] 요청 1000개 처리 | 현재까지의 RPS: 388.81최근 1000개 request의 p99 TTFT: 0.5736 초 | 
2025-10-02 00:13:45,693 - INFO - [실시간] 요청 2000개 처리 | 현재까지의 RPS: 415.06최근 1000개 request의 p99 TTFT: 0.4589 초 | 
2025-10-02 00:13:47,190 - INFO - [실시간] 요청 3000개 처리 | 현재까지의 RPS: 475.00최근 1000개 request의 p99 TTFT: 0.6173 초 | 
2025-10-02 00:13:48,611 - INFO - [실시간] 요청 4000개 처리 | 현재까지의 RPS: 517.04최근 1000개 request의 p99 TTFT: 0.2095 초 | 
2025-10-02 00:13:49,884 - INFO - [실시간] 요청 5000개 처리 | 현재까지의 RPS: 555.00최근 1000개 request의 p99 TTFT: 0.2527 초 | 
2025-10-02 00:13:51,431 - INFO - [실시간] 요청 6000개 처리 | 현재까지의 RPS: 568.40최근 1000개 request의 p99 TTFT: 0.5810 초 | 
2025-10-02 00:13:52,694 - INFO - [실시간] 요청 7000개 처리 | 현재까지의 RPS: 592.24최근 1000개 request의 p99 TTFT: 1.4785 초 | 
2025-10-02 00:13:53,871 - INFO - [실시간] 요청 8000개 처리 | 현재까지의 RPS: 615.54최근 1000개 request의 p99 TTFT: 1.8220 초 | 
2025-10-02 00:13:55,325 - INFO - [실시간] 요청 9000개 처리 | 현재까지의 RPS: 622.81최근 1000개 request의 p99 TTFT: 0.9123 초 | 
2025-10-02 00:13:56,802 - INFO - [실시간] 요청 10000개 처리 | 현재까지의 RPS: 627.84최근 1000개 request의 p99 TTFT: 0.4249 초 | 
2025-10-02 00:13:58,232 - INFO - [실시간] 요청 11000개 처리 | 현재까지의 RPS: 633.73최근 1000개 request의 p99 TTFT: 0.4419 초 | 
2025-10-02 00:13:59,594 - INFO - [실시간] 요청 12000개 처리 | 현재까지의 RPS: 641.03최근 1000개 request의 p99 TTFT: 0.4609 초 | 
2025-10-02 00:14:01,034 - INFO - [실시간] 요청 13000개 처리 | 현재까지의 RPS: 644.86최근 1000개 request의 p99 TTFT: 0.5315 초 | 
2025-10-02 00:14:02,301 - INFO - [실시간] 요청 14000개 처리 | 현재까지의 RPS: 653.41최근 1000개 request의 p99 TTFT: 0.7213 초 | 
2025-10-02 00:14:03,670 - INFO - [실시간] 요청 15000개 처리 | 현재까지의 RPS: 658.04최근 1000개 request의 p99 TTFT: 0.2568 초 | 
2025-10-02 00:14:05,444 - INFO - [실시간] 요청 16000개 처리 | 현재까지의 RPS: 651.21최근 1000개 request의 p99 TTFT: 0.6616 초 | 
2025-10-02 00:14:06,653 - INFO - [실시간] 요청 17000개 처리 | 현재까지의 RPS: 659.47최근 1000개 request의 p99 TTFT: 1.2563 초 | 
2025-10-02 00:14:07,937 - INFO - [실시간] 요청 18000개 처리 | 현재까지의 RPS: 665.14최근 1000개 request의 p99 TTFT: 0.5723 초 | 
2025-10-02 00:14:09,269 - INFO - [실시간] 요청 19000개 처리 | 현재까지의 RPS: 669.14최근 1000개 request의 p99 TTFT: 0.4824 초 | 
2025-10-02 00:14:10,667 - INFO - [실시간] 요청 20000개 처리 | 현재까지의 RPS: 671.31최근 1000개 request의 p99 TTFT: 0.2662 초 | 
2025-10-02 00:14:12,181 - INFO - [실시간] 요청 21000개 처리 | 현재까지의 RPS: 670.80최근 1000개 request의 p99 TTFT: 0.2107 초 | 
2025-10-02 00:14:13,514 - INFO - [실시간] 요청 22000개 처리 | 현재까지의 RPS: 674.03최근 1000개 request의 p99 TTFT: 0.6338 초 | 
2025-10-02 00:14:14,836 - INFO - [실시간] 요청 23000개 처리 | 현재까지의 RPS: 677.24최근 1000개 request의 p99 TTFT: 0.2418 초 | 
2025-10-02 00:14:16,257 - INFO - [실시간] 요청 24000개 처리 | 현재까지의 RPS: 678.30최근 1000개 request의 p99 TTFT: 0.2405 초 | 
2025-10-02 00:14:17,661 - INFO - [실시간] 요청 25000개 처리 | 현재까지의 RPS: 679.60최근 1000개 request의 p99 TTFT: 0.4778 초 | 
2025-10-02 00:14:19,020 - INFO - [실시간] 요청 26000개 처리 | 현재까지의 RPS: 681.60최근 1000개 request의 p99 TTFT: 0.3367 초 | 
2025-10-02 00:14:20,459 - INFO - [실시간] 요청 27000개 처리 | 현재까지의 RPS: 682.08최근 1000개 request의 p99 TTFT: 0.4966 초 | 
2025-10-02 00:14:21,769 - INFO - [실시간] 요청 28000개 처리 | 현재까지의 RPS: 684.69최근 1000개 request의 p99 TTFT: 0.2790 초 | 
2025-10-02 00:14:23,209 - INFO - [실시간] 요청 29000개 처리 | 현재까지의 RPS: 685.03최근 1000개 request의 p99 TTFT: 0.2642 초 | 
2025-10-02 00:14:25,078 - INFO - [실시간] 요청 30000개 처리 | 현재까지의 RPS: 678.68최근 1000개 request의 p99 TTFT: 0.5948 초 | 
2025-10-02 00:14:26,306 - INFO - [실시간] 요청 31000개 처리 | 현재까지의 RPS: 682.36최근 1000개 request의 p99 TTFT: 1.2202 초 | 
2025-10-02 00:14:27,555 - INFO - [실시간] 요청 32000개 처리 | 현재까지의 RPS: 685.51최근 1000개 request의 p99 TTFT: 1.3364 초 | 
2025-10-02 00:14:28,742 - INFO - [실시간] 요청 33000개 처리 | 현재까지의 RPS: 689.40최근 1000개 request의 p99 TTFT: 0.7595 초 | 
2025-10-02 00:14:30,103 - INFO - [실시간] 요청 34000개 처리 | 현재까지의 RPS: 690.66최근 1000개 request의 p99 TTFT: 0.2374 초 | 
2025-10-02 00:14:31,695 - INFO - [실시간] 요청 35000개 처리 | 현재까지의 RPS: 688.71최근 1000개 request의 p99 TTFT: 0.3615 초 | 
2025-10-02 00:14:33,015 - INFO - [실시간] 요청 36000개 처리 | 현재까지의 RPS: 690.44최근 1000개 request의 p99 TTFT: 0.3790 초 | 
2025-10-02 00:14:34,462 - INFO - [실시간] 요청 37000개 처리 | 현재까지의 RPS: 690.46최근 1000개 request의 p99 TTFT: 0.2414 초 | 
2025-10-02 00:14:35,718 - INFO - [실시간] 요청 38000개 처리 | 현재까지의 RPS: 692.88최근 1000개 request의 p99 TTFT: 0.5729 초 | 
2025-10-02 00:14:37,043 - INFO - [실시간] 요청 39000개 처리 | 현재까지의 RPS: 694.34최근 1000개 request의 p99 TTFT: 0.2849 초 | 
2025-10-02 00:14:38,872 - INFO - [실시간] 요청 40000개 처리 | 현재까지의 RPS: 689.69최근 1000개 request의 p99 TTFT: 0.5657 초 | 
2025-10-02 00:14:40,138 - INFO - [실시간] 요청 41000개 처리 | 현재까지의 RPS: 691.82최근 1000개 request의 p99 TTFT: 1.0646 초 | 
2025-10-02 00:14:41,302 - INFO - [실시간] 요청 42000개 처리 | 현재까지의 RPS: 695.05최근 1000개 request의 p99 TTFT: 0.8755 초 | 
2025-10-02 00:14:42,745 - INFO - [실시간] 요청 43000개 처리 | 현재까지의 RPS: 695.01최근 1000개 request의 p99 TTFT: 0.2649 초 | 
2025-10-02 00:14:44,076 - INFO - [실시간] 요청 44000개 처리 | 현재까지의 RPS: 696.18최근 1000개 request의 p99 TTFT: 0.6593 초 | 
2025-10-02 00:14:45,582 - INFO - [실시간] 요청 45000개 처리 | 현재까지의 RPS: 695.44최근 1000개 request의 p99 TTFT: 0.2684 초 | 
2025-10-02 00:14:46,954 - INFO - [실시간] 요청 46000개 처리 | 현재까지의 RPS: 696.14최근 1000개 request의 p99 TTFT: 0.3197 초 | 
2025-10-02 00:14:48,271 - INFO - [실시간] 요청 47000개 처리 | 현재까지의 RPS: 697.37최근 1000개 request의 p99 TTFT: 0.4306 초 | 
2025-10-02 00:14:49,659 - INFO - [실시간] 요청 48000개 처리 | 현재까지의 RPS: 697.84최근 1000개 request의 p99 TTFT: 0.2092 초 | 
2025-10-02 00:14:51,119 - INFO - [실시간] 요청 49000개 처리 | 현재까지의 RPS: 697.57최근 1000개 request의 p99 TTFT: 0.2810 초 | 
2025-10-02 00:14:52,475 - INFO - [실시간] 요청 50000개 처리 | 현재까지의 RPS: 698.32최근 1000개 request의 p99 TTFT: 0.2704 초 | 
2025-10-02 00:14:53,809 - INFO - [실시간] 요청 51000개 처리 | 현재까지의 RPS: 699.26최근 1000개 request의 p99 TTFT: 0.4390 초 | 
2025-10-02 00:14:55,242 - INFO - [실시간] 요청 52000개 처리 | 현재까지의 RPS: 699.24최근 1000개 request의 p99 TTFT: 0.3795 초 | 
2025-10-02 00:14:57,089 - INFO - [실시간] 요청 53000개 처리 | 현재까지의 RPS: 695.41최근 1000개 request의 p99 TTFT: 0.6045 초 | 
2025-10-02 00:14:58,320 - INFO - [실시간] 요청 54000개 처리 | 현재까지의 RPS: 697.26최근 1000개 request의 p99 TTFT: 0.9372 초 | 
2025-10-02 00:14:59,580 - INFO - [실시간] 요청 55000개 처리 | 현재까지의 RPS: 698.81최근 1000개 request의 p99 TTFT: 1.0250 초 | 
2025-10-02 00:15:00,826 - INFO - [실시간] 요청 56000개 처리 | 현재까지의 RPS: 700.43최근 1000개 request의 p99 TTFT: 0.8173 초 | 
2025-10-02 00:15:02,262 - INFO - [실시간] 요청 57000개 처리 | 현재까지의 RPS: 700.35최근 1000개 request의 p99 TTFT: 0.4567 초 | 
2025-10-02 00:15:03,726 - INFO - [실시간] 요청 58000개 처리 | 현재까지의 RPS: 700.05최근 1000개 request의 p99 TTFT: 0.2492 초 | 
2025-10-02 00:15:05,048 - INFO - [실시간] 요청 59000개 처리 | 현재까지의 RPS: 700.93최근 1000개 request의 p99 TTFT: 0.3737 초 | 
2025-10-02 00:15:06,444 - INFO - [실시간] 요청 60000개 처리 | 현재까지의 RPS: 701.18최근 1000개 request의 p99 TTFT: 0.2486 초 | 
2025-10-02 00:15:07,825 - INFO - [실시간] 요청 61000개 처리 | 현재까지의 RPS: 701.55최근 1000개 request의 p99 TTFT: 0.5558 초 | 
2025-10-02 00:15:09,248 - INFO - [실시간] 요청 62000개 처리 | 현재까지의 RPS: 701.57최근 1000개 request의 p99 TTFT: 0.5364 초 | 
2025-10-02 00:15:10,692 - INFO - [실시간] 요청 63000개 처리 | 현재까지의 RPS: 701.42최근 1000개 request의 p99 TTFT: 0.3197 초 | 
2025-10-02 00:15:11,910 - INFO - [실시간] 요청 64000개 처리 | 현재까지의 RPS: 703.02최근 1000개 request의 p99 TTFT: 0.5230 초 | 
2025-10-02 00:15:13,811 - INFO - [실시간] 요청 65000개 처리 | 현재까지의 RPS: 699.40최근 1000개 request의 p99 TTFT: 0.6404 초 | 
2025-10-02 00:15:15,179 - INFO - [실시간] 요청 66000개 처리 | 현재까지의 RPS: 699.87최근 1000개 request의 p99 TTFT: 1.3822 초 | 
2025-10-02 00:15:16,391 - INFO - [실시간] 요청 67000개 처리 | 현재까지의 RPS: 701.45최근 1000개 request의 p99 TTFT: 1.5515 초 | 
2025-10-02 00:15:17,713 - INFO - [실시간] 요청 68000개 처리 | 현재까지의 RPS: 702.20최근 1000개 request의 p99 TTFT: 0.8689 초 | 
2025-10-02 00:15:19,014 - INFO - [실시간] 요청 69000개 처리 | 현재까지의 RPS: 703.08최근 1000개 request의 p99 TTFT: 0.8245 초 | 
2025-10-02 00:15:20,521 - INFO - [실시간] 요청 70000개 처리 | 현재까지의 RPS: 702.48최근 1000개 request의 p99 TTFT: 0.3085 초 | 
2025-10-02 00:15:22,032 - INFO - [실시간] 요청 71000개 처리 | 현재까지의 RPS: 701.88최근 1000개 request의 p99 TTFT: 0.2672 초 | 
2025-10-02 00:15:23,417 - INFO - [실시간] 요청 72000개 처리 | 현재까지의 RPS: 702.15최근 1000개 request의 p99 TTFT: 0.5258 초 | 
2025-10-02 00:15:24,691 - INFO - [실시간] 요청 73000개 처리 | 현재까지의 RPS: 703.16최근 1000개 request의 p99 TTFT: 0.7150 초 | 
2025-10-02 00:15:26,122 - INFO - [실시간] 요청 74000개 처리 | 현재까지의 RPS: 703.11최근 1000개 request의 p99 TTFT: 0.4007 초 | 
2025-10-02 00:15:27,489 - INFO - [실시간] 요청 75000개 처리 | 현재까지의 RPS: 703.47최근 1000개 request의 p99 TTFT: 0.4008 초 | 
2025-10-02 00:15:29,012 - INFO - [실시간] 요청 76000개 처리 | 현재까지의 RPS: 702.81최근 1000개 request의 p99 TTFT: 0.4643 초 | 
2025-10-02 00:15:30,640 - INFO - [실시간] 요청 77000개 처리 | 현재까지의 RPS: 701.50최근 1000개 request의 p99 TTFT: 1.0658 초 | 
2025-10-02 00:15:31,789 - INFO - [실시간] 요청 78000개 처리 | 현재까지의 RPS: 703.25최근 1000개 request의 p99 TTFT: 1.0715 초 | 
2025-10-02 00:15:33,082 - INFO - [실시간] 요청 79000개 처리 | 현재까지의 RPS: 704.05최근 1000개 request의 p99 TTFT: 0.9841 초 | 
2025-10-02 00:15:34,499 - INFO - [실시간] 요청 80000개 처리 | 현재까지의 RPS: 704.07최근 1000개 request의 p99 TTFT: 0.5071 초 | 
2025-10-02 00:15:35,860 - INFO - [실시간] 요청 81000개 처리 | 현재까지의 RPS: 704.44최근 1000개 request의 p99 TTFT: 0.3698 초 | 
2025-10-02 00:15:37,265 - INFO - [실시간] 요청 82000개 처리 | 현재까지의 RPS: 704.53최근 1000개 request의 p99 TTFT: 0.2897 초 | 
2025-10-02 00:15:38,716 - INFO - [실시간] 요청 83000개 처리 | 현재까지의 RPS: 704.34최근 1000개 request의 p99 TTFT: 0.4761 초 | 
2025-10-02 00:15:40,069 - INFO - [실시간] 요청 84000개 처리 | 현재까지의 RPS: 704.73최근 1000개 request의 p99 TTFT: 0.3657 초 | 
2025-10-02 00:15:41,376 - INFO - [실시간] 요청 85000개 처리 | 현재까지의 RPS: 705.38최근 1000개 request의 p99 TTFT: 0.3334 초 | 
2025-10-02 00:15:42,879 - INFO - [실시간] 요청 86000개 처리 | 현재까지의 RPS: 704.89최근 1000개 request의 p99 TTFT: 0.3546 초 | 
2025-10-02 00:15:44,237 - INFO - [실시간] 요청 87000개 처리 | 현재까지의 RPS: 705.24최근 1000개 request의 p99 TTFT: 0.6013 초 | 
2025-10-02 00:15:45,538 - INFO - [실시간] 요청 88000개 처리 | 현재까지의 RPS: 705.90최근 1000개 request의 p99 TTFT: 0.6457 초 | 
2025-10-02 00:15:46,864 - INFO - [실시간] 요청 89000개 처리 | 현재까지의 RPS: 706.41최근 1000개 request의 p99 TTFT: 0.2714 초 | 
2025-10-02 00:15:48,784 - INFO - [실시간] 요청 90000개 처리 | 현재까지의 RPS: 703.62최근 1000개 request의 p99 TTFT: 0.6420 초 | 
2025-10-02 00:15:49,985 - INFO - [실시간] 요청 91000개 처리 | 현재까지의 RPS: 704.82최근 1000개 request의 p99 TTFT: 1.5113 초 | 
2025-10-02 00:15:51,224 - INFO - [실시간] 요청 92000개 처리 | 현재까지의 RPS: 705.79최근 1000개 request의 p99 TTFT: 1.4713 초 | 
2025-10-02 00:15:52,499 - INFO - [실시간] 요청 93000개 처리 | 현재까지의 RPS: 706.56최근 1000개 request의 p99 TTFT: 0.6743 초 | 
2025-10-02 00:15:54,046 - INFO - [실시간] 요청 94000개 처리 | 현재까지의 RPS: 705.86최근 1000개 request의 p99 TTFT: 0.4324 초 | 
2025-10-02 00:15:55,357 - INFO - [실시간] 요청 95000개 처리 | 현재까지의 RPS: 706.41최근 1000개 request의 p99 TTFT: 0.4711 초 | 
2025-10-02 00:15:56,784 - INFO - [실시간] 요청 96000개 처리 | 현재까지의 RPS: 706.35최근 1000개 request의 p99 TTFT: 0.2574 초 | 
2025-10-02 00:15:58,175 - INFO - [실시간] 요청 97000개 처리 | 현재까지의 RPS: 706.48최근 1000개 request의 p99 TTFT: 0.2533 초 | 
2025-10-02 00:15:59,602 - INFO - [실시간] 요청 98000개 처리 | 현재까지의 RPS: 706.42최근 1000개 request의 p99 TTFT: 0.5096 초 | 
2025-10-02 00:16:00,909 - INFO - [실시간] 요청 99000개 처리 | 현재까지의 RPS: 706.97최근 1000개 request의 p99 TTFT: 0.6810 초 | 
2025-10-02 00:16:02,337 - INFO - [실시간] 요청 100000개 처리 | 현재까지의 RPS: 706.90최근 1000개 request의 p99 TTFT: 0.2510 초 | 
2025-10-02 00:16:03,750 - INFO - [실시간] 요청 101000개 처리 | 현재까지의 RPS: 706.91최근 1000개 request의 p99 TTFT: 0.2618 초 | 
2025-10-02 00:16:05,509 - INFO - [실시간] 요청 102000개 처리 | 현재까지의 RPS: 705.23최근 1000개 request의 p99 TTFT: 0.5602 초 | 
2025-10-02 00:16:06,727 - INFO - [실시간] 요청 103000개 처리 | 현재까지의 RPS: 706.19최근 1000개 request의 p99 TTFT: 1.1313 초 | 
2025-10-02 00:16:07,962 - INFO - [실시간] 요청 104000개 처리 | 현재까지의 RPS: 707.06최근 1000개 request의 p99 TTFT: 1.2030 초 | 
2025-10-02 00:16:09,422 - INFO - [실시간] 요청 105000개 처리 | 현재까지의 RPS: 706.85최근 1000개 request의 p99 TTFT: 0.4727 초 | 
2025-10-02 00:16:10,747 - INFO - [실시간] 요청 106000개 처리 | 현재까지의 RPS: 707.27최근 1000개 request의 p99 TTFT: 0.6289 초 | 
2025-10-02 00:16:12,160 - INFO - [실시간] 요청 107000개 처리 | 현재까지의 RPS: 707.27최근 1000개 request의 p99 TTFT: 0.3496 초 | 
2025-10-02 00:16:13,591 - INFO - [실시간] 요청 108000개 처리 | 현재까지의 RPS: 707.19최근 1000개 request의 p99 TTFT: 0.2699 초 | 
2025-10-02 00:16:15,052 - INFO - [실시간] 요청 109000개 처리 | 현재까지의 RPS: 706.98최근 1000개 request의 p99 TTFT: 0.5801 초 | 
2025-10-02 00:16:16,352 - INFO - [실시간] 요청 110000개 처리 | 현재까지의 RPS: 707.50최근 1000개 request의 p99 TTFT: 0.9076 초 | 
2025-10-02 00:16:17,721 - INFO - [실시간] 요청 111000개 처리 | 현재까지의 RPS: 707.70최근 1000개 request의 p99 TTFT: 0.4231 초 | 
2025-10-02 00:16:19,071 - INFO - [실시간] 요청 112000개 처리 | 현재까지의 RPS: 707.98최근 1000개 request의 p99 TTFT: 0.5751 초 | 
2025-10-02 00:16:20,551 - INFO - [실시간] 요청 113000개 처리 | 현재까지의 RPS: 707.68최근 1000개 request의 p99 TTFT: 0.8551 초 | 
2025-10-02 00:16:21,968 - INFO - [실시간] 요청 114000개 처리 | 현재까지의 RPS: 707.66최근 1000개 request의 p99 TTFT: 0.5599 초 | 
2025-10-02 00:16:23,395 - INFO - [실시간] 요청 115000개 처리 | 현재까지의 RPS: 707.60최근 1000개 request의 p99 TTFT: 0.2858 초 | 
2025-10-02 00:16:25,063 - INFO - [실시간] 요청 116000개 처리 | 현재까지의 RPS: 706.50최근 1000개 request의 p99 TTFT: 1.1780 초 | 
2025-10-02 00:16:26,273 - INFO - [실시간] 요청 117000개 처리 | 현재까지의 RPS: 707.38최근 1000개 request의 p99 TTFT: 1.7029 초 | 
2025-10-02 00:16:27,462 - INFO - [실시간] 요청 118000개 처리 | 현재까지의 RPS: 708.34최근 1000개 request의 p99 TTFT: 0.7797 초 | 
2025-10-02 00:16:28,976 - INFO - [실시간] 요청 119000개 처리 | 현재까지의 RPS: 707.91최근 1000개 request의 p99 TTFT: 0.3241 초 | 
2025-10-02 00:16:30,389 - INFO - [실시간] 요청 120000개 처리 | 현재까지의 RPS: 707.90최근 1000개 request의 p99 TTFT: 0.8631 초 | 
2025-10-02 00:16:31,838 - INFO - [실시간] 요청 121000개 처리 | 현재까지의 RPS: 707.75최근 1000개 request의 p99 TTFT: 0.4424 초 | 
2025-10-02 00:16:33,237 - INFO - [실시간] 요청 122000개 처리 | 현재까지의 RPS: 707.81최근 1000개 request의 p99 TTFT: 0.2788 초 | 
2025-10-02 00:16:34,613 - INFO - [실시간] 요청 123000개 처리 | 현재까지의 RPS: 707.96최근 1000개 request의 p99 TTFT: 0.6097 초 | 
2025-10-02 00:16:35,929 - INFO - [실시간] 요청 124000개 처리 | 현재까지의 RPS: 708.35최근 1000개 request의 p99 TTFT: 0.6536 초 | 
2025-10-02 00:16:37,342 - INFO - [실시간] 요청 125000개 처리 | 현재까지의 RPS: 708.35최근 1000개 request의 p99 TTFT: 0.2656 초 | 
2025-10-02 00:16:38,921 - INFO - [실시간] 요청 126000개 처리 | 현재까지의 RPS: 707.68최근 1000개 request의 p99 TTFT: 0.2782 초 | 
2025-10-02 00:16:40,474 - INFO - [실시간] 요청 127000개 처리 | 현재까지의 RPS: 707.13최근 1000개 request의 p99 TTFT: 0.6540 초 | 
2025-10-02 00:16:41,983 - INFO - [실시간] 요청 128000개 처리 | 현재까지의 RPS: 706.76최근 1000개 request의 p99 TTFT: 0.9697 초 | 
2025-10-02 00:16:43,178 - INFO - [실시간] 요청 129000개 처리 | 현재까지의 RPS: 707.61최근 1000개 request의 p99 TTFT: 1.4047 초 | 
2025-10-02 00:16:44,445 - INFO - [실시간] 요청 130000개 처리 | 현재까지의 RPS: 708.17최근 1000개 request의 p99 TTFT: 1.3009 초 | 
2025-10-02 00:16:45,829 - INFO - [실시간] 요청 131000개 처리 | 현재까지의 RPS: 708.28최근 1000개 request의 p99 TTFT: 0.9347 초 | 
2025-10-02 00:16:47,196 - INFO - [실시간] 요청 132000개 처리 | 현재까지의 RPS: 708.45최근 1000개 request의 p99 TTFT: 0.4794 초 | 
2025-10-02 00:16:48,685 - INFO - [실시간] 요청 133000개 처리 | 현재까지의 RPS: 708.16최근 1000개 request의 p99 TTFT: 0.2751 초 | 
2025-10-02 00:16:50,048 - INFO - [실시간] 요청 134000개 처리 | 현재까지의 RPS: 708.35최근 1000개 request의 p99 TTFT: 0.7175 초 | 
2025-10-02 00:16:51,463 - INFO - [실시간] 요청 135000개 처리 | 현재까지의 RPS: 708.33최근 1000개 request의 p99 TTFT: 0.3764 초 | 
2025-10-02 00:16:52,808 - INFO - [실시간] 요청 136000개 처리 | 현재까지의 RPS: 708.58최근 1000개 request의 p99 TTFT: 0.3431 초 | 
2025-10-02 00:16:54,273 - INFO - [실시간] 요청 137000개 처리 | 현재까지의 RPS: 708.38최근 1000개 request의 p99 TTFT: 0.6364 초 | 
2025-10-02 00:16:55,631 - INFO - [실시간] 요청 138000개 처리 | 현재까지의 RPS: 708.58최근 1000개 request의 p99 TTFT: 0.5752 초 | 
2025-10-02 00:16:57,047 - INFO - [실시간] 요청 139000개 처리 | 현재까지의 RPS: 708.56최근 1000개 request의 p99 TTFT: 0.3221 초 | 
2025-10-02 00:16:58,706 - INFO - [실시간] 요청 140000개 처리 | 현재까지의 RPS: 707.67최근 1000개 request의 p99 TTFT: 1.0785 초 | 
2025-10-02 00:16:59,909 - INFO - [실시간] 요청 141000개 처리 | 현재까지의 RPS: 708.42최근 1000개 request의 p99 TTFT: 1.5169 초 | 
2025-10-02 00:17:01,116 - INFO - [실시간] 요청 142000개 처리 | 현재까지의 RPS: 709.14최근 1000개 request의 p99 TTFT: 1.2313 초 | 
2025-10-02 00:17:02,558 - INFO - [실시간] 요청 143000개 처리 | 현재까지의 RPS: 709.03최근 1000개 request의 p99 TTFT: 0.3830 초 | 
2025-10-02 00:17:04,049 - INFO - [실시간] 요청 144000개 처리 | 현재까지의 RPS: 708.75최근 1000개 request의 p99 TTFT: 0.4785 초 | 
2025-10-02 00:17:05,433 - INFO - [실시간] 요청 145000개 처리 | 현재까지의 RPS: 708.85최근 1000개 request의 p99 TTFT: 0.3178 초 | 
2025-10-02 00:17:06,840 - INFO - [실시간] 요청 146000개 처리 | 현재까지의 RPS: 708.86최근 1000개 request의 p99 TTFT: 0.3380 초 | 
2025-10-02 00:17:08,190 - INFO - [실시간] 요청 147000개 처리 | 현재까지의 RPS: 709.06최근 1000개 request의 p99 TTFT: 0.5184 초 | 
2025-10-02 00:17:09,566 - INFO - [실시간] 요청 148000개 처리 | 현재까지의 RPS: 709.18최근 1000개 request의 p99 TTFT: 0.5967 초 | 
2025-10-02 00:17:10,897 - INFO - [실시간] 요청 149000개 처리 | 현재까지의 RPS: 709.45최근 1000개 request의 p99 TTFT: 0.3015 초 | 
2025-10-02 00:17:12,361 - INFO - [실시간] 요청 150000개 처리 | 현재까지의 RPS: 709.26최근 1000개 request의 p99 TTFT: 0.2803 초 | 
2025-10-02 00:17:13,748 - INFO - [실시간] 요청 151000개 처리 | 현재까지의 RPS: 709.34최근 1000개 request의 p99 TTFT: 0.4181 초 | 
2025-10-02 00:17:15,508 - INFO - [실시간] 요청 152000개 처리 | 현재까지의 RPS: 708.19최근 1000개 request의 p99 TTFT: 0.4428 초 | 
2025-10-02 00:17:16,827 - INFO - [실시간] 요청 153000개 처리 | 현재까지의 RPS: 708.49최근 1000개 request의 p99 TTFT: 1.0402 초 | 
2025-10-02 00:17:18,089 - INFO - [실시간] 요청 154000개 처리 | 현재까지의 RPS: 708.98최근 1000개 request의 p99 TTFT: 1.1875 초 | 
2025-10-02 00:17:19,453 - INFO - [실시간] 요청 155000개 처리 | 현재까지의 RPS: 709.13최근 1000개 request의 p99 TTFT: 1.0081 초 | 
2025-10-02 00:17:20,766 - INFO - [실시간] 요청 156000개 처리 | 현재까지의 RPS: 709.44최근 1000개 request의 p99 TTFT: 0.4668 초 | 
2025-10-02 00:17:22,195 - INFO - [실시간] 요청 157000개 처리 | 현재까지의 RPS: 709.38최근 1000개 request의 p99 TTFT: 0.2363 초 | 
2025-10-02 00:17:23,626 - INFO - [실시간] 요청 158000개 처리 | 현재까지의 RPS: 709.31최근 1000개 request의 p99 TTFT: 0.4658 초 | 
2025-10-02 00:17:24,986 - INFO - [실시간] 요청 159000개 처리 | 현재까지의 RPS: 709.47최근 1000개 request의 p99 TTFT: 0.4614 초 | 
2025-10-02 00:17:26,398 - INFO - [실시간] 요청 160000개 처리 | 현재까지의 RPS: 709.46최근 1000개 request의 p99 TTFT: 0.2400 초 | 
2025-10-02 00:17:27,757 - INFO - [실시간] 요청 161000개 처리 | 현재까지의 RPS: 709.62최근 1000개 request의 p99 TTFT: 0.2837 초 | 
2025-10-02 00:17:29,159 - INFO - [실시간] 요청 162000개 처리 | 현재까지의 RPS: 709.64최근 1000개 request의 p99 TTFT: 0.2543 초 | 
2025-10-02 00:17:30,540 - INFO - [실시간] 요청 163000개 처리 | 현재까지의 RPS: 709.73최근 1000개 request의 p99 TTFT: 0.2219 초 | 
2025-10-02 00:17:32,121 - INFO - [실시간] 요청 164000개 처리 | 현재까지의 RPS: 709.20최근 1000개 request의 p99 TTFT: 0.6826 초 | 
2025-10-02 00:17:33,864 - INFO - [실시간] 요청 165000개 처리 | 현재까지의 RPS: 708.19최근 1000개 request의 p99 TTFT: 1.0776 초 | 
2025-10-02 00:17:35,080 - INFO - [실시간] 요청 166000개 처리 | 현재까지의 RPS: 708.78최근 1000개 request의 p99 TTFT: 1.9196 초 | 
2025-10-02 00:17:36,338 - INFO - [실시간] 요청 167000개 처리 | 현재까지의 RPS: 709.24최근 1000개 request의 p99 TTFT: 2.0404 초 | 
2025-10-02 00:17:36,338 - WARNING - 최근 1000개의 p99 TTFT 2.0404 초가 SLO 의 2배 (2.0 초)를 초과했습니다. 부하 테스트를 조기 종료합니다.
통계에 반영된 요청 인덱스 범위: 21000 ~ 167000 (총 146000개 요청)
통계 반영된 요청 수: 146000, 통계 반영된 시간: 204.16 초

==================================================
 실험 최종 결과 요약
==================================================
 부하 테스트가 조기 종료되었습니다! (SLO 위반)
 Client 수를 낮추어 다시 시도하세요.
 설정 실험 시간: 330 초
 Clients 수: 5200
 통계 반영 시간: 204.16 초
 총 시도된 요청: 146000 개
 총 완료된 요청: 146000 개
 총 실패한 요청: 0 개
 완료 요청 중 retrieval이 실패한 요청: -21651 개
 요청 성공률: 100.00%
 전체 Requests Per Second (RPS): 715.13
--------------------------------------------------
 Time to First Token (TTFT) Latency:
  - 평균 (Mean): 0.1936 초
  - 중간값 (50%ile): 0.1399 초
  - 최소값 (Min): 0.0226 초
  - 최대값 (Max): 3.1775 초
  - 95%ile Tail: 0.5483 초
  - 99%ile Tail: 1.0035 초
--------------------------------------------------
 Time Per Output Token (TPOT):
  - 평균 (Mean): 16.80 ms/token
--------------------------------------------------
 Embedding Latency:
  - 총 샘플 수: 146000
  - 평균 (Mean): 9.85 ms
  - 중간값 (50%ile): 6.00 ms
  - 95%ile Tail: 22.00 ms
  - 99%ile Tail: 56.00 ms
--------------------------------------------------
 VectorDB Search Latency:
  - 총 샘플 수: 146000
  - 평균 (Mean): 87.88 ms
  - 중간값 (50%ile): 36.00 ms
  - 95%ile Tail: 335.00 ms
  - 99%ile Tail: 801.00 ms
--------------------------------------------------
 Document Search Latency:
  - 총 샘플 수: 146000
  - 평균 (Mean): 21.69 ms
  - 중간값 (50%ile): 8.00 ms
  - 95%ile Tail: 86.00 ms
  - 99%ile Tail: 203.01 ms
--------------------------------------------------
 Total Retrieval Latency:
  - 총 샘플 수: 146000
  - 평균 (Mean): 119.42 ms
  - 중간값 (50%ile): 59.00 ms
  - 95%ile Tail: 433.05 ms
  - 99%ile Tail: 906.01 ms
==================================================
