2025-10-02 00:17:59,076 - INFO - ReqGen 시작: 서버=163.152.48.109:9000, 클라이언트=5100, 시간=330초
2025-10-02 00:17:59,076 - INFO - Hugging Face에서 'kroshan/BioASQ' 데이터셋을 로드합니다...
2025-10-02 00:18:05,922 - INFO - 3266개의 질문을 로드했습니다.
2025-10-02 00:18:05,925 - INFO - 부하 테스트 시작, client 수 = 5100
2025-10-02 00:18:05,926 - INFO - Zipf 값 1.2에서 상위 20%의 질문이 차지하는 비율: 91.82%
2025-10-02 00:18:08,535 - INFO - [실시간] 요청 1000개 처리 | 현재까지의 RPS: 383.23최근 1000개 request의 p99 TTFT: 0.5580 초 | 
2025-10-02 00:18:10,898 - INFO - [실시간] 요청 2000개 처리 | 현재까지의 RPS: 402.21최근 1000개 request의 p99 TTFT: 0.4244 초 | 
2025-10-02 00:18:12,300 - INFO - [실시간] 요청 3000개 처리 | 현재까지의 RPS: 470.59최근 1000개 request의 p99 TTFT: 0.6740 초 | 
2025-10-02 00:18:13,721 - INFO - [실시간] 요청 4000개 처리 | 현재까지의 RPS: 513.09최근 1000개 request의 p99 TTFT: 0.2014 초 | 
2025-10-02 00:18:15,059 - INFO - [실시간] 요청 5000개 처리 | 현재까지의 RPS: 547.40최근 1000개 request의 p99 TTFT: 0.2594 초 | 
2025-10-02 00:18:16,609 - INFO - [실시간] 요청 6000개 처리 | 현재까지의 RPS: 561.62최근 1000개 request의 p99 TTFT: 0.8693 초 | 
2025-10-02 00:18:17,871 - INFO - [실시간] 요청 7000개 처리 | 현재까지의 RPS: 586.01최근 1000개 request의 p99 TTFT: 1.5864 초 | 
2025-10-02 00:18:19,075 - INFO - [실시간] 요청 8000개 처리 | 현재까지의 RPS: 608.38최근 1000개 request의 p99 TTFT: 1.4589 초 | 
2025-10-02 00:18:20,684 - INFO - [실시간] 요청 9000개 처리 | 현재까지의 RPS: 609.83최근 1000개 request의 p99 TTFT: 0.3117 초 | 
2025-10-02 00:18:22,155 - INFO - [실시간] 요청 10000개 처리 | 현재까지의 RPS: 616.15최근 1000개 request의 p99 TTFT: 0.4500 초 | 
2025-10-02 00:18:23,501 - INFO - [실시간] 요청 11000개 처리 | 현재까지의 RPS: 625.88최근 1000개 request의 p99 TTFT: 0.3056 초 | 
2025-10-02 00:18:24,919 - INFO - [실시간] 요청 12000개 처리 | 현재까지의 RPS: 631.78최근 1000개 request의 p99 TTFT: 0.3966 초 | 
2025-10-02 00:18:26,369 - INFO - [실시간] 요청 13000개 처리 | 현재까지의 RPS: 635.89최근 1000개 request의 p99 TTFT: 0.3590 초 | 
2025-10-02 00:18:27,781 - INFO - [실시간] 요청 14000개 처리 | 현재까지의 RPS: 640.57최근 1000개 request의 p99 TTFT: 0.5495 초 | 
2025-10-02 00:18:29,431 - INFO - [실시간] 요청 15000개 처리 | 현재까지의 RPS: 638.13최근 1000개 request의 p99 TTFT: 0.5201 초 | 
2025-10-02 00:18:30,970 - INFO - [실시간] 요청 16000개 처리 | 현재까지의 RPS: 638.86최근 1000개 request의 p99 TTFT: 0.8566 초 | 
2025-10-02 00:18:32,216 - INFO - [실시간] 요청 17000개 처리 | 현재까지의 RPS: 646.62최근 1000개 request의 p99 TTFT: 1.1470 초 | 
2025-10-02 00:18:33,437 - INFO - [실시간] 요청 18000개 처리 | 현재까지의 RPS: 654.26최근 1000개 request의 p99 TTFT: 1.0331 초 | 
2025-10-02 00:18:34,812 - INFO - [실시간] 요청 19000개 처리 | 현재까지의 RPS: 657.75최근 1000개 request의 p99 TTFT: 0.4007 초 | 
2025-10-02 00:18:36,174 - INFO - [실시간] 요청 20000개 처리 | 현재까지의 RPS: 661.19최근 1000개 request의 p99 TTFT: 0.2351 초 | 
2025-10-02 00:18:37,691 - INFO - [실시간] 요청 21000개 처리 | 현재까지의 RPS: 661.09최근 1000개 request의 p99 TTFT: 0.2315 초 | 
2025-10-02 00:18:39,233 - INFO - [실시간] 요청 22000개 처리 | 현재까지의 RPS: 660.51최근 1000개 request의 p99 TTFT: 0.4274 초 | 
2025-10-02 00:18:40,538 - INFO - [실시간] 요청 23000개 처리 | 현재까지의 RPS: 664.50최근 1000개 request의 p99 TTFT: 0.5402 초 | 
2025-10-02 00:18:41,849 - INFO - [실시간] 요청 24000개 처리 | 현재까지의 RPS: 668.08최근 1000개 request의 p99 TTFT: 0.3070 초 | 
2025-10-02 00:18:43,265 - INFO - [실시간] 요청 25000개 처리 | 현재까지의 RPS: 669.53최근 1000개 request의 p99 TTFT: 0.2246 초 | 
2025-10-02 00:18:44,722 - INFO - [실시간] 요청 26000개 처리 | 현재까지의 RPS: 670.17최근 1000개 request의 p99 TTFT: 0.2972 초 | 
2025-10-02 00:18:46,209 - INFO - [실시간] 요청 27000개 처리 | 현재까지의 RPS: 670.24최근 1000개 request의 p99 TTFT: 0.3747 초 | 
2025-10-02 00:18:47,569 - INFO - [실시간] 요청 28000개 처리 | 현재까지의 RPS: 672.37최근 1000개 request의 p99 TTFT: 0.4935 초 | 
2025-10-02 00:18:48,949 - INFO - [실시간] 요청 29000개 처리 | 현재까지의 RPS: 674.04최근 1000개 request의 p99 TTFT: 0.2438 초 | 
2025-10-02 00:18:50,617 - INFO - [실시간] 요청 30000개 처리 | 현재까지의 RPS: 671.27최근 1000개 request의 p99 TTFT: 0.4553 초 | 
2025-10-02 00:18:51,958 - INFO - [실시간] 요청 31000개 처리 | 현재까지의 RPS: 673.43최근 1000개 request의 p99 TTFT: 0.7890 초 | 
2025-10-02 00:18:53,126 - INFO - [실시간] 요청 32000개 처리 | 현재까지의 RPS: 677.96최근 1000개 request의 p99 TTFT: 0.8184 초 | 
2025-10-02 00:18:54,546 - INFO - [실시간] 요청 33000개 처리 | 현재까지의 RPS: 678.73최근 1000개 request의 p99 TTFT: 0.5259 초 | 
2025-10-02 00:18:56,039 - INFO - [실시간] 요청 34000개 처리 | 현재까지의 RPS: 678.46최근 1000개 request의 p99 TTFT: 0.3957 초 | 
2025-10-02 00:18:57,498 - INFO - [실시간] 요청 35000개 처리 | 현재까지의 RPS: 678.66최근 1000개 request의 p99 TTFT: 0.2729 초 | 
2025-10-02 00:18:58,923 - INFO - [실시간] 요청 36000개 처리 | 현재까지의 RPS: 679.28최근 1000개 request의 p99 TTFT: 0.2426 초 | 
2025-10-02 00:19:00,260 - INFO - [실시간] 요청 37000개 처리 | 현재까지의 RPS: 680.97최근 1000개 request의 p99 TTFT: 0.4209 초 | 
2025-10-02 00:19:01,658 - INFO - [실시간] 요청 38000개 처리 | 현재까지의 RPS: 681.82최근 1000개 request의 p99 TTFT: 0.2226 초 | 
2025-10-02 00:19:03,024 - INFO - [실시간] 요청 39000개 처리 | 현재까지의 RPS: 683.03최근 1000개 request의 p99 TTFT: 0.2740 초 | 
2025-10-02 00:19:04,470 - INFO - [실시간] 요청 40000개 처리 | 현재까지의 RPS: 683.24최근 1000개 request의 p99 TTFT: 0.4052 초 | 
2025-10-02 00:19:05,882 - INFO - [실시간] 요청 41000개 처리 | 현재까지의 RPS: 683.83최근 1000개 request의 p99 TTFT: 0.3348 초 | 
2025-10-02 00:19:07,418 - INFO - [실시간] 요청 42000개 처리 | 현재까지의 RPS: 683.01최근 1000개 request의 p99 TTFT: 0.3495 초 | 
2025-10-02 00:19:08,881 - INFO - [실시간] 요청 43000개 처리 | 현재까지의 RPS: 683.02최근 1000개 request의 p99 TTFT: 0.5751 초 | 
2025-10-02 00:19:10,454 - INFO - [실시간] 요청 44000개 처리 | 현재까지의 RPS: 681.87최근 1000개 request의 p99 TTFT: 0.8172 초 | 
2025-10-02 00:19:11,638 - INFO - [실시간] 요청 45000개 처리 | 현재까지의 RPS: 684.80최근 1000개 request의 p99 TTFT: 0.8925 초 | 
2025-10-02 00:19:12,922 - INFO - [실시간] 요청 46000개 처리 | 현재까지의 RPS: 686.60최근 1000개 request의 p99 TTFT: 0.5928 초 | 
2025-10-02 00:19:14,392 - INFO - [실시간] 요청 47000개 처리 | 현재까지의 RPS: 686.47최근 1000개 request의 p99 TTFT: 0.5559 초 | 
2025-10-02 00:19:15,922 - INFO - [실시간] 요청 48000개 처리 | 현재까지의 RPS: 685.75최근 1000개 request의 p99 TTFT: 0.3691 초 | 
2025-10-02 00:19:17,429 - INFO - [실시간] 요청 49000개 처리 | 현재까지의 RPS: 685.28최근 1000개 request의 p99 TTFT: 0.2236 초 | 
2025-10-02 00:19:18,754 - INFO - [실시간] 요청 50000개 처리 | 현재까지의 RPS: 686.54최근 1000개 request의 p99 TTFT: 0.2613 초 | 
2025-10-02 00:19:20,077 - INFO - [실시간] 요청 51000개 처리 | 현재까지의 RPS: 687.78최근 1000개 request의 p99 TTFT: 0.3262 초 | 
2025-10-02 00:19:21,520 - INFO - [실시간] 요청 52000개 처리 | 현재까지의 RPS: 687.88최근 1000개 request의 p99 TTFT: 0.2185 초 | 
2025-10-02 00:19:22,891 - INFO - [실시간] 요청 53000개 처리 | 현재까지의 RPS: 688.62최근 1000개 request의 p99 TTFT: 0.4131 초 | 
2025-10-02 00:19:24,574 - INFO - [실시간] 요청 54000개 처리 | 현재까지의 RPS: 686.59최근 1000개 request의 p99 TTFT: 0.2877 초 | 
2025-10-02 00:19:25,901 - INFO - [실시간] 요청 55000개 처리 | 현재까지의 RPS: 687.71최근 1000개 request의 p99 TTFT: 0.5911 초 | 
2025-10-02 00:19:27,262 - INFO - [실시간] 요청 56000개 처리 | 현재까지의 RPS: 688.50최근 1000개 request의 p99 TTFT: 0.2830 초 | 
2025-10-02 00:19:29,076 - INFO - [실시간] 요청 57000개 처리 | 현재까지의 RPS: 685.50최근 1000개 request의 p99 TTFT: 0.5679 초 | 
2025-10-02 00:19:30,300 - INFO - [실시간] 요청 58000개 처리 | 현재까지의 RPS: 687.41최근 1000개 request의 p99 TTFT: 1.1042 초 | 
2025-10-02 00:19:31,510 - INFO - [실시간] 요청 59000개 처리 | 현재까지의 RPS: 689.38최근 1000개 request의 p99 TTFT: 0.6475 초 | 
2025-10-02 00:19:33,026 - INFO - [실시간] 요청 60000개 처리 | 현재까지의 RPS: 688.86최근 1000개 request의 p99 TTFT: 0.4386 초 | 
2025-10-02 00:19:34,376 - INFO - [실시간] 요청 61000개 처리 | 현재까지의 RPS: 689.65최근 1000개 request의 p99 TTFT: 0.2845 초 | 
2025-10-02 00:19:35,870 - INFO - [실시간] 요청 62000개 처리 | 현재까지의 RPS: 689.31최근 1000개 request의 p99 TTFT: 0.3631 초 | 
2025-10-02 00:19:37,302 - INFO - [실시간] 요청 63000개 처리 | 현재까지의 RPS: 689.45최근 1000개 request의 p99 TTFT: 0.2607 초 | 
2025-10-02 00:19:38,651 - INFO - [실시간] 요청 64000개 처리 | 현재까지의 RPS: 690.21최근 1000개 request의 p99 TTFT: 0.4557 초 | 
2025-10-02 00:19:40,084 - INFO - [실시간] 요청 65000개 처리 | 현재까지의 RPS: 690.32최근 1000개 request의 p99 TTFT: 0.2198 초 | 
2025-10-02 00:19:41,473 - INFO - [실시간] 요청 66000개 처리 | 현재까지의 RPS: 690.75최근 1000개 request의 p99 TTFT: 0.3452 초 | 
2025-10-02 00:19:42,893 - INFO - [실시간] 요청 67000개 처리 | 현재까지의 RPS: 690.95최근 1000개 request의 p99 TTFT: 0.2587 초 | 
2025-10-02 00:19:44,341 - INFO - [실시간] 요청 68000개 처리 | 현재까지의 RPS: 690.94최근 1000개 request의 p99 TTFT: 0.3954 초 | 
2025-10-02 00:19:45,749 - INFO - [실시간] 요청 69000개 처리 | 현재까지의 RPS: 691.22최근 1000개 request의 p99 TTFT: 0.5173 초 | 
2025-10-02 00:19:47,125 - INFO - [실시간] 요청 70000개 처리 | 현재까지의 RPS: 691.70최근 1000개 request의 p99 TTFT: 0.4766 초 | 
2025-10-02 00:19:48,978 - INFO - [실시간] 요청 71000개 처리 | 현재까지의 RPS: 688.96최근 1000개 request의 p99 TTFT: 0.5481 초 | 
2025-10-02 00:19:50,216 - INFO - [실시간] 요청 72000개 처리 | 현재까지의 RPS: 690.38최근 1000개 request의 p99 TTFT: 0.9060 초 | 
2025-10-02 00:19:51,485 - INFO - [실시간] 요청 73000개 처리 | 현재까지의 RPS: 691.55최근 1000개 request의 p99 TTFT: 0.9388 초 | 
2025-10-02 00:19:52,849 - INFO - [실시간] 요청 74000개 처리 | 현재까지의 RPS: 692.08최근 1000개 request의 p99 TTFT: 0.4787 초 | 
2025-10-02 00:19:54,319 - INFO - [실시간] 요청 75000개 처리 | 현재까지의 RPS: 691.92최근 1000개 request의 p99 TTFT: 0.4627 초 | 
2025-10-02 00:19:55,784 - INFO - [실시간] 요청 76000개 처리 | 현재까지의 RPS: 691.80최근 1000개 request의 p99 TTFT: 0.4014 초 | 
2025-10-02 00:19:57,209 - INFO - [실시간] 요청 77000개 처리 | 현재까지의 RPS: 691.92최근 1000개 request의 p99 TTFT: 0.2457 초 | 
2025-10-02 00:19:58,653 - INFO - [실시간] 요청 78000개 처리 | 현재까지의 RPS: 691.93최근 1000개 request의 p99 TTFT: 0.2620 초 | 
2025-10-02 00:19:59,996 - INFO - [실시간] 요청 79000개 처리 | 현재까지의 RPS: 692.55최근 1000개 request의 p99 TTFT: 0.4402 초 | 
2025-10-02 00:20:01,383 - INFO - [실시간] 요청 80000개 처리 | 현재까지의 RPS: 692.89최근 1000개 request의 p99 TTFT: 0.2212 초 | 
2025-10-02 00:20:02,818 - INFO - [실시간] 요청 81000개 처리 | 현재까지의 RPS: 692.94최근 1000개 request의 p99 TTFT: 0.4025 초 | 
2025-10-02 00:20:04,350 - INFO - [실시간] 요청 82000개 처리 | 현재까지의 RPS: 692.42최근 1000개 request의 p99 TTFT: 0.2303 초 | 
2025-10-02 00:20:05,718 - INFO - [실시간] 요청 83000개 처리 | 현재까지의 RPS: 692.87최근 1000개 request의 p99 TTFT: 0.3555 초 | 
2025-10-02 00:20:07,448 - INFO - [실시간] 요청 84000개 처리 | 현재까지의 RPS: 691.23최근 1000개 request의 p99 TTFT: 0.5442 초 | 
2025-10-02 00:20:08,798 - INFO - [실시간] 요청 85000개 처리 | 현재까지의 RPS: 691.77최근 1000개 request의 p99 TTFT: 1.0529 초 | 
2025-10-02 00:20:10,036 - INFO - [실시간] 요청 86000개 처리 | 현재까지의 RPS: 692.93최근 1000개 request의 p99 TTFT: 1.3811 초 | 
2025-10-02 00:20:11,398 - INFO - [실시간] 요청 87000개 처리 | 현재까지의 RPS: 693.38최근 1000개 request의 p99 TTFT: 0.3353 초 | 
2025-10-02 00:20:12,931 - INFO - [실시간] 요청 88000개 처리 | 현재까지의 RPS: 692.88최근 1000개 request의 p99 TTFT: 0.2922 초 | 
2025-10-02 00:20:14,415 - INFO - [실시간] 요청 89000개 처리 | 현재까지의 RPS: 692.66최근 1000개 request의 p99 TTFT: 0.4683 초 | 
2025-10-02 00:20:15,738 - INFO - [실시간] 요청 90000개 처리 | 현재까지의 RPS: 693.31최근 1000개 request의 p99 TTFT: 0.4723 초 | 
2025-10-02 00:20:17,070 - INFO - [실시간] 요청 91000개 처리 | 현재까지의 RPS: 693.89최근 1000개 request의 p99 TTFT: 0.2243 초 | 
2025-10-02 00:20:18,510 - INFO - [실시간] 요청 92000개 처리 | 현재까지의 RPS: 693.90최근 1000개 request의 p99 TTFT: 0.2909 초 | 
2025-10-02 00:20:19,930 - INFO - [실시간] 요청 93000개 처리 | 현재까지의 RPS: 694.00최근 1000개 request의 p99 TTFT: 0.2157 초 | 
2025-10-02 00:20:21,334 - INFO - [실시간] 요청 94000개 처리 | 현재까지의 RPS: 694.19최근 1000개 request의 p99 TTFT: 0.6081 초 | 
2025-10-02 00:20:22,823 - INFO - [실시간] 요청 95000개 처리 | 현재까지의 RPS: 693.95최근 1000개 request의 p99 TTFT: 0.4116 초 | 
2025-10-02 00:20:24,225 - INFO - [실시간] 요청 96000개 처리 | 현재까지의 RPS: 694.15최근 1000개 request의 p99 TTFT: 0.4913 초 | 
2025-10-02 00:20:25,944 - INFO - [실시간] 요청 97000개 처리 | 현재까지의 RPS: 692.76최근 1000개 request의 p99 TTFT: 0.9449 초 | 
2025-10-02 00:20:27,192 - INFO - [실시간] 요청 98000개 처리 | 현재까지의 RPS: 693.72최근 1000개 request의 p99 TTFT: 1.0145 초 | 
2025-10-02 00:20:28,407 - INFO - [실시간] 요청 99000개 처리 | 현재까지의 RPS: 694.83최근 1000개 request의 p99 TTFT: 1.1501 초 | 
2025-10-02 00:20:29,982 - INFO - [실시간] 요청 100000개 처리 | 현재까지의 RPS: 694.17최근 1000개 request의 p99 TTFT: 0.3524 초 | 
2025-10-02 00:20:31,345 - INFO - [실시간] 요청 101000개 처리 | 현재까지의 RPS: 694.54최근 1000개 request의 p99 TTFT: 0.4758 초 | 
2025-10-02 00:20:32,842 - INFO - [실시간] 요청 102000개 처리 | 현재까지의 RPS: 694.27최근 1000개 request의 p99 TTFT: 0.2467 초 | 
2025-10-02 00:20:34,175 - INFO - [실시간] 요청 103000개 처리 | 현재까지의 RPS: 694.77최근 1000개 request의 p99 TTFT: 0.2434 초 | 
2025-10-02 00:20:35,588 - INFO - [실시간] 요청 104000개 처리 | 현재까지의 RPS: 694.90최근 1000개 request의 p99 TTFT: 0.2211 초 | 
2025-10-02 00:20:37,020 - INFO - [실시간] 요청 105000개 처리 | 현재까지의 RPS: 694.93최근 1000개 request의 p99 TTFT: 0.4747 초 | 
2025-10-02 00:20:38,397 - INFO - [실시간] 요청 106000개 처리 | 현재까지의 RPS: 695.21최근 1000개 request의 p99 TTFT: 0.2740 초 | 
2025-10-02 00:20:39,766 - INFO - [실시간] 요청 107000개 처리 | 현재까지의 RPS: 695.52최근 1000개 request의 p99 TTFT: 0.2471 초 | 
2025-10-02 00:20:41,286 - INFO - [실시간] 요청 108000개 처리 | 현재까지의 RPS: 695.16최근 1000개 request의 p99 TTFT: 0.2666 초 | 
2025-10-02 00:20:43,265 - INFO - [실시간] 요청 109000개 처리 | 현재까지의 RPS: 692.77최근 1000개 request의 p99 TTFT: 0.7297 초 | 
2025-10-02 00:20:44,539 - INFO - [실시간] 요청 110000개 처리 | 현재까지의 RPS: 693.51최근 1000개 request의 p99 TTFT: 1.2983 초 | 
2025-10-02 00:20:45,763 - INFO - [실시간] 요청 111000개 처리 | 현재까지의 RPS: 694.46최근 1000개 request의 p99 TTFT: 1.5399 초 | 
2025-10-02 00:20:47,022 - INFO - [실시간] 요청 112000개 처리 | 현재까지의 RPS: 695.24최근 1000개 request의 p99 TTFT: 0.7015 초 | 
2025-10-02 00:20:48,528 - INFO - [실시간] 요청 113000개 처리 | 현재까지의 RPS: 694.94최근 1000개 request의 p99 TTFT: 0.3767 초 | 
2025-10-02 00:20:50,024 - INFO - [실시간] 요청 114000개 처리 | 현재까지의 RPS: 694.70최근 1000개 request의 p99 TTFT: 0.4683 초 | 
2025-10-02 00:20:51,492 - INFO - [실시간] 요청 115000개 처리 | 현재까지의 RPS: 694.58최근 1000개 request의 p99 TTFT: 0.2611 초 | 
2025-10-02 00:20:52,847 - INFO - [실시간] 요청 116000개 처리 | 현재까지의 RPS: 694.94최근 1000개 request의 p99 TTFT: 0.4921 초 | 
2025-10-02 00:20:54,266 - INFO - [실시간] 요청 117000개 처리 | 현재까지의 RPS: 695.02최근 1000개 request의 p99 TTFT: 0.3093 초 | 
2025-10-02 00:20:55,656 - INFO - [실시간] 요청 118000개 처리 | 현재까지의 RPS: 695.22최근 1000개 request의 p99 TTFT: 0.5741 초 | 
2025-10-02 00:20:57,647 - INFO - [실시간] 요청 119000개 처리 | 현재까지의 RPS: 692.98최근 1000개 request의 p99 TTFT: 0.6962 초 | 
2025-10-02 00:20:58,860 - INFO - [실시간] 요청 120000개 처리 | 현재까지의 RPS: 693.90최근 1000개 request의 p99 TTFT: 1.1689 초 | 
2025-10-02 00:21:00,125 - INFO - [실시간] 요청 121000개 처리 | 현재까지의 RPS: 694.61최근 1000개 request의 p99 TTFT: 0.9468 초 | 
2025-10-02 00:21:01,471 - INFO - [실시간] 요청 122000개 처리 | 현재까지의 RPS: 694.98최근 1000개 request의 p99 TTFT: 0.6077 초 | 
2025-10-02 00:21:02,857 - INFO - [실시간] 요청 123000개 처리 | 현재까지의 RPS: 695.18최근 1000개 request의 p99 TTFT: 0.3524 초 | 
2025-10-02 00:21:04,276 - INFO - [실시간] 요청 124000개 처리 | 현재까지의 RPS: 695.26최근 1000개 request의 p99 TTFT: 0.4015 초 | 
2025-10-02 00:21:05,717 - INFO - [실시간] 요청 125000개 처리 | 현재까지의 RPS: 695.25최근 1000개 request의 p99 TTFT: 0.4059 초 | 
2025-10-02 00:21:07,151 - INFO - [실시간] 요청 126000개 처리 | 현재까지의 RPS: 695.27최근 1000개 request의 p99 TTFT: 0.2373 초 | 
2025-10-02 00:21:08,519 - INFO - [실시간] 요청 127000개 처리 | 현재까지의 RPS: 695.53최근 1000개 request의 p99 TTFT: 0.3712 초 | 
2025-10-02 00:21:09,900 - INFO - [실시간] 요청 128000개 처리 | 현재까지의 RPS: 695.75최근 1000개 request의 p99 TTFT: 0.2374 초 | 
2025-10-02 00:21:11,312 - INFO - [실시간] 요청 129000개 처리 | 현재까지의 RPS: 695.84최근 1000개 request의 p99 TTFT: 0.3976 초 | 
2025-10-02 00:21:12,754 - INFO - [실시간] 요청 130000개 처리 | 현재까지의 RPS: 695.82최근 1000개 request의 p99 TTFT: 0.4774 초 | 
2025-10-02 00:21:14,187 - INFO - [실시간] 요청 131000개 처리 | 현재까지의 RPS: 695.84최근 1000개 request의 p99 TTFT: 0.3427 초 | 
2025-10-02 00:21:15,665 - INFO - [실시간] 요청 132000개 처리 | 현재까지의 RPS: 695.69최근 1000개 request의 p99 TTFT: 0.4040 초 | 
2025-10-02 00:21:17,280 - INFO - [실시간] 요청 133000개 처리 | 현재까지의 RPS: 695.05최근 1000개 request의 p99 TTFT: 0.7021 초 | 
2025-10-02 00:21:18,474 - INFO - [실시간] 요청 134000개 처리 | 현재까지의 RPS: 695.93최근 1000개 request의 p99 TTFT: 0.6859 초 | 
2025-10-02 00:21:19,866 - INFO - [실시간] 요청 135000개 처리 | 현재까지의 RPS: 696.09최근 1000개 request의 p99 TTFT: 0.4183 초 | 
2025-10-02 00:21:21,235 - INFO - [실시간] 요청 136000개 처리 | 현재까지의 RPS: 696.33최근 1000개 request의 p99 TTFT: 0.4644 초 | 
2025-10-02 00:21:22,705 - INFO - [실시간] 요청 137000개 처리 | 현재까지의 RPS: 696.21최근 1000개 request의 p99 TTFT: 0.2325 초 | 
2025-10-02 00:21:24,094 - INFO - [실시간] 요청 138000개 처리 | 현재까지의 RPS: 696.38최근 1000개 request의 p99 TTFT: 0.3750 초 | 
2025-10-02 00:21:25,506 - INFO - [실시간] 요청 139000개 처리 | 현재까지의 RPS: 696.46최근 1000개 request의 p99 TTFT: 0.2038 초 | 
2025-10-02 00:21:26,910 - INFO - [실시간] 요청 140000개 처리 | 현재까지의 RPS: 696.57최근 1000개 request의 p99 TTFT: 0.1976 초 | 
2025-10-02 00:21:28,313 - INFO - [실시간] 요청 141000개 처리 | 현재까지의 RPS: 696.68최근 1000개 request의 p99 TTFT: 0.4505 초 | 
2025-10-02 00:21:29,643 - INFO - [실시간] 요청 142000개 처리 | 현재까지의 RPS: 697.04최근 1000개 request의 p99 TTFT: 0.2125 초 | 
2025-10-02 00:21:31,058 - INFO - [실시간] 요청 143000개 처리 | 현재까지의 RPS: 697.11최근 1000개 request의 p99 TTFT: 0.4259 초 | 
2025-10-02 00:21:32,496 - INFO - [실시간] 요청 144000개 처리 | 현재까지의 RPS: 697.10최근 1000개 request의 p99 TTFT: 0.4815 초 | 
2025-10-02 00:21:33,970 - INFO - [실시간] 요청 145000개 처리 | 현재까지의 RPS: 696.97최근 1000개 request의 p99 TTFT: 0.2414 초 | 
2025-10-02 00:21:35,417 - INFO - [실시간] 요청 146000개 처리 | 현재까지의 RPS: 696.93최근 1000개 request의 p99 TTFT: 0.2339 초 | 
2025-10-02 00:21:36,832 - INFO - [실시간] 요청 147000개 처리 | 현재까지의 RPS: 696.99최근 1000개 request의 p99 TTFT: 0.5467 초 | 
2025-10-02 00:21:38,495 - INFO - [실시간] 요청 148000개 처리 | 현재까지의 RPS: 696.24최근 1000개 request의 p99 TTFT: 0.8957 초 | 
2025-10-02 00:21:39,635 - INFO - [실시간] 요청 149000개 처리 | 현재까지의 RPS: 697.21최근 1000개 request의 p99 TTFT: 1.1135 초 | 
2025-10-02 00:21:41,059 - INFO - [실시간] 요청 150000개 처리 | 현재까지의 RPS: 697.24최근 1000개 request의 p99 TTFT: 0.4287 초 | 
2025-10-02 00:21:42,480 - INFO - [실시간] 요청 151000개 처리 | 현재까지의 RPS: 697.28최근 1000개 request의 p99 TTFT: 0.2600 초 | 
2025-10-02 00:21:43,968 - INFO - [실시간] 요청 152000개 처리 | 현재까지의 RPS: 697.11최근 1000개 request의 p99 TTFT: 0.3178 초 | 
2025-10-02 00:21:45,432 - INFO - [실시간] 요청 153000개 처리 | 현재까지의 RPS: 697.02최근 1000개 request의 p99 TTFT: 0.3558 초 | 
2025-10-02 00:21:46,813 - INFO - [실시간] 요청 154000개 처리 | 현재까지의 RPS: 697.19최근 1000개 request의 p99 TTFT: 0.2453 초 | 
2025-10-02 00:21:48,145 - INFO - [실시간] 요청 155000개 처리 | 현재까지의 RPS: 697.51최근 1000개 request의 p99 TTFT: 0.2270 초 | 
2025-10-02 00:21:49,550 - INFO - [실시간] 요청 156000개 처리 | 현재까지의 RPS: 697.60최근 1000개 request의 p99 TTFT: 0.2861 초 | 
2025-10-02 00:21:50,955 - INFO - [실시간] 요청 157000개 처리 | 현재까지의 RPS: 697.69최근 1000개 request의 p99 TTFT: 0.2313 초 | 
2025-10-02 00:21:52,351 - INFO - [실시간] 요청 158000개 처리 | 현재까지의 RPS: 697.80최근 1000개 request의 p99 TTFT: 0.4480 초 | 
2025-10-02 00:21:53,774 - INFO - [실시간] 요청 159000개 처리 | 현재까지의 RPS: 697.83최근 1000개 request의 p99 TTFT: 0.2465 초 | 
2025-10-02 00:21:55,549 - INFO - [실시간] 요청 160000개 처리 | 현재까지의 RPS: 696.79최근 1000개 request의 p99 TTFT: 0.5621 초 | 
2025-10-02 00:21:56,998 - INFO - [실시간] 요청 161000개 처리 | 현재까지의 RPS: 696.75최근 1000개 request의 p99 TTFT: 1.1241 초 | 
2025-10-02 00:21:58,285 - INFO - [실시간] 요청 162000개 처리 | 현재까지의 RPS: 697.20최근 1000개 request의 p99 TTFT: 1.1207 초 | 
2025-10-02 00:21:59,505 - INFO - [실시간] 요청 163000개 처리 | 현재까지의 RPS: 697.83최근 1000개 request의 p99 TTFT: 0.6499 초 | 
2025-10-02 00:22:00,958 - INFO - [실시간] 요청 164000개 처리 | 현재까지의 RPS: 697.77최근 1000개 request의 p99 TTFT: 0.2057 초 | 
2025-10-02 00:22:02,487 - INFO - [실시간] 요청 165000개 처리 | 현재까지의 RPS: 697.49최근 1000개 request의 p99 TTFT: 0.2371 초 | 
2025-10-02 00:22:03,944 - INFO - [실시간] 요청 166000개 처리 | 현재까지의 RPS: 697.42최근 1000개 request의 p99 TTFT: 0.2185 초 | 
2025-10-02 00:22:05,319 - INFO - [실시간] 요청 167000개 처리 | 현재까지의 RPS: 697.59최근 1000개 request의 p99 TTFT: 0.2596 초 | 
2025-10-02 00:22:06,641 - INFO - [실시간] 요청 168000개 처리 | 현재까지의 RPS: 697.92최근 1000개 request의 p99 TTFT: 0.2302 초 | 
2025-10-02 00:22:08,109 - INFO - [실시간] 요청 169000개 처리 | 현재까지의 RPS: 697.82최근 1000개 request의 p99 TTFT: 0.2106 초 | 
2025-10-02 00:22:09,537 - INFO - [실시간] 요청 170000개 처리 | 현재까지의 RPS: 697.83최근 1000개 request의 p99 TTFT: 0.2810 초 | 
2025-10-02 00:22:10,977 - INFO - [실시간] 요청 171000개 처리 | 현재까지의 RPS: 697.81최근 1000개 request의 p99 TTFT: 0.4352 초 | 
2025-10-02 00:22:12,454 - INFO - [실시간] 요청 172000개 처리 | 현재까지의 RPS: 697.69최근 1000개 request의 p99 TTFT: 0.4952 초 | 
2025-10-02 00:22:14,141 - INFO - [실시간] 요청 173000개 처리 | 현재까지의 RPS: 696.97최근 1000개 request의 p99 TTFT: 0.9595 초 | 
2025-10-02 00:22:15,341 - INFO - [실시간] 요청 174000개 처리 | 현재까지의 RPS: 697.63최근 1000개 request의 p99 TTFT: 1.2623 초 | 
2025-10-02 00:22:16,609 - INFO - [실시간] 요청 175000개 처리 | 현재까지의 RPS: 698.09최근 1000개 request의 p99 TTFT: 1.2166 초 | 
2025-10-02 00:22:18,092 - INFO - [실시간] 요청 176000개 처리 | 현재까지의 RPS: 697.95최근 1000개 request의 p99 TTFT: 0.2341 초 | 
2025-10-02 00:22:19,529 - INFO - [실시간] 요청 177000개 처리 | 현재까지의 RPS: 697.94최근 1000개 request의 p99 TTFT: 0.4850 초 | 
2025-10-02 00:22:21,024 - INFO - [실시간] 요청 178000개 처리 | 현재까지의 RPS: 697.77최근 1000개 request의 p99 TTFT: 0.2768 초 | 
2025-10-02 00:22:22,408 - INFO - [실시간] 요청 179000개 처리 | 현재까지의 RPS: 697.90최근 1000개 request의 p99 TTFT: 0.3476 초 | 
2025-10-02 00:22:23,778 - INFO - [실시간] 요청 180000개 처리 | 현재까지의 RPS: 698.07최근 1000개 request의 p99 TTFT: 0.2499 초 | 
2025-10-02 00:22:25,191 - INFO - [실시간] 요청 181000개 처리 | 현재까지의 RPS: 698.12최근 1000개 request의 p99 TTFT: 0.5266 초 | 
2025-10-02 00:22:26,685 - INFO - [실시간] 요청 182000개 처리 | 현재까지의 RPS: 697.96최근 1000개 request의 p99 TTFT: 0.2534 초 | 
2025-10-02 00:22:27,981 - INFO - [실시간] 요청 183000개 처리 | 현재까지의 RPS: 698.32최근 1000개 request의 p99 TTFT: 0.5138 초 | 
2025-10-02 00:22:29,477 - INFO - [실시간] 요청 184000개 처리 | 현재까지의 RPS: 698.16최근 1000개 request의 p99 TTFT: 0.3105 초 | 
2025-10-02 00:22:31,501 - INFO - [실시간] 요청 185000개 처리 | 현재까지의 RPS: 696.60최근 1000개 request의 p99 TTFT: 0.7062 초 | 
2025-10-02 00:22:32,713 - INFO - [실시간] 요청 186000개 처리 | 현재까지의 RPS: 697.18최근 1000개 request의 p99 TTFT: 1.3642 초 | 
2025-10-02 00:22:33,960 - INFO - [실시간] 요청 187000개 처리 | 현재까지의 RPS: 697.67최근 1000개 request의 p99 TTFT: 1.6089 초 | 
2025-10-02 00:22:35,145 - INFO - [실시간] 요청 188000개 처리 | 현재까지의 RPS: 698.31최근 1000개 request의 p99 TTFT: 1.3361 초 | 
2025-10-02 00:22:36,581 - INFO - [실시간] 요청 189000개 처리 | 현재까지의 RPS: 698.30최근 1000개 request의 p99 TTFT: 0.4494 초 | 
2025-10-02 00:22:38,082 - INFO - [실시간] 요청 190000개 처리 | 현재까지의 RPS: 698.13최근 1000개 request의 p99 TTFT: 0.3120 초 | 
2025-10-02 00:22:39,580 - INFO - [실시간] 요청 191000개 처리 | 현재까지의 RPS: 697.96최근 1000개 request의 p99 TTFT: 0.2479 초 | 
2025-10-02 00:22:41,004 - INFO - [실시간] 요청 192000개 처리 | 현재까지의 RPS: 697.98최근 1000개 request의 p99 TTFT: 0.4298 초 | 
2025-10-02 00:22:42,317 - INFO - [실시간] 요청 193000개 처리 | 현재까지의 RPS: 698.28최근 1000개 request의 p99 TTFT: 0.3235 초 | 
2025-10-02 00:22:43,661 - INFO - [실시간] 요청 194000개 처리 | 현재까지의 RPS: 698.51최근 1000개 request의 p99 TTFT: 0.4663 초 | 
2025-10-02 00:22:45,424 - INFO - [실시간] 요청 195000개 처리 | 현재까지의 RPS: 697.68최근 1000개 request의 p99 TTFT: 0.6150 초 | 
2025-10-02 00:22:46,581 - INFO - [실시간] 요청 196000개 처리 | 현재까지의 RPS: 698.36최근 1000개 request의 p99 TTFT: 0.9831 초 | 
2025-10-02 00:22:47,949 - INFO - [실시간] 요청 197000개 처리 | 현재까지의 RPS: 698.52최근 1000개 request의 p99 TTFT: 0.3103 초 | 
2025-10-02 00:22:49,445 - INFO - [실시간] 요청 198000개 처리 | 현재까지의 RPS: 698.36최근 1000개 request의 p99 TTFT: 0.2373 초 | 
2025-10-02 00:22:50,843 - INFO - [실시간] 요청 199000개 처리 | 현재까지의 RPS: 698.45최근 1000개 request의 p99 TTFT: 0.4538 초 | 
2025-10-02 00:22:52,304 - INFO - [실시간] 요청 200000개 처리 | 현재까지의 RPS: 698.37최근 1000개 request의 p99 TTFT: 0.4716 초 | 
2025-10-02 00:22:53,691 - INFO - [실시간] 요청 201000개 처리 | 현재까지의 RPS: 698.48최근 1000개 request의 p99 TTFT: 0.4401 초 | 
2025-10-02 00:22:55,076 - INFO - [실시간] 요청 202000개 처리 | 현재까지의 RPS: 698.60최근 1000개 request의 p99 TTFT: 0.2161 초 | 
2025-10-02 00:22:56,470 - INFO - [실시간] 요청 203000개 처리 | 현재까지의 RPS: 698.69최근 1000개 request의 p99 TTFT: 0.3492 초 | 
2025-10-02 00:22:57,898 - INFO - [실시간] 요청 204000개 처리 | 현재까지의 RPS: 698.70최근 1000개 request의 p99 TTFT: 0.2632 초 | 
2025-10-02 00:22:59,282 - INFO - [실시간] 요청 205000개 처리 | 현재까지의 RPS: 698.81최근 1000개 request의 p99 TTFT: 0.6074 초 | 
2025-10-02 00:23:00,717 - INFO - [실시간] 요청 206000개 처리 | 현재까지의 RPS: 698.80최근 1000개 request의 p99 TTFT: 0.2578 초 | 
2025-10-02 00:23:02,166 - INFO - [실시간] 요청 207000개 처리 | 현재까지의 RPS: 698.76최근 1000개 request의 p99 TTFT: 0.2197 초 | 
2025-10-02 00:23:03,539 - INFO - [실시간] 요청 208000개 처리 | 현재까지의 RPS: 698.89최근 1000개 request의 p99 TTFT: 0.3249 초 | 
2025-10-02 00:23:05,389 - INFO - [실시간] 요청 209000개 처리 | 현재까지의 RPS: 697.91최근 1000개 request의 p99 TTFT: 0.6593 초 | 
2025-10-02 00:23:06,657 - INFO - [실시간] 요청 210000개 처리 | 현재까지의 RPS: 698.30최근 1000개 request의 p99 TTFT: 1.0831 초 | 
2025-10-02 00:23:07,903 - INFO - [실시간] 요청 211000개 처리 | 현재까지의 RPS: 698.73최근 1000개 request의 p99 TTFT: 1.0136 초 | 
2025-10-02 00:23:09,272 - INFO - [실시간] 요청 212000개 처리 | 현재까지의 RPS: 698.87최근 1000개 request의 p99 TTFT: 0.5762 초 | 
2025-10-02 00:23:10,697 - INFO - [실시간] 요청 213000개 처리 | 현재까지의 RPS: 698.88최근 1000개 request의 p99 TTFT: 0.6843 초 | 
2025-10-02 00:23:12,147 - INFO - [실시간] 요청 214000개 처리 | 현재까지의 RPS: 698.84최근 1000개 request의 p99 TTFT: 0.2382 초 | 
2025-10-02 00:23:13,545 - INFO - [실시간] 요청 215000개 처리 | 현재까지의 RPS: 698.91최근 1000개 request의 p99 TTFT: 0.2276 초 | 
2025-10-02 00:23:14,943 - INFO - [실시간] 요청 216000개 처리 | 현재까지의 RPS: 698.99최근 1000개 request의 p99 TTFT: 0.2357 초 | 
2025-10-02 00:23:16,427 - INFO - [실시간] 요청 217000개 처리 | 현재까지의 RPS: 698.87최근 1000개 request의 p99 TTFT: 0.2249 초 | 
2025-10-02 00:23:17,853 - INFO - [실시간] 요청 218000개 처리 | 현재까지의 RPS: 698.88최근 1000개 request의 p99 TTFT: 0.2560 초 | 
2025-10-02 00:23:19,189 - INFO - [실시간] 요청 219000개 처리 | 현재까지의 RPS: 699.09최근 1000개 request의 p99 TTFT: 0.4422 초 | 
2025-10-02 00:23:20,671 - INFO - [실시간] 요청 220000개 처리 | 현재까지의 RPS: 698.98최근 1000개 request의 p99 TTFT: 0.3016 초 | 
2025-10-02 00:23:22,070 - INFO - [실시간] 요청 221000개 처리 | 현재까지의 RPS: 699.05최근 1000개 request의 p99 TTFT: 0.2372 초 | 
2025-10-02 00:23:23,887 - INFO - [실시간] 요청 222000개 처리 | 현재까지의 RPS: 698.20최근 1000개 request의 p99 TTFT: 0.8448 초 | 
2025-10-02 00:23:25,135 - INFO - [실시간] 요청 223000개 처리 | 현재까지의 RPS: 698.60최근 1000개 request의 p99 TTFT: 1.1353 초 | 
2025-10-02 00:23:26,364 - INFO - [실시간] 요청 224000개 처리 | 현재까지의 RPS: 699.04최근 1000개 request의 p99 TTFT: 0.8102 초 | 
2025-10-02 00:23:27,709 - INFO - [실시간] 요청 225000개 처리 | 현재까지의 RPS: 699.23최근 1000개 request의 p99 TTFT: 0.5108 초 | 
2025-10-02 00:23:29,234 - INFO - [실시간] 요청 226000개 처리 | 현재까지의 RPS: 699.02최근 1000개 request의 p99 TTFT: 0.5521 초 | 
2025-10-02 00:23:30,707 - INFO - [실시간] 요청 227000개 처리 | 현재까지의 RPS: 698.93최근 1000개 request의 p99 TTFT: 0.2149 초 | 
2025-10-02 00:23:32,080 - INFO - [실시간] 요청 228000개 처리 | 현재까지의 RPS: 699.05최근 1000개 request의 p99 TTFT: 0.3931 초 | 
2025-10-02 00:23:33,495 - INFO - [실시간] 요청 229000개 처리 | 현재까지의 RPS: 699.09최근 1000개 request의 p99 TTFT: 0.3610 초 | 
2025-10-02 00:23:34,856 - INFO - [실시간] 요청 230000개 처리 | 현재까지의 RPS: 699.23최근 1000개 request의 p99 TTFT: 0.3135 초 | 
2025-10-02 00:23:36,225 - INFO - [실시간] 요청 231000개 처리 | 현재까지의 RPS: 699.36최근 1000개 request의 p99 TTFT: 0.2412 초 | 
통계에 반영된 요청 인덱스 범위: 20000 ~ 231000 (총 211000개 요청)
통계 반영된 요청 수: 211000, 통계 반영된 시간: 300.05 초

==================================================
 실험 최종 결과 요약
==================================================
 설정 실험 시간: 330 초
 Clients 수: 5100
 통계 반영 시간: 300.05 초
 총 시도된 요청: 211000 개
 총 완료된 요청: 211000 개
 총 실패한 요청: 0 개
 완료 요청 중 retrieval이 실패한 요청: -20220 개
 요청 성공률: 100.00%
 전체 Requests Per Second (RPS): 703.21
--------------------------------------------------
 Time to First Token (TTFT) Latency:
  - 평균 (Mean): 0.1720 초
  - 중간값 (50%ile): 0.1270 초
  - 최소값 (Min): 0.0275 초
  - 최대값 (Max): 2.3923 초
  - 95%ile Tail: 0.4764 초
  - 99%ile Tail: 0.8547 초
--------------------------------------------------
 Time Per Output Token (TPOT):
  - 평균 (Mean): 16.75 ms/token
--------------------------------------------------
 Embedding Latency:
  - 총 샘플 수: 211000
  - 평균 (Mean): 8.59 ms
  - 중간값 (50%ile): 6.00 ms
  - 95%ile Tail: 18.00 ms
  - 99%ile Tail: 47.00 ms
--------------------------------------------------
 VectorDB Search Latency:
  - 총 샘플 수: 211000
  - 평균 (Mean): 75.62 ms
  - 중간값 (50%ile): 30.00 ms
  - 95%ile Tail: 312.00 ms
  - 99%ile Tail: 679.00 ms
--------------------------------------------------
 Document Search Latency:
  - 총 샘플 수: 211000
  - 평균 (Mean): 15.45 ms
  - 중간값 (50%ile): 8.00 ms
  - 95%ile Tail: 50.00 ms
  - 99%ile Tail: 103.00 ms
--------------------------------------------------
 Total Retrieval Latency:
  - 총 샘플 수: 211000
  - 평균 (Mean): 99.69 ms
  - 중간값 (50%ile): 49.00 ms
  - 95%ile Tail: 368.00 ms
  - 99%ile Tail: 764.00 ms
==================================================
