2025-10-01 17:09:17,751 - INFO - ReqGen 시작: 서버=163.152.48.109:9000, 클라이언트=1000, 시간=60초
2025-10-01 17:09:17,751 - INFO - Hugging Face에서 'kroshan/BioASQ' 데이터셋을 로드합니다...
2025-10-01 17:09:24,684 - INFO - 3266개의 질문을 로드했습니다.
2025-10-01 17:09:24,685 - INFO - 부하 테스트 시작, client 수 = 1000
2025-10-01 17:09:24,685 - INFO - Zipf 값 1.2에서 상위 20%의 질문이 차지하는 비율: 91.82%
2025-10-01 17:09:33,657 - INFO - [실시간] 요청 1000개 처리 | 현재까지의 RPS: 111.47최근 1000개 request의 p99 TTFT: 0.1733 초 | 
2025-10-01 17:09:40,639 - INFO - [실시간] 요청 2000개 처리 | 현재까지의 RPS: 125.36최근 1000개 request의 p99 TTFT: 0.3288 초 | 
2025-10-01 17:09:47,703 - INFO - [실시간] 요청 3000개 처리 | 현재까지의 RPS: 130.33최근 1000개 request의 p99 TTFT: 0.2017 초 | 
2025-10-01 17:09:54,866 - INFO - [실시간] 요청 4000개 처리 | 현재까지의 RPS: 132.54최근 1000개 request의 p99 TTFT: 0.1799 초 | 
2025-10-01 17:10:01,996 - INFO - [실시간] 요청 5000개 처리 | 현재까지의 RPS: 134.01최근 1000개 request의 p99 TTFT: 0.1770 초 | 
2025-10-01 17:10:09,088 - INFO - [실시간] 요청 6000개 처리 | 현재까지의 RPS: 135.13최근 1000개 request의 p99 TTFT: 0.1772 초 | 
2025-10-01 17:10:16,327 - INFO - [실시간] 요청 7000개 처리 | 현재까지의 RPS: 135.55최근 1000개 request의 p99 TTFT: 0.1933 초 | 
2025-10-01 17:10:23,450 - INFO - [실시간] 요청 8000개 처리 | 현재까지의 RPS: 136.13최근 1000개 request의 p99 TTFT: 0.1815 초 | 

==================================================
 실험 최종 결과 요약
==================================================
 설정 실험 시간: 60 초
 Clients 수: 1000
 통계 반영 시간: 92.22 초
 총 시도된 요청: 8260 개
 총 완료된 요청: 8260 개
 총 실패한 요청: 0 개
 요청 성공률: 100.00%
 전체 Requests Per Second (RPS): -0.01
--------------------------------------------------
 Time to First Token (TTFT) Latency:
  - 평균 (Mean): 0.1028 초
  - 중간값 (50%ile): 0.0970 초
  - 95%ile Tail: 0.1613 초
  - 99%ile Tail: 0.1938 초
--------------------------------------------------
 Time Per Output Token (TPOT):
  - 평균 (Mean): 16.49 ms/token
--------------------------------------------------
 Embedding Latency:
  - 평균 (Mean): 8.69 ms
  - 중간값 (50%ile): 7.00 ms
  - 95%ile Tail: 16.00 ms
  - 99%ile Tail: 23.00 ms
--------------------------------------------------
 VectorDB Search Latency:
  - 평균 (Mean): 11.90 ms
  - 중간값 (50%ile): 11.00 ms
  - 95%ile Tail: 18.00 ms
  - 99%ile Tail: 25.00 ms
--------------------------------------------------
 Document Search Latency:
  - 평균 (Mean): 7.82 ms
  - 중간값 (50%ile): 7.00 ms
  - 95%ile Tail: 13.00 ms
  - 99%ile Tail: 20.00 ms
--------------------------------------------------
 Total Retrieval Latency:
  - 평균 (Mean): 28.43 ms
  - 중간값 (50%ile): 26.00 ms
  - 95%ile Tail: 41.00 ms
  - 99%ile Tail: 56.00 ms
==================================================
