2025-10-02 11:55:05,450 - INFO - ReqGen 시작: 서버=163.152.48.109:9000, 클라이언트=50, 시간=330초
2025-10-02 11:55:05,450 - INFO - Hugging Face에서 'kroshan/BioASQ' 데이터셋을 로드합니다...
2025-10-02 11:55:12,422 - INFO - 3266개의 질문을 로드했습니다.
2025-10-02 11:55:12,424 - INFO - 부하 테스트 시작, client 수 = 50
2025-10-02 11:55:12,424 - INFO - Zipf 값 1.2에서 상위 20%의 질문이 차지하는 비율: 91.82%
2025-10-02 11:57:43,027 - INFO - [실시간] 요청 1000개 처리 | 현재까지의 RPS: 6.64최근 1000개 request의 p99 TTFT: 3.1503 초 | 
2025-10-02 11:57:43,028 - WARNING - 최근 1000개의 p99 TTFT 3.1503 초가 SLO 의 2배 (2.0 초)를 초과했습니다. 부하 테스트를 조기 종료합니다.
통계에 반영된 요청 인덱스 범위: 0 ~ 1000 (총 1000개 요청)
통계 반영된 요청 수: 1000, 통계 반영된 시간: 168.92 초

==================================================
 실험 최종 결과 요약
==================================================
 부하 테스트가 조기 종료되었습니다! (SLO 위반)
 Client 수를 낮추어 다시 시도하세요.
 설정 실험 시간: 330 초
 Clients 수: 50
 통계 반영 시간: 168.92 초
 총 시도된 요청: 1000 개
 총 완료된 요청: 1000 개
 총 실패한 요청: 0 개
 완료 요청 중 retrieval이 실패한 요청: -4 개
 요청 성공률: 100.00%
 전체 Requests Per Second (RPS): 5.92
--------------------------------------------------
 Time to First Token (TTFT) Latency:
  - 평균 (Mean): 0.2081 초
  - 중간값 (50%ile): 0.1064 초
  - 최소값 (Min): 0.0408 초
  - 최대값 (Max): 5.0528 초
  - 95%ile Tail: 0.3710 초
  - 99%ile Tail: 3.1503 초
--------------------------------------------------
 Time Per Output Token (TPOT):
  - 평균 (Mean): 16.44 ms/token
--------------------------------------------------
 Embedding Latency:
  - 총 샘플 수: 992
  - 평균 (Mean): 9.15 ms
  - 중간값 (50%ile): 8.00 ms
  - 95%ile Tail: 18.00 ms
  - 99%ile Tail: 23.00 ms
--------------------------------------------------
 VectorDB Search Latency:
  - 총 샘플 수: 992
  - 평균 (Mean): 114.75 ms
  - 중간값 (50%ile): 9.00 ms
  - 95%ile Tail: 210.95 ms
  - 99%ile Tail: 3087.10 ms
--------------------------------------------------
 Document Search Latency:
  - 총 샘플 수: 992
  - 평균 (Mean): 8.65 ms
  - 중간값 (50%ile): 8.00 ms
  - 95%ile Tail: 11.00 ms
  - 99%ile Tail: 23.09 ms
--------------------------------------------------
 Total Retrieval Latency:
  - 총 샘플 수: 1000
  - 평균 (Mean): 133.49 ms
  - 중간값 (50%ile): 25.00 ms
  - 95%ile Tail: 292.35 ms
  - 99%ile Tail: 3079.08 ms
==================================================
