2025-10-02 07:02:40,304 - INFO - ReqGen 시작: 서버=163.152.48.109:9000, 클라이언트=2, 시간=330초
2025-10-02 07:02:40,304 - INFO - Hugging Face에서 'kroshan/BioASQ' 데이터셋을 로드합니다...
2025-10-02 07:02:47,530 - INFO - 3266개의 질문을 로드했습니다.
2025-10-02 07:02:47,531 - INFO - 부하 테스트 시작, client 수 = 2
2025-10-02 07:02:47,531 - INFO - Zipf 값 1.2에서 상위 20%의 질문이 차지하는 비율: 91.82%
통계에 반영된 요청 인덱스 범위: 0 ~ 57 (총 57개 요청)
통계 반영된 요청 수: 57, 통계 반영된 시간: 334.82 초

==================================================
 실험 최종 결과 요약
==================================================
 설정 실험 시간: 330 초
 Clients 수: 2
 통계 반영 시간: 334.82 초
 총 시도된 요청: 57 개
 총 완료된 요청: 57 개
 총 실패한 요청: 0 개
 완료 요청 중 retrieval이 실패한 요청: 0 개
 요청 성공률: 100.00%
 전체 Requests Per Second (RPS): 0.17
--------------------------------------------------
 Time to First Token (TTFT) Latency:
  - 평균 (Mean): 0.5149 초
  - 중간값 (50%ile): 0.1336 초
  - 최소값 (Min): 0.0482 초
  - 최대값 (Max): 7.2030 초
  - 95%ile Tail: 1.6039 초
  - 99%ile Tail: 5.1556 초
--------------------------------------------------
 Time Per Output Token (TPOT):
  - 평균 (Mean): 16.81 ms/token
--------------------------------------------------
 Embedding Latency:
  - 총 샘플 수: 42
  - 평균 (Mean): 12.14 ms
  - 중간값 (50%ile): 11.00 ms
  - 95%ile Tail: 20.95 ms
  - 99%ile Tail: 23.59 ms
--------------------------------------------------
 VectorDB Search Latency:
  - 총 샘플 수: 42
  - 평균 (Mean): 519.43 ms
  - 중간값 (50%ile): 11.00 ms
  - 95%ile Tail: 1799.25 ms
  - 99%ile Tail: 5656.53 ms
--------------------------------------------------
 Document Search Latency:
  - 총 샘플 수: 42
  - 평균 (Mean): 8.05 ms
  - 중간값 (50%ile): 8.00 ms
  - 95%ile Tail: 10.00 ms
  - 99%ile Tail: 12.18 ms
--------------------------------------------------
 Total Retrieval Latency:
  - 총 샘플 수: 57
  - 평균 (Mean): 445.61 ms
  - 중간값 (50%ile): 33.00 ms
  - 95%ile Tail: 1534.20 ms
  - 99%ile Tail: 5126.92 ms
==================================================
