2025-11-18 21:07:10,174 - INFO - ReqGen 시작: 서버=163.152.48.109:9000, 클라이언트=7800, 시간=330초
2025-11-18 21:07:10,174 - INFO - Hugging Face에서 'kroshan/BioASQ' 데이터셋을 로드합니다...
2025-11-18 21:07:15,485 - INFO - 3266개의 질문을 로드했습니다.
2025-11-18 21:07:15,486 - INFO - 부하 테스트 시작, client 수 = 7800
2025-11-18 21:07:15,486 - INFO - Zipf 값 1.2에서 상위 20%의 질문이 차지하는 비율: 91.82%
2025-11-18 21:07:20,617 - INFO - [실시간] 요청 1000개 처리 | 현재까지의 RPS: 194.90최근 1000개 request의 p99 TTFT: 0.2756 초 | 
2025-11-18 21:07:23,335 - INFO - [실시간] 요청 2000개 처리 | 현재까지의 RPS: 254.80최근 1000개 request의 p99 TTFT: 0.4747 초 | 
2025-11-18 21:07:25,700 - INFO - [실시간] 요청 3000개 처리 | 현재까지의 RPS: 293.70최근 1000개 request의 p99 TTFT: 0.3288 초 | 
2025-11-18 21:07:27,875 - INFO - [실시간] 요청 4000개 처리 | 현재까지의 RPS: 322.85최근 1000개 request의 p99 TTFT: 0.3599 초 | 
2025-11-18 21:07:29,887 - INFO - [실시간] 요청 5000개 처리 | 현재까지의 RPS: 347.19최근 1000개 request의 p99 TTFT: 0.5476 초 | 
2025-11-18 21:07:31,707 - INFO - [실시간] 요청 6000개 처리 | 현재까지의 RPS: 369.90최근 1000개 request의 p99 TTFT: 0.3113 초 | 
2025-11-18 21:07:33,645 - INFO - [실시간] 요청 7000개 처리 | 현재까지의 RPS: 385.49최근 1000개 request의 p99 TTFT: 0.8648 초 | 
2025-11-18 21:07:35,271 - INFO - [실시간] 요청 8000개 처리 | 현재까지의 RPS: 404.35최근 1000개 request의 p99 TTFT: 0.8034 초 | 
2025-11-18 21:07:37,133 - INFO - [실시간] 요청 9000개 처리 | 현재까지의 RPS: 415.77최근 1000개 request의 p99 TTFT: 0.8276 초 | 
2025-11-18 21:07:39,327 - INFO - [실시간] 요청 10000개 처리 | 현재까지의 RPS: 419.44최근 1000개 request의 p99 TTFT: 0.7587 초 | 
2025-11-18 21:07:41,500 - INFO - [실시간] 요청 11000개 처리 | 현재까지의 RPS: 422.84최근 1000개 request의 p99 TTFT: 0.5229 초 | 
2025-11-18 21:07:43,719 - INFO - [실시간] 요청 12000개 처리 | 현재까지의 RPS: 425.03최근 1000개 request의 p99 TTFT: 0.2420 초 | 
2025-11-18 21:07:45,956 - INFO - [실시간] 요청 13000개 처리 | 현재까지의 RPS: 426.64최근 1000개 request의 p99 TTFT: 0.2215 초 | 
2025-11-18 21:07:47,800 - INFO - [실시간] 요청 14000개 처리 | 현재까지의 RPS: 433.24최근 1000개 request의 p99 TTFT: 0.5182 초 | 
2025-11-18 21:07:49,655 - INFO - [실시간] 요청 15000개 처리 | 현재까지의 RPS: 438.99최근 1000개 request의 p99 TTFT: 0.3724 초 | 
2025-11-18 21:07:51,592 - INFO - [실시간] 요청 16000개 처리 | 현재까지의 RPS: 443.13최근 1000개 request의 p99 TTFT: 0.2057 초 | 
2025-11-18 21:07:53,514 - INFO - [실시간] 요청 17000개 처리 | 현재까지의 RPS: 447.04최근 1000개 request의 p99 TTFT: 0.4360 초 | 
2025-11-18 21:07:55,469 - INFO - [실시간] 요청 18000개 처리 | 현재까지의 RPS: 450.19최근 1000개 request의 p99 TTFT: 0.3697 초 | 
2025-11-18 21:07:57,390 - INFO - [실시간] 요청 19000개 처리 | 현재까지의 RPS: 453.41최근 1000개 request의 p99 TTFT: 0.2146 초 | 
2025-11-18 21:07:59,680 - INFO - [실시간] 요청 20000개 처리 | 현재까지의 RPS: 452.55최근 1000개 request의 p99 TTFT: 0.8778 초 | 
2025-11-18 21:08:01,592 - INFO - [실시간] 요청 21000개 처리 | 현재까지의 RPS: 455.47최근 1000개 request의 p99 TTFT: 0.9359 초 | 
2025-11-18 21:08:03,614 - INFO - [실시간] 요청 22000개 처리 | 현재까지의 RPS: 457.12최근 1000개 request의 p99 TTFT: 0.2214 초 | 
2025-11-18 21:08:05,636 - INFO - [실시간] 요청 23000개 처리 | 현재까지의 RPS: 458.63최근 1000개 request의 p99 TTFT: 0.2398 초 | 
2025-11-18 21:08:07,703 - INFO - [실시간] 요청 24000개 처리 | 현재까지의 RPS: 459.62최근 1000개 request의 p99 TTFT: 0.5370 초 | 
2025-11-18 21:08:09,744 - INFO - [실시간] 요청 25000개 처리 | 현재까지의 RPS: 460.76최근 1000개 request의 p99 TTFT: 0.2327 초 | 
2025-11-18 21:08:11,857 - INFO - [실시간] 요청 26000개 처리 | 현재까지의 RPS: 461.23최근 1000개 request의 p99 TTFT: 0.9411 초 | 
2025-11-18 21:08:13,678 - INFO - [실시간] 요청 27000개 처리 | 현재까지의 RPS: 463.98최근 1000개 request의 p99 TTFT: 1.0381 초 | 
2025-11-18 21:08:15,624 - INFO - [실시간] 요청 28000개 처리 | 현재까지의 RPS: 465.59최근 1000개 request의 p99 TTFT: 0.2177 초 | 
2025-11-18 21:08:17,485 - INFO - [실시간] 요청 29000개 처리 | 현재까지의 RPS: 467.75최근 1000개 request의 p99 TTFT: 0.3001 초 | 
2025-11-18 21:08:19,199 - INFO - [실시간] 요청 30000개 처리 | 현재까지의 RPS: 470.86최근 1000개 request의 p99 TTFT: 0.4209 초 | 
2025-11-18 21:08:20,991 - INFO - [실시간] 요청 31000개 처리 | 현재까지의 RPS: 473.24최근 1000개 request의 p99 TTFT: 0.3238 초 | 
2025-11-18 21:08:22,755 - INFO - [실시간] 요청 32000개 처리 | 현재까지의 RPS: 475.70최근 1000개 request의 p99 TTFT: 0.6361 초 | 
2025-11-18 21:08:24,518 - INFO - [실시간] 요청 33000개 처리 | 현재까지의 RPS: 478.04최근 1000개 request의 p99 TTFT: 0.4280 초 | 
2025-11-18 21:08:26,215 - INFO - [실시간] 요청 34000개 처리 | 현재까지의 RPS: 480.71최근 1000개 request의 p99 TTFT: 0.2846 초 | 
2025-11-18 21:08:27,808 - INFO - [실시간] 요청 35000개 처리 | 현재까지의 RPS: 483.95최근 1000개 request의 p99 TTFT: 0.2792 초 | 
2025-11-18 21:08:29,532 - INFO - [실시간] 요청 36000개 처리 | 현재까지의 RPS: 486.18최근 1000개 request의 p99 TTFT: 0.4465 초 | 
2025-11-18 21:08:31,223 - INFO - [실시간] 요청 37000개 처리 | 현재까지의 RPS: 488.53최근 1000개 request의 p99 TTFT: 0.5604 초 | 
2025-11-18 21:08:32,796 - INFO - [실시간] 요청 38000개 처리 | 현재까지의 RPS: 491.53최근 1000개 request의 p99 TTFT: 0.5152 초 | 
2025-11-18 21:08:34,340 - INFO - [실시간] 요청 39000개 처리 | 현재까지의 RPS: 494.59최근 1000개 request의 p99 TTFT: 0.4411 초 | 
2025-11-18 21:08:35,892 - INFO - [실시간] 요청 40000개 처리 | 현재까지의 RPS: 497.47최근 1000개 request의 p99 TTFT: 0.4422 초 | 
2025-11-18 21:08:37,424 - INFO - [실시간] 요청 41000개 처리 | 현재까지의 RPS: 500.38최근 1000개 request의 p99 TTFT: 0.4390 초 | 
2025-11-18 21:08:39,312 - INFO - [실시간] 요청 42000개 처리 | 현재까지의 RPS: 501.04최근 1000개 request의 p99 TTFT: 0.9268 초 | 
2025-11-18 21:08:40,913 - INFO - [실시간] 요청 43000개 처리 | 현재까지의 RPS: 503.35최근 1000개 request의 p99 TTFT: 1.0914 초 | 
2025-11-18 21:08:42,563 - INFO - [실시간] 요청 44000개 처리 | 현재까지의 RPS: 505.30최근 1000개 request의 p99 TTFT: 0.3497 초 | 
2025-11-18 21:08:44,241 - INFO - [실시간] 요청 45000개 처리 | 현재까지의 RPS: 507.01최근 1000개 request의 p99 TTFT: 0.2621 초 | 
2025-11-18 21:08:45,826 - INFO - [실시간] 요청 46000개 처리 | 현재까지의 RPS: 509.19최근 1000개 request의 p99 TTFT: 0.6206 초 | 
2025-11-18 21:08:47,486 - INFO - [실시간] 요청 47000개 처리 | 현재까지의 RPS: 510.87최근 1000개 request의 p99 TTFT: 0.4150 초 | 
2025-11-18 21:08:49,237 - INFO - [실시간] 요청 48000개 처리 | 현재까지의 RPS: 511.99최근 1000개 request의 p99 TTFT: 0.5795 초 | 
2025-11-18 21:08:50,835 - INFO - [실시간] 요청 49000개 처리 | 현재까지의 RPS: 513.90최근 1000개 request의 p99 TTFT: 0.5757 초 | 
2025-11-18 21:08:52,410 - INFO - [실시간] 요청 50000개 처리 | 현재까지의 RPS: 515.87최근 1000개 request의 p99 TTFT: 0.5412 초 | 
2025-11-18 21:08:53,959 - INFO - [실시간] 요청 51000개 처리 | 현재까지의 RPS: 517.91최근 1000개 request의 p99 TTFT: 0.3625 초 | 
2025-11-18 21:08:55,567 - INFO - [실시간] 요청 52000개 처리 | 현재까지의 RPS: 519.58최근 1000개 request의 p99 TTFT: 0.4433 초 | 
2025-11-18 21:08:57,354 - INFO - [실시간] 요청 53000개 처리 | 현재까지의 RPS: 520.28최근 1000개 request의 p99 TTFT: 0.5126 초 | 
2025-11-18 21:08:59,041 - INFO - [실시간] 요청 54000개 처리 | 현재까지의 RPS: 521.46최근 1000개 request의 p99 TTFT: 0.6295 초 | 
2025-11-18 21:09:00,548 - INFO - [실시간] 요청 55000개 처리 | 현재까지의 RPS: 523.50최근 1000개 request의 p99 TTFT: 0.6289 초 | 
2025-11-18 21:09:02,179 - INFO - [실시간] 요청 56000개 처리 | 현재까지의 RPS: 524.87최근 1000개 request의 p99 TTFT: 0.4863 초 | 
2025-11-18 21:09:03,765 - INFO - [실시간] 요청 57000개 처리 | 현재까지의 RPS: 526.42최근 1000개 request의 p99 TTFT: 0.3068 초 | 
2025-11-18 21:09:05,427 - INFO - [실시간] 요청 58000개 처리 | 현재까지의 RPS: 527.56최근 1000개 request의 p99 TTFT: 0.2094 초 | 
2025-11-18 21:09:07,180 - INFO - [실시간] 요청 59000개 처리 | 현재까지의 RPS: 528.23최근 1000개 request의 p99 TTFT: 0.2707 초 | 
2025-11-18 21:09:08,945 - INFO - [실시간] 요청 60000개 처리 | 현재까지의 RPS: 528.83최근 1000개 request의 p99 TTFT: 0.7967 초 | 
2025-11-18 21:09:10,471 - INFO - [실시간] 요청 61000개 처리 | 현재까지의 RPS: 530.50최근 1000개 request의 p99 TTFT: 0.8289 초 | 
2025-11-18 21:09:11,992 - INFO - [실시간] 요청 62000개 처리 | 현재까지의 RPS: 532.16최근 1000개 request의 p99 TTFT: 0.3942 초 | 
2025-11-18 21:09:13,677 - INFO - [실시간] 요청 63000개 처리 | 현재까지의 RPS: 533.04최근 1000개 request의 p99 TTFT: 0.5049 초 | 
2025-11-18 21:09:15,247 - INFO - [실시간] 요청 64000개 처리 | 현재까지의 RPS: 534.40최근 1000개 request의 p99 TTFT: 0.4572 초 | 
2025-11-18 21:09:16,869 - INFO - [실시간] 요청 65000개 처리 | 현재까지의 RPS: 535.49최근 1000개 request의 p99 TTFT: 0.4491 초 | 
2025-11-18 21:09:18,579 - INFO - [실시간] 요청 66000개 처리 | 현재까지의 RPS: 536.18최근 1000개 request의 p99 TTFT: 1.0607 초 | 
2025-11-18 21:09:20,157 - INFO - [실시간] 요청 67000개 처리 | 현재까지의 RPS: 537.41최근 1000개 request의 p99 TTFT: 1.2115 초 | 
2025-11-18 21:09:21,788 - INFO - [실시간] 요청 68000개 처리 | 현재까지의 RPS: 538.39최근 1000개 request의 p99 TTFT: 0.3766 초 | 
2025-11-18 21:09:23,212 - INFO - [실시간] 요청 69000개 처리 | 현재까지의 RPS: 540.22최근 1000개 request의 p99 TTFT: 0.5204 초 | 
2025-11-18 21:09:24,968 - INFO - [실시간] 요청 70000개 처리 | 현재까지의 RPS: 540.61최근 1000개 request의 p99 TTFT: 0.4855 초 | 
2025-11-18 21:09:26,597 - INFO - [실시간] 요청 71000개 처리 | 현재까지의 RPS: 541.53최근 1000개 request의 p99 TTFT: 0.5947 초 | 
2025-11-18 21:09:28,018 - INFO - [실시간] 요청 72000개 처리 | 현재까지의 RPS: 543.27최근 1000개 request의 p99 TTFT: 0.6123 초 | 
2025-11-18 21:09:29,535 - INFO - [실시간] 요청 73000개 처리 | 현재까지의 RPS: 544.58최근 1000개 request의 p99 TTFT: 0.5252 초 | 
2025-11-18 21:09:31,028 - INFO - [실시간] 요청 74000개 처리 | 현재까지의 RPS: 545.96최근 1000개 request의 p99 TTFT: 0.5325 초 | 
2025-11-18 21:09:32,465 - INFO - [실시간] 요청 75000개 처리 | 현재까지의 RPS: 547.53최근 1000개 request의 p99 TTFT: 0.2695 초 | 
2025-11-18 21:09:33,983 - INFO - [실시간] 요청 76000개 처리 | 현재까지의 RPS: 548.75최근 1000개 request의 p99 TTFT: 0.4848 초 | 
2025-11-18 21:09:35,553 - INFO - [실시간] 요청 77000개 처리 | 현재까지의 RPS: 549.74최근 1000개 request의 p99 TTFT: 1.0104 초 | 
2025-11-18 21:09:37,083 - INFO - [실시간] 요청 78000개 처리 | 현재까지의 RPS: 550.86최근 1000개 request의 p99 TTFT: 0.9248 초 | 
2025-11-18 21:09:38,573 - INFO - [실시간] 요청 79000개 처리 | 현재까지의 RPS: 552.11최근 1000개 request의 p99 TTFT: 0.7577 초 | 
2025-11-18 21:09:39,989 - INFO - [실시간] 요청 80000개 처리 | 현재까지의 RPS: 553.62최근 1000개 request의 p99 TTFT: 0.6482 초 | 
2025-11-18 21:09:41,536 - INFO - [실시간] 요청 81000개 처리 | 현재까지의 RPS: 554.60최근 1000개 request의 p99 TTFT: 0.2525 초 | 
2025-11-18 21:09:43,203 - INFO - [실시간] 요청 82000개 처리 | 현재까지의 RPS: 555.12최근 1000개 request의 p99 TTFT: 0.5786 초 | 
2025-11-18 21:09:44,713 - INFO - [실시간] 요청 83000개 처리 | 현재까지의 RPS: 556.20최근 1000개 request의 p99 TTFT: 0.8752 초 | 
2025-11-18 21:09:46,180 - INFO - [실시간] 요청 84000개 처리 | 현재까지의 RPS: 557.42최근 1000개 request의 p99 TTFT: 0.4372 초 | 
2025-11-18 21:09:47,764 - INFO - [실시간] 요청 85000개 처리 | 현재까지의 RPS: 558.19최근 1000개 request의 p99 TTFT: 0.3316 초 | 
2025-11-18 21:09:49,225 - INFO - [실시간] 요청 86000개 처리 | 현재까지의 RPS: 559.39최근 1000개 request의 p99 TTFT: 0.8117 초 | 
2025-11-18 21:09:50,727 - INFO - [실시간] 요청 87000개 처리 | 현재까지의 RPS: 560.42최근 1000개 request의 p99 TTFT: 0.6892 초 | 
2025-11-18 21:09:52,460 - INFO - [실시간] 요청 88000개 처리 | 현재까지의 RPS: 560.60최근 1000개 request의 p99 TTFT: 0.6323 초 | 
2025-11-18 21:09:53,952 - INFO - [실시간] 요청 89000개 처리 | 현재까지의 RPS: 561.64최근 1000개 request의 p99 TTFT: 1.2893 초 | 
2025-11-18 21:09:55,314 - INFO - [실시간] 요청 90000개 처리 | 현재까지의 RPS: 563.10최근 1000개 request의 p99 TTFT: 1.1405 초 | 
2025-11-18 21:09:56,846 - INFO - [실시간] 요청 91000개 처리 | 현재까지의 RPS: 563.96최근 1000개 request의 p99 TTFT: 0.3859 초 | 
2025-11-18 21:09:58,438 - INFO - [실시간] 요청 92000개 처리 | 현재까지의 RPS: 564.58최근 1000개 request의 p99 TTFT: 0.2214 초 | 
2025-11-18 21:10:00,017 - INFO - [실시간] 요청 93000개 처리 | 현재까지의 RPS: 565.24최근 1000개 request의 p99 TTFT: 0.5749 초 | 
2025-11-18 21:10:01,584 - INFO - [실시간] 요청 94000개 처리 | 현재까지의 RPS: 565.93최근 1000개 request의 p99 TTFT: 0.7400 초 | 
2025-11-18 21:10:03,043 - INFO - [실시간] 요청 95000개 처리 | 현재까지의 RPS: 566.97최근 1000개 request의 p99 TTFT: 0.7144 초 | 
2025-11-18 21:10:04,558 - INFO - [실시간] 요청 96000개 처리 | 현재까지의 RPS: 567.80최근 1000개 request의 p99 TTFT: 0.4010 초 | 
2025-11-18 21:10:06,016 - INFO - [실시간] 요청 97000개 처리 | 현재까지의 RPS: 568.82최근 1000개 request의 p99 TTFT: 0.3904 초 | 
2025-11-18 21:10:07,575 - INFO - [실시간] 요청 98000개 처리 | 현재까지의 RPS: 569.47최근 1000개 request의 p99 TTFT: 0.3123 초 | 
2025-11-18 21:10:09,252 - INFO - [실시간] 요청 99000개 처리 | 현재까지의 RPS: 569.73최근 1000개 request의 p99 TTFT: 0.4598 초 | 
2025-11-18 21:10:10,765 - INFO - [실시간] 요청 100000개 처리 | 현재까지의 RPS: 570.52최근 1000개 request의 p99 TTFT: 0.8197 초 | 
2025-11-18 21:10:12,220 - INFO - [실시간] 요청 101000개 처리 | 현재까지의 RPS: 571.48최근 1000개 request의 p99 TTFT: 0.6519 초 | 
2025-11-18 21:10:13,666 - INFO - [실시간] 요청 102000개 처리 | 현재까지의 RPS: 572.46최근 1000개 request의 p99 TTFT: 0.4867 초 | 
2025-11-18 21:10:15,211 - INFO - [실시간] 요청 103000개 처리 | 현재까지의 RPS: 573.10최근 1000개 request의 p99 TTFT: 0.5605 초 | 
2025-11-18 21:10:16,699 - INFO - [실시간] 요청 104000개 처리 | 현재까지의 RPS: 573.91최근 1000개 request의 p99 TTFT: 0.2027 초 | 
2025-11-18 21:10:18,434 - INFO - [실시간] 요청 105000개 처리 | 현재까지의 RPS: 573.93최근 1000개 request의 p99 TTFT: 0.5962 초 | 
2025-11-18 21:10:19,933 - INFO - [실시간] 요청 106000개 처리 | 현재까지의 RPS: 574.69최근 1000개 request의 p99 TTFT: 1.5871 초 | 
2025-11-18 21:10:21,349 - INFO - [실시간] 요청 107000개 처리 | 현재까지의 RPS: 575.69최근 1000개 request의 p99 TTFT: 1.5481 초 | 
2025-11-18 21:10:22,871 - INFO - [실시간] 요청 108000개 처리 | 현재까지의 RPS: 576.35최근 1000개 request의 p99 TTFT: 0.3269 초 | 
2025-11-18 21:10:24,352 - INFO - [실시간] 요청 109000개 처리 | 현재까지의 RPS: 577.13최근 1000개 request의 p99 TTFT: 0.3301 초 | 
2025-11-18 21:10:25,913 - INFO - [실시간] 요청 110000개 처리 | 현재까지의 RPS: 577.65최근 1000개 request의 p99 TTFT: 0.5562 초 | 
2025-11-18 21:10:27,560 - INFO - [실시간] 요청 111000개 처리 | 현재까지의 RPS: 577.90최근 1000개 request의 p99 TTFT: 0.7598 초 | 
2025-11-18 21:10:29,008 - INFO - [실시간] 요청 112000개 처리 | 현재까지의 RPS: 578.74최근 1000개 request의 p99 TTFT: 0.7822 초 | 
2025-11-18 21:10:30,394 - INFO - [실시간] 요청 113000개 처리 | 현재까지의 RPS: 579.76최근 1000개 request의 p99 TTFT: 0.4870 초 | 
2025-11-18 21:10:31,932 - INFO - [실시간] 요청 114000개 처리 | 현재까지의 RPS: 580.31최근 1000개 request의 p99 TTFT: 0.3394 초 | 
2025-11-18 21:10:33,372 - INFO - [실시간] 요청 115000개 처리 | 현재까지의 RPS: 581.14최근 1000개 request의 p99 TTFT: 0.4098 초 | 
2025-11-18 21:10:34,950 - INFO - [실시간] 요청 116000개 처리 | 현재까지의 RPS: 581.56최근 1000개 request의 p99 TTFT: 0.5838 초 | 
2025-11-18 21:10:36,430 - INFO - [실시간] 요청 117000개 처리 | 현재까지의 RPS: 582.25최근 1000개 request의 p99 TTFT: 0.8890 초 | 
2025-11-18 21:10:37,931 - INFO - [실시간] 요청 118000개 처리 | 현재까지의 RPS: 582.87최근 1000개 request의 p99 TTFT: 0.8101 초 | 
2025-11-18 21:10:39,434 - INFO - [실시간] 요청 119000개 처리 | 현재까지의 RPS: 583.48최근 1000개 request의 p99 TTFT: 0.5354 초 | 
2025-11-18 21:10:40,922 - INFO - [실시간] 요청 120000개 처리 | 현재까지의 RPS: 584.12최근 1000개 request의 p99 TTFT: 0.2467 초 | 
2025-11-18 21:10:42,432 - INFO - [실시간] 요청 121000개 처리 | 현재까지의 RPS: 584.69최근 1000개 request의 p99 TTFT: 0.3856 초 | 
2025-11-18 21:10:44,096 - INFO - [실시간] 요청 122000개 처리 | 현재까지의 RPS: 584.82최근 1000개 request의 p99 TTFT: 0.7066 초 | 
2025-11-18 21:10:45,492 - INFO - [실시간] 요청 123000개 처리 | 현재까지의 RPS: 585.70최근 1000개 request의 p99 TTFT: 0.9028 초 | 
2025-11-18 21:10:47,047 - INFO - [실시간] 요청 124000개 처리 | 현재까지의 RPS: 586.12최근 1000개 request의 p99 TTFT: 0.7907 초 | 
2025-11-18 21:10:48,383 - INFO - [실시간] 요청 125000개 처리 | 현재까지의 RPS: 587.14최근 1000개 request의 p99 TTFT: 0.6388 초 | 
2025-11-18 21:10:49,818 - INFO - [실시간] 요청 126000개 처리 | 현재까지의 RPS: 587.87최근 1000개 request의 p99 TTFT: 0.5308 초 | 
2025-11-18 21:10:51,268 - INFO - [실시간] 요청 127000개 처리 | 현재까지의 RPS: 588.56최근 1000개 request의 p99 TTFT: 0.2201 초 | 
2025-11-18 21:10:52,987 - INFO - [실시간] 요청 128000개 처리 | 현재까지의 RPS: 588.50최근 1000개 request의 p99 TTFT: 0.7219 초 | 
2025-11-18 21:10:54,467 - INFO - [실시간] 요청 129000개 처리 | 현재까지의 RPS: 589.09최근 1000개 request의 p99 TTFT: 1.0805 초 | 
2025-11-18 21:10:55,844 - INFO - [실시간] 요청 130000개 처리 | 현재까지의 RPS: 589.95최근 1000개 request의 p99 TTFT: 1.0428 초 | 
2025-11-18 21:10:57,376 - INFO - [실시간] 요청 131000개 처리 | 현재까지의 RPS: 590.38최근 1000개 request의 p99 TTFT: 0.2253 초 | 
2025-11-18 21:10:58,875 - INFO - [실시간] 요청 132000개 처리 | 현재까지의 RPS: 590.90최근 1000개 request의 p99 TTFT: 0.6043 초 | 
2025-11-18 21:11:00,482 - INFO - [실시간] 요청 133000개 처리 | 현재까지의 RPS: 591.12최근 1000개 request의 p99 TTFT: 0.4041 초 | 
2025-11-18 21:11:02,040 - INFO - [실시간] 요청 134000개 처리 | 현재까지의 RPS: 591.47최근 1000개 request의 p99 TTFT: 0.9944 초 | 
2025-11-18 21:11:03,400 - INFO - [실시간] 요청 135000개 처리 | 현재까지의 RPS: 592.33최근 1000개 request의 p99 TTFT: 1.0254 초 | 
2025-11-18 21:11:04,904 - INFO - [실시간] 요청 136000개 처리 | 현재까지의 RPS: 592.81최근 1000개 request의 p99 TTFT: 0.3885 초 | 
2025-11-18 21:11:06,404 - INFO - [실시간] 요청 137000개 처리 | 현재까지의 RPS: 593.28최근 1000개 request의 p99 TTFT: 0.2334 초 | 
2025-11-18 21:11:07,771 - INFO - [실시간] 요청 138000개 처리 | 현재까지의 RPS: 594.10최근 1000개 request의 p99 TTFT: 0.5391 초 | 
2025-11-18 21:11:09,422 - INFO - [실시간] 요청 139000개 처리 | 현재까지의 RPS: 594.18최근 1000개 request의 p99 TTFT: 0.5225 초 | 
2025-11-18 21:11:10,916 - INFO - [실시간] 요청 140000개 처리 | 현재까지의 RPS: 594.66최근 1000개 request의 p99 TTFT: 0.9599 초 | 
2025-11-18 21:11:12,362 - INFO - [실시간] 요청 141000개 처리 | 현재까지의 RPS: 595.25최근 1000개 request의 p99 TTFT: 0.9741 초 | 
2025-11-18 21:11:13,888 - INFO - [실시간] 요청 142000개 처리 | 현재까지의 RPS: 595.63최근 1000개 request의 p99 TTFT: 0.5362 초 | 
2025-11-18 21:11:15,386 - INFO - [실시간] 요청 143000개 처리 | 현재까지의 RPS: 596.08최근 1000개 request의 p99 TTFT: 0.3650 초 | 
2025-11-18 21:11:16,870 - INFO - [실시간] 요청 144000개 처리 | 현재까지의 RPS: 596.56최근 1000개 request의 p99 TTFT: 0.4217 초 | 
2025-11-18 21:11:18,577 - INFO - [실시간] 요청 145000개 처리 | 현재까지의 RPS: 596.48최근 1000개 request의 p99 TTFT: 0.7070 초 | 
2025-11-18 21:11:20,049 - INFO - [실시간] 요청 146000개 처리 | 현재까지의 RPS: 596.98최근 1000개 request의 p99 TTFT: 1.3850 초 | 
Traceback (most recent call last):
  File "/home/comsys/sungsu/CXLSharedMemGPU/ReqGen/main.py", line 412, in <module>
    main()
  File "/home/comsys/sungsu/CXLSharedMemGPU/ReqGen/main.py", line 409, in main
    asyncio.run(reqgen.run())
  File "/usr/lib/python3.10/asyncio/runners.py", line 44, in run
    return loop.run_until_complete(main)
  File "/usr/lib/python3.10/asyncio/base_events.py", line 636, in run_until_complete
    self.run_forever()
  File "/usr/lib/python3.10/asyncio/base_events.py", line 603, in run_forever
    self._run_once()
  File "/usr/lib/python3.10/asyncio/base_events.py", line 1871, in _run_once
    event_list = self._selector.select(timeout)
  File "/usr/lib/python3.10/selectors.py", line 469, in select
    fd_event_list = self._selector.poll(timeout, max_ev)
KeyboardInterrupt
