2025-11-18 21:00:42,878 - INFO - ReqGen 시작: 서버=163.152.48.109:9000, 클라이언트=8000, 시간=330초
2025-11-18 21:00:42,878 - INFO - Hugging Face에서 'kroshan/BioASQ' 데이터셋을 로드합니다...
2025-11-18 21:00:48,546 - INFO - 3266개의 질문을 로드했습니다.
2025-11-18 21:00:48,546 - INFO - 부하 테스트 시작, client 수 = 8000
2025-11-18 21:00:48,546 - INFO - Zipf 값 1.2에서 상위 20%의 질문이 차지하는 비율: 91.82%
2025-11-18 21:00:53,557 - INFO - [실시간] 요청 1000개 처리 | 현재까지의 RPS: 199.57최근 1000개 request의 p99 TTFT: 0.3752 초 | 
2025-11-18 21:00:56,124 - INFO - [실시간] 요청 2000개 처리 | 현재까지의 RPS: 263.92최근 1000개 request의 p99 TTFT: 0.3874 초 | 
2025-11-18 21:00:58,466 - INFO - [실시간] 요청 3000개 처리 | 현재까지의 RPS: 302.43최근 1000개 request의 p99 TTFT: 0.4571 초 | 
2025-11-18 21:01:00,613 - INFO - [실시간] 요청 4000개 처리 | 현재까지의 RPS: 331.48최근 1000개 request의 p99 TTFT: 0.3230 초 | 
2025-11-18 21:01:02,567 - INFO - [실시간] 요청 5000개 처리 | 현재까지의 RPS: 356.61최근 1000개 request의 p99 TTFT: 0.7475 초 | 
2025-11-18 21:01:04,302 - INFO - [실시간] 요청 6000개 처리 | 현재까지의 RPS: 380.82최근 1000개 request의 p99 TTFT: 0.5606 초 | 
2025-11-18 21:01:06,037 - INFO - [실시간] 요청 7000개 처리 | 현재까지의 RPS: 400.21최근 1000개 request의 p99 TTFT: 1.0032 초 | 
2025-11-18 21:01:07,573 - INFO - [실시간] 요청 8000개 처리 | 현재까지의 RPS: 420.46최근 1000개 request의 p99 TTFT: 1.0852 초 | 
2025-11-18 21:01:09,266 - INFO - [실시간] 요청 9000개 처리 | 현재까지의 RPS: 434.37최근 1000개 request의 p99 TTFT: 0.7454 초 | 
2025-11-18 21:01:11,130 - INFO - [실시간] 요청 10000개 처리 | 현재까지의 RPS: 442.80최근 1000개 request의 p99 TTFT: 0.7640 초 | 
2025-11-18 21:01:13,299 - INFO - [실시간] 요청 11000개 처리 | 현재까지의 RPS: 444.40최근 1000개 request의 p99 TTFT: 0.5836 초 | 
2025-11-18 21:01:15,280 - INFO - [실시간] 요청 12000개 처리 | 현재까지의 RPS: 448.87최근 1000개 request의 p99 TTFT: 0.2446 초 | 
2025-11-18 21:01:17,271 - INFO - [실시간] 요청 13000개 처리 | 현재까지의 RPS: 452.58최근 1000개 request의 p99 TTFT: 0.3031 초 | 
2025-11-18 21:01:19,215 - INFO - [실시간] 요청 14000개 처리 | 현재까지의 RPS: 456.49최근 1000개 request의 p99 TTFT: 1.0117 초 | 
2025-11-18 21:01:21,046 - INFO - [실시간] 요청 15000개 처리 | 현재까지의 RPS: 461.54최근 1000개 request의 p99 TTFT: 0.9459 초 | 
2025-11-18 21:01:22,914 - INFO - [실시간] 요청 16000개 처리 | 현재까지의 RPS: 465.55최근 1000개 request의 p99 TTFT: 0.3691 초 | 
2025-11-18 21:01:24,827 - INFO - [실시간] 요청 17000개 처리 | 현재까지의 RPS: 468.56최근 1000개 request의 p99 TTFT: 0.2866 초 | 
2025-11-18 21:01:26,694 - INFO - [실시간] 요청 18000개 처리 | 현재까지의 RPS: 471.84최근 1000개 request의 p99 TTFT: 0.2263 초 | 
2025-11-18 21:01:28,620 - INFO - [실시간] 요청 19000개 처리 | 현재까지의 RPS: 474.12최근 1000개 request의 p99 TTFT: 0.2229 초 | 
2025-11-18 21:01:30,524 - INFO - [실시간] 요청 20000개 처리 | 현재까지의 RPS: 476.44최근 1000개 request의 p99 TTFT: 0.7555 초 | 
2025-11-18 21:01:32,462 - INFO - [실시간] 요청 21000개 처리 | 현재까지의 RPS: 478.18최근 1000개 request의 p99 TTFT: 0.6412 초 | 
2025-11-18 21:01:34,331 - INFO - [실시간] 요청 22000개 처리 | 현재까지의 RPS: 480.51최근 1000개 request의 p99 TTFT: 0.1829 초 | 
2025-11-18 21:01:36,205 - INFO - [실시간] 요청 23000개 처리 | 현재까지의 RPS: 482.60최근 1000개 request의 p99 TTFT: 0.2507 초 | 
2025-11-18 21:01:38,228 - INFO - [실시간] 요청 24000개 처리 | 현재까지의 RPS: 483.07최근 1000개 request의 p99 TTFT: 0.4023 초 | 
2025-11-18 21:01:40,082 - INFO - [실시간] 요청 25000개 처리 | 현재까지의 RPS: 485.10최근 1000개 request의 p99 TTFT: 0.3497 초 | 
2025-11-18 21:01:42,015 - INFO - [실시간] 요청 26000개 처리 | 현재까지의 RPS: 486.27최근 1000개 request의 p99 TTFT: 0.5319 초 | 
2025-11-18 21:01:43,855 - INFO - [실시간] 요청 27000개 처리 | 현재까지의 RPS: 488.17최근 1000개 request의 p99 TTFT: 0.6009 초 | 
2025-11-18 21:01:45,849 - INFO - [실시간] 요청 28000개 처리 | 현재까지의 RPS: 488.63최근 1000개 request의 p99 TTFT: 0.1893 초 | 
2025-11-18 21:01:47,859 - INFO - [실시간] 요청 29000개 처리 | 현재까지의 RPS: 488.93최근 1000개 request의 p99 TTFT: 0.1905 초 | 
2025-11-18 21:01:49,824 - INFO - [실시간] 요청 30000개 처리 | 현재까지의 RPS: 489.57최근 1000개 request의 p99 TTFT: 0.4835 초 | 
2025-11-18 21:01:51,614 - INFO - [실시간] 요청 31000개 처리 | 현재까지의 RPS: 491.54최근 1000개 request의 p99 TTFT: 0.5187 초 | 
2025-11-18 21:01:53,236 - INFO - [실시간] 요청 32000개 처리 | 현재까지의 RPS: 494.66최근 1000개 request의 p99 TTFT: 0.9672 초 | 
2025-11-18 21:01:54,879 - INFO - [실시간] 요청 33000개 처리 | 현재까지의 RPS: 497.49최근 1000개 request의 p99 TTFT: 0.2576 초 | 
2025-11-18 21:01:56,583 - INFO - [실시간] 요청 34000개 처리 | 현재까지의 RPS: 499.73최근 1000개 request의 p99 TTFT: 0.2963 초 | 
2025-11-18 21:01:58,228 - INFO - [실시간] 요청 35000개 처리 | 현재까지의 RPS: 502.28최근 1000개 request의 p99 TTFT: 0.4591 초 | 
2025-11-18 21:02:00,013 - INFO - [실시간] 요청 36000개 처리 | 현재까지의 RPS: 503.73최근 1000개 request의 p99 TTFT: 0.4364 초 | 
2025-11-18 21:02:01,677 - INFO - [실시간] 요청 37000개 처리 | 현재까지의 RPS: 505.94최근 1000개 request의 p99 TTFT: 0.9622 초 | 
2025-11-18 21:02:03,163 - INFO - [실시간] 요청 38000개 처리 | 현재까지의 RPS: 509.27최근 1000개 request의 p99 TTFT: 1.0430 초 | 
2025-11-18 21:02:04,685 - INFO - [실시간] 요청 39000개 처리 | 현재까지의 RPS: 512.22최근 1000개 request의 p99 TTFT: 0.2767 초 | 
2025-11-18 21:02:06,166 - INFO - [실시간] 요청 40000개 처리 | 현재까지의 RPS: 515.33최근 1000개 request의 p99 TTFT: 0.2977 초 | 
2025-11-18 21:02:07,739 - INFO - [실시간] 요청 41000개 처리 | 현재까지의 RPS: 517.72최근 1000개 request의 p99 TTFT: 0.5215 초 | 
2025-11-18 21:02:09,378 - INFO - [실시간] 요청 42000개 처리 | 현재까지의 RPS: 519.60최근 1000개 request의 p99 TTFT: 0.7940 초 | 
2025-11-18 21:02:10,844 - INFO - [실시간] 요청 43000개 처리 | 현재까지의 RPS: 522.49최근 1000개 request의 p99 TTFT: 0.6416 초 | 
2025-11-18 21:02:12,469 - INFO - [실시간] 요청 44000개 처리 | 현재까지의 RPS: 524.29최근 1000개 request의 p99 TTFT: 0.2545 초 | 
2025-11-18 21:02:14,039 - INFO - [실시간] 요청 45000개 처리 | 현재까지의 RPS: 526.36최근 1000개 request의 p99 TTFT: 0.6728 초 | 
2025-11-18 21:02:15,810 - INFO - [실시간] 요청 46000개 처리 | 현재까지의 RPS: 527.13최근 1000개 request의 p99 TTFT: 0.3364 초 | 
2025-11-18 21:02:17,358 - INFO - [실시간] 요청 47000개 처리 | 현재까지의 RPS: 529.21최근 1000개 request의 p99 TTFT: 0.7178 초 | 
2025-11-18 21:02:18,976 - INFO - [실시간] 요청 48000개 처리 | 현재까지의 RPS: 530.80최근 1000개 request의 p99 TTFT: 0.6339 초 | 
2025-11-18 21:02:20,534 - INFO - [실시간] 요청 49000개 처리 | 현재까지의 RPS: 532.68최근 1000개 request의 p99 TTFT: 0.2054 초 | 
2025-11-18 21:02:22,119 - INFO - [실시간] 요청 50000개 처리 | 현재까지의 RPS: 534.34최근 1000개 request의 p99 TTFT: 0.1887 초 | 
2025-11-18 21:02:23,826 - INFO - [실시간] 요청 51000개 처리 | 현재까지의 RPS: 535.27최근 1000개 request의 p99 TTFT: 0.1918 초 | 
2025-11-18 21:02:25,547 - INFO - [실시간] 요청 52000개 처리 | 현재까지의 RPS: 536.07최근 1000개 request의 p99 TTFT: 0.4307 초 | 
2025-11-18 21:02:27,121 - INFO - [실시간] 요청 53000개 처리 | 현재까지의 RPS: 537.66최근 1000개 request의 p99 TTFT: 0.8744 초 | 
2025-11-18 21:02:28,670 - INFO - [실시간] 요청 54000개 처리 | 현재까지의 RPS: 539.33최근 1000개 request의 p99 TTFT: 0.6168 초 | 
2025-11-18 21:02:30,213 - INFO - [실시간] 요청 55000개 처리 | 현재까지의 RPS: 540.98최근 1000개 request의 p99 TTFT: 0.1893 초 | 
2025-11-18 21:02:31,906 - INFO - [실시간] 요청 56000개 처리 | 현재까지의 RPS: 541.80최근 1000개 request의 p99 TTFT: 0.1949 초 | 
2025-11-18 21:02:33,526 - INFO - [실시간] 요청 57000개 처리 | 현재까지의 RPS: 542.96최근 1000개 request의 p99 TTFT: 0.4296 초 | 
2025-11-18 21:02:35,275 - INFO - [실시간] 요청 58000개 처리 | 현재까지의 RPS: 543.43최근 1000개 request의 p99 TTFT: 0.4202 초 | 
2025-11-18 21:02:36,894 - INFO - [실시간] 요청 59000개 처리 | 현재까지의 RPS: 544.54최근 1000개 request의 p99 TTFT: 0.6149 초 | 
2025-11-18 21:02:38,471 - INFO - [실시간] 요청 60000개 처리 | 현재까지의 RPS: 545.83최근 1000개 request의 p99 TTFT: 0.2013 초 | 
2025-11-18 21:02:40,140 - INFO - [실시간] 요청 61000개 처리 | 현재까지의 RPS: 546.63최근 1000개 request의 p99 TTFT: 0.1859 초 | 
2025-11-18 21:02:41,724 - INFO - [실시간] 요청 62000개 처리 | 현재까지의 RPS: 547.81최근 1000개 request의 p99 TTFT: 0.4168 초 | 
2025-11-18 21:02:43,244 - INFO - [실시간] 요청 63000개 처리 | 현재까지의 RPS: 549.27최근 1000개 request의 p99 TTFT: 0.1946 초 | 
2025-11-18 21:02:44,961 - INFO - [실시간] 요청 64000개 처리 | 현재까지의 RPS: 549.76최근 1000개 request의 p99 TTFT: 0.3598 초 | 
2025-11-18 21:02:46,607 - INFO - [실시간] 요청 65000개 처리 | 현재까지의 RPS: 550.56최근 1000개 request의 p99 TTFT: 0.8665 초 | 
2025-11-18 21:02:48,171 - INFO - [실시간] 요청 66000개 처리 | 현재까지의 RPS: 551.73최근 1000개 request의 p99 TTFT: 0.5409 초 | 
2025-11-18 21:02:49,719 - INFO - [실시간] 요청 67000개 처리 | 현재까지의 RPS: 552.93최근 1000개 request의 p99 TTFT: 0.2470 초 | 
2025-11-18 21:02:51,191 - INFO - [실시간] 요청 68000개 처리 | 현재까지의 RPS: 554.45최근 1000개 request의 p99 TTFT: 0.2326 초 | 
2025-11-18 21:02:52,667 - INFO - [실시간] 요청 69000개 처리 | 현재까지의 RPS: 555.91최근 1000개 request의 p99 TTFT: 0.2101 초 | 
2025-11-18 21:02:54,470 - INFO - [실시간] 요청 70000개 처리 | 현재까지의 RPS: 555.89최근 1000개 request의 p99 TTFT: 0.7619 초 | 
2025-11-18 21:02:55,963 - INFO - [실시간] 요청 71000개 처리 | 현재까지의 RPS: 557.23최근 1000개 request의 p99 TTFT: 0.9544 초 | 
2025-11-18 21:02:57,612 - INFO - [실시간] 요청 72000개 처리 | 현재까지의 RPS: 557.86최근 1000개 request의 p99 TTFT: 0.2097 초 | 
2025-11-18 21:02:59,134 - INFO - [실시간] 요청 73000개 처리 | 현재까지의 RPS: 559.01최근 1000개 request의 p99 TTFT: 0.2436 초 | 
2025-11-18 21:03:00,626 - INFO - [실시간] 요청 74000개 처리 | 현재까지의 RPS: 560.27최근 1000개 request의 p99 TTFT: 0.4741 초 | 
2025-11-18 21:03:02,124 - INFO - [실시간] 요청 75000개 처리 | 현재까지의 RPS: 561.47최근 1000개 request의 p99 TTFT: 0.3450 초 | 
2025-11-18 21:03:03,775 - INFO - [실시간] 요청 76000개 처리 | 현재까지의 RPS: 562.01최근 1000개 request의 p99 TTFT: 0.5369 초 | 
2025-11-18 21:03:05,209 - INFO - [실시간] 요청 77000개 처리 | 현재까지의 RPS: 563.43최근 1000개 request의 p99 TTFT: 0.6196 초 | 
2025-11-18 21:03:06,756 - INFO - [실시간] 요청 78000개 처리 | 현재까지의 RPS: 564.36최근 1000개 request의 p99 TTFT: 0.4978 초 | 
2025-11-18 21:03:08,200 - INFO - [실시간] 요청 79000개 처리 | 현재까지의 RPS: 565.68최근 1000개 request의 p99 TTFT: 0.4079 초 | 
2025-11-18 21:03:09,682 - INFO - [실시간] 요청 80000개 처리 | 현재까지의 RPS: 566.83최근 1000개 request의 p99 TTFT: 0.3402 초 | 
2025-11-18 21:03:11,208 - INFO - [실시간] 요청 81000개 처리 | 현재까지의 RPS: 567.77최근 1000개 request의 p99 TTFT: 0.7032 초 | 
2025-11-18 21:03:12,688 - INFO - [실시간] 요청 82000개 처리 | 현재까지의 RPS: 568.88최근 1000개 request의 p99 TTFT: 0.7339 초 | 
2025-11-18 21:03:14,298 - INFO - [실시간] 요청 83000개 처리 | 현재까지의 RPS: 569.46최근 1000개 request의 p99 TTFT: 0.1983 초 | 
2025-11-18 21:03:15,806 - INFO - [실시간] 요청 84000개 처리 | 현재까지의 RPS: 570.42최근 1000개 request의 p99 TTFT: 0.1898 초 | 
2025-11-18 21:03:17,316 - INFO - [실시간] 요청 85000개 처리 | 현재까지의 RPS: 571.35최근 1000개 request의 p99 TTFT: 0.2061 초 | 
2025-11-18 21:03:18,790 - INFO - [실시간] 요청 86000개 처리 | 현재까지의 RPS: 572.40최근 1000개 request의 p99 TTFT: 0.2694 초 | 
2025-11-18 21:03:20,476 - INFO - [실시간] 요청 87000개 처리 | 현재까지의 RPS: 572.63최근 1000개 request의 p99 TTFT: 0.7974 초 | 
2025-11-18 21:03:21,852 - INFO - [실시간] 요청 88000개 처리 | 현재까지의 RPS: 574.01최근 1000개 request의 p99 TTFT: 0.8523 초 | 
2025-11-18 21:03:23,365 - INFO - [실시간] 요청 89000개 처리 | 현재까지의 RPS: 574.87최근 1000개 request의 p99 TTFT: 0.1935 초 | 
2025-11-18 21:03:24,893 - INFO - [실시간] 요청 90000개 처리 | 현재까지의 RPS: 575.64최근 1000개 request의 p99 TTFT: 0.1951 초 | 
2025-11-18 21:03:26,425 - INFO - [실시간] 요청 91000개 처리 | 현재까지의 RPS: 576.39최근 1000개 request의 p99 TTFT: 0.2164 초 | 
2025-11-18 21:03:27,979 - INFO - [실시간] 요청 92000개 처리 | 현재까지의 RPS: 577.04최근 1000개 request의 p99 TTFT: 0.4879 초 | 
2025-11-18 21:03:29,472 - INFO - [실시간] 요청 93000개 처리 | 현재까지의 RPS: 577.91최근 1000개 request의 p99 TTFT: 0.6712 초 | 
2025-11-18 21:03:30,979 - INFO - [실시간] 요청 94000개 처리 | 현재까지의 RPS: 578.70최근 1000개 request의 p99 TTFT: 0.5417 초 | 
2025-11-18 21:03:32,559 - INFO - [실시간] 요청 95000개 처리 | 현재까지의 RPS: 579.22최근 1000개 request의 p99 TTFT: 0.2085 초 | 
2025-11-18 21:03:34,046 - INFO - [실시간] 요청 96000개 처리 | 현재까지의 RPS: 580.06최근 1000개 request의 p99 TTFT: 0.4738 초 | 
2025-11-18 21:03:35,608 - INFO - [실시간] 요청 97000개 처리 | 현재까지의 RPS: 580.62최근 1000개 request의 p99 TTFT: 0.2148 초 | 
2025-11-18 21:03:37,263 - INFO - [실시간] 요청 98000개 처리 | 현재까지의 RPS: 580.85최근 1000개 request의 p99 TTFT: 0.3617 초 | 
2025-11-18 21:03:38,768 - INFO - [실시간] 요청 99000개 처리 | 현재까지의 RPS: 581.59최근 1000개 request의 p99 TTFT: 0.6201 초 | 
2025-11-18 21:03:40,257 - INFO - [실시간] 요청 100000개 처리 | 현재까지의 RPS: 582.37최근 1000개 request의 p99 TTFT: 0.4938 초 | 
2025-11-18 21:03:41,838 - INFO - [실시간] 요청 101000개 처리 | 현재까지의 RPS: 582.83최근 1000개 request의 p99 TTFT: 0.3936 초 | 
2025-11-18 21:03:43,298 - INFO - [실시간] 요청 102000개 처리 | 현재까지의 RPS: 583.69최근 1000개 request의 p99 TTFT: 0.2251 초 | 
2025-11-18 21:03:44,798 - INFO - [실시간] 요청 103000개 처리 | 현재까지의 RPS: 584.39최근 1000개 request의 p99 TTFT: 0.3507 초 | 
2025-11-18 21:03:46,418 - INFO - [실시간] 요청 104000개 처리 | 현재까지의 RPS: 584.69최근 1000개 request의 p99 TTFT: 0.5111 초 | 
2025-11-18 21:03:47,887 - INFO - [실시간] 요청 105000개 처리 | 현재까지의 RPS: 585.48최근 1000개 request의 p99 TTFT: 1.0350 초 | 
2025-11-18 21:03:49,320 - INFO - [실시간] 요청 106000개 처리 | 현재까지의 RPS: 586.37최근 1000개 request의 p99 TTFT: 0.9897 초 | 
2025-11-18 21:03:50,693 - INFO - [실시간] 요청 107000개 처리 | 현재까지의 RPS: 587.44최근 1000개 request의 p99 TTFT: 0.2334 초 | 
2025-11-18 21:03:52,127 - INFO - [실시간] 요청 108000개 처리 | 현재까지의 RPS: 588.29최근 1000개 request의 p99 TTFT: 0.2205 초 | 
2025-11-18 21:03:53,538 - INFO - [실시간] 요청 109000개 처리 | 현재까지의 RPS: 589.21최근 1000개 request의 p99 TTFT: 0.3857 초 | 
2025-11-18 21:03:55,120 - INFO - [실시간] 요청 110000개 처리 | 현재까지의 RPS: 589.58최근 1000개 request의 p99 TTFT: 0.4905 초 | 
2025-11-18 21:03:56,531 - INFO - [실시간] 요청 111000개 처리 | 현재까지의 RPS: 590.47최근 1000개 request의 p99 TTFT: 0.7825 초 | 
2025-11-18 21:03:58,098 - INFO - [실시간] 요청 112000개 처리 | 현재까지의 RPS: 590.87최근 1000개 request의 p99 TTFT: 0.2157 초 | 
2025-11-18 21:03:59,599 - INFO - [실시간] 요청 113000개 처리 | 현재까지의 RPS: 591.46최근 1000개 request의 p99 TTFT: 0.4131 초 | 
2025-11-18 21:04:01,025 - INFO - [실시간] 요청 114000개 처리 | 현재까지의 RPS: 592.27최근 1000개 request의 p99 TTFT: 0.4610 초 | 
2025-11-18 21:04:02,409 - INFO - [실시간] 요청 115000개 처리 | 현재까지의 RPS: 593.20최근 1000개 request의 p99 TTFT: 0.2106 초 | 
2025-11-18 21:04:04,094 - INFO - [실시간] 요청 116000개 처리 | 현재까지의 RPS: 593.21최근 1000개 request의 p99 TTFT: 0.5630 초 | 
2025-11-18 21:04:05,463 - INFO - [실시간] 요청 117000개 처리 | 현재까지의 RPS: 594.16최근 1000개 request의 p99 TTFT: 0.9285 초 | 
2025-11-18 21:04:06,909 - INFO - [실시간] 요청 118000개 처리 | 현재까지의 RPS: 594.87최근 1000개 request의 p99 TTFT: 0.8081 초 | 
2025-11-18 21:04:08,360 - INFO - [실시간] 요청 119000개 처리 | 현재까지의 RPS: 595.55최근 1000개 request의 p99 TTFT: 0.2089 초 | 
2025-11-18 21:04:09,760 - INFO - [실시간] 요청 120000개 처리 | 현재까지의 RPS: 596.38최근 1000개 request의 p99 TTFT: 0.3293 초 | 
2025-11-18 21:04:11,308 - INFO - [실시간] 요청 121000개 처리 | 현재까지의 RPS: 596.76최근 1000개 request의 p99 TTFT: 0.5992 초 | 
2025-11-18 21:04:12,669 - INFO - [실시간] 요청 122000개 처리 | 현재까지의 RPS: 597.68최근 1000개 request의 p99 TTFT: 0.6808 초 | 
2025-11-18 21:04:14,188 - INFO - [실시간] 요청 123000개 처리 | 현재까지의 RPS: 598.13최근 1000개 request의 p99 TTFT: 0.5230 초 | 
2025-11-18 21:04:15,640 - INFO - [실시간] 요청 124000개 처리 | 현재까지의 RPS: 598.76최근 1000개 request의 p99 TTFT: 0.2592 초 | 
2025-11-18 21:04:17,163 - INFO - [실시간] 요청 125000개 처리 | 현재까지의 RPS: 599.18최근 1000개 request의 p99 TTFT: 0.4847 초 | 
2025-11-18 21:04:18,724 - INFO - [실시간] 요청 126000개 처리 | 현재까지의 RPS: 599.49최근 1000개 request의 p99 TTFT: 0.6816 초 | 
2025-11-18 21:04:20,227 - INFO - [실시간] 요청 127000개 처리 | 현재까지의 RPS: 599.96최근 1000개 request의 p99 TTFT: 0.7085 초 | 
2025-11-18 21:04:21,572 - INFO - [실시간] 요청 128000개 처리 | 현재까지의 RPS: 600.87최근 1000개 request의 p99 TTFT: 0.7437 초 | 
2025-11-18 21:04:23,025 - INFO - [실시간] 요청 129000개 처리 | 현재까지의 RPS: 601.46최근 1000개 request의 p99 TTFT: 0.4499 초 | 
2025-11-18 21:04:24,461 - INFO - [실시간] 요청 130000개 처리 | 현재까지의 RPS: 602.09최근 1000개 request의 p99 TTFT: 0.5060 초 | 
2025-11-18 21:04:25,886 - INFO - [실시간] 요청 131000개 처리 | 현재까지의 RPS: 602.74최근 1000개 request의 p99 TTFT: 0.1873 초 | 
2025-11-18 21:04:27,466 - INFO - [실시간] 요청 132000개 처리 | 현재까지의 RPS: 602.96최근 1000개 request의 p99 TTFT: 0.3366 초 | 
2025-11-18 21:04:28,910 - INFO - [실시간] 요청 133000개 처리 | 현재까지의 RPS: 603.55최근 1000개 request의 p99 TTFT: 1.0464 초 | 
2025-11-18 21:04:30,278 - INFO - [실시간] 요청 134000개 처리 | 현재까지의 RPS: 604.33최근 1000개 request의 p99 TTFT: 0.9644 초 | 
2025-11-18 21:04:31,716 - INFO - [실시간] 요청 135000개 처리 | 현재까지의 RPS: 604.92최근 1000개 request의 p99 TTFT: 0.2563 초 | 
2025-11-18 21:04:33,189 - INFO - [실시간] 요청 136000개 처리 | 현재까지의 RPS: 605.40최근 1000개 request의 p99 TTFT: 0.2458 초 | 
2025-11-18 21:04:34,734 - INFO - [실시간] 요청 137000개 처리 | 현재까지의 RPS: 605.69최근 1000개 request의 p99 TTFT: 0.5683 초 | 
2025-11-18 21:04:36,271 - INFO - [실시간] 요청 138000개 처리 | 현재까지의 RPS: 605.99최근 1000개 request의 p99 TTFT: 0.5573 초 | 
2025-11-18 21:04:37,781 - INFO - [실시간] 요청 139000개 처리 | 현재까지의 RPS: 606.36최근 1000개 request의 p99 TTFT: 0.7195 초 | 
2025-11-18 21:04:39,090 - INFO - [실시간] 요청 140000개 처리 | 현재까지의 RPS: 607.26최근 1000개 request의 p99 TTFT: 0.6774 초 | 
2025-11-18 21:04:40,483 - INFO - [실시간] 요청 141000개 처리 | 현재까지의 RPS: 607.92최근 1000개 request의 p99 TTFT: 0.4815 초 | 
2025-11-18 21:04:41,953 - INFO - [실시간] 요청 142000개 처리 | 현재까지의 RPS: 608.38최근 1000개 request의 p99 TTFT: 0.4546 초 | 
2025-11-18 21:04:43,503 - INFO - [실시간] 요청 143000개 처리 | 현재까지의 RPS: 608.62최근 1000개 request의 p99 TTFT: 0.4367 초 | 
2025-11-18 21:04:45,114 - INFO - [실시간] 요청 144000개 처리 | 현재까지의 RPS: 608.71최근 1000개 request의 p99 TTFT: 0.6095 초 | 
2025-11-18 21:04:46,495 - INFO - [실시간] 요청 145000개 처리 | 현재까지의 RPS: 609.38최근 1000개 request의 p99 TTFT: 0.7356 초 | 
2025-11-18 21:04:47,966 - INFO - [실시간] 요청 146000개 처리 | 현재까지의 RPS: 609.81최근 1000개 request의 p99 TTFT: 0.3480 초 | 
2025-11-18 21:04:49,480 - INFO - [실시간] 요청 147000개 처리 | 현재까지의 RPS: 610.13최근 1000개 request의 p99 TTFT: 0.1964 초 | 
2025-11-18 21:04:50,944 - INFO - [실시간] 요청 148000개 처리 | 현재까지의 RPS: 610.57최근 1000개 request의 p99 TTFT: 0.3938 초 | 
2025-11-18 21:04:52,432 - INFO - [실시간] 요청 149000개 처리 | 현재까지의 RPS: 610.94최근 1000개 request의 p99 TTFT: 0.1992 초 | 
2025-11-18 21:04:54,024 - INFO - [실시간] 요청 150000개 처리 | 현재까지의 RPS: 611.05최근 1000개 request의 p99 TTFT: 0.4437 초 | 
2025-11-18 21:04:55,450 - INFO - [실시간] 요청 151000개 처리 | 현재까지의 RPS: 611.57최근 1000개 request의 p99 TTFT: 0.9530 초 | 
2025-11-18 21:04:56,855 - INFO - [실시간] 요청 152000개 처리 | 현재까지의 RPS: 612.14최근 1000개 request의 p99 TTFT: 0.9083 초 | 
2025-11-18 21:04:58,369 - INFO - [실시간] 요청 153000개 처리 | 현재까지의 RPS: 612.43최근 1000개 request의 p99 TTFT: 0.2271 초 | 
2025-11-18 21:04:59,890 - INFO - [실시간] 요청 154000개 처리 | 현재까지의 RPS: 612.71최근 1000개 request의 p99 TTFT: 0.2923 초 | 
2025-11-18 21:05:01,371 - INFO - [실시간] 요청 155000개 처리 | 현재까지의 RPS: 613.07최근 1000개 request의 p99 TTFT: 0.6058 초 | 
2025-11-18 21:05:02,945 - INFO - [실시간] 요청 156000개 처리 | 현재까지의 RPS: 613.21최근 1000개 request의 p99 TTFT: 0.6581 초 | 
2025-11-18 21:05:04,199 - INFO - [실시간] 요청 157000개 처리 | 현재까지의 RPS: 614.11최근 1000개 request의 p99 TTFT: 0.6174 초 | 
2025-11-18 21:05:05,623 - INFO - [실시간] 요청 158000개 처리 | 현재까지의 RPS: 614.60최근 1000개 request의 p99 TTFT: 0.4659 초 | 
2025-11-18 21:05:07,075 - INFO - [실시간] 요청 159000개 처리 | 현재까지의 RPS: 615.02최근 1000개 request의 p99 TTFT: 0.5064 초 | 
2025-11-18 21:05:08,435 - INFO - [실시간] 요청 160000개 처리 | 현재까지의 RPS: 615.65최근 1000개 request의 p99 TTFT: 0.4811 초 | 
2025-11-18 21:05:09,827 - INFO - [실시간] 요청 161000개 처리 | 현재까지의 RPS: 616.19최근 1000개 request의 p99 TTFT: 0.3217 초 | 
2025-11-18 21:05:11,386 - INFO - [실시간] 요청 162000개 처리 | 현재까지의 RPS: 616.34최근 1000개 request의 p99 TTFT: 0.7092 초 | 
2025-11-18 21:05:12,740 - INFO - [실시간] 요청 163000개 처리 | 현재까지의 RPS: 616.97최근 1000개 request의 p99 TTFT: 0.7121 초 | 
2025-11-18 21:05:14,041 - INFO - [실시간] 요청 164000개 처리 | 현재까지의 RPS: 617.71최근 1000개 request의 p99 TTFT: 0.3660 초 | 
2025-11-18 21:05:15,560 - INFO - [실시간] 요청 165000개 처리 | 현재까지의 RPS: 617.95최근 1000개 request의 p99 TTFT: 0.2005 초 | 
2025-11-18 21:05:17,015 - INFO - [실시간] 요청 166000개 처리 | 현재까지의 RPS: 618.32최근 1000개 request의 p99 TTFT: 0.2060 초 | 
2025-11-18 21:05:18,654 - INFO - [실시간] 요청 167000개 처리 | 현재까지의 RPS: 618.27최근 1000개 request의 p99 TTFT: 0.6356 초 | 
2025-11-18 21:05:19,965 - INFO - [실시간] 요청 168000개 처리 | 현재까지의 RPS: 618.97최근 1000개 request의 p99 TTFT: 0.8954 초 | 
2025-11-18 21:05:21,256 - INFO - [실시간] 요청 169000개 처리 | 현재까지의 RPS: 619.71최근 1000개 request의 p99 TTFT: 0.5348 초 | 
2025-11-18 21:05:22,757 - INFO - [실시간] 요청 170000개 처리 | 현재까지의 RPS: 619.96최근 1000개 request의 p99 TTFT: 0.4954 초 | 
2025-11-18 21:05:24,149 - INFO - [실시간] 요청 171000개 처리 | 현재까지의 RPS: 620.46최근 1000개 request의 p99 TTFT: 0.2736 초 | 
2025-11-18 21:05:25,813 - INFO - [실시간] 요청 172000개 처리 | 현재까지의 RPS: 620.34최근 1000개 request의 p99 TTFT: 0.4464 초 | 
2025-11-18 21:05:27,249 - INFO - [실시간] 요청 173000개 처리 | 현재까지의 RPS: 620.73최근 1000개 request의 p99 TTFT: 0.5762 초 | 
2025-11-18 21:05:28,596 - INFO - [실시간] 요청 174000개 처리 | 현재까지의 RPS: 621.32최근 1000개 request의 p99 TTFT: 0.6451 초 | 
2025-11-18 21:05:29,989 - INFO - [실시간] 요청 175000개 처리 | 현재까지의 RPS: 621.80최근 1000개 request의 p99 TTFT: 0.4287 초 | 
2025-11-18 21:05:31,472 - INFO - [실시간] 요청 176000개 처리 | 현재까지의 RPS: 622.07최근 1000개 request의 p99 TTFT: 0.4781 초 | 
2025-11-18 21:05:32,855 - INFO - [실시간] 요청 177000개 처리 | 현재까지의 RPS: 622.56최근 1000개 request의 p99 TTFT: 0.2760 초 | 
2025-11-18 21:05:34,254 - INFO - [실시간] 요청 178000개 처리 | 현재까지의 RPS: 623.01최근 1000개 request의 p99 TTFT: 0.2409 초 | 
2025-11-18 21:05:35,920 - INFO - [실시간] 요청 179000개 처리 | 현재까지의 RPS: 622.88최근 1000개 request의 p99 TTFT: 0.8914 초 | 
2025-11-18 21:05:37,224 - INFO - [실시간] 요청 180000개 처리 | 현재까지의 RPS: 623.53최근 1000개 request의 p99 TTFT: 1.0755 초 | 
2025-11-18 21:05:38,527 - INFO - [실시간] 요청 181000개 처리 | 현재까지의 RPS: 624.18최근 1000개 request의 p99 TTFT: 0.2672 초 | 
2025-11-18 21:05:39,905 - INFO - [실시간] 요청 182000개 처리 | 현재까지의 RPS: 624.66최근 1000개 request의 p99 TTFT: 0.2352 초 | 
2025-11-18 21:05:41,375 - INFO - [실시간] 요청 183000개 처리 | 현재까지의 RPS: 624.94최근 1000개 request의 p99 TTFT: 0.2041 초 | 
2025-11-18 21:05:42,872 - INFO - [실시간] 요청 184000개 처리 | 현재까지의 RPS: 625.16최근 1000개 request의 p99 TTFT: 0.5482 초 | 
2025-11-18 21:05:44,353 - INFO - [실시간] 요청 185000개 처리 | 현재까지의 RPS: 625.41최근 1000개 request의 p99 TTFT: 0.7168 초 | 
2025-11-18 21:05:45,689 - INFO - [실시간] 요청 186000개 처리 | 현재까지의 RPS: 625.96최근 1000개 request의 p99 TTFT: 0.7535 초 | 
2025-11-18 21:05:47,179 - INFO - [실시간] 요청 187000개 처리 | 현재까지의 RPS: 626.19최근 1000개 request의 p99 TTFT: 0.2304 초 | 
2025-11-18 21:05:48,583 - INFO - [실시간] 요청 188000개 처리 | 현재까지의 RPS: 626.59최근 1000개 request의 p99 TTFT: 0.4360 초 | 
2025-11-18 21:05:49,965 - INFO - [실시간] 요청 189000개 처리 | 현재까지의 RPS: 627.03최근 1000개 request의 p99 TTFT: 0.2445 초 | 
2025-11-18 21:05:51,565 - INFO - [실시간] 요청 190000개 처리 | 현재까지의 RPS: 627.02최근 1000개 request의 p99 TTFT: 0.3206 초 | 
2025-11-18 21:05:53,122 - INFO - [실시간] 요청 191000개 처리 | 현재까지의 RPS: 627.10최근 1000개 request의 p99 TTFT: 0.8730 초 | 
2025-11-18 21:05:54,405 - INFO - [실시간] 요청 192000개 처리 | 현재까지의 RPS: 627.74최근 1000개 request의 p99 TTFT: 0.9758 초 | 
2025-11-18 21:05:55,687 - INFO - [실시간] 요청 193000개 처리 | 현재까지의 RPS: 628.38최근 1000개 request의 p99 TTFT: 0.2857 초 | 
2025-11-18 21:05:57,095 - INFO - [실시간] 요청 194000개 처리 | 현재까지의 RPS: 628.75최근 1000개 request의 p99 TTFT: 0.2329 초 | 
2025-11-18 21:05:58,820 - INFO - [실시간] 요청 195000개 처리 | 현재까지의 RPS: 628.48최근 1000개 request의 p99 TTFT: 0.2122 초 | 
2025-11-18 21:06:00,170 - INFO - [실시간] 요청 196000개 처리 | 현재까지의 RPS: 628.96최근 1000개 request의 p99 TTFT: 0.6986 초 | 
2025-11-18 21:06:01,445 - INFO - [실시간] 요청 197000개 처리 | 현재까지의 RPS: 629.60최근 1000개 request의 p99 TTFT: 0.6984 초 | 
2025-11-18 21:06:02,837 - INFO - [실시간] 요청 198000개 처리 | 현재까지의 RPS: 629.99최근 1000개 request의 p99 TTFT: 0.3611 초 | 
2025-11-18 21:06:04,321 - INFO - [실시간] 요청 199000개 처리 | 현재까지의 RPS: 630.20최근 1000개 request의 p99 TTFT: 0.2110 초 | 
2025-11-18 21:06:05,722 - INFO - [실시간] 요청 200000개 처리 | 현재까지의 RPS: 630.56최근 1000개 request의 p99 TTFT: 0.4419 초 | 
2025-11-18 21:06:07,149 - INFO - [실시간] 요청 201000개 처리 | 현재까지의 RPS: 630.88최근 1000개 request의 p99 TTFT: 0.4465 초 | 
2025-11-18 21:06:08,736 - INFO - [실시간] 요청 202000개 처리 | 현재까지의 RPS: 630.87최근 1000개 request의 p99 TTFT: 0.6432 초 | 
2025-11-18 21:06:10,021 - INFO - [실시간] 요청 203000개 처리 | 현재까지의 RPS: 631.47최근 1000개 request의 p99 TTFT: 0.6620 초 | 
2025-11-18 21:06:11,401 - INFO - [실시간] 요청 204000개 처리 | 현재까지의 RPS: 631.86최근 1000개 request의 p99 TTFT: 0.5134 초 | 
2025-11-18 21:06:12,734 - INFO - [실시간] 요청 205000개 처리 | 현재까지의 RPS: 632.35최근 1000개 request의 p99 TTFT: 0.4927 초 | 
2025-11-18 21:06:14,065 - INFO - [실시간] 요청 206000개 처리 | 현재까지의 RPS: 632.84최근 1000개 request의 p99 TTFT: 0.2660 초 | 
2025-11-18 21:06:15,513 - INFO - [실시간] 요청 207000개 처리 | 현재까지의 RPS: 633.09최근 1000개 request의 p99 TTFT: 0.3542 초 | 
2025-11-18 21:06:17,034 - INFO - [실시간] 요청 208000개 처리 | 현재까지의 RPS: 633.20최근 1000개 request의 p99 TTFT: 0.7293 초 | 
2025-11-18 21:06:18,309 - INFO - [실시간] 요청 209000개 처리 | 현재까지의 RPS: 633.79최근 1000개 request의 p99 TTFT: 0.7859 초 | 
통계에 반영된 요청 인덱스 범위: 0 ~ 209816 (총 209816개 요청)
통계 반영된 요청 수: 209816, 통계 반영된 시간: 380.32 초

==================================================
 실험 최종 결과 요약
==================================================
 설정 실험 시간: 330 초
 Clients 수: 8000
 통계 반영 시간: 380.32 초
 총 시도된 요청: 215562 개
 총 완료된 요청: 209816 개
 총 실패한 요청: 5746 개
 완료 요청 중 retrieval이 실패한 요청: 0 개
 요청 성공률: 97.33%
 전체 Requests Per Second (RPS): 551.69
--------------------------------------------------
 Time to First Token (TTFT) Latency:
  - 평균 (Mean): 0.1375 초
  - 중간값 (50%ile): 0.1128 초
  - 최소값 (Min): 0.0155 초
  - 최대값 (Max): 1.2118 초
  - 95%ile Tail: 0.3634 초
  - 99%ile Tail: 0.6569 초
--------------------------------------------------
 Time Per Output Token (TPOT):
  - 평균 (Mean): 16.93 ms/token
--------------------------------------------------
 Embedding Latency:
  - 총 샘플 수: 209799
  - 평균 (Mean): 8.99 ms
  - 중간값 (50%ile): 6.00 ms
  - 95%ile Tail: 21.00 ms
  - 99%ile Tail: 56.00 ms
--------------------------------------------------
 VectorDB Search Latency:
  - 총 샘플 수: 209799
  - 평균 (Mean): 39.15 ms
  - 중간값 (50%ile): 19.00 ms
  - 95%ile Tail: 151.00 ms
  - 99%ile Tail: 366.02 ms
--------------------------------------------------
 Document Search Latency:
  - 총 샘플 수: 209799
  - 평균 (Mean): 21.07 ms
  - 중간값 (50%ile): 7.00 ms
  - 95%ile Tail: 81.00 ms
  - 99%ile Tail: 244.00 ms
--------------------------------------------------
 Total Retrieval Latency:
  - 총 샘플 수: 209816
  - 평균 (Mean): 69.21 ms
  - 중간값 (50%ile): 37.00 ms
  - 95%ile Tail: 256.00 ms
  - 99%ile Tail: 532.00 ms
==================================================
