2025-11-18 20:54:07,037 - INFO - ReqGen 시작: 서버=163.152.48.109:9000, 클라이언트=8500, 시간=330초
2025-11-18 20:54:07,037 - INFO - Hugging Face에서 'kroshan/BioASQ' 데이터셋을 로드합니다...
2025-11-18 20:54:13,159 - INFO - 3266개의 질문을 로드했습니다.
2025-11-18 20:54:13,160 - INFO - 부하 테스트 시작, client 수 = 8500
2025-11-18 20:54:13,160 - INFO - Zipf 값 1.2에서 상위 20%의 질문이 차지하는 비율: 91.82%
2025-11-18 20:54:17,531 - INFO - [실시간] 요청 1000개 처리 | 현재까지의 RPS: 228.81최근 1000개 request의 p99 TTFT: 0.2132 초 | 
2025-11-18 20:54:19,938 - INFO - [실시간] 요청 2000개 처리 | 현재까지의 RPS: 295.06최근 1000개 request의 p99 TTFT: 0.4493 초 | 
2025-11-18 20:54:22,048 - INFO - [실시간] 요청 3000개 처리 | 현재까지의 RPS: 337.52최근 1000개 request의 p99 TTFT: 0.4258 초 | 
2025-11-18 20:54:23,938 - INFO - [실시간] 요청 4000개 처리 | 현재까지의 RPS: 371.14최근 1000개 request의 p99 TTFT: 0.2591 초 | 
2025-11-18 20:54:25,850 - INFO - [실시간] 요청 5000개 처리 | 현재까지의 RPS: 394.01최근 1000개 request의 p99 TTFT: 0.7879 초 | 
2025-11-18 20:54:27,541 - INFO - [실시간] 요청 6000개 처리 | 현재까지의 RPS: 417.22최근 1000개 request의 p99 TTFT: 0.7962 초 | 
2025-11-18 20:54:29,399 - INFO - [실시간] 요청 7000개 처리 | 현재까지의 RPS: 431.06최근 1000개 request의 p99 TTFT: 0.6812 초 | 
2025-11-18 20:54:30,832 - INFO - [실시간] 요청 8000개 처리 | 현재까지의 RPS: 452.68최근 1000개 request의 p99 TTFT: 0.7695 초 | 
2025-11-18 20:54:32,312 - INFO - [실시간] 요청 9000개 처리 | 현재까지의 RPS: 469.93최근 1000개 request의 p99 TTFT: 0.5731 초 | 
2025-11-18 20:54:33,637 - INFO - [실시간] 요청 10000개 처리 | 현재까지의 RPS: 488.36최근 1000개 request의 p99 TTFT: 0.6979 초 | 
2025-11-18 20:54:35,205 - INFO - [실시간] 요청 11000개 처리 | 현재까지의 RPS: 498.97최근 1000개 request의 p99 TTFT: 0.6789 초 | 
2025-11-18 20:54:37,263 - INFO - [실시간] 요청 12000개 처리 | 현재까지의 RPS: 497.87최근 1000개 request의 p99 TTFT: 0.3789 초 | 
2025-11-18 20:54:38,923 - INFO - [실시간] 요청 13000개 처리 | 현재까지의 RPS: 504.60최근 1000개 request의 p99 TTFT: 0.6729 초 | 
2025-11-18 20:54:40,596 - INFO - [실시간] 요청 14000개 처리 | 현재까지의 RPS: 510.28최근 1000개 request의 p99 TTFT: 0.2903 초 | 
2025-11-18 20:54:42,359 - INFO - [실시간] 요청 15000개 처리 | 현재까지의 RPS: 513.72최근 1000개 request의 p99 TTFT: 0.2107 초 | 
2025-11-18 20:54:44,079 - INFO - [실시간] 요청 16000개 처리 | 현재까지의 RPS: 517.48최근 1000개 request의 p99 TTFT: 0.4604 초 | 
2025-11-18 20:54:45,740 - INFO - [실시간] 요청 17000개 처리 | 현재까지의 RPS: 521.79최근 1000개 request의 p99 TTFT: 0.1956 초 | 
2025-11-18 20:54:47,501 - INFO - [실시간] 요청 18000개 처리 | 현재까지의 RPS: 524.16최근 1000개 request의 p99 TTFT: 0.3098 초 | 
2025-11-18 20:54:49,173 - INFO - [실시간] 요청 19000개 처리 | 현재까지의 RPS: 527.58최근 1000개 request의 p99 TTFT: 0.6137 초 | 
2025-11-18 20:54:50,680 - INFO - [실시간] 요청 20000개 처리 | 현재까지의 RPS: 533.05최근 1000개 request의 p99 TTFT: 0.5606 초 | 
2025-11-18 20:54:52,383 - INFO - [실시간] 요청 21000개 처리 | 현재까지의 RPS: 535.41최근 1000개 request의 p99 TTFT: 0.2286 초 | 
2025-11-18 20:54:54,020 - INFO - [실시간] 요청 22000개 처리 | 현재까지의 RPS: 538.43최근 1000개 request의 p99 TTFT: 0.1953 초 | 
2025-11-18 20:54:55,621 - INFO - [실시간] 요청 23000개 처리 | 현재까지의 RPS: 541.67최근 1000개 request의 p99 TTFT: 0.1958 초 | 
2025-11-18 20:54:57,333 - INFO - [실시간] 요청 24000개 처리 | 현재까지의 RPS: 543.33최근 1000개 request의 p99 TTFT: 0.4260 초 | 
2025-11-18 20:54:58,919 - INFO - [실시간] 요청 25000개 처리 | 현재까지의 RPS: 546.34최근 1000개 request의 p99 TTFT: 0.6350 초 | 
2025-11-18 20:55:00,657 - INFO - [실시간] 요청 26000개 처리 | 현재까지의 RPS: 547.40최근 1000개 request의 p99 TTFT: 0.4985 초 | 
2025-11-18 20:55:02,390 - INFO - [실시간] 요청 27000개 처리 | 현재까지의 RPS: 548.44최근 1000개 request의 p99 TTFT: 0.2011 초 | 
2025-11-18 20:55:04,129 - INFO - [실시간] 요청 28000개 처리 | 현재까지의 RPS: 549.36최근 1000개 request의 p99 TTFT: 0.3954 초 | 
2025-11-18 20:55:05,701 - INFO - [실시간] 요청 29000개 처리 | 현재까지의 RPS: 551.95최근 1000개 request의 p99 TTFT: 0.2773 초 | 
2025-11-18 20:55:07,414 - INFO - [실시간] 요청 30000개 처리 | 현재까지의 RPS: 552.95최근 1000개 request의 p99 TTFT: 0.3399 초 | 
2025-11-18 20:55:09,108 - INFO - [실시간] 요청 31000개 처리 | 현재까지의 RPS: 554.09최근 1000개 request의 p99 TTFT: 0.8298 초 | 
2025-11-18 20:55:10,681 - INFO - [실시간] 요청 32000개 처리 | 현재까지의 RPS: 556.32최근 1000개 request의 p99 TTFT: 0.7869 초 | 
2025-11-18 20:55:12,313 - INFO - [실시간] 요청 33000개 처리 | 현재까지의 RPS: 557.88최근 1000개 request의 p99 TTFT: 0.3595 초 | 
2025-11-18 20:55:13,942 - INFO - [실시간] 요청 34000개 처리 | 현재까지의 RPS: 559.38최근 1000개 request의 p99 TTFT: 0.3809 초 | 
2025-11-18 20:55:15,416 - INFO - [실시간] 요청 35000개 처리 | 현재까지의 RPS: 562.19최근 1000개 request의 p99 TTFT: 0.5725 초 | 
2025-11-18 20:55:17,017 - INFO - [실시간] 요청 36000개 처리 | 현재까지의 RPS: 563.76최근 1000개 request의 p99 TTFT: 0.6032 초 | 
2025-11-18 20:55:18,399 - INFO - [실시간] 요청 37000개 처리 | 현재까지의 RPS: 567.15최근 1000개 request의 p99 TTFT: 0.8498 초 | 
2025-11-18 20:55:19,953 - INFO - [실시간] 요청 38000개 처리 | 현재까지의 RPS: 568.92최근 1000개 request의 p99 TTFT: 0.6219 초 | 
2025-11-18 20:55:21,416 - INFO - [실시간] 요청 39000개 처리 | 현재까지의 RPS: 571.38최근 1000개 request의 p99 TTFT: 0.6444 초 | 
2025-11-18 20:55:22,880 - INFO - [실시간] 요청 40000개 처리 | 현재까지의 RPS: 573.73최근 1000개 request의 p99 TTFT: 0.2578 초 | 
2025-11-18 20:55:24,304 - INFO - [실시간] 요청 41000개 처리 | 현재까지의 RPS: 576.30최근 1000개 request의 p99 TTFT: 0.2342 초 | 
2025-11-18 20:55:25,950 - INFO - [실시간] 요청 42000개 처리 | 현재까지의 RPS: 577.01최근 1000개 request의 p99 TTFT: 0.6002 초 | 
2025-11-18 20:55:27,363 - INFO - [실시간] 요청 43000개 처리 | 현재까지의 RPS: 579.49최근 1000개 request의 p99 TTFT: 1.1203 초 | 
2025-11-18 20:55:28,703 - INFO - [실시간] 요청 44000개 처리 | 현재까지의 RPS: 582.45최근 1000개 request의 p99 TTFT: 1.0040 초 | 
2025-11-18 20:55:30,015 - INFO - [실시간] 요청 45000개 처리 | 현재까지의 RPS: 585.52최근 1000개 request의 p99 TTFT: 0.3093 초 | 
2025-11-18 20:55:31,403 - INFO - [실시간] 요청 46000개 처리 | 현재까지의 RPS: 587.91최근 1000개 request의 p99 TTFT: 0.3291 초 | 
2025-11-18 20:55:32,918 - INFO - [실시간] 요청 47000개 처리 | 현재까지의 RPS: 589.28최근 1000개 request의 p99 TTFT: 0.6995 초 | 
2025-11-18 20:55:34,203 - INFO - [실시간] 요청 48000개 처리 | 현재까지의 RPS: 592.28최근 1000개 request의 p99 TTFT: 1.0483 초 | 
2025-11-18 20:55:35,553 - INFO - [실시간] 요청 49000개 처리 | 현재까지의 RPS: 594.71최근 1000개 request의 p99 TTFT: 1.0242 초 | 
2025-11-18 20:55:37,017 - INFO - [실시간] 요청 50000개 처리 | 현재까지의 RPS: 596.26최근 1000개 request의 p99 TTFT: 0.5811 초 | 
2025-11-18 20:55:38,476 - INFO - [실시간] 요청 51000개 처리 | 현재까지의 RPS: 597.78최근 1000개 request의 p99 TTFT: 0.5993 초 | 
2025-11-18 20:55:40,026 - INFO - [실시간] 요청 52000개 처리 | 현재까지의 RPS: 598.62최근 1000개 request의 p99 TTFT: 0.7156 초 | 
2025-11-18 20:55:41,383 - INFO - [실시간] 요청 53000개 처리 | 현재까지의 RPS: 600.75최근 1000개 request의 p99 TTFT: 0.7374 초 | 
2025-11-18 20:55:42,877 - INFO - [실시간] 요청 54000개 처리 | 현재까지의 RPS: 601.89최근 1000개 request의 p99 TTFT: 0.4872 초 | 
2025-11-18 20:55:44,290 - INFO - [실시간] 요청 55000개 처리 | 현재까지의 RPS: 603.53최근 1000개 request의 p99 TTFT: 0.2443 초 | 
2025-11-18 20:55:45,696 - INFO - [실시간] 요청 56000개 처리 | 현재까지의 RPS: 605.17최근 1000개 request의 p99 TTFT: 0.2491 초 | 
2025-11-18 20:55:47,259 - INFO - [실시간] 요청 57000개 처리 | 현재까지의 RPS: 605.74최근 1000개 request의 p99 TTFT: 0.3602 초 | 
2025-11-18 20:55:48,743 - INFO - [실시간] 요청 58000개 처리 | 현재까지의 RPS: 606.80최근 1000개 request의 p99 TTFT: 0.9360 초 | 
2025-11-18 20:55:50,078 - INFO - [실시간] 요청 59000개 처리 | 현재까지의 RPS: 608.76최근 1000개 request의 p99 TTFT: 0.9612 초 | 
2025-11-18 20:55:51,443 - INFO - [실시간] 요청 60000개 처리 | 현재까지의 RPS: 610.48최근 1000개 request의 p99 TTFT: 0.3969 초 | 
2025-11-18 20:55:52,926 - INFO - [실시간] 요청 61000개 처리 | 현재까지의 RPS: 611.43최근 1000개 request의 p99 TTFT: 0.5560 초 | 
2025-11-18 20:55:54,431 - INFO - [실시간] 요청 62000개 처리 | 현재까지의 RPS: 612.22최근 1000개 request의 p99 TTFT: 0.6057 초 | 
2025-11-18 20:55:56,055 - INFO - [실시간] 요청 63000개 처리 | 현재까지의 RPS: 612.28최근 1000개 request의 p99 TTFT: 0.5624 초 | 
2025-11-18 20:55:57,403 - INFO - [실시간] 요청 64000개 처리 | 현재까지의 RPS: 613.95최근 1000개 request의 p99 TTFT: 0.7458 초 | 
2025-11-18 20:55:58,962 - INFO - [실시간] 요청 65000개 처리 | 현재까지의 RPS: 614.35최근 1000개 request의 p99 TTFT: 0.5704 초 | 
2025-11-18 20:56:00,277 - INFO - [실시간] 요청 66000개 처리 | 현재까지의 RPS: 616.15최근 1000개 request의 p99 TTFT: 0.7301 초 | 
2025-11-18 20:56:01,715 - INFO - [실시간] 요청 67000개 처리 | 현재까지의 RPS: 617.20최근 1000개 request의 p99 TTFT: 0.4405 초 | 
2025-11-18 20:56:03,348 - INFO - [실시간] 요청 68000개 처리 | 현재까지의 RPS: 617.13최근 1000개 request의 p99 TTFT: 0.2464 초 | 
2025-11-18 20:56:04,847 - INFO - [실시간] 요청 69000개 처리 | 현재까지의 RPS: 617.80최근 1000개 request의 p99 TTFT: 0.7780 초 | 
2025-11-18 20:56:06,152 - INFO - [실시간] 요청 70000개 처리 | 현재까지의 RPS: 619.51최근 1000개 request의 p99 TTFT: 0.7723 초 | 
2025-11-18 20:56:07,524 - INFO - [실시간] 요청 71000개 처리 | 현재까지의 RPS: 620.83최근 1000개 request의 p99 TTFT: 0.4885 초 | 
2025-11-18 20:56:09,017 - INFO - [실시간] 요청 72000개 처리 | 현재까지의 RPS: 621.46최근 1000개 request의 p99 TTFT: 0.2281 초 | 
2025-11-18 20:56:10,456 - INFO - [실시간] 요청 73000개 처리 | 현재까지의 RPS: 622.36최근 1000개 request의 p99 TTFT: 0.6171 초 | 
2025-11-18 20:56:12,048 - INFO - [실시간] 요청 74000개 처리 | 현재까지의 RPS: 622.43최근 1000개 request의 p99 TTFT: 0.4481 초 | 
2025-11-18 20:56:13,596 - INFO - [실시간] 요청 75000개 처리 | 현재까지의 RPS: 622.74최근 1000개 request의 p99 TTFT: 0.7227 초 | 
2025-11-18 20:56:14,863 - INFO - [실시간] 요청 76000개 처리 | 현재까지의 RPS: 624.47최근 1000개 request의 p99 TTFT: 0.7987 초 | 
2025-11-18 20:56:16,173 - INFO - [실시간] 요청 77000개 처리 | 현재까지의 RPS: 625.95최근 1000개 request의 p99 TTFT: 0.7537 초 | 
2025-11-18 20:56:17,457 - INFO - [실시간] 요청 78000개 처리 | 현재까지의 RPS: 627.53최근 1000개 request의 p99 TTFT: 0.8508 초 | 
2025-11-18 20:56:18,897 - INFO - [실시간] 요청 79000개 처리 | 현재까지의 RPS: 628.30최근 1000개 request의 p99 TTFT: 0.3599 초 | 
2025-11-18 20:56:20,349 - INFO - [실시간] 요청 80000개 처리 | 현재까지의 RPS: 628.99최근 1000개 request의 p99 TTFT: 0.5407 초 | 
2025-11-18 20:56:21,822 - INFO - [실시간] 요청 81000개 처리 | 현재까지의 RPS: 629.56최근 1000개 request의 p99 TTFT: 0.9359 초 | 
2025-11-18 20:56:23,100 - INFO - [실시간] 요청 82000개 처리 | 현재까지의 RPS: 631.06최근 1000개 request의 p99 TTFT: 1.0109 초 | 
2025-11-18 20:56:24,623 - INFO - [실시간] 요청 83000개 처리 | 현재까지의 RPS: 631.36최근 1000개 request의 p99 TTFT: 0.3978 초 | 
2025-11-18 20:56:26,076 - INFO - [실시간] 요청 84000개 처리 | 현재까지의 RPS: 631.98최근 1000개 request의 p99 TTFT: 0.4944 초 | 
2025-11-18 20:56:27,401 - INFO - [실시간] 요청 85000개 처리 | 현재까지의 RPS: 633.19최근 1000개 request의 p99 TTFT: 0.6559 초 | 
2025-11-18 20:56:28,738 - INFO - [실시간] 요청 86000개 처리 | 현재까지의 RPS: 634.32최근 1000개 request의 p99 TTFT: 0.7106 초 | 
2025-11-18 20:56:30,167 - INFO - [실시간] 요청 87000개 처리 | 현재까지의 RPS: 635.00최근 1000개 request의 p99 TTFT: 1.0097 초 | 
2025-11-18 20:56:31,446 - INFO - [실시간] 요청 88000개 처리 | 현재까지의 RPS: 636.36최근 1000개 request의 p99 TTFT: 1.0050 초 | 
2025-11-18 20:56:32,853 - INFO - [실시간] 요청 89000개 처리 | 현재까지의 RPS: 637.11최근 1000개 request의 p99 TTFT: 0.3669 초 | 
2025-11-18 20:56:34,106 - INFO - [실시간] 요청 90000개 처리 | 현재까지의 RPS: 638.54최근 1000개 request의 p99 TTFT: 0.7222 초 | 
2025-11-18 20:56:35,390 - INFO - [실시간] 요청 91000개 처리 | 현재까지의 RPS: 639.81최근 1000개 request의 p99 TTFT: 0.6922 초 | 
2025-11-18 20:56:36,920 - INFO - [실시간] 요청 92000개 처리 | 현재까지의 RPS: 639.95최근 1000개 request의 p99 TTFT: 0.6570 초 | 
2025-11-18 20:56:38,197 - INFO - [실시간] 요청 93000개 처리 | 현재까지의 RPS: 641.22최근 1000개 request의 p99 TTFT: 0.8881 초 | 
2025-11-18 20:56:39,610 - INFO - [실시간] 요청 94000개 처리 | 현재까지의 RPS: 641.86최근 1000개 request의 p99 TTFT: 0.8086 초 | 
2025-11-18 20:56:40,906 - INFO - [실시간] 요청 95000개 처리 | 현재까지의 RPS: 642.99최근 1000개 request의 p99 TTFT: 0.6567 초 | 
2025-11-18 20:56:42,270 - INFO - [실시간] 요청 96000개 처리 | 현재까지의 RPS: 643.82최근 1000개 request의 p99 TTFT: 0.2757 초 | 
2025-11-18 20:56:43,869 - INFO - [실시간] 요청 97000개 처리 | 현재까지의 RPS: 643.62최근 1000개 request의 p99 TTFT: 0.5801 초 | 
2025-11-18 20:56:45,171 - INFO - [실시간] 요청 98000개 처리 | 현재까지의 RPS: 644.69최근 1000개 request의 p99 TTFT: 1.0175 초 | 
2025-11-18 20:56:46,477 - INFO - [실시간] 요청 99000개 처리 | 현재까지의 RPS: 645.72최근 1000개 request의 p99 TTFT: 0.9438 초 | 
2025-11-18 20:56:47,805 - INFO - [실시간] 요청 100000개 처리 | 현재까지의 RPS: 646.64최근 1000개 request의 p99 TTFT: 0.3250 초 | 
2025-11-18 20:56:49,123 - INFO - [실시간] 요청 101000개 처리 | 현재까지의 RPS: 647.59최근 1000개 request의 p99 TTFT: 0.7630 초 | 
2025-11-18 20:56:50,450 - INFO - [실시간] 요청 102000개 처리 | 현재까지의 RPS: 648.48최근 1000개 request의 p99 TTFT: 0.8109 초 | 
2025-11-18 20:56:52,034 - INFO - [실시간] 요청 103000개 처리 | 현재까지의 RPS: 648.31최근 1000개 request의 p99 TTFT: 0.9769 초 | 
2025-11-18 20:56:53,332 - INFO - [실시간] 요청 104000개 처리 | 현재까지의 RPS: 649.30최근 1000개 request의 p99 TTFT: 1.1206 초 | 
2025-11-18 20:56:54,646 - INFO - [실시간] 요청 105000개 처리 | 현재까지의 RPS: 650.21최근 1000개 request의 p99 TTFT: 0.6424 초 | 
2025-11-18 20:56:55,985 - INFO - [실시간] 요청 106000개 처리 | 현재까지의 RPS: 651.01최근 1000개 request의 p99 TTFT: 0.4496 초 | 
2025-11-18 20:56:57,437 - INFO - [실시간] 요청 107000개 처리 | 현재까지의 RPS: 651.34최근 1000개 request의 p99 TTFT: 0.2041 초 | 
2025-11-18 20:56:58,922 - INFO - [실시간] 요청 108000개 처리 | 현재까지의 RPS: 651.54최근 1000개 request의 p99 TTFT: 0.4875 초 | 
2025-11-18 20:57:00,332 - INFO - [실시간] 요청 109000개 처리 | 현재까지의 RPS: 652.02최근 1000개 request의 p99 TTFT: 1.0920 초 | 
2025-11-18 20:57:01,617 - INFO - [실시간] 요청 110000개 처리 | 현재까지의 RPS: 652.99최근 1000개 request의 p99 TTFT: 1.0523 초 | 
2025-11-18 20:57:02,949 - INFO - [실시간] 요청 111000개 처리 | 현재까지의 RPS: 653.75최근 1000개 request의 p99 TTFT: 0.5004 초 | 
2025-11-18 20:57:04,339 - INFO - [실시간] 요청 112000개 처리 | 현재까지의 RPS: 654.29최근 1000개 request의 p99 TTFT: 0.2559 초 | 
2025-11-18 20:57:05,953 - INFO - [실시간] 요청 113000개 처리 | 현재까지의 RPS: 653.96최근 1000개 request의 p99 TTFT: 0.3116 초 | 
2025-11-18 20:57:07,243 - INFO - [실시간] 요청 114000개 처리 | 현재까지의 RPS: 654.86최근 1000개 request의 p99 TTFT: 0.5371 초 | 
2025-11-18 20:57:08,560 - INFO - [실시간] 요청 115000개 처리 | 현재까지의 RPS: 655.64최근 1000개 request의 p99 TTFT: 0.9824 초 | 
2025-11-18 20:57:09,865 - INFO - [실시간] 요청 116000개 처리 | 현재까지의 RPS: 656.46최근 1000개 request의 p99 TTFT: 1.0401 초 | 
2025-11-18 20:57:11,273 - INFO - [실시간] 요청 117000개 처리 | 현재까지의 RPS: 656.89최근 1000개 request의 p99 TTFT: 0.5335 초 | 
2025-11-18 20:57:12,613 - INFO - [실시간] 요청 118000개 처리 | 현재까지의 RPS: 657.55최근 1000개 request의 p99 TTFT: 0.4647 초 | 
2025-11-18 20:57:14,137 - INFO - [실시간] 요청 119000개 처리 | 현재까지의 RPS: 657.54최근 1000개 request의 p99 TTFT: 0.3241 초 | 
2025-11-18 20:57:15,568 - INFO - [실시간] 요청 120000개 처리 | 현재까지의 RPS: 657.87최근 1000개 request의 p99 TTFT: 0.8730 초 | 
2025-11-18 20:57:16,873 - INFO - [실시간] 요청 121000개 처리 | 현재까지의 RPS: 658.64최근 1000개 request의 p99 TTFT: 1.1287 초 | 
2025-11-18 20:57:18,217 - INFO - [실시간] 요청 122000개 처리 | 현재까지의 RPS: 659.26최근 1000개 request의 p99 TTFT: 0.9996 초 | 
2025-11-18 20:57:19,594 - INFO - [실시간] 요청 123000개 처리 | 현재까지의 RPS: 659.75최근 1000개 request의 p99 TTFT: 0.4900 초 | 
2025-11-18 20:57:20,926 - INFO - [실시간] 요청 124000개 처리 | 현재까지의 RPS: 660.40최근 1000개 request의 p99 TTFT: 0.5924 초 | 
2025-11-18 20:57:22,440 - INFO - [실시간] 요청 125000개 처리 | 현재까지의 RPS: 660.40최근 1000개 request의 p99 TTFT: 0.5603 초 | 
2025-11-18 20:57:23,835 - INFO - [실시간] 요청 126000개 처리 | 현재까지의 RPS: 660.81최근 1000개 request의 p99 TTFT: 0.9717 초 | 
2025-11-18 20:57:25,167 - INFO - [실시간] 요청 127000개 처리 | 현재까지의 RPS: 661.43최근 1000개 request의 p99 TTFT: 0.9660 초 | 
2025-11-18 20:57:26,554 - INFO - [실시간] 요청 128000개 처리 | 현재까지의 RPS: 661.86최근 1000개 request의 p99 TTFT: 0.6898 초 | 
2025-11-18 20:57:27,894 - INFO - [실시간] 요청 129000개 처리 | 현재까지의 RPS: 662.44최근 1000개 request의 p99 TTFT: 0.3977 초 | 
2025-11-18 20:57:29,326 - INFO - [실시간] 요청 130000개 처리 | 현재까지의 RPS: 662.70최근 1000개 request의 p99 TTFT: 0.3852 초 | 
2025-11-18 20:57:30,850 - INFO - [실시간] 요청 131000개 처리 | 현재까지의 RPS: 662.66최근 1000개 request의 p99 TTFT: 0.9120 초 | 
2025-11-18 20:57:32,090 - INFO - [실시간] 요청 132000개 처리 | 현재까지의 RPS: 663.55최근 1000개 request의 p99 TTFT: 1.0624 초 | 
2025-11-18 20:57:33,403 - INFO - [실시간] 요청 133000개 처리 | 현재까지의 RPS: 664.19최근 1000개 request의 p99 TTFT: 0.9763 초 | 
2025-11-18 20:57:34,703 - INFO - [실시간] 요청 134000개 처리 | 현재까지의 RPS: 664.87최근 1000개 request의 p99 TTFT: 0.5449 초 | 
2025-11-18 20:57:36,017 - INFO - [실시간] 요청 135000개 처리 | 현재까지의 RPS: 665.49최근 1000개 request의 p99 TTFT: 0.5279 초 | 
2025-11-18 20:57:37,578 - INFO - [실시간] 요청 136000개 처리 | 현재까지의 RPS: 665.30최근 1000개 request의 p99 TTFT: 0.6726 초 | 
2025-11-18 20:57:38,905 - INFO - [실시간] 요청 137000개 처리 | 현재까지의 RPS: 665.87최근 1000개 request의 p99 TTFT: 1.1329 초 | 
2025-11-18 20:57:40,195 - INFO - [실시간] 요청 138000개 처리 | 현재까지의 RPS: 666.55최근 1000개 request의 p99 TTFT: 1.2522 초 | 
2025-11-18 20:57:41,513 - INFO - [실시간] 요청 139000개 처리 | 현재까지의 RPS: 667.14최근 1000개 request의 p99 TTFT: 0.9349 초 | 
2025-11-18 20:57:42,815 - INFO - [실시간] 요청 140000개 처리 | 현재까지의 RPS: 667.76최근 1000개 request의 p99 TTFT: 0.3330 초 | 
2025-11-18 20:57:44,241 - INFO - [실시간] 요청 141000개 처리 | 현재까지의 RPS: 667.99최근 1000개 request의 p99 TTFT: 0.3500 초 | 
2025-11-18 20:57:45,755 - INFO - [실시간] 요청 142000개 처리 | 현재까지의 RPS: 667.94최근 1000개 request의 p99 TTFT: 1.0048 초 | 
2025-11-18 20:57:46,990 - INFO - [실시간] 요청 143000개 처리 | 현재까지의 RPS: 668.76최근 1000개 request의 p99 TTFT: 1.0394 초 | 
2025-11-18 20:57:48,314 - INFO - [실시간] 요청 144000개 처리 | 현재까지의 RPS: 669.29최근 1000개 request의 p99 TTFT: 0.7779 초 | 
2025-11-18 20:57:49,668 - INFO - [실시간] 요청 145000개 처리 | 현재까지의 RPS: 669.72최근 1000개 request의 p99 TTFT: 0.6893 초 | 
2025-11-18 20:57:51,022 - INFO - [실시간] 요청 146000개 처리 | 현재까지의 RPS: 670.15최근 1000개 request의 p99 TTFT: 0.4834 초 | 
2025-11-18 20:57:52,642 - INFO - [실시간] 요청 147000개 처리 | 현재까지의 RPS: 669.76최근 1000개 request의 p99 TTFT: 0.5943 초 | 
2025-11-18 20:57:54,035 - INFO - [실시간] 요청 148000개 처리 | 현재까지의 RPS: 670.06최근 1000개 request의 p99 TTFT: 1.0930 초 | 
2025-11-18 20:57:55,265 - INFO - [실시간] 요청 149000개 처리 | 현재까지의 RPS: 670.85최근 1000개 request의 p99 TTFT: 1.1607 초 | 
2025-11-18 20:57:56,573 - INFO - [실시간] 요청 150000개 처리 | 현재까지의 RPS: 671.40최근 1000개 request의 p99 TTFT: 0.5566 초 | 
2025-11-18 20:57:57,948 - INFO - [실시간] 요청 151000개 처리 | 현재까지의 RPS: 671.74최근 1000개 request의 p99 TTFT: 0.4462 초 | 
2025-11-18 20:57:59,320 - INFO - [실시간] 요청 152000개 처리 | 현재까지의 RPS: 672.09최근 1000개 request의 p99 TTFT: 0.3399 초 | 
2025-11-18 20:58:00,918 - INFO - [실시간] 요청 153000개 처리 | 현재까지의 RPS: 671.77최근 1000개 request의 p99 TTFT: 0.9510 초 | 
2025-11-18 20:58:02,161 - INFO - [실시간] 요청 154000개 처리 | 현재까지의 RPS: 672.49최근 1000개 request의 p99 TTFT: 1.1583 초 | 
2025-11-18 20:58:03,504 - INFO - [실시간] 요청 155000개 처리 | 현재까지의 RPS: 672.91최근 1000개 request의 p99 TTFT: 1.0250 초 | 
2025-11-18 20:58:04,924 - INFO - [실시간] 요청 156000개 처리 | 현재까지의 RPS: 673.10최근 1000개 request의 p99 TTFT: 0.3861 초 | 
2025-11-18 20:58:06,469 - INFO - [실시간] 요청 157000개 처리 | 현재까지의 RPS: 672.93최근 1000개 request의 p99 TTFT: 0.2352 초 | 
2025-11-18 20:58:07,973 - INFO - [실시간] 요청 158000개 처리 | 현재까지의 RPS: 672.88최근 1000개 request의 p99 TTFT: 0.8193 초 | 
2025-11-18 20:58:09,235 - INFO - [실시간] 요청 159000개 처리 | 현재까지의 RPS: 673.52최근 1000개 request의 p99 TTFT: 1.0336 초 | 
2025-11-18 20:58:10,496 - INFO - [실시간] 요청 160000개 처리 | 현재까지의 RPS: 674.15최근 1000개 request의 p99 TTFT: 0.9750 초 | 
2025-11-18 20:58:11,867 - INFO - [실시간] 요청 161000개 처리 | 현재까지의 RPS: 674.47최근 1000개 request의 p99 TTFT: 0.3195 초 | 
2025-11-18 20:58:13,246 - INFO - [실시간] 요청 162000개 처리 | 현재까지의 RPS: 674.76최근 1000개 request의 p99 TTFT: 0.5908 초 | 
2025-11-18 20:58:14,660 - INFO - [실시간] 요청 163000개 처리 | 현재까지의 RPS: 674.95최근 1000개 request의 p99 TTFT: 0.5626 초 | 
2025-11-18 20:58:16,143 - INFO - [실시간] 요청 164000개 처리 | 현재까지의 RPS: 674.94최근 1000개 request의 p99 TTFT: 0.8581 초 | 
2025-11-18 20:58:17,376 - INFO - [실시간] 요청 165000개 처리 | 현재까지의 RPS: 675.63최근 1000개 request의 p99 TTFT: 1.3320 초 | 
2025-11-18 20:58:18,673 - INFO - [실시간] 요청 166000개 처리 | 현재까지의 RPS: 676.14최근 1000개 request의 p99 TTFT: 1.3289 초 | 
2025-11-18 20:58:20,003 - INFO - [실시간] 요청 167000개 처리 | 현재까지의 RPS: 676.54최근 1000개 request의 p99 TTFT: 0.9086 초 | 
2025-11-18 20:58:21,389 - INFO - [실시간] 요청 168000개 처리 | 현재까지의 RPS: 676.79최근 1000개 request의 p99 TTFT: 0.2272 초 | 
2025-11-18 20:58:22,951 - INFO - [실시간] 요청 169000개 처리 | 현재까지의 RPS: 676.57최근 1000개 request의 p99 TTFT: 0.4970 초 | 
2025-11-18 20:58:24,341 - INFO - [실시간] 요청 170000개 처리 | 현재까지의 RPS: 676.80최근 1000개 request의 p99 TTFT: 0.9714 초 | 
2025-11-18 20:58:25,543 - INFO - [실시간] 요청 171000개 처리 | 현재까지의 RPS: 677.54최근 1000개 request의 p99 TTFT: 0.9599 초 | 
2025-11-18 20:58:26,912 - INFO - [실시간] 요청 172000개 처리 | 현재까지의 RPS: 677.83최근 1000개 request의 p99 TTFT: 0.8413 초 | 
2025-11-18 20:58:28,251 - INFO - [실시간] 요청 173000개 처리 | 현재까지의 RPS: 678.19최근 1000개 request의 p99 TTFT: 0.3930 초 | 
2025-11-18 20:58:29,558 - INFO - [실시간] 요청 174000개 처리 | 현재까지의 RPS: 678.63최근 1000개 request의 p99 TTFT: 0.4655 초 | 
2025-11-18 20:58:31,130 - INFO - [실시간] 요청 175000개 처리 | 현재까지의 RPS: 678.37최근 1000개 request의 p99 TTFT: 0.6056 초 | 
2025-11-18 20:58:32,551 - INFO - [실시간] 요청 176000개 처리 | 현재까지의 RPS: 678.51최근 1000개 request의 p99 TTFT: 1.1605 초 | 
2025-11-18 20:58:33,770 - INFO - [실시간] 요청 177000개 처리 | 현재까지의 RPS: 679.18최근 1000개 request의 p99 TTFT: 1.5372 초 | 
2025-11-18 20:58:35,051 - INFO - [실시간] 요청 178000개 처리 | 현재까지의 RPS: 679.67최근 1000개 request의 p99 TTFT: 1.1169 초 | 
2025-11-18 20:58:36,388 - INFO - [실시간] 요청 179000개 처리 | 현재까지의 RPS: 680.02최근 1000개 request의 p99 TTFT: 0.3799 초 | 
2025-11-18 20:58:37,956 - INFO - [실시간] 요청 180000개 처리 | 현재까지의 RPS: 679.77최근 1000개 request의 p99 TTFT: 0.3976 초 | 
2025-11-18 20:58:39,324 - INFO - [실시간] 요청 181000개 처리 | 현재까지의 RPS: 680.03최근 1000개 request의 p99 TTFT: 0.6509 초 | 
2025-11-18 20:58:40,576 - INFO - [실시간] 요청 182000개 처리 | 현재까지의 RPS: 680.59최근 1000개 request의 p99 TTFT: 1.3165 초 | 
2025-11-18 20:58:41,844 - INFO - [실시간] 요청 183000개 처리 | 현재까지의 RPS: 681.10최근 1000개 request의 p99 TTFT: 1.2769 초 | 
2025-11-18 20:58:43,142 - INFO - [실시간] 요청 184000개 처리 | 현재까지의 RPS: 681.53최근 1000개 request의 p99 TTFT: 0.6073 초 | 
2025-11-18 20:58:44,510 - INFO - [실시간] 요청 185000개 처리 | 현재까지의 RPS: 681.78최근 1000개 request의 p99 TTFT: 0.2630 초 | 
2025-11-18 20:58:45,967 - INFO - [실시간] 요청 186000개 처리 | 현재까지의 RPS: 681.80최근 1000개 request의 p99 TTFT: 0.6101 초 | 
2025-11-18 20:58:47,369 - INFO - [실시간] 요청 187000개 처리 | 현재까지의 RPS: 681.96최근 1000개 request의 p99 TTFT: 0.8085 초 | 
2025-11-18 20:58:48,558 - INFO - [실시간] 요청 188000개 처리 | 현재까지의 RPS: 682.65최근 1000개 request의 p99 TTFT: 1.4757 초 | 
2025-11-18 20:58:49,874 - INFO - [실시간] 요청 189000개 처리 | 현재까지의 RPS: 683.02최근 1000개 request의 p99 TTFT: 1.3475 초 | 
2025-11-18 20:58:51,256 - INFO - [실시간] 요청 190000개 처리 | 현재까지의 RPS: 683.22최근 1000개 request의 p99 TTFT: 0.6150 초 | 
2025-11-18 20:58:52,507 - INFO - [실시간] 요청 191000개 처리 | 현재까지의 RPS: 683.74최근 1000개 request의 p99 TTFT: 0.2622 초 | 
2025-11-18 20:58:54,019 - INFO - [실시간] 요청 192000개 처리 | 현재까지의 RPS: 683.62최근 1000개 request의 p99 TTFT: 0.5581 초 | 
2025-11-18 20:58:55,389 - INFO - [실시간] 요청 193000개 처리 | 현재까지의 RPS: 683.84최근 1000개 request의 p99 TTFT: 1.2436 초 | 
2025-11-18 20:58:56,654 - INFO - [실시간] 요청 194000개 처리 | 현재까지의 RPS: 684.32최근 1000개 request의 p99 TTFT: 1.7904 초 | 
2025-11-18 20:58:57,929 - INFO - [실시간] 요청 195000개 처리 | 현재까지의 RPS: 684.77최근 1000개 request의 p99 TTFT: 1.5433 초 | 
2025-11-18 20:58:59,333 - INFO - [실시간] 요청 196000개 처리 | 현재까지의 RPS: 684.90최근 1000개 request의 p99 TTFT: 0.2755 초 | 
2025-11-18 20:59:00,635 - INFO - [실시간] 요청 197000개 처리 | 현재까지의 RPS: 685.28최근 1000개 request의 p99 TTFT: 0.4896 초 | 
2025-11-18 20:59:02,117 - INFO - [실시간] 요청 198000개 처리 | 현재까지의 RPS: 685.22최근 1000개 request의 p99 TTFT: 0.9326 초 | 
2025-11-18 20:59:03,379 - INFO - [실시간] 요청 199000개 처리 | 현재까지의 RPS: 685.69최근 1000개 request의 p99 TTFT: 1.4837 초 | 
2025-11-18 20:59:04,683 - INFO - [실시간] 요청 200000개 처리 | 현재까지의 RPS: 686.05최근 1000개 request의 p99 TTFT: 1.7425 초 | 
2025-11-18 20:59:05,944 - INFO - [실시간] 요청 201000개 처리 | 현재까지의 RPS: 686.51최근 1000개 request의 p99 TTFT: 1.4856 초 | 
2025-11-18 20:59:07,386 - INFO - [실시간] 요청 202000개 처리 | 현재까지의 RPS: 686.55최근 1000개 request의 p99 TTFT: 1.1030 초 | 
2025-11-18 20:59:08,679 - INFO - [실시간] 요청 203000개 처리 | 현재까지의 RPS: 686.93최근 1000개 request의 p99 TTFT: 1.0666 초 | 
2025-11-18 20:59:09,960 - INFO - [실시간] 요청 204000개 처리 | 현재까지의 RPS: 687.33최근 1000개 request의 p99 TTFT: 0.9302 초 | 
2025-11-18 20:59:11,296 - INFO - [실시간] 요청 205000개 처리 | 현재까지의 RPS: 687.61최근 1000개 request의 p99 TTFT: 0.8117 초 | 
2025-11-18 20:59:12,589 - INFO - [실시간] 요청 206000개 처리 | 현재까지의 RPS: 687.98최근 1000개 request의 p99 TTFT: 0.7090 초 | 
2025-11-18 20:59:13,892 - INFO - [실시간] 요청 207000개 처리 | 현재까지의 RPS: 688.32최근 1000개 request의 p99 TTFT: 0.4790 초 | 
2025-11-18 20:59:15,478 - INFO - [실시간] 요청 208000개 처리 | 현재까지의 RPS: 688.02최근 1000개 request의 p99 TTFT: 0.3332 초 | 
2025-11-18 20:59:16,882 - INFO - [실시간] 요청 209000개 처리 | 현재까지의 RPS: 688.13최근 1000개 request의 p99 TTFT: 0.7404 초 | 
2025-11-18 20:59:18,176 - INFO - [실시간] 요청 210000개 처리 | 현재까지의 RPS: 688.49최근 1000개 request의 p99 TTFT: 1.3828 초 | 
2025-11-18 20:59:19,434 - INFO - [실시간] 요청 211000개 처리 | 현재까지의 RPS: 688.93최근 1000개 request의 p99 TTFT: 1.4380 초 | 
2025-11-18 20:59:20,693 - INFO - [실시간] 요청 212000개 처리 | 현재까지의 RPS: 689.36최근 1000개 request의 p99 TTFT: 1.7044 초 | 
2025-11-18 20:59:21,966 - INFO - [실시간] 요청 213000개 처리 | 현재까지의 RPS: 689.75최근 1000개 request의 p99 TTFT: 1.7645 초 | 
2025-11-18 20:59:23,419 - INFO - [실시간] 요청 214000개 처리 | 현재까지의 RPS: 689.75최근 1000개 request의 p99 TTFT: 1.3597 초 | 
2025-11-18 20:59:24,816 - INFO - [실시간] 요청 215000개 처리 | 현재까지의 RPS: 689.86최근 1000개 request의 p99 TTFT: 1.0875 초 | 
2025-11-18 20:59:26,006 - INFO - [실시간] 요청 216000개 처리 | 현재까지의 RPS: 690.44최근 1000개 request의 p99 TTFT: 1.3100 초 | 
2025-11-18 20:59:27,226 - INFO - [실시간] 요청 217000개 처리 | 현재까지의 RPS: 690.94최근 1000개 request의 p99 TTFT: 1.3090 초 | 
2025-11-18 20:59:28,633 - INFO - [실시간] 요청 218000개 처리 | 현재까지의 RPS: 691.03최근 1000개 request의 p99 TTFT: 0.8796 초 | 
2025-11-18 20:59:30,147 - INFO - [실시간] 요청 219000개 처리 | 현재까지의 RPS: 690.88최근 1000개 request의 p99 TTFT: 0.4239 초 | 
2025-11-18 20:59:31,531 - INFO - [실시간] 요청 220000개 처리 | 현재까지의 RPS: 691.02최근 1000개 request의 p99 TTFT: 0.6159 초 | 
2025-11-18 20:59:32,798 - INFO - [실시간] 요청 221000개 처리 | 현재까지의 RPS: 691.41최근 1000개 request의 p99 TTFT: 1.1323 초 | 
2025-11-18 20:59:34,033 - INFO - [실시간] 요청 222000개 처리 | 현재까지의 RPS: 691.86최근 1000개 request의 p99 TTFT: 1.1624 초 | 
2025-11-18 20:59:35,338 - INFO - [실시간] 요청 223000개 처리 | 현재까지의 RPS: 692.16최근 1000개 request의 p99 TTFT: 0.7186 초 | 
2025-11-18 20:59:36,739 - INFO - [실시간] 요청 224000개 처리 | 현재까지의 RPS: 692.26최근 1000개 request의 p99 TTFT: 0.2169 초 | 
2025-11-18 20:59:38,054 - INFO - [실시간] 요청 225000개 처리 | 현재까지의 RPS: 692.53최근 1000개 request의 p99 TTFT: 0.3875 초 | 
2025-11-18 20:59:39,727 - INFO - [실시간] 요청 226000개 처리 | 현재까지의 RPS: 692.05최근 1000개 request의 p99 TTFT: 0.8833 초 | 
2025-11-18 20:59:40,997 - INFO - [실시간] 요청 227000개 처리 | 현재까지의 RPS: 692.42최근 1000개 request의 p99 TTFT: 1.2842 초 | 
2025-11-18 20:59:42,271 - INFO - [실시간] 요청 228000개 처리 | 현재까지의 RPS: 692.78최근 1000개 request의 p99 TTFT: 1.4060 초 | 
2025-11-18 20:59:43,534 - INFO - [실시간] 요청 229000개 처리 | 현재까지의 RPS: 693.15최근 1000개 request의 p99 TTFT: 1.3563 초 | 
통계에 반영된 요청 인덱스 범위: 0 ~ 229000 (총 229000개 요청)
통계 반영된 요청 수: 229000, 통계 반영된 시간: 388.32 초

==================================================
 실험 최종 결과 요약
==================================================
 설정 실험 시간: 330 초
 Clients 수: 8500
 통계 반영 시간: 388.32 초
 총 시도된 요청: 233803 개
 총 완료된 요청: 229000 개
 총 실패한 요청: 4803 개
 완료 요청 중 retrieval이 실패한 요청: -503 개
 요청 성공률: 97.95%
 전체 Requests Per Second (RPS): 589.72
--------------------------------------------------
 Time to First Token (TTFT) Latency:
  - 평균 (Mean): 0.1861 초
  - 중간값 (50%ile): 0.1351 초
  - 최소값 (Min): 0.0139 초
  - 최대값 (Max): 2.7823 초
  - 95%ile Tail: 0.5451 초
  - 99%ile Tail: 0.9516 초
--------------------------------------------------
 Time Per Output Token (TPOT):
  - 평균 (Mean): 17.00 ms/token
--------------------------------------------------
 Embedding Latency:
  - 총 샘플 수: 229000
  - 평균 (Mean): 9.59 ms
  - 중간값 (50%ile): 6.00 ms
  - 95%ile Tail: 24.00 ms
  - 99%ile Tail: 61.00 ms
--------------------------------------------------
 VectorDB Search Latency:
  - 총 샘플 수: 229000
  - 평균 (Mean): 87.77 ms
  - 중간값 (50%ile): 41.00 ms
  - 95%ile Tail: 349.00 ms
  - 99%ile Tail: 779.00 ms
--------------------------------------------------
 Document Search Latency:
  - 총 샘플 수: 229000
  - 평균 (Mean): 23.40 ms
  - 중간값 (50%ile): 9.00 ms
  - 95%ile Tail: 85.00 ms
  - 99%ile Tail: 215.00 ms
--------------------------------------------------
 Total Retrieval Latency:
  - 총 샘플 수: 229000
  - 평균 (Mean): 120.77 ms
  - 중간값 (50%ile): 64.00 ms
  - 95%ile Tail: 452.00 ms
  - 99%ile Tail: 875.00 ms
==================================================
