2025-10-01 16:51:41,072 - INFO - ReqGen 시작: 서버=163.152.48.109:9000, 클라이언트=1000, 시간=60초
2025-10-01 16:51:41,073 - INFO - Hugging Face에서 'kroshan/BioASQ' 데이터셋을 로드합니다...
2025-10-01 16:51:47,949 - INFO - 3266개의 질문을 로드했습니다.
2025-10-01 16:51:47,950 - INFO - 부하 테스트 시작, client 수 = 1000
2025-10-01 16:51:47,951 - INFO - Zipf 값 1.2에서 상위 20%의 질문이 차지하는 비율: 91.82%
self.zipf_param: 1.2, len(self.questions): 3266
self.zipf_param: 1.2, len(self.questions): 3266
self.zipf_param: 1.2, len(self.questions): 3266
self.zipf_param: 1.2, len(self.questions): 3266
self.zipf_param: 1.2, len(self.questions): 3266
self.zipf_param: 1.2, len(self.questions): 3266
self.zipf_param: 1.2, len(self.questions): 3266
self.zipf_param: 1.2, len(self.questions): 3266
self.zipf_param: 1.2, len(self.questions): 3266
self.zipf_param: 1.2, len(self.questions): 3266
self.zipf_param: 1.2, len(self.questions): 3266
self.zipf_param: 1.2, len(self.questions): 3266
self.zipf_param: 1.2, len(self.questions): 3266
self.zipf_param: 1.2, len(self.questions): 3266
self.zipf_param: 1.2, len(self.questions): 3266
self.zipf_param: 1.2, len(self.questions): 3266
self.zipf_param: 1.2, len(self.questions): 3266
self.zipf_param: 1.2, len(self.questions): 3266
self.zipf_param: 1.2, len(self.questions): 3266
self.zipf_param: 1.2, len(self.questions): 3266
self.zipf_param: 1.2, len(self.questions): 3266
self.zipf_param: 1.2, len(self.questions): 3266
self.zipf_param: 1.2, len(self.questions): 3266
self.zipf_param: 1.2, len(self.questions): 3266
self.zipf_param: 1.2, len(self.questions): 3266
self.zipf_param: 1.2, len(self.questions): 3266
self.zipf_param: 1.2, len(self.questions): 3266
self.zipf_param: 1.2, len(self.questions): 3266
self.zipf_param: 1.2, len(self.questions): 3266
self.zipf_param: 1.2, len(self.questions): 3266
self.zipf_param: 1.2, len(self.questions): 3266
self.zipf_param: 1.2, len(self.questions): 3266
self.zipf_param: 1.2, len(self.questions): 3266
self.zipf_param: 1.2, len(self.questions): 3266
self.zipf_param: 1.2, len(self.questions): 3266
self.zipf_param: 1.2, len(self.questions): 3266
self.zipf_param: 1.2, len(self.questions): 3266
self.zipf_param: 1.2, len(self.questions): 3266
self.zipf_param: 1.2, len(self.questions): 3266
self.zipf_param: 1.2, len(self.questions): 3266
self.zipf_param: 1.2, len(self.questions): 3266
self.zipf_param: 1.2, len(self.questions): 3266
self.zipf_param: 1.2, len(self.questions): 3266
self.zipf_param: 1.2, len(self.questions): 3266
self.zipf_param: 1.2, len(self.questions): 3266
self.zipf_param: 1.2, len(self.questions): 3266
self.zipf_param: 1.2, len(self.questions): 3266
self.zipf_param: 1.2, len(self.questions): 3266
self.zipf_param: 1.2, len(self.questions): 3266
self.zipf_param: 1.2, len(self.questions): 3266
self.zipf_param: 1.2, len(self.questions): 3266
self.zipf_param: 1.2, len(self.questions): 3266
self.zipf_param: 1.2, len(self.questions): 3266
self.zipf_param: 1.2, len(self.questions): 3266
self.zipf_param: 1.2, len(self.questions): 3266
self.zipf_param: 1.2, len(self.questions): 3266
self.zipf_param: 1.2, len(self.questions): 3266
self.zipf_param: 1.2, len(self.questions): 3266
self.zipf_param: 1.2, len(self.questions): 3266
self.zipf_param: 1.2, len(self.questions): 3266
self.zipf_param: 1.2, len(self.questions): 3266
self.zipf_param: 1.2, len(self.questions): 3266
self.zipf_param: 1.2, len(self.questions): 3266
self.zipf_param: 1.2, len(self.questions): 3266
self.zipf_param: 1.2, len(self.questions): 3266
self.zipf_param: 1.2, len(self.questions): 3266
self.zipf_param: 1.2, len(self.questions): 3266
self.zipf_param: 1.2, len(self.questions): 3266
self.zipf_param: 1.2, len(self.questions): 3266
self.zipf_param: 1.2, len(self.questions): 3266
self.zipf_param: 1.2, len(self.questions): 3266
self.zipf_param: 1.2, len(self.questions): 3266
self.zipf_param: 1.2, len(self.questions): 3266
self.zipf_param: 1.2, len(self.questions): 3266
self.zipf_param: 1.2, len(self.questions): 3266
self.zipf_param: 1.2, len(self.questions): 3266
self.zipf_param: 1.2, len(self.questions): 3266
self.zipf_param: 1.2, len(self.questions): 3266
self.zipf_param: 1.2, len(self.questions): 3266
self.zipf_param: 1.2, len(self.questions): 3266
self.zipf_param: 1.2, len(self.questions): 3266
self.zipf_param: 1.2, len(self.questions): 3266
self.zipf_param: 1.2, len(self.questions): 3266
self.zipf_param: 1.2, len(self.questions): 3266
self.zipf_param: 1.2, len(self.questions): 3266
self.zipf_param: 1.2, len(self.questions): 3266
self.zipf_param: 1.2, len(self.questions): 3266
self.zipf_param: 1.2, len(self.questions): 3266
self.zipf_param: 1.2, len(self.questions): 3266
self.zipf_param: 1.2, len(self.questions): 3266
self.zipf_param: 1.2, len(self.questions): 3266
self.zipf_param: 1.2, len(self.questions): 3266
self.zipf_param: 1.2, len(self.questions): 3266
self.zipf_param: 1.2, len(self.questions): 3266
self.zipf_param: 1.2, len(self.questions): 3266
self.zipf_param: 1.2, len(self.questions): 3266
self.zipf_param: 1.2, len(self.questions): 3266
self.zipf_param: 1.2, len(self.questions): 3266
self.zipf_param: 1.2, len(self.questions): 3266
self.zipf_param: 1.2, len(self.questions): 3266
self.zipf_param: 1.2, len(self.questions): 3266
self.zipf_param: 1.2, len(self.questions): 3266
self.zipf_param: 1.2, len(self.questions): 3266
self.zipf_param: 1.2, len(self.questions): 3266
self.zipf_param: 1.2, len(self.questions): 3266
self.zipf_param: 1.2, len(self.questions): 3266
self.zipf_param: 1.2, len(self.questions): 3266
self.zipf_param: 1.2, len(self.questions): 3266
self.zipf_param: 1.2, len(self.questions): 3266
self.zipf_param: 1.2, len(self.questions): 3266
self.zipf_param: 1.2, len(self.questions): 3266
self.zipf_param: 1.2, len(self.questions): 3266
self.zipf_param: 1.2, len(self.questions): 3266
self.zipf_param: 1.2, len(self.questions): 3266
self.zipf_param: 1.2, len(self.questions): 3266
self.zipf_param: 1.2, len(self.questions): 3266
self.zipf_param: 1.2, len(self.questions): 3266
self.zipf_param: 1.2, len(self.questions): 3266
self.zipf_param: 1.2, len(self.questions): 3266
self.zipf_param: 1.2, len(self.questions): 3266
self.zipf_param: 1.2, len(self.questions): 3266
self.zipf_param: 1.2, len(self.questions): 3266
self.zipf_param: 1.2, len(self.questions): 3266
self.zipf_param: 1.2, len(self.questions): 3266
self.zipf_param: 1.2, len(self.questions): 3266
self.zipf_param: 1.2, len(self.questions): 3266
self.zipf_param: 1.2, len(self.questions): 3266
self.zipf_param: 1.2, len(self.questions): 3266
self.zipf_param: 1.2, len(self.questions): 3266
self.zipf_param: 1.2, len(self.questions): 3266
self.zipf_param: 1.2, len(self.questions): 3266
self.zipf_param: 1.2, len(self.questions): 3266
self.zipf_param: 1.2, len(self.questions): 3266
self.zipf_param: 1.2, len(self.questions): 3266
self.zipf_param: 1.2, len(self.questions): 3266
self.zipf_param: 1.2, len(self.questions): 3266
self.zipf_param: 1.2, len(self.questions): 3266
self.zipf_param: 1.2, len(self.questions): 3266
self.zipf_param: 1.2, len(self.questions): 3266
self.zipf_param: 1.2, len(self.questions): 3266
self.zipf_param: 1.2, len(self.questions): 3266
self.zipf_param: 1.2, len(self.questions): 3266
self.zipf_param: 1.2, len(self.questions): 3266
self.zipf_param: 1.2, len(self.questions): 3266
self.zipf_param: 1.2, len(self.questions): 3266
self.zipf_param: 1.2, len(self.questions): 3266
self.zipf_param: 1.2, len(self.questions): 3266
self.zipf_param: 1.2, len(self.questions): 3266
self.zipf_param: 1.2, len(self.questions): 3266
self.zipf_param: 1.2, len(self.questions): 3266
self.zipf_param: 1.2, len(self.questions): 3266
self.zipf_param: 1.2, len(self.questions): 3266
self.zipf_param: 1.2, len(self.questions): 3266
self.zipf_param: 1.2, len(self.questions): 3266
self.zipf_param: 1.2, len(self.questions): 3266
self.zipf_param: 1.2, len(self.questions): 3266
self.zipf_param: 1.2, len(self.questions): 3266
self.zipf_param: 1.2, len(self.questions): 3266
self.zipf_param: 1.2, len(self.questions): 3266
self.zipf_param: 1.2, len(self.questions): 3266
self.zipf_param: 1.2, len(self.questions): 3266
self.zipf_param: 1.2, len(self.questions): 3266
self.zipf_param: 1.2, len(self.questions): 3266
self.zipf_param: 1.2, len(self.questions): 3266
self.zipf_param: 1.2, len(self.questions): 3266
self.zipf_param: 1.2, len(self.questions): 3266
self.zipf_param: 1.2, len(self.questions): 3266
self.zipf_param: 1.2, len(self.questions): 3266
self.zipf_param: 1.2, len(self.questions): 3266
self.zipf_param: 1.2, len(self.questions): 3266
self.zipf_param: 1.2, len(self.questions): 3266
self.zipf_param: 1.2, len(self.questions): 3266
self.zipf_param: 1.2, len(self.questions): 3266
self.zipf_param: 1.2, len(self.questions): 3266
self.zipf_param: 1.2, len(self.questions): 3266
self.zipf_param: 1.2, len(self.questions): 3266
self.zipf_param: 1.2, len(self.questions): 3266
self.zipf_param: 1.2, len(self.questions): 3266
self.zipf_param: 1.2, len(self.questions): 3266
self.zipf_param: 1.2, len(self.questions): 3266
self.zipf_param: 1.2, len(self.questions): 3266
self.zipf_param: 1.2, len(self.questions): 3266
self.zipf_param: 1.2, len(self.questions): 3266
self.zipf_param: 1.2, len(self.questions): 3266
self.zipf_param: 1.2, len(self.questions): 3266
self.zipf_param: 1.2, len(self.questions): 3266
self.zipf_param: 1.2, len(self.questions): 3266
self.zipf_param: 1.2, len(self.questions): 3266
self.zipf_param: 1.2, len(self.questions): 3266
self.zipf_param: 1.2, len(self.questions): 3266
self.zipf_param: 1.2, len(self.questions): 3266
self.zipf_param: 1.2, len(self.questions): 3266
self.zipf_param: 1.2, len(self.questions): 3266
self.zipf_param: 1.2, len(self.questions): 3266
self.zipf_param: 1.2, len(self.questions): 3266
self.zipf_param: 1.2, len(self.questions): 3266
self.zipf_param: 1.2, len(self.questions): 3266
self.zipf_param: 1.2, len(self.questions): 3266
self.zipf_param: 1.2, len(self.questions): 3266
self.zipf_param: 1.2, len(self.questions): 3266
self.zipf_param: 1.2, len(self.questions): 3266
self.zipf_param: 1.2, len(self.questions): 3266
self.zipf_param: 1.2, len(self.questions): 3266
self.zipf_param: 1.2, len(self.questions): 3266
self.zipf_param: 1.2, len(self.questions): 3266
self.zipf_param: 1.2, len(self.questions): 3266
self.zipf_param: 1.2, len(self.questions): 3266
self.zipf_param: 1.2, len(self.questions): 3266
self.zipf_param: 1.2, len(self.questions): 3266
self.zipf_param: 1.2, len(self.questions): 3266
self.zipf_param: 1.2, len(self.questions): 3266
self.zipf_param: 1.2, len(self.questions): 3266
self.zipf_param: 1.2, len(self.questions): 3266
self.zipf_param: 1.2, len(self.questions): 3266
self.zipf_param: 1.2, len(self.questions): 3266
self.zipf_param: 1.2, len(self.questions): 3266
self.zipf_param: 1.2, len(self.questions): 3266
self.zipf_param: 1.2, len(self.questions): 3266
self.zipf_param: 1.2, len(self.questions): 3266
self.zipf_param: 1.2, len(self.questions): 3266
self.zipf_param: 1.2, len(self.questions): 3266
self.zipf_param: 1.2, len(self.questions): 3266
self.zipf_param: 1.2, len(self.questions): 3266
self.zipf_param: 1.2, len(self.questions): 3266
self.zipf_param: 1.2, len(self.questions): 3266
self.zipf_param: 1.2, len(self.questions): 3266
self.zipf_param: 1.2, len(self.questions): 3266
self.zipf_param: 1.2, len(self.questions): 3266
self.zipf_param: 1.2, len(self.questions): 3266
self.zipf_param: 1.2, len(self.questions): 3266
self.zipf_param: 1.2, len(self.questions): 3266
self.zipf_param: 1.2, len(self.questions): 3266
self.zipf_param: 1.2, len(self.questions): 3266
self.zipf_param: 1.2, len(self.questions): 3266
self.zipf_param: 1.2, len(self.questions): 3266
self.zipf_param: 1.2, len(self.questions): 3266
self.zipf_param: 1.2, len(self.questions): 3266
self.zipf_param: 1.2, len(self.questions): 3266
self.zipf_param: 1.2, len(self.questions): 3266
self.zipf_param: 1.2, len(self.questions): 3266
self.zipf_param: 1.2, len(self.questions): 3266
self.zipf_param: 1.2, len(self.questions): 3266
self.zipf_param: 1.2, len(self.questions): 3266
self.zipf_param: 1.2, len(self.questions): 3266
self.zipf_param: 1.2, len(self.questions): 3266
self.zipf_param: 1.2, len(self.questions): 3266
self.zipf_param: 1.2, len(self.questions): 3266
self.zipf_param: 1.2, len(self.questions): 3266
self.zipf_param: 1.2, len(self.questions): 3266
self.zipf_param: 1.2, len(self.questions): 3266
self.zipf_param: 1.2, len(self.questions): 3266
self.zipf_param: 1.2, len(self.questions): 3266
self.zipf_param: 1.2, len(self.questions): 3266
self.zipf_param: 1.2, len(self.questions): 3266
self.zipf_param: 1.2, len(self.questions): 3266
self.zipf_param: 1.2, len(self.questions): 3266
self.zipf_param: 1.2, len(self.questions): 3266
self.zipf_param: 1.2, len(self.questions): 3266
self.zipf_param: 1.2, len(self.questions): 3266
self.zipf_param: 1.2, len(self.questions): 3266
self.zipf_param: 1.2, len(self.questions): 3266
self.zipf_param: 1.2, len(self.questions): 3266
self.zipf_param: 1.2, len(self.questions): 3266
self.zipf_param: 1.2, len(self.questions): 3266
self.zipf_param: 1.2, len(self.questions): 3266
self.zipf_param: 1.2, len(self.questions): 3266
self.zipf_param: 1.2, len(self.questions): 3266
self.zipf_param: 1.2, len(self.questions): 3266
self.zipf_param: 1.2, len(self.questions): 3266
self.zipf_param: 1.2, len(self.questions): 3266
self.zipf_param: 1.2, len(self.questions): 3266
self.zipf_param: 1.2, len(self.questions): 3266
self.zipf_param: 1.2, len(self.questions): 3266
self.zipf_param: 1.2, len(self.questions): 3266
self.zipf_param: 1.2, len(self.questions): 3266
self.zipf_param: 1.2, len(self.questions): 3266
self.zipf_param: 1.2, len(self.questions): 3266
self.zipf_param: 1.2, len(self.questions): 3266
self.zipf_param: 1.2, len(self.questions): 3266
self.zipf_param: 1.2, len(self.questions): 3266
self.zipf_param: 1.2, len(self.questions): 3266
self.zipf_param: 1.2, len(self.questions): 3266
self.zipf_param: 1.2, len(self.questions): 3266
self.zipf_param: 1.2, len(self.questions): 3266
self.zipf_param: 1.2, len(self.questions): 3266
self.zipf_param: 1.2, len(self.questions): 3266
self.zipf_param: 1.2, len(self.questions): 3266
self.zipf_param: 1.2, len(self.questions): 3266
self.zipf_param: 1.2, len(self.questions): 3266
self.zipf_param: 1.2, len(self.questions): 3266
self.zipf_param: 1.2, len(self.questions): 3266
self.zipf_param: 1.2, len(self.questions): 3266
self.zipf_param: 1.2, len(self.questions): 3266
self.zipf_param: 1.2, len(self.questions): 3266
self.zipf_param: 1.2, len(self.questions): 3266
self.zipf_param: 1.2, len(self.questions): 3266
self.zipf_param: 1.2, len(self.questions): 3266
self.zipf_param: 1.2, len(self.questions): 3266
self.zipf_param: 1.2, len(self.questions): 3266
self.zipf_param: 1.2, len(self.questions): 3266
self.zipf_param: 1.2, len(self.questions): 3266
self.zipf_param: 1.2, len(self.questions): 3266
self.zipf_param: 1.2, len(self.questions): 3266
self.zipf_param: 1.2, len(self.questions): 3266
self.zipf_param: 1.2, len(self.questions): 3266
self.zipf_param: 1.2, len(self.questions): 3266
self.zipf_param: 1.2, len(self.questions): 3266
self.zipf_param: 1.2, len(self.questions): 3266
self.zipf_param: 1.2, len(self.questions): 3266
self.zipf_param: 1.2, len(self.questions): 3266
self.zipf_param: 1.2, len(self.questions): 3266
self.zipf_param: 1.2, len(self.questions): 3266
self.zipf_param: 1.2, len(self.questions): 3266
self.zipf_param: 1.2, len(self.questions): 3266
self.zipf_param: 1.2, len(self.questions): 3266
self.zipf_param: 1.2, len(self.questions): 3266
self.zipf_param: 1.2, len(self.questions): 3266
self.zipf_param: 1.2, len(self.questions): 3266
self.zipf_param: 1.2, len(self.questions): 3266
self.zipf_param: 1.2, len(self.questions): 3266
self.zipf_param: 1.2, len(self.questions): 3266
self.zipf_param: 1.2, len(self.questions): 3266
self.zipf_param: 1.2, len(self.questions): 3266
self.zipf_param: 1.2, len(self.questions): 3266
self.zipf_param: 1.2, len(self.questions): 3266
self.zipf_param: 1.2, len(self.questions): 3266
self.zipf_param: 1.2, len(self.questions): 3266
self.zipf_param: 1.2, len(self.questions): 3266
self.zipf_param: 1.2, len(self.questions): 3266
self.zipf_param: 1.2, len(self.questions): 3266
self.zipf_param: 1.2, len(self.questions): 3266
self.zipf_param: 1.2, len(self.questions): 3266
self.zipf_param: 1.2, len(self.questions): 3266
self.zipf_param: 1.2, len(self.questions): 3266
self.zipf_param: 1.2, len(self.questions): 3266
self.zipf_param: 1.2, len(self.questions): 3266
self.zipf_param: 1.2, len(self.questions): 3266
self.zipf_param: 1.2, len(self.questions): 3266
self.zipf_param: 1.2, len(self.questions): 3266
self.zipf_param: 1.2, len(self.questions): 3266
self.zipf_param: 1.2, len(self.questions): 3266
self.zipf_param: 1.2, len(self.questions): 3266
self.zipf_param: 1.2, len(self.questions): 3266
self.zipf_param: 1.2, len(self.questions): 3266
self.zipf_param: 1.2, len(self.questions): 3266
self.zipf_param: 1.2, len(self.questions): 3266
self.zipf_param: 1.2, len(self.questions): 3266
self.zipf_param: 1.2, len(self.questions): 3266
self.zipf_param: 1.2, len(self.questions): 3266
self.zipf_param: 1.2, len(self.questions): 3266
self.zipf_param: 1.2, len(self.questions): 3266
self.zipf_param: 1.2, len(self.questions): 3266
self.zipf_param: 1.2, len(self.questions): 3266
self.zipf_param: 1.2, len(self.questions): 3266
self.zipf_param: 1.2, len(self.questions): 3266
self.zipf_param: 1.2, len(self.questions): 3266
self.zipf_param: 1.2, len(self.questions): 3266
self.zipf_param: 1.2, len(self.questions): 3266
self.zipf_param: 1.2, len(self.questions): 3266
self.zipf_param: 1.2, len(self.questions): 3266
self.zipf_param: 1.2, len(self.questions): 3266
self.zipf_param: 1.2, len(self.questions): 3266
self.zipf_param: 1.2, len(self.questions): 3266
self.zipf_param: 1.2, len(self.questions): 3266
self.zipf_param: 1.2, len(self.questions): 3266
self.zipf_param: 1.2, len(self.questions): 3266
self.zipf_param: 1.2, len(self.questions): 3266
self.zipf_param: 1.2, len(self.questions): 3266
self.zipf_param: 1.2, len(self.questions): 3266
self.zipf_param: 1.2, len(self.questions): 3266
self.zipf_param: 1.2, len(self.questions): 3266
self.zipf_param: 1.2, len(self.questions): 3266
self.zipf_param: 1.2, len(self.questions): 3266
self.zipf_param: 1.2, len(self.questions): 3266
self.zipf_param: 1.2, len(self.questions): 3266
self.zipf_param: 1.2, len(self.questions): 3266
self.zipf_param: 1.2, len(self.questions): 3266
self.zipf_param: 1.2, len(self.questions): 3266
self.zipf_param: 1.2, len(self.questions): 3266
self.zipf_param: 1.2, len(self.questions): 3266
self.zipf_param: 1.2, len(self.questions): 3266
self.zipf_param: 1.2, len(self.questions): 3266
self.zipf_param: 1.2, len(self.questions): 3266
self.zipf_param: 1.2, len(self.questions): 3266
self.zipf_param: 1.2, len(self.questions): 3266
self.zipf_param: 1.2, len(self.questions): 3266
self.zipf_param: 1.2, len(self.questions): 3266
self.zipf_param: 1.2, len(self.questions): 3266
self.zipf_param: 1.2, len(self.questions): 3266
self.zipf_param: 1.2, len(self.questions): 3266
self.zipf_param: 1.2, len(self.questions): 3266
self.zipf_param: 1.2, len(self.questions): 3266
self.zipf_param: 1.2, len(self.questions): 3266
self.zipf_param: 1.2, len(self.questions): 3266
self.zipf_param: 1.2, len(self.questions): 3266
self.zipf_param: 1.2, len(self.questions): 3266
self.zipf_param: 1.2, len(self.questions): 3266
self.zipf_param: 1.2, len(self.questions): 3266
self.zipf_param: 1.2, len(self.questions): 3266
self.zipf_param: 1.2, len(self.questions): 3266
self.zipf_param: 1.2, len(self.questions): 3266
self.zipf_param: 1.2, len(self.questions): 3266
self.zipf_param: 1.2, len(self.questions): 3266
self.zipf_param: 1.2, len(self.questions): 3266
self.zipf_param: 1.2, len(self.questions): 3266
self.zipf_param: 1.2, len(self.questions): 3266
self.zipf_param: 1.2, len(self.questions): 3266
self.zipf_param: 1.2, len(self.questions): 3266
self.zipf_param: 1.2, len(self.questions): 3266
self.zipf_param: 1.2, len(self.questions): 3266
self.zipf_param: 1.2, len(self.questions): 3266
self.zipf_param: 1.2, len(self.questions): 3266
self.zipf_param: 1.2, len(self.questions): 3266
self.zipf_param: 1.2, len(self.questions): 3266
self.zipf_param: 1.2, len(self.questions): 3266
self.zipf_param: 1.2, len(self.questions): 3266
self.zipf_param: 1.2, len(self.questions): 3266
self.zipf_param: 1.2, len(self.questions): 3266
self.zipf_param: 1.2, len(self.questions): 3266
self.zipf_param: 1.2, len(self.questions): 3266
self.zipf_param: 1.2, len(self.questions): 3266
self.zipf_param: 1.2, len(self.questions): 3266
self.zipf_param: 1.2, len(self.questions): 3266
self.zipf_param: 1.2, len(self.questions): 3266
self.zipf_param: 1.2, len(self.questions): 3266
self.zipf_param: 1.2, len(self.questions): 3266
self.zipf_param: 1.2, len(self.questions): 3266
self.zipf_param: 1.2, len(self.questions): 3266
self.zipf_param: 1.2, len(self.questions): 3266
self.zipf_param: 1.2, len(self.questions): 3266
self.zipf_param: 1.2, len(self.questions): 3266
self.zipf_param: 1.2, len(self.questions): 3266
self.zipf_param: 1.2, len(self.questions): 3266
self.zipf_param: 1.2, len(self.questions): 3266
self.zipf_param: 1.2, len(self.questions): 3266
self.zipf_param: 1.2, len(self.questions): 3266
self.zipf_param: 1.2, len(self.questions): 3266
self.zipf_param: 1.2, len(self.questions): 3266
self.zipf_param: 1.2, len(self.questions): 3266
self.zipf_param: 1.2, len(self.questions): 3266
self.zipf_param: 1.2, len(self.questions): 3266
self.zipf_param: 1.2, len(self.questions): 3266
self.zipf_param: 1.2, len(self.questions): 3266
self.zipf_param: 1.2, len(self.questions): 3266
self.zipf_param: 1.2, len(self.questions): 3266
self.zipf_param: 1.2, len(self.questions): 3266
self.zipf_param: 1.2, len(self.questions): 3266
self.zipf_param: 1.2, len(self.questions): 3266
self.zipf_param: 1.2, len(self.questions): 3266
self.zipf_param: 1.2, len(self.questions): 3266
self.zipf_param: 1.2, len(self.questions): 3266
self.zipf_param: 1.2, len(self.questions): 3266
self.zipf_param: 1.2, len(self.questions): 3266
self.zipf_param: 1.2, len(self.questions): 3266
self.zipf_param: 1.2, len(self.questions): 3266
self.zipf_param: 1.2, len(self.questions): 3266
self.zipf_param: 1.2, len(self.questions): 3266
self.zipf_param: 1.2, len(self.questions): 3266
self.zipf_param: 1.2, len(self.questions): 3266
self.zipf_param: 1.2, len(self.questions): 3266
self.zipf_param: 1.2, len(self.questions): 3266
self.zipf_param: 1.2, len(self.questions): 3266
self.zipf_param: 1.2, len(self.questions): 3266
self.zipf_param: 1.2, len(self.questions): 3266
self.zipf_param: 1.2, len(self.questions): 3266
self.zipf_param: 1.2, len(self.questions): 3266
self.zipf_param: 1.2, len(self.questions): 3266
self.zipf_param: 1.2, len(self.questions): 3266
self.zipf_param: 1.2, len(self.questions): 3266
self.zipf_param: 1.2, len(self.questions): 3266
self.zipf_param: 1.2, len(self.questions): 3266
self.zipf_param: 1.2, len(self.questions): 3266
self.zipf_param: 1.2, len(self.questions): 3266
self.zipf_param: 1.2, len(self.questions): 3266
self.zipf_param: 1.2, len(self.questions): 3266
self.zipf_param: 1.2, len(self.questions): 3266
self.zipf_param: 1.2, len(self.questions): 3266
self.zipf_param: 1.2, len(self.questions): 3266
self.zipf_param: 1.2, len(self.questions): 3266
self.zipf_param: 1.2, len(self.questions): 3266
self.zipf_param: 1.2, len(self.questions): 3266
self.zipf_param: 1.2, len(self.questions): 3266
self.zipf_param: 1.2, len(self.questions): 3266
self.zipf_param: 1.2, len(self.questions): 3266
self.zipf_param: 1.2, len(self.questions): 3266
self.zipf_param: 1.2, len(self.questions): 3266
self.zipf_param: 1.2, len(self.questions): 3266
self.zipf_param: 1.2, len(self.questions): 3266
self.zipf_param: 1.2, len(self.questions): 3266
self.zipf_param: 1.2, len(self.questions): 3266
self.zipf_param: 1.2, len(self.questions): 3266
self.zipf_param: 1.2, len(self.questions): 3266
self.zipf_param: 1.2, len(self.questions): 3266
self.zipf_param: 1.2, len(self.questions): 3266
self.zipf_param: 1.2, len(self.questions): 3266
self.zipf_param: 1.2, len(self.questions): 3266
self.zipf_param: 1.2, len(self.questions): 3266
self.zipf_param: 1.2, len(self.questions): 3266
self.zipf_param: 1.2, len(self.questions): 3266
self.zipf_param: 1.2, len(self.questions): 3266
self.zipf_param: 1.2, len(self.questions): 3266
self.zipf_param: 1.2, len(self.questions): 3266
self.zipf_param: 1.2, len(self.questions): 3266
self.zipf_param: 1.2, len(self.questions): 3266
self.zipf_param: 1.2, len(self.questions): 3266
self.zipf_param: 1.2, len(self.questions): 3266
self.zipf_param: 1.2, len(self.questions): 3266
self.zipf_param: 1.2, len(self.questions): 3266
self.zipf_param: 1.2, len(self.questions): 3266
self.zipf_param: 1.2, len(self.questions): 3266
self.zipf_param: 1.2, len(self.questions): 3266
self.zipf_param: 1.2, len(self.questions): 3266
self.zipf_param: 1.2, len(self.questions): 3266
self.zipf_param: 1.2, len(self.questions): 3266
self.zipf_param: 1.2, len(self.questions): 3266
self.zipf_param: 1.2, len(self.questions): 3266
self.zipf_param: 1.2, len(self.questions): 3266
self.zipf_param: 1.2, len(self.questions): 3266
self.zipf_param: 1.2, len(self.questions): 3266
self.zipf_param: 1.2, len(self.questions): 3266
self.zipf_param: 1.2, len(self.questions): 3266
self.zipf_param: 1.2, len(self.questions): 3266
self.zipf_param: 1.2, len(self.questions): 3266
self.zipf_param: 1.2, len(self.questions): 3266
self.zipf_param: 1.2, len(self.questions): 3266
self.zipf_param: 1.2, len(self.questions): 3266
self.zipf_param: 1.2, len(self.questions): 3266
self.zipf_param: 1.2, len(self.questions): 3266
self.zipf_param: 1.2, len(self.questions): 3266
self.zipf_param: 1.2, len(self.questions): 3266
self.zipf_param: 1.2, len(self.questions): 3266
self.zipf_param: 1.2, len(self.questions): 3266
self.zipf_param: 1.2, len(self.questions): 3266
self.zipf_param: 1.2, len(self.questions): 3266
self.zipf_param: 1.2, len(self.questions): 3266
self.zipf_param: 1.2, len(self.questions): 3266
self.zipf_param: 1.2, len(self.questions): 3266
self.zipf_param: 1.2, len(self.questions): 3266
self.zipf_param: 1.2, len(self.questions): 3266
self.zipf_param: 1.2, len(self.questions): 3266
self.zipf_param: 1.2, len(self.questions): 3266
self.zipf_param: 1.2, len(self.questions): 3266
self.zipf_param: 1.2, len(self.questions): 3266
self.zipf_param: 1.2, len(self.questions): 3266
self.zipf_param: 1.2, len(self.questions): 3266
self.zipf_param: 1.2, len(self.questions): 3266
self.zipf_param: 1.2, len(self.questions): 3266
self.zipf_param: 1.2, len(self.questions): 3266
self.zipf_param: 1.2, len(self.questions): 3266
self.zipf_param: 1.2, len(self.questions): 3266
self.zipf_param: 1.2, len(self.questions): 3266
self.zipf_param: 1.2, len(self.questions): 3266
self.zipf_param: 1.2, len(self.questions): 3266
self.zipf_param: 1.2, len(self.questions): 3266
self.zipf_param: 1.2, len(self.questions): 3266
self.zipf_param: 1.2, len(self.questions): 3266
self.zipf_param: 1.2, len(self.questions): 3266
self.zipf_param: 1.2, len(self.questions): 3266
self.zipf_param: 1.2, len(self.questions): 3266
self.zipf_param: 1.2, len(self.questions): 3266
self.zipf_param: 1.2, len(self.questions): 3266
self.zipf_param: 1.2, len(self.questions): 3266
self.zipf_param: 1.2, len(self.questions): 3266
self.zipf_param: 1.2, len(self.questions): 3266
self.zipf_param: 1.2, len(self.questions): 3266
self.zipf_param: 1.2, len(self.questions): 3266
self.zipf_param: 1.2, len(self.questions): 3266
self.zipf_param: 1.2, len(self.questions): 3266
self.zipf_param: 1.2, len(self.questions): 3266
self.zipf_param: 1.2, len(self.questions): 3266
self.zipf_param: 1.2, len(self.questions): 3266
self.zipf_param: 1.2, len(self.questions): 3266
self.zipf_param: 1.2, len(self.questions): 3266
self.zipf_param: 1.2, len(self.questions): 3266
self.zipf_param: 1.2, len(self.questions): 3266
self.zipf_param: 1.2, len(self.questions): 3266
self.zipf_param: 1.2, len(self.questions): 3266
self.zipf_param: 1.2, len(self.questions): 3266
self.zipf_param: 1.2, len(self.questions): 3266
self.zipf_param: 1.2, len(self.questions): 3266
self.zipf_param: 1.2, len(self.questions): 3266
self.zipf_param: 1.2, len(self.questions): 3266
self.zipf_param: 1.2, len(self.questions): 3266
self.zipf_param: 1.2, len(self.questions): 3266
self.zipf_param: 1.2, len(self.questions): 3266
self.zipf_param: 1.2, len(self.questions): 3266
self.zipf_param: 1.2, len(self.questions): 3266
self.zipf_param: 1.2, len(self.questions): 3266
self.zipf_param: 1.2, len(self.questions): 3266
self.zipf_param: 1.2, len(self.questions): 3266
self.zipf_param: 1.2, len(self.questions): 3266
self.zipf_param: 1.2, len(self.questions): 3266
self.zipf_param: 1.2, len(self.questions): 3266
self.zipf_param: 1.2, len(self.questions): 3266
self.zipf_param: 1.2, len(self.questions): 3266
self.zipf_param: 1.2, len(self.questions): 3266
self.zipf_param: 1.2, len(self.questions): 3266
self.zipf_param: 1.2, len(self.questions): 3266
self.zipf_param: 1.2, len(self.questions): 3266
self.zipf_param: 1.2, len(self.questions): 3266
self.zipf_param: 1.2, len(self.questions): 3266
self.zipf_param: 1.2, len(self.questions): 3266
self.zipf_param: 1.2, len(self.questions): 3266
self.zipf_param: 1.2, len(self.questions): 3266
self.zipf_param: 1.2, len(self.questions): 3266
self.zipf_param: 1.2, len(self.questions): 3266
self.zipf_param: 1.2, len(self.questions): 3266
self.zipf_param: 1.2, len(self.questions): 3266
self.zipf_param: 1.2, len(self.questions): 3266
self.zipf_param: 1.2, len(self.questions): 3266
self.zipf_param: 1.2, len(self.questions): 3266
self.zipf_param: 1.2, len(self.questions): 3266
self.zipf_param: 1.2, len(self.questions): 3266
self.zipf_param: 1.2, len(self.questions): 3266
self.zipf_param: 1.2, len(self.questions): 3266
self.zipf_param: 1.2, len(self.questions): 3266
self.zipf_param: 1.2, len(self.questions): 3266
self.zipf_param: 1.2, len(self.questions): 3266
self.zipf_param: 1.2, len(self.questions): 3266
self.zipf_param: 1.2, len(self.questions): 3266
self.zipf_param: 1.2, len(self.questions): 3266
self.zipf_param: 1.2, len(self.questions): 3266
self.zipf_param: 1.2, len(self.questions): 3266
self.zipf_param: 1.2, len(self.questions): 3266
self.zipf_param: 1.2, len(self.questions): 3266
self.zipf_param: 1.2, len(self.questions): 3266
self.zipf_param: 1.2, len(self.questions): 3266
self.zipf_param: 1.2, len(self.questions): 3266
self.zipf_param: 1.2, len(self.questions): 3266
self.zipf_param: 1.2, len(self.questions): 3266
self.zipf_param: 1.2, len(self.questions): 3266
self.zipf_param: 1.2, len(self.questions): 3266
self.zipf_param: 1.2, len(self.questions): 3266
self.zipf_param: 1.2, len(self.questions): 3266
self.zipf_param: 1.2, len(self.questions): 3266
self.zipf_param: 1.2, len(self.questions): 3266
self.zipf_param: 1.2, len(self.questions): 3266
self.zipf_param: 1.2, len(self.questions): 3266
self.zipf_param: 1.2, len(self.questions): 3266
self.zipf_param: 1.2, len(self.questions): 3266
self.zipf_param: 1.2, len(self.questions): 3266
self.zipf_param: 1.2, len(self.questions): 3266
self.zipf_param: 1.2, len(self.questions): 3266
self.zipf_param: 1.2, len(self.questions): 3266
self.zipf_param: 1.2, len(self.questions): 3266
self.zipf_param: 1.2, len(self.questions): 3266
self.zipf_param: 1.2, len(self.questions): 3266
self.zipf_param: 1.2, len(self.questions): 3266
self.zipf_param: 1.2, len(self.questions): 3266
self.zipf_param: 1.2, len(self.questions): 3266
self.zipf_param: 1.2, len(self.questions): 3266
self.zipf_param: 1.2, len(self.questions): 3266
self.zipf_param: 1.2, len(self.questions): 3266
self.zipf_param: 1.2, len(self.questions): 3266
self.zipf_param: 1.2, len(self.questions): 3266
self.zipf_param: 1.2, len(self.questions): 3266
self.zipf_param: 1.2, len(self.questions): 3266
self.zipf_param: 1.2, len(self.questions): 3266
self.zipf_param: 1.2, len(self.questions): 3266
self.zipf_param: 1.2, len(self.questions): 3266
self.zipf_param: 1.2, len(self.questions): 3266
self.zipf_param: 1.2, len(self.questions): 3266
self.zipf_param: 1.2, len(self.questions): 3266
self.zipf_param: 1.2, len(self.questions): 3266
self.zipf_param: 1.2, len(self.questions): 3266
self.zipf_param: 1.2, len(self.questions): 3266
self.zipf_param: 1.2, len(self.questions): 3266
self.zipf_param: 1.2, len(self.questions): 3266
self.zipf_param: 1.2, len(self.questions): 3266
self.zipf_param: 1.2, len(self.questions): 3266
self.zipf_param: 1.2, len(self.questions): 3266
self.zipf_param: 1.2, len(self.questions): 3266
self.zipf_param: 1.2, len(self.questions): 3266
self.zipf_param: 1.2, len(self.questions): 3266
self.zipf_param: 1.2, len(self.questions): 3266
self.zipf_param: 1.2, len(self.questions): 3266
self.zipf_param: 1.2, len(self.questions): 3266
self.zipf_param: 1.2, len(self.questions): 3266
self.zipf_param: 1.2, len(self.questions): 3266
self.zipf_param: 1.2, len(self.questions): 3266
self.zipf_param: 1.2, len(self.questions): 3266
self.zipf_param: 1.2, len(self.questions): 3266
self.zipf_param: 1.2, len(self.questions): 3266
self.zipf_param: 1.2, len(self.questions): 3266
self.zipf_param: 1.2, len(self.questions): 3266
self.zipf_param: 1.2, len(self.questions): 3266
self.zipf_param: 1.2, len(self.questions): 3266
self.zipf_param: 1.2, len(self.questions): 3266
self.zipf_param: 1.2, len(self.questions): 3266
self.zipf_param: 1.2, len(self.questions): 3266
self.zipf_param: 1.2, len(self.questions): 3266
self.zipf_param: 1.2, len(self.questions): 3266
self.zipf_param: 1.2, len(self.questions): 3266
self.zipf_param: 1.2, len(self.questions): 3266
self.zipf_param: 1.2, len(self.questions): 3266
self.zipf_param: 1.2, len(self.questions): 3266
self.zipf_param: 1.2, len(self.questions): 3266
self.zipf_param: 1.2, len(self.questions): 3266
self.zipf_param: 1.2, len(self.questions): 3266
self.zipf_param: 1.2, len(self.questions): 3266
self.zipf_param: 1.2, len(self.questions): 3266
self.zipf_param: 1.2, len(self.questions): 3266
self.zipf_param: 1.2, len(self.questions): 3266
self.zipf_param: 1.2, len(self.questions): 3266
self.zipf_param: 1.2, len(self.questions): 3266
self.zipf_param: 1.2, len(self.questions): 3266
self.zipf_param: 1.2, len(self.questions): 3266
self.zipf_param: 1.2, len(self.questions): 3266
self.zipf_param: 1.2, len(self.questions): 3266
self.zipf_param: 1.2, len(self.questions): 3266
self.zipf_param: 1.2, len(self.questions): 3266
self.zipf_param: 1.2, len(self.questions): 3266
self.zipf_param: 1.2, len(self.questions): 3266
self.zipf_param: 1.2, len(self.questions): 3266
self.zipf_param: 1.2, len(self.questions): 3266
self.zipf_param: 1.2, len(self.questions): 3266
self.zipf_param: 1.2, len(self.questions): 3266
self.zipf_param: 1.2, len(self.questions): 3266
self.zipf_param: 1.2, len(self.questions): 3266
self.zipf_param: 1.2, len(self.questions): 3266
self.zipf_param: 1.2, len(self.questions): 3266
self.zipf_param: 1.2, len(self.questions): 3266
self.zipf_param: 1.2, len(self.questions): 3266
self.zipf_param: 1.2, len(self.questions): 3266
self.zipf_param: 1.2, len(self.questions): 3266
self.zipf_param: 1.2, len(self.questions): 3266
self.zipf_param: 1.2, len(self.questions): 3266
self.zipf_param: 1.2, len(self.questions): 3266
self.zipf_param: 1.2, len(self.questions): 3266
self.zipf_param: 1.2, len(self.questions): 3266
self.zipf_param: 1.2, len(self.questions): 3266
self.zipf_param: 1.2, len(self.questions): 3266
self.zipf_param: 1.2, len(self.questions): 3266
self.zipf_param: 1.2, len(self.questions): 3266
self.zipf_param: 1.2, len(self.questions): 3266
self.zipf_param: 1.2, len(self.questions): 3266
self.zipf_param: 1.2, len(self.questions): 3266
self.zipf_param: 1.2, len(self.questions): 3266
self.zipf_param: 1.2, len(self.questions): 3266
self.zipf_param: 1.2, len(self.questions): 3266
self.zipf_param: 1.2, len(self.questions): 3266
self.zipf_param: 1.2, len(self.questions): 3266
self.zipf_param: 1.2, len(self.questions): 3266
self.zipf_param: 1.2, len(self.questions): 3266
self.zipf_param: 1.2, len(self.questions): 3266
self.zipf_param: 1.2, len(self.questions): 3266
self.zipf_param: 1.2, len(self.questions): 3266
self.zipf_param: 1.2, len(self.questions): 3266
self.zipf_param: 1.2, len(self.questions): 3266
self.zipf_param: 1.2, len(self.questions): 3266
self.zipf_param: 1.2, len(self.questions): 3266
self.zipf_param: 1.2, len(self.questions): 3266
self.zipf_param: 1.2, len(self.questions): 3266
self.zipf_param: 1.2, len(self.questions): 3266
self.zipf_param: 1.2, len(self.questions): 3266
self.zipf_param: 1.2, len(self.questions): 3266
self.zipf_param: 1.2, len(self.questions): 3266
self.zipf_param: 1.2, len(self.questions): 3266
self.zipf_param: 1.2, len(self.questions): 3266
self.zipf_param: 1.2, len(self.questions): 3266
self.zipf_param: 1.2, len(self.questions): 3266
self.zipf_param: 1.2, len(self.questions): 3266
self.zipf_param: 1.2, len(self.questions): 3266
self.zipf_param: 1.2, len(self.questions): 3266
self.zipf_param: 1.2, len(self.questions): 3266
self.zipf_param: 1.2, len(self.questions): 3266
self.zipf_param: 1.2, len(self.questions): 3266
self.zipf_param: 1.2, len(self.questions): 3266
self.zipf_param: 1.2, len(self.questions): 3266
self.zipf_param: 1.2, len(self.questions): 3266
self.zipf_param: 1.2, len(self.questions): 3266
self.zipf_param: 1.2, len(self.questions): 3266
self.zipf_param: 1.2, len(self.questions): 3266
self.zipf_param: 1.2, len(self.questions): 3266
self.zipf_param: 1.2, len(self.questions): 3266
self.zipf_param: 1.2, len(self.questions): 3266
self.zipf_param: 1.2, len(self.questions): 3266
self.zipf_param: 1.2, len(self.questions): 3266
self.zipf_param: 1.2, len(self.questions): 3266
self.zipf_param: 1.2, len(self.questions): 3266
self.zipf_param: 1.2, len(self.questions): 3266
self.zipf_param: 1.2, len(self.questions): 3266
self.zipf_param: 1.2, len(self.questions): 3266
self.zipf_param: 1.2, len(self.questions): 3266
self.zipf_param: 1.2, len(self.questions): 3266
self.zipf_param: 1.2, len(self.questions): 3266
self.zipf_param: 1.2, len(self.questions): 3266
self.zipf_param: 1.2, len(self.questions): 3266
self.zipf_param: 1.2, len(self.questions): 3266
self.zipf_param: 1.2, len(self.questions): 3266
self.zipf_param: 1.2, len(self.questions): 3266
self.zipf_param: 1.2, len(self.questions): 3266
self.zipf_param: 1.2, len(self.questions): 3266
self.zipf_param: 1.2, len(self.questions): 3266
Traceback (most recent call last):
  File "/home/cloud_cxl/CXLSharedMemGPU/ReqGen/main.py", line 381, in <module>
    main()
  File "/home/cloud_cxl/CXLSharedMemGPU/ReqGen/main.py", line 378, in main
    asyncio.run(reqgen.run())
  File "/usr/lib/python3.10/asyncio/runners.py", line 44, in run
    return loop.run_until_complete(main)
  File "/usr/lib/python3.10/asyncio/base_events.py", line 636, in run_until_complete
    self.run_forever()
  File "/usr/lib/python3.10/asyncio/base_events.py", line 603, in run_forever
    self._run_once()
  File "/usr/lib/python3.10/asyncio/base_events.py", line 1871, in _run_once
    event_list = self._selector.select(timeout)
  File "/usr/lib/python3.10/selectors.py", line 469, in select
    fd_event_list = self._selector.poll(timeout, max_ev)
KeyboardInterrupt
