2025-11-21 01:27:24,086 - INFO - ReqGen 시작: 서버=163.152.48.109:9000, 클라이언트=2, 시간=330초
2025-11-21 01:27:24,086 - INFO - Hugging Face에서 'kroshan/BioASQ' 데이터셋을 로드합니다...
2025-11-21 01:27:30,013 - INFO - 3266개의 질문을 로드했습니다.
2025-11-21 01:27:30,013 - INFO - 부하 테스트 시작, client 수 = 2
통계에 반영된 요청 인덱스 범위: 0 ~ 530 (총 530개 요청)
statistics_start_time이 설정되지 않았습니다.
statistics_end_time이 설정되지 않았습니다.
통계 반영된 요청 수: 530, 통계 반영된 시간: 330.67 초

==================================================
 실험 최종 결과 요약
==================================================
 설정 실험 시간: 330 초
 Clients 수: 2
 통계 반영 시간: 330.67 초
 총 시도된 요청: 530 개
 총 완료된 요청: 530 개
 총 실패한 요청: 0 개
 완료 요청 중 retrieval이 실패한 요청: 0 개
 요청 성공률: 100.00%
 전체 Requests Per Second (RPS): 1.60
--------------------------------------------------
 Time to First Token (TTFT) Latency:
  - 평균 (Mean): 0.0977 초
  - 중간값 (50%ile): 0.0888 초
  - 최소값 (Min): 0.0232 초
  - 최대값 (Max): 0.8136 초
  - 95%ile Tail: 0.1604 초
  - 99%ile Tail: 0.2876 초
--------------------------------------------------
 Time Per Output Token (TPOT):
  - 평균 (Mean): 17.05 ms/token
--------------------------------------------------
 Embedding Latency:
  - 총 샘플 수: 328
  - 평균 (Mean): 6.10 ms
  - 중간값 (50%ile): 6.00 ms
  - 95%ile Tail: 9.00 ms
  - 99%ile Tail: 10.00 ms
--------------------------------------------------
 VectorDB Search Latency:
  - 총 샘플 수: 328
  - 평균 (Mean): 8.38 ms
  - 중간값 (50%ile): 8.00 ms
  - 95%ile Tail: 11.00 ms
  - 99%ile Tail: 12.73 ms
--------------------------------------------------
 Document Search Latency:
  - 총 샘플 수: 328
  - 평균 (Mean): 6.51 ms
  - 중간값 (50%ile): 7.00 ms
  - 95%ile Tail: 7.00 ms
  - 99%ile Tail: 8.00 ms
--------------------------------------------------
 Total Retrieval Latency:
  - 총 샘플 수: 530
  - 평균 (Mean): 28.32 ms
  - 중간값 (50%ile): 22.00 ms
  - 95%ile Tail: 46.55 ms
  - 99%ile Tail: 208.94 ms
==================================================
