2025-11-20 22:53:10,387 - INFO - ReqGen 시작: 서버=163.152.48.109:9000, 클라이언트=2, 시간=330초
2025-11-20 22:53:10,387 - INFO - Hugging Face에서 'kroshan/BioASQ' 데이터셋을 로드합니다...
2025-11-20 22:53:15,645 - INFO - 3266개의 질문을 로드했습니다.
2025-11-20 22:53:15,645 - INFO - 부하 테스트 시작, client 수 = 2
2025-11-20 22:53:15,645 - INFO - Zipf 값 1.2에서 상위 20%의 질문이 차지하는 비율: 91.82%
통계에 반영된 요청 인덱스 범위: 0 ~ 530 (총 530개 요청)
statistics_start_time이 설정되지 않았습니다.
statistics_end_time이 설정되지 않았습니다.
통계 반영된 요청 수: 530, 통계 반영된 시간: 332.69 초

==================================================
 실험 최종 결과 요약
==================================================
 설정 실험 시간: 330 초
 Clients 수: 2
 통계 반영 시간: 332.69 초
 총 시도된 요청: 530 개
 총 완료된 요청: 530 개
 총 실패한 요청: 0 개
 완료 요청 중 retrieval이 실패한 요청: 0 개
 요청 성공률: 100.00%
 전체 Requests Per Second (RPS): 1.59
--------------------------------------------------
 Time to First Token (TTFT) Latency:
  - 평균 (Mean): 0.1135 초
  - 중간값 (50%ile): 0.1297 초
  - 최소값 (Min): 0.0242 초
  - 최대값 (Max): 0.2871 초
  - 95%ile Tail: 0.1674 초
  - 99%ile Tail: 0.1906 초
--------------------------------------------------
 Time Per Output Token (TPOT):
  - 평균 (Mean): 17.15 ms/token
--------------------------------------------------
 Embedding Latency:
  - 총 샘플 수: 319
  - 평균 (Mean): 6.20 ms
  - 중간값 (50%ile): 6.00 ms
  - 95%ile Tail: 8.00 ms
  - 99%ile Tail: 11.82 ms
--------------------------------------------------
 VectorDB Search Latency:
  - 총 샘플 수: 319
  - 평균 (Mean): 13.48 ms
  - 중간값 (50%ile): 12.00 ms
  - 95%ile Tail: 21.10 ms
  - 99%ile Tail: 71.02 ms
--------------------------------------------------
 Document Search Latency:
  - 총 샘플 수: 319
  - 평균 (Mean): 5.35 ms
  - 중간값 (50%ile): 6.00 ms
  - 95%ile Tail: 7.00 ms
  - 99%ile Tail: 8.00 ms
--------------------------------------------------
 Total Retrieval Latency:
  - 총 샘플 수: 530
  - 평균 (Mean): 26.31 ms
  - 중간값 (50%ile): 25.00 ms
  - 95%ile Tail: 34.00 ms
  - 99%ile Tail: 81.52 ms
==================================================
