2025-11-20 18:37:41,092 - INFO - ReqGen 시작: 서버=163.152.48.109:9000, 클라이언트=8000, 시간=330초
2025-11-20 18:37:41,092 - INFO - Hugging Face에서 'kroshan/BioASQ' 데이터셋을 로드합니다...
2025-11-20 18:37:46,850 - INFO - 3266개의 질문을 로드했습니다.
2025-11-20 18:37:46,851 - INFO - 부하 테스트 시작, client 수 = 8000
2025-11-20 18:37:46,851 - INFO - Zipf 값 1.2에서 상위 20%의 질문이 차지하는 비율: 91.82%
2025-11-20 18:37:51,854 - INFO - [실시간] 요청 1000개 처리 | 현재까지의 RPS: 199.90최근 1000개 request의 p99 TTFT: 0.2182 초 | 
2025-11-20 18:37:54,505 - INFO - [실시간] 요청 2000개 처리 | 현재까지의 RPS: 261.29최근 1000개 request의 p99 TTFT: 0.3554 초 | 
2025-11-20 18:37:56,797 - INFO - [실시간] 요청 3000개 처리 | 현재까지의 RPS: 301.63최근 1000개 request의 p99 TTFT: 0.2988 초 | 
2025-11-20 18:37:58,924 - INFO - [실시간] 요청 4000개 처리 | 현재까지의 RPS: 331.33최근 1000개 request의 p99 TTFT: 0.3846 초 | 
2025-11-20 18:38:00,836 - INFO - [실시간] 요청 5000개 처리 | 현재까지의 RPS: 357.53최근 1000개 request의 p99 TTFT: 0.3346 초 | 
2025-11-20 18:38:02,695 - INFO - [실시간] 요청 6000개 처리 | 현재까지의 RPS: 378.71최근 1000개 request의 p99 TTFT: 0.3811 초 | 
2025-11-20 18:38:04,468 - INFO - [실시간] 요청 7000개 처리 | 현재까지의 RPS: 397.35최근 1000개 request의 p99 TTFT: 0.6534 초 | 
2025-11-20 18:38:06,169 - INFO - [실시간] 요청 8000개 처리 | 현재까지의 RPS: 414.13최근 1000개 request의 p99 TTFT: 0.4743 초 | 
2025-11-20 18:38:07,683 - INFO - [실시간] 요청 9000개 처리 | 현재까지의 RPS: 432.02최근 1000개 request의 p99 TTFT: 0.7256 초 | 
2025-11-20 18:38:09,817 - INFO - [실시간] 요청 10000개 처리 | 현재까지의 RPS: 435.44최근 1000개 request의 p99 TTFT: 0.6052 초 | 
2025-11-20 18:38:12,035 - INFO - [실시간] 요청 11000개 처리 | 현재까지의 RPS: 436.79최근 1000개 request의 p99 TTFT: 0.2142 초 | 
2025-11-20 18:38:13,905 - INFO - [실시간] 요청 12000개 처리 | 현재까지의 RPS: 443.55최근 1000개 request의 p99 TTFT: 0.4677 초 | 
2025-11-20 18:38:15,848 - INFO - [실시간] 요청 13000개 처리 | 현재까지의 RPS: 448.33최근 1000개 request의 p99 TTFT: 0.4711 초 | 
2025-11-20 18:38:17,796 - INFO - [실시간] 요청 14000개 처리 | 현재까지의 RPS: 452.42최근 1000개 request의 p99 TTFT: 0.4607 초 | 
2025-11-20 18:38:19,653 - INFO - [실시간] 요청 15000개 처리 | 현재까지의 RPS: 457.29최근 1000개 request의 p99 TTFT: 0.2143 초 | 
2025-11-20 18:38:21,466 - INFO - [실시간] 요청 16000개 처리 | 현재까지의 RPS: 462.23최근 1000개 request의 p99 TTFT: 0.2054 초 | 
2025-11-20 18:38:23,526 - INFO - [실시간] 요청 17000개 처리 | 현재까지의 RPS: 463.53최근 1000개 request의 p99 TTFT: 0.4422 초 | 
2025-11-20 18:38:25,576 - INFO - [실시간] 요청 18000개 처리 | 현재까지의 RPS: 464.82최근 1000개 request의 p99 TTFT: 0.7184 초 | 
2025-11-20 18:38:27,372 - INFO - [실시간] 요청 19000개 처리 | 현재까지의 RPS: 468.89최근 1000개 request의 p99 TTFT: 0.5014 초 | 
2025-11-20 18:38:29,345 - INFO - [실시간] 요청 20000개 처리 | 현재까지의 RPS: 470.66최근 1000개 request의 p99 TTFT: 0.1962 초 | 
2025-11-20 18:38:31,352 - INFO - [실시간] 요청 21000개 처리 | 현재까지의 RPS: 471.91최근 1000개 request의 p99 TTFT: 0.1966 초 | 
2025-11-20 18:38:33,340 - INFO - [실시간] 요청 22000개 처리 | 현재까지의 RPS: 473.23최근 1000개 request의 p99 TTFT: 0.4005 초 | 
2025-11-20 18:38:35,433 - INFO - [실시간] 요청 23000개 처리 | 현재까지의 RPS: 473.43최근 1000개 request의 p99 TTFT: 0.5277 초 | 
2025-11-20 18:38:37,369 - INFO - [실시간] 요청 24000개 처리 | 현재까지의 RPS: 475.08최근 1000개 request의 p99 TTFT: 0.4893 초 | 
2025-11-20 18:38:39,251 - INFO - [실시간] 요청 25000개 처리 | 현재까지의 RPS: 477.10최근 1000개 request의 p99 TTFT: 0.4548 초 | 
2025-11-20 18:38:41,098 - INFO - [실시간] 요청 26000개 처리 | 현재까지의 RPS: 479.29최근 1000개 request의 p99 TTFT: 0.2027 초 | 
2025-11-20 18:38:43,123 - INFO - [실시간] 요청 27000개 처리 | 현재까지의 RPS: 479.81최근 1000개 request의 p99 TTFT: 0.2188 초 | 
2025-11-20 18:38:45,032 - INFO - [실시간] 요청 28000개 처리 | 현재까지의 RPS: 481.26최근 1000개 request의 p99 TTFT: 0.2026 초 | 
2025-11-20 18:38:47,119 - INFO - [실시간] 요청 29000개 처리 | 현재까지의 RPS: 481.19최근 1000개 request의 p99 TTFT: 0.6738 초 | 
2025-11-20 18:38:48,710 - INFO - [실시간] 요청 30000개 처리 | 현재까지의 RPS: 484.98최근 1000개 request의 p99 TTFT: 0.6348 초 | 
2025-11-20 18:38:50,307 - INFO - [실시간] 요청 31000개 처리 | 현재까지의 RPS: 488.53최근 1000개 request의 p99 TTFT: 0.3998 초 | 
2025-11-20 18:38:51,948 - INFO - [실시간] 요청 32000개 처리 | 현재까지의 RPS: 491.58최근 1000개 request의 p99 TTFT: 0.2243 초 | 
2025-11-20 18:38:53,557 - INFO - [실시간] 요청 33000개 처리 | 현재까지의 RPS: 494.71최근 1000개 request의 p99 TTFT: 0.2241 초 | 
2025-11-20 18:38:55,576 - INFO - [실시간] 요청 34000개 처리 | 현재까지의 RPS: 494.72최근 1000개 request의 p99 TTFT: 0.9634 초 | 
2025-11-20 18:38:57,095 - INFO - [실시간] 요청 35000개 처리 | 현재까지의 RPS: 498.26최근 1000개 request의 p99 TTFT: 1.1174 초 | 
2025-11-20 18:38:58,721 - INFO - [실시간] 요청 36000개 처리 | 현재까지의 RPS: 500.91최근 1000개 request의 p99 TTFT: 0.2205 초 | 
2025-11-20 18:39:00,289 - INFO - [실시간] 요청 37000개 처리 | 현재까지의 RPS: 503.83최근 1000개 request의 p99 TTFT: 0.4607 초 | 
2025-11-20 18:39:01,878 - INFO - [실시간] 요청 38000개 처리 | 현재까지의 RPS: 506.48최근 1000개 request의 p99 TTFT: 0.2341 초 | 
2025-11-20 18:39:03,819 - INFO - [실시간] 요청 39000개 처리 | 현재까지의 RPS: 506.71최근 1000개 request의 p99 TTFT: 0.7622 초 | 
2025-11-20 18:39:05,365 - INFO - [실시간] 요청 40000개 처리 | 현재까지의 RPS: 509.46최근 1000개 request의 p99 TTFT: 1.3143 초 | 
2025-11-20 18:39:06,839 - INFO - [실시간] 요청 41000개 처리 | 현재까지의 RPS: 512.57최근 1000개 request의 p99 TTFT: 0.4104 초 | 
2025-11-20 18:39:08,509 - INFO - [실시간] 요청 42000개 처리 | 현재까지의 RPS: 514.34최근 1000개 request의 p99 TTFT: 0.6411 초 | 
2025-11-20 18:39:10,011 - INFO - [실시간] 요청 43000개 처리 | 현재까지의 RPS: 517.08최근 1000개 request의 p99 TTFT: 0.7546 초 | 
2025-11-20 18:39:11,711 - INFO - [실시간] 요청 44000개 처리 | 현재까지의 RPS: 518.50최근 1000개 request의 p99 TTFT: 0.2245 초 | 
2025-11-20 18:39:13,399 - INFO - [실시간] 요청 45000개 처리 | 현재까지의 RPS: 519.94최근 1000개 request의 p99 TTFT: 0.2402 초 | 
2025-11-20 18:39:15,129 - INFO - [실시간] 요청 46000개 처리 | 현재까지의 RPS: 521.08최근 1000개 request의 p99 TTFT: 0.2114 초 | 
2025-11-20 18:39:16,991 - INFO - [실시간] 요청 47000개 처리 | 현재까지의 RPS: 521.41최근 1000개 request의 p99 TTFT: 0.5418 초 | 
2025-11-20 18:39:18,598 - INFO - [실시간] 요청 48000개 처리 | 현재까지의 RPS: 523.18최근 1000개 request의 p99 TTFT: 0.8444 초 | 
2025-11-20 18:39:20,184 - INFO - [실시간] 요청 49000개 처리 | 현재까지의 RPS: 525.00최근 1000개 request의 p99 TTFT: 0.7380 초 | 
2025-11-20 18:39:21,859 - INFO - [실시간] 요청 50000개 처리 | 현재까지의 RPS: 526.27최근 1000개 request의 p99 TTFT: 0.1906 초 | 
2025-11-20 18:39:23,515 - INFO - [실시간] 요청 51000개 처리 | 현재까지의 RPS: 527.60최근 1000개 request의 p99 TTFT: 0.3321 초 | 
2025-11-20 18:39:25,150 - INFO - [실시간] 요청 52000개 처리 | 현재까지의 RPS: 529.00최근 1000개 request의 p99 TTFT: 0.4187 초 | 
2025-11-20 18:39:26,982 - INFO - [실시간] 요청 53000개 처리 | 현재까지의 RPS: 529.31최근 1000개 request의 p99 TTFT: 0.8203 초 | 
2025-11-20 18:39:28,502 - INFO - [실시간] 요청 54000개 처리 | 현재까지의 RPS: 531.23최근 1000개 request의 p99 TTFT: 0.8013 초 | 
2025-11-20 18:39:30,099 - INFO - [실시간] 요청 55000개 처리 | 현재까지의 RPS: 532.70최근 1000개 request의 p99 TTFT: 0.2050 초 | 
2025-11-20 18:39:31,805 - INFO - [실시간] 요청 56000개 처리 | 현재까지의 RPS: 533.57최근 1000개 request의 p99 TTFT: 0.2423 초 | 
2025-11-20 18:39:33,456 - INFO - [실시간] 요청 57000개 처리 | 현재까지의 RPS: 534.69최근 1000개 request의 p99 TTFT: 0.3806 초 | 
2025-11-20 18:39:35,229 - INFO - [실시간] 요청 58000개 처리 | 현재까지의 RPS: 535.17최근 1000개 request의 p99 TTFT: 0.5262 초 | 
2025-11-20 18:39:36,655 - INFO - [실시간] 요청 59000개 처리 | 현재까지의 RPS: 537.32최근 1000개 request의 p99 TTFT: 0.8148 초 | 
2025-11-20 18:39:38,323 - INFO - [실시간] 요청 60000개 처리 | 현재까지의 RPS: 538.25최근 1000개 request의 p99 TTFT: 0.2305 초 | 
2025-11-20 18:39:40,055 - INFO - [실시간] 요청 61000개 처리 | 현재까지의 RPS: 538.85최근 1000개 request의 p99 TTFT: 0.4796 초 | 
2025-11-20 18:39:41,665 - INFO - [실시간] 요청 62000개 처리 | 현재까지의 RPS: 540.00최근 1000개 request의 p99 TTFT: 0.4024 초 | 
2025-11-20 18:39:43,390 - INFO - [실시간] 요청 63000개 처리 | 현재까지의 RPS: 540.59최근 1000개 request의 p99 TTFT: 0.4541 초 | 
2025-11-20 18:39:45,016 - INFO - [실시간] 요청 64000개 처리 | 현재까지의 RPS: 541.62최근 1000개 request의 p99 TTFT: 0.6350 초 | 
2025-11-20 18:39:46,633 - INFO - [실시간] 요청 65000개 처리 | 현재까지의 RPS: 542.65최근 1000개 request의 p99 TTFT: 0.5752 초 | 
2025-11-20 18:39:48,140 - INFO - [실시간] 요청 66000개 처리 | 현재까지의 RPS: 544.16최근 1000개 request의 p99 TTFT: 0.4609 초 | 
2025-11-20 18:39:49,572 - INFO - [실시간] 요청 67000개 처리 | 현재까지의 RPS: 545.96최근 1000개 request의 p99 TTFT: 0.4455 초 | 
2025-11-20 18:39:51,025 - INFO - [실시간] 요청 68000개 처리 | 현재까지의 RPS: 547.62최근 1000개 request의 p99 TTFT: 0.4591 초 | 
2025-11-20 18:39:52,623 - INFO - [실시간] 요청 69000개 처리 | 현재까지의 RPS: 548.61최근 1000개 request의 p99 TTFT: 0.3676 초 | 
2025-11-20 18:39:54,383 - INFO - [실시간] 요청 70000개 처리 | 현재까지의 RPS: 548.88최근 1000개 request의 p99 TTFT: 0.8096 초 | 
2025-11-20 18:39:55,745 - INFO - [실시간] 요청 71000개 처리 | 현재까지의 RPS: 550.84최근 1000개 request의 p99 TTFT: 1.0914 초 | 
2025-11-20 18:39:57,221 - INFO - [실시간] 요청 72000개 처리 | 현재까지의 RPS: 552.27최근 1000개 request의 p99 TTFT: 0.3014 초 | 
2025-11-20 18:39:58,778 - INFO - [실시간] 요청 73000개 처리 | 현재까지의 RPS: 553.33최근 1000개 request의 p99 TTFT: 0.3585 초 | 
2025-11-20 18:40:00,340 - INFO - [실시간] 요청 74000개 처리 | 현재까지의 RPS: 554.35최근 1000개 request의 p99 TTFT: 0.3733 초 | 
2025-11-20 18:40:02,031 - INFO - [실시간] 요청 75000개 처리 | 현재까지의 RPS: 554.82최근 1000개 request의 p99 TTFT: 0.4414 초 | 
2025-11-20 18:40:03,473 - INFO - [실시간] 요청 76000개 처리 | 현재까지의 RPS: 556.28최근 1000개 request의 p99 TTFT: 1.1392 초 | 
2025-11-20 18:40:04,807 - INFO - [실시간] 요청 77000개 처리 | 현재까지의 RPS: 558.15최근 1000개 request의 p99 TTFT: 0.7671 초 | 
2025-11-20 18:40:06,293 - INFO - [실시간] 요청 78000개 처리 | 현재까지의 RPS: 559.37최근 1000개 request의 p99 TTFT: 0.3015 초 | 
2025-11-20 18:40:07,745 - INFO - [실시간] 요청 79000개 처리 | 현재까지의 RPS: 560.71최근 1000개 request의 p99 TTFT: 0.3829 초 | 
2025-11-20 18:40:09,344 - INFO - [실시간] 요청 80000개 처리 | 현재까지의 RPS: 561.43최근 1000개 request의 p99 TTFT: 0.9423 초 | 
2025-11-20 18:40:10,718 - INFO - [실시간] 요청 81000개 처리 | 현재까지의 RPS: 563.02최근 1000개 request의 p99 TTFT: 1.3058 초 | 
2025-11-20 18:40:12,234 - INFO - [실시간] 요청 82000개 처리 | 현재까지의 RPS: 564.03최근 1000개 request의 p99 TTFT: 0.3646 초 | 
2025-11-20 18:40:13,776 - INFO - [실시간] 요청 83000개 처리 | 현재까지의 RPS: 564.91최근 1000개 request의 p99 TTFT: 0.2233 초 | 
2025-11-20 18:40:15,391 - INFO - [실시간] 요청 84000개 처리 | 현재까지의 RPS: 565.50최근 1000개 request의 p99 TTFT: 0.2731 초 | 
2025-11-20 18:40:17,065 - INFO - [실시간] 요청 85000개 처리 | 현재까지의 RPS: 565.86최근 1000개 request의 p99 TTFT: 0.8031 초 | 
2025-11-20 18:40:18,377 - INFO - [실시간] 요청 86000개 처리 | 현재까지의 RPS: 567.56최근 1000개 request의 p99 TTFT: 1.0621 초 | 
2025-11-20 18:40:19,830 - INFO - [실시간] 요청 87000개 처리 | 현재까지의 RPS: 568.70최근 1000개 request의 p99 TTFT: 0.4035 초 | 
2025-11-20 18:40:21,302 - INFO - [실시간] 요청 88000개 처리 | 현재까지의 RPS: 569.76최근 1000개 request의 p99 TTFT: 0.2164 초 | 
2025-11-20 18:40:22,858 - INFO - [실시간] 요청 89000개 처리 | 현재까지의 RPS: 570.49최근 1000개 request의 p99 TTFT: 0.1974 초 | 
2025-11-20 18:40:24,491 - INFO - [실시간] 요청 90000개 처리 | 현재까지의 RPS: 570.92최근 1000개 request의 p99 TTFT: 0.5916 초 | 
2025-11-20 18:40:25,922 - INFO - [실시간] 요청 91000개 처리 | 현재까지의 RPS: 572.07최근 1000개 request의 p99 TTFT: 1.0557 초 | 
2025-11-20 18:40:27,234 - INFO - [실시간] 요청 92000개 처리 | 현재까지의 RPS: 573.63최근 1000개 request의 p99 TTFT: 0.8582 초 | 
2025-11-20 18:40:28,695 - INFO - [실시간] 요청 93000개 처리 | 현재까지의 RPS: 574.63최근 1000개 request의 p99 TTFT: 0.4395 초 | 
2025-11-20 18:40:30,212 - INFO - [실시간] 요청 94000개 처리 | 현재까지의 RPS: 575.41최근 1000개 request의 p99 TTFT: 0.2223 초 | 
2025-11-20 18:40:31,797 - INFO - [실시간] 요청 95000개 처리 | 현재까지의 RPS: 575.95최근 1000개 request의 p99 TTFT: 0.3988 초 | 
2025-11-20 18:40:33,372 - INFO - [실시간] 요청 96000개 처리 | 현재까지의 RPS: 576.50최근 1000개 request의 p99 TTFT: 0.9838 초 | 
2025-11-20 18:40:34,789 - INFO - [실시간] 요청 97000개 처리 | 현재까지의 RPS: 577.60최근 1000개 request의 p99 TTFT: 1.1304 초 | 
2025-11-20 18:40:36,259 - INFO - [실시간] 요청 98000개 처리 | 현재까지의 RPS: 578.48최근 1000개 request의 p99 TTFT: 0.4077 초 | 
2025-11-20 18:40:37,693 - INFO - [실시간] 요청 99000개 처리 | 현재까지의 RPS: 579.48최근 1000개 request의 p99 TTFT: 0.2334 초 | 
2025-11-20 18:40:39,207 - INFO - [실시간] 요청 100000개 처리 | 현재까지의 RPS: 580.20최근 1000개 request의 p99 TTFT: 0.2064 초 | 
2025-11-20 18:40:40,883 - INFO - [실시간] 요청 101000개 처리 | 현재까지의 RPS: 580.35최근 1000개 request의 p99 TTFT: 0.5894 초 | 
2025-11-20 18:40:42,300 - INFO - [실시간] 요청 102000개 처리 | 현재까지의 RPS: 581.37최근 1000개 request의 p99 TTFT: 0.8902 초 | 
2025-11-20 18:40:43,758 - INFO - [실시간] 요청 103000개 처리 | 현재까지의 RPS: 582.23최근 1000개 request의 p99 TTFT: 0.7286 초 | 
2025-11-20 18:40:45,312 - INFO - [실시간] 요청 104000개 처리 | 현재까지의 RPS: 582.76최근 1000개 request의 p99 TTFT: 0.2011 초 | 
2025-11-20 18:40:46,849 - INFO - [실시간] 요청 105000개 처리 | 현재까지의 RPS: 583.34최근 1000개 request의 p99 TTFT: 0.2200 초 | 
2025-11-20 18:40:48,396 - INFO - [실시간] 요청 106000개 처리 | 현재까지의 RPS: 583.88최근 1000개 request의 p99 TTFT: 0.5227 초 | 
2025-11-20 18:40:50,168 - INFO - [실시간] 요청 107000개 처리 | 현재까지의 RPS: 583.69최근 1000개 request의 p99 TTFT: 1.0435 초 | 
2025-11-20 18:40:51,446 - INFO - [실시간] 요청 108000개 처리 | 현재까지의 RPS: 585.06최근 1000개 request의 p99 TTFT: 1.0814 초 | 
2025-11-20 18:40:52,926 - INFO - [실시간] 요청 109000개 처리 | 현재까지의 RPS: 585.79최근 1000개 request의 p99 TTFT: 0.2805 초 | 
2025-11-20 18:40:54,491 - INFO - [실시간] 요청 110000개 처리 | 현재까지의 RPS: 586.23최근 1000개 request의 p99 TTFT: 0.2001 초 | 
2025-11-20 18:40:55,987 - INFO - [실시간] 요청 111000개 처리 | 현재까지의 RPS: 586.88최근 1000개 request의 p99 TTFT: 0.4351 초 | 
2025-11-20 18:40:57,622 - INFO - [실시간] 요청 112000개 처리 | 현재까지의 RPS: 587.09최근 1000개 request의 p99 TTFT: 0.6227 초 | 
2025-11-20 18:40:58,986 - INFO - [실시간] 요청 113000개 처리 | 현재까지의 RPS: 588.13최근 1000개 request의 p99 TTFT: 1.0206 초 | 
2025-11-20 18:41:00,467 - INFO - [실시간] 요청 114000개 처리 | 현재까지의 RPS: 588.79최근 1000개 request의 p99 TTFT: 0.8853 초 | 
2025-11-20 18:41:01,982 - INFO - [실시간] 요청 115000개 처리 | 현재까지의 RPS: 589.35최근 1000개 request의 p99 TTFT: 0.4065 초 | 
2025-11-20 18:41:03,424 - INFO - [실시간] 요청 116000개 처리 | 현재까지의 RPS: 590.11최근 1000개 request의 p99 TTFT: 0.4462 초 | 
2025-11-20 18:41:04,903 - INFO - [실시간] 요청 117000개 처리 | 현재까지의 RPS: 590.76최근 1000개 request의 p99 TTFT: 0.6818 초 | 
2025-11-20 18:41:06,262 - INFO - [실시간] 요청 118000개 처리 | 현재까지의 RPS: 591.74최근 1000개 request의 p99 TTFT: 0.9038 초 | 
2025-11-20 18:41:07,613 - INFO - [실시간] 요청 119000개 처리 | 현재까지의 RPS: 592.74최근 1000개 request의 p99 TTFT: 0.8210 초 | 
2025-11-20 18:41:09,006 - INFO - [실시간] 요청 120000개 처리 | 현재까지의 RPS: 593.61최근 1000개 request의 p99 TTFT: 0.3977 초 | 
2025-11-20 18:41:10,387 - INFO - [실시간] 요청 121000개 처리 | 현재까지의 RPS: 594.49최근 1000개 request의 p99 TTFT: 0.5887 초 | 
2025-11-20 18:41:11,834 - INFO - [실시간] 요청 122000개 처리 | 현재까지의 RPS: 595.17최근 1000개 request의 p99 TTFT: 0.4317 초 | 
2025-11-20 18:41:13,431 - INFO - [실시간] 요청 123000개 처리 | 현재까지의 RPS: 595.41최근 1000개 request의 p99 TTFT: 1.0854 초 | 
2025-11-20 18:41:14,759 - INFO - [실시간] 요청 124000개 처리 | 현재까지의 RPS: 596.42최근 1000개 request의 p99 TTFT: 1.1543 초 | 
2025-11-20 18:41:16,102 - INFO - [실시간] 요청 125000개 처리 | 현재까지의 RPS: 597.37최근 1000개 request의 p99 TTFT: 0.6121 초 | 
2025-11-20 18:41:17,559 - INFO - [실시간] 요청 126000개 처리 | 현재까지의 RPS: 597.98최근 1000개 request의 p99 TTFT: 0.4304 초 | 
2025-11-20 18:41:19,169 - INFO - [실시간] 요청 127000개 처리 | 현재까지의 RPS: 598.16최근 1000개 request의 p99 TTFT: 0.2389 초 | 
2025-11-20 18:41:20,692 - INFO - [실시간] 요청 128000개 처리 | 현재까지의 RPS: 598.58최근 1000개 request의 p99 TTFT: 0.8428 초 | 
2025-11-20 18:41:21,950 - INFO - [실시간] 요청 129000개 처리 | 현재까지의 RPS: 599.72최근 1000개 request의 p99 TTFT: 0.9542 초 | 
2025-11-20 18:41:23,339 - INFO - [실시간] 요청 130000개 처리 | 현재까지의 RPS: 600.50최근 1000개 request의 p99 TTFT: 0.6409 초 | 
2025-11-20 18:41:24,857 - INFO - [실시간] 요청 131000개 처리 | 현재까지의 RPS: 600.90최근 1000개 request의 p99 TTFT: 0.5099 초 | 
2025-11-20 18:41:26,244 - INFO - [실시간] 요청 132000개 처리 | 현재까지의 RPS: 601.66최근 1000개 request의 p99 TTFT: 0.3472 초 | 
2025-11-20 18:41:27,861 - INFO - [실시간] 요청 133000개 처리 | 현재까지의 RPS: 601.78최근 1000개 request의 p99 TTFT: 0.8306 초 | 
2025-11-20 18:41:29,151 - INFO - [실시간] 요청 134000개 처리 | 현재까지의 RPS: 602.79최근 1000개 request의 p99 TTFT: 1.1395 초 | 
2025-11-20 18:41:30,532 - INFO - [실시간] 요청 135000개 처리 | 현재까지의 RPS: 603.54최근 1000개 request의 p99 TTFT: 0.7542 초 | 
2025-11-20 18:41:32,008 - INFO - [실시간] 요청 136000개 처리 | 현재까지의 RPS: 604.02최근 1000개 request의 p99 TTFT: 0.4464 초 | 
2025-11-20 18:41:33,465 - INFO - [실시간] 요청 137000개 처리 | 현재까지의 RPS: 604.55최근 1000개 request의 p99 TTFT: 0.2089 초 | 
2025-11-20 18:41:35,198 - INFO - [실시간] 요청 138000개 처리 | 현재까지의 RPS: 604.34최근 1000개 request의 p99 TTFT: 0.5759 초 | 
2025-11-20 18:41:36,622 - INFO - [실시간] 요청 139000개 처리 | 현재까지의 RPS: 604.95최근 1000개 request의 p99 TTFT: 1.0456 초 | 
2025-11-20 18:41:37,898 - INFO - [실시간] 요청 140000개 처리 | 현재까지의 RPS: 605.94최근 1000개 request의 p99 TTFT: 1.0482 초 | 
2025-11-20 18:41:39,301 - INFO - [실시간] 요청 141000개 처리 | 현재까지의 RPS: 606.58최근 1000개 request의 p99 TTFT: 0.7718 초 | 
2025-11-20 18:41:40,706 - INFO - [실시간] 요청 142000개 처리 | 현재까지의 RPS: 607.22최근 1000개 request의 p99 TTFT: 0.2644 초 | 
2025-11-20 18:41:42,281 - INFO - [실시간] 요청 143000개 처리 | 현재까지의 RPS: 607.40최근 1000개 request의 p99 TTFT: 0.4262 초 | 
2025-11-20 18:41:43,793 - INFO - [실시간] 요청 144000개 처리 | 현재까지의 RPS: 607.74최근 1000개 request의 p99 TTFT: 0.9714 초 | 
2025-11-20 18:41:45,064 - INFO - [실시간] 요청 145000개 처리 | 현재까지의 RPS: 608.70최근 1000개 request의 p99 TTFT: 1.0019 초 | 
2025-11-20 18:41:46,583 - INFO - [실시간] 요청 146000개 처리 | 현재까지의 RPS: 609.01최근 1000개 request의 p99 TTFT: 0.3797 초 | 
2025-11-20 18:41:48,002 - INFO - [실시간] 요청 147000개 처리 | 현재까지의 RPS: 609.58최근 1000개 request의 p99 TTFT: 0.4336 초 | 
2025-11-20 18:41:49,523 - INFO - [실시간] 요청 148000개 처리 | 현재까지의 RPS: 609.88최근 1000개 request의 p99 TTFT: 0.3517 초 | 
2025-11-20 18:41:51,181 - INFO - [실시간] 요청 149000개 처리 | 현재까지의 RPS: 609.83최근 1000개 request의 p99 TTFT: 1.0226 초 | 
2025-11-20 18:41:52,456 - INFO - [실시간] 요청 150000개 처리 | 현재까지의 RPS: 610.74최근 1000개 request의 p99 TTFT: 1.2679 초 | 
2025-11-20 18:41:53,816 - INFO - [실시간] 요청 151000개 처리 | 현재까지의 RPS: 611.42최근 1000개 request의 p99 TTFT: 0.8469 초 | 
2025-11-20 18:41:55,219 - INFO - [실시간] 요청 152000개 처리 | 현재까지의 RPS: 611.99최근 1000개 request의 p99 TTFT: 0.5204 초 | 
2025-11-20 18:41:56,880 - INFO - [실시간] 요청 153000개 처리 | 현재까지의 RPS: 611.93최근 1000개 request의 p99 TTFT: 0.3736 초 | 
2025-11-20 18:41:58,345 - INFO - [실시간] 요청 154000개 처리 | 현재까지의 RPS: 612.34최근 1000개 request의 p99 TTFT: 0.7237 초 | 
2025-11-20 18:41:59,624 - INFO - [실시간] 요청 155000개 처리 | 현재까지의 RPS: 613.20최근 1000개 request의 p99 TTFT: 1.1458 초 | 
2025-11-20 18:42:01,063 - INFO - [실시간] 요청 156000개 처리 | 현재까지의 RPS: 613.66최근 1000개 request의 p99 TTFT: 1.0836 초 | 
2025-11-20 18:42:02,498 - INFO - [실시간] 요청 157000개 처리 | 현재까지의 RPS: 614.13최근 1000개 request의 p99 TTFT: 0.4179 초 | 
2025-11-20 18:42:04,017 - INFO - [실시간] 요청 158000개 처리 | 현재까지의 RPS: 614.39최근 1000개 request의 p99 TTFT: 0.4690 초 | 
2025-11-20 18:42:05,562 - INFO - [실시간] 요청 159000개 처리 | 현재까지의 RPS: 614.59최근 1000개 request의 p99 TTFT: 0.5251 초 | 
2025-11-20 18:42:06,952 - INFO - [실시간] 요청 160000개 처리 | 현재까지의 RPS: 615.15최근 1000개 request의 p99 TTFT: 0.9959 초 | 
2025-11-20 18:42:08,312 - INFO - [실시간] 요청 161000개 처리 | 현재까지의 RPS: 615.77최근 1000개 request의 p99 TTFT: 1.1695 초 | 
2025-11-20 18:42:09,804 - INFO - [실시간] 요청 162000개 처리 | 현재까지의 RPS: 616.08최근 1000개 request의 p99 TTFT: 0.4596 초 | 
2025-11-20 18:42:11,207 - INFO - [실시간] 요청 163000개 처리 | 현재까지의 RPS: 616.59최근 1000개 request의 p99 TTFT: 0.3727 초 | 
2025-11-20 18:42:12,798 - INFO - [실시간] 요청 164000개 처리 | 현재까지의 RPS: 616.66최근 1000개 request의 p99 TTFT: 0.4342 초 | 
2025-11-20 18:42:14,537 - INFO - [실시간] 요청 165000개 처리 | 현재까지의 RPS: 616.39최근 1000개 request의 p99 TTFT: 1.0302 초 | 
2025-11-20 18:42:15,850 - INFO - [실시간] 요청 166000개 처리 | 현재까지의 RPS: 617.10최근 1000개 request의 p99 TTFT: 1.5685 초 | 
2025-11-20 18:42:17,256 - INFO - [실시간] 요청 167000개 처리 | 현재까지의 RPS: 617.59최근 1000개 request의 p99 TTFT: 1.3537 초 | 
2025-11-20 18:42:18,754 - INFO - [실시간] 요청 168000개 처리 | 현재까지의 RPS: 617.87최근 1000개 request의 p99 TTFT: 0.3112 초 | 
2025-11-20 18:42:20,510 - INFO - [실시간] 요청 169000개 처리 | 현재까지의 RPS: 617.56최근 1000개 request의 p99 TTFT: 0.6450 초 | 
2025-11-20 18:42:21,883 - INFO - [실시간] 요청 170000개 처리 | 현재까지의 RPS: 618.11최근 1000개 request의 p99 TTFT: 1.4525 초 | 
2025-11-20 18:42:23,252 - INFO - [실시간] 요청 171000개 처리 | 현재까지의 RPS: 618.67최근 1000개 request의 p99 TTFT: 1.5093 초 | 
2025-11-20 18:42:24,640 - INFO - [실시간] 요청 172000개 처리 | 현재까지의 RPS: 619.18최근 1000개 request의 p99 TTFT: 0.2938 초 | 
2025-11-20 18:42:26,168 - INFO - [실시간] 요청 173000개 처리 | 현재까지의 RPS: 619.37최근 1000개 request의 p99 TTFT: 0.2838 초 | 
2025-11-20 18:42:28,011 - INFO - [실시간] 요청 174000개 처리 | 현재까지의 RPS: 618.86최근 1000개 request의 p99 TTFT: 0.8571 초 | 
2025-11-20 18:42:29,287 - INFO - [실시간] 요청 175000개 처리 | 현재까지의 RPS: 619.61최근 1000개 request의 p99 TTFT: 1.2932 초 | 
2025-11-20 18:42:30,662 - INFO - [실시간] 요청 176000개 처리 | 현재까지의 RPS: 620.13최근 1000개 request의 p99 TTFT: 1.1987 초 | 
2025-11-20 18:42:32,195 - INFO - [실시간] 요청 177000개 처리 | 현재까지의 RPS: 620.30최근 1000개 request의 p99 TTFT: 0.2035 초 | 
2025-11-20 18:42:33,877 - INFO - [실시간] 요청 178000개 처리 | 현재까지의 RPS: 620.15최근 1000개 request의 p99 TTFT: 0.5035 초 | 
2025-11-20 18:42:35,575 - INFO - [실시간] 요청 179000개 처리 | 현재까지의 RPS: 619.97최근 1000개 request의 p99 TTFT: 1.0220 초 | 
2025-11-20 18:42:36,868 - INFO - [실시간] 요청 180000개 처리 | 현재까지의 RPS: 620.65최근 1000개 request의 p99 TTFT: 1.3316 초 | 
2025-11-20 18:42:38,217 - INFO - [실시간] 요청 181000개 처리 | 현재까지의 RPS: 621.21최근 1000개 request의 p99 TTFT: 0.5703 초 | 
2025-11-20 18:42:39,757 - INFO - [실시간] 요청 182000개 처리 | 현재까지의 RPS: 621.36최근 1000개 request의 p99 TTFT: 0.2266 초 | 
2025-11-20 18:42:41,358 - INFO - [실시간] 요청 183000개 처리 | 현재까지의 RPS: 621.38최근 1000개 request의 p99 TTFT: 0.4552 초 | 
2025-11-20 18:42:42,976 - INFO - [실시간] 요청 184000개 처리 | 현재까지의 RPS: 621.36최근 1000개 request의 p99 TTFT: 1.0031 초 | 
2025-11-20 18:42:44,247 - INFO - [실시간] 요청 185000개 처리 | 현재까지의 RPS: 622.07최근 1000개 request의 p99 TTFT: 0.9673 초 | 
2025-11-20 18:42:45,755 - INFO - [실시간] 요청 186000개 처리 | 현재까지의 RPS: 622.27최근 1000개 request의 p99 TTFT: 0.3588 초 | 
2025-11-20 18:42:47,233 - INFO - [실시간] 요청 187000개 처리 | 현재까지의 RPS: 622.54최근 1000개 request의 p99 TTFT: 0.2169 초 | 
2025-11-20 18:42:48,759 - INFO - [실시간] 요청 188000개 처리 | 현재까지의 RPS: 622.71최근 1000개 request의 p99 TTFT: 0.4478 초 | 
2025-11-20 18:42:50,468 - INFO - [실시간] 요청 189000개 처리 | 현재까지의 RPS: 622.50최근 1000개 request의 p99 TTFT: 0.8468 초 | 
2025-11-20 18:42:51,718 - INFO - [실시간] 요청 190000개 처리 | 현재까지의 RPS: 623.22최근 1000개 request의 p99 TTFT: 1.1945 초 | 
2025-11-20 18:42:53,165 - INFO - [실시간] 요청 191000개 처리 | 현재까지의 RPS: 623.54최근 1000개 request의 p99 TTFT: 0.7704 초 | 
2025-11-20 18:42:54,671 - INFO - [실시간] 요청 192000개 처리 | 현재까지의 RPS: 623.74최근 1000개 request의 p99 TTFT: 0.2639 초 | 
2025-11-20 18:42:56,231 - INFO - [실시간] 요청 193000개 처리 | 현재까지의 RPS: 623.83최근 1000개 request의 p99 TTFT: 0.3530 초 | 
2025-11-20 18:42:58,094 - INFO - [실시간] 요청 194000개 처리 | 현재까지의 RPS: 623.31최근 1000개 request의 p99 TTFT: 0.7371 초 | 
2025-11-20 18:42:59,388 - INFO - [실시간] 요청 195000개 처리 | 현재까지의 RPS: 623.93최근 1000개 request의 p99 TTFT: 1.4569 초 | 
2025-11-20 18:43:00,752 - INFO - [실시간] 요청 196000개 처리 | 현재까지의 RPS: 624.40최근 1000개 request의 p99 TTFT: 1.4973 초 | 
2025-11-20 18:43:02,121 - INFO - [실시간] 요청 197000개 처리 | 현재까지의 RPS: 624.86최근 1000개 request의 p99 TTFT: 0.6689 초 | 
2025-11-20 18:43:03,541 - INFO - [실시간] 요청 198000개 처리 | 현재까지의 RPS: 625.22최근 1000개 request의 p99 TTFT: 0.2106 초 | 
2025-11-20 18:43:05,330 - INFO - [실시간] 요청 199000개 처리 | 현재까지의 RPS: 624.85최근 1000개 request의 p99 TTFT: 0.6585 초 | 
2025-11-20 18:43:06,656 - INFO - [실시간] 요청 200000개 처리 | 현재까지의 RPS: 625.38최근 1000개 request의 p99 TTFT: 1.2598 초 | 
2025-11-20 18:43:07,977 - INFO - [실시간] 요청 201000개 처리 | 현재까지의 RPS: 625.92최근 1000개 request의 p99 TTFT: 1.1939 초 | 
2025-11-20 18:43:09,384 - INFO - [실시간] 요청 202000개 처리 | 현재까지의 RPS: 626.29최근 1000개 request의 p99 TTFT: 0.5493 초 | 
2025-11-20 18:43:11,205 - INFO - [실시간] 요청 203000개 처리 | 현재까지의 RPS: 625.86최근 1000개 request의 p99 TTFT: 0.2666 초 | 
2025-11-20 18:43:12,679 - INFO - [실시간] 요청 204000개 처리 | 현재까지의 RPS: 626.10최근 1000개 request의 p99 TTFT: 0.6681 초 | 
2025-11-20 18:43:13,970 - INFO - [실시간] 요청 205000개 처리 | 현재까지의 RPS: 626.68최근 1000개 request의 p99 TTFT: 1.2714 초 | 
2025-11-20 18:43:15,285 - INFO - [실시간] 요청 206000개 처리 | 현재까지의 RPS: 627.22최근 1000개 request의 p99 TTFT: 0.8646 초 | 
2025-11-20 18:43:16,610 - INFO - [실시간] 요청 207000개 처리 | 현재까지의 RPS: 627.73최근 1000개 request의 p99 TTFT: 0.4770 초 | 
통계에 반영된 요청 인덱스 범위: 0 ~ 207848 (총 207848개 요청)
통계 반영된 요청 수: 207848, 통계 반영된 시간: 364.88 초

==================================================
 실험 최종 결과 요약
==================================================
 설정 실험 시간: 330 초
 Clients 수: 8000
 통계 반영 시간: 364.88 초
 총 시도된 요청: 213783 개
 총 완료된 요청: 207848 개
 총 실패한 요청: 5935 개
 완료 요청 중 retrieval이 실패한 요청: 0 개
 요청 성공률: 97.22%
 전체 Requests Per Second (RPS): 569.63
--------------------------------------------------
 Time to First Token (TTFT) Latency:
  - 평균 (Mean): 0.1691 초
  - 중간값 (50%ile): 0.1272 초
  - 최소값 (Min): 0.0184 초
  - 최대값 (Max): 2.2119 초
  - 95%ile Tail: 0.4760 초
  - 99%ile Tail: 0.8707 초
--------------------------------------------------
 Time Per Output Token (TPOT):
  - 평균 (Mean): 16.97 ms/token
--------------------------------------------------
 Embedding Latency:
  - 총 샘플 수: 207826
  - 평균 (Mean): 9.15 ms
  - 중간값 (50%ile): 7.00 ms
  - 95%ile Tail: 21.00 ms
  - 99%ile Tail: 58.00 ms
--------------------------------------------------
 VectorDB Search Latency:
  - 총 샘플 수: 207826
  - 평균 (Mean): 72.22 ms
  - 중간값 (50%ile): 31.00 ms
  - 95%ile Tail: 287.00 ms
  - 99%ile Tail: 691.00 ms
--------------------------------------------------
 Document Search Latency:
  - 총 샘플 수: 207826
  - 평균 (Mean): 16.61 ms
  - 중간값 (50%ile): 7.00 ms
  - 95%ile Tail: 57.00 ms
  - 99%ile Tail: 121.00 ms
--------------------------------------------------
 Total Retrieval Latency:
  - 총 샘플 수: 207848
  - 평균 (Mean): 97.98 ms
  - 중간값 (50%ile): 50.00 ms
  - 95%ile Tail: 370.00 ms
  - 99%ile Tail: 782.00 ms
==================================================
