2025-11-20 18:43:53,231 - INFO - ReqGen 시작: 서버=163.152.48.109:9000, 클라이언트=8500, 시간=330초
2025-11-20 18:43:53,231 - INFO - Hugging Face에서 'kroshan/BioASQ' 데이터셋을 로드합니다...
2025-11-20 18:43:58,816 - INFO - 3266개의 질문을 로드했습니다.
2025-11-20 18:43:58,817 - INFO - 부하 테스트 시작, client 수 = 8500
2025-11-20 18:43:58,817 - INFO - Zipf 값 1.2에서 상위 20%의 질문이 차지하는 비율: 91.82%
2025-11-20 18:44:03,566 - INFO - [실시간] 요청 1000개 처리 | 현재까지의 RPS: 210.59최근 1000개 request의 p99 TTFT: 0.2319 초 | 
2025-11-20 18:44:06,088 - INFO - [실시간] 요청 2000개 처리 | 현재까지의 RPS: 275.07최근 1000개 request의 p99 TTFT: 0.3513 초 | 
2025-11-20 18:44:08,284 - INFO - [실시간] 요청 3000개 처리 | 현재까지의 RPS: 316.87최근 1000개 request의 p99 TTFT: 0.3849 초 | 
2025-11-20 18:44:10,459 - INFO - [실시간] 요청 4000개 처리 | 현재까지의 RPS: 343.58최근 1000개 request의 p99 TTFT: 0.6176 초 | 
2025-11-20 18:44:12,310 - INFO - [실시간] 요청 5000개 처리 | 현재까지의 RPS: 370.56최근 1000개 request의 p99 TTFT: 0.6454 초 | 
2025-11-20 18:44:14,409 - INFO - [실시간] 요청 6000개 처리 | 현재까지의 RPS: 384.81최근 1000개 request의 p99 TTFT: 0.8248 초 | 
2025-11-20 18:44:15,997 - INFO - [실시간] 요청 7000개 처리 | 현재까지의 RPS: 407.45최근 1000개 request의 p99 TTFT: 1.1584 초 | 
2025-11-20 18:44:17,705 - INFO - [실시간] 요청 8000개 처리 | 현재까지의 RPS: 423.57최근 1000개 request의 p99 TTFT: 0.7176 초 | 
2025-11-20 18:44:19,227 - INFO - [실시간] 요청 9000개 처리 | 현재까지의 RPS: 440.95최근 1000개 request의 p99 TTFT: 0.6858 초 | 
2025-11-20 18:44:20,974 - INFO - [실시간] 요청 10000개 처리 | 현재까지의 RPS: 451.33최근 1000개 request의 p99 TTFT: 0.8050 초 | 
2025-11-20 18:44:22,980 - INFO - [실시간] 요청 11000개 처리 | 현재까지의 RPS: 455.24최근 1000개 request의 p99 TTFT: 0.6935 초 | 
2025-11-20 18:44:25,015 - INFO - [실시간] 요청 12000개 처리 | 현재까지의 RPS: 458.06최근 1000개 request의 p99 TTFT: 0.2653 초 | 
2025-11-20 18:44:26,915 - INFO - [실시간] 요청 13000개 처리 | 현재까지의 RPS: 462.67최근 1000개 request의 p99 TTFT: 0.4414 초 | 
2025-11-20 18:44:28,829 - INFO - [실시간] 요청 14000개 처리 | 현재까지의 RPS: 466.48최근 1000개 request의 p99 TTFT: 0.3640 초 | 
2025-11-20 18:44:30,808 - INFO - [실시간] 요청 15000개 처리 | 현재까지의 RPS: 468.89최근 1000개 request의 p99 TTFT: 0.5206 초 | 
2025-11-20 18:44:32,600 - INFO - [실시간] 요청 16000개 처리 | 현재까지의 RPS: 473.61최근 1000개 request의 p99 TTFT: 0.3522 초 | 
2025-11-20 18:44:34,366 - INFO - [실시간] 요청 17000개 처리 | 현재까지의 RPS: 478.21최근 1000개 request의 p99 TTFT: 0.4929 초 | 
2025-11-20 18:44:36,198 - INFO - [실시간] 요청 18000개 처리 | 현재까지의 RPS: 481.53최근 1000개 request의 p99 TTFT: 0.4326 초 | 
2025-11-20 18:44:37,998 - INFO - [실시간] 요청 19000개 처리 | 현재까지의 RPS: 484.92최근 1000개 request의 p99 TTFT: 0.4559 초 | 
2025-11-20 18:44:40,064 - INFO - [실시간] 요청 20000개 처리 | 현재까지의 RPS: 484.88최근 1000개 request의 p99 TTFT: 0.6584 초 | 
2025-11-20 18:44:41,889 - INFO - [실시간] 요청 21000개 처리 | 현재까지의 RPS: 487.55최근 1000개 request의 p99 TTFT: 0.7106 초 | 
2025-11-20 18:44:43,854 - INFO - [실시간] 요청 22000개 처리 | 현재까지의 RPS: 488.49최근 1000개 request의 p99 TTFT: 0.2581 초 | 
2025-11-20 18:44:45,822 - INFO - [실시간] 요청 23000개 처리 | 현재까지의 RPS: 489.31최근 1000개 request의 p99 TTFT: 0.4087 초 | 
2025-11-20 18:44:47,711 - INFO - [실시간] 요청 24000개 처리 | 현재까지의 RPS: 490.85최근 1000개 request의 p99 TTFT: 0.5143 초 | 
2025-11-20 18:44:49,639 - INFO - [실시간] 요청 25000개 처리 | 현재까지의 RPS: 491.91최근 1000개 request의 p99 TTFT: 0.4037 초 | 
2025-11-20 18:44:51,585 - INFO - [실시간] 요청 26000개 처리 | 현재까지의 RPS: 492.72최근 1000개 request의 p99 TTFT: 0.6992 초 | 
2025-11-20 18:44:53,509 - INFO - [실시간] 요청 27000개 처리 | 현재까지의 RPS: 493.68최근 1000개 request의 p99 TTFT: 0.5640 초 | 
2025-11-20 18:44:55,399 - INFO - [실시간] 요청 28000개 처리 | 현재까지의 RPS: 494.85최근 1000개 request의 p99 TTFT: 0.5026 초 | 
2025-11-20 18:44:57,311 - INFO - [실시간] 요청 29000개 처리 | 현재까지의 RPS: 495.78최근 1000개 request의 p99 TTFT: 0.2240 초 | 
2025-11-20 18:44:59,512 - INFO - [실시간] 요청 30000개 처리 | 현재까지의 RPS: 494.28최근 1000개 request의 p99 TTFT: 0.2317 초 | 
2025-11-20 18:45:01,130 - INFO - [실시간] 요청 31000개 처리 | 현재까지의 RPS: 497.49최근 1000개 request의 p99 TTFT: 0.7545 초 | 
2025-11-20 18:45:02,617 - INFO - [실시간] 요청 32000개 처리 | 현재까지의 RPS: 501.56최근 1000개 request의 p99 TTFT: 0.7984 초 | 
2025-11-20 18:45:04,159 - INFO - [실시간] 요청 33000개 처리 | 현재까지의 RPS: 505.04최근 1000개 request의 p99 TTFT: 0.2590 초 | 
2025-11-20 18:45:05,715 - INFO - [실시간] 요청 34000개 처리 | 현재까지의 RPS: 508.23최근 1000개 request의 p99 TTFT: 0.2322 초 | 
2025-11-20 18:45:07,393 - INFO - [실시간] 요청 35000개 처리 | 현재까지의 RPS: 510.38최근 1000개 request의 p99 TTFT: 0.5327 초 | 
2025-11-20 18:45:09,075 - INFO - [실시간] 요청 36000개 처리 | 현재까지의 RPS: 512.40최근 1000개 request의 p99 TTFT: 0.6791 초 | 
2025-11-20 18:45:10,666 - INFO - [실시간] 요청 37000개 처리 | 현재까지의 RPS: 514.97최근 1000개 request의 p99 TTFT: 0.5612 초 | 
2025-11-20 18:45:12,186 - INFO - [실시간] 요청 38000개 처리 | 현재까지의 RPS: 517.93최근 1000개 request의 p99 TTFT: 0.4838 초 | 
2025-11-20 18:45:14,066 - INFO - [실시간] 요청 39000개 처리 | 현재까지의 RPS: 518.28최근 1000개 request의 p99 TTFT: 0.3174 초 | 
2025-11-20 18:45:15,510 - INFO - [실시간] 요청 40000개 처리 | 현재까지의 RPS: 521.56최근 1000개 request의 p99 TTFT: 0.6464 초 | 
2025-11-20 18:45:16,964 - INFO - [실시간] 요청 41000개 처리 | 현재까지의 RPS: 524.65최근 1000개 request의 p99 TTFT: 0.7304 초 | 
2025-11-20 18:45:18,336 - INFO - [실시간] 요청 42000개 처리 | 현재까지의 RPS: 528.17최근 1000개 request의 p99 TTFT: 0.5812 초 | 
2025-11-20 18:45:19,725 - INFO - [실시간] 요청 43000개 처리 | 현재까지의 RPS: 531.47최근 1000개 request의 p99 TTFT: 0.3807 초 | 
2025-11-20 18:45:21,620 - INFO - [실시간] 요청 44000개 처리 | 현재까지의 RPS: 531.38최근 1000개 request의 p99 TTFT: 0.7880 초 | 
2025-11-20 18:45:23,021 - INFO - [실시간] 요청 45000개 처리 | 현재까지의 RPS: 534.42최근 1000개 request의 p99 TTFT: 1.0402 초 | 
2025-11-20 18:45:24,563 - INFO - [실시간] 요청 46000개 처리 | 현재까지의 RPS: 536.47최근 1000개 request의 p99 TTFT: 0.3786 초 | 
2025-11-20 18:45:26,238 - INFO - [실시간] 요청 47000개 처리 | 현재까지의 RPS: 537.63최근 1000개 request의 p99 TTFT: 0.2139 초 | 
2025-11-20 18:45:27,820 - INFO - [실시간] 요청 48000개 처리 | 현재까지의 RPS: 539.31최근 1000개 request의 p99 TTFT: 0.3939 초 | 
2025-11-20 18:45:29,581 - INFO - [실시간] 요청 49000개 처리 | 현재까지의 RPS: 539.86최근 1000개 request의 p99 TTFT: 0.4688 초 | 
2025-11-20 18:45:31,143 - INFO - [실시간] 요청 50000개 처리 | 현재까지의 RPS: 541.56최근 1000개 request의 p99 TTFT: 1.0949 초 | 
2025-11-20 18:45:32,610 - INFO - [실시간] 요청 51000개 처리 | 현재까지의 RPS: 543.75최근 1000개 request의 p99 TTFT: 0.9332 초 | 
2025-11-20 18:45:34,231 - INFO - [실시간] 요청 52000개 처리 | 현재까지의 RPS: 545.00최근 1000개 request의 p99 TTFT: 0.2975 초 | 
2025-11-20 18:45:35,782 - INFO - [실시간] 요청 53000개 처리 | 현재까지의 RPS: 546.59최근 1000개 request의 p99 TTFT: 0.4791 초 | 
2025-11-20 18:45:37,546 - INFO - [실시간] 요청 54000개 처리 | 현재까지의 RPS: 546.95최근 1000개 request의 p99 TTFT: 0.5665 초 | 
2025-11-20 18:45:39,053 - INFO - [실시간] 요청 55000개 처리 | 현재까지의 RPS: 548.70최근 1000개 request의 p99 TTFT: 1.1228 초 | 
2025-11-20 18:45:40,664 - INFO - [실시간] 요청 56000개 처리 | 현재까지의 RPS: 549.84최근 1000개 request의 p99 TTFT: 0.7273 초 | 
2025-11-20 18:45:42,146 - INFO - [실시간] 요청 57000개 처리 | 현재까지의 RPS: 551.63최근 1000개 request의 p99 TTFT: 0.4687 초 | 
2025-11-20 18:45:43,625 - INFO - [실시간] 요청 58000개 처리 | 현재까지의 RPS: 553.39최근 1000개 request의 p99 TTFT: 0.4560 초 | 
2025-11-20 18:45:45,323 - INFO - [실시간] 요청 59000개 처리 | 현재까지의 RPS: 553.96최근 1000개 request의 p99 TTFT: 0.4196 초 | 
2025-11-20 18:45:46,987 - INFO - [실시간] 요청 60000개 처리 | 현재까지의 RPS: 554.68최근 1000개 request의 p99 TTFT: 0.8561 초 | 
2025-11-20 18:45:48,428 - INFO - [실시간] 요청 61000개 처리 | 현재까지의 RPS: 556.51최근 1000개 request의 p99 TTFT: 0.8466 초 | 
2025-11-20 18:45:49,948 - INFO - [실시간] 요청 62000개 처리 | 현재까지의 RPS: 557.90최근 1000개 request의 p99 TTFT: 0.2193 초 | 
2025-11-20 18:45:51,423 - INFO - [실시간] 요청 63000개 처리 | 현재까지의 RPS: 559.47최근 1000개 request의 p99 TTFT: 0.4534 초 | 
2025-11-20 18:45:52,905 - INFO - [실시간] 요청 64000개 처리 | 현재까지의 RPS: 560.97최근 1000개 request의 p99 TTFT: 0.5090 초 | 
2025-11-20 18:45:54,819 - INFO - [실시간] 요청 65000개 처리 | 현재까지의 RPS: 560.33최근 1000개 request의 p99 TTFT: 0.8002 초 | 
2025-11-20 18:45:56,162 - INFO - [실시간] 요청 66000개 처리 | 현재까지의 RPS: 562.44최근 1000개 request의 p99 TTFT: 1.1244 초 | 
2025-11-20 18:45:57,762 - INFO - [실시간] 요청 67000개 처리 | 현재까지의 RPS: 563.28최근 1000개 request의 p99 TTFT: 0.7210 초 | 
2025-11-20 18:45:59,338 - INFO - [실시간] 요청 68000개 처리 | 현재까지의 RPS: 564.22최근 1000개 request의 p99 TTFT: 0.4149 초 | 
2025-11-20 18:46:00,903 - INFO - [실시간] 요청 69000개 처리 | 현재까지의 RPS: 565.17최근 1000개 request의 p99 TTFT: 0.6663 초 | 
2025-11-20 18:46:02,433 - INFO - [실시간] 요청 70000개 처리 | 현재까지의 RPS: 566.27최근 1000개 request의 p99 TTFT: 0.8692 초 | 
2025-11-20 18:46:03,887 - INFO - [실시간] 요청 71000개 처리 | 현재까지의 RPS: 567.68최근 1000개 request의 p99 TTFT: 0.8348 초 | 
2025-11-20 18:46:05,461 - INFO - [실시간] 요청 72000개 처리 | 현재까지의 RPS: 568.52최근 1000개 request의 p99 TTFT: 0.4880 초 | 
2025-11-20 18:46:06,965 - INFO - [실시간] 요청 73000개 처리 | 현재까지의 RPS: 569.65최근 1000개 request의 p99 TTFT: 0.4137 초 | 
2025-11-20 18:46:08,527 - INFO - [실시간] 요청 74000개 처리 | 현재까지의 RPS: 570.50최근 1000개 request의 p99 TTFT: 0.5720 초 | 
2025-11-20 18:46:10,209 - INFO - [실시간] 요청 75000개 처리 | 현재까지의 RPS: 570.81최근 1000개 request의 p99 TTFT: 1.0700 초 | 
2025-11-20 18:46:11,639 - INFO - [실시간] 요청 76000개 처리 | 현재까지의 RPS: 572.20최근 1000개 request의 p99 TTFT: 1.1439 초 | 
2025-11-20 18:46:13,069 - INFO - [실시간] 요청 77000개 처리 | 현재까지의 RPS: 573.55최근 1000개 request의 p99 TTFT: 0.5783 초 | 
2025-11-20 18:46:14,534 - INFO - [실시간] 요청 78000개 처리 | 현재까지의 RPS: 574.72최근 1000개 request의 p99 TTFT: 0.4851 초 | 
2025-11-20 18:46:15,977 - INFO - [실시간] 요청 79000개 처리 | 현재까지의 RPS: 575.97최근 1000개 request의 p99 TTFT: 0.7253 초 | 
2025-11-20 18:46:17,421 - INFO - [실시간] 요청 80000개 처리 | 현재까지의 RPS: 577.18최근 1000개 request의 p99 TTFT: 1.2145 초 | 
2025-11-20 18:46:18,818 - INFO - [실시간] 요청 81000개 처리 | 현재까지의 RPS: 578.57최근 1000개 request의 p99 TTFT: 1.3830 초 | 
2025-11-20 18:46:20,162 - INFO - [실시간] 요청 82000개 처리 | 현재까지의 RPS: 580.14최근 1000개 request의 p99 TTFT: 1.0231 초 | 
2025-11-20 18:46:21,605 - INFO - [실시간] 요청 83000개 처리 | 현재까지의 RPS: 581.28최근 1000개 request의 p99 TTFT: 1.0716 초 | 
2025-11-20 18:46:23,266 - INFO - [실시간] 요청 84000개 처리 | 현재까지의 RPS: 581.52최근 1000개 request의 p99 TTFT: 1.0900 초 | 
2025-11-20 18:46:24,564 - INFO - [실시간] 요청 85000개 처리 | 현재까지의 RPS: 583.20최근 1000개 request의 p99 TTFT: 1.1611 초 | 
2025-11-20 18:46:26,007 - INFO - [실시간] 요청 86000개 처리 | 현재까지의 RPS: 584.28최근 1000개 request의 p99 TTFT: 0.7691 초 | 
2025-11-20 18:46:27,409 - INFO - [실시간] 요청 87000개 처리 | 현재까지의 RPS: 585.49최근 1000개 request의 p99 TTFT: 0.4362 초 | 
2025-11-20 18:46:29,007 - INFO - [실시간] 요청 88000개 처리 | 현재까지의 RPS: 585.93최근 1000개 request의 p99 TTFT: 0.4438 초 | 
2025-11-20 18:46:30,596 - INFO - [실시간] 요청 89000개 처리 | 현재까지의 RPS: 586.38최근 1000개 request의 p99 TTFT: 1.1435 초 | 
2025-11-20 18:46:31,911 - INFO - [실시간] 요청 90000개 처리 | 현재까지의 RPS: 587.87최근 1000개 request의 p99 TTFT: 1.3555 초 | 
2025-11-20 18:46:33,270 - INFO - [실시간] 요청 91000개 처리 | 현재까지의 RPS: 589.18최근 1000개 request의 p99 TTFT: 0.9206 초 | 
2025-11-20 18:46:34,680 - INFO - [실시간] 요청 92000개 처리 | 현재까지의 RPS: 590.26최근 1000개 request의 p99 TTFT: 0.4773 초 | 
2025-11-20 18:46:36,143 - INFO - [실시간] 요청 93000개 처리 | 현재까지의 RPS: 591.13최근 1000개 request의 p99 TTFT: 0.5724 초 | 
2025-11-20 18:46:37,721 - INFO - [실시간] 요청 94000개 처리 | 현재까지의 RPS: 591.55최근 1000개 request의 p99 TTFT: 0.9072 초 | 
2025-11-20 18:46:39,061 - INFO - [실시간] 요청 95000개 처리 | 현재까지의 RPS: 592.84최근 1000개 request의 p99 TTFT: 1.2023 초 | 
2025-11-20 18:46:40,406 - INFO - [실시간] 요청 96000개 처리 | 현재까지의 RPS: 594.10최근 1000개 request의 p99 TTFT: 0.7771 초 | 
2025-11-20 18:46:41,874 - INFO - [실시간] 요청 97000개 처리 | 현재까지의 RPS: 594.88최근 1000개 request의 p99 TTFT: 0.3226 초 | 
2025-11-20 18:46:43,304 - INFO - [실시간] 요청 98000개 처리 | 현재까지의 RPS: 595.79최근 1000개 request의 p99 TTFT: 0.5462 초 | 
2025-11-20 18:46:45,034 - INFO - [실시간] 요청 99000개 처리 | 현재까지의 RPS: 595.61최근 1000개 request의 p99 TTFT: 0.6518 초 | 
2025-11-20 18:46:46,421 - INFO - [실시간] 요청 100000개 처리 | 현재까지의 RPS: 596.64최근 1000개 request의 p99 TTFT: 1.1238 초 | 
2025-11-20 18:46:47,774 - INFO - [실시간] 요청 101000개 처리 | 현재까지의 RPS: 597.78최근 1000개 request의 p99 TTFT: 1.1640 초 | 
2025-11-20 18:46:49,200 - INFO - [실시간] 요청 102000개 처리 | 현재까지의 RPS: 598.65최근 1000개 request의 p99 TTFT: 0.5063 초 | 
2025-11-20 18:46:50,688 - INFO - [실시간] 요청 103000개 처리 | 현재까지의 RPS: 599.29최근 1000개 request의 p99 TTFT: 0.4670 초 | 
2025-11-20 18:46:52,206 - INFO - [실시간] 요청 104000개 처리 | 현재까지의 RPS: 599.81최근 1000개 request의 p99 TTFT: 0.5313 초 | 
2025-11-20 18:46:53,734 - INFO - [실시간] 요청 105000개 처리 | 현재까지의 RPS: 600.28최근 1000개 request의 p99 TTFT: 1.0648 초 | 
2025-11-20 18:46:55,115 - INFO - [실시간] 요청 106000개 처리 | 현재까지의 RPS: 601.25최근 1000개 request의 p99 TTFT: 1.3686 초 | 
2025-11-20 18:46:56,430 - INFO - [실시간] 요청 107000개 처리 | 현재까지의 RPS: 602.43최근 1000개 request의 p99 TTFT: 1.0573 초 | 
2025-11-20 18:46:57,916 - INFO - [실시간] 요청 108000개 처리 | 현재까지의 RPS: 603.02최근 1000개 request의 p99 TTFT: 0.6134 초 | 
2025-11-20 18:46:59,465 - INFO - [실시간] 요청 109000개 처리 | 현재까지의 RPS: 603.38최근 1000개 request의 p99 TTFT: 0.4943 초 | 
2025-11-20 18:47:01,151 - INFO - [실시간] 요청 110000개 처리 | 현재까지의 RPS: 603.29최근 1000개 request의 p99 TTFT: 1.1472 초 | 
2025-11-20 18:47:02,449 - INFO - [실시간] 요청 111000개 처리 | 현재까지의 RPS: 604.47최근 1000개 request의 p99 TTFT: 1.3780 초 | 
2025-11-20 18:47:03,802 - INFO - [실시간] 요청 112000개 처리 | 현재까지의 RPS: 605.45최근 1000개 request의 p99 TTFT: 1.3582 초 | 
2025-11-20 18:47:05,324 - INFO - [실시간] 요청 113000개 처리 | 현재까지의 RPS: 605.87최근 1000개 request의 p99 TTFT: 1.0322 초 | 
2025-11-20 18:47:06,879 - INFO - [실시간] 요청 114000개 처리 | 현재까지의 RPS: 606.18최근 1000개 request의 p99 TTFT: 0.8493 초 | 
2025-11-20 18:47:08,269 - INFO - [실시간] 요청 115000개 처리 | 현재까지의 RPS: 607.01최근 1000개 request의 p99 TTFT: 1.3249 초 | 
2025-11-20 18:47:09,579 - INFO - [실시간] 요청 116000개 처리 | 현재까지의 RPS: 608.09최근 1000개 request의 p99 TTFT: 1.2415 초 | 
2025-11-20 18:47:10,980 - INFO - [실시간] 요청 117000개 처리 | 현재까지의 RPS: 608.86최근 1000개 request의 p99 TTFT: 0.6892 초 | 
2025-11-20 18:47:12,545 - INFO - [실시간] 요청 118000개 처리 | 현재까지의 RPS: 609.10최근 1000개 request의 p99 TTFT: 0.4465 초 | 
2025-11-20 18:47:14,084 - INFO - [실시간] 요청 119000개 처리 | 현재까지의 RPS: 609.42최근 1000개 request의 p99 TTFT: 0.6938 초 | 
2025-11-20 18:47:15,366 - INFO - [실시간] 요청 120000개 처리 | 현재까지의 RPS: 610.54최근 1000개 request의 p99 TTFT: 1.2351 초 | 
2025-11-20 18:47:16,755 - INFO - [실시간] 요청 121000개 처리 | 현재까지의 RPS: 611.30최근 1000개 request의 p99 TTFT: 1.4455 초 | 
2025-11-20 18:47:18,088 - INFO - [실시간] 요청 122000개 처리 | 현재까지의 RPS: 612.23최근 1000개 request의 p99 TTFT: 1.9067 초 | 
2025-11-20 18:47:19,800 - INFO - [실시간] 요청 123000개 처리 | 현재까지의 RPS: 611.99최근 1000개 request의 p99 TTFT: 1.7676 초 | 
2025-11-20 18:47:21,030 - INFO - [실시간] 요청 124000개 처리 | 현재까지의 RPS: 613.21최근 1000개 request의 p99 TTFT: 1.5638 초 | 
2025-11-20 18:47:22,380 - INFO - [실시간] 요청 125000개 처리 | 현재까지의 RPS: 614.06최근 1000개 request의 p99 TTFT: 1.4011 초 | 
2025-11-20 18:47:23,737 - INFO - [실시간] 요청 126000개 처리 | 현재까지의 RPS: 614.87최근 1000개 request의 p99 TTFT: 1.4224 초 | 
2025-11-20 18:47:24,986 - INFO - [실시간] 요청 127000개 처리 | 현재까지의 RPS: 616.00최근 1000개 request의 p99 TTFT: 1.2578 초 | 
2025-11-20 18:47:26,673 - INFO - [실시간] 요청 128000개 처리 | 현재까지의 RPS: 615.81최근 1000개 request의 p99 TTFT: 0.9117 초 | 
2025-11-20 18:47:28,000 - INFO - [실시간] 요청 129000개 처리 | 현재까지의 RPS: 616.68최근 1000개 request의 p99 TTFT: 0.6196 초 | 
2025-11-20 18:47:29,341 - INFO - [실시간] 요청 130000개 처리 | 현재까지의 RPS: 617.51최근 1000개 request의 p99 TTFT: 1.4956 초 | 
2025-11-20 18:47:30,698 - INFO - [실시간] 요청 131000개 처리 | 현재까지의 RPS: 618.27최근 1000개 request의 p99 TTFT: 1.5255 초 | 
2025-11-20 18:47:32,046 - INFO - [실시간] 요청 132000개 처리 | 현재까지의 RPS: 619.05최근 1000개 request의 p99 TTFT: 1.4354 초 | 
2025-11-20 18:47:33,351 - INFO - [실시간] 요청 133000개 처리 | 현재까지의 RPS: 619.95최근 1000개 request의 p99 TTFT: 1.5615 초 | 
2025-11-20 18:47:34,940 - INFO - [실시간] 요청 134000개 처리 | 현재까지의 RPS: 620.02최근 1000개 request의 p99 TTFT: 1.4517 초 | 
2025-11-20 18:47:36,325 - INFO - [실시간] 요청 135000개 처리 | 현재까지의 RPS: 620.67최근 1000개 request의 p99 TTFT: 1.1740 초 | 
2025-11-20 18:47:37,756 - INFO - [실시간] 요청 136000개 처리 | 현재까지의 RPS: 621.18최근 1000개 request의 p99 TTFT: 1.7600 초 | 
2025-11-20 18:47:39,042 - INFO - [실시간] 요청 137000개 처리 | 현재까지의 RPS: 622.09최근 1000개 request의 p99 TTFT: 1.7218 초 | 
2025-11-20 18:47:40,567 - INFO - [실시간] 요청 138000개 처리 | 현재까지의 RPS: 622.32최근 1000개 request의 p99 TTFT: 1.7477 초 | 
2025-11-20 18:47:42,069 - INFO - [실시간] 요청 139000개 처리 | 현재까지의 RPS: 622.61최근 1000개 request의 p99 TTFT: 1.6101 초 | 
2025-11-20 18:47:43,384 - INFO - [실시간] 요청 140000개 처리 | 현재까지의 RPS: 623.42최근 1000개 request의 p99 TTFT: 1.4701 초 | 
2025-11-20 18:47:44,713 - INFO - [실시간] 요청 141000개 처리 | 현재까지의 RPS: 624.18최근 1000개 request의 p99 TTFT: 1.5672 초 | 
2025-11-20 18:47:46,089 - INFO - [실시간] 요청 142000개 처리 | 현재까지의 RPS: 624.80최근 1000개 request의 p99 TTFT: 1.1130 초 | 
2025-11-20 18:47:47,634 - INFO - [실시간] 요청 143000개 처리 | 현재까지의 RPS: 624.95최근 1000개 request의 p99 TTFT: 0.7446 초 | 
2025-11-20 18:47:49,105 - INFO - [실시간] 요청 144000개 처리 | 현재까지의 RPS: 625.30최근 1000개 request의 p99 TTFT: 1.3462 초 | 
2025-11-20 18:47:50,460 - INFO - [실시간] 요청 145000개 처리 | 현재까지의 RPS: 625.96최근 1000개 request의 p99 TTFT: 1.5433 초 | 
2025-11-20 18:47:51,795 - INFO - [실시간] 요청 146000개 처리 | 현재까지의 RPS: 626.67최근 1000개 request의 p99 TTFT: 1.5025 초 | 
2025-11-20 18:47:53,147 - INFO - [실시간] 요청 147000개 처리 | 현재까지의 RPS: 627.32최근 1000개 request의 p99 TTFT: 1.1943 초 | 
2025-11-20 18:47:54,808 - INFO - [실시간] 요청 148000개 처리 | 현재까지의 RPS: 627.14최근 1000개 request의 p99 TTFT: 0.6904 초 | 
2025-11-20 18:47:56,285 - INFO - [실시간] 요청 149000개 처리 | 현재까지의 RPS: 627.45최근 1000개 request의 p99 TTFT: 1.4508 초 | 
2025-11-20 18:47:57,594 - INFO - [실시간] 요청 150000개 처리 | 현재까지의 RPS: 628.20최근 1000개 request의 p99 TTFT: 1.4806 초 | 
2025-11-20 18:47:58,934 - INFO - [실시간] 요청 151000개 처리 | 현재까지의 RPS: 628.86최근 1000개 request의 p99 TTFT: 1.1071 초 | 
2025-11-20 18:48:00,444 - INFO - [실시간] 요청 152000개 처리 | 현재까지의 RPS: 629.07최근 1000개 request의 p99 TTFT: 0.9226 초 | 
2025-11-20 18:48:02,059 - INFO - [실시간] 요청 153000개 처리 | 현재까지의 RPS: 629.00최근 1000개 request의 p99 TTFT: 1.3731 초 | 
2025-11-20 18:48:03,419 - INFO - [실시간] 요청 154000개 처리 | 현재까지의 RPS: 629.59최근 1000개 request의 p99 TTFT: 1.8778 초 | 
2025-11-20 18:48:04,721 - INFO - [실시간] 요청 155000개 처리 | 현재까지의 RPS: 630.33최근 1000개 request의 p99 TTFT: 1.8973 초 | 
2025-11-20 18:48:06,225 - INFO - [실시간] 요청 156000개 처리 | 현재까지의 RPS: 630.54최근 1000개 request의 p99 TTFT: 1.4255 초 | 
2025-11-20 18:48:07,921 - INFO - [실시간] 요청 157000개 처리 | 현재까지의 RPS: 630.26최근 1000개 request의 p99 TTFT: 1.1925 초 | 
2025-11-20 18:48:09,210 - INFO - [실시간] 요청 158000개 처리 | 현재까지의 RPS: 631.01최근 1000개 request의 p99 TTFT: 1.4775 초 | 
2025-11-20 18:48:10,626 - INFO - [실시간] 요청 159000개 처리 | 현재까지의 RPS: 631.43최근 1000개 request의 p99 TTFT: 1.3687 초 | 
2025-11-20 18:48:11,984 - INFO - [실시간] 요청 160000개 처리 | 현재까지의 RPS: 631.99최근 1000개 request의 p99 TTFT: 0.6900 초 | 
2025-11-20 18:48:13,718 - INFO - [실시간] 요청 161000개 처리 | 현재까지의 RPS: 631.62최근 1000개 request의 p99 TTFT: 0.5587 초 | 
2025-11-20 18:48:15,187 - INFO - [실시간] 요청 162000개 처리 | 현재까지의 RPS: 631.90최근 1000개 request의 p99 TTFT: 1.4252 초 | 
2025-11-20 18:48:16,461 - INFO - [실시간] 요청 163000개 처리 | 현재까지의 RPS: 632.66최근 1000개 request의 p99 TTFT: 1.5819 초 | 
2025-11-20 18:48:17,837 - INFO - [실시간] 요청 164000개 처리 | 현재까지의 RPS: 633.16최근 1000개 request의 p99 TTFT: 0.8937 초 | 
2025-11-20 18:48:19,225 - INFO - [실시간] 요청 165000개 처리 | 현재까지의 RPS: 633.62최근 1000개 request의 p99 TTFT: 0.9892 초 | 
2025-11-20 18:48:20,865 - INFO - [실시간] 요청 166000개 처리 | 현재까지의 RPS: 633.47최근 1000개 request의 p99 TTFT: 1.1367 초 | 
2025-11-20 18:48:22,357 - INFO - [실시간] 요청 167000개 처리 | 현재까지의 RPS: 633.68최근 1000개 request의 p99 TTFT: 1.5495 초 | 
2025-11-20 18:48:23,627 - INFO - [실시간] 요청 168000개 처리 | 현재까지의 RPS: 634.42최근 1000개 request의 p99 TTFT: 1.9327 초 | 
2025-11-20 18:48:24,978 - INFO - [실시간] 요청 169000개 처리 | 현재까지의 RPS: 634.95최근 1000개 request의 p99 TTFT: 1.9718 초 | 
2025-11-20 18:48:26,365 - INFO - [실시간] 요청 170000개 처리 | 현재까지의 RPS: 635.40최근 1000개 request의 p99 TTFT: 1.7930 초 | 
2025-11-20 18:48:28,009 - INFO - [실시간] 요청 171000개 처리 | 현재까지의 RPS: 635.24최근 1000개 request의 p99 TTFT: 1.2982 초 | 
2025-11-20 18:48:29,321 - INFO - [실시간] 요청 172000개 처리 | 현재까지의 RPS: 635.85최근 1000개 request의 p99 TTFT: 1.5502 초 | 
2025-11-20 18:48:30,655 - INFO - [실시간] 요청 173000개 처리 | 현재까지의 RPS: 636.41최근 1000개 request의 p99 TTFT: 1.7843 초 | 
2025-11-20 18:48:32,018 - INFO - [실시간] 요청 174000개 처리 | 현재까지의 RPS: 636.89최근 1000개 request의 p99 TTFT: 1.6263 초 | 
2025-11-20 18:48:33,757 - INFO - [실시간] 요청 175000개 처리 | 현재까지의 RPS: 636.50최근 1000개 request의 p99 TTFT: 1.1842 초 | 
2025-11-20 18:48:35,070 - INFO - [실시간] 요청 176000개 처리 | 현재까지의 RPS: 637.10최근 1000개 request의 p99 TTFT: 1.1878 초 | 
2025-11-20 18:48:36,409 - INFO - [실시간] 요청 177000개 처리 | 현재까지의 RPS: 637.63최근 1000개 request의 p99 TTFT: 1.4903 초 | 
2025-11-20 18:48:37,766 - INFO - [실시간] 요청 178000개 처리 | 현재까지의 RPS: 638.11최근 1000개 request의 p99 TTFT: 2.3329 초 | 
2025-11-20 18:48:39,073 - INFO - [실시간] 요청 179000개 처리 | 현재까지의 RPS: 638.70최근 1000개 request의 p99 TTFT: 2.3443 초 | 
2025-11-20 18:48:40,529 - INFO - [실시간] 요청 180000개 처리 | 현재까지의 RPS: 638.95최근 1000개 request의 p99 TTFT: 1.3510 초 | 
2025-11-20 18:48:42,207 - INFO - [실시간] 요청 181000개 처리 | 현재까지의 RPS: 638.69최근 1000개 request의 p99 TTFT: 1.1481 초 | 
2025-11-20 18:48:43,463 - INFO - [실시간] 요청 182000개 처리 | 현재까지의 RPS: 639.39최근 1000개 request의 p99 TTFT: 1.8750 초 | 
2025-11-20 18:48:44,840 - INFO - [실시간] 요청 183000개 처리 | 현재까지의 RPS: 639.81최근 1000개 request의 p99 TTFT: 1.8635 초 | 
2025-11-20 18:48:46,134 - INFO - [실시간] 요청 184000개 처리 | 현재까지의 RPS: 640.41최근 1000개 request의 p99 TTFT: 0.9394 초 | 
2025-11-20 18:48:47,783 - INFO - [실시간] 요청 185000개 처리 | 현재까지의 RPS: 640.21최근 1000개 request의 p99 TTFT: 0.5495 초 | 
2025-11-20 18:48:49,288 - INFO - [실시간] 요청 186000개 처리 | 현재까지의 RPS: 640.34최근 1000개 request의 p99 TTFT: 1.2706 초 | 
2025-11-20 18:48:50,588 - INFO - [실시간] 요청 187000개 처리 | 현재까지의 RPS: 640.91최근 1000개 request의 p99 TTFT: 1.4705 초 | 
2025-11-20 18:48:51,942 - INFO - [실시간] 요청 188000개 처리 | 현재까지의 RPS: 641.36최근 1000개 request의 p99 TTFT: 1.5336 초 | 
2025-11-20 18:48:53,290 - INFO - [실시간] 요청 189000개 처리 | 현재까지의 RPS: 641.82최근 1000개 request의 p99 TTFT: 1.3100 초 | 
2025-11-20 18:48:54,859 - INFO - [실시간] 요청 190000개 처리 | 현재까지의 RPS: 641.80최근 1000개 request의 p99 TTFT: 0.7019 초 | 
2025-11-20 18:48:56,326 - INFO - [실시간] 요청 191000개 처리 | 현재까지의 RPS: 642.00최근 1000개 request의 p99 TTFT: 1.4438 초 | 
2025-11-20 18:48:57,684 - INFO - [실시간] 요청 192000개 처리 | 현재까지의 RPS: 642.43최근 1000개 request의 p99 TTFT: 2.0731 초 | 
2025-11-20 18:48:58,967 - INFO - [실시간] 요청 193000개 처리 | 현재까지의 RPS: 643.01최근 1000개 request의 p99 TTFT: 2.5277 초 | 
2025-11-20 18:49:00,313 - INFO - [실시간] 요청 194000개 처리 | 현재까지의 RPS: 643.46최근 1000개 request의 p99 TTFT: 2.2315 초 | 
2025-11-20 18:49:01,879 - INFO - [실시간] 요청 195000개 처리 | 현재까지의 RPS: 643.43최근 1000개 request의 p99 TTFT: 2.1989 초 | 
2025-11-20 18:49:03,159 - INFO - [실시간] 요청 196000개 처리 | 현재까지의 RPS: 644.01최근 1000개 request의 p99 TTFT: 1.3976 초 | 
2025-11-20 18:49:04,542 - INFO - [실시간] 요청 197000개 처리 | 현재까지의 RPS: 644.37최근 1000개 request의 p99 TTFT: 2.3614 초 | 
2025-11-20 18:49:06,177 - INFO - [실시간] 요청 198000개 처리 | 현재까지의 RPS: 644.20최근 1000개 request의 p99 TTFT: 2.4893 초 | 
2025-11-20 18:49:07,395 - INFO - [실시간] 요청 199000개 처리 | 현재까지의 RPS: 644.89최근 1000개 request의 p99 TTFT: 1.6293 초 | 
2025-11-20 18:49:08,845 - INFO - [실시간] 요청 200000개 처리 | 현재까지의 RPS: 645.10최근 1000개 request의 p99 TTFT: 1.4464 초 | 
2025-11-20 18:49:10,153 - INFO - [실시간] 요청 201000개 처리 | 현재까지의 RPS: 645.60최근 1000개 request의 p99 TTFT: 2.2443 초 | 
2025-11-20 18:49:11,476 - INFO - [실시간] 요청 202000개 처리 | 현재까지의 RPS: 646.07최근 1000개 request의 p99 TTFT: 2.3154 초 | 
2025-11-20 18:49:12,871 - INFO - [실시간] 요청 203000개 처리 | 현재까지의 RPS: 646.39최근 1000개 request의 p99 TTFT: 2.0846 초 | 
2025-11-20 18:49:14,437 - INFO - [실시간] 요청 204000개 처리 | 현재까지의 RPS: 646.35최근 1000개 request의 p99 TTFT: 1.2075 초 | 
2025-11-20 18:49:15,773 - INFO - [실시간] 요청 205000개 처리 | 현재까지의 RPS: 646.78최근 1000개 request의 p99 TTFT: 1.7317 초 | 
2025-11-20 18:49:17,065 - INFO - [실시간] 요청 206000개 처리 | 현재까지의 RPS: 647.29최근 1000개 request의 p99 TTFT: 2.5788 초 | 
2025-11-20 18:49:18,362 - INFO - [실시간] 요청 207000개 처리 | 현재까지의 RPS: 647.80최근 1000개 request의 p99 TTFT: 2.6034 초 | 
2025-11-20 18:49:19,809 - INFO - [실시간] 요청 208000개 처리 | 현재까지의 RPS: 647.99최근 1000개 request의 p99 TTFT: 1.0067 초 | 
2025-11-20 18:49:21,373 - INFO - [실시간] 요청 209000개 처리 | 현재까지의 RPS: 647.95최근 1000개 request의 p99 TTFT: 1.0161 초 | 
2025-11-20 18:49:22,729 - INFO - [실시간] 요청 210000개 처리 | 현재까지의 RPS: 648.32최근 1000개 request의 p99 TTFT: 1.5107 초 | 
2025-11-20 18:49:24,038 - INFO - [실시간] 요청 211000개 처리 | 현재까지의 RPS: 648.79최근 1000개 request의 p99 TTFT: 2.2783 초 | 
2025-11-20 18:49:25,331 - INFO - [실시간] 요청 212000개 처리 | 현재까지의 RPS: 649.28최근 1000개 request의 p99 TTFT: 2.2312 초 | 
2025-11-20 18:49:26,877 - INFO - [실시간] 요청 213000개 처리 | 현재까지의 RPS: 649.27최근 1000개 request의 p99 TTFT: 1.8946 초 | 
2025-11-20 18:49:28,293 - INFO - [실시간] 요청 214000개 처리 | 현재까지의 RPS: 649.52최근 1000개 request의 p99 TTFT: 1.7534 초 | 
2025-11-20 18:49:29,735 - INFO - [실시간] 요청 215000개 처리 | 현재까지의 RPS: 649.71최근 1000개 request의 p99 TTFT: 1.9214 초 | 
통계에 반영된 요청 인덱스 범위: 0 ~ 215000 (총 215000개 요청)
통계 반영된 요청 수: 215000, 통계 반영된 시간: 389.13 초

==================================================
 실험 최종 결과 요약
==================================================
 설정 실험 시간: 330 초
 Clients 수: 8500
 통계 반영 시간: 389.13 초
 총 시도된 요청: 222166 개
 총 완료된 요청: 215000 개
 총 실패한 요청: 7166 개
 완료 요청 중 retrieval이 실패한 요청: -268 개
 요청 성공률: 96.77%
 전체 Requests Per Second (RPS): 552.52
--------------------------------------------------
 Time to First Token (TTFT) Latency:
  - 평균 (Mean): 0.2462 초
  - 중간값 (50%ile): 0.1614 초
  - 최소값 (Min): 0.0195 초
  - 최대값 (Max): 4.5203 초
  - 95%ile Tail: 0.7714 초
  - 99%ile Tail: 1.4511 초
--------------------------------------------------
 Time Per Output Token (TPOT):
  - 평균 (Mean): 17.01 ms/token
--------------------------------------------------
 Embedding Latency:
  - 총 샘플 수: 215000
  - 평균 (Mean): 9.82 ms
  - 중간값 (50%ile): 6.00 ms
  - 95%ile Tail: 26.00 ms
  - 99%ile Tail: 67.00 ms
--------------------------------------------------
 VectorDB Search Latency:
  - 총 샘플 수: 215000
  - 평균 (Mean): 155.63 ms
  - 중간값 (50%ile): 76.00 ms
  - 95%ile Tail: 611.00 ms
  - 99%ile Tail: 1350.01 ms
--------------------------------------------------
 Document Search Latency:
  - 총 샘플 수: 215000
  - 평균 (Mean): 20.10 ms
  - 중간값 (50%ile): 8.00 ms
  - 95%ile Tail: 74.00 ms
  - 99%ile Tail: 151.00 ms
--------------------------------------------------
 Total Retrieval Latency:
  - 총 샘플 수: 215000
  - 평균 (Mean): 185.50 ms
  - 중간값 (50%ile): 100.00 ms
  - 95%ile Tail: 691.00 ms
  - 99%ile Tail: 1386.01 ms
==================================================
