2025-12-05 05:03:43,730 - INFO - ReqGen 시작: 서버=163.152.48.109:9000, 클라이언트=7000, 시간=330초
2025-12-05 05:03:43,730 - INFO - Hugging Face에서 'kroshan/BioASQ' 데이터셋을 로드합니다...
2025-12-05 05:03:49,543 - INFO - 3266개의 질문을 로드했습니다.
2025-12-05 05:03:49,544 - INFO - 부하 테스트 시작, client 수 = 7000
2025-12-05 05:03:53,133 - INFO - [실시간] 요청 1000개 처리 | 현재까지의 RPS: 278.61최근 1000개 request의 p99 TTFT: 0.2039 초 | 
2025-12-05 05:03:55,653 - INFO - [실시간] 요청 2000개 처리 | 현재까지의 RPS: 327.37최근 1000개 request의 p99 TTFT: 0.4839 초 | 
2025-12-05 05:03:57,738 - INFO - [실시간] 요청 3000개 처리 | 현재까지의 RPS: 366.13최근 1000개 request의 p99 TTFT: 0.5397 초 | 
2025-12-05 05:03:59,826 - INFO - [실시간] 요청 4000개 처리 | 현재까지의 RPS: 389.03최근 1000개 request의 p99 TTFT: 0.2028 초 | 
2025-12-05 05:04:01,583 - INFO - [실시간] 요청 5000개 처리 | 현재까지의 RPS: 415.31최근 1000개 request의 p99 TTFT: 0.3702 초 | 
2025-12-05 05:04:03,284 - INFO - [실시간] 요청 6000개 처리 | 현재까지의 RPS: 436.69최근 1000개 request의 p99 TTFT: 0.2179 초 | 
2025-12-05 05:04:04,889 - INFO - [실시간] 요청 7000개 처리 | 현재까지의 RPS: 456.16최근 1000개 request의 p99 TTFT: 0.4693 초 | 
2025-12-05 05:04:06,392 - INFO - [실시간] 요청 8000개 처리 | 현재까지의 RPS: 474.83최근 1000개 request의 p99 TTFT: 1.0192 초 | 
2025-12-05 05:04:07,782 - INFO - [실시간] 요청 9000개 처리 | 현재까지의 RPS: 493.46최근 1000개 request의 p99 TTFT: 1.0968 초 | 
2025-12-05 05:04:09,279 - INFO - [실시간] 요청 10000개 처리 | 현재까지의 RPS: 506.72최근 1000개 request의 p99 TTFT: 1.2194 초 | 
2025-12-05 05:04:10,673 - INFO - [실시간] 요청 11000개 처리 | 현재까지의 RPS: 520.62최근 1000개 request의 p99 TTFT: 1.7962 초 | 
2025-12-05 05:04:12,070 - INFO - [실시간] 요청 12000개 처리 | 현재까지의 RPS: 532.72최근 1000개 request의 p99 TTFT: 2.0856 초 | 
2025-12-05 05:04:13,733 - INFO - [실시간] 요청 13000개 처리 | 현재까지의 RPS: 537.42최근 1000개 request의 p99 TTFT: 1.7417 초 | 
2025-12-05 05:04:15,443 - INFO - [실시간] 요청 14000개 처리 | 현재까지의 RPS: 540.56최근 1000개 request의 p99 TTFT: 0.5150 초 | 
2025-12-05 05:04:17,082 - INFO - [실시간] 요청 15000개 처리 | 현재까지의 RPS: 544.69최근 1000개 request의 p99 TTFT: 0.3880 초 | 
2025-12-05 05:04:18,716 - INFO - [실시간] 요청 16000개 처리 | 현재까지의 RPS: 548.47최근 1000개 request의 p99 TTFT: 1.1754 초 | 
2025-12-05 05:04:20,249 - INFO - [실시간] 요청 17000개 처리 | 현재까지의 RPS: 553.65최근 1000개 request의 p99 TTFT: 1.2737 초 | 
2025-12-05 05:04:21,794 - INFO - [실시간] 요청 18000개 처리 | 현재까지의 RPS: 558.14최근 1000개 request의 p99 TTFT: 0.6092 초 | 
2025-12-05 05:04:23,320 - INFO - [실시간] 요청 19000개 처리 | 현재까지의 RPS: 562.52최근 1000개 request의 p99 TTFT: 0.3351 초 | 
2025-12-05 05:04:24,928 - INFO - [실시간] 요청 20000개 처리 | 현재까지의 RPS: 565.22최근 1000개 request의 p99 TTFT: 0.3593 초 | 
2025-12-05 05:04:26,539 - INFO - [실시간] 요청 21000개 처리 | 현재까지의 RPS: 567.65최근 1000개 request의 p99 TTFT: 0.5330 초 | 
2025-12-05 05:04:28,197 - INFO - [실시간] 요청 22000개 처리 | 현재까지의 RPS: 569.17최근 1000개 request의 p99 TTFT: 0.7398 초 | 
2025-12-05 05:04:29,643 - INFO - [실시간] 요청 23000개 처리 | 현재까지의 RPS: 573.59최근 1000개 request의 p99 TTFT: 0.7223 초 | 
2025-12-05 05:04:31,163 - INFO - [실시간] 요청 24000개 처리 | 현재까지의 RPS: 576.66최근 1000개 request의 p99 TTFT: 0.5455 초 | 
2025-12-05 05:04:32,770 - INFO - [실시간] 요청 25000개 처리 | 현재까지의 RPS: 578.35최근 1000개 request의 p99 TTFT: 0.6864 초 | 
2025-12-05 05:04:34,346 - INFO - [실시간] 요청 26000개 처리 | 현재까지의 RPS: 580.33최근 1000개 request의 p99 TTFT: 0.4431 초 | 
2025-12-05 05:04:35,934 - INFO - [실시간] 요청 27000개 처리 | 현재까지의 RPS: 582.02최근 1000개 request의 p99 TTFT: 0.4051 초 | 
2025-12-05 05:04:37,538 - INFO - [실시간] 요청 28000개 처리 | 현재까지의 RPS: 583.40최근 1000개 request의 p99 TTFT: 0.6864 초 | 
2025-12-05 05:04:38,989 - INFO - [실시간] 요청 29000개 처리 | 현재까지의 RPS: 586.51최근 1000개 request의 p99 TTFT: 0.8735 초 | 
2025-12-05 05:04:40,689 - INFO - [실시간] 요청 30000개 처리 | 현재까지의 RPS: 586.57최근 1000개 request의 p99 TTFT: 0.8148 초 | 
2025-12-05 05:04:42,179 - INFO - [실시간] 요청 31000개 처리 | 현재까지의 RPS: 588.96최근 1000개 request의 p99 TTFT: 0.4640 초 | 
2025-12-05 05:04:43,726 - INFO - [실시간] 요청 32000개 처리 | 현재까지의 RPS: 590.60최근 1000개 request의 p99 TTFT: 0.3541 초 | 
2025-12-05 05:04:45,356 - INFO - [실시간] 요청 33000개 처리 | 현재까지의 RPS: 591.27최근 1000개 request의 p99 TTFT: 0.2210 초 | 
2025-12-05 05:04:47,025 - INFO - [실시간] 요청 34000개 처리 | 현재까지의 RPS: 591.50최근 1000개 request의 p99 TTFT: 0.3736 초 | 
2025-12-05 05:04:48,583 - INFO - [실시간] 요청 35000개 처리 | 현재까지의 RPS: 592.83최근 1000개 request의 p99 TTFT: 1.0033 초 | 
2025-12-05 05:04:50,122 - INFO - [실시간] 요청 36000개 처리 | 현재까지의 RPS: 594.27최근 1000개 request의 p99 TTFT: 0.8769 초 | 
2025-12-05 05:04:51,627 - INFO - [실시간] 요청 37000개 처리 | 현재까지의 RPS: 595.97최근 1000개 request의 p99 TTFT: 0.4769 초 | 
2025-12-05 05:04:53,174 - INFO - [실시간] 요청 38000개 처리 | 현재까지의 RPS: 597.20최근 1000개 request의 p99 TTFT: 0.3316 초 | 
2025-12-05 05:04:54,732 - INFO - [실시간] 요청 39000개 처리 | 현재까지의 RPS: 598.26최근 1000개 request의 p99 TTFT: 0.5095 초 | 
2025-12-05 05:04:56,356 - INFO - [실시간] 요청 40000개 처리 | 현재까지의 RPS: 598.70최근 1000개 request의 p99 TTFT: 0.2849 초 | 
2025-12-05 05:04:58,011 - INFO - [실시간] 요청 41000개 처리 | 현재까지의 RPS: 598.83최근 1000개 request의 p99 TTFT: 0.8545 초 | 
2025-12-05 05:04:59,461 - INFO - [실시간] 요청 42000개 처리 | 현재까지의 RPS: 600.71최근 1000개 request의 p99 TTFT: 0.8421 초 | 
2025-12-05 05:05:01,017 - INFO - [실시간] 요청 43000개 처리 | 현재까지의 RPS: 601.62최근 1000개 request의 p99 TTFT: 0.6156 초 | 
2025-12-05 05:05:02,484 - INFO - [실시간] 요청 44000개 처리 | 현재까지의 RPS: 603.23최근 1000개 request의 p99 TTFT: 0.2561 초 | 
2025-12-05 05:05:04,065 - INFO - [실시간] 요청 45000개 처리 | 현재까지의 RPS: 603.86최근 1000개 request의 p99 TTFT: 0.3102 초 | 
2025-12-05 05:05:05,733 - INFO - [실시간] 요청 46000개 처리 | 현재까지의 RPS: 603.76최근 1000개 request의 p99 TTFT: 0.2396 초 | 
2025-12-05 05:05:07,355 - INFO - [실시간] 요청 47000개 처리 | 현재까지의 RPS: 604.03최근 1000개 request의 p99 TTFT: 0.7520 초 | 
2025-12-05 05:05:08,791 - INFO - [실시간] 요청 48000개 처리 | 현재까지의 RPS: 605.70최근 1000개 request의 p99 TTFT: 0.9797 초 | 
2025-12-05 05:05:10,303 - INFO - [실시간] 요청 49000개 처리 | 현재까지의 RPS: 606.74최근 1000개 request의 p99 TTFT: 0.5982 초 | 
2025-12-05 05:05:11,807 - INFO - [실시간] 요청 50000개 처리 | 현재까지의 RPS: 607.81최근 1000개 request의 p99 TTFT: 0.3151 초 | 
2025-12-05 05:05:13,385 - INFO - [실시간] 요청 51000개 처리 | 현재까지의 RPS: 608.29최근 1000개 request의 p99 TTFT: 0.2839 초 | 
2025-12-05 05:05:14,939 - INFO - [실시간] 요청 52000개 처리 | 현재까지의 RPS: 608.93최근 1000개 request의 p99 TTFT: 0.5784 초 | 
2025-12-05 05:05:16,581 - INFO - [실시간] 요청 53000개 처리 | 현재까지의 RPS: 608.93최근 1000개 request의 p99 TTFT: 0.5850 초 | 
2025-12-05 05:05:18,077 - INFO - [실시간] 요청 54000개 처리 | 현재까지의 RPS: 609.94최근 1000개 request의 p99 TTFT: 0.9910 초 | 
2025-12-05 05:05:19,668 - INFO - [실시간] 요청 55000개 처리 | 현재까지의 RPS: 610.27최근 1000개 request의 p99 TTFT: 0.7388 초 | 
2025-12-05 05:05:21,222 - INFO - [실시간] 요청 56000개 처리 | 현재까지의 RPS: 610.83최근 1000개 request의 p99 TTFT: 0.4541 초 | 
2025-12-05 05:05:22,829 - INFO - [실시간] 요청 57000개 처리 | 현재까지의 RPS: 611.03최근 1000개 request의 p99 TTFT: 0.3944 초 | 
2025-12-05 05:05:24,369 - INFO - [실시간] 요청 58000개 처리 | 현재까지의 RPS: 611.65최근 1000개 request의 p99 TTFT: 0.3093 초 | 
2025-12-05 05:05:26,048 - INFO - [실시간] 요청 59000개 처리 | 현재까지의 RPS: 611.37최근 1000개 request의 p99 TTFT: 0.5384 초 | 
2025-12-05 05:05:27,576 - INFO - [실시간] 요청 60000개 처리 | 현재까지의 RPS: 612.04최근 1000개 request의 p99 TTFT: 1.4546 초 | 
2025-12-05 05:05:29,056 - INFO - [실시간] 요청 61000개 처리 | 현재까지의 RPS: 612.99최근 1000개 request의 p99 TTFT: 1.5986 초 | 
2025-12-05 05:05:30,577 - INFO - [실시간] 요청 62000개 처리 | 현재까지의 RPS: 613.66최근 1000개 request의 p99 TTFT: 0.7372 초 | 
2025-12-05 05:05:32,113 - INFO - [실시간] 요청 63000개 처리 | 현재까지의 RPS: 614.22최근 1000개 request의 p99 TTFT: 0.6186 초 | 
2025-12-05 05:05:33,675 - INFO - [실시간] 요청 64000개 처리 | 현재까지의 RPS: 614.61최근 1000개 request의 p99 TTFT: 0.7687 초 | 
2025-12-05 05:05:35,316 - INFO - [실시간] 요청 65000개 처리 | 현재까지의 RPS: 614.53최근 1000개 request의 p99 TTFT: 0.5911 초 | 
2025-12-05 05:05:36,862 - INFO - [실시간] 요청 66000개 처리 | 현재까지의 RPS: 614.99최근 1000개 request의 p99 TTFT: 0.8921 초 | 
2025-12-05 05:05:38,472 - INFO - [실시간] 요청 67000개 처리 | 현재까지의 RPS: 615.08최근 1000개 request의 p99 TTFT: 0.9123 초 | 
2025-12-05 05:05:39,982 - INFO - [실시간] 요청 68000개 처리 | 현재까지의 RPS: 615.73최근 1000개 request의 p99 TTFT: 0.8390 초 | 
2025-12-05 05:05:41,491 - INFO - [실시간] 요청 69000개 처리 | 현재까지의 RPS: 616.36최근 1000개 request의 p99 TTFT: 0.5183 초 | 
2025-12-05 05:05:43,069 - INFO - [실시간] 요청 70000개 처리 | 현재까지의 RPS: 616.60최근 1000개 request의 p99 TTFT: 0.2833 초 | 
2025-12-05 05:05:44,725 - INFO - [실시간] 요청 71000개 처리 | 현재까지의 RPS: 616.42최근 1000개 request의 p99 TTFT: 0.4814 초 | 
2025-12-05 05:05:46,320 - INFO - [실시간] 요청 72000개 처리 | 현재까지의 RPS: 616.56최근 1000개 request의 p99 TTFT: 0.8033 초 | 
2025-12-05 05:05:47,800 - INFO - [실시간] 요청 73000개 처리 | 현재까지의 RPS: 617.30최근 1000개 request의 p99 TTFT: 0.7751 초 | 
2025-12-05 05:05:49,402 - INFO - [실시간] 요청 74000개 처리 | 현재까지의 RPS: 617.40최근 1000개 request의 p99 TTFT: 0.5490 초 | 
2025-12-05 05:05:50,892 - INFO - [실시간] 요청 75000개 처리 | 현재까지의 RPS: 618.06최근 1000개 request의 p99 TTFT: 0.8588 초 | 
2025-12-05 05:05:52,450 - INFO - [실시간] 요청 76000개 처리 | 현재까지의 RPS: 618.36최근 1000개 request의 p99 TTFT: 0.8202 초 | 
2025-12-05 05:05:53,973 - INFO - [실시간] 요청 77000개 처리 | 현재까지의 RPS: 618.82최근 1000개 request의 p99 TTFT: 0.5901 초 | 
2025-12-05 05:05:55,764 - INFO - [실시간] 요청 78000개 처리 | 현재까지의 RPS: 617.97최근 1000개 request의 p99 TTFT: 0.7082 초 | 
2025-12-05 05:05:57,199 - INFO - [실시간] 요청 79000개 처리 | 현재까지의 RPS: 618.85최근 1000개 request의 p99 TTFT: 1.1329 초 | 
2025-12-05 05:05:58,673 - INFO - [실시간] 요청 80000개 처리 | 현재까지의 RPS: 619.54최근 1000개 request의 p99 TTFT: 1.0566 초 | 
2025-12-05 05:06:00,250 - INFO - [실시간] 요청 81000개 처리 | 현재까지의 RPS: 619.71최근 1000개 request의 p99 TTFT: 0.3475 초 | 
2025-12-05 05:06:01,934 - INFO - [실시간] 요청 82000개 처리 | 현재까지의 RPS: 619.38최근 1000개 request의 p99 TTFT: 0.2234 초 | 
2025-12-05 05:06:03,497 - INFO - [실시간] 요청 83000개 처리 | 현재까지의 RPS: 619.62최근 1000개 request의 p99 TTFT: 0.5515 초 | 
2025-12-05 05:06:05,135 - INFO - [실시간] 요청 84000개 처리 | 현재까지의 RPS: 619.51최근 1000개 request의 p99 TTFT: 0.5394 초 | 
2025-12-05 05:06:06,617 - INFO - [실시간] 요청 85000개 처리 | 현재까지의 RPS: 620.11최근 1000개 request의 p99 TTFT: 1.0261 초 | 
2025-12-05 05:06:08,044 - INFO - [실시간] 요청 86000개 처리 | 현재까지의 RPS: 620.94최근 1000개 request의 p99 TTFT: 0.9567 초 | 
2025-12-05 05:06:09,612 - INFO - [실시간] 요청 87000개 처리 | 현재까지의 RPS: 621.13최근 1000개 request의 p99 TTFT: 0.6641 초 | 
2025-12-05 05:06:11,157 - INFO - [실시간] 요청 88000개 처리 | 현재까지의 RPS: 621.41최근 1000개 request의 p99 TTFT: 0.5289 초 | 
2025-12-05 05:06:12,657 - INFO - [실시간] 요청 89000개 처리 | 현재까지의 RPS: 621.88최근 1000개 request의 p99 TTFT: 0.4859 초 | 
2025-12-05 05:06:14,328 - INFO - [실시간] 요청 90000개 처리 | 현재까지의 RPS: 621.61최근 1000개 request의 p99 TTFT: 0.4494 초 | 
2025-12-05 05:06:15,857 - INFO - [실시간] 요청 91000개 처리 | 현재까지의 RPS: 621.96최근 1000개 request의 p99 TTFT: 0.8886 초 | 
2025-12-05 05:06:17,397 - INFO - [실시간] 요청 92000개 처리 | 현재까지의 RPS: 622.24최근 1000개 request의 p99 TTFT: 0.9183 초 | 
2025-12-05 05:06:18,922 - INFO - [실시간] 요청 93000개 처리 | 현재까지의 RPS: 622.58최근 1000개 request의 p99 TTFT: 0.4730 초 | 
2025-12-05 05:06:20,535 - INFO - [실시간] 요청 94000개 처리 | 현재까지의 RPS: 622.55최근 1000개 request의 p99 TTFT: 0.2916 초 | 
2025-12-05 05:06:22,088 - INFO - [실시간] 요청 95000개 처리 | 현재까지의 RPS: 622.77최근 1000개 request의 p99 TTFT: 0.4870 초 | 
2025-12-05 05:06:23,661 - INFO - [실시간] 요청 96000개 처리 | 현재까지의 RPS: 622.90최근 1000개 request의 p99 TTFT: 0.4146 초 | 
2025-12-05 05:06:25,210 - INFO - [실시간] 요청 97000개 처리 | 현재까지의 RPS: 623.13최근 1000개 request의 p99 TTFT: 0.7840 초 | 
2025-12-05 05:06:26,784 - INFO - [실시간] 요청 98000개 처리 | 현재까지의 RPS: 623.25최근 1000개 request의 p99 TTFT: 0.7708 초 | 
2025-12-05 05:06:28,313 - INFO - [실시간] 요청 99000개 처리 | 현재까지의 RPS: 623.55최근 1000개 request의 p99 TTFT: 0.5369 초 | 
2025-12-05 05:06:29,892 - INFO - [실시간] 요청 100000개 처리 | 현재까지의 RPS: 623.64최근 1000개 request의 p99 TTFT: 0.4178 초 | 
2025-12-05 05:06:31,409 - INFO - [실시간] 요청 101000개 처리 | 현재까지의 RPS: 623.98최근 1000개 request의 p99 TTFT: 0.3836 초 | 
2025-12-05 05:06:33,044 - INFO - [실시간] 요청 102000개 처리 | 현재까지의 RPS: 623.85최근 1000개 request의 p99 TTFT: 0.3402 초 | 
2025-12-05 05:06:34,658 - INFO - [실시간] 요청 103000개 처리 | 현재까지의 RPS: 623.81최근 1000개 request의 p99 TTFT: 0.6876 초 | 
2025-12-05 05:06:36,105 - INFO - [실시간] 요청 104000개 처리 | 현재까지의 RPS: 624.39최근 1000개 request의 p99 TTFT: 0.7151 초 | 
2025-12-05 05:06:37,642 - INFO - [실시간] 요청 105000개 처리 | 현재까지의 RPS: 624.64최근 1000개 request의 p99 TTFT: 0.4741 초 | 
2025-12-05 05:06:39,238 - INFO - [실시간] 요청 106000개 처리 | 현재까지의 RPS: 624.65최근 1000개 request의 p99 TTFT: 0.3002 초 | 
2025-12-05 05:06:40,775 - INFO - [실시간] 요청 107000개 처리 | 현재까지의 RPS: 624.89최근 1000개 request의 p99 TTFT: 0.5649 초 | 
2025-12-05 05:06:42,370 - INFO - [실시간] 요청 108000개 처리 | 현재까지의 RPS: 624.91최근 1000개 request의 p99 TTFT: 0.3644 초 | 
2025-12-05 05:06:44,099 - INFO - [실시간] 요청 109000개 처리 | 현재까지의 RPS: 624.44최근 1000개 request의 p99 TTFT: 0.6519 초 | 
2025-12-05 05:06:45,588 - INFO - [실시간] 요청 110000개 처리 | 현재까지의 RPS: 624.84최근 1000개 request의 p99 TTFT: 0.9152 초 | 
2025-12-05 05:06:47,111 - INFO - [실시간] 요청 111000개 처리 | 현재까지의 RPS: 625.12최근 1000개 request의 p99 TTFT: 0.8282 초 | 
2025-12-05 05:06:48,636 - INFO - [실시간] 요청 112000개 처리 | 현재까지의 RPS: 625.38최근 1000개 request의 p99 TTFT: 0.4135 초 | 
2025-12-05 05:06:50,197 - INFO - [실시간] 요청 113000개 처리 | 현재까지의 RPS: 625.51최근 1000개 request의 p99 TTFT: 0.2450 초 | 
2025-12-05 05:06:51,753 - INFO - [실시간] 요청 114000개 처리 | 현재까지의 RPS: 625.65최근 1000개 request의 p99 TTFT: 0.3717 초 | 
2025-12-05 05:06:53,530 - INFO - [실시간] 요청 115000개 처리 | 현재까지의 RPS: 625.05최근 1000개 request의 p99 TTFT: 0.5623 초 | 
2025-12-05 05:06:55,112 - INFO - [실시간] 요청 116000개 처리 | 현재까지의 RPS: 625.11최근 1000개 request의 p99 TTFT: 0.8602 초 | 
2025-12-05 05:06:56,618 - INFO - [실시간] 요청 117000개 처리 | 현재까지의 RPS: 625.42최근 1000개 request의 p99 TTFT: 0.9436 초 | 
2025-12-05 05:06:58,096 - INFO - [실시간] 요청 118000개 처리 | 현재까지의 RPS: 625.82최근 1000개 request의 p99 TTFT: 0.3357 초 | 
2025-12-05 05:06:59,644 - INFO - [실시간] 요청 119000개 처리 | 현재까지의 RPS: 625.99최근 1000개 request의 p99 TTFT: 0.2604 초 | 
2025-12-05 05:07:01,159 - INFO - [실시간] 요청 120000개 처리 | 현재까지의 RPS: 626.26최근 1000개 request의 p99 TTFT: 0.6121 초 | 
2025-12-05 05:07:02,850 - INFO - [실시간] 요청 121000개 처리 | 현재까지의 RPS: 625.95최근 1000개 request의 p99 TTFT: 0.4442 초 | 
2025-12-05 05:07:04,388 - INFO - [실시간] 요청 122000개 처리 | 현재까지의 RPS: 626.14최근 1000개 request의 p99 TTFT: 0.9479 초 | 
2025-12-05 05:07:05,922 - INFO - [실시간] 요청 123000개 처리 | 현재까지의 RPS: 626.34최근 1000개 request의 p99 TTFT: 0.9611 초 | 
2025-12-05 05:07:07,500 - INFO - [실시간] 요청 124000개 처리 | 현재까지의 RPS: 626.40최근 1000개 request의 p99 TTFT: 0.7848 초 | 
2025-12-05 05:07:09,045 - INFO - [실시간] 요청 125000개 처리 | 현재까지의 RPS: 626.56최근 1000개 request의 p99 TTFT: 0.5437 초 | 
2025-12-05 05:07:10,572 - INFO - [실시간] 요청 126000개 처리 | 현재까지의 RPS: 626.78최근 1000개 request의 p99 TTFT: 0.2515 초 | 
2025-12-05 05:07:12,203 - INFO - [실시간] 요청 127000개 처리 | 현재까지의 RPS: 626.67최근 1000개 request의 p99 TTFT: 0.5643 초 | 
2025-12-05 05:07:13,749 - INFO - [실시간] 요청 128000개 처리 | 현재까지의 RPS: 626.82최근 1000개 request의 p99 TTFT: 0.8889 초 | 
2025-12-05 05:07:15,302 - INFO - [실시간] 요청 129000개 처리 | 현재까지의 RPS: 626.95최근 1000개 request의 p99 TTFT: 0.8795 초 | 
2025-12-05 05:07:16,880 - INFO - [실시간] 요청 130000개 처리 | 현재까지의 RPS: 627.00최근 1000개 request의 p99 TTFT: 0.3500 초 | 
2025-12-05 05:07:18,398 - INFO - [실시간] 요청 131000개 처리 | 현재까지의 RPS: 627.23최근 1000개 request의 p99 TTFT: 0.6890 초 | 
2025-12-05 05:07:19,914 - INFO - [실시간] 요청 132000개 처리 | 현재까지의 RPS: 627.47최근 1000개 request의 p99 TTFT: 0.4936 초 | 
2025-12-05 05:07:21,433 - INFO - [실시간] 요청 133000개 처리 | 현재까지의 RPS: 627.69최근 1000개 request의 p99 TTFT: 0.3046 초 | 
2025-12-05 05:07:23,150 - INFO - [실시간] 요청 134000개 처리 | 현재까지의 RPS: 627.32최근 1000개 request의 p99 TTFT: 0.8788 초 | 
2025-12-05 05:07:24,539 - INFO - [실시간] 요청 135000개 처리 | 현재까지의 RPS: 627.92최근 1000개 request의 p99 TTFT: 1.1716 초 | 
2025-12-05 05:07:26,064 - INFO - [실시간] 요청 136000개 처리 | 현재까지의 RPS: 628.12최근 1000개 request의 p99 TTFT: 0.7591 초 | 
2025-12-05 05:07:27,638 - INFO - [실시간] 요청 137000개 처리 | 현재까지의 RPS: 628.17최근 1000개 request의 p99 TTFT: 0.4737 초 | 
2025-12-05 05:07:29,211 - INFO - [실시간] 요청 138000개 처리 | 현재까지의 RPS: 628.22최근 1000개 request의 p99 TTFT: 0.4917 초 | 
2025-12-05 05:07:30,780 - INFO - [실시간] 요청 139000개 처리 | 현재까지의 RPS: 628.29최근 1000개 request의 p99 TTFT: 0.4844 초 | 
2025-12-05 05:07:32,522 - INFO - [실시간] 요청 140000개 처리 | 현재까지의 RPS: 627.86최근 1000개 request의 p99 TTFT: 0.8364 초 | 
2025-12-05 05:07:33,956 - INFO - [실시간] 요청 141000개 처리 | 현재까지의 RPS: 628.31최근 1000개 request의 p99 TTFT: 1.0883 초 | 
2025-12-05 05:07:35,497 - INFO - [실시간] 요청 142000개 처리 | 현재까지의 RPS: 628.45최근 1000개 request의 p99 TTFT: 0.6915 초 | 
2025-12-05 05:07:37,006 - INFO - [실시간] 요청 143000개 처리 | 현재까지의 RPS: 628.68최근 1000개 request의 p99 TTFT: 0.4274 초 | 
2025-12-05 05:07:38,567 - INFO - [실시간] 요청 144000개 처리 | 현재까지의 RPS: 628.76최근 1000개 request의 p99 TTFT: 0.2870 초 | 
2025-12-05 05:07:40,088 - INFO - [실시간] 요청 145000개 처리 | 현재까지의 RPS: 628.95최근 1000개 request의 p99 TTFT: 0.2912 초 | 
2025-12-05 05:07:41,812 - INFO - [실시간] 요청 146000개 처리 | 현재까지의 RPS: 628.58최근 1000개 request의 p99 TTFT: 0.8007 초 | 
2025-12-05 05:07:43,308 - INFO - [실시간] 요청 147000개 처리 | 현재까지의 RPS: 628.84최근 1000개 request의 p99 TTFT: 1.0221 초 | 
2025-12-05 05:07:44,797 - INFO - [실시간] 요청 148000개 처리 | 현재까지의 RPS: 629.11최근 1000개 request의 p99 TTFT: 0.5408 초 | 
2025-12-05 05:07:46,322 - INFO - [실시간] 요청 149000개 처리 | 현재까지의 RPS: 629.28최근 1000개 request의 p99 TTFT: 0.4661 초 | 
2025-12-05 05:07:47,872 - INFO - [실시간] 요청 150000개 처리 | 현재까지의 RPS: 629.38최근 1000개 request의 p99 TTFT: 0.4124 초 | 
2025-12-05 05:07:49,450 - INFO - [실시간] 요청 151000개 처리 | 현재까지의 RPS: 629.41최근 1000개 request의 p99 TTFT: 0.5468 초 | 
2025-12-05 05:07:51,137 - INFO - [실시간] 요청 152000개 처리 | 현재까지의 RPS: 629.16최근 1000개 request의 p99 TTFT: 0.4016 초 | 
2025-12-05 05:07:52,719 - INFO - [실시간] 요청 153000개 처리 | 현재까지의 RPS: 629.18최근 1000개 request의 p99 TTFT: 1.0623 초 | 
2025-12-05 05:07:54,167 - INFO - [실시간] 요청 154000개 처리 | 현재까지의 RPS: 629.54최근 1000개 request의 p99 TTFT: 1.0877 초 | 
2025-12-05 05:07:55,731 - INFO - [실시간] 요청 155000개 처리 | 현재까지의 RPS: 629.60최근 1000개 request의 p99 TTFT: 0.5348 초 | 
2025-12-05 05:07:57,308 - INFO - [실시간] 요청 156000개 처리 | 현재까지의 RPS: 629.63최근 1000개 request의 p99 TTFT: 0.2549 초 | 
2025-12-05 05:07:58,909 - INFO - [실시간] 요청 157000개 처리 | 현재까지의 RPS: 629.60최근 1000개 request의 p99 TTFT: 0.2350 초 | 
2025-12-05 05:08:00,590 - INFO - [실시간] 요청 158000개 처리 | 현재까지의 RPS: 629.37최근 1000개 request의 p99 TTFT: 0.4499 초 | 
2025-12-05 05:08:02,174 - INFO - [실시간] 요청 159000개 처리 | 현재까지의 RPS: 629.38최근 1000개 request의 p99 TTFT: 1.0216 초 | 
2025-12-05 05:08:03,577 - INFO - [실시간] 요청 160000개 처리 | 현재까지의 RPS: 629.84최근 1000개 request의 p99 TTFT: 1.1261 초 | 
2025-12-05 05:08:05,174 - INFO - [실시간] 요청 161000개 처리 | 현재까지의 RPS: 629.82최근 1000개 request의 p99 TTFT: 0.4193 초 | 
2025-12-05 05:08:06,727 - INFO - [실시간] 요청 162000개 처리 | 현재까지의 RPS: 629.90최근 1000개 request의 p99 TTFT: 0.2425 초 | 
2025-12-05 05:08:08,351 - INFO - [실시간] 요청 163000개 처리 | 현재까지의 RPS: 629.81최근 1000개 request의 p99 TTFT: 0.3024 초 | 
2025-12-05 05:08:10,031 - INFO - [실시간] 요청 164000개 처리 | 현재까지의 RPS: 629.59최근 1000개 request의 p99 TTFT: 0.4239 초 | 
2025-12-05 05:08:11,652 - INFO - [실시간] 요청 165000개 처리 | 현재까지의 RPS: 629.51최근 1000개 request의 p99 TTFT: 0.7383 초 | 
2025-12-05 05:08:13,079 - INFO - [실시간] 요청 166000개 처리 | 현재까지의 RPS: 629.90최근 1000개 request의 p99 TTFT: 0.9057 초 | 
2025-12-05 05:08:14,701 - INFO - [실시간] 요청 167000개 처리 | 현재까지의 RPS: 629.82최근 1000개 request의 p99 TTFT: 0.6066 초 | 
2025-12-05 05:08:16,271 - INFO - [실시간] 요청 168000개 처리 | 현재까지의 RPS: 629.86최근 1000개 request의 p99 TTFT: 0.5139 초 | 
2025-12-05 05:08:17,816 - INFO - [실시간] 요청 169000개 처리 | 현재까지의 RPS: 629.96최근 1000개 request의 p99 TTFT: 0.4466 초 | 
2025-12-05 05:08:19,450 - INFO - [실시간] 요청 170000개 처리 | 현재까지의 RPS: 629.85최근 1000개 request의 p99 TTFT: 0.2498 초 | 
2025-12-05 05:08:21,142 - INFO - [실시간] 요청 171000개 처리 | 현재까지의 RPS: 629.61최근 1000개 request의 p99 TTFT: 0.6712 초 | 
2025-12-05 05:08:22,523 - INFO - [실시간] 요청 172000개 처리 | 현재까지의 RPS: 630.08최근 1000개 request의 p99 TTFT: 1.1764 초 | 
2025-12-05 05:08:24,041 - INFO - [실시간] 요청 173000개 처리 | 현재까지의 RPS: 630.24최근 1000개 request의 p99 TTFT: 0.8970 초 | 
2025-12-05 05:08:25,566 - INFO - [실시간] 요청 174000개 처리 | 현재까지의 RPS: 630.38최근 1000개 request의 p99 TTFT: 0.3182 초 | 
2025-12-05 05:08:27,152 - INFO - [실시간] 요청 175000개 처리 | 현재까지의 RPS: 630.38최근 1000개 request의 p99 TTFT: 0.2806 초 | 
2025-12-05 05:08:28,702 - INFO - [실시간] 요청 176000개 처리 | 현재까지의 RPS: 630.47최근 1000개 request의 p99 TTFT: 0.3423 초 | 
2025-12-05 05:08:30,437 - INFO - [실시간] 요청 177000개 처리 | 현재까지의 RPS: 630.13최근 1000개 request의 p99 TTFT: 0.7885 초 | 
2025-12-05 05:08:31,887 - INFO - [실시간] 요청 178000개 처리 | 현재까지의 RPS: 630.44최근 1000개 request의 p99 TTFT: 0.9191 초 | 
2025-12-05 05:08:33,324 - INFO - [실시간] 요청 179000개 처리 | 현재까지의 RPS: 630.77최근 1000개 request의 p99 TTFT: 0.8193 초 | 
2025-12-05 05:08:34,867 - INFO - [실시간] 요청 180000개 처리 | 현재까지의 RPS: 630.86최근 1000개 request의 p99 TTFT: 0.3624 초 | 
2025-12-05 05:08:36,481 - INFO - [실시간] 요청 181000개 처리 | 현재까지의 RPS: 630.80최근 1000개 request의 p99 TTFT: 0.5141 초 | 
2025-12-05 05:08:38,013 - INFO - [실시간] 요청 182000개 처리 | 현재까지의 RPS: 630.92최근 1000개 request의 p99 TTFT: 0.3937 초 | 
2025-12-05 05:08:39,649 - INFO - [실시간] 요청 183000개 처리 | 현재까지의 RPS: 630.81최근 1000개 request의 p99 TTFT: 0.4931 초 | 
2025-12-05 05:08:41,180 - INFO - [실시간] 요청 184000개 처리 | 현재까지의 RPS: 630.92최근 1000개 request의 p99 TTFT: 0.7822 초 | 
2025-12-05 05:08:42,769 - INFO - [실시간] 요청 185000개 처리 | 현재까지의 RPS: 630.91최근 1000개 request의 p99 TTFT: 0.6090 초 | 
2025-12-05 05:08:44,216 - INFO - [실시간] 요청 186000개 처리 | 현재까지의 RPS: 631.21최근 1000개 request의 p99 TTFT: 0.7205 초 | 
2025-12-05 05:08:45,678 - INFO - [실시간] 요청 187000개 처리 | 현재까지의 RPS: 631.47최근 1000개 request의 p99 TTFT: 0.3749 초 | 
2025-12-05 05:08:47,211 - INFO - [실시간] 요청 188000개 처리 | 현재까지의 RPS: 631.58최근 1000개 request의 p99 TTFT: 0.2818 초 | 
2025-12-05 05:08:48,926 - INFO - [실시간] 요청 189000개 처리 | 현재까지의 RPS: 631.30최근 1000개 request의 p99 TTFT: 0.5404 초 | 
2025-12-05 05:08:50,433 - INFO - [실시간] 요청 190000개 처리 | 현재까지의 RPS: 631.46최근 1000개 request의 p99 TTFT: 0.7048 초 | 
2025-12-05 05:08:51,996 - INFO - [실시간] 요청 191000개 처리 | 현재까지의 RPS: 631.51최근 1000개 request의 p99 TTFT: 0.3613 초 | 
2025-12-05 05:08:53,545 - INFO - [실시간] 요청 192000개 처리 | 현재까지의 RPS: 631.58최근 1000개 request의 p99 TTFT: 0.2325 초 | 
2025-12-05 05:08:55,152 - INFO - [실시간] 요청 193000개 처리 | 현재까지의 RPS: 631.53최근 1000개 request의 p99 TTFT: 0.3676 초 | 
2025-12-05 05:08:56,593 - INFO - [실시간] 요청 194000개 처리 | 현재까지의 RPS: 631.82최근 1000개 request의 p99 TTFT: 0.5999 초 | 
2025-12-05 05:08:58,141 - INFO - [실시간] 요청 195000개 처리 | 현재까지의 RPS: 631.89최근 1000개 request의 p99 TTFT: 0.5147 초 | 
2025-12-05 05:08:59,680 - INFO - [실시간] 요청 196000개 처리 | 현재까지의 RPS: 631.98최근 1000개 request의 p99 TTFT: 0.8583 초 | 
2025-12-05 05:09:01,144 - INFO - [실시간] 요청 197000개 처리 | 현재까지의 RPS: 632.22최근 1000개 request의 p99 TTFT: 0.7741 초 | 
2025-12-05 05:09:02,704 - INFO - [실시간] 요청 198000개 처리 | 현재까지의 RPS: 632.26최근 1000개 request의 p99 TTFT: 0.2732 초 | 
2025-12-05 05:09:04,287 - INFO - [실시간] 요청 199000개 처리 | 현재까지의 RPS: 632.26최근 1000개 request의 p99 TTFT: 0.5037 초 | 
2025-12-05 05:09:05,808 - INFO - [실시간] 요청 200000개 처리 | 현재까지의 RPS: 632.38최근 1000개 request의 p99 TTFT: 0.4179 초 | 
2025-12-05 05:09:07,388 - INFO - [실시간] 요청 201000개 처리 | 현재까지의 RPS: 632.39최근 1000개 request의 p99 TTFT: 0.4277 초 | 
2025-12-05 05:09:08,985 - INFO - [실시간] 요청 202000개 처리 | 현재까지의 RPS: 632.35최근 1000개 request의 p99 TTFT: 0.8763 초 | 
2025-12-05 05:09:10,489 - INFO - [실시간] 요청 203000개 처리 | 현재까지의 RPS: 632.51최근 1000개 request의 p99 TTFT: 1.0696 초 | 
2025-12-05 05:09:11,937 - INFO - [실시간] 요청 204000개 처리 | 현재까지의 RPS: 632.77최근 1000개 request의 p99 TTFT: 0.8950 초 | 
2025-12-05 05:09:13,551 - INFO - [실시간] 요청 205000개 처리 | 현재까지의 RPS: 632.70최근 1000개 request의 p99 TTFT: 0.4140 초 | 
2025-12-05 05:09:15,084 - INFO - [실시간] 요청 206000개 처리 | 현재까지의 RPS: 632.79최근 1000개 request의 p99 TTFT: 0.3248 초 | 
2025-12-05 05:09:16,659 - INFO - [실시간] 요청 207000개 처리 | 현재까지의 RPS: 632.80최근 1000개 request의 p99 TTFT: 0.2421 초 | 
2025-12-05 05:09:18,344 - INFO - [실시간] 요청 208000개 처리 | 현재까지의 RPS: 632.60최근 1000개 request의 p99 TTFT: 0.7550 초 | 
2025-12-05 05:09:19,818 - INFO - [실시간] 요청 209000개 처리 | 현재까지의 RPS: 632.81최근 1000개 request의 p99 TTFT: 0.9265 초 | 
통계에 반영된 요청 인덱스 범위: 4000 ~ 209000 (총 205000개 요청)
통계 반영된 요청 수: 205000, 통계 반영된 시간: 319.99 초

==================================================
 실험 최종 결과 요약
==================================================
 설정 실험 시간: 330 초
 Clients 수: 7000
 통계 반영 시간: 319.99 초
 총 시도된 요청: 205257 개
 총 완료된 요청: 205000 개
 총 실패한 요청: 257 개
 완료 요청 중 retrieval이 실패한 요청: -4440 개
 요청 성공률: 99.87%
 전체 Requests Per Second (RPS): 640.64
--------------------------------------------------
 Time to First Token (TTFT) Latency:
  - 평균 (Mean): 0.1629 초
  - 중간값 (50%ile): 0.1251 초
  - 최소값 (Min): 0.0143 초
  - 최대값 (Max): 2.8032 초
  - 95%ile Tail: 0.4595 초
  - 99%ile Tail: 0.8586 초
--------------------------------------------------
 Time Per Output Token (TPOT):
  - 평균 (Mean): 16.87 ms/token
--------------------------------------------------
 Embedding Latency:
  - 총 샘플 수: 205000
  - 평균 (Mean): 7.86 ms
  - 중간값 (50%ile): 6.00 ms
  - 95%ile Tail: 14.00 ms
  - 99%ile Tail: 36.00 ms
--------------------------------------------------
 VectorDB Search Latency:
  - 총 샘플 수: 205000
  - 평균 (Mean): 72.86 ms
  - 중간값 (50%ile): 34.00 ms
  - 95%ile Tail: 306.00 ms
  - 99%ile Tail: 740.00 ms
--------------------------------------------------
 Document Search Latency:
  - 총 샘플 수: 205000
  - 평균 (Mean): 14.58 ms
  - 중간값 (50%ile): 8.00 ms
  - 95%ile Tail: 42.00 ms
  - 99%ile Tail: 90.00 ms
--------------------------------------------------
 Total Retrieval Latency:
  - 총 샘플 수: 205000
  - 평균 (Mean): 95.32 ms
  - 중간값 (50%ile): 51.00 ms
  - 95%ile Tail: 367.00 ms
  - 99%ile Tail: 778.00 ms
==================================================
