2025-10-02 10:50:02,994 - INFO - ReqGen 시작: 서버=163.152.48.109:9000, 클라이언트=4800, 시간=330초
2025-10-02 10:50:02,994 - INFO - Hugging Face에서 'kroshan/BioASQ' 데이터셋을 로드합니다...
2025-10-02 10:50:09,833 - INFO - 3266개의 질문을 로드했습니다.
2025-10-02 10:50:09,835 - INFO - 부하 테스트 시작, client 수 = 4800
2025-10-02 10:50:09,835 - INFO - Zipf 값 1.2에서 상위 20%의 질문이 차지하는 비율: 91.82%
2025-10-02 10:50:12,547 - INFO - [실시간] 요청 1000개 처리 | 현재까지의 RPS: 368.73최근 1000개 request의 p99 TTFT: 0.7935 초 | 
2025-10-02 10:50:14,701 - INFO - [실시간] 요청 2000개 처리 | 현재까지의 RPS: 410.97최근 1000개 request의 p99 TTFT: 0.3318 초 | 
2025-10-02 10:50:16,485 - INFO - [실시간] 요청 3000개 처리 | 현재까지의 RPS: 451.11최근 1000개 request의 p99 TTFT: 0.5750 초 | 
2025-10-02 10:50:17,927 - INFO - [실시간] 요청 4000개 처리 | 현재까지의 RPS: 494.31최근 1000개 request의 p99 TTFT: 0.4446 초 | 
2025-10-02 10:50:19,273 - INFO - [실시간] 요청 5000개 처리 | 현재까지의 RPS: 529.75최근 1000개 request의 p99 TTFT: 0.6316 초 | 
2025-10-02 10:50:20,670 - INFO - [실시간] 요청 6000개 처리 | 현재까지의 RPS: 553.77최근 1000개 request의 p99 TTFT: 1.4214 초 | 
2025-10-02 10:50:22,091 - INFO - [실시간] 요청 7000개 처리 | 현재까지의 RPS: 571.14최근 1000개 request의 p99 TTFT: 1.1707 초 | 
2025-10-02 10:50:23,705 - INFO - [실시간] 요청 8000개 처리 | 현재까지의 RPS: 576.78최근 1000개 request의 p99 TTFT: 0.8359 초 | 
2025-10-02 10:50:25,204 - INFO - [실시간] 요청 9000개 처리 | 현재까지의 RPS: 585.56최근 1000개 request의 p99 TTFT: 0.5698 초 | 
2025-10-02 10:50:26,689 - INFO - [실시간] 요청 10000개 처리 | 현재까지의 RPS: 593.34최근 1000개 request의 p99 TTFT: 0.4137 초 | 
2025-10-02 10:50:28,142 - INFO - [실시간] 요청 11000개 처리 | 현재까지의 RPS: 600.86최근 1000개 request의 p99 TTFT: 0.4291 초 | 
2025-10-02 10:50:29,639 - INFO - [실시간] 요청 12000개 처리 | 현재까지의 RPS: 605.92최근 1000개 request의 p99 TTFT: 0.2674 초 | 
2025-10-02 10:50:31,173 - INFO - [실시간] 요청 13000개 처리 | 현재까지의 RPS: 609.25최근 1000개 request의 p99 TTFT: 0.2438 초 | 
2025-10-02 10:50:32,622 - INFO - [실시간] 요청 14000개 처리 | 현재까지의 RPS: 614.39최근 1000개 request의 p99 TTFT: 0.6298 초 | 
2025-10-02 10:50:34,177 - INFO - [실시간] 요청 15000개 처리 | 현재까지의 RPS: 616.21최근 1000개 request의 p99 TTFT: 0.2788 초 | 
2025-10-02 10:50:35,623 - INFO - [실시간] 요청 16000개 처리 | 현재까지의 RPS: 620.44최근 1000개 request의 p99 TTFT: 0.2790 초 | 
2025-10-02 10:50:37,155 - INFO - [실시간] 요청 17000개 처리 | 현재까지의 RPS: 622.25최근 1000개 request의 p99 TTFT: 0.2405 초 | 
2025-10-02 10:50:38,639 - INFO - [실시간] 요청 18000개 처리 | 현재까지의 RPS: 624.91최근 1000개 request의 p99 TTFT: 0.4888 초 | 
2025-10-02 10:50:40,185 - INFO - [실시간] 요청 19000개 처리 | 현재까지의 RPS: 626.03최근 1000개 request의 p99 TTFT: 0.4910 초 | 
2025-10-02 10:50:42,037 - INFO - [실시간] 요청 20000개 처리 | 현재까지의 RPS: 621.07최근 1000개 request의 p99 TTFT: 0.6286 초 | 
2025-10-02 10:50:43,508 - INFO - [실시간] 요청 21000개 처리 | 현재까지의 RPS: 623.63최근 1000개 request의 p99 TTFT: 1.2427 초 | 
2025-10-02 10:50:44,778 - INFO - [실시간] 요청 22000개 처리 | 현재까지의 RPS: 629.59최근 1000개 request의 p99 TTFT: 1.4629 초 | 
2025-10-02 10:50:46,204 - INFO - [실시간] 요청 23000개 처리 | 현재까지의 RPS: 632.41최근 1000개 request의 p99 TTFT: 1.1930 초 | 
2025-10-02 10:50:47,802 - INFO - [실시간] 요청 24000개 처리 | 현재까지의 RPS: 632.12최근 1000개 request의 p99 TTFT: 0.4112 초 | 
2025-10-02 10:50:49,341 - INFO - [실시간] 요청 25000개 처리 | 현재까지의 RPS: 632.81최근 1000개 request의 p99 TTFT: 0.2530 초 | 
2025-10-02 10:50:50,877 - INFO - [실시간] 요청 26000개 처리 | 현재까지의 RPS: 633.50최근 1000개 request의 p99 TTFT: 0.2380 초 | 
2025-10-02 10:50:52,340 - INFO - [실시간] 요청 27000개 처리 | 현재까지의 RPS: 635.22최근 1000개 request의 p99 TTFT: 0.2991 초 | 
2025-10-02 10:50:53,776 - INFO - [실시간] 요청 28000개 처리 | 현재까지의 RPS: 637.22최근 1000개 request의 p99 TTFT: 0.6636 초 | 
2025-10-02 10:50:55,224 - INFO - [실시간] 요청 29000개 처리 | 현재까지의 RPS: 638.91최근 1000개 request의 p99 TTFT: 0.4637 초 | 
2025-10-02 10:50:56,719 - INFO - [실시간] 요청 30000개 처리 | 현재까지의 RPS: 639.87최근 1000개 request의 p99 TTFT: 0.4687 초 | 
2025-10-02 10:50:58,246 - INFO - [실시간] 요청 31000개 처리 | 현재까지의 RPS: 640.35최근 1000개 request의 p99 TTFT: 0.2263 초 | 
2025-10-02 10:50:59,804 - INFO - [실시간] 요청 32000개 처리 | 현재까지의 RPS: 640.39최근 1000개 request의 p99 TTFT: 0.2694 초 | 
2025-10-02 10:51:01,750 - INFO - [실시간] 요청 33000개 처리 | 현재까지의 RPS: 635.65최근 1000개 request의 p99 TTFT: 0.6249 초 | 
2025-10-02 10:51:03,129 - INFO - [실시간] 요청 34000개 처리 | 현재까지의 RPS: 637.97최근 1000개 request의 p99 TTFT: 1.2826 초 | 
2025-10-02 10:51:04,392 - INFO - [실시간] 요청 35000개 처리 | 현재까지의 RPS: 641.54최근 1000개 request의 p99 TTFT: 2.3004 초 | 
2025-10-02 10:51:04,392 - WARNING - 최근 1000개의 p99 TTFT 2.3004 초가 SLO 의 2배 (2.0 초)를 초과했습니다. 부하 테스트를 조기 종료합니다.
통계에 반영된 요청 인덱스 범위: 0 ~ 35000 (총 35000개 요청)
통계 반영된 요청 수: 35000, 통계 반영된 시간: 76.11 초

==================================================
 실험 최종 결과 요약
==================================================
 부하 테스트가 조기 종료되었습니다! (SLO 위반)
 Client 수를 낮추어 다시 시도하세요.
 설정 실험 시간: 330 초
 Clients 수: 4800
 통계 반영 시간: 76.11 초
 총 시도된 요청: 35000 개
 총 완료된 요청: 35000 개
 총 실패한 요청: 0 개
 완료 요청 중 retrieval이 실패한 요청: -519 개
 요청 성공률: 100.00%
 전체 Requests Per Second (RPS): 459.83
--------------------------------------------------
 Time to First Token (TTFT) Latency:
  - 평균 (Mean): 0.1949 초
  - 중간값 (50%ile): 0.1371 초
  - 최소값 (Min): 0.0253 초
  - 최대값 (Max): 2.4048 초
  - 95%ile Tail: 0.5701 초
  - 99%ile Tail: 1.0756 초
--------------------------------------------------
 Time Per Output Token (TPOT):
  - 평균 (Mean): 16.79 ms/token
--------------------------------------------------
 Embedding Latency:
  - 총 샘플 수: 35000
  - 평균 (Mean): 9.53 ms
  - 중간값 (50%ile): 7.00 ms
  - 95%ile Tail: 18.00 ms
  - 99%ile Tail: 53.00 ms
--------------------------------------------------
 VectorDB Search Latency:
  - 총 샘플 수: 35000
  - 평균 (Mean): 91.75 ms
  - 중간값 (50%ile): 38.00 ms
  - 95%ile Tail: 365.05 ms
  - 99%ile Tail: 906.00 ms
--------------------------------------------------
 Document Search Latency:
  - 총 샘플 수: 35000
  - 평균 (Mean): 16.08 ms
  - 중간값 (50%ile): 9.00 ms
  - 95%ile Tail: 49.00 ms
  - 99%ile Tail: 87.00 ms
--------------------------------------------------
 Total Retrieval Latency:
  - 총 샘플 수: 35000
  - 평균 (Mean): 117.36 ms
  - 중간값 (50%ile): 58.00 ms
  - 95%ile Tail: 444.00 ms
  - 99%ile Tail: 971.03 ms
==================================================
