2025-12-05 01:33:44,420 - INFO - ReqGen 시작: 서버=163.152.48.109:9000, 클라이언트=2, 시간=330초
2025-12-05 01:33:44,420 - INFO - Hugging Face에서 'kroshan/BioASQ' 데이터셋을 로드합니다...
2025-12-05 01:33:49,818 - INFO - 3266개의 질문을 로드했습니다.
2025-12-05 01:33:49,819 - INFO - 부하 테스트 시작, client 수 = 2
2025-12-05 01:33:49,819 - INFO - 클라이언트 0 시작
2025-12-05 01:33:49,819 - INFO - 클라이언트 0 요청: 질문 인덱스 3260
2025-12-05 01:33:49,820 - INFO - 클라이언트 1 시작
2025-12-05 01:33:49,820 - INFO - 클라이언트 1 요청: 질문 인덱스 489
2025-12-05 01:33:58,608 - INFO - 클라이언트 1 요청: 질문 인덱스 2451
2025-12-05 01:34:10,839 - INFO - 클라이언트 0 요청: 질문 인덱스 1693
2025-12-05 01:34:17,217 - INFO - 클라이언트 1 요청: 질문 인덱스 2131
2025-12-05 01:34:24,419 - INFO - 클라이언트 1 요청: 질문 인덱스 2870
2025-12-05 01:34:33,501 - INFO - 클라이언트 0 요청: 질문 인덱스 2936
2025-12-05 01:34:47,737 - INFO - 클라이언트 1 요청: 질문 인덱스 3054
2025-12-05 01:34:48,405 - INFO - 클라이언트 0 요청: 질문 인덱스 2495
2025-12-05 01:35:01,334 - INFO - 클라이언트 0 요청: 질문 인덱스 2343
2025-12-05 01:35:08,974 - INFO - 클라이언트 1 요청: 질문 인덱스 1695
2025-12-05 01:35:12,441 - INFO - 클라이언트 0 요청: 질문 인덱스 4
2025-12-05 01:35:25,608 - INFO - 클라이언트 1 요청: 질문 인덱스 1025
2025-12-05 01:35:27,061 - INFO - 클라이언트 0 요청: 질문 인덱스 948
2025-12-05 01:35:42,594 - INFO - 클라이언트 1 요청: 질문 인덱스 919
2025-12-05 01:35:53,836 - INFO - 클라이언트 0 요청: 질문 인덱스 933
2025-12-05 01:36:00,477 - INFO - 클라이언트 1 요청: 질문 인덱스 440
2025-12-05 01:36:16,425 - INFO - 클라이언트 0 요청: 질문 인덱스 2855
2025-12-05 01:36:17,746 - INFO - 클라이언트 1 요청: 질문 인덱스 228
2025-12-05 01:36:38,275 - INFO - 클라이언트 1 요청: 질문 인덱스 1940
2025-12-05 01:36:41,994 - INFO - 클라이언트 0 요청: 질문 인덱스 1179
2025-12-05 01:36:53,499 - INFO - 클라이언트 1 요청: 질문 인덱스 1584
2025-12-05 01:36:55,469 - INFO - 클라이언트 0 요청: 질문 인덱스 716
2025-12-05 01:37:05,109 - INFO - 클라이언트 0 요청: 질문 인덱스 587
2025-12-05 01:37:07,556 - INFO - 클라이언트 1 요청: 질문 인덱스 3152
2025-12-05 01:37:26,050 - INFO - 클라이언트 0 요청: 질문 인덱스 2878
2025-12-05 01:37:29,399 - INFO - 클라이언트 1 요청: 질문 인덱스 914
2025-12-05 01:37:50,222 - INFO - 클라이언트 0 요청: 질문 인덱스 2631
2025-12-05 01:37:51,381 - INFO - 클라이언트 1 요청: 질문 인덱스 2771
2025-12-05 01:38:04,487 - INFO - 클라이언트 0 요청: 질문 인덱스 1157
2025-12-05 01:38:10,313 - INFO - 클라이언트 1 요청: 질문 인덱스 687
2025-12-05 01:38:11,706 - INFO - 클라이언트 0 요청: 질문 인덱스 1263
2025-12-05 01:38:20,653 - INFO - 클라이언트 1 요청: 질문 인덱스 3101
2025-12-05 01:38:32,808 - INFO - 클라이언트 0 요청: 질문 인덱스 506
2025-12-05 01:38:44,370 - INFO - 클라이언트 1 요청: 질문 인덱스 3004
2025-12-05 01:38:51,795 - INFO - 클라이언트 0 요청: 질문 인덱스 1794
2025-12-05 01:39:05,370 - INFO - 클라이언트 0 요청: 질문 인덱스 2018
2025-12-05 01:39:06,272 - INFO - 클라이언트 1 요청: 질문 인덱스 1785
2025-12-05 01:39:12,496 - INFO - 클라이언트 0 요청: 질문 인덱스 2745
2025-12-05 01:39:18,387 - INFO - 클라이언트 1 요청: 질문 인덱스 2032
통계에 반영된 요청 인덱스 범위: 0 ~ 40 (총 40개 요청)
statistics_start_time이 설정되지 않았습니다.
statistics_end_time이 설정되지 않았습니다.
통계 반영된 요청 수: 40, 통계 반영된 시간: 348.51 초

==================================================
 실험 최종 결과 요약
==================================================
 설정 실험 시간: 330 초
 Clients 수: 2
 통계 반영 시간: 348.51 초
 총 시도된 요청: 40 개
 총 완료된 요청: 40 개
 총 실패한 요청: 0 개
 완료 요청 중 retrieval이 실패한 요청: 0 개
 요청 성공률: 100.00%
 전체 Requests Per Second (RPS): 0.11
--------------------------------------------------
 Time to First Token (TTFT) Latency:
  - 평균 (Mean): 5.6357 초
  - 중간값 (50%ile): 5.5764 초
  - 최소값 (Min): 3.0070 초
  - 최대값 (Max): 8.5964 초
  - 95%ile Tail: 8.0015 초
  - 99%ile Tail: 8.4235 초
--------------------------------------------------
 Time Per Output Token (TPOT):
  - 평균 (Mean): 16.44 ms/token
--------------------------------------------------
 Embedding Latency:
  - 총 샘플 수: 40
  - 평균 (Mean): 11.98 ms
  - 중간값 (50%ile): 11.00 ms
  - 95%ile Tail: 18.05 ms
  - 99%ile Tail: 20.22 ms
--------------------------------------------------
 VectorDB Search Latency:
  - 총 샘플 수: 40
  - 평균 (Mean): 5563.47 ms
  - 중간값 (50%ile): 5525.50 ms
  - 95%ile Tail: 7974.05 ms
  - 99%ile Tail: 8383.81 ms
--------------------------------------------------
 Document Search Latency:
  - 총 샘플 수: 40
  - 평균 (Mean): 9.82 ms
  - 중간값 (50%ile): 9.00 ms
  - 95%ile Tail: 23.10 ms
  - 99%ile Tail: 27.44 ms
--------------------------------------------------
 Total Retrieval Latency:
  - 총 샘플 수: 40
  - 평균 (Mean): 5585.27 ms
  - 중간값 (50%ile): 5545.00 ms
  - 95%ile Tail: 7994.95 ms
  - 99%ile Tail: 8405.86 ms
==================================================
