2025-10-01 17:11:14,032 - INFO - ReqGen 시작: 서버=163.152.48.109:9000, 클라이언트=1000, 시간=60초
2025-10-01 17:11:14,032 - INFO - Hugging Face에서 'kroshan/BioASQ' 데이터셋을 로드합니다...
Traceback (most recent call last):
  File "/home/cloud_cxl/CXLSharedMemGPU/ReqGen/main.py", line 385, in <module>
    main()
  File "/home/cloud_cxl/CXLSharedMemGPU/ReqGen/main.py", line 381, in main
    reqgen = ReqGen(args)
  File "/home/cloud_cxl/CXLSharedMemGPU/ReqGen/main.py", line 23, in __init__
    self.questions = self._load_questions()
  File "/home/cloud_cxl/CXLSharedMemGPU/ReqGen/main.py", line 52, in _load_questions
    questions = [item['question'] for item in dataset.take(5000) if 'question' in item and item['question']]
  File "/home/cloud_cxl/CXLSharedMemGPU/ReqGen/main.py", line 52, in <listcomp>
    questions = [item['question'] for item in dataset.take(5000) if 'question' in item and item['question']]
  File "/home/cloud_cxl/.local/lib/python3.10/site-packages/datasets/iterable_dataset.py", line 2361, in __iter__
    for key, example in ex_iterable:
  File "/home/cloud_cxl/.local/lib/python3.10/site-packages/datasets/iterable_dataset.py", line 1882, in __iter__
    for key, pa_table in self._iter_arrow():
  File "/home/cloud_cxl/.local/lib/python3.10/site-packages/datasets/iterable_dataset.py", line 1905, in _iter_arrow
    for key, pa_table in self.ex_iterable._iter_arrow():
  File "/home/cloud_cxl/.local/lib/python3.10/site-packages/datasets/iterable_dataset.py", line 499, in _iter_arrow
    for key, pa_table in iterator:
  File "/home/cloud_cxl/.local/lib/python3.10/site-packages/datasets/iterable_dataset.py", line 151, in _convert_to_arrow
    for key, example in iterator:
  File "/home/cloud_cxl/.local/lib/python3.10/site-packages/datasets/iterable_dataset.py", line 1745, in __iter__
    for key_example in islice(self.ex_iterable, self.n - ex_iterable_num_taken):
  File "/home/cloud_cxl/.local/lib/python3.10/site-packages/datasets/iterable_dataset.py", line 325, in __iter__
    for key, pa_table in self.generate_tables_fn(**gen_kwags):
  File "/home/cloud_cxl/.local/lib/python3.10/site-packages/datasets/packaged_modules/csv/csv.py", line 188, in _generate_tables
    csv_file_reader = pd.read_csv(file, iterator=True, dtype=dtype, **self.config.pd_read_csv_kwargs)
  File "/home/cloud_cxl/.local/lib/python3.10/site-packages/datasets/streaming.py", line 73, in wrapper
    return function(*args, download_config=download_config, **kwargs)
  File "/home/cloud_cxl/.local/lib/python3.10/site-packages/datasets/utils/file_utils.py", line 1193, in xpandas_read_csv
    return pd.read_csv(xopen(filepath_or_buffer, "rb", download_config=download_config), **kwargs)
  File "/home/cloud_cxl/.local/lib/python3.10/site-packages/pandas/io/parsers/readers.py", line 1026, in read_csv
    return _read(filepath_or_buffer, kwds)
  File "/home/cloud_cxl/.local/lib/python3.10/site-packages/pandas/io/parsers/readers.py", line 620, in _read
    parser = TextFileReader(filepath_or_buffer, **kwds)
  File "/home/cloud_cxl/.local/lib/python3.10/site-packages/pandas/io/parsers/readers.py", line 1620, in __init__
    self._engine = self._make_engine(f, self.engine)
  File "/home/cloud_cxl/.local/lib/python3.10/site-packages/pandas/io/parsers/readers.py", line 1898, in _make_engine
    return mapping[engine](f, **self.options)
  File "/home/cloud_cxl/.local/lib/python3.10/site-packages/pandas/io/parsers/c_parser_wrapper.py", line 93, in __init__
    self._reader = parsers.TextReader(src, **kwds)
  File "parsers.pyx", line 574, in pandas._libs.parsers.TextReader.__cinit__
  File "parsers.pyx", line 663, in pandas._libs.parsers.TextReader._get_header
  File "parsers.pyx", line 874, in pandas._libs.parsers.TextReader._tokenize_rows
  File "parsers.pyx", line 891, in pandas._libs.parsers.TextReader._check_tokenize_status
  File "parsers.pyx", line 2053, in pandas._libs.parsers.raise_parser_error
  File "/home/cloud_cxl/.local/lib/python3.10/site-packages/datasets/utils/file_utils.py", line 807, in read_with_retries
    out = read(*args, **kwargs)
  File "/home/cloud_cxl/.local/lib/python3.10/site-packages/huggingface_hub/hf_file_system.py", line 1007, in read
    return super().read(length)
  File "/home/cloud_cxl/.local/lib/python3.10/site-packages/fsspec/spec.py", line 1939, in read
    out = self.cache._fetch(self.loc, self.loc + length)
  File "/home/cloud_cxl/.local/lib/python3.10/site-packages/fsspec/caching.py", line 234, in _fetch
    self.cache = self.fetcher(start, end)  # new block replaces old
  File "/home/cloud_cxl/.local/lib/python3.10/site-packages/huggingface_hub/hf_file_system.py", line 961, in _fetch_range
    r = http_backoff(
  File "/home/cloud_cxl/.local/lib/python3.10/site-packages/huggingface_hub/utils/_http.py", line 310, in http_backoff
    response = session.request(method=method, url=url, **kwargs)
  File "/home/cloud_cxl/.local/lib/python3.10/site-packages/requests/sessions.py", line 589, in request
    resp = self.send(prep, **send_kwargs)
  File "/home/cloud_cxl/.local/lib/python3.10/site-packages/requests/sessions.py", line 724, in send
    history = [resp for resp in gen]
  File "/home/cloud_cxl/.local/lib/python3.10/site-packages/requests/sessions.py", line 724, in <listcomp>
    history = [resp for resp in gen]
  File "/home/cloud_cxl/.local/lib/python3.10/site-packages/requests/sessions.py", line 265, in resolve_redirects
    resp = self.send(
  File "/home/cloud_cxl/.local/lib/python3.10/site-packages/requests/sessions.py", line 703, in send
    r = adapter.send(request, **kwargs)
  File "/home/cloud_cxl/.local/lib/python3.10/site-packages/huggingface_hub/utils/_http.py", line 96, in send
    return super().send(request, *args, **kwargs)
  File "/home/cloud_cxl/.local/lib/python3.10/site-packages/requests/adapters.py", line 644, in send
    resp = conn.urlopen(
  File "/usr/lib/python3/dist-packages/urllib3/connectionpool.py", line 700, in urlopen
    httplib_response = self._make_request(
  File "/usr/lib/python3/dist-packages/urllib3/connectionpool.py", line 446, in _make_request
    six.raise_from(e, None)
  File "<string>", line 3, in raise_from
  File "/usr/lib/python3/dist-packages/urllib3/connectionpool.py", line 441, in _make_request
    httplib_response = conn.getresponse()
  File "/usr/lib/python3.10/http/client.py", line 1375, in getresponse
    response.begin()
  File "/usr/lib/python3.10/http/client.py", line 318, in begin
    version, status, reason = self._read_status()
  File "/usr/lib/python3.10/http/client.py", line 279, in _read_status
    line = str(self.fp.readline(_MAXLINE + 1), "iso-8859-1")
  File "/usr/lib/python3.10/socket.py", line 705, in readinto
    return self._sock.recv_into(b)
  File "/usr/lib/python3.10/ssl.py", line 1303, in recv_into
    return self.read(nbytes, buffer)
  File "/usr/lib/python3.10/ssl.py", line 1159, in read
    return self._sslobj.read(len, buffer)
KeyboardInterrupt
