2025-12-05 08:09:42,133 - INFO - ReqGen 시작: 서버=163.152.48.109:9000, 클라이언트=100, 시간=330초
2025-12-05 08:09:42,133 - INFO - Hugging Face에서 'kroshan/BioASQ' 데이터셋을 로드합니다...
2025-12-05 08:09:48,377 - INFO - 3266개의 질문을 로드했습니다.
2025-12-05 08:09:48,378 - INFO - 부하 테스트 시작, client 수 = 100
2025-12-05 08:13:22,078 - INFO - [실시간] 요청 1000개 처리 | 현재까지의 RPS: 4.68최근 1000개 request의 p99 TTFT: 0.2109 초 | 
통계에 반영된 요청 인덱스 범위: 1000 ~ 1796 (총 796개 요청)
statistics_end_time이 설정되지 않았습니다.
통계 반영된 요청 수: 796, 통계 반영된 시간: 388.03 초

==================================================
 실험 최종 결과 요약
==================================================
 설정 실험 시간: 330 초
 Clients 수: 100
 통계 반영 시간: 388.03 초
 총 시도된 요청: 1024 개
 총 완료된 요청: 796 개
 총 실패한 요청: 228 개
 완료 요청 중 retrieval이 실패한 요청: -1000 개
 요청 성공률: 77.73%
 전체 Requests Per Second (RPS): 2.05
--------------------------------------------------
 Time to First Token (TTFT) Latency:
  - 평균 (Mean): 0.0913 초
  - 중간값 (50%ile): 0.0818 초
  - 최소값 (Min): 0.0257 초
  - 최대값 (Max): 1.0961 초
  - 95%ile Tail: 0.1562 초
  - 99%ile Tail: 0.2686 초
--------------------------------------------------
 Time Per Output Token (TPOT):
  - 평균 (Mean): 16.63 ms/token
--------------------------------------------------
 Embedding Latency:
  - 총 샘플 수: 796
  - 평균 (Mean): 7.25 ms
  - 중간값 (50%ile): 7.00 ms
  - 95%ile Tail: 10.00 ms
  - 99%ile Tail: 11.00 ms
--------------------------------------------------
 VectorDB Search Latency:
  - 총 샘플 수: 796
  - 평균 (Mean): 14.66 ms
  - 중간값 (50%ile): 9.00 ms
  - 95%ile Tail: 12.00 ms
  - 99%ile Tail: 234.60 ms
--------------------------------------------------
 Document Search Latency:
  - 총 샘플 수: 796
  - 평균 (Mean): 7.45 ms
  - 중간값 (50%ile): 7.00 ms
  - 95%ile Tail: 9.00 ms
  - 99%ile Tail: 12.00 ms
--------------------------------------------------
 Total Retrieval Latency:
  - 총 샘플 수: 796
  - 평균 (Mean): 29.38 ms
  - 중간값 (50%ile): 24.00 ms
  - 95%ile Tail: 28.00 ms
  - 99%ile Tail: 249.60 ms
==================================================
