2025-10-01 23:12:05,412 - INFO - ReqGen 시작: 서버=163.152.48.109:9000, 클라이언트=2, 시간=60초
2025-10-01 23:12:05,412 - INFO - Hugging Face에서 'kroshan/BioASQ' 데이터셋을 로드합니다...
2025-10-01 23:12:12,472 - INFO - 3266개의 질문을 로드했습니다.
2025-10-01 23:12:12,473 - INFO - 부하 테스트 시작, client 수 = 2
2025-10-01 23:12:12,473 - INFO - Zipf 값 1.2에서 상위 20%의 질문이 차지하는 비율: 91.82%
통계에 반영된 요청 인덱스 범위: 0 ~ 4 (총 4개 요청)
통계 반영된 요청 수: 4, 통계 반영된 시간: 77.43 초

==================================================
 실험 최종 결과 요약
==================================================
 설정 실험 시간: 60 초
 Clients 수: 2
 통계 반영 시간: 77.43 초
 총 시도된 요청: 4 개
 총 완료된 요청: 4 개
 총 실패한 요청: 0 개
 완료 요청 중 retrieval이 실패한 요청: 4 개
 요청 성공률: 100.00%
 전체 Requests Per Second (RPS): 0.05
--------------------------------------------------
 Time to First Token (TTFT) Latency:
  - 평균 (Mean): 30.5189 초
  - 중간값 (50%ile): 30.4552 초
  - 최소값 (Min): 30.1653 초
  - 최대값 (Max): 31.0001 초
  - 95%ile Tail: 30.9295 초
  - 99%ile Tail: 30.9859 초
--------------------------------------------------
 Time Per Output Token (TPOT):
  - 평균 (Mean): 16.65 ms/token
--------------------------------------------------
 Embedding Latency:
  - 총 샘플 수: 2
  - 평균 (Mean): 16.00 ms
  - 중간값 (50%ile): 16.00 ms
  - 95%ile Tail: 19.60 ms
  - 99%ile Tail: 19.92 ms
--------------------------------------------------
 VectorDB Search Latency:
  - 총 샘플 수: 0
  - (측정된 샘플이 없습니다.)
--------------------------------------------------
 Document Search Latency:
  - 총 샘플 수: 0
  - (측정된 샘플이 없습니다.)
--------------------------------------------------
 Total Retrieval Latency:
  - 총 샘플 수: 0
  - (측정된 샘플이 없습니다.)
==================================================
