2025-12-04 22:24:07,955 - INFO - ReqGen 시작: 서버=163.152.48.109:9000, 클라이언트=100, 시간=330초
2025-12-04 22:24:07,955 - INFO - Hugging Face에서 'kroshan/BioASQ' 데이터셋을 로드합니다...
2025-12-04 22:24:13,330 - INFO - 3266개의 질문을 로드했습니다.
2025-12-04 22:24:13,330 - INFO - 부하 테스트 시작, client 수 = 100
2025-12-04 22:24:43,476 - INFO - [실시간] 요청 1000개 처리 | 현재까지의 RPS: 33.17최근 1000개 request의 p99 TTFT: 0.2021 초 | 
2025-12-04 22:25:02,445 - INFO - [실시간] 요청 2000개 처리 | 현재까지의 RPS: 40.72최근 1000개 request의 p99 TTFT: 30.7748 초 | 
2025-12-04 22:25:02,445 - WARNING - 최근 1000개의 p99 TTFT 30.7748 초가 SLO 의 4배 (4.0 초)를 초과했습니다. 부하 테스트를 조기 종료합니다.
통계에 반영된 요청 인덱스 범위: 1000 ~ 2000 (총 1000개 요청)
통계 반영된 요청 수: 1000, 통계 반영된 시간: 18.97 초

==================================================
 실험 최종 결과 요약
==================================================
 부하 테스트가 조기 종료되었습니다! (SLO 위반)
 Client 수를 낮추어 다시 시도하세요.
 설정 실험 시간: 330 초
 Clients 수: 100
 통계 반영 시간: 18.97 초
 총 시도된 요청: 1000 개
 총 완료된 요청: 1000 개
 총 실패한 요청: 0 개
 완료 요청 중 retrieval이 실패한 요청: -995 개
 요청 성공률: 100.00%
 전체 Requests Per Second (RPS): 52.72
--------------------------------------------------
 Time to First Token (TTFT) Latency:
  - 평균 (Mean): 1.5113 초
  - 중간값 (50%ile): 0.0810 초
  - 최소값 (Min): 0.0218 초
  - 최대값 (Max): 31.0159 초
  - 95%ile Tail: 0.2064 초
  - 99%ile Tail: 30.7748 초
--------------------------------------------------
 Time Per Output Token (TPOT):
  - 평균 (Mean): 16.71 ms/token
--------------------------------------------------
 Embedding Latency:
  - 총 샘플 수: 1000
  - 평균 (Mean): 7.29 ms
  - 중간값 (50%ile): 7.00 ms
  - 95%ile Tail: 10.00 ms
  - 99%ile Tail: 12.00 ms
--------------------------------------------------
 VectorDB Search Latency:
  - 총 샘플 수: 995
  - 평균 (Mean): 8.53 ms
  - 중간값 (50%ile): 8.00 ms
  - 95%ile Tail: 13.00 ms
  - 99%ile Tail: 16.00 ms
--------------------------------------------------
 Document Search Latency:
  - 총 샘플 수: 995
  - 평균 (Mean): 7.56 ms
  - 중간값 (50%ile): 7.00 ms
  - 95%ile Tail: 10.00 ms
  - 99%ile Tail: 13.06 ms
--------------------------------------------------
 Total Retrieval Latency:
  - 총 샘플 수: 995
  - 평균 (Mean): 23.26 ms
  - 중간값 (50%ile): 23.00 ms
  - 95%ile Tail: 29.00 ms
  - 99%ile Tail: 33.00 ms
==================================================
