2025-11-21 02:12:59,142 - INFO - ReqGen 시작: 서버=163.152.48.109:9000, 클라이언트=2, 시간=330초
2025-11-21 02:12:59,142 - INFO - Hugging Face에서 'kroshan/BioASQ' 데이터셋을 로드합니다...
2025-11-21 02:13:04,570 - INFO - 3266개의 질문을 로드했습니다.
2025-11-21 02:13:04,571 - INFO - 부하 테스트 시작, client 수 = 2
통계에 반영된 요청 인덱스 범위: 0 ~ 26 (총 26개 요청)
statistics_start_time이 설정되지 않았습니다.
statistics_end_time이 설정되지 않았습니다.
통계 반영된 요청 수: 26, 통계 반영된 시간: 336.46 초

==================================================
 실험 최종 결과 요약
==================================================
 설정 실험 시간: 330 초
 Clients 수: 2
 통계 반영 시간: 336.46 초
 총 시도된 요청: 26 개
 총 완료된 요청: 26 개
 총 실패한 요청: 0 개
 완료 요청 중 retrieval이 실패한 요청: 9 개
 요청 성공률: 100.00%
 전체 Requests Per Second (RPS): 0.08
--------------------------------------------------
 Time to First Token (TTFT) Latency:
  - 평균 (Mean): 24.4614 초
  - 중간값 (50%ile): 26.2511 초
  - 최소값 (Min): 9.9529 초
  - 최대값 (Max): 31.0123 초
  - 95%ile Tail: 30.9999 초
  - 99%ile Tail: 31.0093 초
--------------------------------------------------
 Time Per Output Token (TPOT):
  - 평균 (Mean): 17.42 ms/token
--------------------------------------------------
 Embedding Latency:
  - 총 샘플 수: 14
  - 평균 (Mean): 13.07 ms
  - 중간값 (50%ile): 10.00 ms
  - 95%ile Tail: 21.70 ms
  - 99%ile Tail: 22.74 ms
--------------------------------------------------
 VectorDB Search Latency:
  - 총 샘플 수: 9
  - 평균 (Mean): 18432.11 ms
  - 중간값 (50%ile): 17755.00 ms
  - 95%ile Tail: 27945.80 ms
  - 99%ile Tail: 28425.16 ms
--------------------------------------------------
 Document Search Latency:
  - 총 샘플 수: 9
  - 평균 (Mean): 9.00 ms
  - 중간값 (50%ile): 8.00 ms
  - 95%ile Tail: 12.20 ms
  - 99%ile Tail: 12.84 ms
--------------------------------------------------
 Total Retrieval Latency:
  - 총 샘플 수: 17
  - 평균 (Mean): 21169.88 ms
  - 중간값 (50%ile): 23026.00 ms
  - 95%ile Tail: 28831.40 ms
  - 99%ile Tail: 29693.48 ms
==================================================
