2025-10-01 22:50:31,561 - INFO - ReqGen 시작: 서버=163.152.48.109:9000, 클라이언트=2, 시간=60초
2025-10-01 22:50:31,561 - INFO - Hugging Face에서 'kroshan/BioASQ' 데이터셋을 로드합니다...
2025-10-01 22:50:38,511 - INFO - 3266개의 질문을 로드했습니다.
2025-10-01 22:50:38,512 - INFO - 부하 테스트 시작, client 수 = 2
2025-10-01 22:50:38,512 - INFO - Zipf 값 1.2에서 상위 20%의 질문이 차지하는 비율: 91.82%
통계에 반영된 요청 인덱스 범위: 0 ~ 6 (총 6개 요청)
통계 반영된 요청 수: 6, 통계 반영된 시간: 80.19 초

==================================================
 실험 최종 결과 요약
==================================================
 설정 실험 시간: 60 초
 Clients 수: 2
 통계 반영 시간: 80.19 초
 총 시도된 요청: 6 개
 총 완료된 요청: 6 개
 총 실패한 요청: 0 개
 완료 요청 중 retrieval이 실패한 요청: 1 개
 요청 성공률: 100.00%
 전체 Requests Per Second (RPS): 0.07
--------------------------------------------------
 Time to First Token (TTFT) Latency:
  - 평균 (Mean): 10.2973 초
  - 중간값 (50%ile): 5.9194 초
  - 최소값 (Min): 1.9196 초
  - 최대값 (Max): 30.9708 초
  - 95%ile Tail: 26.2476 초
  - 99%ile Tail: 30.0261 초
--------------------------------------------------
 Time Per Output Token (TPOT):
  - 평균 (Mean): 17.21 ms/token
--------------------------------------------------
 Embedding Latency:
  - 총 샘플 수: 3
  - 평균 (Mean): 14.00 ms
  - 중간값 (50%ile): 13.00 ms
  - 95%ile Tail: 19.30 ms
  - 99%ile Tail: 19.86 ms
--------------------------------------------------
 VectorDB Search Latency:
  - 총 샘플 수: 2
  - 평균 (Mean): 3453.00 ms
  - 중간값 (50%ile): 3453.00 ms
  - 95%ile Tail: 4871.40 ms
  - 99%ile Tail: 4997.48 ms
--------------------------------------------------
 Document Search Latency:
  - 총 샘플 수: 2
  - 평균 (Mean): 17.50 ms
  - 중간값 (50%ile): 17.50 ms
  - 95%ile Tail: 26.05 ms
  - 99%ile Tail: 26.81 ms
--------------------------------------------------
 Total Retrieval Latency:
  - 총 샘플 수: 5
  - 평균 (Mean): 6087.40 ms
  - 중간값 (50%ile): 5069.00 ms
  - 95%ile Tail: 10902.60 ms
  - 99%ile Tail: 11754.92 ms
==================================================
