2025-12-04 23:45:02,527 - INFO - ReqGen 시작: 서버=163.152.48.109:9000, 클라이언트=1, 시간=330초
2025-12-04 23:45:02,527 - INFO - Hugging Face에서 'kroshan/BioASQ' 데이터셋을 로드합니다...
2025-12-04 23:45:08,594 - INFO - 3266개의 질문을 로드했습니다.
2025-12-04 23:45:08,595 - INFO - 부하 테스트 시작, client 수 = 1
2025-12-04 23:45:08,595 - INFO - 클라이언트 0 시작
2025-12-04 23:45:08,595 - INFO - 클라이언트 0 요청: 질문 인덱스 1643
2025-12-04 23:46:22,661 - INFO - 클라이언트 0 요청: 질문 인덱스 1157
2025-12-04 23:46:58,558 - INFO - 클라이언트 0 요청: 질문 인덱스 1355
2025-12-04 23:47:33,228 - INFO - 클라이언트 0 요청: 질문 인덱스 134
2025-12-04 23:48:09,105 - INFO - 클라이언트 0 요청: 질문 인덱스 899
2025-12-04 23:48:47,058 - INFO - 클라이언트 0 요청: 질문 인덱스 1779
2025-12-04 23:49:29,632 - INFO - 클라이언트 0 요청: 질문 인덱스 2822
2025-12-04 23:50:07,064 - INFO - 클라이언트 0 요청: 질문 인덱스 516
통계에 반영된 요청 인덱스 범위: 0 ~ 8 (총 8개 요청)
statistics_start_time이 설정되지 않았습니다.
statistics_end_time이 설정되지 않았습니다.
통계 반영된 요청 수: 8, 통계 반영된 시간: 335.81 초

==================================================
 실험 최종 결과 요약
==================================================
 설정 실험 시간: 330 초
 Clients 수: 1
 통계 반영 시간: 335.81 초
 총 시도된 요청: 8 개
 총 완료된 요청: 8 개
 총 실패한 요청: 0 개
 완료 요청 중 retrieval이 실패한 요청: 8 개
 요청 성공률: 100.00%
 전체 Requests Per Second (RPS): 0.02
--------------------------------------------------
 Time to First Token (TTFT) Latency:
  - 평균 (Mean): 30.7281 초
  - 중간값 (50%ile): 30.6922 초
  - 최소값 (Min): 30.4547 초
  - 최대값 (Max): 31.0217 초
  - 95%ile Tail: 31.0192 초
  - 99%ile Tail: 31.0212 초
--------------------------------------------------
 Time Per Output Token (TPOT):
  - 평균 (Mean): 17.62 ms/token
--------------------------------------------------
 Embedding Latency:
  - 총 샘플 수: 0
  - (측정된 샘플이 없습니다.)
--------------------------------------------------
 VectorDB Search Latency:
  - 총 샘플 수: 0
  - (측정된 샘플이 없습니다.)
--------------------------------------------------
 Document Search Latency:
  - 총 샘플 수: 0
  - (측정된 샘플이 없습니다.)
--------------------------------------------------
 Total Retrieval Latency:
  - 총 샘플 수: 0
  - (측정된 샘플이 없습니다.)
==================================================
