2025-10-01 17:00:42,659 - INFO - ReqGen 시작: 서버=163.152.48.109:9000, 클라이언트=1000, 시간=60초
2025-10-01 17:00:42,659 - INFO - Hugging Face에서 'kroshan/BioASQ' 데이터셋을 로드합니다...
2025-10-01 17:00:49,790 - INFO - 3266개의 질문을 로드했습니다.
2025-10-01 17:00:49,791 - INFO - 부하 테스트 시작, client 수 = 1000
2025-10-01 17:00:49,792 - INFO - Zipf 값 1.2에서 상위 20%의 질문이 차지하는 비율: 91.82%
2025-10-01 17:01:02,680 - INFO - [실시간] 요청 1000개 처리 | 현재까지의 RPS: 77.59최근 1000개 request의 p99 TTFT: 10.2025 초 | 
2025-10-01 17:01:02,681 - WARNING - 최근 1000개의 p99 TTFT 10.2025 초가 SLO 2.0 초를 초과했습니다. 부하 테스트를 조기 종료합니다.
Traceback (most recent call last):
  File "/home/cloud_cxl/CXLSharedMemGPU/ReqGen/main.py", line 385, in <module>
    main()
  File "/home/cloud_cxl/CXLSharedMemGPU/ReqGen/main.py", line 382, in main
    asyncio.run(reqgen.run())
  File "/usr/lib/python3.10/asyncio/runners.py", line 44, in run
    return loop.run_until_complete(main)
  File "/usr/lib/python3.10/asyncio/base_events.py", line 636, in run_until_complete
    self.run_forever()
  File "/usr/lib/python3.10/asyncio/base_events.py", line 603, in run_forever
    self._run_once()
  File "/usr/lib/python3.10/asyncio/base_events.py", line 1871, in _run_once
    event_list = self._selector.select(timeout)
  File "/usr/lib/python3.10/selectors.py", line 469, in select
    fd_event_list = self._selector.poll(timeout, max_ev)
KeyboardInterrupt
