2025-12-05 07:02:09,751 - INFO - ReqGen 시작: 서버=163.152.48.109:9000, 클라이언트=7000, 시간=330초
2025-12-05 07:02:09,751 - INFO - Hugging Face에서 'kroshan/BioASQ' 데이터셋을 로드합니다...
2025-12-05 07:02:15,108 - INFO - 3266개의 질문을 로드했습니다.
2025-12-05 07:02:15,109 - INFO - 부하 테스트 시작, client 수 = 7000
2025-12-05 07:02:27,172 - INFO - [실시간] 요청 1000개 처리 | 현재까지의 RPS: 82.89최근 1000개 request의 p99 TTFT: 10.4066 초 | 
2025-12-05 07:02:27,173 - WARNING - 최근 1000개의 p99 TTFT 10.4066 초가 SLO 의 4배 (4.0 초)를 초과했습니다. 부하 테스트를 조기 종료합니다.
2025-12-05 07:02:32,215 - INFO - [실시간] 요청 2000개 처리 | 현재까지의 RPS: 116.92최근 1000개 request의 p99 TTFT: 13.6405 초 | 
2025-12-05 07:02:35,009 - INFO - [실시간] 요청 3000개 처리 | 현재까지의 RPS: 150.75최근 1000개 request의 p99 TTFT: 17.0121 초 | 
2025-12-05 07:02:37,393 - INFO - [실시간] 요청 4000개 처리 | 현재까지의 RPS: 179.50최근 1000개 request의 p99 TTFT: 18.1814 초 | 
2025-12-05 07:02:39,971 - INFO - [실시간] 요청 5000개 처리 | 현재까지의 RPS: 201.11최근 1000개 request의 p99 TTFT: 19.8012 초 | 
Traceback (most recent call last):
  File "/home/comsys/sungsu/CXLSharedMemGPU/ReqGen/main.py", line 418, in <module>
    main()
  File "/home/comsys/sungsu/CXLSharedMemGPU/ReqGen/main.py", line 415, in main
    asyncio.run(reqgen.run())
  File "/usr/lib/python3.10/asyncio/runners.py", line 44, in run
    return loop.run_until_complete(main)
  File "/usr/lib/python3.10/asyncio/base_events.py", line 636, in run_until_complete
    self.run_forever()
  File "/usr/lib/python3.10/asyncio/base_events.py", line 603, in run_forever
    self._run_once()
  File "/usr/lib/python3.10/asyncio/base_events.py", line 1871, in _run_once
    event_list = self._selector.select(timeout)
  File "/usr/lib/python3.10/selectors.py", line 469, in select
    fd_event_list = self._selector.poll(timeout, max_ev)
KeyboardInterrupt
