2025-11-17 17:26:06,028 - INFO - ReqGen 시작: 서버=163.152.48.109:9000, 클라이언트=5937, 시간=60초
2025-11-17 17:26:06,028 - INFO - Hugging Face에서 'kroshan/BioASQ' 데이터셋을 로드합니다...
2025-11-17 17:26:13,557 - INFO - 3266개의 질문을 로드했습니다.
2025-11-17 17:26:13,557 - INFO - 부하 테스트 시작, client 수 = 5937
2025-11-17 17:26:13,557 - INFO - Zipf 값 1.2에서 상위 20%의 질문이 차지하는 비율: 91.82%
2025-11-17 17:26:16,115 - INFO - [실시간] 요청 1000개 처리 | 현재까지의 RPS: 391.00최근 1000개 request의 p99 TTFT: 0.3369 초 | 
2025-11-17 17:26:17,631 - INFO - [실시간] 요청 2000개 처리 | 현재까지의 RPS: 490.93최근 1000개 request의 p99 TTFT: 0.3165 초 | 
2025-11-17 17:26:19,231 - INFO - [실시간] 요청 3000개 처리 | 현재까지의 RPS: 528.75최근 1000개 request의 p99 TTFT: 0.5541 초 | 
2025-11-17 17:26:20,526 - INFO - [실시간] 요청 4000개 처리 | 현재까지의 RPS: 573.97최근 1000개 request의 p99 TTFT: 0.5389 초 | 
2025-11-17 17:26:21,862 - INFO - [실시간] 요청 5000개 처리 | 현재까지의 RPS: 602.05최근 1000개 request의 p99 TTFT: 0.7520 초 | 
2025-11-17 17:26:23,259 - INFO - [실시간] 요청 6000개 처리 | 현재까지의 RPS: 618.43최근 1000개 request의 p99 TTFT: 0.8406 초 | 
2025-11-17 17:26:24,646 - INFO - [실시간] 요청 7000개 처리 | 현재까지의 RPS: 631.28최근 1000개 request의 p99 TTFT: 1.3575 초 | 
2025-11-17 17:26:26,178 - INFO - [실시간] 요청 8000개 처리 | 현재까지의 RPS: 633.87최근 1000개 request의 p99 TTFT: 2.0744 초 | 
2025-11-17 17:26:26,179 - WARNING - 최근 1000개의 p99 TTFT 2.0744 초가 SLO 의 2배 (2.0 초)를 초과했습니다. 부하 테스트를 조기 종료합니다.
통계에 반영된 요청 인덱스 범위: 0 ~ 8000 (총 8000개 요청)
통계 반영된 요청 수: 8000, 통계 반영된 시간: 33.40 초

==================================================
 실험 최종 결과 요약
==================================================
 부하 테스트가 조기 종료되었습니다! (SLO 위반)
 Client 수를 낮추어 다시 시도하세요.
 설정 실험 시간: 60 초
 Clients 수: 5937
 통계 반영 시간: 33.40 초
 총 시도된 요청: 8000 개
 총 완료된 요청: 8000 개
 총 실패한 요청: 0 개
 완료 요청 중 retrieval이 실패한 요청: -419 개
 요청 성공률: 100.00%
 전체 Requests Per Second (RPS): 239.54
--------------------------------------------------
 Time to First Token (TTFT) Latency:
  - 평균 (Mean): 0.3120 초
  - 중간값 (50%ile): 0.2359 초
  - 최소값 (Min): 0.0205 초
  - 최대값 (Max): 2.1611 초
  - 95%ile Tail: 0.9264 초
  - 99%ile Tail: 1.4962 초
--------------------------------------------------
 Time Per Output Token (TPOT):
  - 평균 (Mean): 17.12 ms/token
--------------------------------------------------
 Embedding Latency:
  - 총 샘플 수: 8000
  - 평균 (Mean): 7.89 ms
  - 중간값 (50%ile): 6.00 ms
  - 95%ile Tail: 19.00 ms
  - 99%ile Tail: 35.00 ms
--------------------------------------------------
 VectorDB Search Latency:
  - 총 샘플 수: 8000
  - 평균 (Mean): 211.77 ms
  - 중간값 (50%ile): 141.00 ms
  - 95%ile Tail: 778.05 ms
  - 99%ile Tail: 1296.01 ms
--------------------------------------------------
 Document Search Latency:
  - 총 샘플 수: 8000
  - 평균 (Mean): 25.50 ms
  - 중간값 (50%ile): 11.00 ms
  - 95%ile Tail: 78.00 ms
  - 99%ile Tail: 306.01 ms
--------------------------------------------------
 Total Retrieval Latency:
  - 총 샘플 수: 8000
  - 평균 (Mean): 245.18 ms
  - 중간값 (50%ile): 169.00 ms
  - 95%ile Tail: 854.05 ms
  - 99%ile Tail: 1421.05 ms
==================================================
