2025-11-17 17:23:06,347 - INFO - ReqGen 시작: 서버=163.152.48.109:9000, 클라이언트=7500, 시간=60초
2025-11-17 17:23:06,347 - INFO - Hugging Face에서 'kroshan/BioASQ' 데이터셋을 로드합니다...
2025-11-17 17:23:12,787 - INFO - 3266개의 질문을 로드했습니다.
2025-11-17 17:23:12,788 - INFO - 부하 테스트 시작, client 수 = 7500
2025-11-17 17:23:12,788 - INFO - Zipf 값 1.2에서 상위 20%의 질문이 차지하는 비율: 91.82%
2025-11-17 17:23:15,308 - INFO - [실시간] 요청 1000개 처리 | 현재까지의 RPS: 396.80최근 1000개 request의 p99 TTFT: 0.8754 초 | 
2025-11-17 17:23:16,694 - INFO - [실시간] 요청 2000개 처리 | 현재까지의 RPS: 511.94최근 1000개 request의 p99 TTFT: 1.2166 초 | 
2025-11-17 17:23:18,042 - INFO - [실시간] 요청 3000개 처리 | 현재까지의 RPS: 570.98최근 1000개 request의 p99 TTFT: 1.8978 초 | 
2025-11-17 17:23:19,435 - INFO - [실시간] 요청 4000개 처리 | 현재까지의 RPS: 601.72최근 1000개 request의 p99 TTFT: 2.3794 초 | 
2025-11-17 17:23:19,435 - WARNING - 최근 1000개의 p99 TTFT 2.3794 초가 SLO 의 2배 (2.0 초)를 초과했습니다. 부하 테스트를 조기 종료합니다.
2025-11-17 17:23:20,774 - INFO - [실시간] 요청 5000개 처리 | 현재까지의 RPS: 626.04최근 1000개 request의 p99 TTFT: 3.0730 초 | 
2025-11-17 17:23:22,119 - INFO - [실시간] 요청 6000개 처리 | 현재까지의 RPS: 642.97최근 1000개 request의 p99 TTFT: 3.6149 초 | 
2025-11-17 17:23:23,419 - INFO - [실시간] 요청 7000개 처리 | 현재까지의 RPS: 658.46최근 1000개 request의 p99 TTFT: 4.4949 초 | 
2025-11-17 17:23:25,070 - INFO - [실시간] 요청 8000개 처리 | 현재까지의 RPS: 651.36최근 1000개 request의 p99 TTFT: 4.9467 초 | 
통계에 반영된 요청 인덱스 범위: 0 ~ 4000 (총 4000개 요청)
통계 반영된 요청 수: 4000, 통계 반영된 시간: 40.47 초

==================================================
 실험 최종 결과 요약
==================================================
 부하 테스트가 조기 종료되었습니다! (SLO 위반)
 Client 수를 낮추어 다시 시도하세요.
 설정 실험 시간: 60 초
 Clients 수: 7500
 통계 반영 시간: 40.47 초
 총 시도된 요청: 4000 개
 총 완료된 요청: 4000 개
 총 실패한 요청: 0 개
 완료 요청 중 retrieval이 실패한 요청: -4179 개
 요청 성공률: 100.00%
 전체 Requests Per Second (RPS): 98.84
--------------------------------------------------
 Time to First Token (TTFT) Latency:
  - 평균 (Mean): 0.4615 초
  - 중간값 (50%ile): 0.3494 초
  - 최소값 (Min): 0.0546 초
  - 최대값 (Max): 2.6682 초
  - 95%ile Tail: 1.2851 초
  - 99%ile Tail: 2.0225 초
--------------------------------------------------
 Time Per Output Token (TPOT):
  - 평균 (Mean): 17.05 ms/token
--------------------------------------------------
 Embedding Latency:
  - 총 샘플 수: 4000
  - 평균 (Mean): 9.35 ms
  - 중간값 (50%ile): 6.00 ms
  - 95%ile Tail: 23.05 ms
  - 99%ile Tail: 67.01 ms
--------------------------------------------------
 VectorDB Search Latency:
  - 총 샘플 수: 4000
  - 평균 (Mean): 355.12 ms
  - 중간값 (50%ile): 250.50 ms
  - 95%ile Tail: 1106.85 ms
  - 99%ile Tail: 1859.08 ms
--------------------------------------------------
 Document Search Latency:
  - 총 샘플 수: 4000
  - 평균 (Mean): 27.38 ms
  - 중간값 (50%ile): 13.00 ms
  - 95%ile Tail: 88.00 ms
  - 99%ile Tail: 391.04 ms
--------------------------------------------------
 Total Retrieval Latency:
  - 총 샘플 수: 4000
  - 평균 (Mean): 391.91 ms
  - 중간값 (50%ile): 280.00 ms
  - 95%ile Tail: 1230.35 ms
  - 99%ile Tail: 1922.02 ms
==================================================
