2025-11-17 17:23:54,484 - INFO - ReqGen 시작: 서버=163.152.48.109:9000, 클라이언트=6250, 시간=60초
2025-11-17 17:23:54,484 - INFO - Hugging Face에서 'kroshan/BioASQ' 데이터셋을 로드합니다...
2025-11-17 17:24:01,285 - INFO - 3266개의 질문을 로드했습니다.
2025-11-17 17:24:01,285 - INFO - 부하 테스트 시작, client 수 = 6250
2025-11-17 17:24:01,286 - INFO - Zipf 값 1.2에서 상위 20%의 질문이 차지하는 비율: 91.82%
2025-11-17 17:24:03,822 - INFO - [실시간] 요청 1000개 처리 | 현재까지의 RPS: 394.23최근 1000개 request의 p99 TTFT: 0.5090 초 | 
2025-11-17 17:24:05,301 - INFO - [실시간] 요청 2000개 처리 | 현재까지의 RPS: 498.17최근 1000개 request의 p99 TTFT: 0.5066 초 | 
2025-11-17 17:24:06,751 - INFO - [실시간] 요청 3000개 처리 | 현재까지의 RPS: 548.86최근 1000개 request의 p99 TTFT: 0.4959 초 | 
2025-11-17 17:24:08,092 - INFO - [실시간] 요청 4000개 처리 | 현재까지의 RPS: 587.64최근 1000개 request의 p99 TTFT: 0.4638 초 | 
2025-11-17 17:24:09,535 - INFO - [실시간] 요청 5000개 처리 | 현재까지의 RPS: 606.09최근 1000개 request의 p99 TTFT: 0.8884 초 | 
2025-11-17 17:24:10,860 - INFO - [실시간] 요청 6000개 처리 | 현재까지의 RPS: 626.68최근 1000개 request의 p99 TTFT: 1.3388 초 | 
2025-11-17 17:24:12,224 - INFO - [실시간] 요청 7000개 처리 | 현재까지의 RPS: 639.97최근 1000개 request의 p99 TTFT: 1.8555 초 | 
2025-11-17 17:24:13,501 - INFO - [실시간] 요청 8000개 처리 | 현재까지의 RPS: 654.92최근 1000개 request의 p99 TTFT: 2.1098 초 | 
2025-11-17 17:24:13,501 - WARNING - 최근 1000개의 p99 TTFT 2.1098 초가 SLO 의 2배 (2.0 초)를 초과했습니다. 부하 테스트를 조기 종료합니다.
통계에 반영된 요청 인덱스 범위: 0 ~ 8000 (총 8000개 요청)
통계 반영된 요청 수: 8000, 통계 반영된 시간: 33.52 초

==================================================
 실험 최종 결과 요약
==================================================
 부하 테스트가 조기 종료되었습니다! (SLO 위반)
 Client 수를 낮추어 다시 시도하세요.
 설정 실험 시간: 60 초
 Clients 수: 6250
 통계 반영 시간: 33.52 초
 총 시도된 요청: 8000 개
 총 완료된 요청: 8000 개
 총 실패한 요청: 0 개
 완료 요청 중 retrieval이 실패한 요청: -555 개
 요청 성공률: 100.00%
 전체 Requests Per Second (RPS): 238.65
--------------------------------------------------
 Time to First Token (TTFT) Latency:
  - 평균 (Mean): 0.4328 초
  - 중간값 (50%ile): 0.3084 초
  - 최소값 (Min): 0.0254 초
  - 최대값 (Max): 2.9617 초
  - 95%ile Tail: 1.4095 초
  - 99%ile Tail: 1.8472 초
--------------------------------------------------
 Time Per Output Token (TPOT):
  - 평균 (Mean): 16.99 ms/token
--------------------------------------------------
 Embedding Latency:
  - 총 샘플 수: 8000
  - 평균 (Mean): 10.29 ms
  - 중간값 (50%ile): 6.00 ms
  - 95%ile Tail: 19.05 ms
  - 99%ile Tail: 56.00 ms
--------------------------------------------------
 VectorDB Search Latency:
  - 총 샘플 수: 8000
  - 평균 (Mean): 318.68 ms
  - 중간값 (50%ile): 204.00 ms
  - 95%ile Tail: 1290.15 ms
  - 99%ile Tail: 1743.01 ms
--------------------------------------------------
 Document Search Latency:
  - 총 샘플 수: 8000
  - 평균 (Mean): 23.06 ms
  - 중간값 (50%ile): 12.00 ms
  - 95%ile Tail: 72.00 ms
  - 99%ile Tail: 134.00 ms
--------------------------------------------------
 Total Retrieval Latency:
  - 총 샘플 수: 8000
  - 평균 (Mean): 351.72 ms
  - 중간값 (50%ile): 231.00 ms
  - 95%ile Tail: 1328.00 ms
  - 99%ile Tail: 1784.05 ms
==================================================
