2025-11-17 17:24:35,958 - INFO - ReqGen 시작: 서버=163.152.48.109:9000, 클라이언트=5625, 시간=60초
2025-11-17 17:24:35,959 - INFO - Hugging Face에서 'kroshan/BioASQ' 데이터셋을 로드합니다...
2025-11-17 17:24:43,616 - INFO - 3266개의 질문을 로드했습니다.
2025-11-17 17:24:43,617 - INFO - 부하 테스트 시작, client 수 = 5625
2025-11-17 17:24:43,617 - INFO - Zipf 값 1.2에서 상위 20%의 질문이 차지하는 비율: 91.82%
2025-11-17 17:24:46,377 - INFO - [실시간] 요청 1000개 처리 | 현재까지의 RPS: 362.31최근 1000개 request의 p99 TTFT: 0.3220 초 | 
2025-11-17 17:24:47,888 - INFO - [실시간] 요청 2000개 처리 | 현재까지의 RPS: 468.19최근 1000개 request의 p99 TTFT: 0.5596 초 | 
2025-11-17 17:24:49,512 - INFO - [실시간] 요청 3000개 처리 | 현재까지의 RPS: 508.87최근 1000개 request의 p99 TTFT: 0.4163 초 | 
2025-11-17 17:24:50,873 - INFO - [실시간] 요청 4000개 처리 | 현재까지의 RPS: 551.26최근 1000개 request의 p99 TTFT: 0.4198 초 | 
2025-11-17 17:24:52,422 - INFO - [실시간] 요청 5000개 처리 | 현재까지의 RPS: 567.85최근 1000개 request의 p99 TTFT: 0.6722 초 | 
2025-11-17 17:24:53,671 - INFO - [실시간] 요청 6000개 처리 | 현재까지의 RPS: 596.75최근 1000개 request의 p99 TTFT: 0.6863 초 | 
2025-11-17 17:24:55,008 - INFO - [실시간] 요청 7000개 처리 | 현재까지의 RPS: 614.51최근 1000개 request의 p99 TTFT: 1.1452 초 | 
2025-11-17 17:24:57,418 - INFO - [실시간] 요청 8000개 처리 | 현재까지의 RPS: 579.64최근 1000개 request의 p99 TTFT: 1.1139 초 | 
2025-11-17 17:24:59,966 - INFO - [실시간] 요청 9000개 처리 | 현재까지의 RPS: 550.49최근 1000개 request의 p99 TTFT: 0.3791 초 | 
2025-11-17 17:25:02,234 - INFO - [실시간] 요청 10000개 처리 | 현재까지의 RPS: 537.13최근 1000개 request의 p99 TTFT: 0.3192 초 | 
2025-11-17 17:25:04,207 - INFO - [실시간] 요청 11000개 처리 | 현재까지의 RPS: 534.24최근 1000개 request의 p99 TTFT: 0.1963 초 | 
2025-11-17 17:25:06,210 - INFO - [실시간] 요청 12000개 처리 | 현재까지의 RPS: 531.14최근 1000개 request의 p99 TTFT: 0.6635 초 | 
2025-11-17 17:25:07,845 - INFO - [실시간] 요청 13000개 처리 | 현재까지의 RPS: 536.57최근 1000개 request의 p99 TTFT: 0.8250 초 | 
2025-11-17 17:25:09,634 - INFO - [실시간] 요청 14000개 처리 | 현재까지의 RPS: 538.10최근 1000개 request의 p99 TTFT: 0.4191 초 | 
2025-11-17 17:25:11,462 - INFO - [실시간] 요청 15000개 처리 | 현재까지의 RPS: 538.70최근 1000개 request의 p99 TTFT: 0.4682 초 | 
2025-11-17 17:25:13,292 - INFO - [실시간] 요청 16000개 처리 | 현재까지의 RPS: 539.17최근 1000개 request의 p99 TTFT: 0.4975 초 | 
2025-11-17 17:25:15,181 - INFO - [실시간] 요청 17000개 처리 | 현재까지의 RPS: 538.58최근 1000개 request의 p99 TTFT: 0.2099 초 | 
2025-11-17 17:25:17,330 - INFO - [실시간] 요청 18000개 처리 | 현재까지의 RPS: 533.91최근 1000개 request의 p99 TTFT: 0.3291 초 | 
2025-11-17 17:25:19,285 - INFO - [실시간] 요청 19000개 처리 | 현재까지의 RPS: 532.69최근 1000개 request의 p99 TTFT: 0.4441 초 | 
2025-11-17 17:25:21,220 - INFO - [실시간] 요청 20000개 처리 | 현재까지의 RPS: 531.86최근 1000개 request의 p99 TTFT: 0.2300 초 | 
2025-11-17 17:25:23,039 - INFO - [실시간] 요청 21000개 처리 | 현재까지의 RPS: 532.70최근 1000개 request의 p99 TTFT: 0.2277 초 | 
2025-11-17 17:25:25,048 - INFO - [실시간] 요청 22000개 처리 | 현재까지의 RPS: 531.00최근 1000개 request의 p99 TTFT: 0.2211 초 | 
2025-11-17 17:25:26,963 - INFO - [실시간] 요청 23000개 처리 | 현재까지의 RPS: 530.61최근 1000개 request의 p99 TTFT: 0.2304 초 | 
2025-11-17 17:25:28,794 - INFO - [실시간] 요청 24000개 처리 | 현재까지의 RPS: 531.24최근 1000개 request의 p99 TTFT: 0.4456 초 | 
2025-11-17 17:25:30,797 - INFO - [실시간] 요청 25000개 처리 | 현재까지의 RPS: 529.89최근 1000개 request의 p99 TTFT: 0.2225 초 | 
2025-11-17 17:25:32,701 - INFO - [실시간] 요청 26000개 처리 | 현재까지의 RPS: 529.70최근 1000개 request의 p99 TTFT: 0.3712 초 | 
2025-11-17 17:25:34,668 - INFO - [실시간] 요청 27000개 처리 | 현재까지의 RPS: 528.88최근 1000개 request의 p99 TTFT: 0.2040 초 | 
2025-11-17 17:25:36,619 - INFO - [실시간] 요청 28000개 처리 | 현재까지의 RPS: 528.28최근 1000개 request의 p99 TTFT: 0.2023 초 | 
2025-11-17 17:25:38,659 - INFO - [실시간] 요청 29000개 처리 | 현재까지의 RPS: 526.87최근 1000개 request의 p99 TTFT: 0.2887 초 | 
2025-11-17 17:25:40,529 - INFO - [실시간] 요청 30000개 처리 | 현재까지의 RPS: 527.12최근 1000개 request의 p99 TTFT: 0.2115 초 | 
2025-11-17 17:25:42,496 - INFO - [실시간] 요청 31000개 처리 | 현재까지의 RPS: 526.50최근 1000개 request의 p99 TTFT: 0.2146 초 | 
2025-11-17 17:25:44,564 - INFO - [실시간] 요청 32000개 처리 | 현재까지의 RPS: 525.05최근 1000개 request의 p99 TTFT: 0.4679 초 | 
통계에 반영된 요청 인덱스 범위: 0 ~ 32000 (총 32000개 요청)
통계 반영된 요청 수: 32000, 통계 반영된 시간: 81.22 초

==================================================
 실험 최종 결과 요약
==================================================
 설정 실험 시간: 60 초
 Clients 수: 5625
 통계 반영 시간: 81.22 초
 총 시도된 요청: 32000 개
 총 완료된 요청: 32000 개
 총 실패한 요청: 0 개
 완료 요청 중 retrieval이 실패한 요청: -79 개
 요청 성공률: 100.00%
 전체 Requests Per Second (RPS): 394.01
--------------------------------------------------
 Time to First Token (TTFT) Latency:
  - 평균 (Mean): 0.1572 초
  - 중간값 (50%ile): 0.1369 초
  - 최소값 (Min): 0.0188 초
  - 최대값 (Max): 1.2837 초
  - 95%ile Tail: 0.3816 초
  - 99%ile Tail: 0.7030 초
--------------------------------------------------
 Time Per Output Token (TPOT):
  - 평균 (Mean): 16.79 ms/token
--------------------------------------------------
 Embedding Latency:
  - 총 샘플 수: 32000
  - 평균 (Mean): 8.09 ms
  - 중간값 (50%ile): 7.00 ms
  - 95%ile Tail: 14.00 ms
  - 99%ile Tail: 31.00 ms
--------------------------------------------------
 VectorDB Search Latency:
  - 총 샘플 수: 32000
  - 평균 (Mean): 51.99 ms
  - 중간값 (50%ile): 17.00 ms
  - 95%ile Tail: 218.00 ms
  - 99%ile Tail: 531.02 ms
--------------------------------------------------
 Document Search Latency:
  - 총 샘플 수: 32000
  - 평균 (Mean): 14.36 ms
  - 중간값 (50%ile): 7.00 ms
  - 95%ile Tail: 46.00 ms
  - 99%ile Tail: 96.00 ms
--------------------------------------------------
 Total Retrieval Latency:
  - 총 샘플 수: 32000
  - 평균 (Mean): 74.46 ms
  - 중간값 (50%ile): 35.00 ms
  - 95%ile Tail: 264.00 ms
  - 99%ile Tail: 600.01 ms
==================================================
