2025-11-17 17:21:30,235 - INFO - ReqGen 시작: 서버=163.152.48.109:9000, 클라이언트=5000, 시간=60초
2025-11-17 17:21:30,235 - INFO - Hugging Face에서 'kroshan/BioASQ' 데이터셋을 로드합니다...
2025-11-17 17:21:38,362 - INFO - 3266개의 질문을 로드했습니다.
2025-11-17 17:21:38,363 - INFO - 부하 테스트 시작, client 수 = 5000
2025-11-17 17:21:38,363 - INFO - Zipf 값 1.2에서 상위 20%의 질문이 차지하는 비율: 91.82%
2025-11-17 17:21:41,279 - INFO - [실시간] 요청 1000개 처리 | 현재까지의 RPS: 342.88최근 1000개 request의 p99 TTFT: 0.3862 초 | 
2025-11-17 17:21:42,970 - INFO - [실시간] 요청 2000개 처리 | 현재까지의 RPS: 434.05최근 1000개 request의 p99 TTFT: 0.4335 초 | 
2025-11-17 17:21:44,682 - INFO - [실시간] 요청 3000개 처리 | 현재까지의 RPS: 474.71최근 1000개 request의 p99 TTFT: 0.4158 초 | 
2025-11-17 17:21:46,271 - INFO - [실시간] 요청 4000개 처리 | 현재까지의 RPS: 505.79최근 1000개 request의 p99 TTFT: 0.4945 초 | 
2025-11-17 17:21:47,753 - INFO - [실시간] 요청 5000개 처리 | 현재까지의 RPS: 532.47최근 1000개 request의 p99 TTFT: 0.5630 초 | 
2025-11-17 17:21:49,166 - INFO - [실시간] 요청 6000개 처리 | 현재까지의 RPS: 555.40최근 1000개 request의 p99 TTFT: 0.6701 초 | 
2025-11-17 17:21:51,420 - INFO - [실시간] 요청 7000개 처리 | 현재까지의 RPS: 536.11최근 1000개 request의 p99 TTFT: 0.6202 초 | 
2025-11-17 17:21:54,294 - INFO - [실시간] 요청 8000개 처리 | 현재까지의 RPS: 502.17최근 1000개 request의 p99 TTFT: 0.2925 초 | 
2025-11-17 17:21:56,909 - INFO - [실시간] 요청 9000개 처리 | 현재까지의 RPS: 485.27최근 1000개 request의 p99 TTFT: 0.2213 초 | 
2025-11-17 17:21:59,152 - INFO - [실시간] 요청 10000개 처리 | 현재까지의 RPS: 481.02최근 1000개 request의 p99 TTFT: 0.4021 초 | 
2025-11-17 17:22:01,194 - INFO - [실시간] 요청 11000개 처리 | 현재까지의 RPS: 481.81최근 1000개 request의 p99 TTFT: 0.2111 초 | 
2025-11-17 17:22:03,218 - INFO - [실시간] 요청 12000개 처리 | 현재까지의 RPS: 482.80최근 1000개 request의 p99 TTFT: 0.2070 초 | 
2025-11-17 17:22:05,281 - INFO - [실시간] 요청 13000개 처리 | 현재까지의 RPS: 482.95최근 1000개 request의 p99 TTFT: 0.3597 초 | 
2025-11-17 17:22:07,288 - INFO - [실시간] 요청 14000개 처리 | 현재까지의 RPS: 484.01최근 1000개 request의 p99 TTFT: 0.2287 초 | 
2025-11-17 17:22:09,471 - INFO - [실시간] 요청 15000개 처리 | 현재까지의 RPS: 482.18최근 1000개 request의 p99 TTFT: 0.1862 초 | 
2025-11-17 17:22:11,703 - INFO - [실시간] 요청 16000개 처리 | 현재까지의 RPS: 479.90최근 1000개 request의 p99 TTFT: 0.3657 초 | 
2025-11-17 17:22:13,932 - INFO - [실시간] 요청 17000개 처리 | 현재까지의 RPS: 477.94최근 1000개 request의 p99 TTFT: 0.2315 초 | 
2025-11-17 17:22:16,134 - INFO - [실시간] 요청 18000개 처리 | 현재까지의 RPS: 476.55최근 1000개 request의 p99 TTFT: 0.1940 초 | 
2025-11-17 17:22:18,161 - INFO - [실시간] 요청 19000개 처리 | 현재까지의 RPS: 477.41최근 1000개 request의 p99 TTFT: 0.2176 초 | 
2025-11-17 17:22:20,291 - INFO - [실시간] 요청 20000개 처리 | 현재까지의 RPS: 477.00최근 1000개 request의 p99 TTFT: 0.2011 초 | 
2025-11-17 17:22:22,397 - INFO - [실시간] 요청 21000개 처리 | 현재까지의 RPS: 476.90최근 1000개 request의 p99 TTFT: 0.2010 초 | 
2025-11-17 17:22:24,665 - INFO - [실시간] 요청 22000개 처리 | 현재까지의 RPS: 475.13최근 1000개 request의 p99 TTFT: 0.2223 초 | 
2025-11-17 17:22:26,801 - INFO - [실시간] 요청 23000개 처리 | 현재까지의 RPS: 474.83최근 1000개 request의 p99 TTFT: 0.3501 초 | 
2025-11-17 17:22:28,937 - INFO - [실시간] 요청 24000개 처리 | 현재까지의 RPS: 474.55최근 1000개 request의 p99 TTFT: 0.2024 초 | 
2025-11-17 17:22:31,145 - INFO - [실시간] 요청 25000개 처리 | 현재까지의 RPS: 473.64최근 1000개 request의 p99 TTFT: 0.3919 초 | 
2025-11-17 17:22:33,348 - INFO - [실시간] 요청 26000개 처리 | 현재까지의 RPS: 472.85최근 1000개 request의 p99 TTFT: 0.1986 초 | 
2025-11-17 17:22:35,684 - INFO - [실시간] 요청 27000개 처리 | 현재까지의 RPS: 471.03최근 1000개 request의 p99 TTFT: 0.2098 초 | 
2025-11-17 17:22:37,713 - INFO - [실시간] 요청 28000개 처리 | 현재까지의 RPS: 471.77최근 1000개 request의 p99 TTFT: 0.4768 초 | 
통계에 반영된 요청 인덱스 범위: 0 ~ 28743 (총 28743개 요청)
통계 반영된 요청 수: 28743, 통계 반영된 시간: 86.76 초

==================================================
 실험 최종 결과 요약
==================================================
 설정 실험 시간: 60 초
 Clients 수: 5000
 통계 반영 시간: 86.76 초
 총 시도된 요청: 28743 개
 총 완료된 요청: 28743 개
 총 실패한 요청: 0 개
 완료 요청 중 retrieval이 실패한 요청: 0 개
 요청 성공률: 100.00%
 전체 Requests Per Second (RPS): 331.31
--------------------------------------------------
 Time to First Token (TTFT) Latency:
  - 평균 (Mean): 0.1194 초
  - 중간값 (50%ile): 0.0953 초
  - 최소값 (Min): 0.0188 초
  - 최대값 (Max): 0.8290 초
  - 95%ile Tail: 0.3016 초
  - 99%ile Tail: 0.4538 초
--------------------------------------------------
 Time Per Output Token (TPOT):
  - 평균 (Mean): 16.81 ms/token
--------------------------------------------------
 Embedding Latency:
  - 총 샘플 수: 28737
  - 평균 (Mean): 8.25 ms
  - 중간값 (50%ile): 7.00 ms
  - 95%ile Tail: 13.00 ms
  - 99%ile Tail: 21.00 ms
--------------------------------------------------
 VectorDB Search Latency:
  - 총 샘플 수: 28737
  - 평균 (Mean): 43.61 ms
  - 중간값 (50%ile): 20.00 ms
  - 95%ile Tail: 195.00 ms
  - 99%ile Tail: 321.00 ms
--------------------------------------------------
 Document Search Latency:
  - 총 샘플 수: 28737
  - 평균 (Mean): 12.41 ms
  - 중간값 (50%ile): 7.00 ms
  - 95%ile Tail: 35.00 ms
  - 99%ile Tail: 73.00 ms
--------------------------------------------------
 Total Retrieval Latency:
  - 총 샘플 수: 28743
  - 평균 (Mean): 64.28 ms
  - 중간값 (50%ile): 38.00 ms
  - 95%ile Tail: 232.00 ms
  - 99%ile Tail: 363.00 ms
==================================================
