2025-11-17 17:26:48,152 - INFO - ReqGen 시작: 서버=163.152.48.109:9000, 클라이언트=5781, 시간=60초
2025-11-17 17:26:48,153 - INFO - Hugging Face에서 'kroshan/BioASQ' 데이터셋을 로드합니다...
2025-11-17 17:26:54,224 - INFO - 3266개의 질문을 로드했습니다.
2025-11-17 17:26:54,224 - INFO - 부하 테스트 시작, client 수 = 5781
2025-11-17 17:26:54,225 - INFO - Zipf 값 1.2에서 상위 20%의 질문이 차지하는 비율: 91.82%
2025-11-17 17:26:56,803 - INFO - [실시간] 요청 1000개 처리 | 현재까지의 RPS: 387.90최근 1000개 request의 p99 TTFT: 0.3188 초 | 
2025-11-17 17:26:58,314 - INFO - [실시간] 요청 2000개 처리 | 현재까지의 RPS: 489.09최근 1000개 request의 p99 TTFT: 0.2019 초 | 
2025-11-17 17:26:59,919 - INFO - [실시간] 요청 3000개 처리 | 현재까지의 RPS: 526.85최근 1000개 request의 p99 TTFT: 0.7403 초 | 
2025-11-17 17:27:01,245 - INFO - [실시간] 요청 4000개 처리 | 현재까지의 RPS: 569.74최근 1000개 request의 p99 TTFT: 0.8418 초 | 
2025-11-17 17:27:02,551 - INFO - [실시간] 요청 5000개 처리 | 현재까지의 RPS: 600.51최근 1000개 request의 p99 TTFT: 0.3015 초 | 
2025-11-17 17:27:03,935 - INFO - [실시간] 요청 6000개 처리 | 현재까지의 RPS: 617.90최근 1000개 request의 p99 TTFT: 0.5403 초 | 
2025-11-17 17:27:05,338 - INFO - [실시간] 요청 7000개 처리 | 현재까지의 RPS: 629.85최근 1000개 request의 p99 TTFT: 1.1082 초 | 
2025-11-17 17:27:07,147 - INFO - [실시간] 요청 8000개 처리 | 현재까지의 RPS: 619.06최근 1000개 request의 p99 TTFT: 1.8356 초 | 
2025-11-17 17:27:09,624 - INFO - [실시간] 요청 9000개 처리 | 현재까지의 RPS: 584.42최근 1000개 request의 p99 TTFT: 1.4588 초 | 
2025-11-17 17:27:11,891 - INFO - [실시간] 요청 10000개 처리 | 현재까지의 RPS: 566.06최근 1000개 request의 p99 TTFT: 0.2030 초 | 
2025-11-17 17:27:13,956 - INFO - [실시간] 요청 11000개 처리 | 현재까지의 RPS: 557.50최근 1000개 request의 p99 TTFT: 0.1839 초 | 
2025-11-17 17:27:15,791 - INFO - [실시간] 요청 12000개 처리 | 현재까지의 RPS: 556.42최근 1000개 request의 p99 TTFT: 0.2444 초 | 
2025-11-17 17:27:17,548 - INFO - [실시간] 요청 13000개 처리 | 현재까지의 RPS: 557.39최근 1000개 request의 p99 TTFT: 0.2308 초 | 
2025-11-17 17:27:19,267 - INFO - [실시간] 요청 14000개 처리 | 현재까지의 RPS: 559.05최근 1000개 request의 p99 TTFT: 0.2353 초 | 
2025-11-17 17:27:21,055 - INFO - [실시간] 요청 15000개 처리 | 현재까지의 RPS: 559.06최근 1000개 request의 p99 TTFT: 0.1923 초 | 
2025-11-17 17:27:22,863 - INFO - [실시간] 요청 16000개 처리 | 현재까지의 RPS: 558.69최근 1000개 request의 p99 TTFT: 0.3523 초 | 
2025-11-17 17:27:24,768 - INFO - [실시간] 요청 17000개 처리 | 현재까지의 RPS: 556.58최근 1000개 request의 p99 TTFT: 0.4781 초 | 
2025-11-17 17:27:26,549 - INFO - [실시간] 요청 18000개 처리 | 현재까지의 RPS: 556.85최근 1000개 request의 p99 TTFT: 0.4284 초 | 
2025-11-17 17:27:28,567 - INFO - [실시간] 요청 19000개 처리 | 현재까지의 RPS: 553.25최근 1000개 request의 p99 TTFT: 0.2108 초 | 
2025-11-17 17:27:30,523 - INFO - [실시간] 요청 20000개 처리 | 현재까지의 RPS: 551.00최근 1000개 request의 p99 TTFT: 0.2046 초 | 
2025-11-17 17:27:32,395 - INFO - [실시간] 요청 21000개 처리 | 현재까지의 RPS: 550.17최근 1000개 request의 p99 TTFT: 0.2102 초 | 
2025-11-17 17:27:34,256 - INFO - [실시간] 요청 22000개 처리 | 현재까지의 RPS: 549.57최근 1000개 request의 p99 TTFT: 0.2072 초 | 
2025-11-17 17:27:36,163 - INFO - [실시간] 요청 23000개 처리 | 현재까지의 RPS: 548.42최근 1000개 request의 p99 TTFT: 0.2036 초 | 
2025-11-17 17:27:37,972 - INFO - [실시간] 요청 24000개 처리 | 현재까지의 RPS: 548.60최근 1000개 request의 p99 TTFT: 0.1914 초 | 
2025-11-17 17:27:39,850 - INFO - [실시간] 요청 25000개 처리 | 현재까지의 RPS: 547.94최근 1000개 request의 p99 TTFT: 0.4819 초 | 
2025-11-17 17:27:41,695 - INFO - [실시간] 요청 26000개 처리 | 현재까지의 RPS: 547.71최근 1000개 request의 p99 TTFT: 0.2199 초 | 
2025-11-17 17:27:43,622 - INFO - [실시간] 요청 27000개 처리 | 현재까지의 RPS: 546.59최근 1000개 request의 p99 TTFT: 0.1993 초 | 
2025-11-17 17:27:45,533 - INFO - [실시간] 요청 28000개 처리 | 현재까지의 RPS: 545.71최근 1000개 request의 p99 TTFT: 0.2145 초 | 
2025-11-17 17:27:47,431 - INFO - [실시간] 요청 29000개 처리 | 현재까지의 RPS: 545.05최근 1000개 request의 p99 TTFT: 0.4970 초 | 
2025-11-17 17:27:49,264 - INFO - [실시간] 요청 30000개 처리 | 현재까지의 RPS: 545.06최근 1000개 request의 p99 TTFT: 0.1937 초 | 
2025-11-17 17:27:51,135 - INFO - [실시간] 요청 31000개 처리 | 현재까지의 RPS: 544.72최근 1000개 request의 p99 TTFT: 0.1999 초 | 
2025-11-17 17:27:52,926 - INFO - [실시간] 요청 32000개 처리 | 현재까지의 RPS: 545.13최근 1000개 request의 p99 TTFT: 0.4540 초 | 
2025-11-17 17:27:54,809 - INFO - [실시간] 요청 33000개 처리 | 현재까지의 RPS: 544.70최근 1000개 request의 p99 TTFT: 0.4035 초 | 
통계에 반영된 요청 인덱스 범위: 0 ~ 33000 (총 33000개 요청)
통계 반영된 요청 수: 33000, 통계 반영된 시간: 81.20 초

==================================================
 실험 최종 결과 요약
==================================================
 설정 실험 시간: 60 초
 Clients 수: 5781
 통계 반영 시간: 81.20 초
 총 시도된 요청: 33000 개
 총 완료된 요청: 33000 개
 총 실패한 요청: 0 개
 완료 요청 중 retrieval이 실패한 요청: -192 개
 요청 성공률: 100.00%
 전체 Requests Per Second (RPS): 406.40
--------------------------------------------------
 Time to First Token (TTFT) Latency:
  - 평균 (Mean): 0.1404 초
  - 중간값 (50%ile): 0.1153 초
  - 최소값 (Min): 0.0179 초
  - 최대값 (Max): 2.5066 초
  - 95%ile Tail: 0.3587 초
  - 99%ile Tail: 0.7550 초
--------------------------------------------------
 Time Per Output Token (TPOT):
  - 평균 (Mean): 16.82 ms/token
--------------------------------------------------
 Embedding Latency:
  - 총 샘플 수: 33000
  - 평균 (Mean): 7.85 ms
  - 중간값 (50%ile): 7.00 ms
  - 95%ile Tail: 13.00 ms
  - 99%ile Tail: 27.00 ms
--------------------------------------------------
 VectorDB Search Latency:
  - 총 샘플 수: 33000
  - 평균 (Mean): 49.77 ms
  - 중간값 (50%ile): 17.00 ms
  - 95%ile Tail: 207.00 ms
  - 99%ile Tail: 579.00 ms
--------------------------------------------------
 Document Search Latency:
  - 총 샘플 수: 33000
  - 평균 (Mean): 13.43 ms
  - 중간값 (50%ile): 7.00 ms
  - 95%ile Tail: 40.00 ms
  - 99%ile Tail: 89.01 ms
--------------------------------------------------
 Total Retrieval Latency:
  - 총 샘플 수: 33000
  - 평균 (Mean): 71.06 ms
  - 중간값 (50%ile): 33.00 ms
  - 95%ile Tail: 260.00 ms
  - 99%ile Tail: 668.02 ms
==================================================
