2025-10-01 23:50:02,590 - INFO - ReqGen 시작: 서버=163.152.48.109:9000, 클라이언트=4500, 시간=60초
2025-10-01 23:50:02,591 - INFO - Hugging Face에서 'kroshan/BioASQ' 데이터셋을 로드합니다...
2025-10-01 23:50:09,388 - INFO - 3266개의 질문을 로드했습니다.
2025-10-01 23:50:09,389 - INFO - 부하 테스트 시작, client 수 = 4500
2025-10-01 23:50:09,390 - INFO - Zipf 값 1.2에서 상위 20%의 질문이 차지하는 비율: 91.82%
2025-10-01 23:50:12,326 - INFO - [실시간] 요청 1000개 처리 | 현재까지의 RPS: 340.60최근 1000개 request의 p99 TTFT: 0.4209 초 | 
2025-10-01 23:50:14,352 - INFO - [실시간] 요청 2000개 처리 | 현재까지의 RPS: 403.04최근 1000개 request의 p99 TTFT: 0.5318 초 | 
2025-10-01 23:50:16,413 - INFO - [실시간] 요청 3000개 처리 | 현재까지의 RPS: 427.11최근 1000개 request의 p99 TTFT: 0.4930 초 | 
2025-10-01 23:50:17,792 - INFO - [실시간] 요청 4000개 처리 | 현재까지의 RPS: 476.06최근 1000개 request의 p99 TTFT: 0.4983 초 | 
2025-10-01 23:50:19,124 - INFO - [실시간] 요청 5000개 처리 | 현재까지의 RPS: 513.66최근 1000개 request의 p99 TTFT: 0.2544 초 | 
2025-10-01 23:50:20,378 - INFO - [실시간] 요청 6000개 처리 | 현재까지의 RPS: 546.04최근 1000개 request의 p99 TTFT: 0.5947 초 | 
2025-10-01 23:50:22,276 - INFO - [실시간] 요청 7000개 처리 | 현재까지의 RPS: 543.21최근 1000개 request의 p99 TTFT: 0.5563 초 | 
2025-10-01 23:50:24,263 - INFO - [실시간] 요청 8000개 처리 | 현재까지의 RPS: 537.88최근 1000개 request의 p99 TTFT: 0.4262 초 | 
2025-10-01 23:50:25,526 - INFO - [실시간] 요청 9000개 처리 | 현재까지의 RPS: 557.76최근 1000개 request의 p99 TTFT: 0.5341 초 | 
2025-10-01 23:50:26,970 - INFO - [실시간] 요청 10000개 처리 | 현재까지의 RPS: 568.83최근 1000개 request의 p99 TTFT: 0.6710 초 | 
2025-10-01 23:50:28,592 - INFO - [실시간] 요청 11000개 처리 | 현재까지의 RPS: 572.85최근 1000개 request의 p99 TTFT: 0.2147 초 | 
2025-10-01 23:50:30,368 - INFO - [실시간] 요청 12000개 처리 | 현재까지의 RPS: 572.03최근 1000개 request의 p99 TTFT: 0.3792 초 | 
2025-10-01 23:50:31,927 - INFO - [실시간] 요청 13000개 처리 | 현재까지의 RPS: 576.82최근 1000개 request의 p99 TTFT: 0.3810 초 | 
2025-10-01 23:50:33,452 - INFO - [실시간] 요청 14000개 처리 | 현재까지의 RPS: 581.81최근 1000개 request의 p99 TTFT: 0.3170 초 | 
2025-10-01 23:50:35,029 - INFO - [실시간] 요청 15000개 처리 | 현재까지의 RPS: 585.05최근 1000개 request의 p99 TTFT: 0.2752 초 | 
2025-10-01 23:50:36,604 - INFO - [실시간] 요청 16000개 처리 | 현재까지의 RPS: 587.92최근 1000개 request의 p99 TTFT: 0.2113 초 | 
2025-10-01 23:50:38,311 - INFO - [실시간] 요청 17000개 처리 | 현재까지의 RPS: 587.81최근 1000개 request의 p99 TTFT: 0.3026 초 | 
2025-10-01 23:50:39,807 - INFO - [실시간] 요청 18000개 처리 | 현재까지의 RPS: 591.76최근 1000개 request의 p99 TTFT: 0.6151 초 | 
2025-10-01 23:50:41,463 - INFO - [실시간] 요청 19000개 처리 | 현재까지의 RPS: 592.39최근 1000개 request의 p99 TTFT: 0.4523 초 | 
2025-10-01 23:50:43,075 - INFO - [실시간] 요청 20000개 처리 | 현재까지의 RPS: 593.73최근 1000개 request의 p99 TTFT: 0.2307 초 | 
2025-10-01 23:50:44,661 - INFO - [실시간] 요청 21000개 처리 | 현재까지의 RPS: 595.39최근 1000개 request의 p99 TTFT: 0.2119 초 | 
2025-10-01 23:50:46,270 - INFO - [실시간] 요청 22000개 처리 | 현재까지의 RPS: 596.51최근 1000개 request의 p99 TTFT: 0.2389 초 | 
2025-10-01 23:50:47,897 - INFO - [실시간] 요청 23000개 처리 | 현재까지의 RPS: 597.28최근 1000개 request의 p99 TTFT: 0.2472 초 | 
2025-10-01 23:50:49,488 - INFO - [실시간] 요청 24000개 처리 | 현재까지의 RPS: 598.53최근 1000개 request의 p99 TTFT: 0.4440 초 | 
2025-10-01 23:50:51,321 - INFO - [실시간] 요청 25000개 처리 | 현재까지의 RPS: 596.21최근 1000개 request의 p99 TTFT: 0.2440 초 | 
2025-10-01 23:50:52,927 - INFO - [실시간] 요청 26000개 처리 | 현재까지의 RPS: 597.19최근 1000개 request의 p99 TTFT: 0.8865 초 | 
2025-10-01 23:50:54,279 - INFO - [실시간] 요청 27000개 처리 | 현재까지의 RPS: 601.48최근 1000개 request의 p99 TTFT: 0.8745 초 | 
2025-10-01 23:50:55,838 - INFO - [실시간] 요청 28000개 처리 | 현재까지의 RPS: 602.81최근 1000개 request의 p99 TTFT: 0.4588 초 | 
2025-10-01 23:50:57,576 - INFO - [실시간] 요청 29000개 처리 | 현재까지의 RPS: 601.83최근 1000개 request의 p99 TTFT: 0.2038 초 | 
2025-10-01 23:50:59,231 - INFO - [실시간] 요청 30000개 처리 | 현재까지의 RPS: 601.91최근 1000개 request의 p99 TTFT: 0.2491 초 | 
2025-10-01 23:51:00,753 - INFO - [실시간] 요청 31000개 처리 | 현재까지의 RPS: 603.54최근 1000개 request의 p99 TTFT: 0.2336 초 | 
2025-10-01 23:51:02,221 - INFO - [실시간] 요청 32000개 처리 | 현재까지의 RPS: 605.70최근 1000개 request의 p99 TTFT: 0.4371 초 | 
2025-10-01 23:51:03,812 - INFO - [실시간] 요청 33000개 처리 | 현재까지의 RPS: 606.37최근 1000개 request의 p99 TTFT: 0.2051 초 | 
2025-10-01 23:51:05,417 - INFO - [실시간] 요청 34000개 처리 | 현재까지의 RPS: 606.85최근 1000개 request의 p99 TTFT: 0.1950 초 | 
2025-10-01 23:51:07,039 - INFO - [실시간] 요청 35000개 처리 | 현재까지의 RPS: 607.13최근 1000개 request의 p99 TTFT: 0.2428 초 | 
2025-10-01 23:51:08,751 - INFO - [실시간] 요청 36000개 처리 | 현재까지의 RPS: 606.46최근 1000개 request의 p99 TTFT: 0.3688 초 | 
통계에 반영된 요청 인덱스 범위: 0 ~ 36876 (총 36876개 요청)
통계 반영된 요청 수: 36876, 통계 반영된 시간: 80.97 초

==================================================
 실험 최종 결과 요약
==================================================
 설정 실험 시간: 60 초
 Clients 수: 4500
 통계 반영 시간: 80.97 초
 총 시도된 요청: 36876 개
 총 완료된 요청: 36876 개
 총 실패한 요청: 0 개
 완료 요청 중 retrieval이 실패한 요청: 0 개
 요청 성공률: 100.00%
 전체 Requests Per Second (RPS): 455.44
--------------------------------------------------
 Time to First Token (TTFT) Latency:
  - 평균 (Mean): 0.1291 초
  - 중간값 (50%ile): 0.1099 초
  - 최소값 (Min): 0.0261 초
  - 최대값 (Max): 1.0249 초
  - 95%ile Tail: 0.2729 초
  - 99%ile Tail: 0.5366 초
--------------------------------------------------
 Time Per Output Token (TPOT):
  - 평균 (Mean): 16.68 ms/token
--------------------------------------------------
 Embedding Latency:
  - 총 샘플 수: 36871
  - 평균 (Mean): 8.50 ms
  - 중간값 (50%ile): 7.00 ms
  - 95%ile Tail: 17.00 ms
  - 99%ile Tail: 35.00 ms
--------------------------------------------------
 VectorDB Search Latency:
  - 총 샘플 수: 36871
  - 평균 (Mean): 35.49 ms
  - 중간값 (50%ile): 18.00 ms
  - 95%ile Tail: 127.00 ms
  - 99%ile Tail: 311.00 ms
--------------------------------------------------
 Document Search Latency:
  - 총 샘플 수: 36871
  - 평균 (Mean): 13.90 ms
  - 중간값 (50%ile): 7.00 ms
  - 95%ile Tail: 44.00 ms
  - 99%ile Tail: 94.00 ms
--------------------------------------------------
 Total Retrieval Latency:
  - 총 샘플 수: 36876
  - 평균 (Mean): 57.90 ms
  - 중간값 (50%ile): 36.00 ms
  - 95%ile Tail: 176.00 ms
  - 99%ile Tail: 433.00 ms
==================================================
