2025-10-01 23:47:51,881 - INFO - ReqGen 시작: 서버=163.152.48.109:9000, 클라이언트=6000, 시간=60초
2025-10-01 23:47:51,881 - INFO - Hugging Face에서 'kroshan/BioASQ' 데이터셋을 로드합니다...
2025-10-01 23:47:59,261 - INFO - 3266개의 질문을 로드했습니다.
2025-10-01 23:47:59,262 - INFO - 부하 테스트 시작, client 수 = 6000
2025-10-01 23:47:59,263 - INFO - Zipf 값 1.2에서 상위 20%의 질문이 차지하는 비율: 91.82%
2025-10-01 23:48:01,736 - INFO - [실시간] 요청 1000개 처리 | 현재까지의 RPS: 404.36최근 1000개 request의 p99 TTFT: 0.4707 초 | 
2025-10-01 23:48:03,487 - INFO - [실시간] 요청 2000개 처리 | 현재까지의 RPS: 473.42최근 1000개 request의 p99 TTFT: 0.7935 초 | 
2025-10-01 23:48:04,873 - INFO - [실시간] 요청 3000개 처리 | 현재까지의 RPS: 534.72최근 1000개 request의 p99 TTFT: 0.8219 초 | 
2025-10-01 23:48:06,238 - INFO - [실시간] 요청 4000개 처리 | 현재까지의 RPS: 573.44최근 1000개 request의 p99 TTFT: 0.2104 초 | 
2025-10-01 23:48:07,579 - INFO - [실시간] 요청 5000개 처리 | 현재까지의 RPS: 601.19최근 1000개 request의 p99 TTFT: 0.5406 초 | 
2025-10-01 23:48:09,076 - INFO - [실시간] 요청 6000개 처리 | 현재까지의 RPS: 611.37최근 1000개 request의 p99 TTFT: 1.2090 초 | 
2025-10-01 23:48:09,077 - WARNING - 최근 1000개의 p99 TTFT 1.2090 초가 SLO 1.0 초를 초과했습니다. 부하 테스트를 조기 종료합니다.
2025-10-01 23:48:10,307 - INFO - [실시간] 요청 7000개 처리 | 현재까지의 RPS: 633.83최근 1000개 request의 p99 TTFT: 1.8624 초 | 
통계에 반영된 요청 인덱스 범위: 0 ~ 6000 (총 6000개 요청)
통계 반영된 요청 수: 6000, 통계 반영된 시간: 31.41 초

==================================================
 실험 최종 결과 요약
==================================================
 부하 테스트가 조기 종료되었습니다! (SLO 위반)
 Client 수를 낮추어 다시 시도하세요.
 설정 실험 시간: 60 초
 Clients 수: 6000
 통계 반영 시간: 31.41 초
 총 시도된 요청: 6000 개
 총 완료된 요청: 6000 개
 총 실패한 요청: 0 개
 완료 요청 중 retrieval이 실패한 요청: -1678 개
 요청 성공률: 100.00%
 전체 Requests Per Second (RPS): 191.03
--------------------------------------------------
 Time to First Token (TTFT) Latency:
  - 평균 (Mean): 0.2016 초
  - 중간값 (50%ile): 0.1313 초
  - 최소값 (Min): 0.0304 초
  - 최대값 (Max): 1.3130 초
  - 95%ile Tail: 0.6158 초
  - 99%ile Tail: 1.0280 초
--------------------------------------------------
 Time Per Output Token (TPOT):
  - 평균 (Mean): 16.65 ms/token
--------------------------------------------------
 Embedding Latency:
  - 총 샘플 수: 6000
  - 평균 (Mean): 9.51 ms
  - 중간값 (50%ile): 6.00 ms
  - 95%ile Tail: 32.00 ms
  - 99%ile Tail: 65.00 ms
--------------------------------------------------
 VectorDB Search Latency:
  - 총 샘플 수: 6000
  - 평균 (Mean): 96.94 ms
  - 중간값 (50%ile): 29.00 ms
  - 95%ile Tail: 441.05 ms
  - 99%ile Tail: 806.02 ms
--------------------------------------------------
 Document Search Latency:
  - 총 샘플 수: 6000
  - 평균 (Mean): 16.16 ms
  - 중간값 (50%ile): 8.00 ms
  - 95%ile Tail: 49.00 ms
  - 99%ile Tail: 121.00 ms
--------------------------------------------------
 Total Retrieval Latency:
  - 총 샘플 수: 6000
  - 평균 (Mean): 122.53 ms
  - 중간값 (50%ile): 50.00 ms
  - 95%ile Tail: 507.00 ms
  - 99%ile Tail: 875.02 ms
==================================================
