2025-10-01 23:53:17,496 - INFO - ReqGen 시작: 서버=163.152.48.109:9000, 클라이언트=4688, 시간=60초
2025-10-01 23:53:17,496 - INFO - Hugging Face에서 'kroshan/BioASQ' 데이터셋을 로드합니다...
2025-10-01 23:53:24,909 - INFO - 3266개의 질문을 로드했습니다.
2025-10-01 23:53:24,910 - INFO - 부하 테스트 시작, client 수 = 4688
2025-10-01 23:53:24,910 - INFO - Zipf 값 1.2에서 상위 20%의 질문이 차지하는 비율: 91.82%
2025-10-01 23:53:27,682 - INFO - [실시간] 요청 1000개 처리 | 현재까지의 RPS: 360.74최근 1000개 request의 p99 TTFT: 0.6908 초 | 
2025-10-01 23:53:30,030 - INFO - [실시간] 요청 2000개 처리 | 현재까지의 RPS: 390.59최근 1000개 request의 p99 TTFT: 0.1994 초 | 
2025-10-01 23:53:31,654 - INFO - [실시간] 요청 3000개 처리 | 현재까지의 RPS: 444.84최근 1000개 request의 p99 TTFT: 0.6199 초 | 
2025-10-01 23:53:33,144 - INFO - [실시간] 요청 4000개 처리 | 현재까지의 RPS: 485.78최근 1000개 request의 p99 TTFT: 0.2087 초 | 
2025-10-01 23:53:34,440 - INFO - [실시간] 요청 5000개 처리 | 현재까지의 RPS: 524.66최근 1000개 request의 p99 TTFT: 0.2621 초 | 
2025-10-01 23:53:35,709 - INFO - [실시간] 요청 6000개 처리 | 현재까지의 RPS: 555.60최근 1000개 request의 p99 TTFT: 0.7414 초 | 
2025-10-01 23:53:37,324 - INFO - [실시간] 요청 7000개 처리 | 현재까지의 RPS: 563.89최근 1000개 request의 p99 TTFT: 0.7172 초 | 
2025-10-01 23:53:39,026 - INFO - [실시간] 요청 8000개 처리 | 현재까지의 RPS: 566.74최근 1000개 request의 p99 TTFT: 0.4646 초 | 
2025-10-01 23:53:40,575 - INFO - [실시간] 요청 9000개 처리 | 현재까지의 RPS: 574.52최근 1000개 request의 p99 TTFT: 0.2114 초 | 
2025-10-01 23:53:42,019 - INFO - [실시간] 요청 10000개 처리 | 현재까지의 RPS: 584.49최근 1000개 request의 p99 TTFT: 0.2268 초 | 
2025-10-01 23:53:43,545 - INFO - [실시간] 요청 11000개 처리 | 현재까지의 RPS: 590.27최근 1000개 request의 p99 TTFT: 0.2421 초 | 
2025-10-01 23:53:45,064 - INFO - [실시간] 요청 12000개 처리 | 현재까지의 RPS: 595.41최근 1000개 request의 p99 TTFT: 0.2499 초 | 
2025-10-01 23:53:46,672 - INFO - [실시간] 요청 13000개 처리 | 현재까지의 RPS: 597.36최근 1000개 request의 p99 TTFT: 0.2083 초 | 
2025-10-01 23:53:48,303 - INFO - [실시간] 요청 14000개 처리 | 현재까지의 RPS: 598.46최근 1000개 request의 p99 TTFT: 0.3650 초 | 
2025-10-01 23:53:49,699 - INFO - [실시간] 요청 15000개 처리 | 현재까지의 RPS: 605.11최근 1000개 request의 p99 TTFT: 0.4576 초 | 
2025-10-01 23:53:51,271 - INFO - [실시간] 요청 16000개 처리 | 현재까지의 RPS: 606.94최근 1000개 request의 p99 TTFT: 0.2857 초 | 
2025-10-01 23:53:52,824 - INFO - [실시간] 요청 17000개 처리 | 현재까지의 RPS: 609.02최근 1000개 request의 p99 TTFT: 0.2168 초 | 
2025-10-01 23:53:54,356 - INFO - [실시간] 요청 18000개 처리 | 현재까지의 RPS: 611.28최근 1000개 request의 p99 TTFT: 0.5315 초 | 
2025-10-01 23:53:55,945 - INFO - [실시간] 요청 19000개 처리 | 현재까지의 RPS: 612.20최근 1000개 request의 p99 TTFT: 0.2094 초 | 
2025-10-01 23:53:57,431 - INFO - [실시간] 요청 20000개 처리 | 현재까지의 RPS: 614.99최근 1000개 request의 p99 TTFT: 0.2650 초 | 
2025-10-01 23:53:58,994 - INFO - [실시간] 요청 21000개 처리 | 현재까지의 RPS: 616.13최근 1000개 request의 p99 TTFT: 0.4420 초 | 
2025-10-01 23:54:00,513 - INFO - [실시간] 요청 22000개 처리 | 현재까지의 RPS: 617.92최근 1000개 request의 p99 TTFT: 0.4193 초 | 
2025-10-01 23:54:01,966 - INFO - [실시간] 요청 23000개 처리 | 현재까지의 RPS: 620.69최근 1000개 request의 p99 TTFT: 0.1961 초 | 
2025-10-01 23:54:03,775 - INFO - [실시간] 요청 24000개 처리 | 현재까지의 RPS: 617.51최근 1000개 request의 p99 TTFT: 0.5980 초 | 
2025-10-01 23:54:05,078 - INFO - [실시간] 요청 25000개 처리 | 현재까지의 RPS: 622.38최근 1000개 request의 p99 TTFT: 0.5031 초 | 
2025-10-01 23:54:06,654 - INFO - [실시간] 요청 26000개 처리 | 현재까지의 RPS: 622.84최근 1000개 request의 p99 TTFT: 0.2791 초 | 
2025-10-01 23:54:08,265 - INFO - [실시간] 요청 27000개 처리 | 현재까지의 RPS: 622.77최근 1000개 request의 p99 TTFT: 0.4057 초 | 
2025-10-01 23:54:09,816 - INFO - [실시간] 요청 28000개 처리 | 현재까지의 RPS: 623.52최근 1000개 request의 p99 TTFT: 0.4348 초 | 
2025-10-01 23:54:11,249 - INFO - [실시간] 요청 29000개 처리 | 현재까지의 RPS: 625.83최근 1000개 request의 p99 TTFT: 0.3840 초 | 
2025-10-01 23:54:12,702 - INFO - [실시간] 요청 30000개 처리 | 현재까지의 RPS: 627.72최근 1000개 request의 p99 TTFT: 0.2198 초 | 
2025-10-01 23:54:14,333 - INFO - [실시간] 요청 31000개 처리 | 현재까지의 RPS: 627.23최근 1000개 request의 p99 TTFT: 0.2073 초 | 
2025-10-01 23:54:15,894 - INFO - [실시간] 요청 32000개 처리 | 현재까지의 RPS: 627.65최근 1000개 request의 p99 TTFT: 0.2179 초 | 
2025-10-01 23:54:17,373 - INFO - [실시간] 요청 33000개 처리 | 현재까지의 RPS: 629.01최근 1000개 request의 p99 TTFT: 0.2375 초 | 
2025-10-01 23:54:18,801 - INFO - [실시간] 요청 34000개 처리 | 현재까지의 RPS: 630.90최근 1000개 request의 p99 TTFT: 0.2336 초 | 
2025-10-01 23:54:20,368 - INFO - [실시간] 요청 35000개 처리 | 현재까지의 RPS: 631.10최근 1000개 request의 p99 TTFT: 0.4677 초 | 
2025-10-01 23:54:21,889 - INFO - [실시간] 요청 36000개 처리 | 현재까지의 RPS: 631.81최근 1000개 request의 p99 TTFT: 0.4277 초 | 
2025-10-01 23:54:23,434 - INFO - [실시간] 요청 37000개 처리 | 현재까지의 RPS: 632.22최근 1000개 request의 p99 TTFT: 0.2064 초 | 
2025-10-01 23:54:24,976 - INFO - [실시간] 요청 38000개 처리 | 현재까지의 RPS: 632.63최근 1000개 request의 p99 TTFT: 0.2298 초 | 
/home/cloud_cxl/.local/lib/python3.10/site-packages/numpy/core/fromnumeric.py:3504: RuntimeWarning: Mean of empty slice.
  return _methods._mean(a, axis=axis, dtype=dtype,
/home/cloud_cxl/.local/lib/python3.10/site-packages/numpy/core/_methods.py:129: RuntimeWarning: invalid value encountered in scalar divide
  ret = ret.dtype.type(ret / rcount)
통계에 반영된 요청 인덱스 범위: 38000 ~ 38000 (총 0개 요청)
통계 반영된 요청 수: 0, 통계 반영된 시간: 0.00 초

==================================================
 실험 최종 결과 요약
==================================================
 설정 실험 시간: 60 초
 Clients 수: 4688
 통계 반영 시간: 0.00 초
 총 시도된 요청: 0 개
 총 완료된 요청: 0 개
 총 실패한 요청: 0 개
 완료 요청 중 retrieval이 실패한 요청: -38354 개
 요청 성공률: 0.00%
 전체 Requests Per Second (RPS): 0.00
--------------------------------------------------
 Time to First Token (TTFT) Latency:
  - 평균 (Mean): nan 초
Traceback (most recent call last):
  File "/home/cloud_cxl/CXLSharedMemGPU/ReqGen/main.py", line 404, in <module>
    main()
  File "/home/cloud_cxl/CXLSharedMemGPU/ReqGen/main.py", line 401, in main
    asyncio.run(reqgen.run())
  File "/usr/lib/python3.10/asyncio/runners.py", line 44, in run
    return loop.run_until_complete(main)
  File "/usr/lib/python3.10/asyncio/base_events.py", line 649, in run_until_complete
    return future.result()
  File "/home/cloud_cxl/CXLSharedMemGPU/ReqGen/main.py", line 382, in run
    self._print_final_summary()
  File "/home/cloud_cxl/CXLSharedMemGPU/ReqGen/main.py", line 310, in _print_final_summary
    print(f"  - 중간값 (50%ile): {np.percentile(ttfts, 50):.4f} 초")
  File "/home/cloud_cxl/.local/lib/python3.10/site-packages/numpy/lib/function_base.py", line 4283, in percentile
    return _quantile_unchecked(
  File "/home/cloud_cxl/.local/lib/python3.10/site-packages/numpy/lib/function_base.py", line 4555, in _quantile_unchecked
    return _ureduce(a,
  File "/home/cloud_cxl/.local/lib/python3.10/site-packages/numpy/lib/function_base.py", line 3823, in _ureduce
    r = func(a, **kwargs)
  File "/home/cloud_cxl/.local/lib/python3.10/site-packages/numpy/lib/function_base.py", line 4722, in _quantile_ureduce_func
    result = _quantile(arr,
  File "/home/cloud_cxl/.local/lib/python3.10/site-packages/numpy/lib/function_base.py", line 4831, in _quantile
    slices_having_nans = np.isnan(arr[-1, ...])
IndexError: index -1 is out of bounds for axis 0 with size 0
