2025-10-01 23:51:32,146 - INFO - ReqGen 시작: 서버=163.152.48.109:9000, 클라이언트=5250, 시간=60초
2025-10-01 23:51:32,146 - INFO - Hugging Face에서 'kroshan/BioASQ' 데이터셋을 로드합니다...
2025-10-01 23:51:38,964 - INFO - 3266개의 질문을 로드했습니다.
2025-10-01 23:51:38,965 - INFO - 부하 테스트 시작, client 수 = 5250
2025-10-01 23:51:38,965 - INFO - Zipf 값 1.2에서 상위 20%의 질문이 차지하는 비율: 91.82%
2025-10-01 23:51:41,551 - INFO - [실시간] 요청 1000개 처리 | 현재까지의 RPS: 386.66최근 1000개 request의 p99 TTFT: 0.4918 초 | 
2025-10-01 23:51:43,773 - INFO - [실시간] 요청 2000개 처리 | 현재까지의 RPS: 415.99최근 1000개 request의 p99 TTFT: 0.3714 초 | 
2025-10-01 23:51:45,253 - INFO - [실시간] 요청 3000개 처리 | 현재까지의 RPS: 477.13최근 1000개 request의 p99 TTFT: 0.9452 초 | 
2025-10-01 23:51:46,669 - INFO - [실시간] 요청 4000개 처리 | 현재까지의 RPS: 519.21최근 1000개 request의 p99 TTFT: 0.4797 초 | 
2025-10-01 23:51:48,222 - INFO - [실시간] 요청 5000개 처리 | 현재까지의 RPS: 540.10최근 1000개 request의 p99 TTFT: 0.3673 초 | 
2025-10-01 23:51:49,516 - INFO - [실시간] 요청 6000개 처리 | 현재까지의 RPS: 568.67최근 1000개 request의 p99 TTFT: 0.6914 초 | 
2025-10-01 23:51:50,733 - INFO - [실시간] 요청 7000개 처리 | 현재까지의 RPS: 594.84최근 1000개 request의 p99 TTFT: 1.7479 초 | 
2025-10-01 23:51:50,734 - WARNING - 최근 1000개의 p99 TTFT 1.7479 초가 SLO 1.0 초를 초과했습니다. 부하 테스트를 조기 종료합니다.
통계에 반영된 요청 인덱스 범위: 0 ~ 7000 (총 7000개 요청)
통계 반영된 요청 수: 7000, 통계 반영된 시간: 32.48 초

==================================================
 실험 최종 결과 요약
==================================================
 부하 테스트가 조기 종료되었습니다! (SLO 위반)
 Client 수를 낮추어 다시 시도하세요.
 설정 실험 시간: 60 초
 Clients 수: 5250
 통계 반영 시간: 32.48 초
 총 시도된 요청: 7000 개
 총 완료된 요청: 7000 개
 총 실패한 요청: 0 개
 완료 요청 중 retrieval이 실패한 요청: -750 개
 요청 성공률: 100.00%
 전체 Requests Per Second (RPS): 215.54
--------------------------------------------------
 Time to First Token (TTFT) Latency:
  - 평균 (Mean): 0.2478 초
  - 중간값 (50%ile): 0.1609 초
  - 최소값 (Min): 0.0275 초
  - 최대값 (Max): 2.1359 초
  - 95%ile Tail: 0.7609 초
  - 99%ile Tail: 1.4294 초
--------------------------------------------------
 Time Per Output Token (TPOT):
  - 평균 (Mean): 16.93 ms/token
--------------------------------------------------
 Embedding Latency:
  - 총 샘플 수: 7000
  - 평균 (Mean): 11.98 ms
  - 중간값 (50%ile): 6.00 ms
  - 95%ile Tail: 42.05 ms
  - 99%ile Tail: 83.00 ms
--------------------------------------------------
 VectorDB Search Latency:
  - 총 샘플 수: 7000
  - 평균 (Mean): 124.35 ms
  - 중간값 (50%ile): 49.00 ms
  - 95%ile Tail: 561.00 ms
  - 99%ile Tail: 1178.02 ms
--------------------------------------------------
 Document Search Latency:
  - 총 샘플 수: 7000
  - 평균 (Mean): 26.96 ms
  - 중간값 (50%ile): 10.00 ms
  - 95%ile Tail: 94.00 ms
  - 99%ile Tail: 413.02 ms
--------------------------------------------------
 Total Retrieval Latency:
  - 총 샘플 수: 7000
  - 평균 (Mean): 163.11 ms
  - 중간값 (50%ile): 88.00 ms
  - 95%ile Tail: 671.00 ms
  - 99%ile Tail: 1297.03 ms
==================================================
