2025-10-01 23:52:13,167 - INFO - ReqGen 시작: 서버=163.152.48.109:9000, 클라이언트=4875, 시간=60초
2025-10-01 23:52:13,168 - INFO - Hugging Face에서 'kroshan/BioASQ' 데이터셋을 로드합니다...
2025-10-01 23:52:20,119 - INFO - 3266개의 질문을 로드했습니다.
2025-10-01 23:52:20,120 - INFO - 부하 테스트 시작, client 수 = 4875
2025-10-01 23:52:20,120 - INFO - Zipf 값 1.2에서 상위 20%의 질문이 차지하는 비율: 91.82%
2025-10-01 23:52:22,836 - INFO - [실시간] 요청 1000개 처리 | 현재까지의 RPS: 368.25최근 1000개 request의 p99 TTFT: 0.6029 초 | 
2025-10-01 23:52:25,014 - INFO - [실시간] 요청 2000개 처리 | 현재까지의 RPS: 408.73최근 1000개 request의 p99 TTFT: 0.4196 초 | 
2025-10-01 23:52:26,692 - INFO - [실시간] 요청 3000개 처리 | 현재까지의 RPS: 456.51최근 1000개 request의 p99 TTFT: 0.5629 초 | 
2025-10-01 23:52:28,205 - INFO - [실시간] 요청 4000개 처리 | 현재까지의 RPS: 494.76최근 1000개 request의 p99 TTFT: 0.2347 초 | 
2025-10-01 23:52:29,457 - INFO - [실시간] 요청 5000개 처리 | 현재까지의 RPS: 535.50최근 1000개 request의 p99 TTFT: 0.4231 초 | 
2025-10-01 23:52:30,749 - INFO - [실시간] 요청 6000개 처리 | 현재까지의 RPS: 564.49최근 1000개 request의 p99 TTFT: 0.6229 초 | 
2025-10-01 23:52:32,141 - INFO - [실시간] 요청 7000개 처리 | 현재까지의 RPS: 582.33최근 1000개 request의 p99 TTFT: 0.8933 초 | 
2025-10-01 23:52:33,896 - INFO - [실시간] 요청 8000개 처리 | 현재까지의 RPS: 580.73최근 1000개 request의 p99 TTFT: 0.4853 초 | 
2025-10-01 23:52:35,365 - INFO - [실시간] 요청 9000개 처리 | 현재까지의 RPS: 590.39최근 1000개 request의 p99 TTFT: 0.3823 초 | 
2025-10-01 23:52:36,834 - INFO - [실시간] 요청 10000개 처리 | 현재까지의 RPS: 598.31최근 1000개 request의 p99 TTFT: 0.6125 초 | 
2025-10-01 23:52:38,233 - INFO - [실시간] 요청 11000개 처리 | 현재까지의 RPS: 607.31최근 1000개 request의 p99 TTFT: 0.2810 초 | 
2025-10-01 23:52:39,800 - INFO - [실시간] 요청 12000개 처리 | 현재까지의 RPS: 609.78최근 1000개 request의 p99 TTFT: 0.2154 초 | 
2025-10-01 23:52:41,258 - INFO - [실시간] 요청 13000개 처리 | 현재까지의 RPS: 615.03최근 1000개 request의 p99 TTFT: 0.4392 초 | 
2025-10-01 23:52:42,842 - INFO - [실시간] 요청 14000개 처리 | 현재까지의 RPS: 616.15최근 1000개 request의 p99 TTFT: 0.2526 초 | 
2025-10-01 23:52:44,227 - INFO - [실시간] 요청 15000개 처리 | 현재까지의 RPS: 622.23최근 1000개 request의 p99 TTFT: 0.4387 초 | 
2025-10-01 23:52:45,675 - INFO - [실시간] 요청 16000개 처리 | 현재까지의 RPS: 626.10최근 1000개 request의 p99 TTFT: 0.4864 초 | 
2025-10-01 23:52:47,149 - INFO - [실시간] 요청 17000개 처리 | 현재까지의 RPS: 628.96최근 1000개 request의 p99 TTFT: 0.2123 초 | 
2025-10-01 23:52:48,661 - INFO - [실시간] 요청 18000개 처리 | 현재까지의 RPS: 630.68최근 1000개 request의 p99 TTFT: 0.2547 초 | 
2025-10-01 23:52:50,192 - INFO - [실시간] 요청 19000개 처리 | 현재까지의 RPS: 631.82최근 1000개 request의 p99 TTFT: 0.2480 초 | 
2025-10-01 23:52:52,005 - INFO - [실시간] 요청 20000개 처리 | 현재까지의 RPS: 627.25최근 1000개 request의 p99 TTFT: 0.4663 초 | 
2025-10-01 23:52:53,447 - INFO - [실시간] 요청 21000개 처리 | 현재까지의 RPS: 630.12최근 1000개 request의 p99 TTFT: 0.8344 초 | 
2025-10-01 23:52:54,653 - INFO - [실시간] 요청 22000개 처리 | 현재까지의 RPS: 637.08최근 1000개 request의 p99 TTFT: 1.1047 초 | 
2025-10-01 23:52:54,653 - WARNING - 최근 1000개의 p99 TTFT 1.1047 초가 SLO 1.0 초를 초과했습니다. 부하 테스트를 조기 종료합니다.
통계에 반영된 요청 인덱스 범위: 0 ~ 22000 (총 22000개 요청)
통계 반영된 요청 수: 22000, 통계 반영된 시간: 55.63 초

==================================================
 실험 최종 결과 요약
==================================================
 부하 테스트가 조기 종료되었습니다! (SLO 위반)
 Client 수를 낮추어 다시 시도하세요.
 설정 실험 시간: 60 초
 Clients 수: 4875
 통계 반영 시간: 55.63 초
 총 시도된 요청: 22000 개
 총 완료된 요청: 22000 개
 총 실패한 요청: 0 개
 완료 요청 중 retrieval이 실패한 요청: -515 개
 요청 성공률: 100.00%
 전체 Requests Per Second (RPS): 395.49
--------------------------------------------------
 Time to First Token (TTFT) Latency:
  - 평균 (Mean): 0.1686 초
  - 중간값 (50%ile): 0.1255 초
  - 최소값 (Min): 0.0213 초
  - 최대값 (Max): 1.2666 초
  - 95%ile Tail: 0.4803 초
  - 99%ile Tail: 0.7708 초
--------------------------------------------------
 Time Per Output Token (TPOT):
  - 평균 (Mean): 16.73 ms/token
--------------------------------------------------
 Embedding Latency:
  - 총 샘플 수: 22000
  - 평균 (Mean): 10.24 ms
  - 중간값 (50%ile): 7.00 ms
  - 95%ile Tail: 23.00 ms
  - 99%ile Tail: 68.01 ms
--------------------------------------------------
 VectorDB Search Latency:
  - 총 샘플 수: 22000
  - 평균 (Mean): 62.49 ms
  - 중간값 (50%ile): 25.00 ms
  - 95%ile Tail: 235.00 ms
  - 99%ile Tail: 550.01 ms
--------------------------------------------------
 Document Search Latency:
  - 총 샘플 수: 22000
  - 평균 (Mean): 20.05 ms
  - 중간값 (50%ile): 9.00 ms
  - 95%ile Tail: 73.00 ms
  - 99%ile Tail: 154.00 ms
--------------------------------------------------
 Total Retrieval Latency:
  - 총 샘플 수: 22000
  - 평균 (Mean): 92.78 ms
  - 중간값 (50%ile): 47.00 ms
  - 95%ile Tail: 350.00 ms
  - 99%ile Tail: 660.00 ms
==================================================
