2025-10-01 23:48:32,355 - INFO - ReqGen 시작: 서버=163.152.48.109:9000, 클라이언트=3000, 시간=60초
2025-10-01 23:48:32,356 - INFO - Hugging Face에서 'kroshan/BioASQ' 데이터셋을 로드합니다...
2025-10-01 23:48:39,514 - INFO - 3266개의 질문을 로드했습니다.
2025-10-01 23:48:39,516 - INFO - 부하 테스트 시작, client 수 = 3000
2025-10-01 23:48:39,516 - INFO - Zipf 값 1.2에서 상위 20%의 질문이 차지하는 비율: 91.82%
2025-10-01 23:48:43,418 - INFO - [실시간] 요청 1000개 처리 | 현재까지의 RPS: 256.25최근 1000개 request의 p99 TTFT: 0.2544 초 | 
2025-10-01 23:48:46,294 - INFO - [실시간] 요청 2000개 처리 | 현재까지의 RPS: 295.09최근 1000개 request의 p99 TTFT: 0.2064 초 | 
2025-10-01 23:48:48,486 - INFO - [실시간] 요청 3000개 처리 | 현재까지의 RPS: 334.45최근 1000개 request의 p99 TTFT: 0.1945 초 | 
2025-10-01 23:48:50,388 - INFO - [실시간] 요청 4000개 처리 | 현재까지의 RPS: 367.91최근 1000개 request의 p99 TTFT: 0.3387 초 | 
2025-10-01 23:48:53,153 - INFO - [실시간] 요청 5000개 처리 | 현재까지의 RPS: 366.64최근 1000개 request의 p99 TTFT: 0.2816 초 | 
2025-10-01 23:48:55,539 - INFO - [실시간] 요청 6000개 처리 | 현재까지의 RPS: 374.45최근 1000개 request의 p99 TTFT: 0.4702 초 | 
2025-10-01 23:48:57,803 - INFO - [실시간] 요청 7000개 처리 | 현재까지의 RPS: 382.77최근 1000개 request의 p99 TTFT: 0.1935 초 | 
2025-10-01 23:49:00,201 - INFO - [실시간] 요청 8000개 처리 | 현재까지의 RPS: 386.74최근 1000개 request의 p99 TTFT: 0.2379 초 | 
2025-10-01 23:49:02,665 - INFO - [실시간] 요청 9000개 처리 | 현재까지의 RPS: 388.78최근 1000개 request의 p99 TTFT: 0.2080 초 | 
2025-10-01 23:49:04,961 - INFO - [실시간] 요청 10000개 처리 | 현재까지의 RPS: 393.00최근 1000개 request의 p99 TTFT: 0.2211 초 | 
2025-10-01 23:49:07,451 - INFO - [실시간] 요청 11000개 처리 | 현재까지의 RPS: 393.76최근 1000개 request의 p99 TTFT: 0.4544 초 | 
2025-10-01 23:49:09,762 - INFO - [실시간] 요청 12000개 처리 | 현재까지의 RPS: 396.75최근 1000개 request의 p99 TTFT: 0.2022 초 | 
2025-10-01 23:49:12,183 - INFO - [실시간] 요청 13000개 처리 | 현재까지의 RPS: 397.95최근 1000개 request의 p99 TTFT: 0.5211 초 | 
2025-10-01 23:49:14,613 - INFO - [실시간] 요청 14000개 처리 | 현재까지의 RPS: 398.90최근 1000개 request의 p99 TTFT: 0.2050 초 | 
2025-10-01 23:49:16,942 - INFO - [실시간] 요청 15000개 처리 | 현재까지의 RPS: 400.79최근 1000개 request의 p99 TTFT: 0.1970 초 | 
2025-10-01 23:49:19,342 - INFO - [실시간] 요청 16000개 처리 | 현재까지의 RPS: 401.74최근 1000개 request의 p99 TTFT: 0.2005 초 | 
2025-10-01 23:49:21,713 - INFO - [실시간] 요청 17000개 처리 | 현재까지의 RPS: 402.87최근 1000개 request의 p99 TTFT: 0.4524 초 | 
2025-10-01 23:49:24,106 - INFO - [실시간] 요청 18000개 처리 | 현재까지의 RPS: 403.67최근 1000개 request의 p99 TTFT: 0.2191 초 | 
2025-10-01 23:49:26,509 - INFO - [실시간] 요청 19000개 처리 | 현재까지의 RPS: 404.31최근 1000개 request의 p99 TTFT: 0.1994 초 | 
2025-10-01 23:49:28,861 - INFO - [실시간] 요청 20000개 처리 | 현재까지의 RPS: 405.31최근 1000개 request의 p99 TTFT: 0.1979 초 | 
2025-10-01 23:49:31,253 - INFO - [실시간] 요청 21000개 처리 | 현재까지의 RPS: 405.90최근 1000개 request의 p99 TTFT: 0.4893 초 | 
2025-10-01 23:49:33,651 - INFO - [실시간] 요청 22000개 처리 | 현재까지의 RPS: 406.39최근 1000개 request의 p99 TTFT: 0.1994 초 | 
2025-10-01 23:49:36,041 - INFO - [실시간] 요청 23000개 처리 | 현재까지의 RPS: 406.90최근 1000개 request의 p99 TTFT: 0.1983 초 | 
2025-10-01 23:49:38,431 - INFO - [실시간] 요청 24000개 처리 | 현재까지의 RPS: 407.37최근 1000개 request의 p99 TTFT: 0.2058 초 | 
통계에 반영된 요청 인덱스 범위: 0 ~ 24733 (총 24733개 요청)
통계 반영된 요청 수: 24733, 통계 반영된 시간: 81.18 초

==================================================
 실험 최종 결과 요약
==================================================
 설정 실험 시간: 60 초
 Clients 수: 3000
 통계 반영 시간: 81.18 초
 총 시도된 요청: 24733 개
 총 완료된 요청: 24733 개
 총 실패한 요청: 0 개
 완료 요청 중 retrieval이 실패한 요청: 0 개
 요청 성공률: 100.00%
 전체 Requests Per Second (RPS): 304.66
--------------------------------------------------
 Time to First Token (TTFT) Latency:
  - 평균 (Mean): 0.1029 초
  - 중간값 (50%ile): 0.0985 초
  - 최소값 (Min): 0.0233 초
  - 최대값 (Max): 0.6299 초
  - 95%ile Tail: 0.1764 초
  - 99%ile Tail: 0.2553 초
--------------------------------------------------
 Time Per Output Token (TPOT):
  - 평균 (Mean): 16.57 ms/token
--------------------------------------------------
 Embedding Latency:
  - 총 샘플 수: 24729
  - 평균 (Mean): 8.85 ms
  - 중간값 (50%ile): 8.00 ms
  - 95%ile Tail: 15.00 ms
  - 99%ile Tail: 22.00 ms
--------------------------------------------------
 VectorDB Search Latency:
  - 총 샘플 수: 24729
  - 평균 (Mean): 12.43 ms
  - 중간값 (50%ile): 11.00 ms
  - 95%ile Tail: 22.00 ms
  - 99%ile Tail: 37.00 ms
--------------------------------------------------
 Document Search Latency:
  - 총 샘플 수: 24729
  - 평균 (Mean): 11.68 ms
  - 중간값 (50%ile): 7.00 ms
  - 95%ile Tail: 33.00 ms
  - 99%ile Tail: 56.00 ms
--------------------------------------------------
 Total Retrieval Latency:
  - 총 샘플 수: 24733
  - 평균 (Mean): 32.97 ms
  - 중간값 (50%ile): 27.00 ms
  - 95%ile Tail: 64.00 ms
  - 99%ile Tail: 101.00 ms
==================================================
