2025-11-17 17:45:25,828 - INFO - ReqGen 시작: 서버=163.152.48.109:9000, 클라이언트=7187, 시간=80초
2025-11-17 17:45:25,828 - INFO - Hugging Face에서 'kroshan/BioASQ' 데이터셋을 로드합니다...
2025-11-17 17:45:33,402 - INFO - 3266개의 질문을 로드했습니다.
2025-11-17 17:45:33,402 - INFO - 부하 테스트 시작, client 수 = 7187
2025-11-17 17:45:33,403 - INFO - Zipf 값 1.2에서 상위 20%의 질문이 차지하는 비율: 91.82%
2025-11-17 17:45:36,897 - INFO - [실시간] 요청 1000개 처리 | 현재까지의 RPS: 286.20최근 1000개 request의 p99 TTFT: 0.3272 초 | 
2025-11-17 17:45:39,268 - INFO - [실시간] 요청 2000개 처리 | 현재까지의 RPS: 340.96최근 1000개 request의 p99 TTFT: 0.2129 초 | 
2025-11-17 17:45:41,294 - INFO - [실시간] 요청 3000개 처리 | 현재까지의 RPS: 380.14최근 1000개 request의 p99 TTFT: 0.3100 초 | 
2025-11-17 17:45:43,178 - INFO - [실시간] 요청 4000개 처리 | 현재까지의 RPS: 409.20최근 1000개 request의 p99 TTFT: 0.1910 초 | 
2025-11-17 17:45:44,991 - INFO - [실시간] 요청 5000개 처리 | 현재까지의 RPS: 431.46최근 1000개 request의 p99 TTFT: 0.1760 초 | 
2025-11-17 17:45:46,671 - INFO - [실시간] 요청 6000개 처리 | 현재까지의 RPS: 452.20최근 1000개 request의 p99 TTFT: 0.3190 초 | 
2025-11-17 17:45:48,226 - INFO - [실시간] 요청 7000개 처리 | 현재까지의 RPS: 472.22최근 1000개 request의 p99 TTFT: 0.5205 초 | 
2025-11-17 17:45:49,655 - INFO - [실시간] 요청 8000개 처리 | 현재까지의 RPS: 492.23최근 1000개 request의 p99 TTFT: 0.4888 초 | 
2025-11-17 17:45:51,037 - INFO - [실시간] 요청 9000개 처리 | 현재까지의 RPS: 510.37최근 1000개 request의 p99 TTFT: 0.4799 초 | 
2025-11-17 17:45:52,409 - INFO - [실시간] 요청 10000개 처리 | 현재까지의 RPS: 526.14최근 1000개 request의 p99 TTFT: 0.5115 초 | 
2025-11-17 17:45:53,873 - INFO - [실시간] 요청 11000개 처리 | 현재까지의 RPS: 537.37최근 1000개 request의 p99 TTFT: 0.9083 초 | 
2025-11-17 17:45:55,168 - INFO - [실시간] 요청 12000개 처리 | 현재까지의 RPS: 551.32최근 1000개 request의 p99 TTFT: 1.0378 초 | 
2025-11-17 17:45:56,458 - INFO - [실시간] 요청 13000개 처리 | 현재까지의 RPS: 563.86최근 1000개 request의 p99 TTFT: 1.0222 초 | 
2025-11-17 17:45:58,135 - INFO - [실시간] 요청 14000개 처리 | 현재까지의 RPS: 566.06최근 1000개 request의 p99 TTFT: 0.4234 초 | 
2025-11-17 17:45:59,759 - INFO - [실시간] 요청 15000개 처리 | 현재까지의 RPS: 569.11최근 1000개 request의 p99 TTFT: 0.4243 초 | 
2025-11-17 17:46:01,392 - INFO - [실시간] 요청 16000개 처리 | 현재까지의 RPS: 571.64최근 1000개 request의 p99 TTFT: 0.4185 초 | 
2025-11-17 17:46:02,936 - INFO - [실시간] 요청 17000개 처리 | 현재까지의 RPS: 575.62최근 1000개 request의 p99 TTFT: 0.2049 초 | 
2025-11-17 17:46:04,404 - INFO - [실시간] 요청 18000개 처리 | 현재까지의 RPS: 580.61최근 1000개 request의 p99 TTFT: 0.1953 초 | 
2025-11-17 17:46:05,995 - INFO - [실시간] 요청 19000개 처리 | 현재까지의 RPS: 582.96최근 1000개 request의 p99 TTFT: 0.1955 초 | 
2025-11-17 17:46:07,476 - INFO - [실시간] 요청 20000개 처리 | 현재까지의 RPS: 586.97최근 1000개 request의 p99 TTFT: 0.2073 초 | 
2025-11-17 17:46:08,986 - INFO - [실시간] 요청 21000개 처리 | 현재까지의 RPS: 590.16최근 1000개 request의 p99 TTFT: 0.2479 초 | 
2025-11-17 17:46:10,554 - INFO - [실시간] 요청 22000개 처리 | 현재까지의 RPS: 592.17최근 1000개 request의 p99 TTFT: 0.4635 초 | 
2025-11-17 17:46:12,070 - INFO - [실시간] 요청 23000개 처리 | 현재까지의 RPS: 594.82최근 1000개 request의 p99 TTFT: 0.6125 초 | 
2025-11-17 17:46:13,368 - INFO - [실시간] 요청 24000개 처리 | 현재까지의 RPS: 600.52최근 1000개 request의 p99 TTFT: 0.5977 초 | 
2025-11-17 17:46:14,823 - INFO - [실시간] 요청 25000개 처리 | 현재까지의 RPS: 603.56최근 1000개 request의 p99 TTFT: 0.2098 초 | 
2025-11-17 17:46:16,347 - INFO - [실시간] 요청 26000개 처리 | 현재까지의 RPS: 605.44최근 1000개 request의 p99 TTFT: 0.2073 초 | 
2025-11-17 17:46:17,876 - INFO - [실시간] 요청 27000개 처리 | 현재까지의 RPS: 607.10최근 1000개 request의 p99 TTFT: 0.2090 초 | 
2025-11-17 17:46:19,411 - INFO - [실시간] 요청 28000개 처리 | 현재까지의 RPS: 608.59최근 1000개 request의 p99 TTFT: 0.2014 초 | 
2025-11-17 17:46:20,948 - INFO - [실시간] 요청 29000개 처리 | 현재까지의 RPS: 609.94최근 1000개 request의 p99 TTFT: 0.2002 초 | 
2025-11-17 17:46:22,592 - INFO - [실시간] 요청 30000개 처리 | 현재까지의 RPS: 609.89최근 1000개 request의 p99 TTFT: 0.2018 초 | 
2025-11-17 17:46:24,132 - INFO - [실시간] 요청 31000개 처리 | 현재까지의 RPS: 611.09최근 1000개 request의 p99 TTFT: 0.2147 초 | 
2025-11-17 17:46:25,623 - INFO - [실시간] 요청 32000개 처리 | 현재까지의 RPS: 612.78최근 1000개 request의 p99 TTFT: 0.1992 초 | 
2025-11-17 17:46:27,123 - INFO - [실시간] 요청 33000개 처리 | 현재까지의 RPS: 614.29최근 1000개 request의 p99 TTFT: 0.4468 초 | 
2025-11-17 17:46:28,701 - INFO - [실시간] 요청 34000개 처리 | 현재까지의 RPS: 614.85최근 1000개 request의 p99 TTFT: 0.4259 초 | 
2025-11-17 17:46:30,089 - INFO - [실시간] 요청 35000개 처리 | 현재까지의 RPS: 617.43최근 1000개 request의 p99 TTFT: 0.4330 초 | 
2025-11-17 17:46:31,559 - INFO - [실시간] 요청 36000개 처리 | 현재까지의 RPS: 619.02최근 1000개 request의 p99 TTFT: 0.2156 초 | 
2025-11-17 17:46:33,232 - INFO - [실시간] 요청 37000개 처리 | 현재까지의 RPS: 618.43최근 1000개 request의 p99 TTFT: 0.3377 초 | 
2025-11-17 17:46:34,820 - INFO - [실시간] 요청 38000개 처리 | 현재까지의 RPS: 618.72최근 1000개 request의 p99 TTFT: 0.5710 초 | 
2025-11-17 17:46:36,247 - INFO - [실시간] 요청 39000개 처리 | 현재까지의 RPS: 620.58최근 1000개 request의 p99 TTFT: 0.5626 초 | 
2025-11-17 17:46:37,657 - INFO - [실시간] 요청 40000개 처리 | 현재까지의 RPS: 622.53최근 1000개 request의 p99 TTFT: 0.2357 초 | 
2025-11-17 17:46:39,104 - INFO - [실시간] 요청 41000개 처리 | 현재까지의 RPS: 624.04최근 1000개 request의 p99 TTFT: 0.4957 초 | 
2025-11-17 17:46:40,684 - INFO - [실시간] 요청 42000개 처리 | 현재까지의 RPS: 624.24최근 1000개 request의 p99 TTFT: 0.2195 초 | 
2025-11-17 17:46:42,173 - INFO - [실시간] 요청 43000개 처리 | 현재까지의 RPS: 625.27최근 1000개 request의 p99 TTFT: 0.3829 초 | 
2025-11-17 17:46:43,673 - INFO - [실시간] 요청 44000개 처리 | 현재까지의 RPS: 626.16최근 1000개 request의 p99 TTFT: 0.4573 초 | 
2025-11-17 17:46:45,153 - INFO - [실시간] 요청 45000개 처리 | 현재까지의 RPS: 627.18최근 1000개 request의 p99 TTFT: 0.4390 초 | 
2025-11-17 17:46:46,642 - INFO - [실시간] 요청 46000개 처리 | 현재까지의 RPS: 628.08최근 1000개 request의 p99 TTFT: 0.2975 초 | 
2025-11-17 17:46:48,140 - INFO - [실시간] 요청 47000개 처리 | 현재까지의 RPS: 628.87최근 1000개 request의 p99 TTFT: 0.2842 초 | 
2025-11-17 17:46:49,664 - INFO - [실시간] 요청 48000개 처리 | 현재까지의 RPS: 629.41최근 1000개 request의 p99 TTFT: 0.3149 초 | 
2025-11-17 17:46:51,212 - INFO - [실시간] 요청 49000개 처리 | 현재까지의 RPS: 629.74최근 1000개 request의 p99 TTFT: 0.3325 초 | 
2025-11-17 17:46:52,716 - INFO - [실시간] 요청 50000개 처리 | 현재까지의 RPS: 630.41최근 1000개 request의 p99 TTFT: 0.3552 초 | 
2025-11-17 17:46:54,547 - INFO - [실시간] 요청 51000개 처리 | 현재까지의 RPS: 628.51최근 1000개 request의 p99 TTFT: 0.4728 초 | 
통계에 반영된 요청 인덱스 범위: 0 ~ 51000 (총 51000개 요청)
통계 반영된 요청 수: 51000, 통계 반영된 시간: 101.51 초

==================================================
 실험 최종 결과 요약
==================================================
 설정 실험 시간: 80 초
 Clients 수: 7187
 통계 반영 시간: 101.51 초
 총 시도된 요청: 51000 개
 총 완료된 요청: 51000 개
 총 실패한 요청: 0 개
 완료 요청 중 retrieval이 실패한 요청: -65 개
 요청 성공률: 100.00%
 전체 Requests Per Second (RPS): 502.39
--------------------------------------------------
 Time to First Token (TTFT) Latency:
  - 평균 (Mean): 0.1331 초
  - 중간값 (50%ile): 0.0969 초
  - 최소값 (Min): 0.0191 초
  - 최대값 (Max): 1.4260 초
  - 95%ile Tail: 0.3741 초
  - 99%ile Tail: 0.6511 초
--------------------------------------------------
 Time Per Output Token (TPOT):
  - 평균 (Mean): 16.84 ms/token
--------------------------------------------------
 Embedding Latency:
  - 총 샘플 수: 51000
  - 평균 (Mean): 7.53 ms
  - 중간값 (50%ile): 6.00 ms
  - 95%ile Tail: 13.00 ms
  - 99%ile Tail: 32.00 ms
--------------------------------------------------
 VectorDB Search Latency:
  - 총 샘플 수: 51000
  - 평균 (Mean): 67.14 ms
  - 중간값 (50%ile): 30.00 ms
  - 95%ile Tail: 251.00 ms
  - 99%ile Tail: 557.01 ms
--------------------------------------------------
 Document Search Latency:
  - 총 샘플 수: 51000
  - 평균 (Mean): 12.06 ms
  - 중간값 (50%ile): 7.00 ms
  - 95%ile Tail: 35.00 ms
  - 99%ile Tail: 62.00 ms
--------------------------------------------------
 Total Retrieval Latency:
  - 총 샘플 수: 51000
  - 평균 (Mean): 86.74 ms
  - 중간값 (50%ile): 47.00 ms
  - 95%ile Tail: 290.00 ms
  - 99%ile Tail: 598.00 ms
==================================================
