2025-11-17 17:43:31,450 - INFO - ReqGen 시작: 서버=163.152.48.109:9000, 클라이언트=6875, 시간=80초
2025-11-17 17:43:31,451 - INFO - Hugging Face에서 'kroshan/BioASQ' 데이터셋을 로드합니다...
2025-11-17 17:43:43,093 - INFO - 3266개의 질문을 로드했습니다.
2025-11-17 17:43:43,093 - INFO - 부하 테스트 시작, client 수 = 6875
2025-11-17 17:43:43,093 - INFO - Zipf 값 1.2에서 상위 20%의 질문이 차지하는 비율: 91.82%
2025-11-17 17:43:46,759 - INFO - [실시간] 요청 1000개 처리 | 현재까지의 RPS: 272.77최근 1000개 request의 p99 TTFT: 0.3748 초 | 
2025-11-17 17:43:49,183 - INFO - [실시간] 요청 2000개 처리 | 현재까지의 RPS: 328.41최근 1000개 request의 p99 TTFT: 0.3523 초 | 
2025-11-17 17:43:51,382 - INFO - [실시간] 요청 3000개 처리 | 현재까지의 RPS: 361.93최근 1000개 request의 p99 TTFT: 0.2988 초 | 
2025-11-17 17:43:53,374 - INFO - [실시간] 요청 4000개 처리 | 현재까지의 RPS: 389.08최근 1000개 request의 p99 TTFT: 0.1873 초 | 
2025-11-17 17:43:55,223 - INFO - [실시간] 요청 5000개 처리 | 현재까지의 RPS: 412.22최근 1000개 request의 p99 TTFT: 0.2335 초 | 
2025-11-17 17:43:56,995 - INFO - [실시간] 요청 6000개 처리 | 현재까지의 RPS: 431.61최근 1000개 request의 p99 TTFT: 0.2253 초 | 
2025-11-17 17:43:58,550 - INFO - [실시간] 요청 7000개 처리 | 현재까지의 RPS: 452.89최근 1000개 request의 p99 TTFT: 0.4819 초 | 
2025-11-17 17:44:00,028 - INFO - [실시간] 요청 8000개 처리 | 현재까지의 RPS: 472.41최근 1000개 request의 p99 TTFT: 0.3675 초 | 
2025-11-17 17:44:01,402 - INFO - [실시간] 요청 9000개 처리 | 현재까지의 RPS: 491.56최근 1000개 request의 p99 TTFT: 0.5232 초 | 
2025-11-17 17:44:02,784 - INFO - [실시간] 요청 10000개 처리 | 현재까지의 RPS: 507.86최근 1000개 request의 p99 TTFT: 0.5289 초 | 
2025-11-17 17:44:04,081 - INFO - [실시간] 요청 11000개 처리 | 현재까지의 RPS: 524.11최근 1000개 request의 p99 TTFT: 0.6166 초 | 
2025-11-17 17:44:05,522 - INFO - [실시간] 요청 12000개 처리 | 현재까지의 RPS: 535.04최근 1000개 request의 p99 TTFT: 0.7086 초 | 
2025-11-17 17:44:07,264 - INFO - [실시간] 요청 13000개 처리 | 현재까지의 RPS: 537.85최근 1000개 request의 p99 TTFT: 0.2111 초 | 
2025-11-17 17:44:08,911 - INFO - [실시간] 요청 14000개 처리 | 현재까지의 RPS: 542.26최근 1000개 request의 p99 TTFT: 0.2281 초 | 
2025-11-17 17:44:10,600 - INFO - [실시간] 요청 15000개 처리 | 현재까지의 RPS: 545.32최근 1000개 request의 p99 TTFT: 0.4157 초 | 
2025-11-17 17:44:12,252 - INFO - [실시간] 요청 16000개 처리 | 현재까지의 RPS: 548.72최근 1000개 request의 p99 TTFT: 0.3889 초 | 
2025-11-17 17:44:13,929 - INFO - [실시간] 요청 17000개 처리 | 현재까지의 RPS: 551.30최근 1000개 request의 p99 TTFT: 0.4369 초 | 
2025-11-17 17:44:15,543 - INFO - [실시간] 요청 18000개 처리 | 현재까지의 RPS: 554.71최근 1000개 request의 p99 TTFT: 0.2020 초 | 
2025-11-17 17:44:17,095 - INFO - [실시간] 요청 19000개 처리 | 현재까지의 RPS: 558.80최근 1000개 request의 p99 TTFT: 0.2017 초 | 
2025-11-17 17:44:18,740 - INFO - [실시간] 요청 20000개 처리 | 현재까지의 RPS: 561.06최근 1000개 request의 p99 TTFT: 0.2459 초 | 
2025-11-17 17:44:20,204 - INFO - [실시간] 요청 21000개 처리 | 현재까지의 RPS: 565.88최근 1000개 request의 p99 TTFT: 0.4817 초 | 
2025-11-17 17:44:21,813 - INFO - [실시간] 요청 22000개 처리 | 현재까지의 RPS: 568.18최근 1000개 request의 p99 TTFT: 0.3595 초 | 
2025-11-17 17:44:23,405 - INFO - [실시간] 요청 23000개 처리 | 현재까지의 RPS: 570.56최근 1000개 request의 p99 TTFT: 0.1971 초 | 
2025-11-17 17:44:24,992 - INFO - [실시간] 요청 24000개 처리 | 현재까지의 RPS: 572.82최근 1000개 request의 p99 TTFT: 0.4252 초 | 
2025-11-17 17:44:26,575 - INFO - [실시간] 요청 25000개 처리 | 현재까지의 RPS: 574.96최근 1000개 request의 p99 TTFT: 0.2296 초 | 
2025-11-17 17:44:28,130 - INFO - [실시간] 요청 26000개 처리 | 현재까지의 RPS: 577.30최근 1000개 request의 p99 TTFT: 0.2828 초 | 
2025-11-17 17:44:29,931 - INFO - [실시간] 요청 27000개 처리 | 현재까지의 RPS: 576.46최근 1000개 request의 p99 TTFT: 0.6784 초 | 
2025-11-17 17:44:31,395 - INFO - [실시간] 요청 28000개 처리 | 현재까지의 RPS: 579.69최근 1000개 request의 p99 TTFT: 0.7860 초 | 
2025-11-17 17:44:32,937 - INFO - [실시간] 요청 29000개 처리 | 현재까지의 RPS: 581.82최근 1000개 request의 p99 TTFT: 0.2071 초 | 
2025-11-17 17:44:34,580 - INFO - [실시간] 요청 30000개 처리 | 현재까지의 RPS: 582.67최근 1000개 request의 p99 TTFT: 0.2027 초 | 
2025-11-17 17:44:36,124 - INFO - [실시간] 요청 31000개 처리 | 현재까지의 RPS: 584.57최근 1000개 request의 p99 TTFT: 0.2718 초 | 
2025-11-17 17:44:37,684 - INFO - [실시간] 요청 32000개 처리 | 현재까지의 RPS: 586.18최근 1000개 request의 p99 TTFT: 0.3037 초 | 
2025-11-17 17:44:39,181 - INFO - [실시간] 요청 33000개 처리 | 현재까지의 RPS: 588.37최근 1000개 request의 p99 TTFT: 0.4790 초 | 
2025-11-17 17:44:40,855 - INFO - [실시간] 요청 34000개 처리 | 현재까지의 RPS: 588.62최근 1000개 request의 p99 TTFT: 0.4868 초 | 
2025-11-17 17:44:42,427 - INFO - [실시간] 요청 35000개 처리 | 현재까지의 RPS: 589.89최근 1000개 request의 p99 TTFT: 0.2255 초 | 
2025-11-17 17:44:43,998 - INFO - [실시간] 요청 36000개 처리 | 현재까지의 RPS: 591.09최근 1000개 request의 p99 TTFT: 0.2171 초 | 
2025-11-17 17:44:45,477 - INFO - [실시간] 요청 37000개 처리 | 현재까지의 RPS: 593.10최근 1000개 request의 p99 TTFT: 0.1940 초 | 
2025-11-17 17:44:47,100 - INFO - [실시간] 요청 38000개 처리 | 현재까지의 RPS: 593.69최근 1000개 request의 p99 TTFT: 0.2110 초 | 
2025-11-17 17:44:48,704 - INFO - [실시간] 요청 39000개 처리 | 현재까지의 RPS: 594.42최근 1000개 request의 p99 TTFT: 0.2038 초 | 
2025-11-17 17:44:50,413 - INFO - [실시간] 요청 40000개 처리 | 현재까지의 RPS: 594.18최근 1000개 request의 p99 TTFT: 0.4693 초 | 
2025-11-17 17:44:52,033 - INFO - [실시간] 요청 41000개 처리 | 현재까지의 RPS: 594.72최근 1000개 request의 p99 TTFT: 0.4303 초 | 
2025-11-17 17:44:53,601 - INFO - [실시간] 요청 42000개 처리 | 현재까지의 RPS: 595.68최근 1000개 request의 p99 TTFT: 0.2479 초 | 
2025-11-17 17:44:55,279 - INFO - [실시간] 요청 43000개 처리 | 현재까지의 RPS: 595.68최근 1000개 request의 p99 TTFT: 0.3733 초 | 
2025-11-17 17:44:56,854 - INFO - [실시간] 요청 44000개 처리 | 현재까지의 RPS: 596.52최근 1000개 request의 p99 TTFT: 0.6506 초 | 
2025-11-17 17:44:58,365 - INFO - [실시간] 요청 45000개 처리 | 현재까지의 RPS: 597.83최근 1000개 request의 p99 TTFT: 0.2151 초 | 
2025-11-17 17:44:59,904 - INFO - [실시간] 요청 46000개 처리 | 현재까지의 RPS: 598.88최근 1000개 request의 p99 TTFT: 0.4379 초 | 
2025-11-17 17:45:01,399 - INFO - [실시간] 요청 47000개 처리 | 현재까지의 RPS: 600.21최근 1000개 request의 p99 TTFT: 0.2282 초 | 
2025-11-17 17:45:02,931 - INFO - [실시간] 요청 48000개 처리 | 현재까지의 RPS: 601.22최근 1000개 request의 p99 TTFT: 0.2275 초 | 
통계에 반영된 요청 인덱스 범위: 0 ~ 48664 (총 48664개 요청)
통계 반영된 요청 수: 48664, 통계 반영된 시간: 101.50 초

==================================================
 실험 최종 결과 요약
==================================================
 설정 실험 시간: 80 초
 Clients 수: 6875
 통계 반영 시간: 101.50 초
 총 시도된 요청: 48664 개
 총 완료된 요청: 48664 개
 총 실패한 요청: 0 개
 완료 요청 중 retrieval이 실패한 요청: 0 개
 요청 성공률: 100.00%
 전체 Requests Per Second (RPS): 479.46
--------------------------------------------------
 Time to First Token (TTFT) Latency:
  - 평균 (Mean): 0.1226 초
  - 중간값 (50%ile): 0.1121 초
  - 최소값 (Min): 0.0193 초
  - 최대값 (Max): 0.9230 초
  - 95%ile Tail: 0.2636 초
  - 99%ile Tail: 0.4736 초
--------------------------------------------------
 Time Per Output Token (TPOT):
  - 평균 (Mean): 16.80 ms/token
--------------------------------------------------
 Embedding Latency:
  - 총 샘플 수: 48659
  - 평균 (Mean): 7.72 ms
  - 중간값 (50%ile): 6.00 ms
  - 95%ile Tail: 14.00 ms
  - 99%ile Tail: 32.00 ms
--------------------------------------------------
 VectorDB Search Latency:
  - 총 샘플 수: 48659
  - 평균 (Mean): 34.51 ms
  - 중간값 (50%ile): 20.00 ms
  - 95%ile Tail: 127.00 ms
  - 99%ile Tail: 267.42 ms
--------------------------------------------------
 Document Search Latency:
  - 총 샘플 수: 48659
  - 평균 (Mean): 12.79 ms
  - 중간값 (50%ile): 7.00 ms
  - 95%ile Tail: 39.00 ms
  - 99%ile Tail: 86.00 ms
--------------------------------------------------
 Total Retrieval Latency:
  - 총 샘플 수: 48664
  - 평균 (Mean): 55.03 ms
  - 중간값 (50%ile): 36.00 ms
  - 95%ile Tail: 165.00 ms
  - 99%ile Tail: 367.00 ms
==================================================
