2025-11-17 17:47:16,146 - INFO - ReqGen 시작: 서버=163.152.48.109:9000, 클라이언트=7343, 시간=80초
2025-11-17 17:47:16,146 - INFO - Hugging Face에서 'kroshan/BioASQ' 데이터셋을 로드합니다...
2025-11-17 17:47:25,210 - INFO - 3266개의 질문을 로드했습니다.
2025-11-17 17:47:25,211 - INFO - 부하 테스트 시작, client 수 = 7343
2025-11-17 17:47:25,211 - INFO - Zipf 값 1.2에서 상위 20%의 질문이 차지하는 비율: 91.82%
2025-11-17 17:47:28,731 - INFO - [실시간] 요청 1000개 처리 | 현재까지의 RPS: 284.07최근 1000개 request의 p99 TTFT: 0.2369 초 | 
2025-11-17 17:47:30,950 - INFO - [실시간] 요청 2000개 처리 | 현재까지의 RPS: 348.49최근 1000개 request의 p99 TTFT: 0.2100 초 | 
2025-11-17 17:47:33,051 - INFO - [실시간] 요청 3000개 처리 | 현재까지의 RPS: 382.63최근 1000개 request의 p99 TTFT: 0.4009 초 | 
2025-11-17 17:47:34,941 - INFO - [실시간] 요청 4000개 처리 | 현재까지의 RPS: 411.07최근 1000개 request의 p99 TTFT: 0.2002 초 | 
2025-11-17 17:47:36,645 - INFO - [실시간] 요청 5000개 처리 | 현재까지의 RPS: 437.29최근 1000개 request의 p99 TTFT: 0.1897 초 | 
2025-11-17 17:47:38,455 - INFO - [실시간] 요청 6000개 처리 | 현재까지의 RPS: 453.02최근 1000개 request의 p99 TTFT: 0.4187 초 | 
2025-11-17 17:47:40,034 - INFO - [실시간] 요청 7000개 처리 | 현재까지의 RPS: 472.22최근 1000개 request의 p99 TTFT: 0.5447 초 | 
2025-11-17 17:47:41,444 - INFO - [실시간] 요청 8000개 처리 | 현재까지의 RPS: 492.80최근 1000개 request의 p99 TTFT: 0.7253 초 | 
2025-11-17 17:47:42,989 - INFO - [실시간] 요청 9000개 처리 | 현재까지의 RPS: 506.24최근 1000개 request의 p99 TTFT: 0.7012 초 | 
2025-11-17 17:47:44,430 - INFO - [실시간] 요청 10000개 처리 | 현재까지의 RPS: 520.31최근 1000개 request의 p99 TTFT: 1.0527 초 | 
2025-11-17 17:47:45,877 - INFO - [실시간] 요청 11000개 처리 | 현재까지의 RPS: 532.26최근 1000개 request의 p99 TTFT: 1.6886 초 | 
2025-11-17 17:47:47,305 - INFO - [실시간] 요청 12000개 처리 | 현재까지의 RPS: 543.13최근 1000개 request의 p99 TTFT: 2.2796 초 | 
2025-11-17 17:47:47,305 - WARNING - 최근 1000개의 p99 TTFT 2.2796 초가 SLO 의 2배 (2.0 초)를 초과했습니다. 부하 테스트를 조기 종료합니다.
2025-11-17 17:47:48,909 - INFO - [실시간] 요청 13000개 처리 | 현재까지의 RPS: 548.55최근 1000개 request의 p99 TTFT: 2.9614 초 | 
통계에 반영된 요청 인덱스 범위: 0 ~ 12000 (총 12000개 요청)
통계 반영된 요청 수: 12000, 통계 반영된 시간: 44.42 초

==================================================
 실험 최종 결과 요약
==================================================
 부하 테스트가 조기 종료되었습니다! (SLO 위반)
 Client 수를 낮추어 다시 시도하세요.
 설정 실험 시간: 80 초
 Clients 수: 7343
 통계 반영 시간: 44.42 초
 총 시도된 요청: 12000 개
 총 완료된 요청: 12000 개
 총 실패한 요청: 0 개
 완료 요청 중 retrieval이 실패한 요청: -1148 개
 요청 성공률: 100.00%
 전체 Requests Per Second (RPS): 270.14
--------------------------------------------------
 Time to First Token (TTFT) Latency:
  - 평균 (Mean): 0.3003 초
  - 중간값 (50%ile): 0.1859 초
  - 최소값 (Min): 0.0200 초
  - 최대값 (Max): 2.7681 초
  - 95%ile Tail: 1.0290 초
  - 99%ile Tail: 1.7395 초
--------------------------------------------------
 Time Per Output Token (TPOT):
  - 평균 (Mean): 16.95 ms/token
--------------------------------------------------
 Embedding Latency:
  - 총 샘플 수: 12000
  - 평균 (Mean): 7.88 ms
  - 중간값 (50%ile): 6.00 ms
  - 95%ile Tail: 16.00 ms
  - 99%ile Tail: 32.01 ms
--------------------------------------------------
 VectorDB Search Latency:
  - 총 샘플 수: 12000
  - 평균 (Mean): 217.09 ms
  - 중간값 (50%ile): 114.00 ms
  - 95%ile Tail: 912.05 ms
  - 99%ile Tail: 1620.04 ms
--------------------------------------------------
 Document Search Latency:
  - 총 샘플 수: 12000
  - 평균 (Mean): 18.23 ms
  - 중간값 (50%ile): 9.00 ms
  - 95%ile Tail: 55.00 ms
  - 99%ile Tail: 98.00 ms
--------------------------------------------------
 Total Retrieval Latency:
  - 총 샘플 수: 12000
  - 평균 (Mean): 243.12 ms
  - 중간값 (50%ile): 141.00 ms
  - 95%ile Tail: 954.05 ms
  - 99%ile Tail: 1673.05 ms
==================================================
