2025-11-17 17:38:39,430 - INFO - ReqGen 시작: 서버=163.152.48.109:9000, 클라이언트=5000, 시간=80초
2025-11-17 17:38:39,430 - INFO - Hugging Face에서 'kroshan/BioASQ' 데이터셋을 로드합니다...
2025-11-17 17:38:54,096 - INFO - 3266개의 질문을 로드했습니다.
2025-11-17 17:38:54,097 - INFO - 부하 테스트 시작, client 수 = 5000
2025-11-17 17:38:54,097 - INFO - Zipf 값 1.2에서 상위 20%의 질문이 차지하는 비율: 91.82%
2025-11-17 17:38:58,692 - INFO - [실시간] 요청 1000개 처리 | 현재까지의 RPS: 217.63최근 1000개 request의 p99 TTFT: 0.2293 초 | 
2025-11-17 17:39:01,890 - INFO - [실시간] 요청 2000개 처리 | 현재까지의 RPS: 256.64최근 1000개 request의 p99 TTFT: 0.1728 초 | 
2025-11-17 17:39:04,635 - INFO - [실시간] 요청 3000개 처리 | 현재까지의 RPS: 284.68최근 1000개 request의 p99 TTFT: 0.1960 초 | 
2025-11-17 17:39:07,194 - INFO - [실시간] 요청 4000개 처리 | 현재까지의 RPS: 305.42최근 1000개 request의 p99 TTFT: 0.8458 초 | 
2025-11-17 17:39:09,205 - INFO - [실시간] 요청 5000개 처리 | 현재까지의 RPS: 330.94최근 1000개 request의 p99 TTFT: 0.6218 초 | 
2025-11-17 17:39:11,202 - INFO - [실시간] 요청 6000개 처리 | 현재까지의 RPS: 350.77최근 1000개 request의 p99 TTFT: 0.4706 초 | 
2025-11-17 17:39:12,936 - INFO - [실시간] 요청 7000개 처리 | 현재까지의 RPS: 371.57최근 1000개 request의 p99 TTFT: 0.2374 초 | 
2025-11-17 17:39:14,700 - INFO - [실시간] 요청 8000개 처리 | 현재까지의 RPS: 388.28최근 1000개 request의 p99 TTFT: 0.2585 초 | 
2025-11-17 17:39:16,969 - INFO - [실시간] 요청 9000개 처리 | 현재까지의 RPS: 393.49최근 1000개 request의 p99 TTFT: 0.4800 초 | 
2025-11-17 17:39:19,340 - INFO - [실시간] 요청 10000개 처리 | 현재까지의 RPS: 396.15최근 1000개 request의 p99 TTFT: 0.2329 초 | 
2025-11-17 17:39:21,571 - INFO - [실시간] 요청 11000개 처리 | 현재까지의 RPS: 400.37최근 1000개 request의 p99 TTFT: 0.5646 초 | 
2025-11-17 17:39:23,806 - INFO - [실시간] 요청 12000개 처리 | 현재까지의 RPS: 403.91최근 1000개 request의 p99 TTFT: 0.2222 초 | 
2025-11-17 17:39:25,951 - INFO - [실시간] 요청 13000개 처리 | 현재까지의 RPS: 408.11최근 1000개 request의 p99 TTFT: 0.2128 초 | 
2025-11-17 17:39:28,056 - INFO - [실시간] 요청 14000개 처리 | 현재까지의 RPS: 412.26최근 1000개 request의 p99 TTFT: 0.2414 초 | 
2025-11-17 17:39:30,195 - INFO - [실시간] 요청 15000개 처리 | 현재까지의 RPS: 415.54최근 1000개 request의 p99 TTFT: 0.2330 초 | 
2025-11-17 17:39:32,270 - INFO - [실시간] 요청 16000개 처리 | 현재까지의 RPS: 419.14최근 1000개 request의 p99 TTFT: 0.2127 초 | 
2025-11-17 17:39:34,369 - INFO - [실시간] 요청 17000개 처리 | 현재까지의 RPS: 422.13최근 1000개 request의 p99 TTFT: 0.2107 초 | 
2025-11-17 17:39:36,528 - INFO - [실시간] 요청 18000개 처리 | 현재까지의 RPS: 424.22최근 1000개 request의 p99 TTFT: 0.4339 초 | 
2025-11-17 17:39:38,833 - INFO - [실시간] 요청 19000개 처리 | 현재까지의 RPS: 424.72최근 1000개 request의 p99 TTFT: 0.2144 초 | 
2025-11-17 17:39:41,018 - INFO - [실시간] 요청 20000개 처리 | 현재까지의 RPS: 426.25최근 1000개 request의 p99 TTFT: 0.2428 초 | 
2025-11-17 17:39:43,097 - INFO - [실시간] 요청 21000개 처리 | 현재까지의 RPS: 428.57최근 1000개 request의 p99 TTFT: 0.2138 초 | 
2025-11-17 17:39:45,210 - INFO - [실시간] 요청 22000개 처리 | 현재까지의 RPS: 430.42최근 1000개 request의 p99 TTFT: 0.2243 초 | 
2025-11-17 17:39:47,390 - INFO - [실시간] 요청 23000개 처리 | 현재까지의 RPS: 431.57최근 1000개 request의 p99 TTFT: 0.2125 초 | 
2025-11-17 17:39:49,556 - INFO - [실시간] 요청 24000개 처리 | 현재까지의 RPS: 432.75최근 1000개 request의 p99 TTFT: 0.3999 초 | 
2025-11-17 17:39:51,799 - INFO - [실시간] 요청 25000개 처리 | 현재까지의 RPS: 433.26최근 1000개 request의 p99 TTFT: 0.2113 초 | 
2025-11-17 17:39:53,890 - INFO - [실시간] 요청 26000개 처리 | 현재까지의 RPS: 434.83최근 1000개 request의 p99 TTFT: 0.2441 초 | 
2025-11-17 17:39:56,012 - INFO - [실시간] 요청 27000개 처리 | 현재까지의 RPS: 436.08최근 1000개 request의 p99 TTFT: 0.2234 초 | 
2025-11-17 17:39:58,263 - INFO - [실시간] 요청 28000개 처리 | 현재까지의 RPS: 436.37최근 1000개 request의 p99 TTFT: 0.2135 초 | 
2025-11-17 17:40:00,432 - INFO - [실시간] 요청 29000개 처리 | 현재까지의 RPS: 437.19최근 1000개 request의 p99 TTFT: 0.2154 초 | 
2025-11-17 17:40:02,601 - INFO - [실시간] 요청 30000개 처리 | 현재까지의 RPS: 437.93최근 1000개 request의 p99 TTFT: 0.4390 초 | 
2025-11-17 17:40:04,760 - INFO - [실시간] 요청 31000개 처리 | 현재까지의 RPS: 438.70최근 1000개 request의 p99 TTFT: 0.2338 초 | 
2025-11-17 17:40:06,932 - INFO - [실시간] 요청 32000개 처리 | 현재까지의 RPS: 439.35최근 1000개 request의 p99 TTFT: 0.4471 초 | 
2025-11-17 17:40:09,042 - INFO - [실시간] 요청 33000개 처리 | 현재까지의 RPS: 440.32최근 1000개 request의 p99 TTFT: 0.3828 초 | 
2025-11-17 17:40:11,068 - INFO - [실시간] 요청 34000개 처리 | 현재까지의 RPS: 441.72최근 1000개 request의 p99 TTFT: 0.2256 초 | 
2025-11-17 17:40:13,299 - INFO - [실시간] 요청 35000개 처리 | 현재까지의 RPS: 441.91최근 1000개 request의 p99 TTFT: 0.3980 초 | 
통계에 반영된 요청 인덱스 범위: 0 ~ 35766 (총 35766개 요청)
통계 반영된 요청 수: 35766, 통계 반영된 시간: 104.33 초

==================================================
 실험 최종 결과 요약
==================================================
 설정 실험 시간: 80 초
 Clients 수: 5000
 통계 반영 시간: 104.33 초
 총 시도된 요청: 35766 개
 총 완료된 요청: 35766 개
 총 실패한 요청: 0 개
 완료 요청 중 retrieval이 실패한 요청: 0 개
 요청 성공률: 100.00%
 전체 Requests Per Second (RPS): 342.82
--------------------------------------------------
 Time to First Token (TTFT) Latency:
  - 평균 (Mean): 0.1245 초
  - 중간값 (50%ile): 0.1240 초
  - 최소값 (Min): 0.0191 초
  - 최대값 (Max): 1.0024 초
  - 95%ile Tail: 0.2046 초
  - 99%ile Tail: 0.3978 초
--------------------------------------------------
 Time Per Output Token (TPOT):
  - 평균 (Mean): 16.79 ms/token
--------------------------------------------------
 Embedding Latency:
  - 총 샘플 수: 35762
  - 평균 (Mean): 8.08 ms
  - 중간값 (50%ile): 7.00 ms
  - 95%ile Tail: 13.00 ms
  - 99%ile Tail: 20.00 ms
--------------------------------------------------
 VectorDB Search Latency:
  - 총 샘플 수: 35762
  - 평균 (Mean): 28.02 ms
  - 중간값 (50%ile): 19.00 ms
  - 95%ile Tail: 62.00 ms
  - 99%ile Tail: 188.00 ms
--------------------------------------------------
 Document Search Latency:
  - 총 샘플 수: 35762
  - 평균 (Mean): 10.92 ms
  - 중간값 (50%ile): 7.00 ms
  - 95%ile Tail: 30.00 ms
  - 99%ile Tail: 57.00 ms
--------------------------------------------------
 Total Retrieval Latency:
  - 총 샘플 수: 35766
  - 평균 (Mean): 47.03 ms
  - 중간값 (50%ile): 37.00 ms
  - 95%ile Tail: 91.00 ms
  - 99%ile Tail: 256.40 ms
==================================================
