2025-11-17 17:41:42,714 - INFO - ReqGen 시작: 서버=163.152.48.109:9000, 클라이언트=6250, 시간=80초
2025-11-17 17:41:42,714 - INFO - Hugging Face에서 'kroshan/BioASQ' 데이터셋을 로드합니다...
2025-11-17 17:41:48,815 - INFO - 3266개의 질문을 로드했습니다.
2025-11-17 17:41:48,816 - INFO - 부하 테스트 시작, client 수 = 6250
2025-11-17 17:41:48,816 - INFO - Zipf 값 1.2에서 상위 20%의 질문이 차지하는 비율: 91.82%
2025-11-17 17:41:52,709 - INFO - [실시간] 요청 1000개 처리 | 현재까지의 RPS: 256.86최근 1000개 request의 p99 TTFT: 0.1877 초 | 
2025-11-17 17:41:55,348 - INFO - [실시간] 요청 2000개 처리 | 현재까지의 RPS: 306.20최근 1000개 request의 p99 TTFT: 0.4771 초 | 
2025-11-17 17:41:57,649 - INFO - [실시간] 요청 3000개 처리 | 현재까지의 RPS: 339.63최근 1000개 request의 p99 TTFT: 0.3980 초 | 
2025-11-17 17:41:59,730 - INFO - [실시간] 요청 4000개 처리 | 현재까지의 RPS: 366.50최근 1000개 request의 p99 TTFT: 0.2774 초 | 
2025-11-17 17:42:01,606 - INFO - [실시간] 요청 5000개 처리 | 현재까지의 RPS: 390.93최근 1000개 request의 p99 TTFT: 0.1914 초 | 
2025-11-17 17:42:03,386 - INFO - [실시간] 요청 6000개 처리 | 현재까지의 RPS: 411.80최근 1000개 request의 p99 TTFT: 0.4452 초 | 
2025-11-17 17:42:05,147 - INFO - [실시간] 요청 7000개 처리 | 현재까지의 RPS: 428.62최근 1000개 request의 p99 TTFT: 0.4141 초 | 
2025-11-17 17:42:06,634 - INFO - [실시간] 요청 8000개 처리 | 현재까지의 RPS: 448.99최근 1000개 request의 p99 TTFT: 0.6059 초 | 
2025-11-17 17:42:08,089 - INFO - [실시간] 요청 9000개 처리 | 현재까지의 RPS: 466.99최근 1000개 request의 p99 TTFT: 0.5033 초 | 
2025-11-17 17:42:09,466 - INFO - [실시간] 요청 10000개 처리 | 현재까지의 RPS: 484.27최근 1000개 request의 p99 TTFT: 0.4023 초 | 
2025-11-17 17:42:11,230 - INFO - [실시간] 요청 11000개 처리 | 현재까지의 RPS: 490.77최근 1000개 request의 p99 TTFT: 0.4571 초 | 
2025-11-17 17:42:13,157 - INFO - [실시간] 요청 12000개 처리 | 현재까지의 RPS: 492.99최근 1000개 request의 p99 TTFT: 0.2023 초 | 
2025-11-17 17:42:15,042 - INFO - [실시간] 요청 13000개 처리 | 현재까지의 RPS: 495.70최근 1000개 request의 p99 TTFT: 0.2357 초 | 
2025-11-17 17:42:16,887 - INFO - [실시간] 요청 14000개 처리 | 현재까지의 RPS: 498.74최근 1000개 request의 p99 TTFT: 0.2230 초 | 
2025-11-17 17:42:18,534 - INFO - [실시간] 요청 15000개 처리 | 현재까지의 RPS: 504.75최근 1000개 request의 p99 TTFT: 0.3830 초 | 
2025-11-17 17:42:20,342 - INFO - [실시간] 요청 16000개 처리 | 현재까지의 RPS: 507.52최근 1000개 request의 p99 TTFT: 0.4958 초 | 
2025-11-17 17:42:21,963 - INFO - [실시간] 요청 17000개 처리 | 현재까지의 RPS: 512.87최근 1000개 request의 p99 TTFT: 0.5195 초 | 
2025-11-17 17:42:23,656 - INFO - [실시간] 요청 18000개 처리 | 현재까지의 RPS: 516.65최근 1000개 request의 p99 TTFT: 0.2033 초 | 
2025-11-17 17:42:25,395 - INFO - [실시간] 요청 19000개 처리 | 현재까지의 RPS: 519.42최근 1000개 request의 p99 TTFT: 0.1907 초 | 
2025-11-17 17:42:27,114 - INFO - [실시간] 요청 20000개 처리 | 현재까지의 RPS: 522.23최근 1000개 request의 p99 TTFT: 0.4348 초 | 
2025-11-17 17:42:28,850 - INFO - [실시간] 요청 21000개 처리 | 현재까지의 RPS: 524.56최근 1000개 request의 p99 TTFT: 0.2304 초 | 
2025-11-17 17:42:30,613 - INFO - [실시간] 요청 22000개 처리 | 현재까지의 RPS: 526.36최근 1000개 request의 p99 TTFT: 0.1875 초 | 
2025-11-17 17:42:32,453 - INFO - [실시간] 요청 23000개 처리 | 현재까지의 RPS: 527.07최근 1000개 request의 p99 TTFT: 0.2849 초 | 
2025-11-17 17:42:34,145 - INFO - [실시간] 요청 24000개 처리 | 현재까지의 RPS: 529.47최근 1000개 request의 p99 TTFT: 0.4234 초 | 
2025-11-17 17:42:35,863 - INFO - [실시간] 요청 25000개 처리 | 현재까지의 RPS: 531.38최근 1000개 request의 p99 TTFT: 0.1948 초 | 
2025-11-17 17:42:37,632 - INFO - [실시간] 요청 26000개 처리 | 현재까지의 RPS: 532.61최근 1000개 request의 p99 TTFT: 0.2036 초 | 
2025-11-17 17:42:39,382 - INFO - [실시간] 요청 27000개 처리 | 현재까지의 RPS: 533.96최근 1000개 request의 p99 TTFT: 0.2033 초 | 
2025-11-17 17:42:41,039 - INFO - [실시간] 요청 28000개 처리 | 현재까지의 RPS: 536.16최근 1000개 request의 p99 TTFT: 0.3914 초 | 
2025-11-17 17:42:42,817 - INFO - [실시간] 요청 29000개 처리 | 현재까지의 RPS: 537.03최근 1000개 request의 p99 TTFT: 0.1952 초 | 
2025-11-17 17:42:44,613 - INFO - [실시간] 요청 30000개 처리 | 현재까지의 RPS: 537.66최근 1000개 request의 p99 TTFT: 0.1877 초 | 
2025-11-17 17:42:46,397 - INFO - [실시간] 요청 31000개 처리 | 현재까지의 RPS: 538.38최근 1000개 request의 p99 TTFT: 0.2343 초 | 
2025-11-17 17:42:48,166 - INFO - [실시간] 요청 32000개 처리 | 현재까지의 RPS: 539.17최근 1000개 request의 p99 TTFT: 0.2105 초 | 
2025-11-17 17:42:49,899 - INFO - [실시간] 요청 33000개 처리 | 현재까지의 RPS: 540.25최근 1000개 request의 p99 TTFT: 0.4098 초 | 
2025-11-17 17:42:51,514 - INFO - [실시간] 요청 34000개 처리 | 현재까지의 RPS: 542.28최근 1000개 request의 p99 TTFT: 0.9039 초 | 
2025-11-17 17:42:53,177 - INFO - [실시간] 요청 35000개 처리 | 현재까지의 RPS: 543.80최근 1000개 request의 p99 TTFT: 0.2375 초 | 
2025-11-17 17:42:54,964 - INFO - [실시간] 요청 36000개 처리 | 현재까지의 RPS: 544.23최근 1000개 request의 p99 TTFT: 0.2079 초 | 
2025-11-17 17:42:56,612 - INFO - [실시간] 요청 37000개 처리 | 현재까지의 RPS: 545.75최근 1000개 request의 p99 TTFT: 0.4922 초 | 
2025-11-17 17:42:58,340 - INFO - [실시간] 요청 38000개 처리 | 현재까지의 RPS: 546.58최근 1000개 request의 p99 TTFT: 0.3679 초 | 
2025-11-17 17:43:00,020 - INFO - [실시간] 요청 39000개 처리 | 현재까지의 RPS: 547.72최근 1000개 request의 p99 TTFT: 0.2119 초 | 
2025-11-17 17:43:01,753 - INFO - [실시간] 요청 40000개 처리 | 현재까지의 RPS: 548.41최근 1000개 request의 p99 TTFT: 0.2243 초 | 
2025-11-17 17:43:03,480 - INFO - [실시간] 요청 41000개 처리 | 현재까지의 RPS: 549.13최근 1000개 request의 p99 TTFT: 0.4075 초 | 
2025-11-17 17:43:05,237 - INFO - [실시간] 요청 42000개 처리 | 현재까지의 RPS: 549.59최근 1000개 request의 p99 TTFT: 0.1852 초 | 
2025-11-17 17:43:07,194 - INFO - [실시간] 요청 43000개 처리 | 현재까지의 RPS: 548.62최근 1000개 request의 p99 TTFT: 1.1172 초 | 
2025-11-17 17:43:08,621 - INFO - [실시간] 요청 44000개 처리 | 현재까지의 RPS: 551.34최근 1000개 request의 p99 TTFT: 1.1906 초 | 
통계에 반영된 요청 인덱스 범위: 0 ~ 44621 (총 44621개 요청)
통계 반영된 요청 수: 44621, 통계 반영된 시간: 101.42 초

==================================================
 실험 최종 결과 요약
==================================================
 설정 실험 시간: 80 초
 Clients 수: 6250
 통계 반영 시간: 101.42 초
 총 시도된 요청: 44621 개
 총 완료된 요청: 44621 개
 총 실패한 요청: 0 개
 완료 요청 중 retrieval이 실패한 요청: 0 개
 요청 성공률: 100.00%
 전체 Requests Per Second (RPS): 439.96
--------------------------------------------------
 Time to First Token (TTFT) Latency:
  - 평균 (Mean): 0.1126 초
  - 중간값 (50%ile): 0.0941 초
  - 최소값 (Min): 0.0197 초
  - 최대값 (Max): 1.4616 초
  - 95%ile Tail: 0.2178 초
  - 99%ile Tail: 0.5234 초
--------------------------------------------------
 Time Per Output Token (TPOT):
  - 평균 (Mean): 16.84 ms/token
--------------------------------------------------
 Embedding Latency:
  - 총 샘플 수: 44615
  - 평균 (Mean): 7.82 ms
  - 중간값 (50%ile): 7.00 ms
  - 95%ile Tail: 13.00 ms
  - 99%ile Tail: 26.00 ms
--------------------------------------------------
 VectorDB Search Latency:
  - 총 샘플 수: 44615
  - 평균 (Mean): 30.58 ms
  - 중간값 (50%ile): 17.00 ms
  - 95%ile Tail: 84.00 ms
  - 99%ile Tail: 331.86 ms
--------------------------------------------------
 Document Search Latency:
  - 총 샘플 수: 44615
  - 평균 (Mean): 13.55 ms
  - 중간값 (50%ile): 7.00 ms
  - 95%ile Tail: 42.00 ms
  - 99%ile Tail: 88.00 ms
--------------------------------------------------
 Total Retrieval Latency:
  - 총 샘플 수: 44621
  - 평균 (Mean): 51.95 ms
  - 중간값 (50%ile): 33.00 ms
  - 95%ile Tail: 128.00 ms
  - 99%ile Tail: 446.00 ms
==================================================
