2025-11-17 17:50:01,369 - INFO - ReqGen 시작: 서버=163.152.48.109:9000, 클라이언트=7226, 시간=80초
2025-11-17 17:50:01,369 - INFO - Hugging Face에서 'kroshan/BioASQ' 데이터셋을 로드합니다...
2025-11-17 17:50:07,987 - INFO - 3266개의 질문을 로드했습니다.
2025-11-17 17:50:07,987 - INFO - 부하 테스트 시작, client 수 = 7226
2025-11-17 17:50:07,988 - INFO - Zipf 값 1.2에서 상위 20%의 질문이 차지하는 비율: 91.82%
2025-11-17 17:50:11,568 - INFO - [실시간] 요청 1000개 처리 | 현재까지의 RPS: 279.32최근 1000개 request의 p99 TTFT: 0.2175 초 | 
2025-11-17 17:50:13,835 - INFO - [실시간] 요청 2000개 처리 | 현재까지의 RPS: 342.01최근 1000개 request의 p99 TTFT: 0.2061 초 | 
2025-11-17 17:50:16,004 - INFO - [실시간] 요청 3000개 처리 | 현재까지의 RPS: 374.20최근 1000개 request의 p99 TTFT: 0.4166 초 | 
2025-11-17 17:50:17,920 - INFO - [실시간] 요청 4000개 처리 | 현재까지의 RPS: 402.73최근 1000개 request의 p99 TTFT: 0.2085 초 | 
2025-11-17 17:50:19,614 - INFO - [실시간] 요청 5000개 처리 | 현재까지의 RPS: 430.06최근 1000개 request의 p99 TTFT: 0.2348 초 | 
2025-11-17 17:50:21,354 - INFO - [실시간] 요청 6000개 처리 | 현재까지의 RPS: 448.87최근 1000개 request의 p99 TTFT: 0.3983 초 | 
2025-11-17 17:50:22,911 - INFO - [실시간] 요청 7000개 처리 | 현재까지의 RPS: 469.06최근 1000개 request의 p99 TTFT: 0.5561 초 | 
2025-11-17 17:50:24,249 - INFO - [실시간] 요청 8000개 처리 | 현재까지의 RPS: 491.95최근 1000개 request의 p99 TTFT: 0.5599 초 | 
2025-11-17 17:50:25,643 - INFO - [실시간] 요청 9000개 처리 | 현재까지의 RPS: 509.76최근 1000개 request의 p99 TTFT: 0.4239 초 | 
2025-11-17 17:50:27,008 - INFO - [실시간] 요청 10000개 처리 | 현재까지의 RPS: 525.76최근 1000개 request의 p99 TTFT: 0.5050 초 | 
2025-11-17 17:50:28,564 - INFO - [실시간] 요청 11000개 처리 | 현재까지의 RPS: 534.59최근 1000개 request의 p99 TTFT: 0.9479 초 | 
2025-11-17 17:50:29,840 - INFO - [실시간] 요청 12000개 처리 | 현재까지의 RPS: 549.13최근 1000개 request의 p99 TTFT: 1.5754 초 | 
2025-11-17 17:50:31,162 - INFO - [실시간] 요청 13000개 처리 | 현재까지의 RPS: 560.96최근 1000개 request의 p99 TTFT: 1.6289 초 | 
2025-11-17 17:50:32,796 - INFO - [실시간] 요청 14000개 처리 | 현재까지의 RPS: 564.32최근 1000개 request의 p99 TTFT: 0.6854 초 | 
2025-11-17 17:50:34,419 - INFO - [실시간] 요청 15000개 처리 | 현재까지의 RPS: 567.50최근 1000개 request의 p99 TTFT: 0.2663 초 | 
2025-11-17 17:50:35,958 - INFO - [실시간] 요청 16000개 처리 | 현재까지의 RPS: 572.04최근 1000개 request의 p99 TTFT: 0.2290 초 | 
2025-11-17 17:50:37,479 - INFO - [실시간] 요청 17000개 처리 | 현재까지의 RPS: 576.44최근 1000개 request의 p99 TTFT: 0.3091 초 | 
2025-11-17 17:50:38,951 - INFO - [실시간] 요청 18000개 처리 | 현재까지의 RPS: 581.32최근 1000개 request의 p99 TTFT: 0.4173 초 | 
2025-11-17 17:50:40,549 - INFO - [실시간] 요청 19000개 처리 | 현재까지의 RPS: 583.51최근 1000개 request의 p99 TTFT: 0.2364 초 | 
2025-11-17 17:50:42,063 - INFO - [실시간] 요청 20000개 처리 | 현재까지의 RPS: 586.93최근 1000개 request의 p99 TTFT: 0.2142 초 | 
2025-11-17 17:50:43,475 - INFO - [실시간] 요청 21000개 처리 | 현재까지의 RPS: 591.76최근 1000개 request의 p99 TTFT: 0.2258 초 | 
2025-11-17 17:50:45,260 - INFO - [실시간] 요청 22000개 처리 | 현재까지의 RPS: 590.25최근 1000개 request의 p99 TTFT: 0.5432 초 | 
2025-11-17 17:50:46,694 - INFO - [실시간] 요청 23000개 처리 | 현재까지의 RPS: 594.21최근 1000개 request의 p99 TTFT: 0.9546 초 | 
2025-11-17 17:50:48,014 - INFO - [실시간] 요청 24000개 처리 | 현재까지의 RPS: 599.61최근 1000개 request의 p99 TTFT: 0.7619 초 | 
2025-11-17 17:50:49,492 - INFO - [실시간] 요청 25000개 처리 | 현재까지의 RPS: 602.34최근 1000개 request의 p99 TTFT: 0.2409 초 | 
2025-11-17 17:50:50,997 - INFO - [실시간] 요청 26000개 처리 | 현재까지의 RPS: 604.51최근 1000개 request의 p99 TTFT: 0.2193 초 | 
2025-11-17 17:50:52,476 - INFO - [실시간] 요청 27000개 처리 | 현재까지의 RPS: 606.89최근 1000개 request의 p99 TTFT: 0.2178 초 | 
2025-11-17 17:50:53,989 - INFO - [실시간] 요청 28000개 처리 | 현재까지의 RPS: 608.68최근 1000개 request의 p99 TTFT: 0.4987 초 | 
2025-11-17 17:50:55,522 - INFO - [실시간] 요청 29000개 처리 | 현재까지의 RPS: 610.08최근 1000개 request의 p99 TTFT: 0.2324 초 | 
2025-11-17 17:50:56,988 - INFO - [실시간] 요청 30000개 처리 | 현재까지의 RPS: 612.24최근 1000개 request의 p99 TTFT: 0.3345 초 | 
2025-11-17 17:50:58,485 - INFO - [실시간] 요청 31000개 처리 | 현재까지의 RPS: 613.89최근 1000개 request의 p99 TTFT: 0.2281 초 | 
2025-11-17 17:50:59,967 - INFO - [실시간] 요청 32000개 처리 | 현재까지의 RPS: 615.62최근 1000개 request의 p99 TTFT: 0.2288 초 | 
2025-11-17 17:51:01,606 - INFO - [실시간] 요청 33000개 처리 | 현재까지의 RPS: 615.46최근 1000개 request의 p99 TTFT: 0.4321 초 | 
2025-11-17 17:51:03,077 - INFO - [실시간] 요청 34000개 처리 | 현재까지의 RPS: 617.18최근 1000개 request의 p99 TTFT: 0.3822 초 | 
2025-11-17 17:51:04,484 - INFO - [실시간] 요청 35000개 처리 | 현재까지의 RPS: 619.50최근 1000개 request의 p99 TTFT: 0.2312 초 | 
2025-11-17 17:51:06,092 - INFO - [실시간] 요청 36000개 처리 | 현재까지의 RPS: 619.57최근 1000개 request의 p99 TTFT: 0.5058 초 | 
2025-11-17 17:51:07,856 - INFO - [실시간] 요청 37000개 처리 | 현재까지의 RPS: 618.02최근 1000개 request의 p99 TTFT: 1.3885 초 | 
2025-11-17 17:51:09,167 - INFO - [실시간] 요청 38000개 처리 | 현재까지의 RPS: 621.13최근 1000개 request의 p99 TTFT: 1.1893 초 | 
2025-11-17 17:51:10,520 - INFO - [실시간] 요청 39000개 처리 | 현재까지의 RPS: 623.67최근 1000개 request의 p99 TTFT: 0.5155 초 | 
2025-11-17 17:51:12,026 - INFO - [실시간] 요청 40000개 처리 | 현재까지의 RPS: 624.63최근 1000개 request의 p99 TTFT: 0.4511 초 | 
2025-11-17 17:51:13,521 - INFO - [실시간] 요청 41000개 처리 | 현재까지의 RPS: 625.64최근 1000개 request의 p99 TTFT: 0.2392 초 | 
2025-11-17 17:51:15,063 - INFO - [실시간] 요청 42000개 처리 | 현재까지의 RPS: 626.16최근 1000개 request의 p99 TTFT: 0.3508 초 | 
2025-11-17 17:51:16,589 - INFO - [실시간] 요청 43000개 처리 | 현재까지의 RPS: 626.80최근 1000개 request의 p99 TTFT: 0.2378 초 | 
2025-11-17 17:51:18,086 - INFO - [실시간] 요청 44000개 처리 | 현재까지의 RPS: 627.69최근 1000개 request의 p99 TTFT: 0.4841 초 | 
2025-11-17 17:51:19,614 - INFO - [실시간] 요청 45000개 처리 | 현재까지의 RPS: 628.26최근 1000개 request의 p99 TTFT: 0.4780 초 | 
2025-11-17 17:51:21,060 - INFO - [실시간] 요청 46000개 처리 | 현재까지의 RPS: 629.51최근 1000개 request의 p99 TTFT: 0.2342 초 | 
2025-11-17 17:51:22,587 - INFO - [실시간] 요청 47000개 처리 | 현재까지의 RPS: 630.03최근 1000개 request의 p99 TTFT: 0.2369 초 | 
2025-11-17 17:51:24,054 - INFO - [실시간] 요청 48000개 처리 | 현재까지의 RPS: 631.03최근 1000개 request의 p99 TTFT: 0.2164 초 | 
2025-11-17 17:51:25,549 - INFO - [실시간] 요청 49000개 처리 | 현재까지의 RPS: 631.76최근 1000개 request의 p99 TTFT: 0.2802 초 | 
2025-11-17 17:51:26,975 - INFO - [실시간] 요청 50000개 처리 | 현재까지의 RPS: 633.01최근 1000개 request의 p99 TTFT: 0.2516 초 | 
2025-11-17 17:51:28,642 - INFO - [실시간] 요청 51000개 처리 | 현재까지의 RPS: 632.32최근 1000개 request의 p99 TTFT: 0.2080 초 | 
통계에 반영된 요청 인덱스 범위: 0 ~ 51000 (총 51000개 요청)
통계 반영된 요청 수: 51000, 통계 반영된 시간: 106.24 초

==================================================
 실험 최종 결과 요약
==================================================
 설정 실험 시간: 80 초
 Clients 수: 7226
 통계 반영 시간: 106.24 초
 총 시도된 요청: 51000 개
 총 완료된 요청: 51000 개
 총 실패한 요청: 0 개
 완료 요청 중 retrieval이 실패한 요청: -246 개
 요청 성공률: 100.00%
 전체 Requests Per Second (RPS): 480.07
--------------------------------------------------
 Time to First Token (TTFT) Latency:
  - 평균 (Mean): 0.1584 초
  - 중간값 (50%ile): 0.1256 초
  - 최소값 (Min): 0.0169 초
  - 최대값 (Max): 1.8647 초
  - 95%ile Tail: 0.4159 초
  - 99%ile Tail: 0.9168 초
--------------------------------------------------
 Time Per Output Token (TPOT):
  - 평균 (Mean): 16.86 ms/token
--------------------------------------------------
 Embedding Latency:
  - 총 샘플 수: 51000
  - 평균 (Mean): 7.63 ms
  - 중간값 (50%ile): 6.00 ms
  - 95%ile Tail: 14.00 ms
  - 99%ile Tail: 32.00 ms
--------------------------------------------------
 VectorDB Search Latency:
  - 총 샘플 수: 51000
  - 평균 (Mean): 72.43 ms
  - 중간값 (50%ile): 32.00 ms
  - 95%ile Tail: 268.00 ms
  - 99%ile Tail: 755.01 ms
--------------------------------------------------
 Document Search Latency:
  - 총 샘플 수: 51000
  - 평균 (Mean): 14.33 ms
  - 중간값 (50%ile): 7.00 ms
  - 95%ile Tail: 45.00 ms
  - 99%ile Tail: 100.00 ms
--------------------------------------------------
 Total Retrieval Latency:
  - 총 샘플 수: 51000
  - 평균 (Mean): 94.40 ms
  - 중간값 (50%ile): 50.00 ms
  - 95%ile Tail: 320.00 ms
  - 99%ile Tail: 821.00 ms
==================================================
