2025-11-17 17:48:10,899 - INFO - ReqGen 시작: 서버=163.152.48.109:9000, 클라이언트=7265, 시간=80초
2025-11-17 17:48:10,899 - INFO - Hugging Face에서 'kroshan/BioASQ' 데이터셋을 로드합니다...
2025-11-17 17:48:18,466 - INFO - 3266개의 질문을 로드했습니다.
2025-11-17 17:48:18,466 - INFO - 부하 테스트 시작, client 수 = 7265
2025-11-17 17:48:18,466 - INFO - Zipf 값 1.2에서 상위 20%의 질문이 차지하는 비율: 91.82%
2025-11-17 17:48:21,948 - INFO - [실시간] 요청 1000개 처리 | 현재까지의 RPS: 287.21최근 1000개 request의 p99 TTFT: 0.2633 초 | 
2025-11-17 17:48:24,303 - INFO - [실시간] 요청 2000개 처리 | 현재까지의 RPS: 342.64최근 1000개 request의 p99 TTFT: 0.2801 초 | 
2025-11-17 17:48:26,369 - INFO - [실시간] 요청 3000개 처리 | 현재까지의 RPS: 379.63최근 1000개 request의 p99 TTFT: 0.7532 초 | 
2025-11-17 17:48:28,226 - INFO - [실시간] 요청 4000개 처리 | 현재까지의 RPS: 409.83최근 1000개 request의 p99 TTFT: 0.3909 초 | 
2025-11-17 17:48:30,043 - INFO - [실시간] 요청 5000개 처리 | 현재까지의 RPS: 431.90최근 1000개 request의 p99 TTFT: 0.2290 초 | 
2025-11-17 17:48:31,879 - INFO - [실시간] 요청 6000개 처리 | 현재까지의 RPS: 447.32최근 1000개 request의 p99 TTFT: 0.4608 초 | 
2025-11-17 17:48:33,422 - INFO - [실시간] 요청 7000개 처리 | 현재까지의 RPS: 468.06최근 1000개 request의 p99 TTFT: 0.6651 초 | 
2025-11-17 17:48:34,731 - INFO - [실시간] 요청 8000개 처리 | 현재까지의 RPS: 491.86최근 1000개 request의 p99 TTFT: 0.6584 초 | 
2025-11-17 17:48:36,164 - INFO - [실시간] 요청 9000개 처리 | 현재까지의 RPS: 508.53최근 1000개 request의 p99 TTFT: 0.3736 초 | 
2025-11-17 17:48:37,516 - INFO - [실시간] 요청 10000개 처리 | 현재까지의 RPS: 524.94최근 1000개 request의 p99 TTFT: 0.5421 초 | 
2025-11-17 17:48:39,087 - INFO - [실시간] 요청 11000개 처리 | 현재까지의 RPS: 533.46최근 1000개 request의 p99 TTFT: 1.2158 초 | 
2025-11-17 17:48:40,412 - INFO - [실시간] 요청 12000개 처리 | 현재까지의 RPS: 546.81최근 1000개 request의 p99 TTFT: 1.5722 초 | 
2025-11-17 17:48:41,766 - INFO - [실시간] 요청 13000개 처리 | 현재까지의 RPS: 557.97최근 1000개 request의 p99 TTFT: 1.7566 초 | 
2025-11-17 17:48:43,119 - INFO - [실시간] 요청 14000개 처리 | 현재까지의 RPS: 567.89최근 1000개 request의 p99 TTFT: 1.4163 초 | 
2025-11-17 17:48:44,692 - INFO - [실시간] 요청 15000개 처리 | 현재까지의 RPS: 571.96최근 1000개 request의 p99 TTFT: 0.3781 초 | 
2025-11-17 17:48:46,325 - INFO - [실시간] 요청 16000개 처리 | 현재까지의 RPS: 574.33최근 1000개 request의 p99 TTFT: 0.2596 초 | 
2025-11-17 17:48:47,915 - INFO - [실시간] 요청 17000개 처리 | 현재까지의 RPS: 577.28최근 1000개 request의 p99 TTFT: 0.2472 초 | 
2025-11-17 17:48:49,454 - INFO - [실시간] 요청 18000개 처리 | 현재까지의 RPS: 580.87최근 1000개 request의 p99 TTFT: 0.4562 초 | 
2025-11-17 17:48:50,974 - INFO - [실시간] 요청 19000개 처리 | 현재까지의 RPS: 584.48최근 1000개 request의 p99 TTFT: 0.2512 초 | 
2025-11-17 17:48:52,508 - INFO - [실시간] 요청 20000개 처리 | 현재까지의 RPS: 587.51최근 1000개 request의 p99 TTFT: 0.3116 초 | 
2025-11-17 17:48:54,197 - INFO - [실시간] 요청 21000개 처리 | 현재까지의 RPS: 587.74최근 1000개 request의 p99 TTFT: 0.7510 초 | 
2025-11-17 17:48:55,645 - INFO - [실시간] 요청 22000개 처리 | 현재까지의 RPS: 591.73최근 1000개 request의 p99 TTFT: 1.3470 초 | 
2025-11-17 17:48:57,013 - INFO - [실시간] 요청 23000개 처리 | 현재까지의 RPS: 596.69최근 1000개 request의 p99 TTFT: 1.3314 초 | 
2025-11-17 17:48:58,436 - INFO - [실시간] 요청 24000개 처리 | 현재까지의 RPS: 600.46최근 1000개 request의 p99 TTFT: 0.8189 초 | 
2025-11-17 17:48:59,827 - INFO - [실시간] 요청 25000개 처리 | 현재까지의 RPS: 604.44최근 1000개 request의 p99 TTFT: 0.3143 초 | 
2025-11-17 17:49:01,274 - INFO - [실시간] 요청 26000개 처리 | 현재까지의 RPS: 607.36최근 1000개 request의 p99 TTFT: 0.2463 초 | 
2025-11-17 17:49:02,716 - INFO - [실시간] 요청 27000개 처리 | 현재까지의 RPS: 610.18최근 1000개 request의 p99 TTFT: 0.4729 초 | 
2025-11-17 17:49:04,228 - INFO - [실시간] 요청 28000개 처리 | 현재까지의 RPS: 611.87최근 1000개 request의 p99 TTFT: 0.4566 초 | 
2025-11-17 17:49:05,791 - INFO - [실시간] 요청 29000개 처리 | 현재까지의 RPS: 612.79최근 1000개 request의 p99 TTFT: 0.4290 초 | 
2025-11-17 17:49:07,510 - INFO - [실시간] 요청 30000개 처리 | 현재까지의 RPS: 611.71최근 1000개 request의 p99 TTFT: 1.2580 초 | 
2025-11-17 17:49:08,927 - INFO - [실시간] 요청 31000개 처리 | 현재까지의 RPS: 614.34최근 1000개 request의 p99 TTFT: 1.2689 초 | 
2025-11-17 17:49:10,478 - INFO - [실시간] 요청 32000개 처리 | 현재까지의 RPS: 615.25최근 1000개 request의 p99 TTFT: 0.9033 초 | 
2025-11-17 17:49:11,939 - INFO - [실시간] 요청 33000개 처리 | 현재까지의 RPS: 617.13최근 1000개 request의 p99 TTFT: 0.8137 초 | 
2025-11-17 17:49:13,459 - INFO - [실시간] 요청 34000개 처리 | 현재까지의 RPS: 618.27최근 1000개 request의 p99 TTFT: 1.0140 초 | 
2025-11-17 17:49:15,042 - INFO - [실시간] 요청 35000개 처리 | 현재까지의 RPS: 618.63최근 1000개 request의 p99 TTFT: 0.8288 초 | 
2025-11-17 17:49:16,704 - INFO - [실시간] 요청 36000개 처리 | 현재까지의 RPS: 618.16최근 1000개 request의 p99 TTFT: 0.8781 초 | 
2025-11-17 17:49:18,124 - INFO - [실시간] 요청 37000개 처리 | 현재까지의 RPS: 620.21최근 1000개 request의 p99 TTFT: 1.2989 초 | 
2025-11-17 17:49:19,684 - INFO - [실시간] 요청 38000개 처리 | 현재까지의 RPS: 620.74최근 1000개 request의 p99 TTFT: 1.8589 초 | 
2025-11-17 17:49:21,181 - INFO - [실시간] 요청 39000개 처리 | 현재까지의 RPS: 621.86최근 1000개 request의 p99 TTFT: 1.9611 초 | 
2025-11-17 17:49:22,715 - INFO - [실시간] 요청 40000개 처리 | 현재까지의 RPS: 622.58최근 1000개 request의 p99 TTFT: 1.6092 초 | 
2025-11-17 17:49:24,243 - INFO - [실시간] 요청 41000개 처리 | 현재까지의 RPS: 623.32최근 1000개 request의 p99 TTFT: 1.5397 초 | 
2025-11-17 17:49:25,718 - INFO - [실시간] 요청 42000개 처리 | 현재까지의 RPS: 624.52최근 1000개 request의 p99 TTFT: 1.6407 초 | 
2025-11-17 17:49:27,320 - INFO - [실시간] 요청 43000개 처리 | 현재까지의 RPS: 624.51최근 1000개 request의 p99 TTFT: 1.6177 초 | 
2025-11-17 17:49:28,818 - INFO - [실시간] 요청 44000개 처리 | 현재까지의 RPS: 625.43최근 1000개 request의 p99 TTFT: 1.7460 초 | 
2025-11-17 17:49:30,307 - INFO - [실시간] 요청 45000개 처리 | 현재까지의 RPS: 626.38최근 1000개 request의 p99 TTFT: 1.5325 초 | 
2025-11-17 17:49:31,866 - INFO - [실시간] 요청 46000개 처리 | 현재까지의 RPS: 626.70최근 1000개 request의 p99 TTFT: 0.8090 초 | 
2025-11-17 17:49:33,354 - INFO - [실시간] 요청 47000개 처리 | 현재까지의 RPS: 627.60최근 1000개 request의 p99 TTFT: 0.7309 초 | 
2025-11-17 17:49:34,825 - INFO - [실시간] 요청 48000개 처리 | 현재까지의 RPS: 628.61최근 1000개 request의 p99 TTFT: 0.9349 초 | 
2025-11-17 17:49:36,369 - INFO - [실시간] 요청 49000개 처리 | 현재까지의 RPS: 628.99최근 1000개 request의 p99 TTFT: 0.9719 초 | 
2025-11-17 17:49:37,886 - INFO - [실시간] 요청 50000개 처리 | 현재까지의 RPS: 629.57최근 1000개 request의 p99 TTFT: 0.9803 초 | 
2025-11-17 17:49:39,698 - INFO - [실시간] 요청 51000개 처리 | 현재까지의 RPS: 627.84최근 1000개 request의 p99 TTFT: 0.6416 초 | 
통계에 반영된 요청 인덱스 범위: 0 ~ 51000 (총 51000개 요청)
통계 반영된 요청 수: 51000, 통계 반영된 시간: 101.66 초

==================================================
 실험 최종 결과 요약
==================================================
 설정 실험 시간: 80 초
 Clients 수: 7265
 통계 반영 시간: 101.66 초
 총 시도된 요청: 51000 개
 총 완료된 요청: 51000 개
 총 실패한 요청: 0 개
 완료 요청 중 retrieval이 실패한 요청: -82 개
 요청 성공률: 100.00%
 전체 Requests Per Second (RPS): 501.65
--------------------------------------------------
 Time to First Token (TTFT) Latency:
  - 평균 (Mean): 0.2844 초
  - 중간값 (50%ile): 0.1822 초
  - 최소값 (Min): 0.0181 초
  - 최대값 (Max): 2.3430 초
  - 95%ile Tail: 0.8634 초
  - 99%ile Tail: 1.4151 초
--------------------------------------------------
 Time Per Output Token (TPOT):
  - 평균 (Mean): 16.90 ms/token
--------------------------------------------------
 Embedding Latency:
  - 총 샘플 수: 51000
  - 평균 (Mean): 7.81 ms
  - 중간값 (50%ile): 6.00 ms
  - 95%ile Tail: 15.00 ms
  - 99%ile Tail: 36.00 ms
--------------------------------------------------
 VectorDB Search Latency:
  - 총 샘플 수: 51000
  - 평균 (Mean): 178.04 ms
  - 중간값 (50%ile): 60.00 ms
  - 95%ile Tail: 725.00 ms
  - 99%ile Tail: 1265.01 ms
--------------------------------------------------
 Document Search Latency:
  - 총 샘플 수: 51000
  - 평균 (Mean): 18.07 ms
  - 중간값 (50%ile): 9.00 ms
  - 95%ile Tail: 57.00 ms
  - 99%ile Tail: 97.00 ms
--------------------------------------------------
 Total Retrieval Latency:
  - 총 샘플 수: 51000
  - 평균 (Mean): 203.95 ms
  - 중간값 (50%ile): 82.00 ms
  - 95%ile Tail: 777.05 ms
  - 99%ile Tail: 1329.01 ms
==================================================
