2025-11-17 17:40:39,698 - INFO - ReqGen 시작: 서버=163.152.48.109:9000, 클라이언트=7500, 시간=80초
2025-11-17 17:40:39,698 - INFO - Hugging Face에서 'kroshan/BioASQ' 데이터셋을 로드합니다...
2025-11-17 17:40:50,675 - INFO - 3266개의 질문을 로드했습니다.
2025-11-17 17:40:50,676 - INFO - 부하 테스트 시작, client 수 = 7500
2025-11-17 17:40:50,676 - INFO - Zipf 값 1.2에서 상위 20%의 질문이 차지하는 비율: 91.82%
2025-11-17 17:40:54,140 - INFO - [실시간] 요청 1000개 처리 | 현재까지의 RPS: 288.69최근 1000개 request의 p99 TTFT: 0.3239 초 | 
2025-11-17 17:40:56,401 - INFO - [실시간] 요청 2000개 처리 | 현재까지의 RPS: 349.35최근 1000개 request의 p99 TTFT: 0.2373 초 | 
2025-11-17 17:40:58,412 - INFO - [실시간] 요청 3000개 처리 | 현재까지의 RPS: 387.79최근 1000개 request의 p99 TTFT: 0.3667 초 | 
2025-11-17 17:41:00,266 - INFO - [실시간] 요청 4000개 처리 | 현재까지의 RPS: 417.08최근 1000개 request의 p99 TTFT: 0.1925 초 | 
2025-11-17 17:41:01,999 - INFO - [실시간] 요청 5000개 처리 | 현재까지의 RPS: 441.59최근 1000개 request의 p99 TTFT: 0.2015 초 | 
2025-11-17 17:41:03,697 - INFO - [실시간] 요청 6000개 처리 | 현재까지의 RPS: 460.81최근 1000개 request의 p99 TTFT: 0.4951 초 | 
2025-11-17 17:41:05,055 - INFO - [실시간] 요청 7000개 처리 | 현재까지의 RPS: 486.83최근 1000개 request의 p99 TTFT: 0.6778 초 | 
2025-11-17 17:41:06,775 - INFO - [실시간] 요청 8000개 처리 | 현재까지의 RPS: 496.93최근 1000개 request의 p99 TTFT: 0.9386 초 | 
2025-11-17 17:41:08,210 - INFO - [실시간] 요청 9000개 처리 | 현재까지의 RPS: 513.28최근 1000개 request의 p99 TTFT: 1.5104 초 | 
2025-11-17 17:41:09,604 - INFO - [실시간] 요청 10000개 처리 | 현재까지의 RPS: 528.32최근 1000개 request의 p99 TTFT: 1.4301 초 | 
2025-11-17 17:41:10,873 - INFO - [실시간] 요청 11000개 처리 | 현재까지의 RPS: 544.63최근 1000개 request의 p99 TTFT: 1.7875 초 | 
2025-11-17 17:41:12,199 - INFO - [실시간] 요청 12000개 처리 | 현재까지의 RPS: 557.54최근 1000개 request의 p99 TTFT: 2.4765 초 | 
2025-11-17 17:41:12,199 - WARNING - 최근 1000개의 p99 TTFT 2.4765 초가 SLO 의 2배 (2.0 초)를 초과했습니다. 부하 테스트를 조기 종료합니다.
2025-11-17 17:41:13,988 - INFO - [실시간] 요청 13000개 처리 | 현재까지의 RPS: 557.65최근 1000개 request의 p99 TTFT: 2.7210 초 | 
통계에 반영된 요청 인덱스 범위: 0 ~ 12000 (총 12000개 요청)
통계 반영된 요청 수: 12000, 통계 반영된 시간: 50.83 초

==================================================
 실험 최종 결과 요약
==================================================
 부하 테스트가 조기 종료되었습니다! (SLO 위반)
 Client 수를 낮추어 다시 시도하세요.
 설정 실험 시간: 80 초
 Clients 수: 7500
 통계 반영 시간: 50.83 초
 총 시도된 요청: 12000 개
 총 완료된 요청: 12000 개
 총 실패한 요청: 0 개
 완료 요청 중 retrieval이 실패한 요청: -1043 개
 요청 성공률: 100.00%
 전체 Requests Per Second (RPS): 236.09
--------------------------------------------------
 Time to First Token (TTFT) Latency:
  - 평균 (Mean): 0.2884 초
  - 중간값 (50%ile): 0.1468 초
  - 최소값 (Min): 0.0197 초
  - 최대값 (Max): 2.7366 초
  - 95%ile Tail: 1.0320 초
  - 99%ile Tail: 1.6835 초
--------------------------------------------------
 Time Per Output Token (TPOT):
  - 평균 (Mean): 16.88 ms/token
--------------------------------------------------
 Embedding Latency:
  - 총 샘플 수: 12000
  - 평균 (Mean): 7.83 ms
  - 중간값 (50%ile): 6.00 ms
  - 95%ile Tail: 16.00 ms
  - 99%ile Tail: 35.00 ms
--------------------------------------------------
 VectorDB Search Latency:
  - 총 샘플 수: 12000
  - 평균 (Mean): 183.64 ms
  - 중간값 (50%ile): 27.00 ms
  - 95%ile Tail: 884.05 ms
  - 99%ile Tail: 1514.07 ms
--------------------------------------------------
 Document Search Latency:
  - 총 샘플 수: 12000
  - 평균 (Mean): 20.52 ms
  - 중간값 (50%ile): 8.00 ms
  - 95%ile Tail: 66.00 ms
  - 99%ile Tail: 129.02 ms
--------------------------------------------------
 Total Retrieval Latency:
  - 총 샘플 수: 12000
  - 평균 (Mean): 211.81 ms
  - 중간값 (50%ile): 53.00 ms
  - 95%ile Tail: 944.00 ms
  - 99%ile Tail: 1589.01 ms
==================================================
