2025-10-02 00:04:47,416 - INFO - ReqGen 시작: 서버=163.152.48.109:9000, 클라이언트=5000, 시간=330초
2025-10-02 00:04:47,416 - INFO - Hugging Face에서 'kroshan/BioASQ' 데이터셋을 로드합니다...
2025-10-02 00:04:54,024 - INFO - 3266개의 질문을 로드했습니다.
2025-10-02 00:04:54,024 - INFO - 부하 테스트 시작, client 수 = 5000
2025-10-02 00:04:54,024 - INFO - Zipf 값 1.2에서 상위 20%의 질문이 차지하는 비율: 91.82%
2025-10-02 00:04:56,713 - INFO - [실시간] 요청 1000개 처리 | 현재까지의 RPS: 371.95최근 1000개 request의 p99 TTFT: 0.4044 초 | 
2025-10-02 00:04:58,706 - INFO - [실시간] 요청 2000개 처리 | 현재까지의 RPS: 427.17최근 1000개 request의 p99 TTFT: 0.3651 초 | 
2025-10-02 00:05:00,381 - INFO - [실시간] 요청 3000개 처리 | 현재까지의 RPS: 471.94최근 1000개 request의 p99 TTFT: 0.7211 초 | 
2025-10-02 00:05:01,845 - INFO - [실시간] 요청 4000개 처리 | 현재까지의 RPS: 511.47최근 1000개 request의 p99 TTFT: 0.2496 초 | 
2025-10-02 00:05:03,235 - INFO - [실시간] 요청 5000개 처리 | 현재까지의 RPS: 542.86최근 1000개 request의 p99 TTFT: 0.3421 초 | 
2025-10-02 00:05:04,647 - INFO - [실시간] 요청 6000개 처리 | 현재까지의 RPS: 564.83최근 1000개 request의 p99 TTFT: 1.1326 초 | 
2025-10-02 00:05:05,978 - INFO - [실시간] 요청 7000개 처리 | 현재까지의 RPS: 585.58최근 1000개 request의 p99 TTFT: 1.1783 초 | 
2025-10-02 00:05:07,315 - INFO - [실시간] 요청 8000개 처리 | 현재까지의 RPS: 601.93최근 1000개 request의 p99 TTFT: 1.2005 초 | 
2025-10-02 00:05:08,832 - INFO - [실시간] 요청 9000개 처리 | 현재까지의 RPS: 607.79최근 1000개 request의 p99 TTFT: 0.7354 초 | 
2025-10-02 00:05:10,308 - INFO - [실시간] 요청 10000개 처리 | 현재까지의 RPS: 614.11최근 1000개 request의 p99 TTFT: 0.4361 초 | 
2025-10-02 00:05:11,718 - INFO - [실시간] 요청 11000개 처리 | 현재까지의 RPS: 621.68최근 1000개 request의 p99 TTFT: 0.3279 초 | 
2025-10-02 00:05:13,197 - INFO - [실시간] 요청 12000개 처리 | 현재까지의 RPS: 625.90최근 1000개 request의 p99 TTFT: 0.4745 초 | 
2025-10-02 00:05:14,611 - INFO - [실시간] 요청 13000개 처리 | 현재까지의 RPS: 631.46최근 1000개 request의 p99 TTFT: 0.6451 초 | 
2025-10-02 00:05:16,116 - INFO - [실시간] 요청 14000개 처리 | 현재까지의 RPS: 633.71최근 1000개 request의 p99 TTFT: 0.4701 초 | 
2025-10-02 00:05:17,561 - INFO - [실시간] 요청 15000개 처리 | 현재까지의 RPS: 637.29최근 1000개 request의 p99 TTFT: 0.4031 초 | 
2025-10-02 00:05:18,931 - INFO - [실시간] 요청 16000개 처리 | 현재까지의 RPS: 642.40최근 1000개 request의 p99 TTFT: 0.6345 초 | 
2025-10-02 00:05:20,711 - INFO - [실시간] 요청 17000개 처리 | 현재까지의 RPS: 637.03최근 1000개 request의 p99 TTFT: 0.7215 초 | 
2025-10-02 00:05:21,982 - INFO - [실시간] 요청 18000개 처리 | 현재까지의 RPS: 643.82최근 1000개 request의 p99 TTFT: 1.1436 초 | 
2025-10-02 00:05:23,292 - INFO - [실시간] 요청 19000개 처리 | 현재까지의 RPS: 649.19최근 1000개 request의 p99 TTFT: 0.9041 초 | 
2025-10-02 00:05:24,700 - INFO - [실시간] 요청 20000개 처리 | 현재까지의 RPS: 651.99최근 1000개 request의 p99 TTFT: 0.2758 초 | 
2025-10-02 00:05:26,267 - INFO - [실시간] 요청 21000개 처리 | 현재까지의 RPS: 651.32최근 1000개 request의 p99 TTFT: 0.2555 초 | 
2025-10-02 00:05:27,750 - INFO - [실시간] 요청 22000개 처리 | 현재까지의 RPS: 652.32최근 1000개 request의 p99 TTFT: 0.3766 초 | 
2025-10-02 00:05:29,193 - INFO - [실시간] 요청 23000개 처리 | 현재까지의 RPS: 654.00최근 1000개 request의 p99 TTFT: 0.3696 초 | 
2025-10-02 00:05:30,561 - INFO - [실시간] 요청 24000개 처리 | 현재까지의 RPS: 656.87최근 1000개 request의 p99 TTFT: 0.5750 초 | 
2025-10-02 00:05:31,967 - INFO - [실시간] 요청 25000개 처리 | 현재까지의 RPS: 658.90최근 1000개 request의 p99 TTFT: 0.2387 초 | 
2025-10-02 00:05:33,434 - INFO - [실시간] 요청 26000개 처리 | 현재까지의 RPS: 659.73최근 1000개 request의 p99 TTFT: 0.2176 초 | 
2025-10-02 00:05:34,922 - INFO - [실시간] 요청 27000개 처리 | 현재까지의 RPS: 660.19최근 1000개 request의 p99 TTFT: 0.2506 초 | 
2025-10-02 00:05:36,370 - INFO - [실시간] 요청 28000개 처리 | 현재까지의 RPS: 661.22최근 1000개 request의 p99 TTFT: 0.3877 초 | 
2025-10-02 00:05:37,892 - INFO - [실시간] 요청 29000개 처리 | 현재까지의 RPS: 661.07최근 1000개 request의 p99 TTFT: 0.4855 초 | 
2025-10-02 00:05:39,166 - INFO - [실시간] 요청 30000개 처리 | 현재까지의 RPS: 664.57최근 1000개 request의 p99 TTFT: 0.5736 초 | 
2025-10-02 00:05:41,096 - INFO - [실시간] 요청 31000개 처리 | 현재까지의 RPS: 658.57최근 1000개 request의 p99 TTFT: 0.6218 초 | 
2025-10-02 00:05:42,386 - INFO - [실시간] 요청 32000개 처리 | 현재까지의 RPS: 661.68최근 1000개 request의 p99 TTFT: 1.0760 초 | 
2025-10-02 00:05:43,595 - INFO - [실시간] 요청 33000개 처리 | 현재까지의 RPS: 665.72최근 1000개 request의 p99 TTFT: 1.2857 초 | 
2025-10-02 00:05:45,117 - INFO - [실시간] 요청 34000개 처리 | 현재까지의 RPS: 665.45최근 1000개 request의 p99 TTFT: 0.5532 초 | 
2025-10-02 00:05:46,540 - INFO - [실시간] 요청 35000개 처리 | 현재까지의 RPS: 666.47최근 1000개 request의 p99 TTFT: 0.2374 초 | 
2025-10-02 00:05:48,078 - INFO - [실시간] 요청 36000개 처리 | 현재까지의 RPS: 666.01최근 1000개 request의 p99 TTFT: 0.4087 초 | 
2025-10-02 00:05:49,493 - INFO - [실시간] 요청 37000개 처리 | 현재까지의 RPS: 667.04최근 1000개 request의 p99 TTFT: 0.3890 초 | 
2025-10-02 00:05:50,910 - INFO - [실시간] 요청 38000개 처리 | 현재까지의 RPS: 668.01최근 1000개 request의 p99 TTFT: 0.2636 초 | 
2025-10-02 00:05:52,275 - INFO - [실시간] 요청 39000개 처리 | 현재까지의 RPS: 669.52최근 1000개 request의 p99 TTFT: 0.2590 초 | 
2025-10-02 00:05:53,737 - INFO - [실시간] 요청 40000개 처리 | 현재까지의 RPS: 669.87최근 1000개 request의 p99 TTFT: 0.2400 초 | 
2025-10-02 00:05:55,099 - INFO - [실시간] 요청 41000개 처리 | 현재까지의 RPS: 671.30최근 1000개 request의 p99 TTFT: 0.5805 초 | 
2025-10-02 00:05:56,646 - INFO - [실시간] 요청 42000개 처리 | 현재까지의 RPS: 670.69최근 1000개 request의 p99 TTFT: 0.2364 초 | 
2025-10-02 00:05:58,036 - INFO - [실시간] 요청 43000개 처리 | 현재까지의 RPS: 671.75최근 1000개 request의 p99 TTFT: 0.3777 초 | 
2025-10-02 00:05:59,590 - INFO - [실시간] 요청 44000개 처리 | 현재까지의 RPS: 671.09최근 1000개 request의 p99 TTFT: 0.3013 초 | 
2025-10-02 00:06:01,282 - INFO - [실시간] 요청 45000개 처리 | 현재까지의 RPS: 669.07최근 1000개 request의 p99 TTFT: 1.0887 초 | 
2025-10-02 00:06:02,506 - INFO - [실시간] 요청 46000개 처리 | 현재까지의 RPS: 671.71최근 1000개 request의 p99 TTFT: 1.3596 초 | 
2025-10-02 00:06:03,869 - INFO - [실시간] 요청 47000개 처리 | 현재까지의 RPS: 672.92최근 1000개 request의 p99 TTFT: 0.7433 초 | 
2025-10-02 00:06:05,396 - INFO - [실시간] 요청 48000개 처리 | 현재까지의 RPS: 672.54최근 1000개 request의 p99 TTFT: 0.3908 초 | 
2025-10-02 00:06:06,841 - INFO - [실시간] 요청 49000개 처리 | 현재까지의 RPS: 672.93최근 1000개 request의 p99 TTFT: 0.6376 초 | 
2025-10-02 00:06:08,283 - INFO - [실시간] 요청 50000개 처리 | 현재까지의 RPS: 673.32최근 1000개 request의 p99 TTFT: 0.2069 초 | 
2025-10-02 00:06:09,755 - INFO - [실시간] 요청 51000개 처리 | 현재까지의 RPS: 673.44최근 1000개 request의 p99 TTFT: 0.2151 초 | 
2025-10-02 00:06:11,123 - INFO - [실시간] 요청 52000개 처리 | 현재까지의 RPS: 674.46최근 1000개 request의 p99 TTFT: 0.3731 초 | 
2025-10-02 00:06:12,518 - INFO - [실시간] 요청 53000개 처리 | 현재까지의 RPS: 675.21최근 1000개 request의 p99 TTFT: 0.2311 초 | 
2025-10-02 00:06:13,981 - INFO - [실시간] 요청 54000개 처리 | 현재까지의 RPS: 675.36최근 1000개 request의 p99 TTFT: 0.4947 초 | 
2025-10-02 00:06:15,492 - INFO - [실시간] 요청 55000개 처리 | 현재까지의 RPS: 675.11최근 1000개 request의 p99 TTFT: 0.2370 초 | 
2025-10-02 00:06:16,825 - INFO - [실시간] 요청 56000개 처리 | 현재까지의 RPS: 676.32최근 1000개 request의 p99 TTFT: 0.4783 초 | 
2025-10-02 00:06:18,698 - INFO - [실시간] 요청 57000개 처리 | 현재까지의 RPS: 673.17최근 1000개 request의 p99 TTFT: 0.5276 초 | 
2025-10-02 00:06:19,958 - INFO - [실시간] 요청 58000개 처리 | 현재까지의 RPS: 674.94최근 1000개 request의 p99 TTFT: 1.2715 초 | 
2025-10-02 00:06:21,147 - INFO - [실시간] 요청 59000개 처리 | 현재까지의 RPS: 677.21최근 1000개 request의 p99 TTFT: 1.3374 초 | 
2025-10-02 00:06:22,653 - INFO - [실시간] 요청 60000개 처리 | 현재까지의 RPS: 676.98최근 1000개 request의 p99 TTFT: 0.3471 초 | 
2025-10-02 00:06:24,190 - INFO - [실시간] 요청 61000개 처리 | 현재까지의 RPS: 676.53최근 1000개 request의 p99 TTFT: 0.2448 초 | 
2025-10-02 00:06:25,625 - INFO - [실시간] 요청 62000개 처리 | 현재까지의 RPS: 676.85최근 1000개 request의 p99 TTFT: 0.2624 초 | 
2025-10-02 00:06:27,118 - INFO - [실시간] 요청 63000개 처리 | 현재까지의 RPS: 676.74최근 1000개 request의 p99 TTFT: 0.2367 초 | 
2025-10-02 00:06:28,438 - INFO - [실시간] 요청 64000개 처리 | 현재까지의 RPS: 677.87최근 1000개 request의 p99 TTFT: 0.4956 초 | 
2025-10-02 00:06:29,887 - INFO - [실시간] 요청 65000개 처리 | 현재까지의 RPS: 678.06최근 1000개 request의 p99 TTFT: 0.2278 초 | 
2025-10-02 00:06:31,334 - INFO - [실시간] 요청 66000개 처리 | 현재까지의 RPS: 678.24최근 1000개 request의 p99 TTFT: 0.2716 초 | 
2025-10-02 00:06:32,720 - INFO - [실시간] 요청 67000개 처리 | 현재까지의 RPS: 678.85최근 1000개 request의 p99 TTFT: 0.2669 초 | 
2025-10-02 00:06:34,217 - INFO - [실시간] 요청 68000개 처리 | 현재까지의 RPS: 678.69최근 1000개 request의 p99 TTFT: 0.2098 초 | 
2025-10-02 00:06:35,676 - INFO - [실시간] 요청 69000개 처리 | 현재까지의 RPS: 678.79최근 1000개 request의 p99 TTFT: 0.3401 초 | 
2025-10-02 00:06:36,972 - INFO - [실시간] 요청 70000개 처리 | 현재까지의 RPS: 679.96최근 1000개 request의 p99 TTFT: 0.3723 초 | 
2025-10-02 00:06:38,977 - INFO - [실시간] 요청 71000개 처리 | 현재까지의 RPS: 676.49최근 1000개 request의 p99 TTFT: 0.6384 초 | 
2025-10-02 00:06:40,199 - INFO - [실시간] 요청 72000개 처리 | 현재까지의 RPS: 678.13최근 1000개 request의 p99 TTFT: 1.0192 초 | 
2025-10-02 00:06:41,390 - INFO - [실시간] 요청 73000개 처리 | 현재까지의 RPS: 679.92최근 1000개 request의 p99 TTFT: 0.9323 초 | 
2025-10-02 00:06:42,917 - INFO - [실시간] 요청 74000개 처리 | 현재까지의 RPS: 679.57최근 1000개 request의 p99 TTFT: 0.2286 초 | 
2025-10-02 00:06:44,309 - INFO - [실시간] 요청 75000개 처리 | 현재까지의 RPS: 680.05최근 1000개 request의 p99 TTFT: 0.5598 초 | 
2025-10-02 00:06:45,875 - INFO - [실시간] 요청 76000개 처리 | 현재까지의 RPS: 679.48최근 1000개 request의 p99 TTFT: 0.2358 초 | 
2025-10-02 00:06:47,293 - INFO - [실시간] 요청 77000개 처리 | 현재까지의 RPS: 679.80최근 1000개 request의 p99 TTFT: 0.2165 초 | 
2025-10-02 00:06:48,741 - INFO - [실시간] 요청 78000개 처리 | 현재까지의 RPS: 679.94최근 1000개 request의 p99 TTFT: 0.2528 초 | 
2025-10-02 00:06:50,140 - INFO - [실시간] 요청 79000개 처리 | 현재까지의 RPS: 680.35최근 1000개 request의 p99 TTFT: 0.5466 초 | 
2025-10-02 00:06:51,582 - INFO - [실시간] 요청 80000개 처리 | 현재까지의 RPS: 680.51최근 1000개 request의 p99 TTFT: 0.2627 초 | 
2025-10-02 00:06:53,024 - INFO - [실시간] 요청 81000개 처리 | 현재까지의 RPS: 680.67최근 1000개 request의 p99 TTFT: 0.2378 초 | 
2025-10-02 00:06:54,498 - INFO - [실시간] 요청 82000개 처리 | 현재까지의 RPS: 680.65최근 1000개 request의 p99 TTFT: 0.2232 초 | 
2025-10-02 00:06:55,886 - INFO - [실시간] 요청 83000개 처리 | 현재까지의 RPS: 681.10최근 1000개 request의 p99 TTFT: 0.4238 초 | 
2025-10-02 00:06:57,396 - INFO - [실시간] 요청 84000개 처리 | 현재까지의 RPS: 680.87최근 1000개 request의 p99 TTFT: 0.4550 초 | 
2025-10-02 00:06:59,081 - INFO - [실시간] 요청 85000개 처리 | 현재까지의 RPS: 679.69최근 1000개 request의 p99 TTFT: 0.9548 초 | 
2025-10-02 00:07:00,223 - INFO - [실시간] 요청 86000개 처리 | 현재까지의 RPS: 681.46최근 1000개 request의 p99 TTFT: 1.0230 초 | 
2025-10-02 00:07:01,684 - INFO - [실시간] 요청 87000개 처리 | 현재까지의 RPS: 681.50최근 1000개 request의 p99 TTFT: 0.3427 초 | 
2025-10-02 00:07:03,128 - INFO - [실시간] 요청 88000개 처리 | 현재까지의 RPS: 681.62최근 1000개 request의 p99 TTFT: 0.3933 초 | 
2025-10-02 00:07:04,610 - INFO - [실시간] 요청 89000개 처리 | 현재까지의 RPS: 681.54최근 1000개 request의 p99 TTFT: 0.4329 초 | 
2025-10-02 00:07:06,102 - INFO - [실시간] 요청 90000개 처리 | 현재까지의 RPS: 681.41최근 1000개 request의 p99 TTFT: 0.2277 초 | 
2025-10-02 00:07:07,442 - INFO - [실시간] 요청 91000개 처리 | 현재까지의 RPS: 682.07최근 1000개 request의 p99 TTFT: 0.5195 초 | 
2025-10-02 00:07:08,808 - INFO - [실시간] 요청 92000개 처리 | 현재까지의 RPS: 682.57최근 1000개 request의 p99 TTFT: 0.2181 초 | 
2025-10-02 00:07:10,287 - INFO - [실시간] 요청 93000개 처리 | 현재까지의 RPS: 682.50최근 1000개 request의 p99 TTFT: 0.2281 초 | 
2025-10-02 00:07:11,844 - INFO - [실시간] 요청 94000개 처리 | 현재까지의 RPS: 682.05최근 1000개 request의 p99 TTFT: 0.2412 초 | 
2025-10-02 00:07:13,195 - INFO - [실시간] 요청 95000개 처리 | 현재까지의 RPS: 682.62최근 1000개 request의 p99 TTFT: 0.7237 초 | 
2025-10-02 00:07:14,666 - INFO - [실시간] 요청 96000개 처리 | 현재까지의 RPS: 682.59최근 1000개 request의 p99 TTFT: 0.2355 초 | 
2025-10-02 00:07:16,095 - INFO - [실시간] 요청 97000개 처리 | 현재까지의 RPS: 682.76최근 1000개 request의 p99 TTFT: 0.3013 초 | 
2025-10-02 00:07:17,878 - INFO - [실시간] 요청 98000개 처리 | 현재까지의 RPS: 681.25최근 1000개 request의 p99 TTFT: 0.8210 초 | 
2025-10-02 00:07:19,124 - INFO - [실시간] 요청 99000개 처리 | 현재까지의 RPS: 682.29최근 1000개 request의 p99 TTFT: 0.9816 초 | 
2025-10-02 00:07:20,460 - INFO - [실시간] 요청 100000개 처리 | 현재까지의 RPS: 682.90최근 1000개 request의 p99 TTFT: 0.8966 초 | 
2025-10-02 00:07:21,912 - INFO - [실시간] 요청 101000개 처리 | 현재까지의 RPS: 682.95최근 1000개 request의 p99 TTFT: 0.2112 초 | 
2025-10-02 00:07:23,393 - INFO - [실시간] 요청 102000개 처리 | 현재까지의 RPS: 682.87최근 1000개 request의 p99 TTFT: 0.2111 초 | 
2025-10-02 00:07:24,844 - INFO - [실시간] 요청 103000개 처리 | 현재까지의 RPS: 682.93최근 1000개 request의 p99 TTFT: 0.2341 초 | 
2025-10-02 00:07:26,202 - INFO - [실시간] 요청 104000개 처리 | 현재까지의 RPS: 683.41최근 1000개 request의 p99 TTFT: 0.2115 초 | 
2025-10-02 00:07:27,651 - INFO - [실시간] 요청 105000개 처리 | 현재까지의 RPS: 683.48최근 1000개 request의 p99 TTFT: 0.2151 초 | 
2025-10-02 00:07:29,084 - INFO - [실시간] 요청 106000개 처리 | 현재까지의 RPS: 683.61최근 1000개 request의 p99 TTFT: 0.2273 초 | 
2025-10-02 00:07:30,544 - INFO - [실시간] 요청 107000개 처리 | 현재까지의 RPS: 683.62최근 1000개 request의 p99 TTFT: 0.4971 초 | 
2025-10-02 00:07:31,958 - INFO - [실시간] 요청 108000개 처리 | 현재까지의 RPS: 683.83최근 1000개 request의 p99 TTFT: 0.2023 초 | 
2025-10-02 00:07:33,374 - INFO - [실시간] 요청 109000개 처리 | 현재까지의 RPS: 684.03최근 1000개 request의 p99 TTFT: 0.2253 초 | 
2025-10-02 00:07:34,825 - INFO - [실시간] 요청 110000개 처리 | 현재까지의 RPS: 684.08최근 1000개 request의 p99 TTFT: 0.2088 초 | 
2025-10-02 00:07:36,257 - INFO - [실시간] 요청 111000개 처리 | 현재까지의 RPS: 684.20최근 1000개 request의 p99 TTFT: 0.2179 초 | 
2025-10-02 00:07:37,822 - INFO - [실시간] 요청 112000개 처리 | 현재까지의 RPS: 683.77최근 1000개 request의 p99 TTFT: 0.2071 초 | 
2025-10-02 00:07:39,503 - INFO - [실시간] 요청 113000개 처리 | 현재까지의 RPS: 682.87최근 1000개 request의 p99 TTFT: 0.9073 초 | 
2025-10-02 00:07:40,656 - INFO - [실시간] 요청 114000개 처리 | 현재까지의 RPS: 684.14최근 1000개 request의 p99 TTFT: 1.1652 초 | 
2025-10-02 00:07:42,000 - INFO - [실시간] 요청 115000개 처리 | 현재까지의 RPS: 684.62최근 1000개 request의 p99 TTFT: 0.5897 초 | 
2025-10-02 00:07:43,499 - INFO - [실시간] 요청 116000개 처리 | 현재까지의 RPS: 684.47최근 1000개 request의 p99 TTFT: 0.2059 초 | 
2025-10-02 00:07:45,028 - INFO - [실시간] 요청 117000개 처리 | 현재까지의 RPS: 684.19최근 1000개 request의 p99 TTFT: 0.2620 초 | 
2025-10-02 00:07:46,456 - INFO - [실시간] 요청 118000개 처리 | 현재까지의 RPS: 684.33최근 1000개 request의 p99 TTFT: 0.2167 초 | 
2025-10-02 00:07:47,831 - INFO - [실시간] 요청 119000개 처리 | 현재까지의 RPS: 684.67최근 1000개 request의 p99 TTFT: 0.2243 초 | 
2025-10-02 00:07:49,254 - INFO - [실시간] 요청 120000개 처리 | 현재까지의 RPS: 684.81최근 1000개 request의 p99 TTFT: 0.2305 초 | 
2025-10-02 00:07:50,696 - INFO - [실시간] 요청 121000개 처리 | 현재까지의 RPS: 684.89최근 1000개 request의 p99 TTFT: 0.2258 초 | 
2025-10-02 00:07:52,156 - INFO - [실시간] 요청 122000개 처리 | 현재까지의 RPS: 684.89최근 1000개 request의 p99 TTFT: 0.5287 초 | 
2025-10-02 00:07:53,661 - INFO - [실시간] 요청 123000개 처리 | 현재까지의 RPS: 684.72최근 1000개 request의 p99 TTFT: 0.2084 초 | 
2025-10-02 00:07:55,137 - INFO - [실시간] 요청 124000개 처리 | 현재까지의 RPS: 684.66최근 1000개 request의 p99 TTFT: 0.3903 초 | 
2025-10-02 00:07:56,473 - INFO - [실시간] 요청 125000개 처리 | 현재까지의 RPS: 685.12최근 1000개 request의 p99 TTFT: 0.5082 초 | 
2025-10-02 00:07:58,050 - INFO - [실시간] 요청 126000개 처리 | 현재까지의 RPS: 684.69최근 1000개 request의 p99 TTFT: 0.2769 초 | 
2025-10-02 00:07:59,808 - INFO - [실시간] 요청 127000개 처리 | 현재까지의 RPS: 683.59최근 1000개 request의 p99 TTFT: 1.0157 초 | 
2025-10-02 00:08:00,976 - INFO - [실시간] 요청 128000개 처리 | 현재까지의 RPS: 684.67최근 1000개 request의 p99 TTFT: 1.4849 초 | 
2025-10-02 00:08:02,243 - INFO - [실시간] 요청 129000개 처리 | 현재까지의 RPS: 685.37최근 1000개 request의 p99 TTFT: 0.6994 초 | 
2025-10-02 00:08:03,729 - INFO - [실시간] 요청 130000개 처리 | 현재까지의 RPS: 685.27최근 1000개 request의 p99 TTFT: 0.2123 초 | 
2025-10-02 00:08:05,249 - INFO - [실시간] 요청 131000개 처리 | 현재까지의 RPS: 685.06최근 1000개 request의 p99 TTFT: 0.2398 초 | 
2025-10-02 00:08:06,702 - INFO - [실시간] 요청 132000개 처리 | 현재까지의 RPS: 685.08최근 1000개 request의 p99 TTFT: 0.2179 초 | 
2025-10-02 00:08:08,122 - INFO - [실시간] 요청 133000개 처리 | 현재까지의 RPS: 685.22최근 1000개 request의 p99 TTFT: 0.2331 초 | 
2025-10-02 00:08:09,493 - INFO - [실시간] 요청 134000개 처리 | 현재까지의 RPS: 685.53최근 1000개 request의 p99 TTFT: 0.2379 초 | 
2025-10-02 00:08:10,958 - INFO - [실시간] 요청 135000개 처리 | 현재까지의 RPS: 685.51최근 1000개 request의 p99 TTFT: 0.2383 초 | 
2025-10-02 00:08:12,441 - INFO - [실시간] 요청 136000개 처리 | 현재까지의 RPS: 685.43최근 1000개 request의 p99 TTFT: 0.2866 초 | 
2025-10-02 00:08:13,903 - INFO - [실시간] 요청 137000개 처리 | 현재까지의 RPS: 685.42최근 1000개 request의 p99 TTFT: 0.3880 초 | 
2025-10-02 00:08:15,257 - INFO - [실시간] 요청 138000개 처리 | 현재까지의 RPS: 685.77최근 1000개 request의 p99 TTFT: 0.2284 초 | 
2025-10-02 00:08:17,118 - INFO - [실시간] 요청 139000개 처리 | 현재까지의 RPS: 684.41최근 1000개 request의 p99 TTFT: 0.7868 초 | 
2025-10-02 00:08:18,327 - INFO - [실시간] 요청 140000개 처리 | 현재까지의 RPS: 685.26최근 1000개 request의 p99 TTFT: 0.8728 초 | 
2025-10-02 00:08:19,653 - INFO - [실시간] 요청 141000개 처리 | 현재까지의 RPS: 685.70최근 1000개 request의 p99 TTFT: 0.5168 초 | 
2025-10-02 00:08:21,115 - INFO - [실시간] 요청 142000개 처리 | 현재까지의 RPS: 685.69최근 1000개 request의 p99 TTFT: 0.4798 초 | 
2025-10-02 00:08:22,622 - INFO - [실시간] 요청 143000개 처리 | 현재까지의 RPS: 685.53최근 1000개 request의 p99 TTFT: 0.3107 초 | 
2025-10-02 00:08:24,130 - INFO - [실시간] 요청 144000개 처리 | 현재까지의 RPS: 685.37최근 1000개 request의 p99 TTFT: 0.5393 초 | 
2025-10-02 00:08:25,535 - INFO - [실시간] 요청 145000개 처리 | 현재까지의 RPS: 685.55최근 1000개 request의 p99 TTFT: 0.4387 초 | 
2025-10-02 00:08:26,933 - INFO - [실시간] 요청 146000개 처리 | 현재까지의 RPS: 685.74최근 1000개 request의 p99 TTFT: 0.2340 초 | 
2025-10-02 00:08:28,364 - INFO - [실시간] 요청 147000개 처리 | 현재까지의 RPS: 685.83최근 1000개 request의 p99 TTFT: 0.2505 초 | 
2025-10-02 00:08:29,814 - INFO - [실시간] 요청 148000개 처리 | 현재까지의 RPS: 685.85최근 1000개 request의 p99 TTFT: 0.2147 초 | 
2025-10-02 00:08:31,223 - INFO - [실시간] 요청 149000개 처리 | 현재까지의 RPS: 686.01최근 1000개 request의 p99 TTFT: 0.4547 초 | 
2025-10-02 00:08:32,664 - INFO - [실시간] 요청 150000개 처리 | 현재까지의 RPS: 686.06최근 1000개 request의 p99 TTFT: 0.2291 초 | 
2025-10-02 00:08:34,455 - INFO - [실시간] 요청 151000개 처리 | 현재까지의 RPS: 685.02최근 1000개 request의 p99 TTFT: 0.4198 초 | 
2025-10-02 00:08:36,085 - INFO - [실시간] 요청 152000개 처리 | 현재까지의 RPS: 684.50최근 1000개 request의 p99 TTFT: 0.9688 초 | 
2025-10-02 00:08:37,345 - INFO - [실시간] 요청 153000개 처리 | 현재까지의 RPS: 685.11최근 1000개 request의 p99 TTFT: 1.4032 초 | 
2025-10-02 00:08:38,545 - INFO - [실시간] 요청 154000개 처리 | 현재까지의 RPS: 685.91최근 1000개 request의 p99 TTFT: 1.3212 초 | 
2025-10-02 00:08:39,918 - INFO - [실시간] 요청 155000개 처리 | 현재까지의 RPS: 686.16최근 1000개 request의 p99 TTFT: 0.7145 초 | 
2025-10-02 00:08:41,519 - INFO - [실시간] 요청 156000개 처리 | 현재까지의 RPS: 685.73최근 1000개 request의 p99 TTFT: 0.2796 초 | 
2025-10-02 00:08:43,049 - INFO - [실시간] 요청 157000개 처리 | 현재까지의 RPS: 685.51최근 1000개 request의 p99 TTFT: 0.2274 초 | 
2025-10-02 00:08:44,473 - INFO - [실시간] 요청 158000개 처리 | 현재까지의 RPS: 685.62최근 1000개 request의 p99 TTFT: 0.2793 초 | 
2025-10-02 00:08:45,910 - INFO - [실시간] 요청 159000개 처리 | 현재까지의 RPS: 685.68최근 1000개 request의 p99 TTFT: 0.4874 초 | 
2025-10-02 00:08:47,293 - INFO - [실시간] 요청 160000개 처리 | 현재까지의 RPS: 685.90최근 1000개 request의 p99 TTFT: 0.4329 초 | 
2025-10-02 00:08:48,739 - INFO - [실시간] 요청 161000개 처리 | 현재까지의 RPS: 685.94최근 1000개 request의 p99 TTFT: 0.2018 초 | 
2025-10-02 00:08:50,672 - INFO - [실시간] 요청 162000개 처리 | 현재까지의 RPS: 684.56최근 1000개 request의 p99 TTFT: 0.6490 초 | 
2025-10-02 00:08:51,854 - INFO - [실시간] 요청 163000개 처리 | 현재까지의 RPS: 685.36최근 1000개 request의 p99 TTFT: 1.1725 초 | 
2025-10-02 00:08:53,067 - INFO - [실시간] 요청 164000개 처리 | 현재까지의 RPS: 686.07최근 1000개 request의 p99 TTFT: 1.3000 초 | 
2025-10-02 00:08:54,462 - INFO - [실시간] 요청 165000개 처리 | 현재까지의 RPS: 686.25최근 1000개 request의 p99 TTFT: 0.4687 초 | 
2025-10-02 00:08:56,001 - INFO - [실시간] 요청 166000개 처리 | 현재까지의 RPS: 686.02최근 1000개 request의 p99 TTFT: 0.3234 초 | 
2025-10-02 00:08:57,489 - INFO - [실시간] 요청 167000개 처리 | 현재까지의 RPS: 685.93최근 1000개 request의 p99 TTFT: 0.6858 초 | 
2025-10-02 00:08:58,920 - INFO - [실시간] 요청 168000개 처리 | 현재까지의 RPS: 686.01최근 1000개 request의 p99 TTFT: 0.2635 초 | 
2025-10-02 00:09:00,298 - INFO - [실시간] 요청 169000개 처리 | 현재까지의 RPS: 686.23최근 1000개 request의 p99 TTFT: 0.2130 초 | 
2025-10-02 00:09:01,740 - INFO - [실시간] 요청 170000개 처리 | 현재까지의 RPS: 686.27최근 1000개 request의 p99 TTFT: 0.4119 초 | 
2025-10-02 00:09:03,235 - INFO - [실시간] 요청 171000개 처리 | 현재까지의 RPS: 686.17최근 1000개 request의 p99 TTFT: 0.2599 초 | 
2025-10-02 00:09:04,673 - INFO - [실시간] 요청 172000개 처리 | 현재까지의 RPS: 686.22최근 1000개 request의 p99 TTFT: 0.6375 초 | 
2025-10-02 00:09:06,030 - INFO - [실시간] 요청 173000개 처리 | 현재까지의 RPS: 686.49최근 1000개 request의 p99 TTFT: 0.3881 초 | 
2025-10-02 00:09:07,461 - INFO - [실시간] 요청 174000개 처리 | 현재까지의 RPS: 686.56최근 1000개 request의 p99 TTFT: 0.2304 초 | 
2025-10-02 00:09:08,995 - INFO - [실시간] 요청 175000개 처리 | 현재까지의 RPS: 686.35최근 1000개 request의 p99 TTFT: 0.2264 초 | 
2025-10-02 00:09:10,690 - INFO - [실시간] 요청 176000개 처리 | 현재까지의 RPS: 685.72최근 1000개 request의 p99 TTFT: 0.2423 초 | 
2025-10-02 00:09:12,219 - INFO - [실시간] 요청 177000개 처리 | 현재까지의 RPS: 685.53최근 1000개 request의 p99 TTFT: 0.9418 초 | 
2025-10-02 00:09:13,331 - INFO - [실시간] 요청 178000개 처리 | 현재까지의 RPS: 686.44최근 1000개 request의 p99 TTFT: 1.1377 초 | 
2025-10-02 00:09:14,844 - INFO - [실시간] 요청 179000개 처리 | 현재까지의 RPS: 686.30최근 1000개 request의 p99 TTFT: 0.4301 초 | 
2025-10-02 00:09:16,209 - INFO - [실시간] 요청 180000개 처리 | 현재까지의 RPS: 686.54최근 1000개 request의 p99 TTFT: 0.3648 초 | 
2025-10-02 00:09:17,705 - INFO - [실시간] 요청 181000개 처리 | 현재까지의 RPS: 686.43최근 1000개 request의 p99 TTFT: 0.4999 초 | 
2025-10-02 00:09:19,176 - INFO - [실시간] 요청 182000개 처리 | 현재까지의 RPS: 686.40최근 1000개 request의 p99 TTFT: 0.2557 초 | 
2025-10-02 00:09:20,594 - INFO - [실시간] 요청 183000개 처리 | 현재까지의 RPS: 686.50최근 1000개 request의 p99 TTFT: 0.2356 초 | 
2025-10-02 00:09:21,986 - INFO - [실시간] 요청 184000개 처리 | 현재까지의 RPS: 686.66최근 1000개 request의 p99 TTFT: 0.3209 초 | 
2025-10-02 00:09:23,348 - INFO - [실시간] 요청 185000개 처리 | 현재까지의 RPS: 686.91최근 1000개 request의 p99 TTFT: 0.4445 초 | 
2025-10-02 00:09:24,835 - INFO - [실시간] 요청 186000개 처리 | 현재까지의 RPS: 686.83최근 1000개 request의 p99 TTFT: 0.2309 초 | 
2025-10-02 00:09:26,317 - INFO - [실시간] 요청 187000개 처리 | 현재까지의 RPS: 686.76최근 1000개 request의 p99 TTFT: 0.2092 초 | 
2025-10-02 00:09:27,686 - INFO - [실시간] 요청 188000개 처리 | 현재까지의 RPS: 686.98최근 1000개 request의 p99 TTFT: 0.2545 초 | 
2025-10-02 00:09:29,392 - INFO - [실시간] 요청 189000개 처리 | 현재까지의 RPS: 686.36최근 1000개 request의 p99 TTFT: 0.5745 초 | 
2025-10-02 00:09:31,119 - INFO - [실시간] 요청 190000개 처리 | 현재까지의 RPS: 685.69최근 1000개 request의 p99 TTFT: 0.9477 초 | 
2025-10-02 00:09:32,248 - INFO - [실시간] 요청 191000개 처리 | 현재까지의 RPS: 686.50최근 1000개 request의 p99 TTFT: 1.6293 초 | 
2025-10-02 00:09:33,453 - INFO - [실시간] 요청 192000개 처리 | 현재까지의 RPS: 687.12최근 1000개 request의 p99 TTFT: 1.1622 초 | 
2025-10-02 00:09:34,967 - INFO - [실시간] 요청 193000개 처리 | 현재까지의 RPS: 686.97최근 1000개 request의 p99 TTFT: 0.3797 초 | 
2025-10-02 00:09:36,605 - INFO - [실시간] 요청 194000개 처리 | 현재까지의 RPS: 686.53최근 1000개 request의 p99 TTFT: 0.2285 초 | 
2025-10-02 00:09:38,040 - INFO - [실시간] 요청 195000개 처리 | 현재까지의 RPS: 686.58최근 1000개 request의 p99 TTFT: 0.2595 초 | 
2025-10-02 00:09:39,434 - INFO - [실시간] 요청 196000개 처리 | 현재까지의 RPS: 686.73최근 1000개 request의 p99 TTFT: 0.6012 초 | 
2025-10-02 00:09:40,749 - INFO - [실시간] 요청 197000개 처리 | 현재까지의 RPS: 687.07최근 1000개 request의 p99 TTFT: 0.2757 초 | 
2025-10-02 00:09:42,238 - INFO - [실시간] 요청 198000개 처리 | 현재까지의 RPS: 686.99최근 1000개 request의 p99 TTFT: 0.2147 초 | 
2025-10-02 00:09:43,652 - INFO - [실시간] 요청 199000개 처리 | 현재까지의 RPS: 687.09최근 1000개 request의 p99 TTFT: 0.2343 초 | 
2025-10-02 00:09:45,172 - INFO - [실시간] 요청 200000개 처리 | 현재까지의 RPS: 686.94최근 1000개 request의 p99 TTFT: 0.2655 초 | 
2025-10-02 00:09:46,640 - INFO - [실시간] 요청 201000개 처리 | 현재까지의 RPS: 686.91최근 1000개 request의 p99 TTFT: 0.5413 초 | 
2025-10-02 00:09:48,330 - INFO - [실시간] 요청 202000개 처리 | 현재까지의 RPS: 686.36최근 1000개 request의 p99 TTFT: 0.9386 초 | 
2025-10-02 00:09:49,535 - INFO - [실시간] 요청 203000개 처리 | 현재까지의 RPS: 686.95최근 1000개 request의 p99 TTFT: 1.1624 초 | 
2025-10-02 00:09:50,898 - INFO - [실시간] 요청 204000개 처리 | 현재까지의 RPS: 687.16최근 1000개 request의 p99 TTFT: 0.7102 초 | 
2025-10-02 00:09:52,364 - INFO - [실시간] 요청 205000개 처리 | 현재까지의 RPS: 687.14최근 1000개 request의 p99 TTFT: 0.3721 초 | 
2025-10-02 00:09:53,929 - INFO - [실시간] 요청 206000개 처리 | 현재까지의 RPS: 686.89최근 1000개 request의 p99 TTFT: 0.3037 초 | 
2025-10-02 00:09:55,346 - INFO - [실시간] 요청 207000개 처리 | 현재까지의 RPS: 686.97최근 1000개 request의 p99 TTFT: 0.2660 초 | 
2025-10-02 00:09:56,737 - INFO - [실시간] 요청 208000개 처리 | 현재까지의 RPS: 687.12최근 1000개 request의 p99 TTFT: 0.5339 초 | 
2025-10-02 00:09:58,261 - INFO - [실시간] 요청 209000개 처리 | 현재까지의 RPS: 686.97최근 1000개 request의 p99 TTFT: 0.5455 초 | 
2025-10-02 00:09:59,617 - INFO - [실시간] 요청 210000개 처리 | 현재까지의 RPS: 687.19최근 1000개 request의 p99 TTFT: 0.5655 초 | 
2025-10-02 00:10:01,031 - INFO - [실시간] 요청 211000개 처리 | 현재까지의 RPS: 687.28최근 1000개 request의 p99 TTFT: 0.2253 초 | 
2025-10-02 00:10:02,541 - INFO - [실시간] 요청 212000개 처리 | 현재까지의 RPS: 687.16최근 1000개 request의 p99 TTFT: 0.2661 초 | 
2025-10-02 00:10:03,914 - INFO - [실시간] 요청 213000개 처리 | 현재까지의 RPS: 687.34최근 1000개 request의 p99 TTFT: 0.2725 초 | 
2025-10-02 00:10:05,317 - INFO - [실시간] 요청 214000개 처리 | 현재까지의 RPS: 687.46최근 1000개 request의 p99 TTFT: 0.4859 초 | 
2025-10-02 00:10:07,311 - INFO - [실시간] 요청 215000개 처리 | 현재까지의 RPS: 686.27최근 1000개 request의 p99 TTFT: 0.6740 초 | 
2025-10-02 00:10:08,475 - INFO - [실시간] 요청 216000개 처리 | 현재까지의 RPS: 686.91최근 1000개 request의 p99 TTFT: 0.9660 초 | 
2025-10-02 00:10:09,790 - INFO - [실시간] 요청 217000개 처리 | 현재까지의 RPS: 687.22최근 1000개 request의 p99 TTFT: 0.8598 초 | 
2025-10-02 00:10:11,189 - INFO - [실시간] 요청 218000개 처리 | 현재까지의 RPS: 687.34최근 1000개 request의 p99 TTFT: 0.6143 초 | 
2025-10-02 00:10:12,652 - INFO - [실시간] 요청 219000개 처리 | 현재까지의 RPS: 687.32최근 1000개 request의 p99 TTFT: 0.3148 초 | 
2025-10-02 00:10:14,163 - INFO - [실시간] 요청 220000개 처리 | 현재까지의 RPS: 687.20최근 1000개 request의 p99 TTFT: 0.2065 초 | 
2025-10-02 00:10:15,702 - INFO - [실시간] 요청 221000개 처리 | 현재까지의 RPS: 687.02최근 1000개 request의 p99 TTFT: 0.2301 초 | 
2025-10-02 00:10:17,017 - INFO - [실시간] 요청 222000개 처리 | 현재까지의 RPS: 687.32최근 1000개 request의 p99 TTFT: 0.6860 초 | 
2025-10-02 00:10:18,434 - INFO - [실시간] 요청 223000개 처리 | 현재까지의 RPS: 687.40최근 1000개 request의 p99 TTFT: 0.3221 초 | 
2025-10-02 00:10:19,894 - INFO - [실시간] 요청 224000개 처리 | 현재까지의 RPS: 687.39최근 1000개 request의 p99 TTFT: 0.2034 초 | 
2025-10-02 00:10:21,328 - INFO - [실시간] 요청 225000개 처리 | 현재까지의 RPS: 687.44최근 1000개 request의 p99 TTFT: 0.2565 초 | 
2025-10-02 00:10:22,843 - INFO - [실시간] 요청 226000개 처리 | 현재까지의 RPS: 687.31최근 1000개 request의 p99 TTFT: 0.2081 초 | 
2025-10-02 00:10:24,284 - INFO - [실시간] 요청 227000개 처리 | 현재까지의 RPS: 687.34최근 1000개 request의 p99 TTFT: 0.2408 초 | 
통계에 반영된 요청 인덱스 범위: 20000 ~ 227000 (총 207000개 요청)
통계 반영된 요청 수: 207000, 통계 반영된 시간: 299.58 초

==================================================
 실험 최종 결과 요약
==================================================
 설정 실험 시간: 330 초
 Clients 수: 5000
 통계 반영 시간: 299.58 초
 총 시도된 요청: 207000 개
 총 완료된 요청: 207000 개
 총 실패한 요청: 0 개
 완료 요청 중 retrieval이 실패한 요청: -20269 개
 요청 성공률: 100.00%
 전체 Requests Per Second (RPS): 690.96
--------------------------------------------------
 Time to First Token (TTFT) Latency:
  - 평균 (Mean): 0.1624 초
  - 중간값 (50%ile): 0.1204 초
  - 최소값 (Min): 0.0237 초
  - 최대값 (Max): 2.0858 초
  - 95%ile Tail: 0.4522 초
  - 99%ile Tail: 0.8465 초
--------------------------------------------------
 Time Per Output Token (TPOT):
  - 평균 (Mean): 16.75 ms/token
--------------------------------------------------
 Embedding Latency:
  - 총 샘플 수: 207000
  - 평균 (Mean): 8.51 ms
  - 중간값 (50%ile): 6.00 ms
  - 95%ile Tail: 17.00 ms
  - 99%ile Tail: 43.00 ms
--------------------------------------------------
 VectorDB Search Latency:
  - 총 샘플 수: 207000
  - 평균 (Mean): 66.62 ms
  - 중간값 (50%ile): 26.00 ms
  - 95%ile Tail: 281.00 ms
  - 99%ile Tail: 664.00 ms
--------------------------------------------------
 Document Search Latency:
  - 총 샘플 수: 207000
  - 평균 (Mean): 15.42 ms
  - 중간값 (50%ile): 7.00 ms
  - 95%ile Tail: 50.00 ms
  - 99%ile Tail: 115.00 ms
--------------------------------------------------
 Total Retrieval Latency:
  - 총 샘플 수: 207000
  - 평균 (Mean): 90.56 ms
  - 중간값 (50%ile): 44.00 ms
  - 95%ile Tail: 335.05 ms
  - 99%ile Tail: 755.00 ms
==================================================
