2025-10-02 00:10:48,091 - INFO - ReqGen 시작: 서버=163.152.48.109:9000, 클라이언트=4900, 시간=330초
2025-10-02 00:10:48,091 - INFO - Hugging Face에서 'kroshan/BioASQ' 데이터셋을 로드합니다...
2025-10-02 00:10:54,855 - INFO - 3266개의 질문을 로드했습니다.
2025-10-02 00:10:54,856 - INFO - 부하 테스트 시작, client 수 = 4900
2025-10-02 00:10:54,856 - INFO - Zipf 값 1.2에서 상위 20%의 질문이 차지하는 비율: 91.82%
2025-10-02 00:10:57,546 - INFO - [실시간] 요청 1000개 처리 | 현재까지의 RPS: 371.83최근 1000개 request의 p99 TTFT: 0.4353 초 | 
2025-10-02 00:10:59,660 - INFO - [실시간] 요청 2000개 처리 | 현재까지의 RPS: 416.31최근 1000개 request의 p99 TTFT: 0.2880 초 | 
2025-10-02 00:11:01,447 - INFO - [실시간] 요청 3000개 처리 | 현재까지의 RPS: 455.18최근 1000개 request의 p99 TTFT: 0.4753 초 | 
2025-10-02 00:11:02,955 - INFO - [실시간] 요청 4000개 처리 | 현재까지의 RPS: 493.91최근 1000개 request의 p99 TTFT: 0.5599 초 | 
2025-10-02 00:11:04,175 - INFO - [실시간] 요청 5000개 처리 | 현재까지의 RPS: 536.57최근 1000개 request의 p99 TTFT: 0.5792 초 | 
2025-10-02 00:11:05,612 - INFO - [실시간] 요청 6000개 처리 | 현재까지의 RPS: 557.83최근 1000개 request의 p99 TTFT: 0.7994 초 | 
2025-10-02 00:11:06,895 - INFO - [실시간] 요청 7000개 처리 | 현재까지의 RPS: 581.47최근 1000개 request의 p99 TTFT: 1.0627 초 | 
2025-10-02 00:11:08,524 - INFO - [실시간] 요청 8000개 처리 | 현재까지의 RPS: 585.31최근 1000개 request의 p99 TTFT: 0.9669 초 | 
2025-10-02 00:11:09,988 - INFO - [실시간] 요청 9000개 처리 | 현재까지의 RPS: 594.77최근 1000개 request의 p99 TTFT: 0.2533 초 | 
2025-10-02 00:11:11,452 - INFO - [실시간] 요청 10000개 처리 | 현재까지의 RPS: 602.58최근 1000개 request의 p99 TTFT: 0.2243 초 | 
2025-10-02 00:11:12,982 - INFO - [실시간] 요청 11000개 처리 | 현재까지의 RPS: 606.87최근 1000개 request의 p99 TTFT: 0.2570 초 | 
2025-10-02 00:11:14,259 - INFO - [실시간] 요청 12000개 처리 | 현재까지의 RPS: 618.46최근 1000개 request의 p99 TTFT: 0.5195 초 | 
2025-10-02 00:11:15,779 - INFO - [실시간] 요청 13000개 처리 | 현재까지의 RPS: 621.34최근 1000개 request의 p99 TTFT: 0.2022 초 | 
2025-10-02 00:11:17,285 - INFO - [실시간] 요청 14000개 처리 | 현재까지의 RPS: 624.19최근 1000개 request의 p99 TTFT: 0.2104 초 | 
2025-10-02 00:11:18,715 - INFO - [실시간] 요청 15000개 처리 | 현재까지의 RPS: 628.70최근 1000개 request의 p99 TTFT: 0.4390 초 | 
2025-10-02 00:11:20,229 - INFO - [실시간] 요청 16000개 처리 | 현재까지의 RPS: 630.60최근 1000개 request의 p99 TTFT: 0.5252 초 | 
2025-10-02 00:11:21,623 - INFO - [실시간] 요청 17000개 처리 | 현재까지의 RPS: 635.11최근 1000개 request의 p99 TTFT: 0.4536 초 | 
2025-10-02 00:11:23,168 - INFO - [실시간] 요청 18000개 처리 | 현재까지의 RPS: 635.77최근 1000개 request의 p99 TTFT: 0.2126 초 | 
2025-10-02 00:11:24,823 - INFO - [실시간] 요청 19000개 처리 | 현재까지의 RPS: 634.03최근 1000개 request의 p99 TTFT: 0.2130 초 | 
2025-10-02 00:11:26,331 - INFO - [실시간] 요청 20000개 처리 | 현재까지의 RPS: 635.43최근 1000개 request의 p99 TTFT: 0.8136 초 | 
2025-10-02 00:11:27,565 - INFO - [실시간] 요청 21000개 처리 | 현재까지의 RPS: 642.04최근 1000개 request의 p99 TTFT: 1.0829 초 | 
2025-10-02 00:11:29,104 - INFO - [실시간] 요청 22000개 처리 | 현재까지의 RPS: 642.38최근 1000개 request의 p99 TTFT: 0.4116 초 | 
2025-10-02 00:11:30,544 - INFO - [실시간] 요청 23000개 처리 | 현재까지의 RPS: 644.48최근 1000개 request의 p99 TTFT: 0.4824 초 | 
2025-10-02 00:11:32,119 - INFO - [실시간] 요청 24000개 처리 | 현재까지의 RPS: 644.08최근 1000개 request의 p99 TTFT: 0.2589 초 | 
2025-10-02 00:11:33,582 - INFO - [실시간] 요청 25000개 처리 | 현재까지의 RPS: 645.57최근 1000개 request의 p99 TTFT: 0.3932 초 | 
2025-10-02 00:11:34,970 - INFO - [실시간] 요청 26000개 처리 | 현재까지의 RPS: 648.16최근 1000개 request의 p99 TTFT: 0.4686 초 | 
2025-10-02 00:11:36,371 - INFO - [실시간] 요청 27000개 처리 | 현재까지의 RPS: 650.36최근 1000개 request의 p99 TTFT: 0.2253 초 | 
2025-10-02 00:11:37,948 - INFO - [실시간] 요청 28000개 처리 | 현재까지의 RPS: 649.78최근 1000개 request의 p99 TTFT: 0.4114 초 | 
2025-10-02 00:11:39,393 - INFO - [실시간] 요청 29000개 처리 | 현재까지의 RPS: 651.15최근 1000개 request의 p99 TTFT: 0.3558 초 | 
2025-10-02 00:11:40,927 - INFO - [실시간] 요청 30000개 처리 | 현재까지의 RPS: 651.17최근 1000개 request의 p99 TTFT: 0.2191 초 | 
2025-10-02 00:11:42,306 - INFO - [실시간] 요청 31000개 처리 | 현재까지의 RPS: 653.33최근 1000개 request의 p99 TTFT: 0.3929 초 | 
2025-10-02 00:11:43,807 - INFO - [실시간] 요청 32000개 처리 | 현재까지의 RPS: 653.71최근 1000개 request의 p99 TTFT: 0.4766 초 | 
2025-10-02 00:11:45,200 - INFO - [실시간] 요청 33000개 처리 | 현재까지의 RPS: 655.50최근 1000개 request의 p99 TTFT: 0.4290 초 | 
2025-10-02 00:11:47,309 - INFO - [실시간] 요청 34000개 처리 | 현재까지의 RPS: 648.20최근 1000개 request의 p99 TTFT: 0.6343 초 | 
2025-10-02 00:11:48,558 - INFO - [실시간] 요청 35000개 처리 | 현재까지의 RPS: 651.75최근 1000개 request의 p99 TTFT: 0.9552 초 | 
2025-10-02 00:11:49,701 - INFO - [실시간] 요청 36000개 처리 | 현재까지의 RPS: 656.40최근 1000개 request의 p99 TTFT: 1.1440 초 | 
2025-10-02 00:11:51,226 - INFO - [실시간] 요청 37000개 처리 | 현재까지의 RPS: 656.38최근 1000개 request의 p99 TTFT: 0.4300 초 | 
2025-10-02 00:11:52,812 - INFO - [실시간] 요청 38000개 처리 | 현재까지의 RPS: 655.68최근 1000개 request의 p99 TTFT: 0.4318 초 | 
2025-10-02 00:11:54,380 - INFO - [실시간] 요청 39000개 처리 | 현재까지의 RPS: 655.20최근 1000개 request의 p99 TTFT: 0.5755 초 | 
2025-10-02 00:11:55,775 - INFO - [실시간] 요청 40000개 처리 | 현재까지의 RPS: 656.61최근 1000개 request의 p99 TTFT: 0.2296 초 | 
2025-10-02 00:11:57,179 - INFO - [실시간] 요청 41000개 처리 | 현재까지의 RPS: 657.87최근 1000개 request의 p99 TTFT: 0.2568 초 | 
2025-10-02 00:11:58,713 - INFO - [실시간] 요청 42000개 처리 | 현재까지의 RPS: 657.72최근 1000개 request의 p99 TTFT: 0.2077 초 | 
2025-10-02 00:12:00,175 - INFO - [실시간] 요청 43000개 처리 | 현재까지의 RPS: 658.31최근 1000개 request의 p99 TTFT: 0.2380 초 | 
2025-10-02 00:12:01,676 - INFO - [실시간] 요청 44000개 처리 | 현재까지의 RPS: 658.49최근 1000개 request의 p99 TTFT: 0.2673 초 | 
2025-10-02 00:12:03,209 - INFO - [실시간] 요청 45000개 처리 | 현재까지의 RPS: 658.35최근 1000개 request의 p99 TTFT: 0.5795 초 | 
2025-10-02 00:12:04,859 - INFO - [실시간] 요청 46000개 처리 | 현재까지의 RPS: 657.12최근 1000개 request의 p99 TTFT: 0.8100 초 | 
2025-10-02 00:12:06,067 - INFO - [실시간] 요청 47000개 처리 | 현재까지의 RPS: 660.01최근 1000개 request의 p99 TTFT: 0.7400 초 | 
2025-10-02 00:12:07,599 - INFO - [실시간] 요청 48000개 처리 | 현재까지의 RPS: 659.86최근 1000개 request의 p99 TTFT: 0.2275 초 | 
2025-10-02 00:12:09,095 - INFO - [실시간] 요청 49000개 처리 | 현재까지의 RPS: 660.03최근 1000개 request의 p99 TTFT: 0.3375 초 | 
2025-10-02 00:12:10,673 - INFO - [실시간] 요청 50000개 처리 | 현재까지의 RPS: 659.49최근 1000개 request의 p99 TTFT: 0.4828 초 | 
2025-10-02 00:12:12,095 - INFO - [실시간] 요청 51000개 처리 | 현재까지의 RPS: 660.29최근 1000개 request의 p99 TTFT: 0.6195 초 | 
2025-10-02 00:12:13,556 - INFO - [실시간] 요청 52000개 처리 | 현재까지의 RPS: 660.74최근 1000개 request의 p99 TTFT: 0.4448 초 | 
2025-10-02 00:12:15,038 - INFO - [실시간] 요청 53000개 처리 | 현재까지의 RPS: 661.00최근 1000개 request의 p99 TTFT: 0.3155 초 | 
2025-10-02 00:12:16,356 - INFO - [실시간] 요청 54000개 처리 | 현재까지의 RPS: 662.58최근 1000개 request의 p99 TTFT: 0.2828 초 | 
2025-10-02 00:12:17,841 - INFO - [실시간] 요청 55000개 처리 | 현재까지의 RPS: 662.77최근 1000개 request의 p99 TTFT: 0.2281 초 | 
2025-10-02 00:12:19,424 - INFO - [실시간] 요청 56000개 처리 | 현재까지의 RPS: 662.19최근 1000개 request의 p99 TTFT: 0.5514 초 | 
2025-10-02 00:12:20,893 - INFO - [실시간] 요청 57000개 처리 | 현재까지의 RPS: 662.50최근 1000개 request의 p99 TTFT: 0.2250 초 | 
2025-10-02 00:12:22,415 - INFO - [실시간] 요청 58000개 처리 | 현재까지의 RPS: 662.42최근 1000개 request의 p99 TTFT: 0.3963 초 | 
2025-10-02 00:12:24,269 - INFO - [실시간] 요청 59000개 처리 | 현재까지의 RPS: 659.86최근 1000개 request의 p99 TTFT: 0.6182 초 | 
2025-10-02 00:12:25,520 - INFO - [실시간] 요청 60000개 처리 | 현재까지의 RPS: 661.79최근 1000개 request의 p99 TTFT: 0.9075 초 | 
2025-10-02 00:12:26,721 - INFO - [실시간] 요청 61000개 처리 | 현재까지의 RPS: 664.02최근 1000개 request의 p99 TTFT: 0.9856 초 | 
2025-10-02 00:12:28,239 - INFO - [실시간] 요청 62000개 처리 | 현재까지의 RPS: 663.94최근 1000개 request의 p99 TTFT: 0.2395 초 | 
2025-10-02 00:12:29,811 - INFO - [실시간] 요청 63000개 처리 | 현재까지의 RPS: 663.48최근 1000개 request의 p99 TTFT: 0.4360 초 | 
2025-10-02 00:12:31,417 - INFO - [실시간] 요청 64000개 처리 | 현재까지의 RPS: 662.80최근 1000개 request의 p99 TTFT: 0.4417 초 | 
2025-10-02 00:12:32,767 - INFO - [실시간] 요청 65000개 처리 | 현재까지의 RPS: 663.87최근 1000개 request의 p99 TTFT: 0.2491 초 | 
2025-10-02 00:12:34,243 - INFO - [실시간] 요청 66000개 처리 | 현재까지의 RPS: 664.08최근 1000개 request의 p99 TTFT: 0.2400 초 | 
2025-10-02 00:12:35,629 - INFO - [실시간] 요청 67000개 처리 | 현재까지의 RPS: 664.86최근 1000개 request의 p99 TTFT: 0.4228 초 | 
2025-10-02 00:12:37,222 - INFO - [실시간] 요청 68000개 처리 | 현재까지의 RPS: 664.29최근 1000개 request의 p99 TTFT: 0.3160 초 | 
2025-10-02 00:12:38,620 - INFO - [실시간] 요청 69000개 처리 | 현재까지의 RPS: 664.97최근 1000개 request의 p99 TTFT: 0.4849 초 | 
2025-10-02 00:12:40,069 - INFO - [실시간] 요청 70000개 처리 | 현재까지의 RPS: 665.32최근 1000개 request의 p99 TTFT: 0.2113 초 | 
2025-10-02 00:12:41,525 - INFO - [실시간] 요청 71000개 처리 | 현재까지의 RPS: 665.61최근 1000개 request의 p99 TTFT: 0.2086 초 | 
2025-10-02 00:12:42,959 - INFO - [실시간] 요청 72000개 처리 | 현재까지의 RPS: 666.03최근 1000개 request의 p99 TTFT: 0.4453 초 | 
2025-10-02 00:12:44,864 - INFO - [실시간] 요청 73000개 처리 | 현재까지의 RPS: 663.59최근 1000개 request의 p99 TTFT: 0.6825 초 | 
2025-10-02 00:12:46,052 - INFO - [실시간] 요청 74000개 처리 | 현재까지의 RPS: 665.50최근 1000개 request의 p99 TTFT: 1.0908 초 | 
2025-10-02 00:12:47,345 - INFO - [실시간] 요청 75000개 처리 | 현재까지의 RPS: 666.73최근 1000개 request의 p99 TTFT: 0.3133 초 | 
2025-10-02 00:12:48,818 - INFO - [실시간] 요청 76000개 처리 | 현재까지의 RPS: 666.89최근 1000개 request의 p99 TTFT: 0.2031 초 | 
2025-10-02 00:12:50,403 - INFO - [실시간] 요청 77000개 처리 | 현재까지의 RPS: 666.40최근 1000개 request의 p99 TTFT: 0.2086 초 | 
2025-10-02 00:12:51,935 - INFO - [실시간] 요청 78000개 처리 | 현재까지의 RPS: 666.22최근 1000개 request의 p99 TTFT: 0.5367 초 | 
2025-10-02 00:12:53,374 - INFO - [실시간] 요청 79000개 처리 | 현재까지의 RPS: 666.56최근 1000개 request의 p99 TTFT: 0.4015 초 | 
2025-10-02 00:12:54,692 - INFO - [실시간] 요청 80000개 처리 | 현재까지의 RPS: 667.58최근 1000개 request의 p99 TTFT: 0.2686 초 | 
2025-10-02 00:12:56,257 - INFO - [실시간] 요청 81000개 처리 | 현재까지의 RPS: 667.21최근 1000개 request의 p99 TTFT: 0.2082 초 | 
2025-10-02 00:12:57,721 - INFO - [실시간] 요청 82000개 처리 | 현재까지의 RPS: 667.40최근 1000개 request의 p99 TTFT: 0.2971 초 | 
2025-10-02 00:12:59,222 - INFO - [실시간] 요청 83000개 처리 | 현재까지의 RPS: 667.39최근 1000개 request의 p99 TTFT: 0.2176 초 | 
2025-10-02 00:13:00,642 - INFO - [실시간] 요청 84000개 처리 | 현재까지의 RPS: 667.80최근 1000개 request의 p99 TTFT: 0.4894 초 | 
2025-10-02 00:13:02,238 - INFO - [실시간] 요청 85000개 처리 | 현재까지의 RPS: 667.29최근 1000개 request의 p99 TTFT: 0.2250 초 | 
2025-10-02 00:13:03,662 - INFO - [실시간] 요청 86000개 처리 | 현재까지의 RPS: 667.67최근 1000개 request의 p99 TTFT: 0.3921 초 | 
2025-10-02 00:13:05,056 - INFO - [실시간] 요청 87000개 처리 | 현재까지의 RPS: 668.20최근 1000개 request의 p99 TTFT: 0.2489 초 | 
2025-10-02 00:13:06,624 - INFO - [실시간] 요청 88000개 처리 | 현재까지의 RPS: 667.84최근 1000개 request의 p99 TTFT: 0.5327 초 | 
2025-10-02 00:13:08,348 - INFO - [실시간] 요청 89000개 처리 | 현재까지의 RPS: 666.71최근 1000개 request의 p99 TTFT: 1.0749 초 | 
2025-10-02 00:13:09,549 - INFO - [실시간] 요청 90000개 처리 | 현재까지의 RPS: 668.19최근 1000개 request의 p99 TTFT: 1.2114 초 | 
2025-10-02 00:13:11,077 - INFO - [실시간] 요청 91000개 처리 | 현재까지의 RPS: 668.03최근 1000개 request의 p99 TTFT: 0.4768 초 | 
2025-10-02 00:13:12,532 - INFO - [실시간] 요청 92000개 처리 | 현재까지의 RPS: 668.24최근 1000개 request의 p99 TTFT: 0.2256 초 | 
2025-10-02 00:13:14,044 - INFO - [실시간] 요청 93000개 처리 | 현재까지의 RPS: 668.16최근 1000개 request의 p99 TTFT: 0.2039 초 | 
2025-10-02 00:13:15,574 - INFO - [실시간] 요청 94000개 처리 | 현재까지의 RPS: 668.00최근 1000개 request의 p99 TTFT: 0.4454 초 | 
2025-10-02 00:13:17,031 - INFO - [실시간] 요청 95000개 처리 | 현재까지의 RPS: 668.19최근 1000개 request의 p99 TTFT: 0.2493 초 | 
Traceback (most recent call last):
  File "/home/cloud_cxl/CXLSharedMemGPU/ReqGen/main.py", line 404, in <module>
    main()
  File "/home/cloud_cxl/CXLSharedMemGPU/ReqGen/main.py", line 401, in main
    asyncio.run(reqgen.run())
  File "/usr/lib/python3.10/asyncio/runners.py", line 44, in run
    return loop.run_until_complete(main)
  File "/usr/lib/python3.10/asyncio/base_events.py", line 636, in run_until_complete
    self.run_forever()
  File "/usr/lib/python3.10/asyncio/base_events.py", line 603, in run_forever
    self._run_once()
  File "/usr/lib/python3.10/asyncio/base_events.py", line 1871, in _run_once
    event_list = self._selector.select(timeout)
  File "/usr/lib/python3.10/selectors.py", line 469, in select
    fd_event_list = self._selector.poll(timeout, max_ev)
KeyboardInterrupt
