2025-11-20 18:20:38,247 - INFO - ReqGen 시작: 서버=163.152.48.109:9000, 클라이언트=7000, 시간=330초
2025-11-20 18:20:38,247 - INFO - Hugging Face에서 'kroshan/BioASQ' 데이터셋을 로드합니다...
2025-11-20 18:20:44,253 - INFO - 3266개의 질문을 로드했습니다.
2025-11-20 18:20:44,254 - INFO - 부하 테스트 시작, client 수 = 7000
2025-11-20 18:20:44,254 - INFO - Zipf 값 1.2에서 상위 20%의 질문이 차지하는 비율: 91.82%
2025-11-20 18:20:49,384 - INFO - [실시간] 요청 1000개 처리 | 현재까지의 RPS: 194.94최근 1000개 request의 p99 TTFT: 0.2614 초 | 
2025-11-20 18:20:52,033 - INFO - [실시간] 요청 2000개 처리 | 현재까지의 RPS: 257.10최근 1000개 request의 p99 TTFT: 0.2850 초 | 
2025-11-20 18:20:54,422 - INFO - [실시간] 요청 3000개 처리 | 현재까지의 RPS: 295.03최근 1000개 request의 p99 TTFT: 0.4543 초 | 
2025-11-20 18:20:56,652 - INFO - [실시간] 요청 4000개 처리 | 현재까지의 RPS: 322.64최근 1000개 request의 p99 TTFT: 0.4338 초 | 
2025-11-20 18:20:58,679 - INFO - [실시간] 요청 5000개 처리 | 현재까지의 RPS: 346.63최근 1000개 request의 p99 TTFT: 0.3611 초 | 
2025-11-20 18:21:00,543 - INFO - [실시간] 요청 6000개 처리 | 현재까지의 RPS: 368.35최근 1000개 request의 p99 TTFT: 0.4214 초 | 
2025-11-20 18:21:02,502 - INFO - [실시간] 요청 7000개 처리 | 현재까지의 RPS: 383.59최근 1000개 request의 p99 TTFT: 0.4927 초 | 
2025-11-20 18:21:04,306 - INFO - [실시간] 요청 8000개 처리 | 현재까지의 RPS: 398.95최근 1000개 request의 p99 TTFT: 0.7161 초 | 
2025-11-20 18:21:06,268 - INFO - [실시간] 요청 9000개 처리 | 현재까지의 RPS: 408.82최근 1000개 request의 p99 TTFT: 0.3012 초 | 
2025-11-20 18:21:08,526 - INFO - [실시간] 요청 10000개 처리 | 현재까지의 RPS: 411.99최근 1000개 request의 p99 TTFT: 0.2225 초 | 
2025-11-20 18:21:10,796 - INFO - [실시간] 요청 11000개 처리 | 현재까지의 RPS: 414.44최근 1000개 request의 p99 TTFT: 0.5368 초 | 
2025-11-20 18:21:12,839 - INFO - [실시간] 요청 12000개 처리 | 현재까지의 RPS: 419.80최근 1000개 request의 p99 TTFT: 0.5167 초 | 
2025-11-20 18:21:14,892 - INFO - [실시간] 요청 13000개 처리 | 현재까지의 RPS: 424.31최근 1000개 request의 p99 TTFT: 0.3922 초 | 
2025-11-20 18:21:16,983 - INFO - [실시간] 요청 14000개 처리 | 현재까지의 RPS: 427.75최근 1000개 request의 p99 TTFT: 0.2365 초 | 
2025-11-20 18:21:18,993 - INFO - [실시간] 요청 15000개 처리 | 현재까지의 RPS: 431.79최근 1000개 request의 p99 TTFT: 0.4225 초 | 
2025-11-20 18:21:21,081 - INFO - [실시간] 요청 16000개 처리 | 현재까지의 RPS: 434.46최근 1000개 request의 p99 TTFT: 0.2347 초 | 
2025-11-20 18:21:23,204 - INFO - [실시간] 요청 17000개 처리 | 현재까지의 RPS: 436.46최근 1000개 request의 p99 TTFT: 0.8703 초 | 
2025-11-20 18:21:25,188 - INFO - [실시간] 요청 18000개 처리 | 현재까지의 RPS: 439.73최근 1000개 request의 p99 TTFT: 0.8532 초 | 
2025-11-20 18:21:27,295 - INFO - [실시간] 요청 19000개 처리 | 현재까지의 RPS: 441.44최근 1000개 request의 p99 TTFT: 0.2350 초 | 
2025-11-20 18:21:29,357 - INFO - [실시간] 요청 20000개 처리 | 현재까지의 RPS: 443.43최근 1000개 request의 p99 TTFT: 0.2383 초 | 
2025-11-20 18:21:31,486 - INFO - [실시간] 요청 21000개 처리 | 현재까지의 RPS: 444.61최근 1000개 request의 p99 TTFT: 0.3648 초 | 
2025-11-20 18:21:33,667 - INFO - [실시간] 요청 22000개 처리 | 현재까지의 RPS: 445.22최근 1000개 request의 p99 TTFT: 0.3788 초 | 
2025-11-20 18:21:35,799 - INFO - [실시간] 요청 23000개 처리 | 현재까지의 RPS: 446.21최근 1000개 request의 p99 TTFT: 0.7178 초 | 
2025-11-20 18:21:37,739 - INFO - [실시간] 요청 24000개 처리 | 현재까지의 RPS: 448.73최근 1000개 request의 p99 TTFT: 0.7114 초 | 
2025-11-20 18:21:39,872 - INFO - [실시간] 요청 25000개 처리 | 현재까지의 RPS: 449.49최근 1000개 request의 p99 TTFT: 0.2418 초 | 
2025-11-20 18:21:42,017 - INFO - [실시간] 요청 26000개 처리 | 현재까지의 RPS: 450.11최근 1000개 request의 p99 TTFT: 0.1978 초 | 
2025-11-20 18:21:44,163 - INFO - [실시간] 요청 27000개 처리 | 현재까지의 RPS: 450.68최근 1000개 request의 p99 TTFT: 0.2290 초 | 
2025-11-20 18:21:46,220 - INFO - [실시간] 요청 28000개 처리 | 현재까지의 RPS: 451.86최근 1000개 request의 p99 TTFT: 0.7329 초 | 
2025-11-20 18:21:47,965 - INFO - [실시간] 요청 29000개 처리 | 현재까지의 RPS: 455.18최근 1000개 request의 p99 TTFT: 0.7226 초 | 
2025-11-20 18:21:49,658 - INFO - [실시간] 요청 30000개 처리 | 현재까지의 RPS: 458.68최근 1000개 request의 p99 TTFT: 0.4158 초 | 
2025-11-20 18:21:51,558 - INFO - [실시간] 요청 31000개 처리 | 현재까지의 RPS: 460.60최근 1000개 request의 p99 TTFT: 0.3883 초 | 
2025-11-20 18:21:53,286 - INFO - [실시간] 요청 32000개 처리 | 현재까지의 RPS: 463.55최근 1000개 request의 p99 TTFT: 0.3681 초 | 
2025-11-20 18:21:55,124 - INFO - [실시간] 요청 33000개 처리 | 현재까지의 RPS: 465.64최근 1000개 request의 p99 TTFT: 0.2995 초 | 
2025-11-20 18:21:57,089 - INFO - [실시간] 요청 34000개 처리 | 현재까지의 RPS: 466.81최근 1000개 request의 p99 TTFT: 0.5994 초 | 
2025-11-20 18:21:58,805 - INFO - [실시간] 요청 35000개 처리 | 현재까지의 RPS: 469.48최근 1000개 request의 p99 TTFT: 0.7716 초 | 
2025-11-20 18:22:00,429 - INFO - [실시간] 요청 36000개 처리 | 현재까지의 RPS: 472.59최근 1000개 request의 p99 TTFT: 0.2705 초 | 
2025-11-20 18:22:02,136 - INFO - [실시간] 요청 37000개 처리 | 현재까지의 RPS: 475.08최근 1000개 request의 p99 TTFT: 0.4540 초 | 
2025-11-20 18:22:03,873 - INFO - [실시간] 요청 38000개 처리 | 현재까지의 RPS: 477.27최근 1000개 request의 p99 TTFT: 0.5743 초 | 
2025-11-20 18:22:05,598 - INFO - [실시간] 요청 39000개 처리 | 현재까지의 RPS: 479.44최근 1000개 request의 p99 TTFT: 0.6287 초 | 
2025-11-20 18:22:07,346 - INFO - [실시간] 요청 40000개 처리 | 현재까지의 RPS: 481.39최근 1000개 request의 p99 TTFT: 0.5821 초 | 
2025-11-20 18:22:09,129 - INFO - [실시간] 요청 41000개 처리 | 현재까지의 RPS: 483.06최근 1000개 request의 p99 TTFT: 0.2266 초 | 
2025-11-20 18:22:10,895 - INFO - [실시간] 요청 42000개 처리 | 현재까지의 RPS: 484.76최근 1000개 request의 p99 TTFT: 0.5668 초 | 
2025-11-20 18:22:12,638 - INFO - [실시간] 요청 43000개 처리 | 현재까지의 RPS: 486.51최근 1000개 request의 p99 TTFT: 0.2292 초 | 
2025-11-20 18:22:14,552 - INFO - [실시간] 요청 44000개 처리 | 현재까지의 RPS: 487.28최근 1000개 request의 p99 TTFT: 0.4545 초 | 
2025-11-20 18:22:16,292 - INFO - [실시간] 요청 45000개 처리 | 현재까지의 RPS: 488.93최근 1000개 request의 p99 TTFT: 0.6544 초 | 
2025-11-20 18:22:18,092 - INFO - [실시간] 요청 46000개 처리 | 현재까지의 RPS: 490.20최근 1000개 request의 p99 TTFT: 0.6747 초 | 
2025-11-20 18:22:19,818 - INFO - [실시간] 요청 47000개 처리 | 현재까지의 RPS: 491.82최근 1000개 request의 p99 TTFT: 0.2188 초 | 
2025-11-20 18:22:21,577 - INFO - [실시간] 요청 48000개 처리 | 현재까지의 RPS: 493.20최근 1000개 request의 p99 TTFT: 0.2106 초 | 
2025-11-20 18:22:23,383 - INFO - [실시간] 요청 49000개 처리 | 현재까지의 RPS: 494.31최근 1000개 request의 p99 TTFT: 0.5221 초 | 
2025-11-20 18:22:25,250 - INFO - [실시간] 요청 50000개 처리 | 현재까지의 RPS: 495.07최근 1000개 request의 p99 TTFT: 0.6366 초 | 
2025-11-20 18:22:26,911 - INFO - [실시간] 요청 51000개 처리 | 현재까지의 RPS: 496.80최근 1000개 request의 p99 TTFT: 0.6978 초 | 
2025-11-20 18:22:28,709 - INFO - [실시간] 요청 52000개 처리 | 현재까지의 RPS: 497.82최근 1000개 request의 p99 TTFT: 0.2391 초 | 
2025-11-20 18:22:30,423 - INFO - [실시간] 요청 53000개 처리 | 현재까지의 RPS: 499.20최근 1000개 request의 p99 TTFT: 0.4147 초 | 
2025-11-20 18:22:32,181 - INFO - [실시간] 요청 54000개 처리 | 현재까지의 RPS: 500.34최근 1000개 request의 p99 TTFT: 0.4145 초 | 
2025-11-20 18:22:33,971 - INFO - [실시간] 요청 55000개 처리 | 현재까지의 RPS: 501.29최근 1000개 request의 p99 TTFT: 0.2292 초 | 
2025-11-20 18:22:35,948 - INFO - [실시간] 요청 56000개 처리 | 현재까지의 RPS: 501.37최근 1000개 request의 p99 TTFT: 0.7821 초 | 
2025-11-20 18:22:37,701 - INFO - [실시간] 요청 57000개 처리 | 현재까지의 RPS: 502.44최근 1000개 request의 p99 TTFT: 0.8981 초 | 
2025-11-20 18:22:39,435 - INFO - [실시간] 요청 58000개 처리 | 현재까지의 RPS: 503.56최근 1000개 request의 p99 TTFT: 0.2584 초 | 
2025-11-20 18:22:41,171 - INFO - [실시간] 요청 59000개 처리 | 현재까지의 RPS: 504.63최근 1000개 request의 p99 TTFT: 0.3675 초 | 
2025-11-20 18:22:42,982 - INFO - [실시간] 요청 60000개 처리 | 현재까지의 RPS: 505.35최근 1000개 request의 p99 TTFT: 0.2310 초 | 
2025-11-20 18:22:44,862 - INFO - [실시간] 요청 61000개 처리 | 현재까지의 RPS: 505.77최근 1000개 request의 p99 TTFT: 0.3720 초 | 
2025-11-20 18:22:46,645 - INFO - [실시간] 요청 62000개 처리 | 현재까지의 RPS: 506.57최근 1000개 request의 p99 TTFT: 0.6623 초 | 
2025-11-20 18:22:48,277 - INFO - [실시간] 요청 63000개 처리 | 현재까지의 RPS: 507.97최근 1000개 request의 p99 TTFT: 0.6521 초 | 
2025-11-20 18:22:50,118 - INFO - [실시간] 요청 64000개 처리 | 현재까지의 RPS: 508.48최근 1000개 request의 p99 TTFT: 0.4832 초 | 
2025-11-20 18:22:51,809 - INFO - [실시간] 요청 65000개 처리 | 현재까지의 RPS: 509.58최근 1000개 request의 p99 TTFT: 0.5772 초 | 
2025-11-20 18:22:53,614 - INFO - [실시간] 요청 66000개 처리 | 현재까지의 RPS: 510.20최근 1000개 request의 p99 TTFT: 0.2560 초 | 
2025-11-20 18:22:55,503 - INFO - [실시간] 요청 67000개 처리 | 현재까지의 RPS: 510.48최근 1000개 request의 p99 TTFT: 0.3016 초 | 
2025-11-20 18:22:57,215 - INFO - [실시간] 요청 68000개 처리 | 현재까지의 RPS: 511.43최근 1000개 request의 p99 TTFT: 0.9811 초 | 
2025-11-20 18:22:58,880 - INFO - [실시간] 요청 69000개 처리 | 현재까지의 RPS: 512.53최근 1000개 request의 p99 TTFT: 0.8125 초 | 
2025-11-20 18:23:00,523 - INFO - [실시간] 요청 70000개 처리 | 현재까지의 RPS: 513.69최근 1000개 request의 p99 TTFT: 0.2772 초 | 
2025-11-20 18:23:02,185 - INFO - [실시간] 요청 71000개 처리 | 현재까지의 RPS: 514.75최근 1000개 request의 p99 TTFT: 0.2693 초 | 
2025-11-20 18:23:03,981 - INFO - [실시간] 요청 72000개 처리 | 현재까지의 RPS: 515.29최근 1000개 request의 p99 TTFT: 0.5139 초 | 
2025-11-20 18:23:05,611 - INFO - [실시간] 요청 73000개 처리 | 현재까지의 RPS: 516.42최근 1000개 request의 p99 TTFT: 0.7741 초 | 
2025-11-20 18:23:07,201 - INFO - [실시간] 요청 74000개 처리 | 현재까지의 RPS: 517.68최근 1000개 request의 p99 TTFT: 0.8146 초 | 
2025-11-20 18:23:08,940 - INFO - [실시간] 요청 75000개 처리 | 현재까지의 RPS: 518.37최근 1000개 request의 p99 TTFT: 0.3891 초 | 
2025-11-20 18:23:10,613 - INFO - [실시간] 요청 76000개 처리 | 현재까지의 RPS: 519.27최근 1000개 request의 p99 TTFT: 0.2782 초 | 
2025-11-20 18:23:12,386 - INFO - [실시간] 요청 77000개 처리 | 현재까지의 RPS: 519.80최근 1000개 request의 p99 TTFT: 0.2596 초 | 
2025-11-20 18:23:14,247 - INFO - [실시간] 요청 78000개 처리 | 현재까지의 RPS: 520.02최근 1000개 request의 p99 TTFT: 0.4615 초 | 
2025-11-20 18:23:15,885 - INFO - [실시간] 요청 79000개 처리 | 현재까지의 RPS: 521.00최근 1000개 request의 p99 TTFT: 0.9256 초 | 
2025-11-20 18:23:17,505 - INFO - [실시간] 요청 80000개 처리 | 현재까지의 RPS: 522.02최근 1000개 request의 p99 TTFT: 0.4625 초 | 
2025-11-20 18:23:19,125 - INFO - [실시간] 요청 81000개 처리 | 현재까지의 RPS: 523.02최근 1000개 request의 p99 TTFT: 0.4156 초 | 
2025-11-20 18:23:20,868 - INFO - [실시간] 요청 82000개 처리 | 현재까지의 RPS: 523.58최근 1000개 request의 p99 TTFT: 0.4001 초 | 
2025-11-20 18:23:22,734 - INFO - [실시간] 요청 83000개 처리 | 현재까지의 RPS: 523.72최근 1000개 request의 p99 TTFT: 0.4378 초 | 
2025-11-20 18:23:24,380 - INFO - [실시간] 요청 84000개 처리 | 현재까지의 RPS: 524.59최근 1000개 request의 p99 TTFT: 0.8409 초 | 
2025-11-20 18:23:25,931 - INFO - [실시간] 요청 85000개 처리 | 현재까지의 RPS: 525.74최근 1000개 request의 p99 TTFT: 1.0589 초 | 
2025-11-20 18:23:27,544 - INFO - [실시간] 요청 86000개 처리 | 현재까지의 RPS: 526.67최근 1000개 request의 p99 TTFT: 0.3987 초 | 
2025-11-20 18:23:29,258 - INFO - [실시간] 요청 87000개 처리 | 현재까지의 RPS: 527.26최근 1000개 request의 p99 TTFT: 0.2194 초 | 
2025-11-20 18:23:30,958 - INFO - [실시간] 요청 88000개 처리 | 현재까지의 RPS: 527.88최근 1000개 request의 p99 TTFT: 0.2601 초 | 
2025-11-20 18:23:32,766 - INFO - [실시간] 요청 89000개 처리 | 현재까지의 RPS: 528.15최근 1000개 request의 p99 TTFT: 0.4775 초 | 
2025-11-20 18:23:34,468 - INFO - [실시간] 요청 90000개 처리 | 현재까지의 RPS: 528.75최근 1000개 request의 p99 TTFT: 0.9472 초 | 
2025-11-20 18:23:36,037 - INFO - [실시간] 요청 91000개 처리 | 현재까지의 RPS: 529.74최근 1000개 request의 p99 TTFT: 0.9368 초 | 
2025-11-20 18:23:37,752 - INFO - [실시간] 요청 92000개 처리 | 현재까지의 RPS: 530.27최근 1000개 request의 p99 TTFT: 0.2342 초 | 
2025-11-20 18:23:39,430 - INFO - [실시간] 요청 93000개 처리 | 현재까지의 RPS: 530.90최근 1000개 request의 p99 TTFT: 0.2166 초 | 
2025-11-20 18:23:41,147 - INFO - [실시간] 요청 94000개 처리 | 현재까지의 RPS: 531.39최근 1000개 request의 p99 TTFT: 0.4371 초 | 
2025-11-20 18:23:42,985 - INFO - [실시간] 요청 95000개 처리 | 현재까지의 RPS: 531.52최근 1000개 request의 p99 TTFT: 0.6955 초 | 
2025-11-20 18:23:44,528 - INFO - [실시간] 요청 96000개 처리 | 현재까지의 RPS: 532.52최근 1000개 request의 p99 TTFT: 0.8117 초 | 
2025-11-20 18:23:46,268 - INFO - [실시간] 요청 97000개 처리 | 현재까지의 RPS: 532.92최근 1000개 request의 p99 TTFT: 0.3795 초 | 
2025-11-20 18:23:47,830 - INFO - [실시간] 요청 98000개 처리 | 현재까지의 RPS: 533.84최근 1000개 request의 p99 TTFT: 0.4992 초 | 
2025-11-20 18:23:49,583 - INFO - [실시간] 요청 99000개 처리 | 현재까지의 RPS: 534.19최근 1000개 request의 p99 TTFT: 0.4155 초 | 
2025-11-20 18:23:51,328 - INFO - [실시간] 요청 100000개 처리 | 현재까지의 RPS: 534.55최근 1000개 request의 p99 TTFT: 0.4115 초 | 
2025-11-20 18:23:53,033 - INFO - [실시간] 요청 101000개 처리 | 현재까지의 RPS: 535.02최근 1000개 request의 p99 TTFT: 1.0310 초 | 
2025-11-20 18:23:54,667 - INFO - [실시간] 요청 102000개 처리 | 현재까지의 RPS: 535.68최근 1000개 request의 p99 TTFT: 0.9120 초 | 
2025-11-20 18:23:56,313 - INFO - [실시간] 요청 103000개 처리 | 현재까지의 RPS: 536.29최근 1000개 request의 p99 TTFT: 0.2941 초 | 
2025-11-20 18:23:57,953 - INFO - [실시간] 요청 104000개 처리 | 현재까지의 RPS: 536.91최근 1000개 request의 p99 TTFT: 0.5759 초 | 
2025-11-20 18:23:59,660 - INFO - [실시간] 요청 105000개 처리 | 현재까지의 RPS: 537.34최근 1000개 request의 p99 TTFT: 0.6095 초 | 
2025-11-20 18:24:01,419 - INFO - [실시간] 요청 106000개 처리 | 현재까지의 RPS: 537.62최근 1000개 request의 p99 TTFT: 0.4425 초 | 
2025-11-20 18:24:03,006 - INFO - [실시간] 요청 107000개 처리 | 현재까지의 RPS: 538.36최근 1000개 request의 p99 TTFT: 0.4688 초 | 
2025-11-20 18:24:04,636 - INFO - [실시간] 요청 108000개 처리 | 현재까지의 RPS: 538.97최근 1000개 request의 p99 TTFT: 0.4763 초 | 
2025-11-20 18:24:06,148 - INFO - [실시간] 요청 109000개 처리 | 현재까지의 RPS: 539.89최근 1000개 request의 p99 TTFT: 0.3918 초 | 
2025-11-20 18:24:07,887 - INFO - [실시간] 요청 110000개 처리 | 현재까지의 RPS: 540.19최근 1000개 request의 p99 TTFT: 0.4507 초 | 
2025-11-20 18:24:09,598 - INFO - [실시간] 요청 111000개 처리 | 현재까지의 RPS: 540.56최근 1000개 request의 p99 TTFT: 0.3347 초 | 
2025-11-20 18:24:11,349 - INFO - [실시간] 요청 112000개 처리 | 현재까지의 RPS: 540.82최근 1000개 request의 p99 TTFT: 0.8732 초 | 
2025-11-20 18:24:12,924 - INFO - [실시간] 요청 113000개 처리 | 현재까지의 RPS: 541.53최근 1000개 request의 p99 TTFT: 0.8594 초 | 
2025-11-20 18:24:14,489 - INFO - [실시간] 요청 114000개 처리 | 현재까지의 RPS: 542.25최근 1000개 request의 p99 TTFT: 0.2593 초 | 
2025-11-20 18:24:16,041 - INFO - [실시간] 요청 115000개 처리 | 현재까지의 RPS: 543.00최근 1000개 request의 p99 TTFT: 0.3802 초 | 
2025-11-20 18:24:17,728 - INFO - [실시간] 요청 116000개 처리 | 현재까지의 RPS: 543.39최근 1000개 request의 p99 TTFT: 0.3507 초 | 
2025-11-20 18:24:19,407 - INFO - [실시간] 요청 117000개 처리 | 현재까지의 RPS: 543.80최근 1000개 request의 p99 TTFT: 0.3608 초 | 
2025-11-20 18:24:21,117 - INFO - [실시간] 요청 118000개 처리 | 현재까지의 RPS: 544.12최근 1000개 request의 p99 TTFT: 0.6786 초 | 
2025-11-20 18:24:22,793 - INFO - [실시간] 요청 119000개 처리 | 현재까지의 RPS: 544.52최근 1000개 request의 p99 TTFT: 0.6293 초 | 
2025-11-20 18:24:24,444 - INFO - [실시간] 요청 120000개 처리 | 현재까지의 RPS: 544.98최근 1000개 request의 p99 TTFT: 0.4424 초 | 
2025-11-20 18:24:26,050 - INFO - [실시간] 요청 121000개 처리 | 현재까지의 RPS: 545.55최근 1000개 request의 p99 TTFT: 0.2455 초 | 
2025-11-20 18:24:27,666 - INFO - [실시간] 요청 122000개 처리 | 현재까지의 RPS: 546.08최근 1000개 request의 p99 TTFT: 0.2187 초 | 
2025-11-20 18:24:29,507 - INFO - [실시간] 요청 123000개 처리 | 현재까지의 RPS: 546.05최근 1000개 request의 p99 TTFT: 0.4446 초 | 
2025-11-20 18:24:31,154 - INFO - [실시간] 요청 124000개 처리 | 현재까지의 RPS: 546.50최근 1000개 request의 p99 TTFT: 0.6271 초 | 
2025-11-20 18:24:32,736 - INFO - [실시간] 요청 125000개 처리 | 현재까지의 RPS: 547.09최근 1000개 request의 p99 TTFT: 0.4342 초 | 
2025-11-20 18:24:34,227 - INFO - [실시간] 요청 126000개 처리 | 현재까지의 RPS: 547.89최근 1000개 request의 p99 TTFT: 0.2977 초 | 
2025-11-20 18:24:35,836 - INFO - [실시간] 요청 127000개 처리 | 현재까지의 RPS: 548.40최근 1000개 request의 p99 TTFT: 0.4249 초 | 
2025-11-20 18:24:37,434 - INFO - [실시간] 요청 128000개 처리 | 현재까지의 RPS: 548.93최근 1000개 request의 p99 TTFT: 0.2264 초 | 
2025-11-20 18:24:39,326 - INFO - [실시간] 요청 129000개 처리 | 현재까지의 RPS: 548.77최근 1000개 request의 p99 TTFT: 0.5464 초 | 
2025-11-20 18:24:40,879 - INFO - [실시간] 요청 130000개 처리 | 현재까지의 RPS: 549.39최근 1000개 request의 p99 TTFT: 0.6540 초 | 
2025-11-20 18:24:42,428 - INFO - [실시간] 요청 131000개 처리 | 현재까지의 RPS: 550.02최근 1000개 request의 p99 TTFT: 0.5635 초 | 
2025-11-20 18:24:43,905 - INFO - [실시간] 요청 132000개 처리 | 현재까지의 RPS: 550.80최근 1000개 request의 p99 TTFT: 0.4013 초 | 
2025-11-20 18:24:45,515 - INFO - [실시간] 요청 133000개 처리 | 현재까지의 RPS: 551.27최근 1000개 request의 p99 TTFT: 0.2221 초 | 
2025-11-20 18:24:47,294 - INFO - [실시간] 요청 134000개 처리 | 현재까지의 RPS: 551.35최근 1000개 request의 p99 TTFT: 0.2670 초 | 
2025-11-20 18:24:49,030 - INFO - [실시간] 요청 135000개 처리 | 현재까지의 RPS: 551.52최근 1000개 request의 p99 TTFT: 0.9541 초 | 
2025-11-20 18:24:50,546 - INFO - [실시간] 요청 136000개 처리 | 현재까지의 RPS: 552.19최근 1000개 request의 p99 TTFT: 0.9717 초 | 
2025-11-20 18:24:52,123 - INFO - [실시간] 요청 137000개 처리 | 현재까지의 RPS: 552.71최근 1000개 request의 p99 TTFT: 0.3421 초 | 
2025-11-20 18:24:53,657 - INFO - [실시간] 요청 138000개 처리 | 현재까지의 RPS: 553.32최근 1000개 request의 p99 TTFT: 0.4796 초 | 
2025-11-20 18:24:55,174 - INFO - [실시간] 요청 139000개 처리 | 현재까지의 RPS: 553.96최근 1000개 request의 p99 TTFT: 0.3925 초 | 
2025-11-20 18:24:56,965 - INFO - [실시간] 요청 140000개 처리 | 현재까지의 RPS: 553.99최근 1000개 request의 p99 TTFT: 0.5658 초 | 
2025-11-20 18:24:58,515 - INFO - [실시간] 요청 141000개 처리 | 현재까지의 RPS: 554.55최근 1000개 request의 p99 TTFT: 0.8104 초 | 
2025-11-20 18:25:00,046 - INFO - [실시간] 요청 142000개 처리 | 현재까지의 RPS: 555.14최근 1000개 request의 p99 TTFT: 0.4885 초 | 
2025-11-20 18:25:01,640 - INFO - [실시간] 요청 143000개 처리 | 현재까지의 RPS: 555.59최근 1000개 request의 p99 TTFT: 0.2585 초 | 
2025-11-20 18:25:03,238 - INFO - [실시간] 요청 144000개 처리 | 현재까지의 RPS: 556.02최근 1000개 request의 p99 TTFT: 0.2489 초 | 
2025-11-20 18:25:04,883 - INFO - [실시간] 요청 145000개 처리 | 현재까지의 RPS: 556.35최근 1000개 request의 p99 TTFT: 0.5869 초 | 
2025-11-20 18:25:06,528 - INFO - [실시간] 요청 146000개 처리 | 현재까지의 RPS: 556.67최근 1000개 request의 p99 TTFT: 0.7341 초 | 
2025-11-20 18:25:08,059 - INFO - [실시간] 요청 147000개 처리 | 현재까지의 RPS: 557.23최근 1000개 request의 p99 TTFT: 0.7487 초 | 
2025-11-20 18:25:09,617 - INFO - [실시간] 요청 148000개 처리 | 현재까지의 RPS: 557.73최근 1000개 request의 p99 TTFT: 0.2692 초 | 
2025-11-20 18:25:11,223 - INFO - [실시간] 요청 149000개 처리 | 현재까지의 RPS: 558.12최근 1000개 request의 p99 TTFT: 0.4305 초 | 
2025-11-20 18:25:12,895 - INFO - [실시간] 요청 150000개 처리 | 현재까지의 RPS: 558.37최근 1000개 request의 p99 TTFT: 0.4948 초 | 
2025-11-20 18:25:14,723 - INFO - [실시간] 요청 151000개 처리 | 현재까지의 RPS: 558.29최근 1000개 request의 p99 TTFT: 0.5529 초 | 
2025-11-20 18:25:16,234 - INFO - [실시간] 요청 152000개 처리 | 현재까지의 RPS: 558.86최근 1000개 request의 p99 TTFT: 1.0548 초 | 
2025-11-20 18:25:17,856 - INFO - [실시간] 요청 153000개 처리 | 현재까지의 RPS: 559.21최근 1000개 request의 p99 TTFT: 1.0177 초 | 
2025-11-20 18:25:19,489 - INFO - [실시간] 요청 154000개 처리 | 현재까지의 RPS: 559.52최근 1000개 request의 p99 TTFT: 0.2305 초 | 
2025-11-20 18:25:21,151 - INFO - [실시간] 요청 155000개 처리 | 현재까지의 RPS: 559.77최근 1000개 request의 p99 TTFT: 0.4065 초 | 
2025-11-20 18:25:22,800 - INFO - [실시간] 요청 156000개 처리 | 현재까지의 RPS: 560.05최근 1000개 request의 p99 TTFT: 0.5158 초 | 
2025-11-20 18:25:24,411 - INFO - [실시간] 요청 157000개 처리 | 현재까지의 RPS: 560.40최근 1000개 request의 p99 TTFT: 0.5845 초 | 
2025-11-20 18:25:25,929 - INFO - [실시간] 요청 158000개 처리 | 현재까지의 RPS: 560.93최근 1000개 request의 p99 TTFT: 0.4974 초 | 
2025-11-20 18:25:27,537 - INFO - [실시간] 요청 159000개 처리 | 현재까지의 RPS: 561.28최근 1000개 request의 p99 TTFT: 0.3892 초 | 
2025-11-20 18:25:29,150 - INFO - [실시간] 요청 160000개 처리 | 현재까지의 RPS: 561.61최근 1000개 request의 p99 TTFT: 0.4162 초 | 
2025-11-20 18:25:30,846 - INFO - [실시간] 요청 161000개 처리 | 현재까지의 RPS: 561.77최근 1000개 request의 p99 TTFT: 0.2320 초 | 
2025-11-20 18:25:32,586 - INFO - [실시간] 요청 162000개 처리 | 현재까지의 RPS: 561.85최근 1000개 request의 p99 TTFT: 0.4117 초 | 
2025-11-20 18:25:34,133 - INFO - [실시간] 요청 163000개 처리 | 현재까지의 RPS: 562.30최근 1000개 request의 p99 TTFT: 0.8514 초 | 
2025-11-20 18:25:35,738 - INFO - [실시간] 요청 164000개 처리 | 현재까지의 RPS: 562.64최근 1000개 request의 p99 TTFT: 0.4833 초 | 
2025-11-20 18:25:37,319 - INFO - [실시간] 요청 165000개 처리 | 현재까지의 RPS: 563.02최근 1000개 request의 p99 TTFT: 0.3018 초 | 
2025-11-20 18:25:38,939 - INFO - [실시간] 요청 166000개 처리 | 현재까지의 RPS: 563.31최근 1000개 request의 p99 TTFT: 0.2445 초 | 
2025-11-20 18:25:40,565 - INFO - [실시간] 요청 167000개 처리 | 현재까지의 RPS: 563.60최근 1000개 request의 p99 TTFT: 0.4084 초 | 
2025-11-20 18:25:42,365 - INFO - [실시간] 요청 168000개 처리 | 현재까지의 RPS: 563.55최근 1000개 request의 p99 TTFT: 0.5555 초 | 
2025-11-20 18:25:43,861 - INFO - [실시간] 요청 169000개 처리 | 현재까지의 RPS: 564.07최근 1000개 request의 p99 TTFT: 0.9953 초 | 
2025-11-20 18:25:45,511 - INFO - [실시간] 요청 170000개 처리 | 현재까지의 RPS: 564.30최근 1000개 request의 p99 TTFT: 0.9024 초 | 
2025-11-20 18:25:47,115 - INFO - [실시간] 요청 171000개 처리 | 현재까지의 RPS: 564.62최근 1000개 request의 p99 TTFT: 0.4527 초 | 
2025-11-20 18:25:48,735 - INFO - [실시간] 요청 172000개 처리 | 현재까지의 RPS: 564.90최근 1000개 request의 p99 TTFT: 0.2430 초 | 
2025-11-20 18:25:50,539 - INFO - [실시간] 요청 173000개 처리 | 현재까지의 RPS: 564.83최근 1000개 request의 p99 TTFT: 0.2611 초 | 
2025-11-20 18:25:52,160 - INFO - [실시간] 요청 174000개 처리 | 현재까지의 RPS: 565.11최근 1000개 request의 p99 TTFT: 0.7000 초 | 
2025-11-20 18:25:53,660 - INFO - [실시간] 요청 175000개 처리 | 현재까지의 RPS: 565.60최근 1000개 request의 p99 TTFT: 0.7160 초 | 
2025-11-20 18:25:55,247 - INFO - [실시간] 요청 176000개 처리 | 현재까지의 RPS: 565.93최근 1000개 request의 p99 TTFT: 0.2078 초 | 
2025-11-20 18:25:57,020 - INFO - [실시간] 요청 177000개 처리 | 현재까지의 RPS: 565.92최근 1000개 request의 p99 TTFT: 0.2228 초 | 
2025-11-20 18:25:58,501 - INFO - [실시간] 요청 178000개 처리 | 현재까지의 RPS: 566.43최근 1000개 request의 p99 TTFT: 0.4196 초 | 
2025-11-20 18:26:00,130 - INFO - [실시간] 요청 179000개 처리 | 현재까지의 RPS: 566.68최근 1000개 request의 p99 TTFT: 0.4322 초 | 
2025-11-20 18:26:01,838 - INFO - [실시간] 요청 180000개 처리 | 현재까지의 RPS: 566.78최근 1000개 request의 p99 TTFT: 0.8860 초 | 
2025-11-20 18:26:03,304 - INFO - [실시간] 요청 181000개 처리 | 현재까지의 RPS: 567.31최근 1000개 request의 p99 TTFT: 0.7062 초 | 
2025-11-20 18:26:04,882 - INFO - [실시간] 요청 182000개 처리 | 현재까지의 RPS: 567.64최근 1000개 request의 p99 TTFT: 0.2598 초 | 
2025-11-20 18:26:06,479 - INFO - [실시간] 요청 183000개 처리 | 현재까지의 RPS: 567.93최근 1000개 request의 p99 TTFT: 0.6689 초 | 
2025-11-20 18:26:08,083 - INFO - [실시간] 요청 184000개 처리 | 현재까지의 RPS: 568.20최근 1000개 request의 p99 TTFT: 0.4301 초 | 
2025-11-20 18:26:09,903 - INFO - [실시간] 요청 185000개 처리 | 현재까지의 RPS: 568.10최근 1000개 request의 p99 TTFT: 0.6770 초 | 
2025-11-20 18:26:11,356 - INFO - [실시간] 요청 186000개 처리 | 현재까지의 RPS: 568.63최근 1000개 request의 p99 TTFT: 0.8395 초 | 
2025-11-20 18:26:13,028 - INFO - [실시간] 요청 187000개 처리 | 현재까지의 RPS: 568.78최근 1000개 request의 p99 TTFT: 0.3765 초 | 
2025-11-20 18:26:14,544 - INFO - [실시간] 요청 188000개 처리 | 현재까지의 RPS: 569.20최근 1000개 request의 p99 TTFT: 0.5225 초 | 
통계에 반영된 요청 인덱스 범위: 0 ~ 188000 (총 188000개 요청)
통계 반영된 요청 수: 188000, 통계 반영된 시간: 385.89 초

==================================================
 실험 최종 결과 요약
==================================================
 설정 실험 시간: 330 초
 Clients 수: 7000
 통계 반영 시간: 385.89 초
 총 시도된 요청: 192054 개
 총 완료된 요청: 188000 개
 총 실패한 요청: 4054 개
 완료 요청 중 retrieval이 실패한 요청: -387 개
 요청 성공률: 97.89%
 전체 Requests Per Second (RPS): 487.19
--------------------------------------------------
 Time to First Token (TTFT) Latency:
  - 평균 (Mean): 0.1454 초
  - 중간값 (50%ile): 0.1166 초
  - 최소값 (Min): 0.0191 초
  - 최대값 (Max): 1.2247 초
  - 95%ile Tail: 0.3780 초
  - 99%ile Tail: 0.6536 초
--------------------------------------------------
 Time Per Output Token (TPOT):
  - 평균 (Mean): 16.92 ms/token
--------------------------------------------------
 Embedding Latency:
  - 총 샘플 수: 188000
  - 평균 (Mean): 9.50 ms
  - 중간값 (50%ile): 7.00 ms
  - 95%ile Tail: 21.00 ms
  - 99%ile Tail: 58.00 ms
--------------------------------------------------
 VectorDB Search Latency:
  - 총 샘플 수: 188000
  - 평균 (Mean): 37.29 ms
  - 중간값 (50%ile): 20.00 ms
  - 95%ile Tail: 133.00 ms
  - 99%ile Tail: 353.00 ms
--------------------------------------------------
 Document Search Latency:
  - 총 샘플 수: 188000
  - 평균 (Mean): 21.65 ms
  - 중간값 (50%ile): 7.00 ms
  - 95%ile Tail: 85.00 ms
  - 99%ile Tail: 211.00 ms
--------------------------------------------------
 Total Retrieval Latency:
  - 총 샘플 수: 188000
  - 평균 (Mean): 68.46 ms
  - 중간값 (50%ile): 38.00 ms
  - 95%ile Tail: 242.00 ms
  - 99%ile Tail: 535.00 ms
==================================================
