2025-11-20 18:27:11,578 - INFO - ReqGen 시작: 서버=163.152.48.109:9000, 클라이언트=7500, 시간=330초
2025-11-20 18:27:11,579 - INFO - Hugging Face에서 'kroshan/BioASQ' 데이터셋을 로드합니다...
2025-11-20 18:27:17,096 - INFO - 3266개의 질문을 로드했습니다.
2025-11-20 18:27:17,097 - INFO - 부하 테스트 시작, client 수 = 7500
2025-11-20 18:27:17,097 - INFO - Zipf 값 1.2에서 상위 20%의 질문이 차지하는 비율: 91.82%
2025-11-20 18:27:22,113 - INFO - [실시간] 요청 1000개 처리 | 현재까지의 RPS: 199.37최근 1000개 request의 p99 TTFT: 0.2605 초 | 
2025-11-20 18:27:24,804 - INFO - [실시간] 요청 2000개 처리 | 현재까지의 RPS: 259.50최근 1000개 request의 p99 TTFT: 0.2042 초 | 
2025-11-20 18:27:27,136 - INFO - [실시간] 요청 3000개 처리 | 현재까지의 RPS: 298.85최근 1000개 request의 p99 TTFT: 0.5537 초 | 
2025-11-20 18:27:29,492 - INFO - [실시간] 요청 4000개 처리 | 현재까지의 RPS: 322.73최근 1000개 request의 p99 TTFT: 0.2201 초 | 
2025-11-20 18:27:31,400 - INFO - [실시간] 요청 5000개 처리 | 현재까지의 RPS: 349.59최근 1000개 request의 p99 TTFT: 0.5055 초 | 
2025-11-20 18:27:33,417 - INFO - [실시간] 요청 6000개 처리 | 현재까지의 RPS: 367.64최근 1000개 request의 p99 TTFT: 0.4487 초 | 
2025-11-20 18:27:35,153 - INFO - [실시간] 요청 7000개 처리 | 현재까지의 RPS: 387.70최근 1000개 request의 p99 TTFT: 0.5390 초 | 
2025-11-20 18:27:36,947 - INFO - [실시간] 요청 8000개 처리 | 현재까지의 RPS: 403.02최근 1000개 request의 p99 TTFT: 0.4212 초 | 
2025-11-20 18:27:38,708 - INFO - [실시간] 요청 9000개 처리 | 현재까지의 RPS: 416.45최근 1000개 request의 p99 TTFT: 0.9538 초 | 
2025-11-20 18:27:40,885 - INFO - [실시간] 요청 10000개 처리 | 현재까지의 RPS: 420.38최근 1000개 request의 p99 TTFT: 0.9281 초 | 
2025-11-20 18:27:43,008 - INFO - [실시간] 요청 11000개 처리 | 현재까지의 RPS: 424.53최근 1000개 request의 p99 TTFT: 0.2167 초 | 
2025-11-20 18:27:45,065 - INFO - [실시간] 요청 12000개 처리 | 현재까지의 RPS: 429.06최근 1000개 request의 p99 TTFT: 0.2115 초 | 
2025-11-20 18:27:47,118 - INFO - [실시간] 요청 13000개 처리 | 현재까지의 RPS: 433.03최근 1000개 request의 p99 TTFT: 0.2061 초 | 
2025-11-20 18:27:49,306 - INFO - [실시간] 요청 14000개 처리 | 현재까지의 RPS: 434.66최근 1000개 request의 p99 TTFT: 0.6702 초 | 
2025-11-20 18:27:51,275 - INFO - [실시간] 요청 15000개 처리 | 현재까지의 RPS: 438.88최근 1000개 request의 p99 TTFT: 0.6855 초 | 
2025-11-20 18:27:53,159 - INFO - [실시간] 요청 16000개 처리 | 현재까지의 RPS: 443.68최근 1000개 request의 p99 TTFT: 0.2129 초 | 
2025-11-20 18:27:55,210 - INFO - [실시간] 요청 17000개 처리 | 현재까지의 RPS: 446.04최근 1000개 request의 p99 TTFT: 0.2170 초 | 
2025-11-20 18:27:57,191 - INFO - [실시간] 요청 18000개 처리 | 현재까지의 RPS: 448.94최근 1000개 request의 p99 TTFT: 0.2230 초 | 
2025-11-20 18:27:59,208 - INFO - [실시간] 요청 19000개 처리 | 현재까지의 RPS: 451.19최근 1000개 request의 p99 TTFT: 0.2313 초 | 
2025-11-20 18:28:01,376 - INFO - [실시간] 요청 20000개 처리 | 현재까지의 RPS: 451.68최근 1000개 request의 p99 TTFT: 0.4472 초 | 
2025-11-20 18:28:03,330 - INFO - [실시간] 요청 21000개 처리 | 현재까지의 RPS: 454.22최근 1000개 request의 p99 TTFT: 0.4859 초 | 
2025-11-20 18:28:05,381 - INFO - [실시간] 요청 22000개 처리 | 현재까지의 RPS: 455.64최근 1000개 request의 p99 TTFT: 0.2232 초 | 
2025-11-20 18:28:07,310 - INFO - [실시간] 요청 23000개 처리 | 현재까지의 RPS: 458.06최근 1000개 request의 p99 TTFT: 0.1942 초 | 
2025-11-20 18:28:09,393 - INFO - [실시간] 요청 24000개 처리 | 현재까지의 RPS: 458.93최근 1000개 request의 p99 TTFT: 0.2202 초 | 
2025-11-20 18:28:11,346 - INFO - [실시간] 요청 25000개 처리 | 현재까지의 RPS: 460.84최근 1000개 request의 p99 TTFT: 0.4273 초 | 
2025-11-20 18:28:13,448 - INFO - [실시간] 요청 26000개 처리 | 현재까지의 RPS: 461.39최근 1000개 request의 p99 TTFT: 0.5049 초 | 
2025-11-20 18:28:15,447 - INFO - [실시간] 요청 27000개 처리 | 현재까지의 RPS: 462.72최근 1000개 request의 p99 TTFT: 0.4661 초 | 
2025-11-20 18:28:17,374 - INFO - [실시간] 요청 28000개 처리 | 현재까지의 RPS: 464.53최근 1000개 request의 p99 TTFT: 0.2071 초 | 
2025-11-20 18:28:19,195 - INFO - [실시간] 요청 29000개 처리 | 현재까지의 RPS: 467.01최근 1000개 request의 p99 TTFT: 0.2870 초 | 
2025-11-20 18:28:20,920 - INFO - [실시간] 요청 30000개 처리 | 현재까지의 RPS: 470.05최근 1000개 request의 p99 TTFT: 0.3632 초 | 
2025-11-20 18:28:22,727 - INFO - [실시간] 요청 31000개 처리 | 현재까지의 RPS: 472.35최근 1000개 request의 p99 TTFT: 0.3934 초 | 
2025-11-20 18:28:24,510 - INFO - [실시간] 요청 32000개 처리 | 현재까지의 RPS: 474.69최근 1000개 request의 p99 TTFT: 0.6427 초 | 
2025-11-20 18:28:26,238 - INFO - [실시간] 요청 33000개 처리 | 현재까지의 RPS: 477.29최근 1000개 request의 p99 TTFT: 0.3484 초 | 
2025-11-20 18:28:27,961 - INFO - [실시간] 요청 34000개 처리 | 현재까지의 RPS: 479.79최근 1000개 request의 p99 TTFT: 0.4029 초 | 
2025-11-20 18:28:29,711 - INFO - [실시간] 요청 35000개 처리 | 현재까지의 RPS: 482.00최근 1000개 request의 p99 TTFT: 0.2462 초 | 
2025-11-20 18:28:31,323 - INFO - [실시간] 요청 36000개 처리 | 현재까지의 RPS: 485.01최근 1000개 request의 p99 TTFT: 0.3716 초 | 
2025-11-20 18:28:33,180 - INFO - [실시간] 요청 37000개 처리 | 현재까지의 RPS: 486.31최근 1000개 request의 p99 TTFT: 0.5496 초 | 
2025-11-20 18:28:34,742 - INFO - [실시간] 요청 38000개 처리 | 현재까지의 RPS: 489.41최근 1000개 request의 p99 TTFT: 0.7436 초 | 
2025-11-20 18:28:36,275 - INFO - [실시간] 요청 39000개 처리 | 현재까지의 RPS: 492.56최근 1000개 request의 p99 TTFT: 0.2862 초 | 
2025-11-20 18:28:37,858 - INFO - [실시간] 요청 40000개 처리 | 현재까지의 RPS: 495.29최근 1000개 request의 p99 TTFT: 0.2954 초 | 
2025-11-20 18:28:39,500 - INFO - [실시간] 요청 41000개 처리 | 현재까지의 RPS: 497.55최근 1000개 request의 p99 TTFT: 0.4294 초 | 
2025-11-20 18:28:41,157 - INFO - [실시간] 요청 42000개 처리 | 현재까지의 RPS: 499.65최근 1000개 request의 p99 TTFT: 0.6154 초 | 
2025-11-20 18:28:42,842 - INFO - [실시간] 요청 43000개 처리 | 현재까지의 RPS: 501.49최근 1000개 request의 p99 TTFT: 0.4635 초 | 
2025-11-20 18:28:44,558 - INFO - [실시간] 요청 44000개 처리 | 현재까지의 RPS: 503.08최근 1000개 request의 p99 TTFT: 0.2104 초 | 
2025-11-20 18:28:46,244 - INFO - [실시간] 요청 45000개 처리 | 현재까지의 RPS: 504.79최근 1000개 request의 p99 TTFT: 0.2290 초 | 
2025-11-20 18:28:47,839 - INFO - [실시간] 요청 46000개 처리 | 현재까지의 RPS: 506.93최근 1000개 request의 p99 TTFT: 0.3812 초 | 
2025-11-20 18:28:49,721 - INFO - [실시간] 요청 47000개 처리 | 현재까지의 RPS: 507.43최근 1000개 request의 p99 TTFT: 0.4180 초 | 
2025-11-20 18:28:51,349 - INFO - [실시간] 요청 48000개 처리 | 현재까지의 RPS: 509.28최근 1000개 request의 p99 TTFT: 0.7833 초 | 
2025-11-20 18:28:53,035 - INFO - [실시간] 요청 49000개 처리 | 현재까지의 RPS: 510.75최근 1000개 request의 p99 TTFT: 0.2228 초 | 
2025-11-20 18:28:54,726 - INFO - [실시간] 요청 50000개 처리 | 현재까지의 RPS: 512.14최근 1000개 request의 p99 TTFT: 0.2049 초 | 
2025-11-20 18:28:56,467 - INFO - [실시간] 요청 51000개 처리 | 현재까지의 RPS: 513.23최근 1000개 request의 p99 TTFT: 0.2369 초 | 
2025-11-20 18:28:58,118 - INFO - [실시간] 요청 52000개 처리 | 현재까지의 RPS: 514.75최근 1000개 request의 p99 TTFT: 0.5272 초 | 
2025-11-20 18:28:59,923 - INFO - [실시간] 요청 53000개 처리 | 현재까지의 RPS: 515.44최근 1000개 request의 p99 TTFT: 0.5556 초 | 
2025-11-20 18:29:01,472 - INFO - [실시간] 요청 54000개 처리 | 현재까지의 RPS: 517.37최근 1000개 request의 p99 TTFT: 0.6949 초 | 
2025-11-20 18:29:03,156 - INFO - [실시간] 요청 55000개 처리 | 현재까지의 RPS: 518.58최근 1000개 request의 p99 TTFT: 0.3601 초 | 
2025-11-20 18:29:04,893 - INFO - [실시간] 요청 56000개 처리 | 현재까지의 RPS: 519.50최근 1000개 request의 p99 TTFT: 0.2119 초 | 
2025-11-20 18:29:06,467 - INFO - [실시간] 요청 57000개 처리 | 현재까지의 RPS: 521.17최근 1000개 request의 p99 TTFT: 0.4469 초 | 
2025-11-20 18:29:08,324 - INFO - [실시간] 요청 58000개 처리 | 현재까지의 RPS: 521.46최근 1000개 request의 p99 TTFT: 0.3591 초 | 
2025-11-20 18:29:09,940 - INFO - [실시간] 요청 59000개 처리 | 현재까지의 RPS: 522.85최근 1000개 request의 p99 TTFT: 0.5481 초 | 
2025-11-20 18:29:11,498 - INFO - [실시간] 요청 60000개 처리 | 현재까지의 RPS: 524.47최근 1000개 request의 p99 TTFT: 0.4846 초 | 
2025-11-20 18:29:13,159 - INFO - [실시간] 요청 61000개 처리 | 현재까지의 RPS: 525.58최근 1000개 request의 p99 TTFT: 0.2145 초 | 
2025-11-20 18:29:14,874 - INFO - [실시간] 요청 62000개 처리 | 현재까지의 RPS: 526.42최근 1000개 request의 p99 TTFT: 0.4577 초 | 
2025-11-20 18:29:16,568 - INFO - [실시간] 요청 63000개 처리 | 현재까지의 RPS: 527.33최근 1000개 request의 p99 TTFT: 0.4759 초 | 
2025-11-20 18:29:18,278 - INFO - [실시간] 요청 64000개 처리 | 현재까지의 RPS: 528.14최근 1000개 request의 p99 TTFT: 0.4613 초 | 
2025-11-20 18:29:19,991 - INFO - [실시간] 요청 65000개 처리 | 현재까지의 RPS: 528.91최근 1000개 request의 p99 TTFT: 0.6451 초 | 
2025-11-20 18:29:21,475 - INFO - [실시간] 요청 66000개 처리 | 현재까지의 RPS: 530.64최근 1000개 request의 p99 TTFT: 0.7076 초 | 
2025-11-20 18:29:22,990 - INFO - [실시간] 요청 67000개 처리 | 현재까지의 RPS: 532.20최근 1000개 request의 p99 TTFT: 0.4166 초 | 
2025-11-20 18:29:24,484 - INFO - [실시간] 요청 68000개 처리 | 현재까지의 RPS: 533.81최근 1000개 request의 p99 TTFT: 0.3944 초 | 
2025-11-20 18:29:26,043 - INFO - [실시간] 요청 69000개 처리 | 현재까지의 RPS: 535.11최근 1000개 request의 p99 TTFT: 0.3609 초 | 
2025-11-20 18:29:27,840 - INFO - [실시간] 요청 70000개 처리 | 현재까지의 RPS: 535.40최근 1000개 request의 p99 TTFT: 0.5192 초 | 
2025-11-20 18:29:29,383 - INFO - [실시간] 요청 71000개 처리 | 현재까지의 RPS: 536.72최근 1000개 request의 p99 TTFT: 0.5286 초 | 
2025-11-20 18:29:30,956 - INFO - [실시간] 요청 72000개 처리 | 현재까지의 RPS: 537.88최근 1000개 request의 p99 TTFT: 0.4436 초 | 
2025-11-20 18:29:32,424 - INFO - [실시간] 요청 73000개 처리 | 현재까지의 RPS: 539.43최근 1000개 request의 p99 TTFT: 0.4056 초 | 
2025-11-20 18:29:33,891 - INFO - [실시간] 요청 74000개 처리 | 현재까지의 RPS: 540.96최근 1000개 request의 p99 TTFT: 0.2726 초 | 
2025-11-20 18:29:35,530 - INFO - [실시간] 요청 75000개 처리 | 현재까지의 RPS: 541.78최근 1000개 request의 p99 TTFT: 0.4471 초 | 
2025-11-20 18:29:37,100 - INFO - [실시간] 요청 76000개 처리 | 현재까지의 RPS: 542.85최근 1000개 request의 p99 TTFT: 0.9498 초 | 
2025-11-20 18:29:38,605 - INFO - [실시간] 요청 77000개 처리 | 현재까지의 RPS: 544.14최근 1000개 request의 p99 TTFT: 0.8340 초 | 
2025-11-20 18:29:40,129 - INFO - [실시간] 요청 78000개 처리 | 현재까지의 RPS: 545.33최근 1000개 request의 p99 TTFT: 0.2772 초 | 
2025-11-20 18:29:41,716 - INFO - [실시간] 요청 79000개 처리 | 현재까지의 RPS: 546.26최근 1000개 request의 p99 TTFT: 0.2214 초 | 
2025-11-20 18:29:43,456 - INFO - [실시간] 요청 80000개 처리 | 현재까지의 RPS: 546.60최근 1000개 request의 p99 TTFT: 0.3272 초 | 
2025-11-20 18:29:45,142 - INFO - [실시간] 요청 81000개 처리 | 현재까지의 RPS: 547.13최근 1000개 request의 p99 TTFT: 0.7613 초 | 
2025-11-20 18:29:46,590 - INFO - [실시간] 요청 82000개 처리 | 현재까지의 RPS: 548.52최근 1000개 request의 p99 TTFT: 0.6939 초 | 
2025-11-20 18:29:48,237 - INFO - [실시간] 요청 83000개 처리 | 현재까지의 RPS: 549.16최근 1000개 request의 p99 TTFT: 0.4068 초 | 
2025-11-20 18:29:49,697 - INFO - [실시간] 요청 84000개 처리 | 현재까지의 RPS: 550.46최근 1000개 request의 p99 TTFT: 0.5846 초 | 
2025-11-20 18:29:51,264 - INFO - [실시간] 요청 85000개 처리 | 현재까지의 RPS: 551.35최근 1000개 request의 p99 TTFT: 0.4182 초 | 
2025-11-20 18:29:52,849 - INFO - [실시간] 요청 86000개 처리 | 현재까지의 RPS: 552.16최근 1000개 request의 p99 TTFT: 0.5447 초 | 
2025-11-20 18:29:54,349 - INFO - [실시간] 요청 87000개 처리 | 현재까지의 RPS: 553.25최근 1000개 request의 p99 TTFT: 0.6754 초 | 
2025-11-20 18:29:55,821 - INFO - [실시간] 요청 88000개 처리 | 현재까지의 RPS: 554.42최근 1000개 request의 p99 TTFT: 0.4497 초 | 
2025-11-20 18:29:57,447 - INFO - [실시간] 요청 89000개 처리 | 현재까지의 RPS: 555.04최근 1000개 request의 p99 TTFT: 0.4469 초 | 
2025-11-20 18:29:59,056 - INFO - [실시간] 요청 90000개 처리 | 현재까지의 RPS: 555.70최근 1000개 request의 p99 TTFT: 0.4885 초 | 
2025-11-20 18:30:00,744 - INFO - [실시간] 요청 91000개 처리 | 현재까지의 RPS: 556.08최근 1000개 request의 p99 TTFT: 0.4477 초 | 
2025-11-20 18:30:02,453 - INFO - [실시간] 요청 92000개 처리 | 현재까지의 RPS: 556.37최근 1000개 request의 p99 TTFT: 0.5926 초 | 
2025-11-20 18:30:03,974 - INFO - [실시간] 요청 93000개 처리 | 현재까지의 RPS: 557.30최근 1000개 request의 p99 TTFT: 0.5464 초 | 
2025-11-20 18:30:05,491 - INFO - [실시간] 요청 94000개 처리 | 현재까지의 RPS: 558.22최근 1000개 request의 p99 TTFT: 0.4320 초 | 
2025-11-20 18:30:07,032 - INFO - [실시간] 요청 95000개 처리 | 현재까지의 RPS: 559.04최근 1000개 request의 p99 TTFT: 0.5746 초 | 
2025-11-20 18:30:08,614 - INFO - [실시간] 요청 96000개 처리 | 현재까지의 RPS: 559.71최근 1000개 request의 p99 TTFT: 0.3528 초 | 
2025-11-20 18:30:10,359 - INFO - [실시간] 요청 97000개 처리 | 현재까지의 RPS: 559.85최근 1000개 request의 p99 TTFT: 0.4551 초 | 
2025-11-20 18:30:11,871 - INFO - [실시간] 요청 98000개 처리 | 현재까지의 RPS: 560.73최근 1000개 request의 p99 TTFT: 0.8082 초 | 
2025-11-20 18:30:13,424 - INFO - [실시간] 요청 99000개 처리 | 현재까지의 RPS: 561.46최근 1000개 request의 p99 TTFT: 0.4689 초 | 
2025-11-20 18:30:14,998 - INFO - [실시간] 요청 100000개 처리 | 현재까지의 RPS: 562.11최근 1000개 request의 p99 TTFT: 0.3375 초 | 
2025-11-20 18:30:16,570 - INFO - [실시간] 요청 101000개 처리 | 현재까지의 RPS: 562.76최근 1000개 request의 p99 TTFT: 0.2286 초 | 
2025-11-20 18:30:18,287 - INFO - [실시간] 요청 102000개 처리 | 현재까지의 RPS: 562.95최근 1000개 request의 p99 TTFT: 0.4777 초 | 
2025-11-20 18:30:19,981 - INFO - [실시간] 요청 103000개 처리 | 현재까지의 RPS: 563.20최근 1000개 request의 p99 TTFT: 0.9352 초 | 
2025-11-20 18:30:21,522 - INFO - [실시간] 요청 104000개 처리 | 현재까지의 RPS: 563.92최근 1000개 request의 p99 TTFT: 0.9437 초 | 
2025-11-20 18:30:23,133 - INFO - [실시간] 요청 105000개 처리 | 현재까지의 RPS: 564.41최근 1000개 request의 p99 TTFT: 0.3985 초 | 
2025-11-20 18:30:24,670 - INFO - [실시간] 요청 106000개 처리 | 현재까지의 RPS: 565.11최근 1000개 request의 p99 TTFT: 0.2174 초 | 
2025-11-20 18:30:26,537 - INFO - [실시간] 요청 107000개 처리 | 현재까지의 RPS: 564.82최근 1000개 request의 p99 TTFT: 0.5527 초 | 
2025-11-20 18:30:27,991 - INFO - [실시간] 요청 108000개 처리 | 현재까지의 RPS: 565.76최근 1000개 request의 p99 TTFT: 0.9975 초 | 
2025-11-20 18:30:29,606 - INFO - [실시간] 요청 109000개 처리 | 현재까지의 RPS: 566.21최근 1000개 request의 p99 TTFT: 0.4930 초 | 
2025-11-20 18:30:31,175 - INFO - [실시간] 요청 110000개 처리 | 현재까지의 RPS: 566.78최근 1000개 request의 p99 TTFT: 0.3342 초 | 
2025-11-20 18:30:32,747 - INFO - [실시간] 요청 111000개 처리 | 현재까지의 RPS: 567.34최근 1000개 request의 p99 TTFT: 0.2285 초 | 
2025-11-20 18:30:34,348 - INFO - [실시간] 요청 112000개 처리 | 현재까지의 RPS: 567.80최근 1000개 request의 p99 TTFT: 0.5576 초 | 
2025-11-20 18:30:35,995 - INFO - [실시간] 요청 113000개 처리 | 현재까지의 RPS: 568.13최근 1000개 request의 p99 TTFT: 0.8541 초 | 
2025-11-20 18:30:37,459 - INFO - [실시간] 요청 114000개 처리 | 현재까지의 RPS: 568.97최근 1000개 request의 p99 TTFT: 0.8704 초 | 
2025-11-20 18:30:39,037 - INFO - [실시간] 요청 115000개 처리 | 현재까지의 RPS: 569.48최근 1000개 request의 p99 TTFT: 0.3619 초 | 
2025-11-20 18:30:40,620 - INFO - [실시간] 요청 116000개 처리 | 현재까지의 RPS: 569.96최근 1000개 request의 p99 TTFT: 0.5033 초 | 
2025-11-20 18:30:42,367 - INFO - [실시간] 요청 117000개 처리 | 현재까지의 RPS: 569.98최근 1000개 request의 p99 TTFT: 0.4448 초 | 
2025-11-20 18:30:44,067 - INFO - [실시간] 요청 118000개 처리 | 현재까지의 RPS: 570.13최근 1000개 request의 p99 TTFT: 0.7208 초 | 
2025-11-20 18:30:45,506 - INFO - [실시간] 요청 119000개 처리 | 현재까지의 RPS: 570.99최근 1000개 request의 p99 TTFT: 0.7620 초 | 
2025-11-20 18:30:47,028 - INFO - [실시간] 요청 120000개 처리 | 현재까지의 RPS: 571.62최근 1000개 request의 p99 TTFT: 0.4087 초 | 
2025-11-20 18:30:48,656 - INFO - [실시간] 요청 121000개 처리 | 현재까지의 RPS: 571.95최근 1000개 request의 p99 TTFT: 0.4142 초 | 
2025-11-20 18:30:50,267 - INFO - [실시간] 요청 122000개 처리 | 현재까지의 RPS: 572.31최근 1000개 request의 p99 TTFT: 0.2317 초 | 
2025-11-20 18:30:52,066 - INFO - [실시간] 요청 123000개 처리 | 현재까지의 RPS: 572.18최근 1000개 request의 p99 TTFT: 0.5927 초 | 
2025-11-20 18:30:53,422 - INFO - [실시간] 요청 124000개 처리 | 현재까지의 RPS: 573.21최근 1000개 request의 p99 TTFT: 0.8429 초 | 
2025-11-20 18:30:54,983 - INFO - [실시간] 요청 125000개 처리 | 현재까지의 RPS: 573.70최근 1000개 request의 p99 TTFT: 0.4572 초 | 
2025-11-20 18:30:56,498 - INFO - [실시간] 요청 126000개 처리 | 현재까지의 RPS: 574.29최근 1000개 request의 p99 TTFT: 0.4199 초 | 
2025-11-20 18:30:57,970 - INFO - [실시간] 요청 127000개 처리 | 현재까지의 RPS: 574.99최근 1000개 request의 p99 TTFT: 0.2287 초 | 
2025-11-20 18:30:59,539 - INFO - [실시간] 요청 128000개 처리 | 현재까지의 RPS: 575.43최근 1000개 request의 p99 TTFT: 0.4205 초 | 
2025-11-20 18:31:01,197 - INFO - [실시간] 요청 129000개 처리 | 현재까지의 RPS: 575.64최근 1000개 request의 p99 TTFT: 0.7692 초 | 
2025-11-20 18:31:02,663 - INFO - [실시간] 요청 130000개 처리 | 현재까지의 RPS: 576.33최근 1000개 request의 p99 TTFT: 0.7459 초 | 
2025-11-20 18:31:04,159 - INFO - [실시간] 요청 131000개 처리 | 현재까지의 RPS: 576.94최근 1000개 request의 p99 TTFT: 0.3492 초 | 
2025-11-20 18:31:05,675 - INFO - [실시간] 요청 132000개 처리 | 현재까지의 RPS: 577.48최근 1000개 request의 p99 TTFT: 0.2556 초 | 
2025-11-20 18:31:07,282 - INFO - [실시간] 요청 133000개 처리 | 현재까지의 RPS: 577.80최근 1000개 request의 p99 TTFT: 0.2479 초 | 
2025-11-20 18:31:09,071 - INFO - [실시간] 요청 134000개 처리 | 현재까지의 RPS: 577.65최근 1000개 request의 p99 TTFT: 0.5537 초 | 
2025-11-20 18:31:10,523 - INFO - [실시간] 요청 135000개 처리 | 현재까지의 RPS: 578.34최근 1000개 request의 p99 TTFT: 0.8990 초 | 
2025-11-20 18:31:12,058 - INFO - [실시간] 요청 136000개 처리 | 현재까지의 RPS: 578.82최근 1000개 request의 p99 TTFT: 0.6787 초 | 
2025-11-20 18:31:13,584 - INFO - [실시간] 요청 137000개 처리 | 현재까지의 RPS: 579.31최근 1000개 request의 p99 TTFT: 0.4359 초 | 
2025-11-20 18:31:15,044 - INFO - [실시간] 요청 138000개 처리 | 현재까지의 RPS: 579.96최근 1000개 request의 p99 TTFT: 0.3923 초 | 
2025-11-20 18:31:16,569 - INFO - [실시간] 요청 139000개 처리 | 현재까지의 RPS: 580.44최근 1000개 request의 p99 TTFT: 0.3865 초 | 
2025-11-20 18:31:18,297 - INFO - [실시간] 요청 140000개 처리 | 현재까지의 RPS: 580.43최근 1000개 request의 p99 TTFT: 0.7775 초 | 
2025-11-20 18:31:19,663 - INFO - [실시간] 요청 141000개 처리 | 현재까지의 RPS: 581.29최근 1000개 request의 p99 TTFT: 0.7777 초 | 
2025-11-20 18:31:21,111 - INFO - [실시간] 요청 142000개 처리 | 현재까지의 RPS: 581.93최근 1000개 request의 p99 TTFT: 0.5060 초 | 
2025-11-20 18:31:22,621 - INFO - [실시간] 요청 143000개 처리 | 현재까지의 RPS: 582.43최근 1000개 request의 p99 TTFT: 0.3742 초 | 
2025-11-20 18:31:24,241 - INFO - [실시간] 요청 144000개 처리 | 현재까지의 RPS: 582.66최근 1000개 request의 p99 TTFT: 0.4159 초 | 
2025-11-20 18:31:25,951 - INFO - [실시간] 요청 145000개 처리 | 현재까지의 RPS: 582.67최근 1000개 request의 p99 TTFT: 0.7113 초 | 
2025-11-20 18:31:27,404 - INFO - [실시간] 요청 146000개 처리 | 현재까지의 RPS: 583.29최근 1000개 request의 p99 TTFT: 1.1093 초 | 
2025-11-20 18:31:28,931 - INFO - [실시간] 요청 147000개 처리 | 현재까지의 RPS: 583.72최근 1000개 request의 p99 TTFT: 0.2354 초 | 
2025-11-20 18:31:30,486 - INFO - [실시간] 요청 148000개 처리 | 현재까지의 RPS: 584.08최근 1000개 request의 p99 TTFT: 0.2209 초 | 
2025-11-20 18:31:32,265 - INFO - [실시간] 요청 149000개 처리 | 현재까지의 RPS: 583.93최근 1000개 request의 p99 TTFT: 0.2269 초 | 
2025-11-20 18:31:33,783 - INFO - [실시간] 요청 150000개 처리 | 현재까지의 RPS: 584.37최근 1000개 request의 p99 TTFT: 0.6728 초 | 
2025-11-20 18:31:35,164 - INFO - [실시간] 요청 151000개 처리 | 현재까지의 RPS: 585.12최근 1000개 request의 p99 TTFT: 0.7465 초 | 
2025-11-20 18:31:36,566 - INFO - [실시간] 요청 152000개 처리 | 현재까지의 RPS: 585.81최근 1000개 request의 p99 TTFT: 0.4740 초 | 
2025-11-20 18:31:38,011 - INFO - [실시간] 요청 153000개 처리 | 현재까지의 RPS: 586.40최근 1000개 request의 p99 TTFT: 0.3390 초 | 
2025-11-20 18:31:39,464 - INFO - [실시간] 요청 154000개 처리 | 현재까지의 RPS: 586.96최근 1000개 request의 p99 TTFT: 0.4405 초 | 
2025-11-20 18:31:41,153 - INFO - [실시간] 요청 155000개 처리 | 현재까지의 RPS: 587.00최근 1000개 request의 p99 TTFT: 0.4509 초 | 
2025-11-20 18:31:42,682 - INFO - [실시간] 요청 156000개 처리 | 현재까지의 RPS: 587.38최근 1000개 request의 p99 TTFT: 0.9174 초 | 
2025-11-20 18:31:44,248 - INFO - [실시간] 요청 157000개 처리 | 현재까지의 RPS: 587.68최근 1000개 request의 p99 TTFT: 0.8595 초 | 
2025-11-20 18:31:45,707 - INFO - [실시간] 요청 158000개 처리 | 현재까지의 RPS: 588.21최근 1000개 request의 p99 TTFT: 0.2416 초 | 
2025-11-20 18:31:47,167 - INFO - [실시간] 요청 159000개 처리 | 현재까지의 RPS: 588.74최근 1000개 request의 p99 TTFT: 0.2214 초 | 
2025-11-20 18:31:48,722 - INFO - [실시간] 요청 160000개 처리 | 현재까지의 RPS: 589.05최근 1000개 request의 p99 TTFT: 0.4842 초 | 
2025-11-20 18:31:50,448 - INFO - [실시간] 요청 161000개 처리 | 현재까지의 RPS: 588.99최근 1000개 request의 p99 TTFT: 0.9848 초 | 
2025-11-20 18:31:51,808 - INFO - [실시간] 요청 162000개 처리 | 현재까지의 RPS: 589.71최근 1000개 request의 p99 TTFT: 1.0095 초 | 
2025-11-20 18:31:53,280 - INFO - [실시간] 요청 163000개 처리 | 현재까지의 RPS: 590.19최근 1000개 request의 p99 TTFT: 0.4574 초 | 
2025-11-20 18:31:54,929 - INFO - [실시간] 요청 164000개 처리 | 현재까지의 RPS: 590.28최근 1000개 request의 p99 TTFT: 0.2273 초 | 
2025-11-20 18:31:56,437 - INFO - [실시간] 요청 165000개 처리 | 현재까지의 RPS: 590.68최근 1000개 request의 p99 TTFT: 0.5037 초 | 
2025-11-20 18:31:58,123 - INFO - [실시간] 요청 166000개 처리 | 현재까지의 RPS: 590.69최근 1000개 request의 p99 TTFT: 0.4719 초 | 
2025-11-20 18:31:59,589 - INFO - [실시간] 요청 167000개 처리 | 현재까지의 RPS: 591.17최근 1000개 request의 p99 TTFT: 0.8210 초 | 
2025-11-20 18:32:01,055 - INFO - [실시간] 요청 168000개 처리 | 현재까지의 RPS: 591.64최근 1000개 request의 p99 TTFT: 0.6494 초 | 
2025-11-20 18:32:02,516 - INFO - [실시간] 요청 169000개 처리 | 현재까지의 RPS: 592.11최근 1000개 request의 p99 TTFT: 0.3669 초 | 
2025-11-20 18:32:03,985 - INFO - [실시간] 요청 170000개 처리 | 현재까지의 RPS: 592.57최근 1000개 request의 p99 TTFT: 0.4280 초 | 
2025-11-20 18:32:05,786 - INFO - [실시간] 요청 171000개 처리 | 현재까지의 RPS: 592.33최근 1000개 request의 p99 TTFT: 0.2632 초 | 
2025-11-20 18:32:07,353 - INFO - [실시간] 요청 172000개 처리 | 현재까지의 RPS: 592.58최근 1000개 request의 p99 TTFT: 0.7199 초 | 
2025-11-20 18:32:08,824 - INFO - [실시간] 요청 173000개 처리 | 현재까지의 RPS: 593.02최근 1000개 request의 p99 TTFT: 0.8008 초 | 
2025-11-20 18:32:10,374 - INFO - [실시간] 요청 174000개 처리 | 현재까지의 RPS: 593.30최근 1000개 request의 p99 TTFT: 0.2764 초 | 
2025-11-20 18:32:11,826 - INFO - [실시간] 요청 175000개 처리 | 현재까지의 RPS: 593.77최근 1000개 request의 p99 TTFT: 0.2422 초 | 
2025-11-20 18:32:13,375 - INFO - [실시간] 요청 176000개 처리 | 현재까지의 RPS: 594.04최근 1000개 request의 p99 TTFT: 0.3758 초 | 
2025-11-20 18:32:15,091 - INFO - [실시간] 요청 177000개 처리 | 현재까지의 RPS: 593.97최근 1000개 request의 p99 TTFT: 0.5374 초 | 
2025-11-20 18:32:16,538 - INFO - [실시간] 요청 178000개 처리 | 현재까지의 RPS: 594.44최근 1000개 request의 p99 TTFT: 0.8778 초 | 
2025-11-20 18:32:18,037 - INFO - [실시간] 요청 179000개 처리 | 현재까지의 RPS: 594.80최근 1000개 request의 p99 TTFT: 0.7490 초 | 
2025-11-20 18:32:19,568 - INFO - [실시간] 요청 180000개 처리 | 현재까지의 RPS: 595.10최근 1000개 request의 p99 TTFT: 0.2885 초 | 
2025-11-20 18:32:21,000 - INFO - [실시간] 요청 181000개 처리 | 현재까지의 RPS: 595.58최근 1000개 request의 p99 TTFT: 0.3028 초 | 
2025-11-20 18:32:22,617 - INFO - [실시간] 요청 182000개 처리 | 현재까지의 RPS: 595.71최근 1000개 request의 p99 TTFT: 0.4877 초 | 
2025-11-20 18:32:24,112 - INFO - [실시간] 요청 183000개 처리 | 현재까지의 RPS: 596.06최근 1000개 request의 p99 TTFT: 0.8181 초 | 
2025-11-20 18:32:25,536 - INFO - [실시간] 요청 184000개 처리 | 현재까지의 RPS: 596.55최근 1000개 request의 p99 TTFT: 0.6945 초 | 
2025-11-20 18:32:27,075 - INFO - [실시간] 요청 185000개 처리 | 현재까지의 RPS: 596.82최근 1000개 request의 p99 TTFT: 0.3128 초 | 
2025-11-20 18:32:28,551 - INFO - [실시간] 요청 186000개 처리 | 현재까지의 RPS: 597.20최근 1000개 request의 p99 TTFT: 0.3193 초 | 
2025-11-20 18:32:30,514 - INFO - [실시간] 요청 187000개 처리 | 현재까지의 RPS: 596.65최근 1000개 request의 p99 TTFT: 0.5438 초 | 
2025-11-20 18:32:31,841 - INFO - [실시간] 요청 188000개 처리 | 현재까지의 RPS: 597.31최근 1000개 request의 p99 TTFT: 0.7044 초 | 
2025-11-20 18:32:33,215 - INFO - [실시간] 요청 189000개 처리 | 현재까지의 RPS: 597.88최근 1000개 request의 p99 TTFT: 0.8669 초 | 
2025-11-20 18:32:34,660 - INFO - [실시간] 요청 190000개 처리 | 현재까지의 RPS: 598.31최근 1000개 request의 p99 TTFT: 0.3071 초 | 
2025-11-20 18:32:36,054 - INFO - [실시간] 요청 191000개 처리 | 현재까지의 RPS: 598.83최근 1000개 request의 p99 TTFT: 0.3581 초 | 
2025-11-20 18:32:37,579 - INFO - [실시간] 요청 192000개 처리 | 현재까지의 RPS: 599.10최근 1000개 request의 p99 TTFT: 0.5054 초 | 
2025-11-20 18:32:39,103 - INFO - [실시간] 요청 193000개 처리 | 현재까지의 RPS: 599.37최근 1000개 request의 p99 TTFT: 0.4411 초 | 
2025-11-20 18:32:40,756 - INFO - [실시간] 요청 194000개 처리 | 현재까지의 RPS: 599.40최근 1000개 request의 p99 TTFT: 0.8118 초 | 
2025-11-20 18:32:42,090 - INFO - [실시간] 요청 195000개 처리 | 현재까지의 RPS: 600.01최근 1000개 request의 p99 TTFT: 0.7510 초 | 
2025-11-20 18:32:43,535 - INFO - [실시간] 요청 196000개 처리 | 현재까지의 RPS: 600.42최근 1000개 request의 p99 TTFT: 0.2398 초 | 
2025-11-20 18:32:45,029 - INFO - [실시간] 요청 197000개 처리 | 현재까지의 RPS: 600.74최근 1000개 request의 p99 TTFT: 0.2362 초 | 
2025-11-20 18:32:46,413 - INFO - [실시간] 요청 198000개 처리 | 현재까지의 RPS: 601.25최근 1000개 request의 p99 TTFT: 0.5685 초 | 
2025-11-20 18:32:48,397 - INFO - [실시간] 요청 199000개 처리 | 현재까지의 RPS: 600.66최근 1000개 request의 p99 TTFT: 0.5399 초 | 
통계에 반영된 요청 인덱스 범위: 0 ~ 199000 (총 199000개 요청)
통계 반영된 요청 수: 199000, 통계 반영된 시간: 384.46 초

==================================================
 실험 최종 결과 요약
==================================================
 설정 실험 시간: 330 초
 Clients 수: 7500
 통계 반영 시간: 384.46 초
 총 시도된 요청: 203889 개
 총 완료된 요청: 199000 개
 총 실패한 요청: 4889 개
 완료 요청 중 retrieval이 실패한 요청: -97 개
 요청 성공률: 97.60%
 전체 Requests Per Second (RPS): 517.61
--------------------------------------------------
 Time to First Token (TTFT) Latency:
  - 평균 (Mean): 0.1523 초
  - 중간값 (50%ile): 0.1315 초
  - 최소값 (Min): 0.0189 초
  - 최대값 (Max): 1.5249 초
  - 95%ile Tail: 0.3986 초
  - 99%ile Tail: 0.6547 초
--------------------------------------------------
 Time Per Output Token (TPOT):
  - 평균 (Mean): 16.94 ms/token
--------------------------------------------------
 Embedding Latency:
  - 총 샘플 수: 199000
  - 평균 (Mean): 9.10 ms
  - 중간값 (50%ile): 7.00 ms
  - 95%ile Tail: 19.00 ms
  - 99%ile Tail: 56.00 ms
--------------------------------------------------
 VectorDB Search Latency:
  - 총 샘플 수: 199000
  - 평균 (Mean): 46.33 ms
  - 중간값 (50%ile): 23.00 ms
  - 95%ile Tail: 177.00 ms
  - 99%ile Tail: 419.01 ms
--------------------------------------------------
 Document Search Latency:
  - 총 샘플 수: 199000
  - 평균 (Mean): 17.08 ms
  - 중간값 (50%ile): 7.00 ms
  - 95%ile Tail: 59.00 ms
  - 99%ile Tail: 133.00 ms
--------------------------------------------------
 Total Retrieval Latency:
  - 총 샘플 수: 199000
  - 평균 (Mean): 72.51 ms
  - 중간값 (50%ile): 42.00 ms
  - 95%ile Tail: 261.00 ms
  - 99%ile Tail: 534.00 ms
==================================================
