2025-11-21 03:26:34,099 - INFO - ReqGen 시작: 서버=163.152.48.109:9000, 클라이언트=2, 시간=330초
2025-11-21 03:26:34,099 - INFO - Hugging Face에서 'kroshan/BioASQ' 데이터셋을 로드합니다...
2025-11-21 03:26:39,516 - INFO - 3266개의 질문을 로드했습니다.
2025-11-21 03:26:39,517 - INFO - 부하 테스트 시작, client 수 = 2
통계에 반영된 요청 인덱스 범위: 0 ~ 1 (총 1개 요청)
statistics_start_time이 설정되지 않았습니다.
statistics_end_time이 설정되지 않았습니다.
통계 반영된 요청 수: 1, 통계 반영된 시간: 370.63 초

==================================================
 실험 최종 결과 요약
==================================================
 설정 실험 시간: 330 초
 Clients 수: 2
 통계 반영 시간: 370.63 초
 총 시도된 요청: 12 개
 총 완료된 요청: 1 개
 총 실패한 요청: 11 개
 완료 요청 중 retrieval이 실패한 요청: 0 개
 요청 성공률: 8.33%
 전체 Requests Per Second (RPS): 0.00
--------------------------------------------------
 Time to First Token (TTFT) Latency:
  - 평균 (Mean): 59.5357 초
  - 중간값 (50%ile): 59.5357 초
  - 최소값 (Min): 59.5357 초
  - 최대값 (Max): 59.5357 초
  - 95%ile Tail: 59.5357 초
  - 99%ile Tail: 59.5357 초
--------------------------------------------------
 Time Per Output Token (TPOT):
  - 평균 (Mean): 16.12 ms/token
--------------------------------------------------
 Embedding Latency:
  - 총 샘플 수: 1
  - 평균 (Mean): 16.00 ms
  - 중간값 (50%ile): 16.00 ms
  - 95%ile Tail: 16.00 ms
  - 99%ile Tail: 16.00 ms
--------------------------------------------------
 VectorDB Search Latency:
  - 총 샘플 수: 1
  - 평균 (Mean): 59410.00 ms
  - 중간값 (50%ile): 59410.00 ms
  - 95%ile Tail: 59410.00 ms
  - 99%ile Tail: 59410.00 ms
--------------------------------------------------
 Document Search Latency:
  - 총 샘플 수: 1
  - 평균 (Mean): 24.00 ms
  - 중간값 (50%ile): 24.00 ms
  - 95%ile Tail: 24.00 ms
  - 99%ile Tail: 24.00 ms
--------------------------------------------------
 Total Retrieval Latency:
  - 총 샘플 수: 1
  - 평균 (Mean): 59450.00 ms
  - 중간값 (50%ile): 59450.00 ms
  - 95%ile Tail: 59450.00 ms
  - 99%ile Tail: 59450.00 ms
==================================================
