2025-12-05 05:25:37,196 - INFO - ReqGen 시작: 서버=163.152.48.109:9000, 클라이언트=100, 시간=330초
2025-12-05 05:25:37,196 - INFO - Hugging Face에서 'kroshan/BioASQ' 데이터셋을 로드합니다...
2025-12-05 05:25:42,638 - INFO - 3266개의 질문을 로드했습니다.
2025-12-05 05:25:42,638 - INFO - 부하 테스트 시작, client 수 = 100
2025-12-05 05:29:11,250 - INFO - [실시간] 요청 1000개 처리 | 현재까지의 RPS: 4.79최근 1000개 request의 p99 TTFT: 2.8058 초 | 
통계에 반영된 요청 인덱스 범위: 1000 ~ 1856 (총 856개 요청)
statistics_end_time이 설정되지 않았습니다.
통계 반영된 요청 수: 856, 통계 반영된 시간: 384.73 초

==================================================
 실험 최종 결과 요약
==================================================
 설정 실험 시간: 330 초
 Clients 수: 100
 통계 반영 시간: 384.73 초
 총 시도된 요청: 1073 개
 총 완료된 요청: 856 개
 총 실패한 요청: 217 개
 완료 요청 중 retrieval이 실패한 요청: -993 개
 요청 성공률: 79.78%
 전체 Requests Per Second (RPS): 2.22
--------------------------------------------------
 Time to First Token (TTFT) Latency:
  - 평균 (Mean): 0.1799 초
  - 중간값 (50%ile): 0.0962 초
  - 최소값 (Min): 0.0240 초
  - 최대값 (Max): 30.7873 초
  - 95%ile Tail: 0.2411 초
  - 99%ile Tail: 0.3793 초
--------------------------------------------------
 Time Per Output Token (TPOT):
  - 평균 (Mean): 16.71 ms/token
--------------------------------------------------
 Embedding Latency:
  - 총 샘플 수: 856
  - 평균 (Mean): 7.52 ms
  - 중간값 (50%ile): 7.00 ms
  - 95%ile Tail: 10.00 ms
  - 99%ile Tail: 12.00 ms
--------------------------------------------------
 VectorDB Search Latency:
  - 총 샘플 수: 849
  - 평균 (Mean): 30.43 ms
  - 중간값 (50%ile): 9.00 ms
  - 95%ile Tail: 156.20 ms
  - 99%ile Tail: 301.16 ms
--------------------------------------------------
 Document Search Latency:
  - 총 샘플 수: 849
  - 평균 (Mean): 7.53 ms
  - 중간값 (50%ile): 7.00 ms
  - 95%ile Tail: 9.00 ms
  - 99%ile Tail: 12.00 ms
--------------------------------------------------
 Total Retrieval Latency:
  - 총 샘플 수: 849
  - 평균 (Mean): 45.51 ms
  - 중간값 (50%ile): 25.00 ms
  - 95%ile Tail: 171.00 ms
  - 99%ile Tail: 315.64 ms
==================================================
