2025-12-05 04:19:35,525 - INFO - ReqGen 시작: 서버=163.152.48.109:9000, 클라이언트=7000, 시간=330초
2025-12-05 04:19:35,525 - INFO - Hugging Face에서 'kroshan/BioASQ' 데이터셋을 로드합니다...
2025-12-05 04:19:40,965 - INFO - 3266개의 질문을 로드했습니다.
2025-12-05 04:19:40,965 - INFO - 부하 테스트 시작, client 수 = 7000
2025-12-05 04:19:44,613 - INFO - [실시간] 요청 1000개 처리 | 현재까지의 RPS: 274.18최근 1000개 request의 p99 TTFT: 0.4172 초 | 
2025-12-05 04:19:47,017 - INFO - [실시간] 요청 2000개 처리 | 현재까지의 RPS: 330.46최근 1000개 request의 p99 TTFT: 0.2128 초 | 
2025-12-05 04:19:49,238 - INFO - [실시간] 요청 3000개 처리 | 현재까지의 RPS: 362.64최근 1000개 request의 p99 TTFT: 0.2185 초 | 
2025-12-05 04:19:51,225 - INFO - [실시간] 요청 4000개 처리 | 현재까지의 RPS: 389.87최근 1000개 request의 p99 TTFT: 0.2265 초 | 
2025-12-05 04:19:52,992 - INFO - [실시간] 요청 5000개 처리 | 현재까지의 RPS: 415.76최근 1000개 request의 p99 TTFT: 0.3726 초 | 
2025-12-05 04:19:54,717 - INFO - [실시간] 요청 6000개 처리 | 현재까지의 RPS: 436.30최근 1000개 request의 p99 TTFT: 0.4600 초 | 
2025-12-05 04:19:56,283 - INFO - [실시간] 요청 7000개 처리 | 현재까지의 RPS: 456.99최근 1000개 request의 p99 TTFT: 0.4115 초 | 
2025-12-05 04:19:57,842 - INFO - [실시간] 요청 8000개 처리 | 현재까지의 RPS: 474.03최근 1000개 request의 p99 TTFT: 0.8781 초 | 
2025-12-05 04:19:59,196 - INFO - [실시간] 요청 9000개 처리 | 현재까지의 RPS: 493.68최근 1000개 request의 p99 TTFT: 1.2436 초 | 
2025-12-05 04:20:00,556 - INFO - [실시간] 요청 10000개 처리 | 현재까지의 RPS: 510.44최근 1000개 request의 p99 TTFT: 1.4311 초 | 
2025-12-05 04:20:01,979 - INFO - [실시간] 요청 11000개 처리 | 현재까지의 RPS: 523.48최근 1000개 request의 p99 TTFT: 2.0784 초 | 
2025-12-05 04:20:03,344 - INFO - [실시간] 요청 12000개 처리 | 현재까지의 RPS: 536.23최근 1000개 request의 p99 TTFT: 3.1931 초 | 
2025-12-05 04:20:04,868 - INFO - [실시간] 요청 13000개 처리 | 현재까지의 RPS: 543.88최근 1000개 request의 p99 TTFT: 3.1404 초 | 
2025-12-05 04:20:06,528 - INFO - [실시간] 요청 14000개 처리 | 현재까지의 RPS: 547.68최근 1000개 request의 p99 TTFT: 0.9336 초 | 
2025-12-05 04:20:08,265 - INFO - [실시간] 요청 15000개 처리 | 현재까지의 RPS: 549.45최근 1000개 request의 p99 TTFT: 0.2677 초 | 
2025-12-05 04:20:10,041 - INFO - [실시간] 요청 16000개 처리 | 현재까지의 RPS: 550.30최근 1000개 request의 p99 TTFT: 0.7204 초 | 
2025-12-05 04:20:11,512 - INFO - [실시간] 요청 17000개 처리 | 현재까지의 RPS: 556.52최근 1000개 request의 p99 TTFT: 0.7816 초 | 
2025-12-05 04:20:13,050 - INFO - [실시간] 요청 18000개 처리 | 현재까지의 RPS: 561.02최근 1000개 request의 p99 TTFT: 0.5712 초 | 
2025-12-05 04:20:14,627 - INFO - [실시간] 요청 19000개 처리 | 현재까지의 RPS: 564.45최근 1000개 request의 p99 TTFT: 0.6884 초 | 
2025-12-05 04:20:16,128 - INFO - [실시간] 요청 20000개 처리 | 현재까지의 RPS: 568.79최근 1000개 request의 p99 TTFT: 0.8362 초 | 
2025-12-05 04:20:17,633 - INFO - [실시간] 요청 21000개 처리 | 현재까지의 RPS: 572.71최근 1000개 request의 p99 TTFT: 0.8571 초 | 
2025-12-05 04:20:19,215 - INFO - [실시간] 요청 22000개 처리 | 현재까지의 RPS: 575.17최근 1000개 request의 p99 TTFT: 0.8138 초 | 
2025-12-05 04:20:20,663 - INFO - [실시간] 요청 23000개 처리 | 현재까지의 RPS: 579.38최근 1000개 request의 p99 TTFT: 1.1445 초 | 
2025-12-05 04:20:22,153 - INFO - [실시간] 요청 24000개 처리 | 현재까지의 RPS: 582.70최근 1000개 request의 p99 TTFT: 1.1351 초 | 
2025-12-05 04:20:23,741 - INFO - [실시간] 요청 25000개 처리 | 현재까지의 RPS: 584.45최근 1000개 request의 p99 TTFT: 0.5423 초 | 
2025-12-05 04:20:25,312 - INFO - [실시간] 요청 26000개 처리 | 현재까지의 RPS: 586.29최근 1000개 request의 p99 TTFT: 0.2252 초 | 
2025-12-05 04:20:27,012 - INFO - [실시간] 요청 27000개 처리 | 현재까지의 RPS: 586.36최근 1000개 request의 p99 TTFT: 0.3780 초 | 
2025-12-05 04:20:28,656 - INFO - [실시간] 요청 28000개 처리 | 현재까지의 RPS: 587.12최근 1000개 request의 p99 TTFT: 0.4633 초 | 
2025-12-05 04:20:30,231 - INFO - [실시간] 요청 29000개 처리 | 현재까지의 RPS: 588.65최근 1000개 request의 p99 TTFT: 0.8071 초 | 
2025-12-05 04:20:31,688 - INFO - [실시간] 요청 30000개 처리 | 현재까지의 RPS: 591.46최근 1000개 request의 p99 TTFT: 0.7474 초 | 
2025-12-05 04:20:33,308 - INFO - [실시간] 요청 31000개 처리 | 현재까지의 RPS: 592.25최근 1000개 request의 p99 TTFT: 0.2531 초 | 
2025-12-05 04:20:34,718 - INFO - [실시간] 요청 32000개 처리 | 현재까지의 RPS: 595.32최근 1000개 request의 p99 TTFT: 0.5900 초 | 
2025-12-05 04:20:36,308 - INFO - [실시간] 요청 33000개 처리 | 현재까지의 RPS: 596.29최근 1000개 request의 p99 TTFT: 0.2688 초 | 
2025-12-05 04:20:37,969 - INFO - [실시간] 요청 34000개 처리 | 현재까지의 RPS: 596.46최근 1000개 request의 p99 TTFT: 0.2079 초 | 
2025-12-05 04:20:39,557 - INFO - [실시간] 요청 35000개 처리 | 현재까지의 RPS: 597.36최근 1000개 request의 p99 TTFT: 0.7138 초 | 
2025-12-05 04:20:40,970 - INFO - [실시간] 요청 36000개 처리 | 현재까지의 RPS: 599.96최근 1000개 request의 p99 TTFT: 0.7810 초 | 
2025-12-05 04:20:42,516 - INFO - [실시간] 요청 37000개 처리 | 현재까지의 RPS: 601.13최근 1000개 request의 p99 TTFT: 0.6208 초 | 
2025-12-05 04:20:44,076 - INFO - [실시간] 요청 38000개 처리 | 현재까지의 RPS: 602.12최근 1000개 request의 p99 TTFT: 0.2795 초 | 
2025-12-05 04:20:45,754 - INFO - [실시간] 요청 39000개 처리 | 현재까지의 RPS: 601.95최근 1000개 request의 p99 TTFT: 0.2012 초 | 
2025-12-05 04:20:47,278 - INFO - [실시간] 요청 40000개 처리 | 현재까지의 RPS: 603.21최근 1000개 request의 p99 TTFT: 0.3324 초 | 
2025-12-05 04:20:48,889 - INFO - [실시간] 요청 41000개 처리 | 현재까지의 RPS: 603.62최근 1000개 request의 p99 TTFT: 0.6514 초 | 
2025-12-05 04:20:50,313 - INFO - [실시간] 요청 42000개 처리 | 현재까지의 RPS: 605.65최근 1000개 request의 p99 TTFT: 0.7227 초 | 
2025-12-05 04:20:51,871 - INFO - [실시간] 요청 43000개 처리 | 현재까지의 RPS: 606.44최근 1000개 request의 p99 TTFT: 0.9875 초 | 
2025-12-05 04:20:53,329 - INFO - [실시간] 요청 44000개 처리 | 현재까지의 RPS: 608.04최근 1000개 request의 p99 TTFT: 0.6070 초 | 
2025-12-05 04:20:54,928 - INFO - [실시간] 요청 45000개 처리 | 현재까지의 RPS: 608.42최근 1000개 request의 p99 TTFT: 0.2439 초 | 
2025-12-05 04:20:56,465 - INFO - [실시간] 요청 46000개 처리 | 현재까지의 RPS: 609.28최근 1000개 request의 p99 TTFT: 0.2486 초 | 
2025-12-05 04:20:58,248 - INFO - [실시간] 요청 47000개 처리 | 현재까지의 RPS: 608.15최근 1000개 request의 p99 TTFT: 0.4439 초 | 
2025-12-05 04:20:59,766 - INFO - [실시간] 요청 48000개 처리 | 현재까지의 RPS: 609.13최근 1000개 request의 p99 TTFT: 0.8808 초 | 
2025-12-05 04:21:01,245 - INFO - [실시간] 요청 49000개 처리 | 현재까지의 RPS: 610.37최근 1000개 request의 p99 TTFT: 0.9023 초 | 
2025-12-05 04:21:02,857 - INFO - [실시간] 요청 50000개 처리 | 현재까지의 RPS: 610.56최근 1000개 request의 p99 TTFT: 0.2934 초 | 
2025-12-05 04:21:04,414 - INFO - [실시간] 요청 51000개 처리 | 현재까지의 RPS: 611.16최근 1000개 request의 p99 TTFT: 0.2931 초 | 
2025-12-05 04:21:05,969 - INFO - [실시간] 요청 52000개 처리 | 현재까지의 RPS: 611.74최근 1000개 request의 p99 TTFT: 0.4355 초 | 
2025-12-05 04:21:07,532 - INFO - [실시간] 요청 53000개 처리 | 현재까지의 RPS: 612.25최근 1000개 request의 p99 TTFT: 0.3545 초 | 
2025-12-05 04:21:09,193 - INFO - [실시간] 요청 54000개 처리 | 현재까지의 RPS: 612.06최근 1000개 request의 p99 TTFT: 0.7358 초 | 
2025-12-05 04:21:10,549 - INFO - [실시간] 요청 55000개 처리 | 현재까지의 RPS: 613.95최근 1000개 request의 p99 TTFT: 0.7502 초 | 
2025-12-05 04:21:12,159 - INFO - [실시간] 요청 56000개 처리 | 현재까지의 RPS: 614.08최근 1000개 request의 p99 TTFT: 0.4519 초 | 
2025-12-05 04:21:13,773 - INFO - [실시간] 요청 57000개 처리 | 현재까지의 RPS: 614.17최근 1000개 request의 p99 TTFT: 0.3637 초 | 
2025-12-05 04:21:15,288 - INFO - [실시간] 요청 58000개 처리 | 현재까지의 RPS: 614.91최근 1000개 request의 p99 TTFT: 0.2827 초 | 
2025-12-05 04:21:16,860 - INFO - [실시간] 요청 59000개 처리 | 현재까지의 RPS: 615.26최근 1000개 request의 p99 TTFT: 0.3345 초 | 
2025-12-05 04:21:18,500 - INFO - [실시간] 요청 60000개 처리 | 현재까지의 RPS: 615.17최근 1000개 request의 p99 TTFT: 0.7116 초 | 
2025-12-05 04:21:20,002 - INFO - [실시간] 요청 61000개 처리 | 현재까지의 RPS: 615.93최근 1000개 request의 p99 TTFT: 0.9336 초 | 
2025-12-05 04:21:21,541 - INFO - [실시간] 요청 62000개 처리 | 현재까지의 RPS: 616.45최근 1000개 request의 p99 TTFT: 0.5652 초 | 
2025-12-05 04:21:23,064 - INFO - [실시간] 요청 63000개 처리 | 현재까지의 RPS: 617.05최근 1000개 request의 p99 TTFT: 0.3219 초 | 
2025-12-05 04:21:24,520 - INFO - [실시간] 요청 64000개 처리 | 현재까지의 RPS: 618.03최근 1000개 request의 p99 TTFT: 0.2583 초 | 
2025-12-05 04:21:26,074 - INFO - [실시간] 요청 65000개 처리 | 현재까지의 RPS: 618.41최근 1000개 request의 p99 TTFT: 0.2521 초 | 
2025-12-05 04:21:27,648 - INFO - [실시간] 요청 66000개 처리 | 현재까지의 RPS: 618.66최근 1000개 request의 p99 TTFT: 0.4606 초 | 
2025-12-05 04:21:29,105 - INFO - [실시간] 요청 67000개 처리 | 현재까지의 RPS: 619.57최근 1000개 request의 p99 TTFT: 0.7705 초 | 
2025-12-05 04:21:30,671 - INFO - [실시간] 요청 68000개 처리 | 현재까지의 RPS: 619.84최근 1000개 request의 p99 TTFT: 0.7261 초 | 
2025-12-05 04:21:32,242 - INFO - [실시간] 요청 69000개 처리 | 현재까지의 RPS: 620.07최근 1000개 request의 p99 TTFT: 0.3171 초 | 
2025-12-05 04:21:33,764 - INFO - [실시간] 요청 70000개 처리 | 현재까지의 RPS: 620.57최근 1000개 request의 p99 TTFT: 0.3773 초 | 
2025-12-05 04:21:35,266 - INFO - [실시간] 요청 71000개 처리 | 현재까지의 RPS: 621.17최근 1000개 request의 p99 TTFT: 0.4333 초 | 
2025-12-05 04:21:36,949 - INFO - [실시간] 요청 72000개 처리 | 현재까지의 RPS: 620.78최근 1000개 request의 p99 TTFT: 0.3276 초 | 
2025-12-05 04:21:38,479 - INFO - [실시간] 요청 73000개 처리 | 현재까지의 RPS: 621.21최근 1000개 request의 p99 TTFT: 0.6874 초 | 
2025-12-05 04:21:39,998 - INFO - [실시간] 요청 74000개 처리 | 현재까지의 RPS: 621.68최근 1000개 request의 p99 TTFT: 0.7385 초 | 
2025-12-05 04:21:41,549 - INFO - [실시간] 요청 75000개 처리 | 현재까지의 RPS: 621.97최근 1000개 request의 p99 TTFT: 0.5548 초 | 
2025-12-05 04:21:43,036 - INFO - [실시간] 요청 76000개 처리 | 현재까지의 RPS: 622.59최근 1000개 request의 p99 TTFT: 0.4844 초 | 
2025-12-05 04:21:44,576 - INFO - [실시간] 요청 77000개 처리 | 현재까지의 RPS: 622.93최근 1000개 request의 p99 TTFT: 0.2552 초 | 
2025-12-05 04:21:46,321 - INFO - [실시간] 요청 78000개 처리 | 현재까지의 RPS: 622.23최근 1000개 request의 p99 TTFT: 0.3342 초 | 
2025-12-05 04:21:47,842 - INFO - [실시간] 요청 79000개 처리 | 현재까지의 RPS: 622.65최근 1000개 request의 p99 TTFT: 0.7582 초 | 
2025-12-05 04:21:49,330 - INFO - [실시간] 요청 80000개 처리 | 현재까지의 RPS: 623.22최근 1000개 request의 p99 TTFT: 0.9511 초 | 
2025-12-05 04:21:50,853 - INFO - [실시간] 요청 81000개 처리 | 현재까지의 RPS: 623.62최근 1000개 request의 p99 TTFT: 0.4178 초 | 
2025-12-05 04:21:52,328 - INFO - [실시간] 요청 82000개 처리 | 현재까지의 RPS: 624.23최근 1000개 request의 p99 TTFT: 0.4579 초 | 
2025-12-05 04:21:53,834 - INFO - [실시간] 요청 83000개 처리 | 현재까지의 RPS: 624.68최근 1000개 request의 p99 TTFT: 0.4844 초 | 
2025-12-05 04:21:55,386 - INFO - [실시간] 요청 84000개 처리 | 현재까지의 RPS: 624.90최근 1000개 request의 p99 TTFT: 0.4835 초 | 
2025-12-05 04:21:57,134 - INFO - [실시간] 요청 85000개 처리 | 현재까지의 RPS: 624.23최근 1000개 request의 p99 TTFT: 0.5829 초 | 
2025-12-05 04:21:58,651 - INFO - [실시간] 요청 86000개 처리 | 현재까지의 RPS: 624.61최근 1000개 request의 p99 TTFT: 0.8424 초 | 
2025-12-05 04:22:00,206 - INFO - [실시간] 요청 87000개 처리 | 현재까지의 RPS: 624.82최근 1000개 request의 p99 TTFT: 0.7110 초 | 
2025-12-05 04:22:01,754 - INFO - [실시간] 요청 88000개 처리 | 현재까지의 RPS: 625.05최근 1000개 request의 p99 TTFT: 0.5271 초 | 
2025-12-05 04:22:03,347 - INFO - [실시간] 요청 89000개 처리 | 현재까지의 RPS: 625.08최근 1000개 request의 p99 TTFT: 0.3467 초 | 
2025-12-05 04:22:04,864 - INFO - [실시간] 요청 90000개 처리 | 현재까지의 RPS: 625.44최근 1000개 request의 p99 TTFT: 0.2358 초 | 
2025-12-05 04:22:06,615 - INFO - [실시간] 요청 91000개 처리 | 현재까지의 RPS: 624.79최근 1000개 request의 p99 TTFT: 0.6087 초 | 
2025-12-05 04:22:08,170 - INFO - [실시간] 요청 92000개 처리 | 현재까지의 RPS: 624.98최근 1000개 request의 p99 TTFT: 0.7160 초 | 
2025-12-05 04:22:09,649 - INFO - [실시간] 요청 93000개 처리 | 현재까지의 RPS: 625.49최근 1000개 request의 p99 TTFT: 0.4635 초 | 
2025-12-05 04:22:11,160 - INFO - [실시간] 요청 94000개 처리 | 현재까지의 RPS: 625.85최근 1000개 request의 p99 TTFT: 0.2440 초 | 
2025-12-05 04:22:12,579 - INFO - [실시간] 요청 95000개 처리 | 현재까지의 RPS: 626.59최근 1000개 request의 p99 TTFT: 0.2511 초 | 
2025-12-05 04:22:14,089 - INFO - [실시간] 요청 96000개 처리 | 현재까지의 RPS: 626.95최근 1000개 request의 p99 TTFT: 0.2567 초 | 
2025-12-05 04:22:15,839 - INFO - [실시간] 요청 97000개 처리 | 현재까지의 RPS: 626.32최근 1000개 request의 p99 TTFT: 0.3551 초 | 
2025-12-05 04:22:17,352 - INFO - [실시간] 요청 98000개 처리 | 현재까지의 RPS: 626.65최근 1000개 request의 p99 TTFT: 1.0014 초 | 
2025-12-05 04:22:18,823 - INFO - [실시간] 요청 99000개 처리 | 현재까지의 RPS: 627.15최근 1000개 request의 p99 TTFT: 0.9867 초 | 
2025-12-05 04:22:20,341 - INFO - [실시간] 요청 100000개 처리 | 현재까지의 RPS: 627.45최근 1000개 request의 p99 TTFT: 0.4258 초 | 
2025-12-05 04:22:21,909 - INFO - [실시간] 요청 101000개 처리 | 현재까지의 RPS: 627.55최근 1000개 request의 p99 TTFT: 0.3018 초 | 
2025-12-05 04:22:23,472 - INFO - [실시간] 요청 102000개 처리 | 현재까지의 RPS: 627.67최근 1000개 request의 p99 TTFT: 0.3955 초 | 
2025-12-05 04:22:25,039 - INFO - [실시간] 요청 103000개 처리 | 현재까지의 RPS: 627.77최근 1000개 request의 p99 TTFT: 0.3710 초 | 
2025-12-05 04:22:26,673 - INFO - [실시간] 요청 104000개 처리 | 현재까지의 RPS: 627.61최근 1000개 request의 p99 TTFT: 0.7064 초 | 
2025-12-05 04:22:28,159 - INFO - [실시간] 요청 105000개 처리 | 현재까지의 RPS: 628.01최근 1000개 request의 p99 TTFT: 0.6790 초 | 
2025-12-05 04:22:29,693 - INFO - [실시간] 요청 106000개 처리 | 현재까지의 RPS: 628.23최근 1000개 request의 p99 TTFT: 0.4395 초 | 
2025-12-05 04:22:31,248 - INFO - [실시간] 요청 107000개 처리 | 현재까지의 RPS: 628.37최근 1000개 request의 p99 TTFT: 0.3379 초 | 
2025-12-05 04:22:32,788 - INFO - [실시간] 요청 108000개 처리 | 현재까지의 RPS: 628.55최근 1000개 request의 p99 TTFT: 0.3665 초 | 
2025-12-05 04:22:34,349 - INFO - [실시간] 요청 109000개 처리 | 현재까지의 RPS: 628.66최근 1000개 request의 p99 TTFT: 0.2891 초 | 
2025-12-05 04:22:35,968 - INFO - [실시간] 요청 110000개 처리 | 현재까지의 RPS: 628.56최근 1000개 request의 p99 TTFT: 0.5984 초 | 
2025-12-05 04:22:37,479 - INFO - [실시간] 요청 111000개 처리 | 현재까지의 RPS: 628.85최근 1000개 request의 p99 TTFT: 0.9648 초 | 
2025-12-05 04:22:39,005 - INFO - [실시간] 요청 112000개 처리 | 현재까지의 RPS: 629.07최근 1000개 request의 p99 TTFT: 0.7799 초 | 
2025-12-05 04:22:40,494 - INFO - [실시간] 요청 113000개 처리 | 현재까지의 RPS: 629.43최근 1000개 request의 p99 TTFT: 0.3646 초 | 
2025-12-05 04:22:42,044 - INFO - [실시간] 요청 114000개 처리 | 현재까지의 RPS: 629.56최근 1000개 request의 p99 TTFT: 0.4120 초 | 
2025-12-05 04:22:43,635 - INFO - [실시간] 요청 115000개 처리 | 현재까지의 RPS: 629.55최근 1000개 request의 p99 TTFT: 0.5036 초 | 
2025-12-05 04:22:45,371 - INFO - [실시간] 요청 116000개 처리 | 현재까지의 RPS: 629.05최근 1000개 request의 p99 TTFT: 0.6518 초 | 
2025-12-05 04:22:46,819 - INFO - [실시간] 요청 117000개 처리 | 현재까지의 RPS: 629.53최근 1000개 request의 p99 TTFT: 0.8663 초 | 
2025-12-05 04:22:48,328 - INFO - [실시간] 요청 118000개 처리 | 현재까지의 RPS: 629.80최근 1000개 request의 p99 TTFT: 0.6552 초 | 
2025-12-05 04:22:49,883 - INFO - [실시간] 요청 119000개 처리 | 현재까지의 RPS: 629.90최근 1000개 request의 p99 TTFT: 0.3543 초 | 
2025-12-05 04:22:51,437 - INFO - [실시간] 요청 120000개 처리 | 현재까지의 RPS: 630.02최근 1000개 request의 p99 TTFT: 0.4638 초 | 
2025-12-05 04:22:52,985 - INFO - [실시간] 요청 121000개 처리 | 현재까지의 RPS: 630.14최근 1000개 request의 p99 TTFT: 0.3595 초 | 
2025-12-05 04:22:54,619 - INFO - [실시간] 요청 122000개 처리 | 현재까지의 RPS: 629.99최근 1000개 request의 p99 TTFT: 0.3641 초 | 
2025-12-05 04:22:56,129 - INFO - [실시간] 요청 123000개 처리 | 현재까지의 RPS: 630.24최근 1000개 request의 p99 TTFT: 0.5496 초 | 
2025-12-05 04:22:57,740 - INFO - [실시간] 요청 124000개 처리 | 현재까지의 RPS: 630.16최근 1000개 request의 p99 TTFT: 0.4022 초 | 
2025-12-05 04:22:59,286 - INFO - [실시간] 요청 125000개 처리 | 현재까지의 RPS: 630.29최근 1000개 request의 p99 TTFT: 0.4690 초 | 
2025-12-05 04:23:00,800 - INFO - [실시간] 요청 126000개 처리 | 현재까지의 RPS: 630.52최근 1000개 request의 p99 TTFT: 0.2133 초 | 
2025-12-05 04:23:02,359 - INFO - [실시간] 요청 127000개 처리 | 현재까지의 RPS: 630.61최근 1000개 request의 p99 TTFT: 0.2094 초 | 
2025-12-05 04:23:03,942 - INFO - [실시간] 요청 128000개 처리 | 현재까지의 RPS: 630.61최근 1000개 request의 p99 TTFT: 0.2742 초 | 
2025-12-05 04:23:05,602 - INFO - [실시간] 요청 129000개 처리 | 현재까지의 RPS: 630.39최근 1000개 request의 p99 TTFT: 1.0006 초 | 
2025-12-05 04:23:07,054 - INFO - [실시간] 요청 130000개 처리 | 현재까지의 RPS: 630.80최근 1000개 request의 p99 TTFT: 1.0078 초 | 
2025-12-05 04:23:08,565 - INFO - [실시간] 요청 131000개 처리 | 현재까지의 RPS: 631.02최근 1000개 request의 p99 TTFT: 0.4383 초 | 
2025-12-05 04:23:10,031 - INFO - [실시간] 요청 132000개 처리 | 현재까지의 RPS: 631.38최근 1000개 request의 p99 TTFT: 0.2736 초 | 
2025-12-05 04:23:11,657 - INFO - [실시간] 요청 133000개 처리 | 현재까지의 RPS: 631.25최근 1000개 request의 p99 TTFT: 0.3560 초 | 
2025-12-05 04:23:13,262 - INFO - [실시간] 요청 134000개 처리 | 현재까지의 RPS: 631.19최근 1000개 request의 p99 TTFT: 0.4000 초 | 
2025-12-05 04:23:14,970 - INFO - [실시간] 요청 135000개 처리 | 현재까지의 RPS: 630.83최근 1000개 request의 p99 TTFT: 0.6894 초 | 
2025-12-05 04:23:16,354 - INFO - [실시간] 요청 136000개 처리 | 현재까지의 RPS: 631.42최근 1000개 request의 p99 TTFT: 0.7083 초 | 
2025-12-05 04:23:17,855 - INFO - [실시간] 요청 137000개 처리 | 현재까지의 RPS: 631.66최근 1000개 request의 p99 TTFT: 0.4413 초 | 
2025-12-05 04:23:19,324 - INFO - [실시간] 요청 138000개 처리 | 현재까지의 RPS: 631.99최근 1000개 request의 p99 TTFT: 0.4044 초 | 
2025-12-05 04:23:20,931 - INFO - [실시간] 요청 139000개 처리 | 현재까지의 RPS: 631.92최근 1000개 request의 p99 TTFT: 0.4642 초 | 
2025-12-05 04:23:22,431 - INFO - [실시간] 요청 140000개 처리 | 현재까지의 RPS: 632.15최근 1000개 request의 p99 TTFT: 0.5115 초 | 
2025-12-05 04:23:24,183 - INFO - [실시간] 요청 141000개 처리 | 현재까지의 RPS: 631.67최근 1000개 request의 p99 TTFT: 0.7228 초 | 
2025-12-05 04:23:25,663 - INFO - [실시간] 요청 142000개 처리 | 현재까지의 RPS: 631.96최근 1000개 request의 p99 TTFT: 1.0651 초 | 
2025-12-05 04:23:27,158 - INFO - [실시간] 요청 143000개 처리 | 현재까지의 RPS: 632.20최근 1000개 request의 p99 TTFT: 0.8012 초 | 
2025-12-05 04:23:28,664 - INFO - [실시간] 요청 144000개 처리 | 현재까지의 RPS: 632.42최근 1000개 request의 p99 TTFT: 0.4710 초 | 
2025-12-05 04:23:30,218 - INFO - [실시간] 요청 145000개 처리 | 현재까지의 RPS: 632.49최근 1000개 request의 p99 TTFT: 0.2056 초 | 
2025-12-05 04:23:31,735 - INFO - [실시간] 요청 146000개 처리 | 현재까지의 RPS: 632.67최근 1000개 request의 p99 TTFT: 0.2342 초 | 
2025-12-05 04:23:33,502 - INFO - [실시간] 요청 147000개 처리 | 현재까지의 RPS: 632.16최근 1000개 request의 p99 TTFT: 0.4015 초 | 
2025-12-05 04:23:35,047 - INFO - [실시간] 요청 148000개 처리 | 현재까지의 RPS: 632.26최근 1000개 request의 p99 TTFT: 0.6871 초 | 
2025-12-05 04:23:36,504 - INFO - [실시간] 요청 149000개 처리 | 현재까지의 RPS: 632.59최근 1000개 request의 p99 TTFT: 0.5614 초 | 
2025-12-05 04:23:38,058 - INFO - [실시간] 요청 150000개 처리 | 현재까지의 RPS: 632.66최근 1000개 request의 p99 TTFT: 0.3228 초 | 
2025-12-05 04:23:39,551 - INFO - [실시간] 요청 151000개 처리 | 현재까지의 RPS: 632.90최근 1000개 request의 p99 TTFT: 0.2848 초 | 
2025-12-05 04:23:41,000 - INFO - [실시간] 요청 152000개 처리 | 현재까지의 RPS: 633.24최근 1000개 request의 p99 TTFT: 0.3304 초 | 
2025-12-05 04:23:42,667 - INFO - [실시간] 요청 153000개 처리 | 현재까지의 RPS: 633.01최근 1000개 request의 p99 TTFT: 0.3077 초 | 
2025-12-05 04:23:44,309 - INFO - [실시간] 요청 154000개 처리 | 현재까지의 RPS: 632.85최근 1000개 request의 p99 TTFT: 0.8527 초 | 
2025-12-05 04:23:45,759 - INFO - [실시간] 요청 155000개 처리 | 현재까지의 RPS: 633.19최근 1000개 request의 p99 TTFT: 0.8336 초 | 
2025-12-05 04:23:47,267 - INFO - [실시간] 요청 156000개 처리 | 현재까지의 RPS: 633.37최근 1000개 request의 p99 TTFT: 0.3254 초 | 
2025-12-05 04:23:48,821 - INFO - [실시간] 요청 157000개 처리 | 현재까지의 RPS: 633.43최근 1000개 request의 p99 TTFT: 0.2266 초 | 
2025-12-05 04:23:50,453 - INFO - [실시간] 요청 158000개 처리 | 현재까지의 RPS: 633.30최근 1000개 request의 p99 TTFT: 0.2800 초 | 
2025-12-05 04:23:52,061 - INFO - [실시간] 요청 159000개 처리 | 현재까지의 RPS: 633.23최근 1000개 request의 p99 TTFT: 0.4404 초 | 
2025-12-05 04:23:53,664 - INFO - [실시간] 요청 160000개 처리 | 현재까지의 RPS: 633.17최근 1000개 request의 p99 TTFT: 1.0961 초 | 
2025-12-05 04:23:55,082 - INFO - [실시간] 요청 161000개 처리 | 현재까지의 RPS: 633.57최근 1000개 request의 p99 TTFT: 1.2698 초 | 
2025-12-05 04:23:56,516 - INFO - [실시간] 요청 162000개 처리 | 현재까지의 RPS: 633.93최근 1000개 request의 p99 TTFT: 0.9666 초 | 
2025-12-05 04:23:58,069 - INFO - [실시간] 요청 163000개 처리 | 현재까지의 RPS: 633.98최근 1000개 request의 p99 TTFT: 0.4801 초 | 
2025-12-05 04:23:59,610 - INFO - [실시간] 요청 164000개 처리 | 현재까지의 RPS: 634.08최근 1000개 request의 p99 TTFT: 0.3905 초 | 
2025-12-05 04:24:01,264 - INFO - [실시간] 요청 165000개 처리 | 현재까지의 RPS: 633.89최근 1000개 request의 p99 TTFT: 0.2374 초 | 
2025-12-05 04:24:02,885 - INFO - [실시간] 요청 166000개 처리 | 현재까지의 RPS: 633.78최근 1000개 request의 p99 TTFT: 0.7156 초 | 
2025-12-05 04:24:04,318 - INFO - [실시간] 요청 167000개 처리 | 현재까지의 RPS: 634.13최근 1000개 request의 p99 TTFT: 0.6769 초 | 
2025-12-05 04:24:05,888 - INFO - [실시간] 요청 168000개 처리 | 현재까지의 RPS: 634.15최근 1000개 request의 p99 TTFT: 0.3920 초 | 
2025-12-05 04:24:07,418 - INFO - [실시간] 요청 169000개 처리 | 현재까지의 RPS: 634.26최근 1000개 request의 p99 TTFT: 0.4856 초 | 
2025-12-05 04:24:08,960 - INFO - [실시간] 요청 170000개 처리 | 현재까지의 RPS: 634.34최근 1000개 request의 p99 TTFT: 0.3587 초 | 
2025-12-05 04:24:10,535 - INFO - [실시간] 요청 171000개 처리 | 현재까지의 RPS: 634.34최근 1000개 request의 p99 TTFT: 0.3006 초 | 
2025-12-05 04:24:12,234 - INFO - [실시간] 요청 172000개 처리 | 현재까지의 RPS: 634.06최근 1000개 request의 p99 TTFT: 0.7579 초 | 
2025-12-05 04:24:13,638 - INFO - [실시간] 요청 173000개 처리 | 현재까지의 RPS: 634.46최근 1000개 request의 p99 TTFT: 1.3483 초 | 
2025-12-05 04:24:15,062 - INFO - [실시간] 요청 174000개 처리 | 현재까지의 RPS: 634.81최근 1000개 request의 p99 TTFT: 1.2090 초 | 
2025-12-05 04:24:16,676 - INFO - [실시간] 요청 175000개 처리 | 현재까지의 RPS: 634.72최근 1000개 request의 p99 TTFT: 0.2127 초 | 
2025-12-05 04:24:18,285 - INFO - [실시간] 요청 176000개 처리 | 현재까지의 RPS: 634.65최근 1000개 request의 p99 TTFT: 0.2090 초 | 
2025-12-05 04:24:20,006 - INFO - [실시간] 요청 177000개 처리 | 현재까지의 RPS: 634.32최근 1000개 request의 p99 TTFT: 0.2296 초 | 
2025-12-05 04:24:21,571 - INFO - [실시간] 요청 178000개 처리 | 현재까지의 RPS: 634.34최근 1000개 request의 p99 TTFT: 0.7430 초 | 
2025-12-05 04:24:22,992 - INFO - [실시간] 요청 179000개 처리 | 현재까지의 RPS: 634.69최근 1000개 request의 p99 TTFT: 1.2085 초 | 
2025-12-05 04:24:24,522 - INFO - [실시간] 요청 180000개 처리 | 현재까지의 RPS: 634.79최근 1000개 request의 p99 TTFT: 0.4991 초 | 
2025-12-05 04:24:26,117 - INFO - [실시간] 요청 181000개 처리 | 현재까지의 RPS: 634.75최근 1000개 request의 p99 TTFT: 0.2075 초 | 
2025-12-05 04:24:27,651 - INFO - [실시간] 요청 182000개 처리 | 현재까지의 RPS: 634.84최근 1000개 request의 p99 TTFT: 0.2078 초 | 
2025-12-05 04:24:29,149 - INFO - [실시간] 요청 183000개 처리 | 현재까지의 RPS: 635.01최근 1000개 request의 p99 TTFT: 0.4646 초 | 
2025-12-05 04:24:30,788 - INFO - [실시간] 요청 184000개 처리 | 현재까지의 RPS: 634.87최근 1000개 request의 p99 TTFT: 0.5071 초 | 
2025-12-05 04:24:32,259 - INFO - [실시간] 요청 185000개 처리 | 현재까지의 RPS: 635.10최근 1000개 request의 p99 TTFT: 1.1134 초 | 
2025-12-05 04:24:33,719 - INFO - [실시간] 요청 186000개 처리 | 현재까지의 RPS: 635.35최근 1000개 request의 p99 TTFT: 1.0592 초 | 
2025-12-05 04:24:35,183 - INFO - [실시간] 요청 187000개 처리 | 현재까지의 RPS: 635.58최근 1000개 request의 p99 TTFT: 0.3546 초 | 
2025-12-05 04:24:36,665 - INFO - [실시간] 요청 188000개 처리 | 현재까지의 RPS: 635.78최근 1000개 request의 p99 TTFT: 0.2248 초 | 
2025-12-05 04:24:38,250 - INFO - [실시간] 요청 189000개 처리 | 현재까지의 RPS: 635.75최근 1000개 request의 p99 TTFT: 0.2263 초 | 
2025-12-05 04:24:39,977 - INFO - [실시간] 요청 190000개 처리 | 현재까지의 RPS: 635.43최근 1000개 request의 p99 TTFT: 0.4197 초 | 
2025-12-05 04:24:41,434 - INFO - [실시간] 요청 191000개 처리 | 현재까지의 RPS: 635.67최근 1000개 request의 p99 TTFT: 0.6204 초 | 
2025-12-05 04:24:42,967 - INFO - [실시간] 요청 192000개 처리 | 현재까지의 RPS: 635.76최근 1000개 request의 p99 TTFT: 0.2735 초 | 
2025-12-05 04:24:44,539 - INFO - [실시간] 요청 193000개 처리 | 현재까지의 RPS: 635.76최근 1000개 request의 p99 TTFT: 0.2155 초 | 
2025-12-05 04:24:46,149 - INFO - [실시간] 요청 194000개 처리 | 현재까지의 RPS: 635.68최근 1000개 request의 p99 TTFT: 0.2140 초 | 
2025-12-05 04:24:47,646 - INFO - [실시간] 요청 195000개 처리 | 현재까지의 RPS: 635.84최근 1000개 request의 p99 TTFT: 0.5559 초 | 
2025-12-05 04:24:49,189 - INFO - [실시간] 요청 196000개 처리 | 현재까지의 RPS: 635.90최근 1000개 request의 p99 TTFT: 0.5368 초 | 
2025-12-05 04:24:50,754 - INFO - [실시간] 요청 197000개 처리 | 현재까지의 RPS: 635.92최근 1000개 request의 p99 TTFT: 0.8811 초 | 
2025-12-05 04:24:52,334 - INFO - [실시간] 요청 198000개 처리 | 현재까지의 RPS: 635.90최근 1000개 request의 p99 TTFT: 0.8122 초 | 
2025-12-05 04:24:53,856 - INFO - [실시간] 요청 199000개 처리 | 현재까지의 RPS: 636.00최근 1000개 request의 p99 TTFT: 0.2051 초 | 
2025-12-05 04:24:55,400 - INFO - [실시간] 요청 200000개 처리 | 현재까지의 RPS: 636.06최근 1000개 request의 p99 TTFT: 0.3965 초 | 
2025-12-05 04:24:57,012 - INFO - [실시간] 요청 201000개 처리 | 현재까지의 RPS: 635.98최근 1000개 request의 p99 TTFT: 0.2138 초 | 
2025-12-05 04:24:58,591 - INFO - [실시간] 요청 202000개 처리 | 현재까지의 RPS: 635.97최근 1000개 request의 p99 TTFT: 0.3240 초 | 
2025-12-05 04:25:00,203 - INFO - [실시간] 요청 203000개 처리 | 현재까지의 RPS: 635.89최근 1000개 request의 p99 TTFT: 0.7086 초 | 
2025-12-05 04:25:01,672 - INFO - [실시간] 요청 204000개 처리 | 현재까지의 RPS: 636.10최근 1000개 request의 p99 TTFT: 0.6910 초 | 
2025-12-05 04:25:03,275 - INFO - [실시간] 요청 205000개 처리 | 현재까지의 RPS: 636.03최근 1000개 request의 p99 TTFT: 0.4275 초 | 
2025-12-05 04:25:04,816 - INFO - [실시간] 요청 206000개 처리 | 현재까지의 RPS: 636.10최근 1000개 request의 p99 TTFT: 0.4536 초 | 
2025-12-05 04:25:06,333 - INFO - [실시간] 요청 207000개 처리 | 현재까지의 RPS: 636.20최근 1000개 request의 p99 TTFT: 0.2135 초 | 
2025-12-05 04:25:08,020 - INFO - [실시간] 요청 208000개 처리 | 현재까지의 RPS: 635.98최근 1000개 request의 p99 TTFT: 0.2701 초 | 
2025-12-05 04:25:09,628 - INFO - [실시간] 요청 209000개 처리 | 현재까지의 RPS: 635.91최근 1000개 request의 p99 TTFT: 0.7532 초 | 
2025-12-05 04:25:11,016 - INFO - [실시간] 요청 210000개 처리 | 현재까지의 RPS: 636.27최근 1000개 request의 p99 TTFT: 1.1108 초 | 
통계에 반영된 요청 인덱스 범위: 4000 ~ 210000 (총 206000개 요청)
통계 반영된 요청 수: 206000, 통계 반영된 시간: 319.79 초

==================================================
 실험 최종 결과 요약
==================================================
 설정 실험 시간: 330 초
 Clients 수: 7000
 통계 반영 시간: 319.79 초
 총 시도된 요청: 206000 개
 총 완료된 요청: 206000 개
 총 실패한 요청: 0 개
 완료 요청 중 retrieval이 실패한 요청: -4606 개
 요청 성공률: 100.00%
 전체 Requests Per Second (RPS): 644.17
--------------------------------------------------
 Time to First Token (TTFT) Latency:
  - 평균 (Mean): 0.1470 초
  - 중간값 (50%ile): 0.1159 초
  - 최소값 (Min): 0.0171 초
  - 최대값 (Max): 4.1253 초
  - 95%ile Tail: 0.3742 초
  - 99%ile Tail: 0.7784 초
--------------------------------------------------
 Time Per Output Token (TPOT):
  - 평균 (Mean): 16.82 ms/token
--------------------------------------------------
 Embedding Latency:
  - 총 샘플 수: 206000
  - 평균 (Mean): 7.60 ms
  - 중간값 (50%ile): 6.00 ms
  - 95%ile Tail: 14.00 ms
  - 99%ile Tail: 35.00 ms
--------------------------------------------------
 VectorDB Search Latency:
  - 총 샘플 수: 206000
  - 평균 (Mean): 59.46 ms
  - 중간값 (50%ile): 26.00 ms
  - 95%ile Tail: 210.00 ms
  - 99%ile Tail: 644.00 ms
--------------------------------------------------
 Document Search Latency:
  - 총 샘플 수: 206000
  - 평균 (Mean): 13.20 ms
  - 중간값 (50%ile): 7.00 ms
  - 95%ile Tail: 40.00 ms
  - 99%ile Tail: 84.00 ms
--------------------------------------------------
 Total Retrieval Latency:
  - 총 샘플 수: 206000
  - 평균 (Mean): 80.28 ms
  - 중간값 (50%ile): 42.00 ms
  - 95%ile Tail: 274.00 ms
  - 99%ile Tail: 693.00 ms
==================================================
