2025-12-05 04:13:38,956 - INFO - ReqGen 시작: 서버=163.152.48.109:9000, 클라이언트=1000, 시간=330초
2025-12-05 04:13:38,956 - INFO - Hugging Face에서 'kroshan/BioASQ' 데이터셋을 로드합니다...
2025-12-05 04:13:44,318 - INFO - 3266개의 질문을 로드했습니다.
2025-12-05 04:13:44,319 - INFO - 부하 테스트 시작, client 수 = 1000
2025-12-05 04:13:59,507 - INFO - [실시간] 요청 1000개 처리 | 현재까지의 RPS: 65.84최근 1000개 request의 p99 TTFT: 0.1889 초 | 
2025-12-05 04:14:09,434 - INFO - [실시간] 요청 2000개 처리 | 현재까지의 RPS: 79.63최근 1000개 request의 p99 TTFT: 0.1715 초 | 
2025-12-05 04:14:20,267 - INFO - [실시간] 요청 3000개 처리 | 현재까지의 RPS: 83.45최근 1000개 request의 p99 TTFT: 0.1699 초 | 
2025-12-05 04:14:31,088 - INFO - [실시간] 요청 4000개 처리 | 현재까지의 RPS: 85.53최근 1000개 request의 p99 TTFT: 0.1721 초 | 
2025-12-05 04:14:42,083 - INFO - [실시간] 요청 5000개 처리 | 현재까지의 RPS: 86.56최근 1000개 request의 p99 TTFT: 0.1749 초 | 
2025-12-05 04:14:52,310 - INFO - [실시간] 요청 6000개 처리 | 현재까지의 RPS: 88.25최근 1000개 request의 p99 TTFT: 0.1894 초 | 
2025-12-05 04:15:03,320 - INFO - [실시간] 요청 7000개 처리 | 현재까지의 RPS: 88.61최근 1000개 request의 p99 TTFT: 0.1770 초 | 
2025-12-05 04:15:13,736 - INFO - [실시간] 요청 8000개 처리 | 현재까지의 RPS: 89.47최근 1000개 request의 p99 TTFT: 0.1830 초 | 
2025-12-05 04:15:24,620 - INFO - [실시간] 요청 9000개 처리 | 현재까지의 RPS: 89.73최근 1000개 request의 p99 TTFT: 0.1902 초 | 
2025-12-05 04:15:35,412 - INFO - [실시간] 요청 10000개 처리 | 현재까지의 RPS: 90.01최근 1000개 request의 p99 TTFT: 0.1742 초 | 
2025-12-05 04:15:45,742 - INFO - [실시간] 요청 11000개 처리 | 현재까지의 RPS: 90.59최근 1000개 request의 p99 TTFT: 0.1702 초 | 
2025-12-05 04:15:56,427 - INFO - [실시간] 요청 12000개 처리 | 현재까지의 RPS: 90.83최근 1000개 request의 p99 TTFT: 0.1705 초 | 
2025-12-05 04:16:07,262 - INFO - [실시간] 요청 13000개 처리 | 현재까지의 RPS: 90.95최근 1000개 request의 p99 TTFT: 0.2103 초 | 
2025-12-05 04:16:18,493 - INFO - [실시간] 요청 14000개 처리 | 현재까지의 RPS: 90.81최근 1000개 request의 p99 TTFT: 0.1742 초 | 
2025-12-05 04:16:29,018 - INFO - [실시간] 요청 15000개 처리 | 현재까지의 RPS: 91.08최근 1000개 request의 p99 TTFT: 0.1696 초 | 
2025-12-05 04:16:40,005 - INFO - [실시간] 요청 16000개 처리 | 현재까지의 RPS: 91.07최근 1000개 request의 p99 TTFT: 0.1733 초 | 
2025-12-05 04:16:50,693 - INFO - [실시간] 요청 17000개 처리 | 현재까지의 RPS: 91.21최근 1000개 request의 p99 TTFT: 0.1688 초 | 
2025-12-05 04:17:01,478 - INFO - [실시간] 요청 18000개 처리 | 현재까지의 RPS: 91.30최근 1000개 request의 p99 TTFT: 0.1729 초 | 
2025-12-05 04:17:12,605 - INFO - [실시간] 요청 19000개 처리 | 현재까지의 RPS: 91.22최근 1000개 request의 p99 TTFT: 0.1704 초 | 
2025-12-05 04:17:22,830 - INFO - [실시간] 요청 20000개 처리 | 현재까지의 RPS: 91.53최근 1000개 request의 p99 TTFT: 0.1701 초 | 
2025-12-05 04:17:33,183 - INFO - [실시간] 요청 21000개 처리 | 현재까지의 RPS: 91.76최근 1000개 request의 p99 TTFT: 0.1871 초 | 
2025-12-05 04:17:44,253 - INFO - [실시간] 요청 22000개 처리 | 현재까지의 RPS: 91.69최근 1000개 request의 p99 TTFT: 0.1699 초 | 
2025-12-05 04:17:55,155 - INFO - [실시간] 요청 23000개 처리 | 현재까지의 RPS: 91.69최근 1000개 request의 p99 TTFT: 0.1703 초 | 
2025-12-05 04:18:05,489 - INFO - [실시간] 요청 24000개 처리 | 현재까지의 RPS: 91.89최근 1000개 request의 p99 TTFT: 0.1725 초 | 
2025-12-05 04:18:16,450 - INFO - [실시간] 요청 25000개 처리 | 현재까지의 RPS: 91.87최근 1000개 request의 p99 TTFT: 0.1664 초 | 
2025-12-05 04:18:26,788 - INFO - [실시간] 요청 26000개 처리 | 현재까지의 RPS: 92.05최근 1000개 request의 p99 TTFT: 0.1753 초 | 
2025-12-05 04:18:37,835 - INFO - [실시간] 요청 27000개 처리 | 현재까지의 RPS: 91.99최근 1000개 request의 p99 TTFT: 0.1702 초 | 
2025-12-05 04:18:48,346 - INFO - [실시간] 요청 28000개 처리 | 현재까지의 RPS: 92.10최근 1000개 request의 p99 TTFT: 0.1690 초 | 
2025-12-05 04:18:59,262 - INFO - [실시간] 요청 29000개 처리 | 현재까지의 RPS: 92.08최근 1000개 request의 p99 TTFT: 0.1735 초 | 
2025-12-05 04:19:09,779 - INFO - [실시간] 요청 30000개 처리 | 현재까지의 RPS: 92.18최근 1000개 request의 p99 TTFT: 0.1713 초 | 
통계에 반영된 요청 인덱스 범위: 1000 ~ 30502 (총 29502개 요청)
statistics_end_time이 설정되지 않았습니다.
통계 반영된 요청 수: 29502, 통계 반영된 시간: 350.11 초

==================================================
 실험 최종 결과 요약
==================================================
 설정 실험 시간: 330 초
 Clients 수: 1000
 통계 반영 시간: 350.11 초
 총 시도된 요청: 29502 개
 총 완료된 요청: 29502 개
 총 실패한 요청: 0 개
 완료 요청 중 retrieval이 실패한 요청: -1000 개
 요청 성공률: 100.00%
 전체 Requests Per Second (RPS): 84.26
--------------------------------------------------
 Time to First Token (TTFT) Latency:
  - 평균 (Mean): 0.0867 초
  - 중간값 (50%ile): 0.0814 초
  - 최소값 (Min): 0.0205 초
  - 최대값 (Max): 1.0979 초
  - 95%ile Tail: 0.1543 초
  - 99%ile Tail: 0.1735 초
--------------------------------------------------
 Time Per Output Token (TPOT):
  - 평균 (Mean): 16.69 ms/token
--------------------------------------------------
 Embedding Latency:
  - 총 샘플 수: 29502
  - 평균 (Mean): 7.44 ms
  - 중간값 (50%ile): 7.00 ms
  - 95%ile Tail: 10.00 ms
  - 99%ile Tail: 12.00 ms
--------------------------------------------------
 VectorDB Search Latency:
  - 총 샘플 수: 29502
  - 평균 (Mean): 9.65 ms
  - 중간값 (50%ile): 9.00 ms
  - 95%ile Tail: 14.00 ms
  - 99%ile Tail: 17.00 ms
--------------------------------------------------
 Document Search Latency:
  - 총 샘플 수: 29502
  - 평균 (Mean): 7.26 ms
  - 중간값 (50%ile): 7.00 ms
  - 95%ile Tail: 11.00 ms
  - 99%ile Tail: 15.00 ms
--------------------------------------------------
 Total Retrieval Latency:
  - 총 샘플 수: 29502
  - 평균 (Mean): 24.36 ms
  - 중간값 (50%ile): 23.00 ms
  - 95%ile Tail: 31.00 ms
  - 99%ile Tail: 37.00 ms
==================================================
