2025-12-05 04:25:33,955 - INFO - ReqGen 시작: 서버=163.152.48.109:9000, 클라이언트=8000, 시간=330초
2025-12-05 04:25:33,955 - INFO - Hugging Face에서 'kroshan/BioASQ' 데이터셋을 로드합니다...
2025-12-05 04:25:39,588 - INFO - 3266개의 질문을 로드했습니다.
2025-12-05 04:25:39,588 - INFO - 부하 테스트 시작, client 수 = 8000
2025-12-05 04:25:42,980 - INFO - [실시간] 요청 1000개 처리 | 현재까지의 RPS: 294.79최근 1000개 request의 p99 TTFT: 0.4402 초 | 
2025-12-05 04:25:45,043 - INFO - [실시간] 요청 2000개 처리 | 현재까지의 RPS: 366.67최근 1000개 request의 p99 TTFT: 0.2329 초 | 
2025-12-05 04:25:47,005 - INFO - [실시간] 요청 3000개 처리 | 현재까지의 RPS: 404.47최근 1000개 request의 p99 TTFT: 0.2020 초 | 
2025-12-05 04:25:48,815 - INFO - [실시간] 요청 4000개 처리 | 현재까지의 RPS: 433.51최근 1000개 request의 p99 TTFT: 0.2975 초 | 
2025-12-05 04:25:50,405 - INFO - [실시간] 요청 5000개 처리 | 현재까지의 RPS: 462.25최근 1000개 request의 p99 TTFT: 0.3617 초 | 
2025-12-05 04:25:51,942 - INFO - [실시간] 요청 6000개 처리 | 현재까지의 RPS: 485.68최근 1000개 request의 p99 TTFT: 0.4704 초 | 
2025-12-05 04:25:53,491 - INFO - [실시간] 요청 7000개 처리 | 현재까지의 RPS: 503.49최근 1000개 request의 p99 TTFT: 0.5310 초 | 
2025-12-05 04:25:54,913 - INFO - [실시간] 요청 8000개 처리 | 현재까지의 RPS: 522.03최근 1000개 request의 p99 TTFT: 1.2206 초 | 
2025-12-05 04:25:56,336 - INFO - [실시간] 요청 9000개 처리 | 현재까지의 RPS: 537.39최근 1000개 request의 p99 TTFT: 1.9010 초 | 
2025-12-05 04:25:57,703 - INFO - [실시간] 요청 10000개 처리 | 현재까지의 RPS: 552.05최근 1000개 request의 p99 TTFT: 2.1177 초 | 
2025-12-05 04:25:59,080 - INFO - [실시간] 요청 11000개 처리 | 현재까지의 RPS: 564.34최근 1000개 request의 p99 TTFT: 2.6949 초 | 
2025-12-05 04:26:00,442 - INFO - [실시간] 요청 12000개 처리 | 현재까지의 RPS: 575.43최근 1000개 request의 p99 TTFT: 2.5022 초 | 
2025-12-05 04:26:01,766 - INFO - [실시간] 요청 13000개 처리 | 현재까지의 RPS: 586.17최근 1000개 request의 p99 TTFT: 3.3989 초 | 
2025-12-05 04:26:03,049 - INFO - [실시간] 요청 14000개 처리 | 현재까지의 RPS: 596.74최근 1000개 request의 p99 TTFT: 5.9465 초 | 
2025-12-05 04:26:03,049 - WARNING - 최근 1000개의 p99 TTFT 5.9465 초가 SLO 의 4배 (4.0 초)를 초과했습니다. 부하 테스트를 조기 종료합니다.
2025-12-05 04:26:04,886 - INFO - [실시간] 요청 15000개 처리 | 현재까지의 RPS: 592.94최근 1000개 request의 p99 TTFT: 7.2307 초 | 
통계에 반영된 요청 인덱스 범위: 5000 ~ 14000 (총 9000개 요청)
통계 반영된 요청 수: 9000, 통계 반영된 시간: 12.64 초

==================================================
 실험 최종 결과 요약
==================================================
 부하 테스트가 조기 종료되었습니다! (SLO 위반)
 Client 수를 낮추어 다시 시도하세요.
 설정 실험 시간: 330 초
 Clients 수: 8000
 통계 반영 시간: 12.64 초
 총 시도된 요청: 9000 개
 총 완료된 요청: 9000 개
 총 실패한 요청: 0 개
 완료 요청 중 retrieval이 실패한 요청: -6107 개
 요청 성공률: 100.00%
 전체 Requests Per Second (RPS): 711.78
--------------------------------------------------
 Time to First Token (TTFT) Latency:
  - 평균 (Mean): 0.4568 초
  - 중간값 (50%ile): 0.2880 초
  - 최소값 (Min): 0.0236 초
  - 최대값 (Max): 6.8544 초
  - 95%ile Tail: 1.3918 초
  - 99%ile Tail: 2.9236 초
--------------------------------------------------
 Time Per Output Token (TPOT):
  - 평균 (Mean): 16.92 ms/token
--------------------------------------------------
 Embedding Latency:
  - 총 샘플 수: 9000
  - 평균 (Mean): 7.54 ms
  - 중간값 (50%ile): 6.00 ms
  - 95%ile Tail: 17.00 ms
  - 99%ile Tail: 35.00 ms
--------------------------------------------------
 VectorDB Search Latency:
  - 총 샘플 수: 9000
  - 평균 (Mean): 356.89 ms
  - 중간값 (50%ile): 197.00 ms
  - 95%ile Tail: 1232.05 ms
  - 99%ile Tail: 2827.20 ms
--------------------------------------------------
 Document Search Latency:
  - 총 샘플 수: 9000
  - 평균 (Mean): 22.23 ms
  - 중간값 (50%ile): 11.00 ms
  - 95%ile Tail: 69.00 ms
  - 99%ile Tail: 132.02 ms
--------------------------------------------------
 Total Retrieval Latency:
  - 총 샘플 수: 9000
  - 평균 (Mean): 386.67 ms
  - 중간값 (50%ile): 218.00 ms
  - 95%ile Tail: 1300.00 ms
  - 99%ile Tail: 2886.04 ms
==================================================
