2025-12-04 23:56:31,789 - INFO - ReqGen 시작: 서버=163.152.48.109:9000, 클라이언트=2, 시간=330초
2025-12-04 23:56:31,789 - INFO - Hugging Face에서 'kroshan/BioASQ' 데이터셋을 로드합니다...
2025-12-04 23:56:37,990 - INFO - 3266개의 질문을 로드했습니다.
2025-12-04 23:56:37,990 - INFO - 부하 테스트 시작, client 수 = 2
2025-12-04 23:56:37,991 - INFO - 클라이언트 0 시작
2025-12-04 23:56:37,991 - INFO - 클라이언트 0 요청: 질문 인덱스 2981
2025-12-04 23:56:37,991 - INFO - 클라이언트 1 시작
2025-12-04 23:56:37,991 - INFO - 클라이언트 1 요청: 질문 인덱스 3214
2025-12-04 23:56:50,661 - INFO - 클라이언트 1 요청: 질문 인덱스 2430
2025-12-04 23:57:08,107 - INFO - 클라이언트 1 요청: 질문 인덱스 2833
2025-12-04 23:57:09,022 - INFO - 클라이언트 0 요청: 질문 인덱스 2703
2025-12-04 23:57:13,294 - INFO - 클라이언트 1 요청: 질문 인덱스 2584
2025-12-04 23:57:24,106 - INFO - 클라이언트 1 요청: 질문 인덱스 1589
2025-12-04 23:57:39,612 - INFO - 클라이언트 1 요청: 질문 인덱스 252
2025-12-04 23:57:40,023 - INFO - 클라이언트 0 요청: 질문 인덱스 2107
2025-12-04 23:57:55,808 - INFO - 클라이언트 1 요청: 질문 인덱스 453
2025-12-04 23:58:11,023 - INFO - 클라이언트 0 요청: 질문 인덱스 355
2025-12-04 23:58:15,211 - INFO - 클라이언트 1 요청: 질문 인덱스 80
2025-12-04 23:58:27,441 - INFO - 클라이언트 1 요청: 질문 인덱스 3211
2025-12-04 23:58:34,560 - INFO - 클라이언트 1 요청: 질문 인덱스 1473
2025-12-04 23:58:42,023 - INFO - 클라이언트 0 요청: 질문 인덱스 1090
2025-12-04 23:58:46,240 - INFO - 클라이언트 1 요청: 질문 인덱스 436
2025-12-04 23:58:57,809 - INFO - 클라이언트 1 요청: 질문 인덱스 532
2025-12-04 23:59:10,076 - INFO - 클라이언트 1 요청: 질문 인덱스 1165
2025-12-04 23:59:13,022 - INFO - 클라이언트 0 요청: 질문 인덱스 388
2025-12-04 23:59:20,473 - INFO - 클라이언트 1 요청: 질문 인덱스 1606
2025-12-04 23:59:33,960 - INFO - 클라이언트 1 요청: 질문 인덱스 939
2025-12-04 23:59:42,970 - INFO - 클라이언트 1 요청: 질문 인덱스 2394
2025-12-04 23:59:44,023 - INFO - 클라이언트 0 요청: 질문 인덱스 2827
2025-12-04 23:59:48,385 - INFO - 클라이언트 1 요청: 질문 인덱스 1665
2025-12-04 23:59:59,518 - INFO - 클라이언트 1 요청: 질문 인덱스 2556
2025-12-05 00:00:04,071 - INFO - 클라이언트 1 요청: 질문 인덱스 839
2025-12-05 00:00:11,779 - INFO - 클라이언트 1 요청: 질문 인덱스 392
2025-12-05 00:00:15,022 - INFO - 클라이언트 0 요청: 질문 인덱스 452
2025-12-05 00:00:19,899 - INFO - 클라이언트 1 요청: 질문 인덱스 900
2025-12-05 00:00:37,819 - INFO - 클라이언트 1 요청: 질문 인덱스 212
2025-12-05 00:00:46,023 - INFO - 클라이언트 0 요청: 질문 인덱스 1369
2025-12-05 00:00:56,694 - INFO - 클라이언트 1 요청: 질문 인덱스 346
2025-12-05 00:00:59,014 - INFO - 클라이언트 1 요청: 질문 인덱스 2389
2025-12-05 00:01:05,612 - INFO - 클라이언트 1 요청: 질문 인덱스 273
2025-12-05 00:01:17,022 - INFO - 클라이언트 0 요청: 질문 인덱스 1721
2025-12-05 00:01:18,587 - INFO - 클라이언트 1 요청: 질문 인덱스 2386
2025-12-05 00:01:34,024 - INFO - 클라이언트 1 요청: 질문 인덱스 1584
2025-12-05 00:01:48,023 - INFO - 클라이언트 0 요청: 질문 인덱스 189
2025-12-05 00:01:56,920 - INFO - 클라이언트 1 요청: 질문 인덱스 1784
통계에 반영된 요청 인덱스 범위: 0 ~ 39 (총 39개 요청)
statistics_start_time이 설정되지 않았습니다.
statistics_end_time이 설정되지 않았습니다.
통계 반영된 요청 수: 39, 통계 반영된 시간: 342.74 초

==================================================
 실험 최종 결과 요약
==================================================
 설정 실험 시간: 330 초
 Clients 수: 2
 통계 반영 시간: 342.74 초
 총 시도된 요청: 39 개
 총 완료된 요청: 39 개
 총 실패한 요청: 0 개
 완료 요청 중 retrieval이 실패한 요청: 11 개
 요청 성공률: 100.00%
 전체 Requests Per Second (RPS): 0.11
--------------------------------------------------
 Time to First Token (TTFT) Latency:
  - 평균 (Mean): 9.9345 초
  - 중간값 (50%ile): 1.8655 초
  - 최소값 (Min): 0.3080 초
  - 최대값 (Max): 31.0316 초
  - 95%ile Tail: 31.0003 초
  - 99%ile Tail: 31.0197 초
--------------------------------------------------
 Time Per Output Token (TPOT):
  - 평균 (Mean): 16.37 ms/token
--------------------------------------------------
 Embedding Latency:
  - 총 샘플 수: 39
  - 평균 (Mean): 11.72 ms
  - 중간값 (50%ile): 10.00 ms
  - 95%ile Tail: 19.50 ms
  - 99%ile Tail: 24.62 ms
--------------------------------------------------
 VectorDB Search Latency:
  - 총 샘플 수: 28
  - 평균 (Mean): 1561.68 ms
  - 중간값 (50%ile): 1517.50 ms
  - 95%ile Tail: 2519.55 ms
  - 99%ile Tail: 2945.10 ms
--------------------------------------------------
 Document Search Latency:
  - 총 샘플 수: 28
  - 평균 (Mean): 10.79 ms
  - 중간값 (50%ile): 8.00 ms
  - 95%ile Tail: 21.95 ms
  - 99%ile Tail: 29.57 ms
--------------------------------------------------
 Total Retrieval Latency:
  - 총 샘플 수: 28
  - 평균 (Mean): 1584.50 ms
  - 중간값 (50%ile): 1539.00 ms
  - 95%ile Tail: 2551.90 ms
  - 99%ile Tail: 2968.77 ms
==================================================
