2025-10-02 10:19:58,484 - INFO - ReqGen 시작: 서버=163.152.48.109:9000, 클라이언트=4875, 시간=60초
2025-10-02 10:19:58,484 - INFO - Hugging Face에서 'kroshan/BioASQ' 데이터셋을 로드합니다...
2025-10-02 10:20:05,275 - INFO - 3266개의 질문을 로드했습니다.
2025-10-02 10:20:05,276 - INFO - 부하 테스트 시작, client 수 = 4875
2025-10-02 10:20:05,277 - INFO - Zipf 값 1.2에서 상위 20%의 질문이 차지하는 비율: 91.82%
2025-10-02 10:20:08,004 - INFO - [실시간] 요청 1000개 처리 | 현재까지의 RPS: 366.66최근 1000개 request의 p99 TTFT: 0.4459 초 | 
2025-10-02 10:20:10,097 - INFO - [실시간] 요청 2000개 처리 | 현재까지의 RPS: 414.90최근 1000개 request의 p99 TTFT: 0.2400 초 | 
2025-10-02 10:20:11,815 - INFO - [실시간] 요청 3000개 처리 | 현재까지의 RPS: 458.81최근 1000개 request의 p99 TTFT: 0.7775 초 | 
2025-10-02 10:20:13,308 - INFO - [실시간] 요청 4000개 처리 | 현재까지의 RPS: 498.02최근 1000개 request의 p99 TTFT: 0.2255 초 | 
2025-10-02 10:20:14,572 - INFO - [실시간] 요청 5000개 처리 | 현재까지의 RPS: 537.89최근 1000개 request의 p99 TTFT: 0.2989 초 | 
2025-10-02 10:20:15,981 - INFO - [실시간] 요청 6000개 처리 | 현재까지의 RPS: 560.53최근 1000개 request의 p99 TTFT: 0.6469 초 | 
2025-10-02 10:20:17,363 - INFO - [실시간] 요청 7000개 처리 | 현재까지의 RPS: 579.17최근 1000개 request의 p99 TTFT: 1.1603 초 | 
2025-10-02 10:20:18,991 - INFO - [실시간] 요청 8000개 처리 | 현재까지의 RPS: 583.34최근 1000개 request의 p99 TTFT: 0.6096 초 | 
2025-10-02 10:20:20,479 - INFO - [실시간] 요청 9000개 처리 | 현재까지의 RPS: 592.02최근 1000개 request의 p99 TTFT: 0.2594 초 | 
2025-10-02 10:20:21,933 - INFO - [실시간] 요청 10000개 처리 | 현재까지의 RPS: 600.38최근 1000개 request의 p99 TTFT: 0.3966 초 | 
2025-10-02 10:20:23,361 - INFO - [실시간] 요청 11000개 처리 | 현재까지의 RPS: 608.26최근 1000개 request의 p99 TTFT: 0.2534 초 | 
2025-10-02 10:20:24,901 - INFO - [실시간] 요청 12000개 처리 | 현재까지의 RPS: 611.50최근 1000개 request의 p99 TTFT: 0.2450 초 | 
2025-10-02 10:20:26,327 - INFO - [실시간] 요청 13000개 처리 | 현재까지의 RPS: 617.57최근 1000개 request의 p99 TTFT: 0.3345 초 | 
2025-10-02 10:20:27,833 - INFO - [실시간] 요청 14000개 처리 | 현재까지의 RPS: 620.67최근 1000개 request의 p99 TTFT: 0.2224 초 | 
2025-10-02 10:20:29,344 - INFO - [실시간] 요청 15000개 처리 | 현재까지의 RPS: 623.26최근 1000개 request의 p99 TTFT: 0.3310 초 | 
2025-10-02 10:20:30,792 - INFO - [실시간] 요청 16000개 처리 | 현재까지의 RPS: 627.07최근 1000개 request의 p99 TTFT: 0.2258 초 | 
2025-10-02 10:20:32,327 - INFO - [실시간] 요청 17000개 처리 | 현재까지의 RPS: 628.45최근 1000개 request의 p99 TTFT: 0.4377 초 | 
2025-10-02 10:20:33,752 - INFO - [실시간] 요청 18000개 처리 | 현재까지의 RPS: 632.12최근 1000개 request의 p99 TTFT: 0.2288 초 | 
2025-10-02 10:20:35,333 - INFO - [실시간] 요청 19000개 처리 | 현재까지의 RPS: 632.14최근 1000개 request의 p99 TTFT: 0.4661 초 | 
2025-10-02 10:20:36,741 - INFO - [실시간] 요청 20000개 처리 | 현재까지의 RPS: 635.63최근 1000개 request의 p99 TTFT: 0.3556 초 | 
2025-10-02 10:20:38,180 - INFO - [실시간] 요청 21000개 처리 | 현재까지의 RPS: 638.22최근 1000개 request의 p99 TTFT: 0.4393 초 | 
2025-10-02 10:20:40,049 - INFO - [실시간] 요청 22000개 처리 | 현재까지의 RPS: 632.69최근 1000개 request의 p99 TTFT: 0.7191 초 | 
2025-10-02 10:20:41,239 - INFO - [실시간] 요청 23000개 처리 | 현재까지의 RPS: 639.55최근 1000개 request의 p99 TTFT: 1.3517 초 | 
2025-10-02 10:20:42,725 - INFO - [실시간] 요청 24000개 처리 | 현재까지의 RPS: 640.88최근 1000개 request의 p99 TTFT: 1.2800 초 | 
2025-10-02 10:20:44,145 - INFO - [실시간] 요청 25000개 처리 | 현재까지의 RPS: 643.20최근 1000개 request의 p99 TTFT: 0.5754 초 | 
2025-10-02 10:20:45,629 - INFO - [실시간] 요청 26000개 처리 | 현재까지의 RPS: 644.33최근 1000개 request의 p99 TTFT: 0.5487 초 | 
2025-10-02 10:20:47,203 - INFO - [실시간] 요청 27000개 처리 | 현재까지의 RPS: 643.99최근 1000개 request의 p99 TTFT: 0.2288 초 | 
2025-10-02 10:20:48,658 - INFO - [실시간] 요청 28000개 처리 | 현재까지의 RPS: 645.44최근 1000개 request의 p99 TTFT: 0.4072 초 | 
2025-10-02 10:20:50,183 - INFO - [실시간] 요청 29000개 처리 | 현재까지의 RPS: 645.79최근 1000개 request의 p99 TTFT: 0.2319 초 | 
2025-10-02 10:20:51,625 - INFO - [실시간] 요청 30000개 처리 | 현재까지의 RPS: 647.27최근 1000개 request의 p99 TTFT: 0.6006 초 | 
2025-10-02 10:20:53,012 - INFO - [실시간] 요청 31000개 처리 | 현재까지의 RPS: 649.41최근 1000개 request의 p99 TTFT: 0.2496 초 | 
2025-10-02 10:20:54,447 - INFO - [실시간] 요청 32000개 처리 | 현재까지의 RPS: 650.80최근 1000개 request의 p99 TTFT: 0.3973 초 | 
2025-10-02 10:20:55,971 - INFO - [실시간] 요청 33000개 처리 | 현재까지의 RPS: 650.96최근 1000개 request의 p99 TTFT: 0.2948 초 | 
2025-10-02 10:20:57,481 - INFO - [실시간] 요청 34000개 처리 | 현재까지의 RPS: 651.28최근 1000개 request의 p99 TTFT: 0.5008 초 | 
2025-10-02 10:20:58,994 - INFO - [실시간] 요청 35000개 처리 | 현재까지의 RPS: 651.55최근 1000개 request의 p99 TTFT: 0.2328 초 | 
2025-10-02 10:21:00,478 - INFO - [실시간] 요청 36000개 처리 | 현재까지의 RPS: 652.16최근 1000개 request의 p99 TTFT: 0.4114 초 | 
2025-10-02 10:21:02,082 - INFO - [실시간] 요청 37000개 처리 | 현재까지의 RPS: 651.34최근 1000개 request의 p99 TTFT: 0.9356 초 | 
2025-10-02 10:21:03,442 - INFO - [실시간] 요청 38000개 처리 | 현재까지의 RPS: 653.31최근 1000개 request의 p99 TTFT: 0.9894 초 | 
2025-10-02 10:21:04,829 - INFO - [실시간] 요청 39000개 처리 | 현재까지의 RPS: 654.89최근 1000개 request의 p99 TTFT: 0.3645 초 | 
통계에 반영된 요청 인덱스 범위: 0 ~ 39655 (총 39655개 요청)
통계 반영된 요청 수: 39655, 통계 반영된 시간: 79.93 초

==================================================
 실험 최종 결과 요약
==================================================
 설정 실험 시간: 60 초
 Clients 수: 4875
 통계 반영 시간: 79.93 초
 총 시도된 요청: 39655 개
 총 완료된 요청: 39655 개
 총 실패한 요청: 0 개
 완료 요청 중 retrieval이 실패한 요청: 0 개
 요청 성공률: 100.00%
 전체 Requests Per Second (RPS): 496.14
--------------------------------------------------
 Time to First Token (TTFT) Latency:
  - 평균 (Mean): 0.1482 초
  - 중간값 (50%ile): 0.1188 초
  - 최소값 (Min): 0.0239 초
  - 최대값 (Max): 1.6705 초
  - 95%ile Tail: 0.3675 초
  - 99%ile Tail: 0.7166 초
--------------------------------------------------
 Time Per Output Token (TPOT):
  - 평균 (Mean): 16.69 ms/token
--------------------------------------------------
 Embedding Latency:
  - 총 샘플 수: 39651
  - 평균 (Mean): 8.61 ms
  - 중간값 (50%ile): 6.00 ms
  - 95%ile Tail: 17.00 ms
  - 99%ile Tail: 42.00 ms
--------------------------------------------------
 VectorDB Search Latency:
  - 총 샘플 수: 39651
  - 평균 (Mean): 50.79 ms
  - 중간값 (50%ile): 25.00 ms
  - 95%ile Tail: 153.00 ms
  - 99%ile Tail: 498.50 ms
--------------------------------------------------
 Document Search Latency:
  - 총 샘플 수: 39651
  - 평균 (Mean): 15.95 ms
  - 중간값 (50%ile): 8.00 ms
  - 95%ile Tail: 50.00 ms
  - 99%ile Tail: 100.00 ms
--------------------------------------------------
 Total Retrieval Latency:
  - 총 샘플 수: 39655
  - 평균 (Mean): 75.36 ms
  - 중간값 (50%ile): 45.00 ms
  - 95%ile Tail: 220.00 ms
  - 99%ile Tail: 606.46 ms
==================================================
