2025-10-02 10:19:18,173 - INFO - ReqGen 시작: 서버=163.152.48.109:9000, 클라이언트=5250, 시간=60초
2025-10-02 10:19:18,173 - INFO - Hugging Face에서 'kroshan/BioASQ' 데이터셋을 로드합니다...
2025-10-02 10:19:25,154 - INFO - 3266개의 질문을 로드했습니다.
2025-10-02 10:19:25,155 - INFO - 부하 테스트 시작, client 수 = 5250
2025-10-02 10:19:25,155 - INFO - Zipf 값 1.2에서 상위 20%의 질문이 차지하는 비율: 91.82%
2025-10-02 10:19:27,742 - INFO - [실시간] 요청 1000개 처리 | 현재까지의 RPS: 386.47최근 1000개 request의 p99 TTFT: 0.5874 초 | 
2025-10-02 10:19:29,831 - INFO - [실시간] 요청 2000개 처리 | 현재까지의 RPS: 427.75최근 1000개 request의 p99 TTFT: 0.3074 초 | 
2025-10-02 10:19:31,341 - INFO - [실시간] 요청 3000개 처리 | 현재까지의 RPS: 484.94최근 1000개 request의 p99 TTFT: 0.6351 초 | 
2025-10-02 10:19:32,791 - INFO - [실시간] 요청 4000개 처리 | 현재까지의 RPS: 523.84최근 1000개 request의 p99 TTFT: 0.2287 초 | 
2025-10-02 10:19:34,111 - INFO - [실시간] 요청 5000개 처리 | 현재까지의 RPS: 558.28최근 1000개 request의 p99 TTFT: 0.4729 초 | 
2025-10-02 10:19:35,523 - INFO - [실시간] 요청 6000개 처리 | 현재까지의 RPS: 578.68최근 1000개 request의 p99 TTFT: 0.9324 초 | 
2025-10-02 10:19:36,733 - INFO - [실시간] 요청 7000개 처리 | 현재까지의 RPS: 604.59최근 1000개 request의 p99 TTFT: 1.4538 초 | 
2025-10-02 10:19:37,974 - INFO - [실시간] 요청 8000개 처리 | 현재까지의 RPS: 624.06최근 1000개 request의 p99 TTFT: 2.1943 초 | 
2025-10-02 10:19:37,975 - WARNING - 최근 1000개의 p99 TTFT 2.1943 초가 SLO 의 2배 (2.0 초)를 초과했습니다. 부하 테스트를 조기 종료합니다.
통계에 반영된 요청 인덱스 범위: 0 ~ 8000 (총 8000개 요청)
통계 반영된 요청 수: 8000, 통계 반영된 시간: 31.52 초

==================================================
 실험 최종 결과 요약
==================================================
 부하 테스트가 조기 종료되었습니다! (SLO 위반)
 Client 수를 낮추어 다시 시도하세요.
 설정 실험 시간: 60 초
 Clients 수: 5250
 통계 반영 시간: 31.52 초
 총 시도된 요청: 8000 개
 총 완료된 요청: 8000 개
 총 실패한 요청: 0 개
 완료 요청 중 retrieval이 실패한 요청: -469 개
 요청 성공률: 100.00%
 전체 Requests Per Second (RPS): 253.78
--------------------------------------------------
 Time to First Token (TTFT) Latency:
  - 평균 (Mean): 0.2567 초
  - 중간값 (50%ile): 0.1492 초
  - 최소값 (Min): 0.0247 초
  - 최대값 (Max): 2.3206 초
  - 95%ile Tail: 0.8899 초
  - 99%ile Tail: 1.6562 초
--------------------------------------------------
 Time Per Output Token (TPOT):
  - 평균 (Mean): 16.70 ms/token
--------------------------------------------------
 Embedding Latency:
  - 총 샘플 수: 8000
  - 평균 (Mean): 10.58 ms
  - 중간값 (50%ile): 6.00 ms
  - 95%ile Tail: 27.00 ms
  - 99%ile Tail: 67.01 ms
--------------------------------------------------
 VectorDB Search Latency:
  - 총 샘플 수: 8000
  - 평균 (Mean): 148.92 ms
  - 중간값 (50%ile): 49.00 ms
  - 95%ile Tail: 718.00 ms
  - 99%ile Tail: 1504.04 ms
--------------------------------------------------
 Document Search Latency:
  - 총 샘플 수: 8000
  - 평균 (Mean): 19.17 ms
  - 중간값 (50%ile): 10.00 ms
  - 95%ile Tail: 59.00 ms
  - 99%ile Tail: 113.02 ms
--------------------------------------------------
 Total Retrieval Latency:
  - 총 샘플 수: 8000
  - 평균 (Mean): 178.68 ms
  - 중간값 (50%ile): 73.00 ms
  - 95%ile Tail: 777.05 ms
  - 99%ile Tail: 1569.03 ms
==================================================
