2025-10-02 10:21:26,978 - INFO - ReqGen 시작: 서버=163.152.48.109:9000, 클라이언트=5062, 시간=60초
2025-10-02 10:21:26,978 - INFO - Hugging Face에서 'kroshan/BioASQ' 데이터셋을 로드합니다...
2025-10-02 10:21:33,786 - INFO - 3266개의 질문을 로드했습니다.
2025-10-02 10:21:33,786 - INFO - 부하 테스트 시작, client 수 = 5062
2025-10-02 10:21:33,787 - INFO - Zipf 값 1.2에서 상위 20%의 질문이 차지하는 비율: 91.82%
2025-10-02 10:21:36,430 - INFO - [실시간] 요청 1000개 처리 | 현재까지의 RPS: 378.28최근 1000개 request의 p99 TTFT: 0.3879 초 | 
2025-10-02 10:21:38,507 - INFO - [실시간] 요청 2000개 처리 | 현재까지의 RPS: 423.71최근 1000개 request의 p99 TTFT: 0.3001 초 | 
2025-10-02 10:21:40,148 - INFO - [실시간] 요청 3000개 처리 | 현재까지의 RPS: 471.56최근 1000개 request의 p99 TTFT: 0.8463 초 | 
2025-10-02 10:21:41,597 - INFO - [실시간] 요청 4000개 처리 | 현재까지의 RPS: 512.11최근 1000개 request의 p99 TTFT: 0.3550 초 | 
2025-10-02 10:21:42,937 - INFO - [실시간] 요청 5000개 처리 | 현재까지의 RPS: 546.45최근 1000개 request의 p99 TTFT: 0.4301 초 | 
2025-10-02 10:21:44,340 - INFO - [실시간] 요청 6000개 처리 | 현재까지의 RPS: 568.52최근 1000개 request의 p99 TTFT: 0.9705 초 | 
2025-10-02 10:21:45,617 - INFO - [실시간] 요청 7000개 처리 | 현재까지의 RPS: 591.71최근 1000개 request의 p99 TTFT: 1.2496 초 | 
2025-10-02 10:21:47,060 - INFO - [실시간] 요청 8000개 처리 | 현재까지의 RPS: 602.74최근 1000개 request의 p99 TTFT: 1.6573 초 | 
2025-10-02 10:21:48,548 - INFO - [실시간] 요청 9000개 처리 | 현재까지의 RPS: 609.72최근 1000개 request의 p99 TTFT: 0.5478 초 | 
2025-10-02 10:21:49,991 - INFO - [실시간] 요청 10000개 처리 | 현재까지의 RPS: 617.11최근 1000개 request의 p99 TTFT: 0.2727 초 | 
2025-10-02 10:21:51,411 - INFO - [실시간] 요청 11000개 처리 | 현재까지의 RPS: 624.14최근 1000개 request의 p99 TTFT: 0.2907 초 | 
2025-10-02 10:21:52,822 - INFO - [실시간] 요청 12000개 처리 | 현재까지의 RPS: 630.40최근 1000개 request의 p99 TTFT: 0.5772 초 | 
2025-10-02 10:21:54,289 - INFO - [실시간] 요청 13000개 처리 | 현재까지의 RPS: 634.07최근 1000개 request의 p99 TTFT: 0.2963 초 | 
2025-10-02 10:21:55,774 - INFO - [실시간] 요청 14000개 처리 | 현재까지의 RPS: 636.73최근 1000개 request의 p99 TTFT: 0.6328 초 | 
2025-10-02 10:21:57,165 - INFO - [실시간] 요청 15000개 처리 | 현재까지의 RPS: 641.63최근 1000개 request의 p99 TTFT: 0.4993 초 | 
2025-10-02 10:21:58,474 - INFO - [실시간] 요청 16000개 처리 | 현재까지의 RPS: 648.10최근 1000개 request의 p99 TTFT: 0.6498 초 | 
2025-10-02 10:22:00,012 - INFO - [실시간] 요청 17000개 처리 | 현재까지의 RPS: 648.23최근 1000개 request의 p99 TTFT: 0.5205 초 | 
2025-10-02 10:22:01,496 - INFO - [실시간] 요청 18000개 처리 | 현재까지의 RPS: 649.60최근 1000개 request의 p99 TTFT: 0.9502 초 | 
2025-10-02 10:22:02,859 - INFO - [실시간] 요청 19000개 처리 | 현재까지의 RPS: 653.55최근 1000개 request의 p99 TTFT: 0.9460 초 | 
2025-10-02 10:22:04,271 - INFO - [실시간] 요청 20000개 처리 | 현재까지의 RPS: 656.07최근 1000개 request의 p99 TTFT: 0.4787 초 | 
2025-10-02 10:22:05,712 - INFO - [실시간] 요청 21000개 처리 | 현재까지의 RPS: 657.79최근 1000개 request의 p99 TTFT: 0.2391 초 | 
2025-10-02 10:22:07,160 - INFO - [실시간] 요청 22000개 처리 | 현재까지의 RPS: 659.20최근 1000개 request의 p99 TTFT: 0.3801 초 | 
2025-10-02 10:22:08,532 - INFO - [실시간] 요청 23000개 처리 | 현재까지의 RPS: 661.95최근 1000개 request의 p99 TTFT: 0.4221 초 | 
2025-10-02 10:22:09,967 - INFO - [실시간] 요청 24000개 처리 | 현재까지의 RPS: 663.34최근 1000개 request의 p99 TTFT: 0.4342 초 | 
2025-10-02 10:22:11,410 - INFO - [실시간] 요청 25000개 처리 | 현재까지의 RPS: 664.48최근 1000개 request의 p99 TTFT: 0.2802 초 | 
2025-10-02 10:22:12,844 - INFO - [실시간] 요청 26000개 처리 | 현재까지의 RPS: 665.69최근 1000개 request의 p99 TTFT: 0.4637 초 | 
2025-10-02 10:22:14,289 - INFO - [실시간] 요청 27000개 처리 | 현재까지의 RPS: 666.62최근 1000개 request의 p99 TTFT: 0.2867 초 | 
2025-10-02 10:22:15,650 - INFO - [실시간] 요청 28000개 처리 | 현재까지의 RPS: 668.85최근 1000개 request의 p99 TTFT: 0.7119 초 | 
2025-10-02 10:22:17,123 - INFO - [실시간] 요청 29000개 처리 | 현재까지의 RPS: 669.18최근 1000개 request의 p99 TTFT: 0.3256 초 | 
2025-10-02 10:22:18,489 - INFO - [실시간] 요청 30000개 처리 | 현재까지의 RPS: 671.11최근 1000개 request의 p99 TTFT: 0.4496 초 | 
2025-10-02 10:22:20,008 - INFO - [실시간] 요청 31000개 처리 | 현재까지의 RPS: 670.68최근 1000개 request의 p99 TTFT: 0.2592 초 | 
2025-10-02 10:22:21,705 - INFO - [실시간] 요청 32000개 처리 | 현재까지의 RPS: 667.80최근 1000개 request의 p99 TTFT: 0.5461 초 | 
2025-10-02 10:22:22,939 - INFO - [실시간] 요청 33000개 처리 | 현재까지의 RPS: 671.37최근 1000개 request의 p99 TTFT: 1.1717 초 | 
2025-10-02 10:22:24,254 - INFO - [실시간] 요청 34000개 처리 | 현재까지의 RPS: 673.70최근 1000개 request의 p99 TTFT: 1.3388 초 | 
2025-10-02 10:22:25,662 - INFO - [실시간] 요청 35000개 처리 | 현재까지의 RPS: 674.69최근 1000개 request의 p99 TTFT: 0.6541 초 | 
2025-10-02 10:22:27,089 - INFO - [실시간] 요청 36000개 처리 | 현재까지의 RPS: 675.39최근 1000개 request의 p99 TTFT: 0.3722 초 | 
2025-10-02 10:22:28,619 - INFO - [실시간] 요청 37000개 처리 | 현재까지의 RPS: 674.79최근 1000개 request의 p99 TTFT: 0.2575 초 | 
2025-10-02 10:22:29,984 - INFO - [실시간] 요청 38000개 처리 | 현재까지의 RPS: 676.18최근 1000개 request의 p99 TTFT: 0.2925 초 | 
2025-10-02 10:22:31,386 - INFO - [실시간] 요청 39000개 처리 | 현재까지의 RPS: 677.10최근 1000개 request의 p99 TTFT: 0.5472 초 | 
2025-10-02 10:22:32,840 - INFO - [실시간] 요청 40000개 처리 | 현재까지의 RPS: 677.35최근 1000개 request의 p99 TTFT: 0.5483 초 | 
2025-10-02 10:22:34,269 - INFO - [실시간] 요청 41000개 처리 | 현재까지의 RPS: 677.89최근 1000개 request의 p99 TTFT: 0.5086 초 | 
통계에 반영된 요청 인덱스 범위: 0 ~ 41000 (총 41000개 요청)
통계 반영된 요청 수: 41000, 통계 반영된 시간: 77.63 초

==================================================
 실험 최종 결과 요약
==================================================
 설정 실험 시간: 60 초
 Clients 수: 5062
 통계 반영 시간: 77.63 초
 총 시도된 요청: 41000 개
 총 완료된 요청: 41000 개
 총 실패한 요청: 0 개
 완료 요청 중 retrieval이 실패한 요청: -133 개
 요청 성공률: 100.00%
 전체 Requests Per Second (RPS): 528.15
--------------------------------------------------
 Time to First Token (TTFT) Latency:
  - 평균 (Mean): 0.1693 초
  - 중간값 (50%ile): 0.1268 초
  - 최소값 (Min): 0.0223 초
  - 최대값 (Max): 1.7355 초
  - 95%ile Tail: 0.4752 초
  - 99%ile Tail: 0.8811 초
--------------------------------------------------
 Time Per Output Token (TPOT):
  - 평균 (Mean): 16.69 ms/token
--------------------------------------------------
 Embedding Latency:
  - 총 샘플 수: 41000
  - 평균 (Mean): 8.87 ms
  - 중간값 (50%ile): 6.00 ms
  - 95%ile Tail: 21.00 ms
  - 99%ile Tail: 49.00 ms
--------------------------------------------------
 VectorDB Search Latency:
  - 총 샘플 수: 41000
  - 평균 (Mean): 66.77 ms
  - 중간값 (50%ile): 30.00 ms
  - 95%ile Tail: 248.00 ms
  - 99%ile Tail: 726.00 ms
--------------------------------------------------
 Document Search Latency:
  - 총 샘플 수: 41000
  - 평균 (Mean): 20.58 ms
  - 중간값 (50%ile): 9.00 ms
  - 95%ile Tail: 72.00 ms
  - 99%ile Tail: 152.01 ms
--------------------------------------------------
 Total Retrieval Latency:
  - 총 샘플 수: 41000
  - 평균 (Mean): 96.23 ms
  - 중간값 (50%ile): 51.00 ms
  - 95%ile Tail: 343.00 ms
  - 99%ile Tail: 796.01 ms
==================================================
