2025-10-02 10:16:20,222 - INFO - ReqGen 시작: 서버=163.152.48.109:9000, 클라이언트=3000, 시간=60초
2025-10-02 10:16:20,222 - INFO - Hugging Face에서 'kroshan/BioASQ' 데이터셋을 로드합니다...
2025-10-02 10:16:27,382 - INFO - 3266개의 질문을 로드했습니다.
2025-10-02 10:16:27,384 - INFO - 부하 테스트 시작, client 수 = 3000
2025-10-02 10:16:27,384 - INFO - Zipf 값 1.2에서 상위 20%의 질문이 차지하는 비율: 91.82%
2025-10-02 10:16:31,336 - INFO - [실시간] 요청 1000개 처리 | 현재까지의 RPS: 253.04최근 1000개 request의 p99 TTFT: 0.5837 초 | 
2025-10-02 10:16:34,204 - INFO - [실시간] 요청 2000개 처리 | 현재까지의 RPS: 293.28최근 1000개 request의 p99 TTFT: 0.2053 초 | 
2025-10-02 10:16:36,305 - INFO - [실시간] 요청 3000개 처리 | 현재까지의 RPS: 336.28최근 1000개 request의 p99 TTFT: 0.2502 초 | 
2025-10-02 10:16:38,240 - INFO - [실시간] 요청 4000개 처리 | 현재까지의 RPS: 368.46최근 1000개 request의 p99 TTFT: 0.3170 초 | 
2025-10-02 10:16:41,024 - INFO - [실시간] 요청 5000개 처리 | 현재까지의 RPS: 366.58최근 1000개 request의 p99 TTFT: 0.3309 초 | 
2025-10-02 10:16:43,402 - INFO - [실시간] 요청 6000개 처리 | 현재까지의 RPS: 374.58최근 1000개 request의 p99 TTFT: 0.3220 초 | 
2025-10-02 10:16:45,670 - INFO - [실시간] 요청 7000개 처리 | 현재까지의 RPS: 382.81최근 1000개 request의 p99 TTFT: 0.2138 초 | 
2025-10-02 10:16:48,136 - INFO - [실시간] 요청 8000개 처리 | 현재까지의 RPS: 385.51최근 1000개 request의 p99 TTFT: 0.2368 초 | 
2025-10-02 10:16:50,423 - INFO - [실시간] 요청 9000개 처리 | 현재까지의 RPS: 390.65최근 1000개 request의 p99 TTFT: 0.2120 초 | 
2025-10-02 10:16:52,789 - INFO - [실시간] 요청 10000개 처리 | 현재까지의 RPS: 393.62최근 1000개 request의 p99 TTFT: 0.2123 초 | 
2025-10-02 10:16:55,387 - INFO - [실시간] 요청 11000개 처리 | 현재까지의 RPS: 392.81최근 1000개 request의 p99 TTFT: 0.3895 초 | 
2025-10-02 10:16:57,616 - INFO - [실시간] 요청 12000개 처리 | 현재까지의 RPS: 396.93최근 1000개 request의 p99 TTFT: 0.4010 초 | 
2025-10-02 10:16:59,991 - INFO - [실시간] 요청 13000개 처리 | 현재까지의 RPS: 398.69최근 1000개 request의 p99 TTFT: 0.2223 초 | 
2025-10-02 10:17:02,521 - INFO - [실시간] 요청 14000개 처리 | 현재까지의 RPS: 398.44최근 1000개 request의 p99 TTFT: 0.2195 초 | 
2025-10-02 10:17:04,813 - INFO - [실시간] 요청 15000개 처리 | 현재까지의 RPS: 400.75최근 1000개 request의 p99 TTFT: 0.4201 초 | 
2025-10-02 10:17:07,122 - INFO - [실시간] 요청 16000개 처리 | 현재까지의 RPS: 402.63최근 1000개 request의 p99 TTFT: 0.2094 초 | 
2025-10-02 10:17:09,621 - INFO - [실시간] 요청 17000개 처리 | 현재까지의 RPS: 402.49최근 1000개 request의 p99 TTFT: 0.3841 초 | 
2025-10-02 10:17:11,986 - INFO - [실시간] 요청 18000개 처리 | 현재까지의 RPS: 403.57최근 1000개 request의 p99 TTFT: 0.2240 초 | 
2025-10-02 10:17:14,364 - INFO - [실시간] 요청 19000개 처리 | 현재까지의 RPS: 404.43최근 1000개 request의 p99 TTFT: 0.1984 초 | 
2025-10-02 10:17:16,759 - INFO - [실시간] 요청 20000개 처리 | 현재까지의 RPS: 405.07최근 1000개 request의 p99 TTFT: 0.2155 초 | 
2025-10-02 10:17:19,201 - INFO - [실시간] 요청 21000개 처리 | 현재까지의 RPS: 405.27최근 1000개 request의 p99 TTFT: 0.4051 초 | 
2025-10-02 10:17:21,538 - INFO - [실시간] 요청 22000개 처리 | 현재까지의 RPS: 406.25최근 1000개 request의 p99 TTFT: 0.2142 초 | 
2025-10-02 10:17:23,975 - INFO - [실시간] 요청 23000개 처리 | 현재까지의 RPS: 406.42최근 1000개 request의 p99 TTFT: 0.3289 초 | 
2025-10-02 10:17:26,254 - INFO - [실시간] 요청 24000개 처리 | 현재까지의 RPS: 407.68최근 1000개 request의 p99 TTFT: 0.2132 초 | 
통계에 반영된 요청 인덱스 범위: 0 ~ 24746 (총 24746개 요청)
통계 반영된 요청 수: 24746, 통계 반영된 시간: 79.30 초

==================================================
 실험 최종 결과 요약
==================================================
 설정 실험 시간: 60 초
 Clients 수: 3000
 통계 반영 시간: 79.30 초
 총 시도된 요청: 24746 개
 총 완료된 요청: 24746 개
 총 실패한 요청: 0 개
 완료 요청 중 retrieval이 실패한 요청: 0 개
 요청 성공률: 100.00%
 전체 Requests Per Second (RPS): 312.07
--------------------------------------------------
 Time to First Token (TTFT) Latency:
  - 평균 (Mean): 0.1062 초
  - 중간값 (50%ile): 0.0999 초
  - 최소값 (Min): 0.0220 초
  - 최대값 (Max): 0.6513 초
  - 95%ile Tail: 0.1820 초
  - 99%ile Tail: 0.2684 초
--------------------------------------------------
 Time Per Output Token (TPOT):
  - 평균 (Mean): 16.55 ms/token
--------------------------------------------------
 Embedding Latency:
  - 총 샘플 수: 24742
  - 평균 (Mean): 8.76 ms
  - 중간값 (50%ile): 8.00 ms
  - 95%ile Tail: 15.00 ms
  - 99%ile Tail: 22.00 ms
--------------------------------------------------
 VectorDB Search Latency:
  - 총 샘플 수: 24742
  - 평균 (Mean): 15.61 ms
  - 중간값 (50%ile): 14.00 ms
  - 95%ile Tail: 26.00 ms
  - 99%ile Tail: 44.00 ms
--------------------------------------------------
 Document Search Latency:
  - 총 샘플 수: 24742
  - 평균 (Mean): 11.98 ms
  - 중간값 (50%ile): 7.00 ms
  - 95%ile Tail: 35.00 ms
  - 99%ile Tail: 60.00 ms
--------------------------------------------------
 Total Retrieval Latency:
  - 총 샘플 수: 24746
  - 평균 (Mean): 36.37 ms
  - 중간값 (50%ile): 30.00 ms
  - 95%ile Tail: 69.00 ms
  - 99%ile Tail: 109.00 ms
==================================================
