2025-10-02 10:17:48,386 - INFO - ReqGen 시작: 서버=163.152.48.109:9000, 클라이언트=4500, 시간=60초
2025-10-02 10:17:48,387 - INFO - Hugging Face에서 'kroshan/BioASQ' 데이터셋을 로드합니다...
2025-10-02 10:17:55,640 - INFO - 3266개의 질문을 로드했습니다.
2025-10-02 10:17:55,642 - INFO - 부하 테스트 시작, client 수 = 4500
2025-10-02 10:17:55,642 - INFO - Zipf 값 1.2에서 상위 20%의 질문이 차지하는 비율: 91.82%
2025-10-02 10:17:58,520 - INFO - [실시간] 요청 1000개 처리 | 현재까지의 RPS: 347.47최근 1000개 request의 p99 TTFT: 0.5016 초 | 
2025-10-02 10:18:00,587 - INFO - [실시간] 요청 2000개 처리 | 현재까지의 RPS: 404.42최근 1000개 request의 p99 TTFT: 0.3929 초 | 
2025-10-02 10:18:02,658 - INFO - [실시간] 요청 3000개 처리 | 현재까지의 RPS: 427.60최근 1000개 request의 p99 TTFT: 0.5581 초 | 
2025-10-02 10:18:04,053 - INFO - [실시간] 요청 4000개 처리 | 현재까지의 RPS: 475.53최근 1000개 request의 p99 TTFT: 0.4785 초 | 
2025-10-02 10:18:05,406 - INFO - [실시간] 요청 5000개 처리 | 현재까지의 RPS: 512.05최근 1000개 request의 p99 TTFT: 0.4242 초 | 
2025-10-02 10:18:06,660 - INFO - [실시간] 요청 6000개 처리 | 현재까지의 RPS: 544.55최근 1000개 request의 p99 TTFT: 0.5318 초 | 
2025-10-02 10:18:08,504 - INFO - [실시간] 요청 7000개 처리 | 현재까지의 RPS: 544.22최근 1000개 request의 p99 TTFT: 0.4851 초 | 
2025-10-02 10:18:10,188 - INFO - [실시간] 요청 8000개 처리 | 현재까지의 RPS: 549.97최근 1000개 request의 p99 TTFT: 0.2265 초 | 
2025-10-02 10:18:12,126 - INFO - [실시간] 요청 9000개 처리 | 현재까지의 RPS: 545.99최근 1000개 request의 p99 TTFT: 1.0923 초 | 
2025-10-02 10:18:13,351 - INFO - [실시간] 요청 10000개 처리 | 현재까지의 RPS: 564.68최근 1000개 request의 p99 TTFT: 1.7157 초 | 
2025-10-02 10:18:14,962 - INFO - [실시간] 요청 11000개 처리 | 현재까지의 RPS: 569.37최근 1000개 request의 p99 TTFT: 1.2466 초 | 
2025-10-02 10:18:16,609 - INFO - [실시간] 요청 12000개 처리 | 현재까지의 RPS: 572.32최근 1000개 request의 p99 TTFT: 0.2387 초 | 
2025-10-02 10:18:18,207 - INFO - [실시간] 요청 13000개 처리 | 현재까지의 RPS: 576.11최근 1000개 request의 p99 TTFT: 0.2598 초 | 
2025-10-02 10:18:19,855 - INFO - [실시간] 요청 14000개 처리 | 현재까지의 RPS: 578.20최근 1000개 request의 p99 TTFT: 0.2106 초 | 
2025-10-02 10:18:21,411 - INFO - [실시간] 요청 15000개 처리 | 현재까지의 RPS: 582.08최근 1000개 request의 p99 TTFT: 0.2434 초 | 
2025-10-02 10:18:22,911 - INFO - [실시간] 요청 16000개 처리 | 현재까지의 RPS: 586.75최근 1000개 request의 p99 TTFT: 0.5136 초 | 
2025-10-02 10:18:24,577 - INFO - [실시간] 요청 17000개 처리 | 현재까지의 RPS: 587.51최근 1000개 request의 p99 TTFT: 0.2143 초 | 
2025-10-02 10:18:26,105 - INFO - [실시간] 요청 18000개 처리 | 현재까지의 RPS: 590.87최근 1000개 request의 p99 TTFT: 0.2138 초 | 
2025-10-02 10:18:27,705 - INFO - [실시간] 요청 19000개 처리 | 현재까지의 RPS: 592.58최근 1000개 request의 p99 TTFT: 0.3902 초 | 
2025-10-02 10:18:29,333 - INFO - [실시간] 요청 20000개 처리 | 현재까지의 RPS: 593.63최근 1000개 request의 p99 TTFT: 0.3090 초 | 
2025-10-02 10:18:30,965 - INFO - [실시간] 요청 21000개 처리 | 현재까지의 RPS: 594.51최근 1000개 request의 p99 TTFT: 0.3699 초 | 
2025-10-02 10:18:32,581 - INFO - [실시간] 요청 22000개 처리 | 현재까지의 RPS: 595.58최근 1000개 request의 p99 TTFT: 0.2482 초 | 
2025-10-02 10:18:34,140 - INFO - [실시간] 요청 23000개 처리 | 현재까지의 RPS: 597.42최근 1000개 request의 p99 TTFT: 0.2219 초 | 
2025-10-02 10:18:35,801 - INFO - [실시간] 요청 24000개 처리 | 현재까지의 RPS: 597.62최근 1000개 request의 p99 TTFT: 0.2231 초 | 
2025-10-02 10:18:37,657 - INFO - [실시간] 요청 25000개 처리 | 현재까지의 RPS: 595.02최근 1000개 request의 p99 TTFT: 0.5778 초 | 
2025-10-02 10:18:38,944 - INFO - [실시간] 요청 26000개 처리 | 현재까지의 RPS: 600.43최근 1000개 request의 p99 TTFT: 0.8916 초 | 
2025-10-02 10:18:40,456 - INFO - [실시간] 요청 27000개 처리 | 현재까지의 RPS: 602.48최근 1000개 request의 p99 TTFT: 0.4808 초 | 
2025-10-02 10:18:42,098 - INFO - [실시간] 요청 28000개 처리 | 현재까지의 RPS: 602.72최근 1000개 request의 p99 TTFT: 0.2071 초 | 
2025-10-02 10:18:43,764 - INFO - [실시간] 요청 29000개 처리 | 현재까지의 RPS: 602.64최근 1000개 request의 p99 TTFT: 0.2270 초 | 
2025-10-02 10:18:45,343 - INFO - [실시간] 요청 30000개 처리 | 현재까지의 RPS: 603.61최근 1000개 request의 p99 TTFT: 0.2175 초 | 
2025-10-02 10:18:46,934 - INFO - [실시간] 요청 31000개 처리 | 현재까지의 RPS: 604.37최근 1000개 request의 p99 TTFT: 0.2451 초 | 
2025-10-02 10:18:48,516 - INFO - [실시간] 요청 32000개 처리 | 현재까지의 RPS: 605.21최근 1000개 request의 p99 TTFT: 0.2217 초 | 
2025-10-02 10:18:50,079 - INFO - [실시간] 요청 33000개 처리 | 현재까지의 RPS: 606.20최근 1000개 request의 p99 TTFT: 0.4946 초 | 
2025-10-02 10:18:51,678 - INFO - [실시간] 요청 34000개 처리 | 현재까지의 RPS: 606.75최근 1000개 request의 p99 TTFT: 0.2209 초 | 
2025-10-02 10:18:53,222 - INFO - [실시간] 요청 35000개 처리 | 현재까지의 RPS: 607.85최근 1000개 request의 p99 TTFT: 0.4180 초 | 
2025-10-02 10:18:54,826 - INFO - [실시간] 요청 36000개 처리 | 현재까지의 RPS: 608.27최근 1000개 request의 p99 TTFT: 0.2419 초 | 
통계에 반영된 요청 인덱스 범위: 0 ~ 36908 (총 36908개 요청)
통계 반영된 요청 수: 36908, 통계 반영된 시간: 80.73 초

==================================================
 실험 최종 결과 요약
==================================================
 설정 실험 시간: 60 초
 Clients 수: 4500
 통계 반영 시간: 80.73 초
 총 시도된 요청: 36908 개
 총 완료된 요청: 36908 개
 총 실패한 요청: 0 개
 완료 요청 중 retrieval이 실패한 요청: 0 개
 요청 성공률: 100.00%
 전체 Requests Per Second (RPS): 457.17
--------------------------------------------------
 Time to First Token (TTFT) Latency:
  - 평균 (Mean): 0.1352 초
  - 중간값 (50%ile): 0.1107 초
  - 최소값 (Min): 0.0219 초
  - 최대값 (Max): 2.3296 초
  - 95%ile Tail: 0.2900 초
  - 99%ile Tail: 0.6467 초
--------------------------------------------------
 Time Per Output Token (TPOT):
  - 평균 (Mean): 16.65 ms/token
--------------------------------------------------
 Embedding Latency:
  - 총 샘플 수: 36905
  - 평균 (Mean): 8.15 ms
  - 중간값 (50%ile): 7.00 ms
  - 95%ile Tail: 15.00 ms
  - 99%ile Tail: 35.00 ms
--------------------------------------------------
 VectorDB Search Latency:
  - 총 샘플 수: 36905
  - 평균 (Mean): 44.01 ms
  - 중간값 (50%ile): 21.00 ms
  - 95%ile Tail: 135.00 ms
  - 99%ile Tail: 493.96 ms
--------------------------------------------------
 Document Search Latency:
  - 총 샘플 수: 36905
  - 평균 (Mean): 13.13 ms
  - 중간값 (50%ile): 7.00 ms
  - 95%ile Tail: 38.00 ms
  - 99%ile Tail: 70.00 ms
--------------------------------------------------
 Total Retrieval Latency:
  - 총 샘플 수: 36908
  - 평균 (Mean): 65.30 ms
  - 중간값 (50%ile): 38.00 ms
  - 95%ile Tail: 176.00 ms
  - 99%ile Tail: 559.00 ms
==================================================
