2025-10-02 10:15:41,252 - INFO - ReqGen 시작: 서버=163.152.48.109:9000, 클라이언트=6000, 시간=60초
2025-10-02 10:15:41,252 - INFO - Hugging Face에서 'kroshan/BioASQ' 데이터셋을 로드합니다...
2025-10-02 10:15:47,831 - INFO - 3266개의 질문을 로드했습니다.
2025-10-02 10:15:47,831 - INFO - 부하 테스트 시작, client 수 = 6000
2025-10-02 10:15:47,832 - INFO - Zipf 값 1.2에서 상위 20%의 질문이 차지하는 비율: 91.82%
2025-10-02 10:15:50,993 - INFO - [실시간] 요청 1000개 처리 | 현재까지의 RPS: 316.34최근 1000개 request의 p99 TTFT: 2.0553 초 | 
2025-10-02 10:15:50,993 - WARNING - 최근 1000개의 p99 TTFT 2.0553 초가 SLO 의 2배 (2.0 초)를 초과했습니다. 부하 테스트를 조기 종료합니다.
2025-10-02 10:15:52,442 - INFO - [실시간] 요청 2000개 처리 | 현재까지의 RPS: 433.82최근 1000개 request의 p99 TTFT: 2.8759 초 | 
2025-10-02 10:15:53,797 - INFO - [실시간] 요청 3000개 처리 | 현재까지의 RPS: 502.85최근 1000개 request의 p99 TTFT: 3.1962 초 | 
2025-10-02 10:15:55,332 - INFO - [실시간] 요청 4000개 처리 | 현재까지의 RPS: 533.27최근 1000개 request의 p99 TTFT: 2.5908 초 | 
2025-10-02 10:15:56,978 - INFO - [실시간] 요청 5000개 처리 | 현재까지의 RPS: 546.64최근 1000개 request의 p99 TTFT: 0.3372 초 | 
2025-10-02 10:15:58,782 - INFO - [실시간] 요청 6000개 처리 | 현재까지의 RPS: 547.93최근 1000개 request의 p99 TTFT: 0.2631 초 | 
통계에 반영된 요청 인덱스 범위: 0 ~ 1000 (총 1000개 요청)
통계 반영된 요청 수: 1000, 통계 반영된 시간: 30.77 초

==================================================
 실험 최종 결과 요약
==================================================
 부하 테스트가 조기 종료되었습니다! (SLO 위반)
 Client 수를 낮추어 다시 시도하세요.
 설정 실험 시간: 60 초
 Clients 수: 6000
 통계 반영 시간: 30.77 초
 총 시도된 요청: 1000 개
 총 완료된 요청: 1000 개
 총 실패한 요청: 0 개
 완료 요청 중 retrieval이 실패한 요청: -5013 개
 요청 성공률: 100.00%
 전체 Requests Per Second (RPS): 32.50
--------------------------------------------------
 Time to First Token (TTFT) Latency:
  - 평균 (Mean): 0.6880 초
  - 중간값 (50%ile): 0.6370 초
  - 최소값 (Min): 0.0646 초
  - 최대값 (Max): 2.4572 초
  - 95%ile Tail: 1.4919 초
  - 99%ile Tail: 2.0553 초
--------------------------------------------------
 Time Per Output Token (TPOT):
  - 평균 (Mean): 16.43 ms/token
--------------------------------------------------
 Embedding Latency:
  - 총 샘플 수: 1000
  - 평균 (Mean): 10.47 ms
  - 중간값 (50%ile): 6.00 ms
  - 95%ile Tail: 38.05 ms
  - 99%ile Tail: 59.00 ms
--------------------------------------------------
 VectorDB Search Latency:
  - 총 샘플 수: 1000
  - 평균 (Mean): 586.11 ms
  - 중간값 (50%ile): 541.00 ms
  - 95%ile Tail: 1378.25 ms
  - 99%ile Tail: 1970.12 ms
--------------------------------------------------
 Document Search Latency:
  - 총 샘플 수: 1000
  - 평균 (Mean): 19.95 ms
  - 중간값 (50%ile): 15.00 ms
  - 95%ile Tail: 55.00 ms
  - 99%ile Tail: 75.01 ms
--------------------------------------------------
 Total Retrieval Latency:
  - 총 샘플 수: 1000
  - 평균 (Mean): 615.98 ms
  - 중간값 (50%ile): 565.00 ms
  - 95%ile Tail: 1427.35 ms
  - 99%ile Tail: 2009.07 ms
==================================================
