2025-11-17 19:16:36,371 - INFO - ReqGen 시작: 서버=163.152.48.109:9000, 클라이언트=1000, 시간=80초
2025-11-17 19:16:36,372 - INFO - Hugging Face에서 'kroshan/BioASQ' 데이터셋을 로드합니다...
2025-11-17 19:16:44,812 - INFO - 3266개의 질문을 로드했습니다.
2025-11-17 19:16:44,813 - INFO - 부하 테스트 시작, client 수 = 1000
2025-11-17 19:16:44,813 - INFO - Zipf 값 1.2에서 상위 20%의 질문이 차지하는 비율: 91.82%
2025-11-17 19:16:59,968 - INFO - [실시간] 요청 1000개 처리 | 현재까지의 RPS: 65.98최근 1000개 request의 p99 TTFT: 0.2666 초 | 
2025-11-17 19:17:09,738 - INFO - [실시간] 요청 2000개 처리 | 현재까지의 RPS: 80.24최근 1000개 request의 p99 TTFT: 0.2253 초 | 
2025-11-17 19:17:20,764 - INFO - [실시간] 요청 3000개 처리 | 현재까지의 RPS: 83.45최근 1000개 request의 p99 TTFT: 0.1789 초 | 
2025-11-17 19:17:34,212 - INFO - [실시간] 요청 4000개 처리 | 현재까지의 RPS: 80.97최근 1000개 request의 p99 TTFT: 0.2264 초 | 
2025-11-17 19:17:55,925 - INFO - [실시간] 요청 5000개 처리 | 현재까지의 RPS: 70.31최근 1000개 request의 p99 TTFT: 0.1803 초 | 
Traceback (most recent call last):
  File "/home/comsys/sungsu/CXLSharedMemGPU/ReqGen/main.py", line 406, in <module>
    main()
  File "/home/comsys/sungsu/CXLSharedMemGPU/ReqGen/main.py", line 403, in main
    asyncio.run(reqgen.run())
  File "/usr/lib/python3.10/asyncio/runners.py", line 44, in run
    return loop.run_until_complete(main)
  File "/usr/lib/python3.10/asyncio/base_events.py", line 636, in run_until_complete
    self.run_forever()
  File "/usr/lib/python3.10/asyncio/base_events.py", line 603, in run_forever
    self._run_once()
  File "/usr/lib/python3.10/asyncio/base_events.py", line 1871, in _run_once
    event_list = self._selector.select(timeout)
  File "/usr/lib/python3.10/selectors.py", line 469, in select
    fd_event_list = self._selector.poll(timeout, max_ev)
KeyboardInterrupt
