2025-10-02 00:50:48,582 - INFO - ReqGen 시작: 서버=163.152.48.109:9000, 클라이언트=4, 시간=60초
2025-10-02 00:50:48,582 - INFO - Hugging Face에서 'kroshan/BioASQ' 데이터셋을 로드합니다...
2025-10-02 00:50:55,410 - INFO - 3266개의 질문을 로드했습니다.
2025-10-02 00:50:55,412 - INFO - 부하 테스트 시작, client 수 = 4
2025-10-02 00:50:55,412 - INFO - Zipf 값 1.2에서 상위 20%의 질문이 차지하는 비율: 91.82%
통계에 반영된 요청 인덱스 범위: 0 ~ 29 (총 29개 요청)
통계 반영된 요청 수: 29, 통계 반영된 시간: 74.44 초

==================================================
 실험 최종 결과 요약
==================================================
 설정 실험 시간: 60 초
 Clients 수: 4
 통계 반영 시간: 74.44 초
 총 시도된 요청: 29 개
 총 완료된 요청: 29 개
 총 실패한 요청: 0 개
 완료 요청 중 retrieval이 실패한 요청: 0 개
 요청 성공률: 100.00%
 전체 Requests Per Second (RPS): 0.39
--------------------------------------------------
 Time to First Token (TTFT) Latency:
  - 평균 (Mean): 0.1151 초
  - 중간값 (50%ile): 0.1033 초
  - 최소값 (Min): 0.0511 초
  - 최대값 (Max): 0.5337 초
  - 95%ile Tail: 0.1696 초
  - 99%ile Tail: 0.4322 초
--------------------------------------------------
 Time Per Output Token (TPOT):
  - 평균 (Mean): 16.71 ms/token
--------------------------------------------------
 Embedding Latency:
  - 총 샘플 수: 25
  - 평균 (Mean): 12.48 ms
  - 중간값 (50%ile): 11.00 ms
  - 95%ile Tail: 20.80 ms
  - 99%ile Tail: 24.80 ms
--------------------------------------------------
 VectorDB Search Latency:
  - 총 샘플 수: 25
  - 평균 (Mean): 27.28 ms
  - 중간값 (50%ile): 9.00 ms
  - 95%ile Tail: 12.60 ms
  - 99%ile Tail: 353.48 ms
--------------------------------------------------
 Document Search Latency:
  - 총 샘플 수: 25
  - 평균 (Mean): 7.00 ms
  - 중간값 (50%ile): 7.00 ms
  - 95%ile Tail: 8.00 ms
  - 99%ile Tail: 8.76 ms
--------------------------------------------------
 Total Retrieval Latency:
  - 총 샘플 수: 29
  - 평균 (Mean): 45.41 ms
  - 중간값 (50%ile): 27.00 ms
  - 95%ile Tail: 49.20 ms
  - 99%ile Tail: 360.00 ms
==================================================
