2025-10-02 00:49:01,709 - INFO - ReqGen 시작: 서버=163.152.48.109:9000, 클라이언트=8, 시간=60초
2025-10-02 00:49:01,709 - INFO - Hugging Face에서 'kroshan/BioASQ' 데이터셋을 로드합니다...
2025-10-02 00:49:08,909 - INFO - 3266개의 질문을 로드했습니다.
2025-10-02 00:49:08,911 - INFO - 부하 테스트 시작, client 수 = 8
2025-10-02 00:49:08,911 - INFO - Zipf 값 1.2에서 상위 20%의 질문이 차지하는 비율: 91.82%
통계에 반영된 요청 인덱스 범위: 0 ~ 37 (총 37개 요청)
통계 반영된 요청 수: 37, 통계 반영된 시간: 98.03 초

==================================================
 실험 최종 결과 요약
==================================================
 설정 실험 시간: 60 초
 Clients 수: 8
 통계 반영 시간: 98.03 초
 총 시도된 요청: 37 개
 총 완료된 요청: 37 개
 총 실패한 요청: 0 개
 완료 요청 중 retrieval이 실패한 요청: 4 개
 요청 성공률: 100.00%
 전체 Requests Per Second (RPS): 0.38
--------------------------------------------------
 Time to First Token (TTFT) Latency:
  - 평균 (Mean): 6.2349 초
  - 중간값 (50%ile): 0.1958 초
  - 최소값 (Min): 0.0476 초
  - 최대값 (Max): 30.6985 초
  - 95%ile Tail: 30.2983 초
  - 99%ile Tail: 30.6984 초
--------------------------------------------------
 Time Per Output Token (TPOT):
  - 평균 (Mean): 16.44 ms/token
--------------------------------------------------
 Embedding Latency:
  - 총 샘플 수: 34
  - 평균 (Mean): 13.32 ms
  - 중간값 (50%ile): 11.00 ms
  - 95%ile Tail: 21.35 ms
  - 99%ile Tail: 24.68 ms
--------------------------------------------------
 VectorDB Search Latency:
  - 총 샘플 수: 30
  - 평균 (Mean): 2563.97 ms
  - 중간값 (50%ile): 18.50 ms
  - 95%ile Tail: 14773.75 ms
  - 99%ile Tail: 22977.80 ms
--------------------------------------------------
 Document Search Latency:
  - 총 샘플 수: 30
  - 평균 (Mean): 8.73 ms
  - 중간값 (50%ile): 8.00 ms
  - 95%ile Tail: 14.55 ms
  - 99%ile Tail: 16.42 ms
--------------------------------------------------
 Total Retrieval Latency:
  - 총 샘플 수: 33
  - 평균 (Mean): 3213.73 ms
  - 중간값 (50%ile): 40.00 ms
  - 95%ile Tail: 19911.00 ms
  - 99%ile Tail: 27598.32 ms
==================================================
