2025-11-17 17:17:48,422 - INFO - ReqGen 시작: 서버=163.152.48.109:9000, 클라이언트=5000, 시간=330초
2025-11-17 17:17:48,422 - INFO - Hugging Face에서 'kroshan/BioASQ' 데이터셋을 로드합니다...
2025-11-17 17:17:55,452 - INFO - 3266개의 질문을 로드했습니다.
2025-11-17 17:17:55,453 - INFO - 부하 테스트 시작, client 수 = 5000
2025-11-17 17:17:55,453 - INFO - Zipf 값 1.2에서 상위 20%의 질문이 차지하는 비율: 91.82%
2025-11-17 17:18:04,432 - INFO - [실시간] 요청 1000개 처리 | 현재까지의 RPS: 111.36최근 1000개 request의 p99 TTFT: 7.3183 초 | 
2025-11-17 17:18:04,433 - WARNING - 최근 1000개의 p99 TTFT 7.3183 초가 SLO 의 2배 (2.0 초)를 초과했습니다. 부하 테스트를 조기 종료합니다.
2025-11-17 17:18:05,982 - INFO - [실시간] 요청 2000개 처리 | 현재까지의 RPS: 189.95최근 1000개 request의 p99 TTFT: 8.1945 초 | 
2025-11-17 17:18:07,282 - INFO - [실시간] 요청 3000개 처리 | 현재까지의 RPS: 253.62최근 1000개 request의 p99 TTFT: 8.5504 초 | 
2025-11-17 17:18:08,756 - INFO - [실시간] 요청 4000개 처리 | 현재까지의 RPS: 300.67최근 1000개 request의 p99 TTFT: 8.6011 초 | 
2025-11-17 17:18:10,513 - INFO - [실시간] 요청 5000개 처리 | 현재까지의 RPS: 332.00최근 1000개 request의 p99 TTFT: 8.4349 초 | 
통계에 반영된 요청 인덱스 범위: 0 ~ 1000 (총 1000개 요청)
통계 반영된 요청 수: 1000, 통계 반영된 시간: 35.68 초

==================================================
 실험 최종 결과 요약
==================================================
 부하 테스트가 조기 종료되었습니다! (SLO 위반)
 Client 수를 낮추어 다시 시도하세요.
 설정 실험 시간: 330 초
 Clients 수: 5000
 통계 반영 시간: 35.68 초
 총 시도된 요청: 1000 개
 총 완료된 요청: 1000 개
 총 실패한 요청: 0 개
 완료 요청 중 retrieval이 실패한 요청: -4130 개
 요청 성공률: 100.00%
 전체 Requests Per Second (RPS): 28.03
--------------------------------------------------
 Time to First Token (TTFT) Latency:
  - 평균 (Mean): 4.2305 초
  - 중간값 (50%ile): 4.4233 초
  - 최소값 (Min): 0.2476 초
  - 최대값 (Max): 7.6656 초
  - 95%ile Tail: 6.6901 초
  - 99%ile Tail: 7.3183 초
--------------------------------------------------
 Time Per Output Token (TPOT):
  - 평균 (Mean): 17.09 ms/token
--------------------------------------------------
 Embedding Latency:
  - 총 샘플 수: 1000
  - 평균 (Mean): 9.09 ms
  - 중간값 (50%ile): 7.00 ms
  - 95%ile Tail: 20.00 ms
  - 99%ile Tail: 44.00 ms
--------------------------------------------------
 VectorDB Search Latency:
  - 총 샘플 수: 1000
  - 평균 (Mean): 4116.92 ms
  - 중간값 (50%ile): 4318.50 ms
  - 95%ile Tail: 6572.10 ms
  - 99%ile Tail: 7195.27 ms
--------------------------------------------------
 Document Search Latency:
  - 총 샘플 수: 1000
  - 평균 (Mean): 22.42 ms
  - 중간값 (50%ile): 17.00 ms
  - 95%ile Tail: 51.00 ms
  - 99%ile Tail: 72.04 ms
--------------------------------------------------
 Total Retrieval Latency:
  - 총 샘플 수: 1000
  - 평균 (Mean): 4148.41 ms
  - 중간값 (50%ile): 4364.00 ms
  - 95%ile Tail: 6604.15 ms
  - 99%ile Tail: 7244.20 ms
==================================================
