2025-10-02 02:23:26,553 - INFO - ReqGen 시작: 서버=163.152.48.109:9000, 클라이언트=8, 시간=60초
2025-10-02 02:23:26,553 - INFO - Hugging Face에서 'kroshan/BioASQ' 데이터셋을 로드합니다...
2025-10-02 02:23:33,486 - INFO - 3266개의 질문을 로드했습니다.
2025-10-02 02:23:33,487 - INFO - 부하 테스트 시작, client 수 = 8
2025-10-02 02:23:33,488 - INFO - Zipf 값 1.2에서 상위 20%의 질문이 차지하는 비율: 91.82%
통계에 반영된 요청 인덱스 범위: 0 ~ 37 (총 37개 요청)
통계 반영된 요청 수: 37, 통계 반영된 시간: 92.79 초

==================================================
 실험 최종 결과 요약
==================================================
 설정 실험 시간: 60 초
 Clients 수: 8
 통계 반영 시간: 92.79 초
 총 시도된 요청: 37 개
 총 완료된 요청: 37 개
 총 실패한 요청: 0 개
 완료 요청 중 retrieval이 실패한 요청: 5 개
 요청 성공률: 100.00%
 전체 Requests Per Second (RPS): 0.40
--------------------------------------------------
 Time to First Token (TTFT) Latency:
  - 평균 (Mean): 6.5310 초
  - 중간값 (50%ile): 0.2250 초
  - 최소값 (Min): 0.0453 초
  - 최대값 (Max): 30.6219 초
  - 95%ile Tail: 30.5213 초
  - 99%ile Tail: 30.6217 초
--------------------------------------------------
 Time Per Output Token (TPOT):
  - 평균 (Mean): 16.47 ms/token
--------------------------------------------------
 Embedding Latency:
  - 총 샘플 수: 31
  - 평균 (Mean): 12.26 ms
  - 중간값 (50%ile): 11.00 ms
  - 95%ile Tail: 18.50 ms
  - 99%ile Tail: 21.10 ms
--------------------------------------------------
 VectorDB Search Latency:
  - 총 샘플 수: 27
  - 평균 (Mean): 3202.41 ms
  - 중간값 (50%ile): 14.00 ms
  - 95%ile Tail: 17819.50 ms
  - 99%ile Tail: 25945.06 ms
--------------------------------------------------
 Document Search Latency:
  - 총 샘플 수: 27
  - 평균 (Mean): 10.07 ms
  - 중간값 (50%ile): 8.00 ms
  - 95%ile Tail: 21.00 ms
  - 99%ile Tail: 23.22 ms
--------------------------------------------------
 Total Retrieval Latency:
  - 총 샘플 수: 32
  - 평균 (Mean): 2726.50 ms
  - 중간값 (50%ile): 42.50 ms
  - 95%ile Tail: 17227.20 ms
  - 99%ile Tail: 25468.95 ms
==================================================
