2025-11-21 02:33:17,132 - INFO - ReqGen 시작: 서버=163.152.48.109:9000, 클라이언트=2, 시간=330초
2025-11-21 02:33:17,132 - INFO - Hugging Face에서 'kroshan/BioASQ' 데이터셋을 로드합니다...
2025-11-21 02:33:22,772 - INFO - 3266개의 질문을 로드했습니다.
2025-11-21 02:33:22,772 - INFO - 부하 테스트 시작, client 수 = 2
통계에 반영된 요청 인덱스 범위: 0 ~ 29 (총 29개 요청)
statistics_start_time이 설정되지 않았습니다.
statistics_end_time이 설정되지 않았습니다.
통계 반영된 요청 수: 29, 통계 반영된 시간: 337.29 초

==================================================
 실험 최종 결과 요약
==================================================
 설정 실험 시간: 330 초
 Clients 수: 2
 통계 반영 시간: 337.29 초
 총 시도된 요청: 29 개
 총 완료된 요청: 29 개
 총 실패한 요청: 0 개
 완료 요청 중 retrieval이 실패한 요청: 10 개
 요청 성공률: 100.00%
 전체 Requests Per Second (RPS): 0.09
--------------------------------------------------
 Time to First Token (TTFT) Latency:
  - 평균 (Mean): 21.6503 초
  - 중간값 (50%ile): 23.3355 초
  - 최소값 (Min): 0.0737 초
  - 최대값 (Max): 30.9997 초
  - 95%ile Tail: 30.9179 초
  - 99%ile Tail: 30.9775 초
--------------------------------------------------
 Time Per Output Token (TPOT):
  - 평균 (Mean): 17.15 ms/token
--------------------------------------------------
 Embedding Latency:
  - 총 샘플 수: 15
  - 평균 (Mean): 11.60 ms
  - 중간값 (50%ile): 10.00 ms
  - 95%ile Tail: 17.30 ms
  - 99%ile Tail: 17.86 ms
--------------------------------------------------
 VectorDB Search Latency:
  - 총 샘플 수: 11
  - 평균 (Mean): 17534.00 ms
  - 중간값 (50%ile): 21512.00 ms
  - 95%ile Tail: 28274.00 ms
  - 99%ile Tail: 28945.20 ms
--------------------------------------------------
 Document Search Latency:
  - 총 샘플 수: 11
  - 평균 (Mean): 8.55 ms
  - 중간값 (50%ile): 8.00 ms
  - 95%ile Tail: 10.50 ms
  - 99%ile Tail: 11.70 ms
--------------------------------------------------
 Total Retrieval Latency:
  - 총 샘플 수: 19
  - 평균 (Mean): 16855.16 ms
  - 중간값 (50%ile): 20051.00 ms
  - 95%ile Tail: 28659.30 ms
  - 99%ile Tail: 29035.86 ms
==================================================
