2025-11-18 20:34:49,687 - INFO - ReqGen 시작: 서버=163.152.48.109:9000, 클라이언트=9687, 시간=80초
2025-11-18 20:34:49,688 - INFO - Hugging Face에서 'kroshan/BioASQ' 데이터셋을 로드합니다...
2025-11-18 20:34:54,926 - INFO - 3266개의 질문을 로드했습니다.
2025-11-18 20:34:54,926 - INFO - 부하 테스트 시작, client 수 = 9687
2025-11-18 20:34:54,927 - INFO - Zipf 값 1.2에서 상위 20%의 질문이 차지하는 비율: 91.82%
2025-11-18 20:34:59,494 - INFO - [실시간] 요청 1000개 처리 | 현재까지의 RPS: 218.95최근 1000개 request의 p99 TTFT: 0.3577 초 | 
2025-11-18 20:35:01,784 - INFO - [실시간] 요청 2000개 처리 | 현재까지의 RPS: 291.67최근 1000개 request의 p99 TTFT: 0.2932 초 | 
2025-11-18 20:35:03,808 - INFO - [실시간] 요청 3000개 처리 | 현재까지의 RPS: 337.77최근 1000개 request의 p99 TTFT: 0.3877 초 | 
2025-11-18 20:35:05,745 - INFO - [실시간] 요청 4000개 처리 | 현재까지의 RPS: 369.75최근 1000개 request의 p99 TTFT: 0.3953 초 | 
2025-11-18 20:35:07,490 - INFO - [실시간] 요청 5000개 처리 | 현재까지의 RPS: 397.99최근 1000개 request의 p99 TTFT: 0.5820 초 | 
2025-11-18 20:35:09,109 - INFO - [실시간] 요청 6000개 처리 | 현재까지의 RPS: 423.05최근 1000개 request의 p99 TTFT: 0.4775 초 | 
2025-11-18 20:35:10,746 - INFO - [실시간] 요청 7000개 처리 | 현재까지의 RPS: 442.50최근 1000개 request의 p99 TTFT: 0.3632 초 | 
2025-11-18 20:35:12,328 - INFO - [실시간] 요청 8000개 처리 | 현재까지의 RPS: 459.73최근 1000개 request의 p99 TTFT: 0.7825 초 | 
2025-11-18 20:35:13,787 - INFO - [실시간] 요청 9000개 처리 | 현재까지의 RPS: 477.18최근 1000개 request의 p99 TTFT: 0.6662 초 | 
2025-11-18 20:35:15,124 - INFO - [실시간] 요청 10000개 처리 | 현재까지의 RPS: 495.11최근 1000개 request의 p99 TTFT: 0.8289 초 | 
2025-11-18 20:35:16,599 - INFO - [실시간] 요청 11000개 처리 | 현재까지의 RPS: 507.55최근 1000개 request의 p99 TTFT: 0.7203 초 | 
2025-11-18 20:35:18,514 - INFO - [실시간] 요청 12000개 처리 | 현재까지의 RPS: 508.75최근 1000개 request의 p99 TTFT: 0.8214 초 | 
2025-11-18 20:35:20,172 - INFO - [실시간] 요청 13000개 처리 | 현재까지의 RPS: 514.95최근 1000개 request의 p99 TTFT: 0.8124 초 | 
2025-11-18 20:35:21,974 - INFO - [실시간] 요청 14000개 처리 | 현재까지의 RPS: 517.60최근 1000개 request의 p99 TTFT: 0.2271 초 | 
2025-11-18 20:35:23,644 - INFO - [실시간] 요청 15000개 처리 | 현재까지의 RPS: 522.33최근 1000개 request의 p99 TTFT: 0.3681 초 | 
2025-11-18 20:35:25,325 - INFO - [실시간] 요청 16000개 처리 | 현재까지의 RPS: 526.35최근 1000개 request의 p99 TTFT: 0.2275 초 | 
2025-11-18 20:35:27,058 - INFO - [실시간] 요청 17000개 처리 | 현재까지의 RPS: 529.08최근 1000개 request의 p99 TTFT: 0.3727 초 | 
2025-11-18 20:35:28,676 - INFO - [실시간] 요청 18000개 처리 | 현재까지의 RPS: 533.34최근 1000개 request의 p99 TTFT: 0.7689 초 | 
2025-11-18 20:35:30,028 - INFO - [실시간] 요청 19000개 처리 | 현재까지의 RPS: 541.29최근 1000개 request의 p99 TTFT: 0.7589 초 | 
2025-11-18 20:35:31,766 - INFO - [실시간] 요청 20000개 처리 | 현재까지의 RPS: 542.90최근 1000개 request의 p99 TTFT: 0.2177 초 | 
2025-11-18 20:35:33,368 - INFO - [실시간] 요청 21000개 처리 | 현재까지의 RPS: 546.29최근 1000개 request의 p99 TTFT: 0.2886 초 | 
2025-11-18 20:35:34,987 - INFO - [실시간] 요청 22000개 처리 | 현재까지의 RPS: 549.17최근 1000개 request의 p99 TTFT: 0.3506 초 | 
2025-11-18 20:35:36,652 - INFO - [실시간] 요청 23000개 처리 | 현재까지의 RPS: 551.22최근 1000개 request의 p99 TTFT: 0.4183 초 | 
2025-11-18 20:35:38,415 - INFO - [실시간] 요청 24000개 처리 | 현재까지의 RPS: 551.87최근 1000개 request의 p99 TTFT: 0.5802 초 | 
2025-11-18 20:35:40,071 - INFO - [실시간] 요청 25000개 처리 | 현재까지의 RPS: 553.78최근 1000개 request의 p99 TTFT: 0.3445 초 | 
2025-11-18 20:35:41,635 - INFO - [실시간] 요청 26000개 처리 | 현재까지의 RPS: 556.65최근 1000개 request의 p99 TTFT: 0.2705 초 | 
2025-11-18 20:35:43,321 - INFO - [실시간] 요청 27000개 처리 | 현재까지의 RPS: 557.92최근 1000개 request의 p99 TTFT: 0.4462 초 | 
2025-11-18 20:35:44,931 - INFO - [실시간] 요청 28000개 처리 | 현재까지의 RPS: 559.95최근 1000개 request의 p99 TTFT: 0.4193 초 | 
2025-11-18 20:35:46,768 - INFO - [실시간] 요청 29000개 처리 | 현재까지의 RPS: 559.40최근 1000개 request의 p99 TTFT: 0.4202 초 | 
2025-11-18 20:35:48,369 - INFO - [실시간] 요청 30000개 처리 | 현재까지의 RPS: 561.35최근 1000개 request의 p99 TTFT: 0.7390 초 | 
2025-11-18 20:35:50,021 - INFO - [실시간] 요청 31000개 처리 | 현재까지의 RPS: 562.66최근 1000개 request의 p99 TTFT: 0.4147 초 | 
2025-11-18 20:35:51,528 - INFO - [실시간] 요청 32000개 처리 | 현재까지의 RPS: 565.35최근 1000개 request의 p99 TTFT: 0.2439 초 | 
2025-11-18 20:35:53,231 - INFO - [실시간] 요청 33000개 처리 | 현재까지의 RPS: 566.00최근 1000개 request의 p99 TTFT: 0.1974 초 | 
2025-11-18 20:35:54,891 - INFO - [실시간] 요청 34000개 처리 | 현재까지의 RPS: 567.00최근 1000개 request의 p99 TTFT: 0.2004 초 | 
2025-11-18 20:35:56,680 - INFO - [실시간] 요청 35000개 처리 | 현재까지의 RPS: 566.77최근 1000개 request의 p99 TTFT: 0.5106 초 | 
2025-11-18 20:35:58,125 - INFO - [실시간] 요청 36000개 처리 | 현재까지의 RPS: 569.64최근 1000개 request의 p99 TTFT: 1.0812 초 | 
2025-11-18 20:35:59,470 - INFO - [실시간] 요청 37000개 처리 | 현재까지의 RPS: 573.26최근 1000개 request의 p99 TTFT: 0.7618 초 | 
2025-11-18 20:36:00,873 - INFO - [실시간] 요청 38000개 처리 | 현재까지의 RPS: 576.23최근 1000개 request의 p99 TTFT: 0.2179 초 | 
2025-11-18 20:36:02,407 - INFO - [실시간] 요청 39000개 처리 | 현재까지의 RPS: 577.94최근 1000개 request의 p99 TTFT: 0.4917 초 | 
2025-11-18 20:36:03,871 - INFO - [실시간] 요청 40000개 처리 | 현재까지의 RPS: 580.18최근 1000개 request의 p99 TTFT: 0.9360 초 | 
2025-11-18 20:36:05,271 - INFO - [실시간] 요청 41000개 처리 | 현재까지의 RPS: 582.85최근 1000개 request의 p99 TTFT: 0.7882 초 | 
2025-11-18 20:36:06,545 - INFO - [실시간] 요청 42000개 처리 | 현재까지의 RPS: 586.44최근 1000개 request의 p99 TTFT: 0.5139 초 | 
2025-11-18 20:36:07,848 - INFO - [실시간] 요청 43000개 처리 | 현재까지의 RPS: 589.68최근 1000개 request의 p99 TTFT: 0.2823 초 | 
2025-11-18 20:36:09,331 - INFO - [실시간] 요청 44000개 처리 | 현재까지의 RPS: 591.36최근 1000개 request의 p99 TTFT: 0.5915 초 | 
2025-11-18 20:36:10,741 - INFO - [실시간] 요청 45000개 처리 | 현재까지의 RPS: 593.55최근 1000개 request의 p99 TTFT: 0.8671 초 | 
2025-11-18 20:36:11,984 - INFO - [실시간] 요청 46000개 처리 | 현재까지의 RPS: 596.96최근 1000개 request의 p99 TTFT: 0.7980 초 | 
2025-11-18 20:36:13,206 - INFO - [실시간] 요청 47000개 처리 | 현재까지의 RPS: 600.41최근 1000개 request의 p99 TTFT: 0.5085 초 | 
2025-11-18 20:36:14,513 - INFO - [실시간] 요청 48000개 처리 | 현재까지의 RPS: 603.11최근 1000개 request의 p99 TTFT: 0.5022 초 | 
2025-11-18 20:36:16,179 - INFO - [실시간] 요청 49000개 처리 | 현재까지의 RPS: 603.06최근 1000개 request의 p99 TTFT: 0.8189 초 | 
통계에 반영된 요청 인덱스 범위: 0 ~ 49000 (총 49000개 요청)
통계 반영된 요청 수: 49000, 통계 반영된 시간: 140.04 초

==================================================
 실험 최종 결과 요약
==================================================
 설정 실험 시간: 80 초
 Clients 수: 9687
 통계 반영 시간: 140.04 초
 총 시도된 요청: 53566 개
 총 완료된 요청: 49000 개
 총 실패한 요청: 4566 개
 완료 요청 중 retrieval이 실패한 요청: -139 개
 요청 성공률: 91.48%
 전체 Requests Per Second (RPS): 349.91
--------------------------------------------------
 Time to First Token (TTFT) Latency:
  - 평균 (Mean): 0.1551 초
  - 중간값 (50%ile): 0.1284 초
  - 최소값 (Min): 0.0178 초
  - 최대값 (Max): 1.2879 초
  - 95%ile Tail: 0.4271 초
  - 99%ile Tail: 0.6994 초
--------------------------------------------------
 Time Per Output Token (TPOT):
  - 평균 (Mean): 16.92 ms/token
--------------------------------------------------
 Embedding Latency:
  - 총 샘플 수: 49000
  - 평균 (Mean): 9.27 ms
  - 중간값 (50%ile): 6.00 ms
  - 95%ile Tail: 23.00 ms
  - 99%ile Tail: 61.00 ms
--------------------------------------------------
 VectorDB Search Latency:
  - 총 샘플 수: 49000
  - 평균 (Mean): 49.11 ms
  - 중간값 (50%ile): 19.00 ms
  - 95%ile Tail: 203.00 ms
  - 99%ile Tail: 469.00 ms
--------------------------------------------------
 Document Search Latency:
  - 총 샘플 수: 49000
  - 평균 (Mean): 18.50 ms
  - 중간값 (50%ile): 7.00 ms
  - 95%ile Tail: 67.00 ms
  - 99%ile Tail: 140.00 ms
--------------------------------------------------
 Total Retrieval Latency:
  - 총 샘플 수: 49000
  - 평균 (Mean): 76.90 ms
  - 중간값 (50%ile): 38.00 ms
  - 95%ile Tail: 301.00 ms
  - 99%ile Tail: 593.00 ms
==================================================
