2025-11-18 20:32:23,076 - INFO - ReqGen 시작: 서버=163.152.48.109:9000, 클라이언트=9375, 시간=80초
2025-11-18 20:32:23,076 - INFO - Hugging Face에서 'kroshan/BioASQ' 데이터셋을 로드합니다...
2025-11-18 20:32:28,403 - INFO - 3266개의 질문을 로드했습니다.
2025-11-18 20:32:28,403 - INFO - 부하 테스트 시작, client 수 = 9375
2025-11-18 20:32:28,403 - INFO - Zipf 값 1.2에서 상위 20%의 질문이 차지하는 비율: 91.82%
2025-11-18 20:32:33,133 - INFO - [실시간] 요청 1000개 처리 | 현재까지의 RPS: 211.43최근 1000개 request의 p99 TTFT: 0.4710 초 | 
2025-11-18 20:32:35,395 - INFO - [실시간] 요청 2000개 처리 | 현재까지의 RPS: 286.07최근 1000개 request의 p99 TTFT: 0.2896 초 | 
2025-11-18 20:32:37,464 - INFO - [실시간] 요청 3000개 처리 | 현재까지의 RPS: 331.11최근 1000개 request의 p99 TTFT: 0.2522 초 | 
2025-11-18 20:32:39,532 - INFO - [실시간] 요청 4000개 처리 | 현재까지의 RPS: 359.44최근 1000개 request의 p99 TTFT: 0.9296 초 | 
2025-11-18 20:32:41,326 - INFO - [실시간] 요청 5000개 처리 | 현재까지의 RPS: 386.93최근 1000개 request의 p99 TTFT: 0.9447 초 | 
2025-11-18 20:32:43,126 - INFO - [실시간] 요청 6000개 처리 | 현재까지의 RPS: 407.53최근 1000개 request의 p99 TTFT: 0.6366 초 | 
2025-11-18 20:32:44,808 - INFO - [실시간] 요청 7000개 처리 | 현재까지의 RPS: 426.71최근 1000개 request의 p99 TTFT: 0.6011 초 | 
2025-11-18 20:32:46,343 - INFO - [실시간] 요청 8000개 처리 | 현재까지의 RPS: 445.93최근 1000개 request의 p99 TTFT: 0.7633 초 | 
2025-11-18 20:32:48,007 - INFO - [실시간] 요청 9000개 처리 | 현재까지의 RPS: 459.09최근 1000개 request의 p99 TTFT: 0.6942 초 | 
2025-11-18 20:32:49,469 - INFO - [실시간] 요청 10000개 처리 | 현재까지의 RPS: 474.71최근 1000개 request의 p99 TTFT: 1.1067 초 | 
2025-11-18 20:32:51,501 - INFO - [실시간] 요청 11000개 처리 | 현재까지의 RPS: 476.24최근 1000개 request의 p99 TTFT: 1.1060 초 | 
2025-11-18 20:32:53,297 - INFO - [실시간] 요청 12000개 처리 | 현재까지의 RPS: 482.04최근 1000개 request의 p99 TTFT: 0.5128 초 | 
2025-11-18 20:32:55,169 - INFO - [실시간] 요청 13000개 처리 | 현재까지의 RPS: 485.70최근 1000개 request의 p99 TTFT: 0.4972 초 | 
2025-11-18 20:32:57,027 - INFO - [실시간] 요청 14000개 처리 | 현재까지의 RPS: 489.11최근 1000개 request의 p99 TTFT: 0.5359 초 | 
2025-11-18 20:32:58,789 - INFO - [실시간] 요청 15000개 처리 | 현재까지의 RPS: 493.65최근 1000개 request의 p99 TTFT: 0.4299 초 | 
2025-11-18 20:33:00,595 - INFO - [실시간] 요청 16000개 처리 | 현재까지의 RPS: 497.03최근 1000개 request의 p99 TTFT: 0.2099 초 | 
2025-11-18 20:33:02,307 - INFO - [실시간] 요청 17000개 처리 | 현재까지의 RPS: 501.42최근 1000개 request의 p99 TTFT: 0.4467 초 | 
2025-11-18 20:33:04,183 - INFO - [실시간] 요청 18000개 처리 | 현재까지의 RPS: 503.08최근 1000개 request의 p99 TTFT: 0.6164 초 | 
2025-11-18 20:33:05,891 - INFO - [실시간] 요청 19000개 처리 | 현재까지의 RPS: 506.83최근 1000개 request의 p99 TTFT: 0.6147 초 | 
2025-11-18 20:33:07,590 - INFO - [실시간] 요청 20000개 처리 | 현재까지의 RPS: 510.37최근 1000개 request의 p99 TTFT: 0.4221 초 | 
2025-11-18 20:33:09,317 - INFO - [실시간] 요청 21000개 처리 | 현재까지의 RPS: 513.27최근 1000개 request의 p99 TTFT: 0.3775 초 | 
2025-11-18 20:33:11,050 - INFO - [실시간] 요청 22000개 처리 | 현재까지의 RPS: 515.87최근 1000개 request의 p99 TTFT: 0.2218 초 | 
2025-11-18 20:33:12,914 - INFO - [실시간] 요청 23000개 처리 | 현재까지의 RPS: 516.73최근 1000개 request의 p99 TTFT: 0.2474 초 | 
2025-11-18 20:33:14,851 - INFO - [실시간] 요청 24000개 처리 | 현재까지의 RPS: 516.71최근 1000개 request의 p99 TTFT: 0.6085 초 | 
2025-11-18 20:33:16,532 - INFO - [실시간] 요청 25000개 처리 | 현재까지의 RPS: 519.44최근 1000개 request의 p99 TTFT: 0.5272 초 | 
2025-11-18 20:33:18,277 - INFO - [실시간] 요청 26000개 처리 | 현재까지의 RPS: 521.32최근 1000개 request의 p99 TTFT: 0.2318 초 | 
2025-11-18 20:33:20,061 - INFO - [실시간] 요청 27000개 처리 | 현재까지의 RPS: 522.67최근 1000개 request의 p99 TTFT: 0.2113 초 | 
2025-11-18 20:33:21,832 - INFO - [실시간] 요청 28000개 처리 | 현재까지의 RPS: 524.06최근 1000개 request의 p99 TTFT: 0.2218 초 | 
2025-11-18 20:33:23,719 - INFO - [실시간] 요청 29000개 처리 | 현재까지의 RPS: 524.27최근 1000개 request의 p99 TTFT: 0.4850 초 | 
2025-11-18 20:33:25,519 - INFO - [실시간] 요청 30000개 처리 | 현재까지의 RPS: 525.25최근 1000개 request의 p99 TTFT: 0.7796 초 | 
2025-11-18 20:33:27,221 - INFO - [실시간] 요청 31000개 처리 | 현재까지의 RPS: 527.05최근 1000개 request의 p99 TTFT: 0.6305 초 | 
2025-11-18 20:33:28,961 - INFO - [실시간] 요청 32000개 처리 | 현재까지의 RPS: 528.42최근 1000개 request의 p99 TTFT: 0.4600 초 | 
2025-11-18 20:33:30,551 - INFO - [실시간] 요청 33000개 처리 | 현재까지의 RPS: 531.00최근 1000개 request의 p99 TTFT: 0.7240 초 | 
2025-11-18 20:33:32,071 - INFO - [실시간] 요청 34000개 처리 | 현재까지의 RPS: 534.02최근 1000개 request의 p99 TTFT: 0.5742 초 | 
2025-11-18 20:33:33,764 - INFO - [실시간] 요청 35000개 처리 | 현재까지의 RPS: 535.49최근 1000개 request의 p99 TTFT: 0.8213 초 | 
2025-11-18 20:33:35,210 - INFO - [실시간] 요청 36000개 처리 | 현재까지의 RPS: 538.87최근 1000개 request의 p99 TTFT: 0.8681 초 | 
2025-11-18 20:33:36,651 - INFO - [실시간] 요청 37000개 처리 | 현재까지의 RPS: 542.14최근 1000개 request의 p99 TTFT: 0.5764 초 | 
2025-11-18 20:33:38,129 - INFO - [실시간] 요청 38000개 처리 | 현재까지의 RPS: 544.99최근 1000개 request의 p99 TTFT: 0.2924 초 | 
2025-11-18 20:33:39,544 - INFO - [실시간] 요청 39000개 처리 | 현재까지의 RPS: 548.21최근 1000개 request의 p99 TTFT: 0.3988 초 | 
2025-11-18 20:33:41,217 - INFO - [실시간] 요청 40000개 처리 | 현재까지의 RPS: 549.35최근 1000개 request의 p99 TTFT: 0.7458 초 | 
2025-11-18 20:33:42,601 - INFO - [실시간] 요청 41000개 처리 | 현재까지의 RPS: 552.58최근 1000개 request의 p99 TTFT: 0.9107 초 | 
2025-11-18 20:33:43,953 - INFO - [실시간] 요청 42000개 처리 | 현재까지의 RPS: 555.93최근 1000개 request의 p99 TTFT: 0.3945 초 | 
2025-11-18 20:33:45,325 - INFO - [실시간] 요청 43000개 처리 | 현재까지의 RPS: 559.01최근 1000개 request의 p99 TTFT: 0.4762 초 | 
2025-11-18 20:33:46,882 - INFO - [실시간] 요청 44000개 처리 | 현재까지의 RPS: 560.66최근 1000개 request의 p99 TTFT: 0.6363 초 | 
2025-11-18 20:33:48,368 - INFO - [실시간] 요청 45000개 처리 | 현재까지의 RPS: 562.75최근 1000개 request의 p99 TTFT: 1.0924 초 | 
통계에 반영된 요청 인덱스 범위: 0 ~ 45819 (총 45819개 요청)
통계 반영된 요청 수: 45819, 통계 반영된 시간: 140.03 초

==================================================
 실험 최종 결과 요약
==================================================
 설정 실험 시간: 80 초
 Clients 수: 9375
 통계 반영 시간: 140.03 초
 총 시도된 요청: 50885 개
 총 완료된 요청: 45819 개
 총 실패한 요청: 5066 개
 완료 요청 중 retrieval이 실패한 요청: 0 개
 요청 성공률: 90.04%
 전체 Requests Per Second (RPS): 327.20
--------------------------------------------------
 Time to First Token (TTFT) Latency:
  - 평균 (Mean): 0.1660 초
  - 중간값 (50%ile): 0.1356 초
  - 최소값 (Min): 0.0174 초
  - 최대값 (Max): 1.4034 초
  - 95%ile Tail: 0.4649 초
  - 99%ile Tail: 0.7520 초
--------------------------------------------------
 Time Per Output Token (TPOT):
  - 평균 (Mean): 17.01 ms/token
--------------------------------------------------
 Embedding Latency:
  - 총 샘플 수: 45814
  - 평균 (Mean): 10.06 ms
  - 중간값 (50%ile): 7.00 ms
  - 95%ile Tail: 26.00 ms
  - 99%ile Tail: 65.00 ms
--------------------------------------------------
 VectorDB Search Latency:
  - 총 샘플 수: 45814
  - 평균 (Mean): 56.17 ms
  - 중간값 (50%ile): 22.00 ms
  - 95%ile Tail: 227.00 ms
  - 99%ile Tail: 487.00 ms
--------------------------------------------------
 Document Search Latency:
  - 총 샘플 수: 45814
  - 평균 (Mean): 22.44 ms
  - 중간값 (50%ile): 8.00 ms
  - 95%ile Tail: 85.00 ms
  - 99%ile Tail: 226.00 ms
--------------------------------------------------
 Total Retrieval Latency:
  - 총 샘플 수: 45819
  - 평균 (Mean): 88.67 ms
  - 중간값 (50%ile): 44.00 ms
  - 95%ile Tail: 349.00 ms
  - 99%ile Tail: 630.00 ms
==================================================
