2025-11-18 20:25:04,391 - INFO - ReqGen 시작: 서버=163.152.48.109:9000, 클라이언트=5000, 시간=80초
2025-11-18 20:25:04,391 - INFO - Hugging Face에서 'kroshan/BioASQ' 데이터셋을 로드합니다...
2025-11-18 20:25:09,867 - INFO - 3266개의 질문을 로드했습니다.
2025-11-18 20:25:09,867 - INFO - 부하 테스트 시작, client 수 = 5000
2025-11-18 20:25:09,868 - INFO - Zipf 값 1.2에서 상위 20%의 질문이 차지하는 비율: 91.82%
2025-11-18 20:25:15,673 - INFO - [실시간] 요청 1000개 처리 | 현재까지의 RPS: 172.24최근 1000개 request의 p99 TTFT: 0.2049 초 | 
2025-11-18 20:25:19,059 - INFO - [실시간] 요청 2000개 처리 | 현재까지의 RPS: 217.60최근 1000개 request의 p99 TTFT: 0.1935 초 | 
2025-11-18 20:25:22,022 - INFO - [실시간] 요청 3000개 처리 | 현재까지의 RPS: 246.82최근 1000개 request의 p99 TTFT: 0.3427 초 | 
2025-11-18 20:25:24,613 - INFO - [실시간] 요청 4000개 처리 | 현재까지의 RPS: 271.26최근 1000개 request의 p99 TTFT: 0.4366 초 | 
2025-11-18 20:25:26,994 - INFO - [실시간] 요청 5000개 처리 | 현재까지의 RPS: 291.94최근 1000개 request의 p99 TTFT: 0.3167 초 | 
2025-11-18 20:25:29,129 - INFO - [실시간] 요청 6000개 처리 | 현재까지의 RPS: 311.49최근 1000개 request의 p99 TTFT: 0.3762 초 | 
2025-11-18 20:25:31,381 - INFO - [실시간] 요청 7000개 처리 | 현재까지의 RPS: 325.37최근 1000개 request의 p99 TTFT: 0.4351 초 | 
2025-11-18 20:25:34,499 - INFO - [실시간] 요청 8000개 처리 | 현재까지의 RPS: 324.79최근 1000개 request의 p99 TTFT: 0.2253 초 | 
2025-11-18 20:25:37,262 - INFO - [실시간] 요청 9000개 처리 | 현재까지의 RPS: 328.53최근 1000개 request의 p99 TTFT: 0.2691 초 | 
2025-11-18 20:25:39,934 - INFO - [실시간] 요청 10000개 처리 | 현재까지의 RPS: 332.60최근 1000개 request의 p99 TTFT: 0.4415 초 | 
2025-11-18 20:25:42,415 - INFO - [실시간] 요청 11000개 처리 | 현재까지의 RPS: 337.96최근 1000개 request의 p99 TTFT: 0.2366 초 | 
2025-11-18 20:25:44,961 - INFO - [실시간] 요청 12000개 처리 | 현재까지의 RPS: 341.94최근 1000개 request의 p99 TTFT: 0.1922 초 | 
2025-11-18 20:25:47,512 - INFO - [실시간] 요청 13000개 처리 | 현재까지의 RPS: 345.34최근 1000개 request의 p99 TTFT: 0.4193 초 | 
2025-11-18 20:25:50,153 - INFO - [실시간] 요청 14000개 처리 | 현재까지의 RPS: 347.52최근 1000개 request의 p99 TTFT: 0.2924 초 | 
2025-11-18 20:25:52,858 - INFO - [실시간] 요청 15000개 처리 | 현재까지의 RPS: 348.91최근 1000개 request의 p99 TTFT: 0.2299 초 | 
2025-11-18 20:25:55,420 - INFO - [실시간] 요청 16000개 처리 | 현재까지의 RPS: 351.24최근 1000개 request의 p99 TTFT: 0.4516 초 | 
2025-11-18 20:25:57,949 - INFO - [실시간] 요청 17000개 처리 | 현재까지의 RPS: 353.56최근 1000개 request의 p99 TTFT: 0.3028 초 | 
2025-11-18 20:26:00,651 - INFO - [실시간] 요청 18000개 처리 | 현재까지의 RPS: 354.45최근 1000개 request의 p99 TTFT: 0.2095 초 | 
2025-11-18 20:26:03,164 - INFO - [실시간] 요청 19000개 처리 | 현재까지의 RPS: 356.50최근 1000개 request의 p99 TTFT: 0.2305 초 | 
2025-11-18 20:26:05,786 - INFO - [실시간] 요청 20000개 처리 | 현재까지의 RPS: 357.66최근 1000개 request의 p99 TTFT: 0.3875 초 | 
2025-11-18 20:26:08,402 - INFO - [실시간] 요청 21000개 처리 | 현재까지의 RPS: 358.76최근 1000개 request의 p99 TTFT: 0.2207 초 | 
2025-11-18 20:26:10,994 - INFO - [실시간] 요청 22000개 처리 | 현재까지의 RPS: 359.91최근 1000개 request의 p99 TTFT: 0.2827 초 | 
2025-11-18 20:26:13,271 - INFO - [실시간] 요청 23000개 처리 | 현재까지의 RPS: 362.75최근 1000개 request의 p99 TTFT: 0.3063 초 | 
2025-11-18 20:26:15,552 - INFO - [실시간] 요청 24000개 처리 | 현재까지의 RPS: 365.38최근 1000개 request의 p99 TTFT: 0.2132 초 | 
2025-11-18 20:26:17,959 - INFO - [실시간] 요청 25000개 처리 | 현재까지의 RPS: 367.15최근 1000개 request의 p99 TTFT: 0.2456 초 | 
2025-11-18 20:26:20,377 - INFO - [실시간] 요청 26000개 처리 | 현재까지의 RPS: 368.74최근 1000개 request의 p99 TTFT: 0.4259 초 | 
2025-11-18 20:26:22,720 - INFO - [실시간] 요청 27000개 처리 | 현재까지의 RPS: 370.61최근 1000개 request의 p99 TTFT: 0.2394 초 | 
2025-11-18 20:26:25,097 - INFO - [실시간] 요청 28000개 처리 | 현재까지의 RPS: 372.20최근 1000개 request의 p99 TTFT: 0.3274 초 | 
2025-11-18 20:26:27,465 - INFO - [실시간] 요청 29000개 처리 | 현재까지의 RPS: 373.72최근 1000개 request의 p99 TTFT: 0.3522 초 | 
2025-11-18 20:26:29,573 - INFO - [실시간] 요청 30000개 처리 | 현재까지의 RPS: 376.39최근 1000개 request의 p99 TTFT: 0.5097 초 | 
통계에 반영된 요청 인덱스 범위: 0 ~ 30577 (총 30577개 요청)
통계 반영된 요청 수: 30577, 통계 반영된 시간: 139.15 초

==================================================
 실험 최종 결과 요약
==================================================
 설정 실험 시간: 80 초
 Clients 수: 5000
 통계 반영 시간: 139.15 초
 총 시도된 요청: 31638 개
 총 완료된 요청: 30577 개
 총 실패한 요청: 1061 개
 완료 요청 중 retrieval이 실패한 요청: 0 개
 요청 성공률: 96.65%
 전체 Requests Per Second (RPS): 219.75
--------------------------------------------------
 Time to First Token (TTFT) Latency:
  - 평균 (Mean): 0.1063 초
  - 중간값 (50%ile): 0.0982 초
  - 최소값 (Min): 0.0177 초
  - 최대값 (Max): 0.7167 초
  - 95%ile Tail: 0.1936 초
  - 99%ile Tail: 0.3473 초
--------------------------------------------------
 Time Per Output Token (TPOT):
  - 평균 (Mean): 16.81 ms/token
--------------------------------------------------
 Embedding Latency:
  - 총 샘플 수: 30573
  - 평균 (Mean): 8.74 ms
  - 중간값 (50%ile): 8.00 ms
  - 95%ile Tail: 15.00 ms
  - 99%ile Tail: 25.00 ms
--------------------------------------------------
 VectorDB Search Latency:
  - 총 샘플 수: 30573
  - 평균 (Mean): 13.46 ms
  - 중간값 (50%ile): 11.00 ms
  - 95%ile Tail: 24.00 ms
  - 99%ile Tail: 58.28 ms
--------------------------------------------------
 Document Search Latency:
  - 총 샘플 수: 30573
  - 평균 (Mean): 15.59 ms
  - 중간값 (50%ile): 7.00 ms
  - 95%ile Tail: 55.00 ms
  - 99%ile Tail: 129.00 ms
--------------------------------------------------
 Total Retrieval Latency:
  - 총 샘플 수: 30577
  - 평균 (Mean): 37.81 ms
  - 중간값 (50%ile): 27.00 ms
  - 95%ile Tail: 91.00 ms
  - 99%ile Tail: 200.24 ms
==================================================
