2025-11-18 20:27:30,188 - INFO - ReqGen 시작: 서버=163.152.48.109:9000, 클라이언트=7500, 시간=80초
2025-11-18 20:27:30,188 - INFO - Hugging Face에서 'kroshan/BioASQ' 데이터셋을 로드합니다...
2025-11-18 20:27:35,393 - INFO - 3266개의 질문을 로드했습니다.
2025-11-18 20:27:35,394 - INFO - 부하 테스트 시작, client 수 = 7500
2025-11-18 20:27:35,394 - INFO - Zipf 값 1.2에서 상위 20%의 질문이 차지하는 비율: 91.82%
2025-11-18 20:27:40,710 - INFO - [실시간] 요청 1000개 처리 | 현재까지의 RPS: 188.11최근 1000개 request의 p99 TTFT: 0.3879 초 | 
2025-11-18 20:27:43,178 - INFO - [실시간] 요청 2000개 처리 | 현재까지의 RPS: 256.92최근 1000개 request의 p99 TTFT: 0.5262 초 | 
2025-11-18 20:27:45,609 - INFO - [실시간] 요청 3000개 처리 | 현재까지의 RPS: 293.68최근 1000개 request의 p99 TTFT: 0.2721 초 | 
2025-11-18 20:27:47,673 - INFO - [실시간] 요청 4000개 처리 | 현재까지의 RPS: 325.75최근 1000개 request의 p99 TTFT: 0.2240 초 | 
2025-11-18 20:27:49,674 - INFO - [실시간] 요청 5000개 처리 | 현재까지의 RPS: 350.14최근 1000개 request의 p99 TTFT: 0.3381 초 | 
2025-11-18 20:27:51,514 - INFO - [실시간] 요청 6000개 처리 | 현재까지의 RPS: 372.21최근 1000개 request의 p99 TTFT: 0.5061 초 | 
2025-11-18 20:27:53,331 - INFO - [실시간] 요청 7000개 처리 | 현재까지의 RPS: 390.25최근 1000개 request의 p99 TTFT: 0.3777 초 | 
2025-11-18 20:27:54,933 - INFO - [실시간] 요청 8000개 처리 | 현재까지의 RPS: 409.43최근 1000개 request의 p99 TTFT: 0.8843 초 | 
2025-11-18 20:27:56,612 - INFO - [실시간] 요청 9000개 처리 | 현재까지의 RPS: 424.17최근 1000개 request의 p99 TTFT: 0.5659 초 | 
2025-11-18 20:27:58,810 - INFO - [실시간] 요청 10000개 처리 | 현재까지의 RPS: 427.06최근 1000개 request의 p99 TTFT: 0.4176 초 | 
2025-11-18 20:28:00,891 - INFO - [실시간] 요청 11000개 처리 | 현재까지의 RPS: 431.42최근 1000개 request의 p99 TTFT: 0.5641 초 | 
2025-11-18 20:28:02,901 - INFO - [실시간] 요청 12000개 처리 | 현재까지의 RPS: 436.25최근 1000개 request의 p99 TTFT: 0.2534 초 | 
2025-11-18 20:28:04,889 - INFO - [실시간] 요청 13000개 처리 | 현재까지의 RPS: 440.76최근 1000개 request의 p99 TTFT: 0.1974 초 | 
2025-11-18 20:28:06,807 - INFO - [실시간] 요청 14000개 처리 | 현재까지의 RPS: 445.67최근 1000개 request의 p99 TTFT: 0.2035 초 | 
2025-11-18 20:28:08,704 - INFO - [실시간] 요청 15000개 처리 | 현재까지의 RPS: 450.31최근 1000개 request의 p99 TTFT: 0.2756 초 | 
2025-11-18 20:28:10,598 - INFO - [실시간] 요청 16000개 처리 | 현재까지의 RPS: 454.49최근 1000개 request의 p99 TTFT: 0.4919 초 | 
2025-11-18 20:28:12,401 - INFO - [실시간] 요청 17000개 처리 | 현재까지의 RPS: 459.37최근 1000개 request의 p99 TTFT: 0.5186 초 | 
2025-11-18 20:28:14,430 - INFO - [실시간] 요청 18000개 처리 | 현재까지의 RPS: 461.11최근 1000개 request의 p99 TTFT: 0.2012 초 | 
2025-11-18 20:28:16,323 - INFO - [실시간] 요청 19000개 처리 | 현재까지의 RPS: 464.22최근 1000개 request의 p99 TTFT: 0.4394 초 | 
2025-11-18 20:28:18,294 - INFO - [실시간] 요청 20000개 처리 | 현재까지의 RPS: 466.20최근 1000개 request의 p99 TTFT: 0.4191 초 | 
2025-11-18 20:28:20,246 - INFO - [실시간] 요청 21000개 처리 | 현재까지의 RPS: 468.21최근 1000개 request의 p99 TTFT: 0.2865 초 | 
2025-11-18 20:28:22,119 - INFO - [실시간] 요청 22000개 처리 | 현재까지의 RPS: 470.84최근 1000개 request의 p99 TTFT: 0.2281 초 | 
2025-11-18 20:28:24,181 - INFO - [실시간] 요청 23000개 처리 | 현재까지의 RPS: 471.44최근 1000개 request의 p99 TTFT: 0.4760 초 | 
2025-11-18 20:28:26,112 - INFO - [실시간] 요청 24000개 처리 | 현재까지의 RPS: 473.20최근 1000개 request의 p99 TTFT: 0.3222 초 | 
2025-11-18 20:28:28,028 - INFO - [실시간] 요청 25000개 처리 | 현재까지의 RPS: 474.98최근 1000개 request의 p99 TTFT: 0.4112 초 | 
2025-11-18 20:28:30,000 - INFO - [실시간] 요청 26000개 처리 | 현재까지의 RPS: 476.13최근 1000개 request의 p99 TTFT: 0.2065 초 | 
2025-11-18 20:28:31,859 - INFO - [실시간] 요청 27000개 처리 | 현재까지의 RPS: 478.17최근 1000개 request의 p99 TTFT: 0.1961 초 | 
2025-11-18 20:28:34,124 - INFO - [실시간] 요청 28000개 처리 | 현재까지의 RPS: 476.76최근 1000개 request의 p99 TTFT: 0.3951 초 | 
2025-11-18 20:28:35,888 - INFO - [실시간] 요청 29000개 처리 | 현재까지의 RPS: 479.38최근 1000개 request의 p99 TTFT: 0.6100 초 | 
2025-11-18 20:28:37,546 - INFO - [실시간] 요청 30000개 처리 | 현재까지의 RPS: 482.68최근 1000개 request의 p99 TTFT: 0.5633 초 | 
2025-11-18 20:28:39,131 - INFO - [실시간] 요청 31000개 처리 | 현재까지의 RPS: 486.37최근 1000개 request의 p99 TTFT: 0.2001 초 | 
2025-11-18 20:28:40,822 - INFO - [실시간] 요청 32000개 처리 | 현재까지의 RPS: 489.08최근 1000개 request의 p99 TTFT: 0.4847 초 | 
2025-11-18 20:28:42,540 - INFO - [실시간] 요청 33000개 처리 | 현재까지의 RPS: 491.47최근 1000개 request의 p99 TTFT: 0.3986 초 | 
2025-11-18 20:28:44,338 - INFO - [실시간] 요청 34000개 처리 | 현재까지의 RPS: 493.15최근 1000개 request의 p99 TTFT: 0.5501 초 | 
2025-11-18 20:28:45,995 - INFO - [실시간] 요청 35000개 처리 | 현재까지의 RPS: 495.75최근 1000개 request의 p99 TTFT: 0.5635 초 | 
2025-11-18 20:28:47,612 - INFO - [실시간] 요청 36000개 처리 | 현재까지의 RPS: 498.49최근 1000개 request의 p99 TTFT: 0.4080 초 | 
2025-11-18 20:28:49,299 - INFO - [실시간] 요청 37000개 처리 | 현재까지의 RPS: 500.64최근 1000개 request의 p99 TTFT: 0.3129 초 | 
2025-11-18 20:28:50,824 - INFO - [실시간] 요청 38000개 처리 | 현재까지의 RPS: 503.78최근 1000개 request의 p99 TTFT: 0.4645 초 | 
2025-11-18 20:28:52,410 - INFO - [실시간] 요청 39000개 처리 | 현재까지의 RPS: 506.39최근 1000개 request의 p99 TTFT: 0.3999 초 | 
2025-11-18 20:28:54,149 - INFO - [실시간] 요청 40000개 처리 | 현재까지의 RPS: 507.91최근 1000개 request의 p99 TTFT: 0.6132 초 | 
2025-11-18 20:28:55,611 - INFO - [실시간] 요청 41000개 처리 | 현재까지의 RPS: 511.12최근 1000개 request의 p99 TTFT: 0.6169 초 | 
통계에 반영된 요청 인덱스 범위: 0 ~ 41000 (총 41000개 요청)
통계 반영된 요청 수: 41000, 통계 반영된 시간: 140.03 초

==================================================
 실험 최종 결과 요약
==================================================
 설정 실험 시간: 80 초
 Clients 수: 7500
 통계 반영 시간: 140.03 초
 총 시도된 요청: 43687 개
 총 완료된 요청: 41000 개
 총 실패한 요청: 2687 개
 완료 요청 중 retrieval이 실패한 요청: -499 개
 요청 성공률: 93.85%
 전체 Requests Per Second (RPS): 292.80
--------------------------------------------------
 Time to First Token (TTFT) Latency:
  - 평균 (Mean): 0.1289 초
  - 중간값 (50%ile): 0.1163 초
  - 최소값 (Min): 0.0172 초
  - 최대값 (Max): 1.0171 초
  - 95%ile Tail: 0.2963 초
  - 99%ile Tail: 0.5033 초
--------------------------------------------------
 Time Per Output Token (TPOT):
  - 평균 (Mean): 16.91 ms/token
--------------------------------------------------
 Embedding Latency:
  - 총 샘플 수: 41000
  - 평균 (Mean): 8.67 ms
  - 중간값 (50%ile): 7.00 ms
  - 95%ile Tail: 18.00 ms
  - 99%ile Tail: 45.00 ms
--------------------------------------------------
 VectorDB Search Latency:
  - 총 샘플 수: 41000
  - 평균 (Mean): 23.84 ms
  - 중간값 (50%ile): 14.00 ms
  - 95%ile Tail: 74.00 ms
  - 99%ile Tail: 230.01 ms
--------------------------------------------------
 Document Search Latency:
  - 총 샘플 수: 41000
  - 평균 (Mean): 19.18 ms
  - 중간값 (50%ile): 7.00 ms
  - 95%ile Tail: 72.00 ms
  - 99%ile Tail: 177.00 ms
--------------------------------------------------
 Total Retrieval Latency:
  - 총 샘플 수: 41000
  - 평균 (Mean): 51.71 ms
  - 중간값 (50%ile): 30.00 ms
  - 95%ile Tail: 173.00 ms
  - 99%ile Tail: 400.01 ms
==================================================
