2025-11-18 20:29:56,621 - INFO - ReqGen 시작: 서버=163.152.48.109:9000, 클라이언트=8750, 시간=80초
2025-11-18 20:29:56,621 - INFO - Hugging Face에서 'kroshan/BioASQ' 데이터셋을 로드합니다...
2025-11-18 20:30:01,851 - INFO - 3266개의 질문을 로드했습니다.
2025-11-18 20:30:01,851 - INFO - 부하 테스트 시작, client 수 = 8750
2025-11-18 20:30:01,852 - INFO - Zipf 값 1.2에서 상위 20%의 질문이 차지하는 비율: 91.82%
2025-11-18 20:30:06,622 - INFO - [실시간] 요청 1000개 처리 | 현재까지의 RPS: 209.63최근 1000개 request의 p99 TTFT: 0.3478 초 | 
2025-11-18 20:30:09,082 - INFO - [실시간] 요청 2000개 처리 | 현재까지의 RPS: 276.62최근 1000개 request의 p99 TTFT: 0.2411 초 | 
2025-11-18 20:30:11,174 - INFO - [실시간] 요청 3000개 처리 | 현재까지의 RPS: 321.81최근 1000개 request의 p99 TTFT: 0.3172 초 | 
2025-11-18 20:30:13,134 - INFO - [실시간] 요청 4000개 처리 | 현재까지의 RPS: 354.52최근 1000개 request의 p99 TTFT: 0.3130 초 | 
2025-11-18 20:30:15,025 - INFO - [실시간] 요청 5000개 처리 | 현재까지의 RPS: 379.55최근 1000개 request의 p99 TTFT: 0.4141 초 | 
2025-11-18 20:30:16,808 - INFO - [실시간] 요청 6000개 처리 | 현재까지의 RPS: 401.16최근 1000개 request의 p99 TTFT: 0.4357 초 | 
2025-11-18 20:30:18,420 - INFO - [실시간] 요청 7000개 처리 | 현재까지의 RPS: 422.48최근 1000개 request의 p99 TTFT: 0.4484 초 | 
2025-11-18 20:30:20,006 - INFO - [실시간] 요청 8000개 처리 | 현재까지의 RPS: 440.65최근 1000개 request의 p99 TTFT: 0.3860 초 | 
2025-11-18 20:30:21,573 - INFO - [실시간] 요청 9000개 처리 | 현재까지의 RPS: 456.36최근 1000개 request의 p99 TTFT: 0.8349 초 | 
2025-11-18 20:30:23,130 - INFO - [실시간] 요청 10000개 처리 | 현재까지의 RPS: 469.96최근 1000개 request의 p99 TTFT: 0.6921 초 | 
2025-11-18 20:30:24,830 - INFO - [실시간] 요청 11000개 처리 | 현재까지의 RPS: 478.71최근 1000개 request의 p99 TTFT: 0.8568 초 | 
2025-11-18 20:30:26,728 - INFO - [실시간] 요청 12000개 처리 | 현재까지의 RPS: 482.38최근 1000개 request의 p99 TTFT: 0.2782 초 | 
2025-11-18 20:30:28,522 - INFO - [실시간] 요청 13000개 처리 | 현재까지의 RPS: 487.42최근 1000개 request의 p99 TTFT: 0.2218 초 | 
2025-11-18 20:30:30,333 - INFO - [실시간] 요청 14000개 처리 | 현재까지의 RPS: 491.55최근 1000개 request의 p99 TTFT: 0.2469 초 | 
2025-11-18 20:30:32,102 - INFO - [실시간] 요청 15000개 처리 | 현재까지의 RPS: 495.86최근 1000개 request의 p99 TTFT: 0.2601 초 | 
2025-11-18 20:30:33,931 - INFO - [실시간] 요청 16000개 처리 | 현재까지의 RPS: 498.77최근 1000개 request의 p99 TTFT: 0.9434 초 | 
2025-11-18 20:30:35,493 - INFO - [실시간] 요청 17000개 처리 | 현재까지의 RPS: 505.33최근 1000개 request의 p99 TTFT: 0.9776 초 | 
2025-11-18 20:30:37,163 - INFO - [실시간] 요청 18000개 처리 | 현재까지의 RPS: 509.75최근 1000개 request의 p99 TTFT: 0.4089 초 | 
2025-11-18 20:30:38,986 - INFO - [실시간] 요청 19000개 처리 | 현재까지의 RPS: 511.65최근 1000개 request의 p99 TTFT: 0.2186 초 | 
2025-11-18 20:30:40,780 - INFO - [실시간] 요청 20000개 처리 | 현재까지의 RPS: 513.76최근 1000개 request의 p99 TTFT: 0.4675 초 | 
2025-11-18 20:30:42,436 - INFO - [실시간] 요청 21000개 처리 | 현재까지의 RPS: 517.44최근 1000개 request의 p99 TTFT: 0.5433 초 | 
2025-11-18 20:30:44,320 - INFO - [실시간] 요청 22000개 처리 | 현재까지의 RPS: 518.03최근 1000개 request의 p99 TTFT: 0.5295 초 | 
2025-11-18 20:30:45,945 - INFO - [실시간] 요청 23000개 처리 | 현재까지의 RPS: 521.62최근 1000개 request의 p99 TTFT: 0.5223 초 | 
2025-11-18 20:30:47,764 - INFO - [실시간] 요청 24000개 처리 | 현재까지의 RPS: 522.73최근 1000개 request의 p99 TTFT: 0.4925 초 | 
2025-11-18 20:30:49,465 - INFO - [실시간] 요청 25000개 처리 | 현재까지의 RPS: 525.06최근 1000개 request의 p99 TTFT: 0.4969 초 | 
2025-11-18 20:30:51,167 - INFO - [실시간] 요청 26000개 처리 | 현재까지의 RPS: 527.22최근 1000개 request의 p99 TTFT: 0.3609 초 | 
2025-11-18 20:30:52,899 - INFO - [실시간] 요청 27000개 처리 | 현재까지의 RPS: 528.92최근 1000개 request의 p99 TTFT: 0.2270 초 | 
2025-11-18 20:30:54,772 - INFO - [실시간] 요청 28000개 처리 | 현재까지의 RPS: 529.09최근 1000개 request의 p99 TTFT: 0.5412 초 | 
2025-11-18 20:30:56,413 - INFO - [실시간] 요청 29000개 처리 | 현재까지의 RPS: 531.51최근 1000개 request의 p99 TTFT: 0.8020 초 | 
2025-11-18 20:30:58,197 - INFO - [실시간] 요청 30000개 처리 | 현재까지의 RPS: 532.43최근 1000개 request의 p99 TTFT: 0.2369 초 | 
2025-11-18 20:31:00,018 - INFO - [실시간] 요청 31000개 처리 | 현재까지의 RPS: 532.95최근 1000개 request의 p99 TTFT: 0.4401 초 | 
2025-11-18 20:31:01,812 - INFO - [실시간] 요청 32000개 처리 | 현재까지의 RPS: 533.68최근 1000개 request의 p99 TTFT: 0.4334 초 | 
2025-11-18 20:31:03,608 - INFO - [실시간] 요청 33000개 처리 | 현재까지의 RPS: 534.35최근 1000개 request의 p99 TTFT: 0.4846 초 | 
2025-11-18 20:31:05,180 - INFO - [실시간] 요청 34000개 처리 | 현재까지의 RPS: 536.88최근 1000개 request의 p99 TTFT: 0.7512 초 | 
2025-11-18 20:31:06,648 - INFO - [실시간] 요청 35000개 처리 | 현재까지의 RPS: 540.15최근 1000개 request의 p99 TTFT: 0.6214 초 | 
2025-11-18 20:31:08,180 - INFO - [실시간] 요청 36000개 처리 | 현재까지의 RPS: 542.75최근 1000개 request의 p99 TTFT: 0.4873 초 | 
2025-11-18 20:31:09,602 - INFO - [실시간] 요청 37000개 처리 | 현재까지의 RPS: 546.12최근 1000개 request의 p99 TTFT: 0.4353 초 | 
2025-11-18 20:31:11,243 - INFO - [실시간] 요청 38000개 처리 | 현재까지의 RPS: 547.62최근 1000개 request의 p99 TTFT: 0.3290 초 | 
2025-11-18 20:31:12,926 - INFO - [실시간] 요청 39000개 처리 | 현재까지의 RPS: 548.72최근 1000개 request의 p99 TTFT: 0.8469 초 | 
2025-11-18 20:31:14,310 - INFO - [실시간] 요청 40000개 처리 | 현재까지의 RPS: 552.04최근 1000개 request의 p99 TTFT: 0.8999 초 | 
2025-11-18 20:31:15,734 - INFO - [실시간] 요청 41000개 처리 | 현재까지의 RPS: 554.93최근 1000개 request의 p99 TTFT: 0.4193 초 | 
2025-11-18 20:31:17,116 - INFO - [실시간] 요청 42000개 처리 | 현재까지의 RPS: 558.03최근 1000개 request의 p99 TTFT: 0.3209 초 | 
2025-11-18 20:31:18,545 - INFO - [실시간] 요청 43000개 처리 | 현재까지의 RPS: 560.67최근 1000개 request의 p99 TTFT: 0.2919 초 | 
2025-11-18 20:31:20,228 - INFO - [실시간] 요청 44000개 처리 | 현재까지의 RPS: 561.39최근 1000개 request의 p99 TTFT: 0.6585 초 | 
2025-11-18 20:31:21,631 - INFO - [실시간] 요청 45000개 처리 | 현재까지의 RPS: 564.06최근 1000개 request의 p99 TTFT: 1.0763 초 | 
통계에 반영된 요청 인덱스 범위: 0 ~ 45926 (총 45926개 요청)
통계 반영된 요청 수: 45926, 통계 반영된 시간: 139.98 초

==================================================
 실험 최종 결과 요약
==================================================
 설정 실험 시간: 80 초
 Clients 수: 8750
 통계 반영 시간: 139.98 초
 총 시도된 요청: 49784 개
 총 완료된 요청: 45926 개
 총 실패한 요청: 3858 개
 완료 요청 중 retrieval이 실패한 요청: 0 개
 요청 성공률: 92.25%
 전체 Requests Per Second (RPS): 328.08
--------------------------------------------------
 Time to First Token (TTFT) Latency:
  - 평균 (Mean): 0.1537 초
  - 중간값 (50%ile): 0.1331 초
  - 최소값 (Min): 0.0172 초
  - 최대값 (Max): 1.2709 초
  - 95%ile Tail: 0.3918 초
  - 99%ile Tail: 0.7084 초
--------------------------------------------------
 Time Per Output Token (TPOT):
  - 평균 (Mean): 16.96 ms/token
--------------------------------------------------
 Embedding Latency:
  - 총 샘플 수: 45924
  - 평균 (Mean): 9.42 ms
  - 중간값 (50%ile): 6.00 ms
  - 95%ile Tail: 23.00 ms
  - 99%ile Tail: 59.00 ms
--------------------------------------------------
 VectorDB Search Latency:
  - 총 샘플 수: 45924
  - 평균 (Mean): 39.69 ms
  - 중간값 (50%ile): 18.00 ms
  - 95%ile Tail: 151.00 ms
  - 99%ile Tail: 390.77 ms
--------------------------------------------------
 Document Search Latency:
  - 총 샘플 수: 45924
  - 평균 (Mean): 20.65 ms
  - 중간값 (50%ile): 7.00 ms
  - 95%ile Tail: 79.00 ms
  - 99%ile Tail: 193.00 ms
--------------------------------------------------
 Total Retrieval Latency:
  - 총 샘플 수: 45926
  - 평균 (Mean): 69.77 ms
  - 중간값 (50%ile): 36.00 ms
  - 95%ile Tail: 262.00 ms
  - 99%ile Tail: 555.00 ms
==================================================
