2025-11-18 20:37:16,166 - INFO - ReqGen 시작: 서버=163.152.48.109:9000, 클라이언트=9843, 시간=80초
2025-11-18 20:37:16,167 - INFO - Hugging Face에서 'kroshan/BioASQ' 데이터셋을 로드합니다...
2025-11-18 20:37:26,284 - INFO - 3266개의 질문을 로드했습니다.
2025-11-18 20:37:26,284 - INFO - 부하 테스트 시작, client 수 = 9843
2025-11-18 20:37:26,285 - INFO - Zipf 값 1.2에서 상위 20%의 질문이 차지하는 비율: 91.82%
2025-11-18 20:37:31,164 - INFO - [실시간] 요청 1000개 처리 | 현재까지의 RPS: 204.93최근 1000개 request의 p99 TTFT: 0.3491 초 | 
2025-11-18 20:37:33,518 - INFO - [실시간] 요청 2000개 처리 | 현재까지의 RPS: 276.51최근 1000개 request의 p99 TTFT: 0.5355 초 | 
2025-11-18 20:37:35,695 - INFO - [실시간] 요청 3000개 처리 | 현재까지의 RPS: 318.80최근 1000개 request의 p99 TTFT: 0.4280 초 | 
2025-11-18 20:37:37,508 - INFO - [실시간] 요청 4000개 처리 | 현재까지의 RPS: 356.40최근 1000개 request의 p99 TTFT: 0.4665 초 | 
2025-11-18 20:37:39,261 - INFO - [실시간] 요청 5000개 처리 | 현재까지의 RPS: 385.30최근 1000개 request의 p99 TTFT: 0.4249 초 | 
2025-11-18 20:37:40,853 - INFO - [실시간] 요청 6000개 처리 | 현재까지의 RPS: 411.86최근 1000개 request의 p99 TTFT: 0.5397 초 | 
2025-11-18 20:37:42,521 - INFO - [실시간] 요청 7000개 처리 | 현재까지의 RPS: 431.12최근 1000개 request의 p99 TTFT: 0.6429 초 | 
2025-11-18 20:37:43,952 - INFO - [실시간] 요청 8000개 처리 | 현재까지의 RPS: 452.81최근 1000개 request의 p99 TTFT: 0.6477 초 | 
2025-11-18 20:37:45,438 - INFO - [실시간] 요청 9000개 처리 | 현재까지의 RPS: 469.90최근 1000개 request의 p99 TTFT: 0.8068 초 | 
2025-11-18 20:37:46,847 - INFO - [실시간] 요청 10000개 처리 | 현재까지의 RPS: 486.31최근 1000개 request의 p99 TTFT: 1.4329 초 | 
2025-11-18 20:37:48,354 - INFO - [실시간] 요청 11000개 처리 | 현재까지의 RPS: 498.43최근 1000개 request의 p99 TTFT: 1.4067 초 | 
2025-11-18 20:37:50,131 - INFO - [실시간] 요청 12000개 처리 | 현재까지의 RPS: 503.22최근 1000개 request의 p99 TTFT: 0.6085 초 | 
2025-11-18 20:37:51,942 - INFO - [실시간] 요청 13000개 처리 | 현재까지의 RPS: 506.66최근 1000개 request의 p99 TTFT: 0.1899 초 | 
2025-11-18 20:37:53,718 - INFO - [실시간] 요청 14000개 처리 | 현재까지의 RPS: 510.33최근 1000개 request의 p99 TTFT: 0.2031 초 | 
2025-11-18 20:37:55,401 - INFO - [실시간] 요청 15000개 처리 | 현재까지의 RPS: 515.17최근 1000개 request의 p99 TTFT: 0.4815 초 | 
2025-11-18 20:37:57,103 - INFO - [실시간] 요청 16000개 처리 | 현재까지의 RPS: 519.18최근 1000개 request의 p99 TTFT: 0.8327 초 | 
2025-11-18 20:37:58,623 - INFO - [실시간] 요청 17000개 처리 | 현재까지의 RPS: 525.68최근 1000개 request의 p99 TTFT: 0.8725 초 | 
2025-11-18 20:38:00,317 - INFO - [실시간] 요청 18000개 처리 | 현재까지의 RPS: 528.91최근 1000개 request의 p99 TTFT: 0.1901 초 | 
2025-11-18 20:38:01,924 - INFO - [실시간] 요청 19000개 처리 | 현재까지의 RPS: 533.11최근 1000개 request의 p99 TTFT: 0.2281 초 | 
2025-11-18 20:38:03,525 - INFO - [실시간] 요청 20000개 처리 | 현재까지의 RPS: 537.05최근 1000개 request의 p99 TTFT: 0.4957 초 | 
2025-11-18 20:38:05,198 - INFO - [실시간] 요청 21000개 처리 | 현재까지의 RPS: 539.65최근 1000개 request의 p99 TTFT: 0.4660 초 | 
2025-11-18 20:38:06,866 - INFO - [실시간] 요청 22000개 처리 | 현재까지의 RPS: 542.12최근 1000개 request의 p99 TTFT: 0.7859 초 | 
2025-11-18 20:38:08,432 - INFO - [실시간] 요청 23000개 처리 | 현재까지의 RPS: 545.70최근 1000개 request의 p99 TTFT: 0.7545 초 | 
2025-11-18 20:38:10,118 - INFO - [실시간] 요청 24000개 처리 | 현재까지의 RPS: 547.53최근 1000개 request의 p99 TTFT: 0.2081 초 | 
2025-11-18 20:38:11,822 - INFO - [실시간] 요청 25000개 처리 | 현재까지의 RPS: 549.00최근 1000개 request의 p99 TTFT: 0.5045 초 | 
2025-11-18 20:38:13,457 - INFO - [실시간] 요청 26000개 처리 | 현재까지의 RPS: 551.17최근 1000개 request의 p99 TTFT: 0.3270 초 | 
2025-11-18 20:38:15,192 - INFO - [실시간] 요청 27000개 처리 | 현재까지의 RPS: 552.06최근 1000개 request의 p99 TTFT: 0.3482 초 | 
2025-11-18 20:38:16,887 - INFO - [실시간] 요청 28000개 처리 | 현재까지의 RPS: 553.33최근 1000개 request의 p99 TTFT: 0.8697 초 | 
2025-11-18 20:38:18,477 - INFO - [실시간] 요청 29000개 처리 | 현재까지의 RPS: 555.64최근 1000개 request의 p99 TTFT: 0.7940 초 | 
2025-11-18 20:38:20,091 - INFO - [실시간] 요청 30000개 처리 | 현재까지의 RPS: 557.55최근 1000개 request의 p99 TTFT: 0.5348 초 | 
2025-11-18 20:38:21,777 - INFO - [실시간] 요청 31000개 처리 | 현재까지의 RPS: 558.64최근 1000개 request의 p99 TTFT: 0.2043 초 | 
2025-11-18 20:38:23,391 - INFO - [실시간] 요청 32000개 처리 | 현재까지의 RPS: 560.35최근 1000개 request의 p99 TTFT: 0.2070 초 | 
2025-11-18 20:38:25,160 - INFO - [실시간] 요청 33000개 처리 | 현재까지의 RPS: 560.50최근 1000개 request의 p99 TTFT: 0.4574 초 | 
2025-11-18 20:38:26,828 - INFO - [실시간] 요청 34000개 처리 | 현재까지의 RPS: 561.58최근 1000개 request의 p99 TTFT: 0.9833 초 | 
2025-11-18 20:38:28,276 - INFO - [실시간] 요청 35000개 처리 | 현재까지의 RPS: 564.59최근 1000개 request의 p99 TTFT: 0.7650 초 | 
2025-11-18 20:38:29,549 - INFO - [실시간] 요청 36000개 처리 | 현재까지의 RPS: 569.04최근 1000개 request의 p99 TTFT: 0.7327 초 | 
2025-11-18 20:38:30,891 - INFO - [실시간] 요청 37000개 처리 | 현재까지의 RPS: 572.70최근 1000개 request의 p99 TTFT: 0.3870 초 | 
2025-11-18 20:38:32,474 - INFO - [실시간] 요청 38000개 처리 | 현재까지의 RPS: 574.11최근 1000개 request의 p99 TTFT: 0.5764 초 | 
2025-11-18 20:38:33,806 - INFO - [실시간] 요청 39000개 처리 | 현재까지의 RPS: 577.59최근 1000개 request의 p99 TTFT: 1.0652 초 | 
2025-11-18 20:38:35,122 - INFO - [실시간] 요청 40000개 처리 | 현재까지의 RPS: 581.08최근 1000개 request의 p99 TTFT: 0.9965 초 | 
2025-11-18 20:38:36,397 - INFO - [실시간] 요청 41000개 처리 | 현재까지의 RPS: 584.78최근 1000개 request의 p99 TTFT: 0.3349 초 | 
2025-11-18 20:38:37,755 - INFO - [실시간] 요청 42000개 처리 | 현재까지의 RPS: 587.66최근 1000개 request의 p99 TTFT: 0.5221 초 | 
2025-11-18 20:38:39,224 - INFO - [실시간] 요청 43000개 처리 | 현재까지의 RPS: 589.53최근 1000개 request의 p99 TTFT: 0.5374 초 | 
2025-11-18 20:38:40,686 - INFO - [실시간] 요청 44000개 처리 | 현재까지의 RPS: 591.38최근 1000개 request의 p99 TTFT: 1.2494 초 | 
2025-11-18 20:38:41,937 - INFO - [실시간] 요청 45000개 처리 | 현재까지의 RPS: 594.82최근 1000개 request의 p99 TTFT: 1.2822 초 | 
2025-11-18 20:38:43,267 - INFO - [실시간] 요청 46000개 처리 | 현재까지의 RPS: 597.54최근 1000개 request의 p99 TTFT: 0.7634 초 | 
2025-11-18 20:38:44,693 - INFO - [실시간] 요청 47000개 처리 | 현재까지의 RPS: 599.42최근 1000개 request의 p99 TTFT: 1.2442 초 | 
2025-11-18 20:38:46,053 - INFO - [실시간] 요청 48000개 처리 | 현재까지의 RPS: 601.74최근 1000개 request의 p99 TTFT: 1.0943 초 | 
2025-11-18 20:38:47,662 - INFO - [실시간] 요청 49000개 처리 | 현재까지의 RPS: 602.13최근 1000개 request의 p99 TTFT: 2.0154 초 | 
Traceback (most recent call last):
  File "/home/comsys/sungsu/CXLSharedMemGPU/ReqGen/main.py", line 412, in <module>
    main()
  File "/home/comsys/sungsu/CXLSharedMemGPU/ReqGen/main.py", line 409, in main
    asyncio.run(reqgen.run())
  File "/usr/lib/python3.10/asyncio/runners.py", line 44, in run
    return loop.run_until_complete(main)
  File "/usr/lib/python3.10/asyncio/base_events.py", line 636, in run_until_complete
    self.run_forever()
  File "/usr/lib/python3.10/asyncio/base_events.py", line 603, in run_forever
    self._run_once()
  File "/usr/lib/python3.10/asyncio/base_events.py", line 1871, in _run_once
    event_list = self._selector.select(timeout)
  File "/usr/lib/python3.10/selectors.py", line 469, in select
    fd_event_list = self._selector.poll(timeout, max_ev)
KeyboardInterrupt
