2025-10-01 16:41:08,739 - INFO - ReqGen 시작: 서버=163.152.48.109:9000, 클라이언트=1000, 시간=60초
2025-10-01 16:41:08,739 - INFO - Hugging Face에서 'kroshan/BioASQ' 데이터셋을 로드합니다...
2025-10-01 16:41:15,531 - INFO - 3266개의 질문을 로드했습니다.
2025-10-01 16:41:15,532 - INFO - 부하 테스트 시작, client 수 = 1000
2025-10-01 16:41:15,532 - INFO - Zipf 값 1.05에서 상위 20%의 질문이 차지하는 비율: 84.55%
2025-10-01 16:41:24,419 - INFO - [실시간] 요청 1000개 처리 | 현재까지의 RPS: 112.53최근 1000개 request의 p99 TTFT: 0.1888 초 | 
2025-10-01 16:41:31,518 - INFO - [실시간] 요청 2000개 처리 | 현재까지의 RPS: 125.11최근 1000개 request의 p99 TTFT: 0.2270 초 | 
2025-10-01 16:41:38,727 - INFO - [실시간] 요청 3000개 처리 | 현재까지의 RPS: 129.34최근 1000개 request의 p99 TTFT: 0.1974 초 | 
2025-10-01 16:41:45,643 - INFO - [실시간] 요청 4000개 처리 | 현재까지의 RPS: 132.84최근 1000개 request의 p99 TTFT: 0.1963 초 | 
2025-10-01 16:41:52,860 - INFO - [실시간] 요청 5000개 처리 | 현재까지의 RPS: 133.95최근 1000개 request의 p99 TTFT: 0.3585 초 | 
2025-10-01 16:42:00,099 - INFO - [실시간] 요청 6000개 처리 | 현재까지의 RPS: 134.63최근 1000개 request의 p99 TTFT: 0.1879 초 | 
2025-10-01 16:42:07,104 - INFO - [실시간] 요청 7000개 처리 | 현재까지의 RPS: 135.73최근 1000개 request의 p99 TTFT: 0.1812 초 | 
2025-10-01 16:42:14,247 - INFO - [실시간] 요청 8000개 처리 | 현재까지의 RPS: 136.25최근 1000개 request의 p99 TTFT: 0.1797 초 | 
Traceback (most recent call last):
  File "/home/cloud_cxl/CXLSharedMemGPU/ReqGen/main.py", line 380, in <module>
    main()
  File "/home/cloud_cxl/CXLSharedMemGPU/ReqGen/main.py", line 377, in main
    asyncio.run(reqgen.run())
  File "/usr/lib/python3.10/asyncio/runners.py", line 44, in run
    return loop.run_until_complete(main)
  File "/usr/lib/python3.10/asyncio/base_events.py", line 649, in run_until_complete
    return future.result()
  File "/home/cloud_cxl/CXLSharedMemGPU/ReqGen/main.py", line 358, in run
    self._print_final_summary()
  File "/home/cloud_cxl/CXLSharedMemGPU/ReqGen/main.py", line 268, in _print_final_summary
    self.embedding_latencies = self.embedding_latencie[start_index:end_index]
AttributeError: 'ReqGen' object has no attribute 'embedding_latencie'. Did you mean: 'embedding_latencies'?
