2025-12-04 22:59:14,913 - INFO - ReqGen 시작: 서버=163.152.48.109:9000, 클라이언트=7800, 시간=330초
2025-12-04 22:59:14,913 - INFO - Hugging Face에서 'kroshan/BioASQ' 데이터셋을 로드합니다...
2025-12-04 22:59:20,419 - INFO - 3266개의 질문을 로드했습니다.
2025-12-04 22:59:20,420 - INFO - 부하 테스트 시작, client 수 = 7800
2025-12-04 22:59:23,736 - INFO - [실시간] 요청 1000개 처리 | 현재까지의 RPS: 301.53최근 1000개 request의 p99 TTFT: 0.3398 초 | 
2025-12-04 22:59:25,889 - INFO - [실시간] 요청 2000개 처리 | 현재까지의 RPS: 365.71최근 1000개 request의 p99 TTFT: 0.2376 초 | 
2025-12-04 22:59:27,867 - INFO - [실시간] 요청 3000개 처리 | 현재까지의 RPS: 402.86최근 1000개 request의 p99 TTFT: 0.1990 초 | 
2025-12-04 22:59:29,748 - INFO - [실시간] 요청 4000개 처리 | 현재까지의 RPS: 428.79최근 1000개 request의 p99 TTFT: 0.4359 초 | 
2025-12-04 22:59:31,392 - INFO - [실시간] 요청 5000개 처리 | 현재까지의 RPS: 455.70최근 1000개 request의 p99 TTFT: 0.2740 초 | 
2025-12-04 22:59:32,919 - INFO - [실시간] 요청 6000개 처리 | 현재까지의 RPS: 480.04최근 1000개 request의 p99 TTFT: 0.3837 초 | 
2025-12-04 22:59:34,521 - INFO - [실시간] 요청 7000개 처리 | 현재까지의 RPS: 496.42최근 1000개 request의 p99 TTFT: 0.3729 초 | 
2025-12-04 22:59:35,884 - INFO - [실시간] 요청 8000개 처리 | 현재까지의 RPS: 517.31최근 1000개 request의 p99 TTFT: 0.4081 초 | 
2025-12-04 22:59:37,191 - INFO - [실시간] 요청 9000개 처리 | 현재까지의 RPS: 536.65최근 1000개 request의 p99 TTFT: 0.5716 초 | 
2025-12-04 22:59:38,535 - INFO - [실시간] 요청 10000개 처리 | 현재까지의 RPS: 552.02최근 1000개 request의 p99 TTFT: 0.6577 초 | 
2025-12-04 22:59:39,897 - INFO - [실시간] 요청 11000개 처리 | 현재까지의 RPS: 564.76최근 1000개 request의 p99 TTFT: 0.9511 초 | 
2025-12-04 22:59:41,168 - INFO - [실시간] 요청 12000개 처리 | 현재까지의 RPS: 578.35최근 1000개 request의 p99 TTFT: 1.4121 초 | 
2025-12-04 22:59:42,476 - INFO - [실시간] 요청 13000개 처리 | 현재까지의 RPS: 589.41최근 1000개 request의 p99 TTFT: 1.5983 초 | 
2025-12-04 22:59:43,705 - INFO - [실시간] 요청 14000개 처리 | 현재까지의 RPS: 601.25최근 1000개 request의 p99 TTFT: 1.8227 초 | 
2025-12-04 22:59:44,991 - INFO - [실시간] 요청 15000개 처리 | 현재까지의 RPS: 610.48최근 1000개 request의 p99 TTFT: 1.5372 초 | 
2025-12-04 22:59:46,472 - INFO - [실시간] 요청 16000개 처리 | 현재까지의 RPS: 614.15최근 1000개 request의 p99 TTFT: 0.2892 초 | 
2025-12-04 22:59:47,970 - INFO - [실시간] 요청 17000개 처리 | 현재까지의 RPS: 617.05최근 1000개 request의 p99 TTFT: 0.3000 초 | 
2025-12-04 22:59:49,358 - INFO - [실시간] 요청 18000개 처리 | 현재까지의 RPS: 622.02최근 1000개 request의 p99 TTFT: 0.3124 초 | 
2025-12-04 22:59:50,916 - INFO - [실시간] 요청 19000개 처리 | 현재까지의 RPS: 623.02최근 1000개 request의 p99 TTFT: 0.4169 초 | 
2025-12-04 22:59:52,339 - INFO - [실시간] 요청 20000개 처리 | 현재까지의 RPS: 626.58최근 1000개 request의 p99 TTFT: 0.5762 초 | 
2025-12-04 22:59:53,649 - INFO - [실시간] 요청 21000개 처리 | 현재까지의 RPS: 631.96최근 1000개 request의 p99 TTFT: 0.5733 초 | 
2025-12-04 22:59:55,010 - INFO - [실시간] 요청 22000개 처리 | 현재까지의 RPS: 636.01최근 1000개 request의 p99 TTFT: 0.3012 초 | 
2025-12-04 22:59:56,408 - INFO - [실시간] 요청 23000개 처리 | 현재까지의 RPS: 639.10최근 1000개 request의 p99 TTFT: 0.3584 초 | 
2025-12-04 22:59:57,858 - INFO - [실시간] 요청 24000개 처리 | 현재까지의 RPS: 641.06최근 1000개 request의 p99 TTFT: 0.3846 초 | 
2025-12-04 22:59:59,338 - INFO - [실시간] 요청 25000개 처리 | 현재까지의 RPS: 642.38최근 1000개 request의 p99 TTFT: 0.5425 초 | 
2025-12-04 23:00:00,737 - INFO - [실시간] 요청 26000개 처리 | 현재까지의 RPS: 644.88최근 1000개 request의 p99 TTFT: 0.5933 초 | 
2025-12-04 23:00:02,016 - INFO - [실시간] 요청 27000개 처리 | 현재까지의 RPS: 649.10최근 1000개 request의 p99 TTFT: 0.5401 초 | 
2025-12-04 23:00:03,344 - INFO - [실시간] 요청 28000개 처리 | 현재까지의 RPS: 652.31최근 1000개 request의 p99 TTFT: 0.3186 초 | 
2025-12-04 23:00:04,753 - INFO - [실시간] 요청 29000개 처리 | 현재까지의 RPS: 654.14최근 1000개 request의 p99 TTFT: 0.5388 초 | 
2025-12-04 23:00:06,210 - INFO - [실시간] 요청 30000개 처리 | 현재까지의 RPS: 655.15최근 1000개 request의 p99 TTFT: 0.2473 초 | 
2025-12-04 23:00:07,670 - INFO - [실시간] 요청 31000개 처리 | 현재까지의 RPS: 656.09최근 1000개 request의 p99 TTFT: 0.3359 초 | 
2025-12-04 23:00:09,225 - INFO - [실시간] 요청 32000개 처리 | 현재까지의 RPS: 655.67최근 1000개 request의 p99 TTFT: 0.7906 초 | 
2025-12-04 23:00:10,427 - INFO - [실시간] 요청 33000개 처리 | 현재까지의 RPS: 659.90최근 1000개 request의 p99 TTFT: 0.6853 초 | 
2025-12-04 23:00:11,820 - INFO - [실시간] 요청 34000개 처리 | 현재까지의 RPS: 661.47최근 1000개 request의 p99 TTFT: 0.5081 초 | 
2025-12-04 23:00:13,150 - INFO - [실시간] 요청 35000개 처리 | 현재까지의 RPS: 663.76최근 1000개 request의 p99 TTFT: 0.5004 초 | 
2025-12-04 23:00:14,548 - INFO - [실시간] 요청 36000개 처리 | 현재까지의 RPS: 665.09최근 1000개 request의 p99 TTFT: 0.2554 초 | 
2025-12-04 23:00:15,996 - INFO - [실시간] 요청 37000개 처리 | 현재까지의 RPS: 665.75최근 1000개 request의 p99 TTFT: 0.2869 초 | 
2025-12-04 23:00:17,522 - INFO - [실시간] 요청 38000개 처리 | 현재까지의 RPS: 665.48최근 1000개 request의 p99 TTFT: 0.8042 초 | 
2025-12-04 23:00:18,775 - INFO - [실시간] 요청 39000개 처리 | 현재까지의 RPS: 668.32최근 1000개 request의 p99 TTFT: 0.7467 초 | 
2025-12-04 23:00:20,184 - INFO - [실시간] 요청 40000개 처리 | 현재까지의 RPS: 669.30최근 1000개 request의 p99 TTFT: 0.4634 초 | 
2025-12-04 23:00:21,535 - INFO - [실시간] 요청 41000개 처리 | 현재까지의 RPS: 670.86최근 1000개 request의 p99 TTFT: 0.4269 초 | 
2025-12-04 23:00:22,854 - INFO - [실시간] 요청 42000개 처리 | 현재까지의 RPS: 672.71최근 1000개 request의 p99 TTFT: 0.2152 초 | 
2025-12-04 23:00:24,301 - INFO - [실시간] 요청 43000개 처리 | 현재까지의 RPS: 673.13최근 1000개 request의 p99 TTFT: 0.2433 초 | 
2025-12-04 23:00:25,877 - INFO - [실시간] 요청 44000개 처리 | 현재까지의 RPS: 672.19최근 1000개 request의 p99 TTFT: 0.7146 초 | 
2025-12-04 23:00:27,145 - INFO - [실시간] 요청 45000개 처리 | 현재까지의 RPS: 674.41최근 1000개 request의 p99 TTFT: 0.9139 초 | 
2025-12-04 23:00:28,529 - INFO - [실시간] 요청 46000개 처리 | 현재까지의 RPS: 675.39최근 1000개 request의 p99 TTFT: 0.7337 초 | 
2025-12-04 23:00:29,849 - INFO - [실시간] 요청 47000개 처리 | 현재까지의 RPS: 676.95최근 1000개 request의 p99 TTFT: 0.2173 초 | 
2025-12-04 23:00:31,253 - INFO - [실시간] 요청 48000개 처리 | 현재까지의 RPS: 677.64최근 1000개 request의 p99 TTFT: 0.2083 초 | 
2025-12-04 23:00:32,663 - INFO - [실시간] 요청 49000개 처리 | 현재까지의 RPS: 678.26최근 1000개 request의 p99 TTFT: 0.3192 초 | 
2025-12-04 23:00:34,180 - INFO - [실시간] 요청 50000개 처리 | 현재까지의 RPS: 677.87최근 1000개 request의 p99 TTFT: 0.7055 초 | 
2025-12-04 23:00:35,423 - INFO - [실시간] 요청 51000개 처리 | 현재까지의 RPS: 679.97최근 1000개 request의 p99 TTFT: 0.6600 초 | 
2025-12-04 23:00:36,866 - INFO - [실시간] 요청 52000개 처리 | 현재까지의 RPS: 680.21최근 1000개 request의 p99 TTFT: 0.2260 초 | 
2025-12-04 23:00:38,300 - INFO - [실시간] 요청 53000개 처리 | 현재까지의 RPS: 680.53최근 1000개 request의 p99 TTFT: 0.4567 초 | 
2025-12-04 23:00:39,621 - INFO - [실시간] 요청 54000개 처리 | 현재까지의 RPS: 681.80최근 1000개 request의 p99 TTFT: 0.5345 초 | 
2025-12-04 23:00:41,205 - INFO - [실시간] 요청 55000개 처리 | 현재까지의 RPS: 680.82최근 1000개 request의 p99 TTFT: 0.2432 초 | 
2025-12-04 23:00:42,651 - INFO - [실시간] 요청 56000개 처리 | 현재까지의 RPS: 681.01최근 1000개 request의 p99 TTFT: 0.5817 초 | 
2025-12-04 23:00:43,915 - INFO - [실시간] 요청 57000개 처리 | 현재까지의 RPS: 682.68최근 1000개 request의 p99 TTFT: 0.6452 초 | 
2025-12-04 23:00:45,221 - INFO - [실시간] 요청 58000개 처리 | 현재까지의 RPS: 683.95최근 1000개 request의 p99 TTFT: 0.4803 초 | 
2025-12-04 23:00:46,595 - INFO - [실시간] 요청 59000개 처리 | 현재까지의 RPS: 684.65최근 1000개 request의 p99 TTFT: 0.4643 초 | 
2025-12-04 23:00:47,936 - INFO - [실시간] 요청 60000개 처리 | 현재까지의 RPS: 685.59최근 1000개 request의 p99 TTFT: 0.5202 초 | 
2025-12-04 23:00:49,403 - INFO - [실시간] 요청 61000개 처리 | 현재까지의 RPS: 685.52최근 1000개 request의 p99 TTFT: 0.2123 초 | 
2025-12-04 23:00:50,948 - INFO - [실시간] 요청 62000개 처리 | 현재까지의 RPS: 684.87최근 1000개 request의 p99 TTFT: 0.6118 초 | 
2025-12-04 23:00:52,311 - INFO - [실시간] 요청 63000개 처리 | 현재까지의 RPS: 685.59최근 1000개 request의 p99 TTFT: 0.6904 초 | 
2025-12-04 23:00:53,572 - INFO - [실시간] 요청 64000개 처리 | 현재까지의 RPS: 687.05최근 1000개 request의 p99 TTFT: 0.5544 초 | 
2025-12-04 23:00:55,006 - INFO - [실시간] 요청 65000개 처리 | 현재까지의 RPS: 687.21최근 1000개 request의 p99 TTFT: 0.2707 초 | 
2025-12-04 23:00:56,345 - INFO - [실시간] 요청 66000개 처리 | 현재까지의 RPS: 688.03최근 1000개 request의 p99 TTFT: 0.4239 초 | 
2025-12-04 23:00:57,807 - INFO - [실시간] 요청 67000개 처리 | 현재까지의 RPS: 687.98최근 1000개 request의 p99 TTFT: 0.3897 초 | 
2025-12-04 23:00:59,445 - INFO - [실시간] 요청 68000개 처리 | 현재까지의 RPS: 686.70최근 1000개 request의 p99 TTFT: 0.5039 초 | 
2025-12-04 23:01:00,753 - INFO - [실시간] 요청 69000개 처리 | 현재까지의 RPS: 687.71최근 1000개 request의 p99 TTFT: 0.7085 초 | 
2025-12-04 23:01:02,013 - INFO - [실시간] 요청 70000개 처리 | 현재까지의 RPS: 689.02최근 1000개 request의 p99 TTFT: 0.6689 초 | 
2025-12-04 23:01:03,428 - INFO - [실시간] 요청 71000개 처리 | 현재까지의 RPS: 689.26최근 1000개 request의 p99 TTFT: 0.4260 초 | 
2025-12-04 23:01:04,799 - INFO - [실시간] 요청 72000개 처리 | 현재까지의 RPS: 689.79최근 1000개 request의 p99 TTFT: 0.4838 초 | 
2025-12-04 23:01:06,148 - INFO - [실시간] 요청 73000개 처리 | 현재까지의 RPS: 690.45최근 1000개 request의 p99 TTFT: 0.3724 초 | 
2025-12-04 23:01:07,726 - INFO - [실시간] 요청 74000개 처리 | 현재까지의 RPS: 689.62최근 1000개 request의 p99 TTFT: 0.6083 초 | 
2025-12-04 23:01:09,062 - INFO - [실시간] 요청 75000개 처리 | 현재까지의 RPS: 690.34최근 1000개 request의 p99 TTFT: 0.6443 초 | 
2025-12-04 23:01:10,371 - INFO - [실시간] 요청 76000개 처리 | 현재까지의 RPS: 691.21최근 1000개 request의 p99 TTFT: 0.3462 초 | 
2025-12-04 23:01:11,684 - INFO - [실시간] 요청 77000개 처리 | 현재까지의 RPS: 692.05최근 1000개 request의 p99 TTFT: 0.3687 초 | 
2025-12-04 23:01:13,074 - INFO - [실시간] 요청 78000개 처리 | 현재까지의 RPS: 692.39최근 1000개 request의 p99 TTFT: 0.5019 초 | 
2025-12-04 23:01:14,484 - INFO - [실시간] 요청 79000개 처리 | 현재까지의 RPS: 692.59최근 1000개 request의 p99 TTFT: 0.4653 초 | 
2025-12-04 23:01:16,055 - INFO - [실시간] 요청 80000개 처리 | 현재까지의 RPS: 691.83최근 1000개 request의 p99 TTFT: 0.4969 초 | 
2025-12-04 23:01:17,412 - INFO - [실시간] 요청 81000개 처리 | 현재까지의 RPS: 692.35최근 1000개 request의 p99 TTFT: 0.6825 초 | 
2025-12-04 23:01:18,673 - INFO - [실시간] 요청 82000개 처리 | 현재까지의 RPS: 693.43최근 1000개 request의 p99 TTFT: 0.6051 초 | 
2025-12-04 23:01:20,090 - INFO - [실시간] 요청 83000개 처리 | 현재까지의 RPS: 693.57최근 1000개 request의 p99 TTFT: 0.2729 초 | 
2025-12-04 23:01:21,484 - INFO - [실시간] 요청 84000개 처리 | 현재까지의 RPS: 693.84최근 1000개 request의 p99 TTFT: 0.2862 초 | 
Traceback (most recent call last):
  File "/home/comsys/sungsu/CXLSharedMemGPU/ReqGen/main.py", line 417, in <module>
    main()
  File "/home/comsys/sungsu/CXLSharedMemGPU/ReqGen/main.py", line 414, in main
    asyncio.run(reqgen.run())
  File "/usr/lib/python3.10/asyncio/runners.py", line 44, in run
    return loop.run_until_complete(main)
  File "/usr/lib/python3.10/asyncio/base_events.py", line 636, in run_until_complete
    self.run_forever()
  File "/usr/lib/python3.10/asyncio/base_events.py", line 603, in run_forever
    self._run_once()
  File "/usr/lib/python3.10/asyncio/base_events.py", line 1871, in _run_once
    event_list = self._selector.select(timeout)
  File "/usr/lib/python3.10/selectors.py", line 469, in select
    fd_event_list = self._selector.poll(timeout, max_ev)
KeyboardInterrupt
