2025-12-04 22:47:18,073 - INFO - ReqGen 시작: 서버=163.152.48.109:9000, 클라이언트=8000, 시간=330초
2025-12-04 22:47:18,074 - INFO - Hugging Face에서 'kroshan/BioASQ' 데이터셋을 로드합니다...
2025-12-04 22:47:23,449 - INFO - 3266개의 질문을 로드했습니다.
2025-12-04 22:47:23,449 - INFO - 부하 테스트 시작, client 수 = 8000
2025-12-04 22:47:26,833 - INFO - [실시간] 요청 1000개 처리 | 현재까지의 RPS: 295.56최근 1000개 request의 p99 TTFT: 0.4271 초 | 
2025-12-04 22:47:28,889 - INFO - [실시간] 요청 2000개 처리 | 현재까지의 RPS: 367.65최근 1000개 request의 p99 TTFT: 0.2997 초 | 
2025-12-04 22:47:30,858 - INFO - [실시간] 요청 3000개 처리 | 현재까지의 RPS: 404.91최근 1000개 request의 p99 TTFT: 0.2032 초 | 
2025-12-04 22:47:32,606 - INFO - [실시간] 요청 4000개 처리 | 현재까지의 RPS: 436.85최근 1000개 request의 p99 TTFT: 0.2652 초 | 
2025-12-04 22:47:34,262 - INFO - [실시간] 요청 5000개 처리 | 현재까지의 RPS: 462.42최근 1000개 request의 p99 TTFT: 0.3139 초 | 
2025-12-04 22:47:35,986 - INFO - [실시간] 요청 6000개 처리 | 현재까지의 RPS: 478.60최근 1000개 request의 p99 TTFT: 0.2903 초 | 
2025-12-04 22:47:37,331 - INFO - [실시간] 요청 7000개 처리 | 현재까지의 RPS: 504.24최근 1000개 request의 p99 TTFT: 0.5075 초 | 
2025-12-04 22:47:38,660 - INFO - [실시간] 요청 8000개 처리 | 현재까지의 RPS: 525.94최근 1000개 request의 p99 TTFT: 0.5184 초 | 
2025-12-04 22:47:39,991 - INFO - [실시간] 요청 9000개 처리 | 현재까지의 RPS: 544.09최근 1000개 request의 p99 TTFT: 0.4360 초 | 
2025-12-04 22:47:41,377 - INFO - [실시간] 요청 10000개 처리 | 현재까지의 RPS: 557.78최근 1000개 request의 p99 TTFT: 0.6035 초 | 
2025-12-04 22:47:42,951 - INFO - [실시간] 요청 11000개 처리 | 현재까지의 RPS: 564.04최근 1000개 request의 p99 TTFT: 1.2064 초 | 
2025-12-04 22:47:44,056 - INFO - [실시간] 요청 12000개 처리 | 현재까지의 RPS: 582.32최근 1000개 request의 p99 TTFT: 1.7493 초 | 
2025-12-04 22:47:45,285 - INFO - [실시간] 요청 13000개 처리 | 현재까지의 RPS: 595.34최근 1000개 request의 p99 TTFT: 2.0394 초 | 
2025-12-04 22:47:46,511 - INFO - [실시간] 요청 14000개 처리 | 현재까지의 RPS: 607.07최근 1000개 request의 p99 TTFT: 2.2910 초 | 
2025-12-04 22:47:47,818 - INFO - [실시간] 요청 15000개 처리 | 현재까지의 RPS: 615.53최근 1000개 request의 p99 TTFT: 2.3627 초 | 
2025-12-04 22:47:49,070 - INFO - [실시간] 요청 16000개 처리 | 현재까지의 RPS: 624.50최근 1000개 request의 p99 TTFT: 1.8869 초 | 
2025-12-04 22:47:50,440 - INFO - [실시간] 요청 17000개 처리 | 현재까지의 RPS: 629.84최근 1000개 request의 p99 TTFT: 0.5796 초 | 
2025-12-04 22:47:52,042 - INFO - [실시간] 요청 18000개 처리 | 현재까지의 RPS: 629.52최근 1000개 request의 p99 TTFT: 0.5666 초 | 
2025-12-04 22:47:53,411 - INFO - [실시간] 요청 19000개 처리 | 현재까지의 RPS: 634.14최근 1000개 request의 p99 TTFT: 0.8552 초 | 
2025-12-04 22:47:54,642 - INFO - [실시간] 요청 20000개 처리 | 현재까지의 RPS: 641.16최근 1000개 request의 p99 TTFT: 0.8201 초 | 
2025-12-04 22:47:56,005 - INFO - [실시간] 요청 21000개 처리 | 현재까지의 RPS: 645.05최근 1000개 request의 p99 TTFT: 0.2493 초 | 
2025-12-04 22:47:57,450 - INFO - [실시간] 요청 22000개 처리 | 현재까지의 RPS: 647.04최근 1000개 request의 p99 TTFT: 0.4156 초 | 
2025-12-04 22:47:58,842 - INFO - [실시간] 요청 23000개 처리 | 현재까지의 RPS: 649.85최근 1000개 request의 p99 TTFT: 0.4315 초 | 
2025-12-04 22:48:00,241 - INFO - [실시간] 요청 24000개 처리 | 현재까지의 RPS: 652.33최근 1000개 request의 p99 TTFT: 0.7634 초 | 
2025-12-04 22:48:01,552 - INFO - [실시간] 요청 25000개 처리 | 현재까지의 RPS: 656.13최근 1000개 request의 p99 TTFT: 0.8804 초 | 
2025-12-04 22:48:02,842 - INFO - [실시간] 요청 26000개 처리 | 현재까지의 RPS: 660.01최근 1000개 request의 p99 TTFT: 0.5938 초 | 
2025-12-04 22:48:04,156 - INFO - [실시간] 요청 27000개 처리 | 현재까지의 RPS: 663.27최근 1000개 request의 p99 TTFT: 0.3497 초 | 
2025-12-04 22:48:05,469 - INFO - [실시간] 요청 28000개 처리 | 현재까지의 RPS: 666.35최근 1000개 request의 p99 TTFT: 0.4280 초 | 
2025-12-04 22:48:06,925 - INFO - [실시간] 요청 29000개 처리 | 현재까지의 RPS: 667.04최근 1000개 request의 p99 TTFT: 0.3875 초 | 
2025-12-04 22:48:08,368 - INFO - [실시간] 요청 30000개 처리 | 현재까지의 RPS: 667.87최근 1000개 request의 p99 TTFT: 0.5664 초 | 
2025-12-04 22:48:09,686 - INFO - [실시간] 요청 31000개 처리 | 현재까지의 RPS: 670.47최근 1000개 request의 p99 TTFT: 0.6108 초 | 
2025-12-04 22:48:10,979 - INFO - [실시간] 요청 32000개 처리 | 현재까지의 RPS: 673.27최근 1000개 request의 p99 TTFT: 0.5563 초 | 
2025-12-04 22:48:12,331 - INFO - [실시간] 요청 33000개 처리 | 현재까지의 RPS: 675.09최근 1000개 request의 p99 TTFT: 0.4559 초 | 
2025-12-04 22:48:13,684 - INFO - [실시간] 요청 34000개 처리 | 현재까지의 RPS: 676.81최근 1000개 request의 p99 TTFT: 0.2296 초 | 
2025-12-04 22:48:15,045 - INFO - [실시간] 요청 35000개 처리 | 현재까지의 RPS: 678.35최근 1000개 request의 p99 TTFT: 0.2993 초 | 
2025-12-04 22:48:16,635 - INFO - [실시간] 요청 36000개 처리 | 현재까지의 RPS: 676.88최근 1000개 request의 p99 TTFT: 0.5281 초 | 
2025-12-04 22:48:17,998 - INFO - [실시간] 요청 37000개 처리 | 현재까지의 RPS: 678.30최근 1000개 request의 p99 TTFT: 0.5946 초 | 
2025-12-04 22:48:19,305 - INFO - [실시간] 요청 38000개 처리 | 현재까지의 RPS: 680.32최근 1000개 request의 p99 TTFT: 0.5047 초 | 
2025-12-04 22:48:20,617 - INFO - [실시간] 요청 39000개 처리 | 현재까지의 RPS: 682.21최근 1000개 request의 p99 TTFT: 0.4438 초 | 
2025-12-04 22:48:22,045 - INFO - [실시간] 요청 40000개 처리 | 현재까지의 RPS: 682.64최근 1000개 request의 p99 TTFT: 0.2438 초 | 
2025-12-04 22:48:23,541 - INFO - [실시간] 요청 41000개 처리 | 현재까지의 RPS: 682.28최근 1000개 request의 p99 TTFT: 0.4880 초 | 
2025-12-04 22:48:24,838 - INFO - [실시간] 요청 42000개 처리 | 현재까지의 RPS: 684.16최근 1000개 request의 p99 TTFT: 0.5359 초 | 
2025-12-04 22:48:26,128 - INFO - [실시간] 요청 43000개 처리 | 현재까지의 RPS: 686.04최근 1000개 request의 p99 TTFT: 1.1041 초 | 
2025-12-04 22:48:27,400 - INFO - [실시간] 요청 44000개 처리 | 현재까지의 RPS: 688.03최근 1000개 request의 p99 TTFT: 1.1776 초 | 
2025-12-04 22:48:28,708 - INFO - [실시간] 요청 45000개 처리 | 현재까지의 RPS: 689.56최근 1000개 request의 p99 TTFT: 0.7981 초 | 
2025-12-04 22:48:29,983 - INFO - [실시간] 요청 46000개 처리 | 현재까지의 RPS: 691.38최근 1000개 request의 p99 TTFT: 0.4820 초 | 
2025-12-04 22:48:31,314 - INFO - [실시간] 요청 47000개 처리 | 현재까지의 RPS: 692.56최근 1000개 request의 p99 TTFT: 0.2706 초 | 
2025-12-04 22:48:32,814 - INFO - [실시간] 요청 48000개 처리 | 현재까지의 RPS: 692.00최근 1000개 request의 p99 TTFT: 0.5162 초 | 
2025-12-04 22:48:34,167 - INFO - [실시간] 요청 49000개 처리 | 현재까지의 RPS: 692.89최근 1000개 request의 p99 TTFT: 0.4966 초 | 
2025-12-04 22:48:35,506 - INFO - [실시간] 요청 50000개 처리 | 현재까지의 RPS: 693.90최근 1000개 request의 p99 TTFT: 0.2758 초 | 
2025-12-04 22:48:36,882 - INFO - [실시간] 요청 51000개 처리 | 현재까지의 RPS: 694.52최근 1000개 request의 p99 TTFT: 0.2333 초 | 
2025-12-04 22:48:38,249 - INFO - [실시간] 요청 52000개 처리 | 현재까지의 RPS: 695.18최근 1000개 request의 p99 TTFT: 0.4222 초 | 
2025-12-04 22:48:39,617 - INFO - [실시간] 요청 53000개 처리 | 현재까지의 RPS: 695.83최근 1000개 request의 p99 TTFT: 0.4890 초 | 
2025-12-04 22:48:41,201 - INFO - [실시간] 요청 54000개 처리 | 현재까지의 RPS: 694.51최근 1000개 request의 p99 TTFT: 0.6031 초 | 
2025-12-04 22:48:42,473 - INFO - [실시간] 요청 55000개 처리 | 현재까지의 RPS: 695.99최근 1000개 request의 p99 TTFT: 0.8363 초 | 
2025-12-04 22:48:43,756 - INFO - [실시간] 요청 56000개 처리 | 현재까지의 RPS: 697.32최근 1000개 request의 p99 TTFT: 0.7260 초 | 
2025-12-04 22:48:45,060 - INFO - [실시간] 요청 57000개 처리 | 현재까지의 RPS: 698.44최근 1000개 request의 p99 TTFT: 0.6267 초 | 
2025-12-04 22:48:46,364 - INFO - [실시간] 요청 58000개 처리 | 현재까지의 RPS: 699.51최근 1000개 request의 p99 TTFT: 0.5982 초 | 
2025-12-04 22:48:47,713 - INFO - [실시간] 요청 59000개 처리 | 현재까지의 RPS: 700.18최근 1000개 request의 p99 TTFT: 0.2622 초 | 
2025-12-04 22:48:49,288 - INFO - [실시간] 요청 60000개 처리 | 현재까지의 RPS: 698.98최근 1000개 request의 p99 TTFT: 0.6159 초 | 
2025-12-04 22:48:50,551 - INFO - [실시간] 요청 61000개 처리 | 현재까지의 RPS: 700.33최근 1000개 request의 p99 TTFT: 0.6649 초 | 
2025-12-04 22:48:51,856 - INFO - [실시간] 요청 62000개 처리 | 현재까지의 RPS: 701.31최근 1000개 request의 p99 TTFT: 0.7674 초 | 
2025-12-04 22:48:53,133 - INFO - [실시간] 요청 63000개 처리 | 현재까지의 RPS: 702.47최근 1000개 request의 p99 TTFT: 0.6071 초 | 
2025-12-04 22:48:54,471 - INFO - [실시간] 요청 64000개 처리 | 현재까지의 RPS: 703.13최근 1000개 request의 p99 TTFT: 0.3011 초 | 
2025-12-04 22:48:56,118 - INFO - [실시간] 요청 65000개 처리 | 현재까지의 RPS: 701.42최근 1000개 request의 p99 TTFT: 0.2644 초 | 
2025-12-04 22:48:57,549 - INFO - [실시간] 요청 66000개 처리 | 현재까지의 RPS: 701.38최근 1000개 request의 p99 TTFT: 0.6595 초 | 
2025-12-04 22:48:58,855 - INFO - [실시간] 요청 67000개 처리 | 현재까지의 RPS: 702.26최근 1000개 request의 p99 TTFT: 0.9019 초 | 
2025-12-04 22:49:00,142 - INFO - [실시간] 요청 68000개 처리 | 현재까지의 RPS: 703.26최근 1000개 request의 p99 TTFT: 0.7951 초 | 
2025-12-04 22:49:01,387 - INFO - [실시간] 요청 69000개 처리 | 현재까지의 RPS: 704.53최근 1000개 request의 p99 TTFT: 0.4805 초 | 
2025-12-04 22:49:02,711 - INFO - [실시간] 요청 70000개 처리 | 현재까지의 RPS: 705.20최근 1000개 request의 p99 TTFT: 0.4945 초 | 
2025-12-04 22:49:04,072 - INFO - [실시간] 요청 71000개 처리 | 현재까지의 RPS: 705.60최근 1000개 request의 p99 TTFT: 0.4499 초 | 
2025-12-04 22:49:05,714 - INFO - [실시간] 요청 72000개 처리 | 현재까지의 RPS: 704.05최근 1000개 request의 p99 TTFT: 0.4962 초 | 
2025-12-04 22:49:07,021 - INFO - [실시간] 요청 73000개 처리 | 현재까지의 RPS: 704.82최근 1000개 request의 p99 TTFT: 0.6355 초 | 
2025-12-04 22:49:08,372 - INFO - [실시간] 요청 74000개 처리 | 현재까지의 RPS: 705.28최근 1000개 request의 p99 TTFT: 0.6133 초 | 
2025-12-04 22:49:09,667 - INFO - [실시간] 요청 75000개 처리 | 현재까지의 RPS: 706.09최근 1000개 request의 p99 TTFT: 0.5831 초 | 
2025-12-04 22:49:10,973 - INFO - [실시간] 요청 76000개 처리 | 현재까지의 RPS: 706.82최근 1000개 request의 p99 TTFT: 0.5721 초 | 
2025-12-04 22:49:12,221 - INFO - [실시간] 요청 77000개 처리 | 현재까지의 RPS: 707.90최근 1000개 request의 p99 TTFT: 0.3790 초 | 
2025-12-04 22:49:13,799 - INFO - [실시간] 요청 78000개 처리 | 현재까지의 RPS: 706.84최근 1000개 request의 p99 TTFT: 0.5455 초 | 
2025-12-04 22:49:15,108 - INFO - [실시간] 요청 79000개 처리 | 현재까지의 RPS: 707.51최근 1000개 request의 p99 TTFT: 0.6123 초 | 
2025-12-04 22:49:16,420 - INFO - [실시간] 요청 80000개 처리 | 현재까지의 RPS: 708.15최근 1000개 request의 p99 TTFT: 0.6640 초 | 
2025-12-04 22:49:17,729 - INFO - [실시간] 요청 81000개 처리 | 현재까지의 RPS: 708.78최근 1000개 request의 p99 TTFT: 0.6625 초 | 
2025-12-04 22:49:19,046 - INFO - [실시간] 요청 82000개 처리 | 현재까지의 RPS: 709.36최근 1000개 request의 p99 TTFT: 0.2287 초 | 
2025-12-04 22:49:20,421 - INFO - [실시간] 요청 83000개 처리 | 현재까지의 RPS: 709.57최근 1000개 request의 p99 TTFT: 0.2405 초 | 
2025-12-04 22:49:21,986 - INFO - [실시간] 요청 84000개 처리 | 현재까지의 RPS: 708.64최근 1000개 request의 p99 TTFT: 0.6075 초 | 
2025-12-04 22:49:23,262 - INFO - [실시간] 요청 85000개 처리 | 현재까지의 RPS: 709.44최근 1000개 request의 p99 TTFT: 0.8153 초 | 
2025-12-04 22:49:24,610 - INFO - [실시간] 요청 86000개 처리 | 현재까지의 RPS: 709.80최근 1000개 request의 p99 TTFT: 0.7427 초 | 
2025-12-04 22:49:25,873 - INFO - [실시간] 요청 87000개 처리 | 현재까지의 RPS: 710.64최근 1000개 request의 p99 TTFT: 0.4919 초 | 
2025-12-04 22:49:27,228 - INFO - [실시간] 요청 88000개 처리 | 현재까지의 RPS: 710.94최근 1000개 request의 p99 TTFT: 0.4447 초 | 
2025-12-04 22:49:28,569 - INFO - [실시간] 요청 89000개 처리 | 현재까지의 RPS: 711.32최근 1000개 request의 p99 TTFT: 0.2756 초 | 
2025-12-04 22:49:30,180 - INFO - [실시간] 요청 90000개 처리 | 현재까지의 RPS: 710.17최근 1000개 request의 p99 TTFT: 0.5047 초 | 
2025-12-04 22:49:31,508 - INFO - [실시간] 요청 91000개 처리 | 현재까지의 RPS: 710.61최근 1000개 request의 p99 TTFT: 0.7353 초 | 
2025-12-04 22:49:32,777 - INFO - [실시간] 요청 92000개 처리 | 현재까지의 RPS: 711.37최근 1000개 request의 p99 TTFT: 1.1166 초 | 
2025-12-04 22:49:34,094 - INFO - [실시간] 요청 93000개 처리 | 현재까지의 RPS: 711.85최근 1000개 request의 p99 TTFT: 0.8121 초 | 
2025-12-04 22:49:35,444 - INFO - [실시간] 요청 94000개 처리 | 현재까지의 RPS: 712.15최근 1000개 request의 p99 TTFT: 0.3553 초 | 
2025-12-04 22:49:36,761 - INFO - [실시간] 요청 95000개 처리 | 현재까지의 RPS: 712.61최근 1000개 request의 p99 TTFT: 0.2143 초 | 
2025-12-04 22:49:38,355 - INFO - [실시간] 요청 96000개 처리 | 현재까지의 RPS: 711.61최근 1000개 request의 p99 TTFT: 0.5850 초 | 
2025-12-04 22:49:39,737 - INFO - [실시간] 요청 97000개 처리 | 현재까지의 RPS: 711.73최근 1000개 request의 p99 TTFT: 0.8027 초 | 
2025-12-04 22:49:41,040 - INFO - [실시간] 요청 98000개 처리 | 현재까지의 RPS: 712.26최근 1000개 request의 p99 TTFT: 0.9370 초 | 
2025-12-04 22:49:42,262 - INFO - [실시간] 요청 99000개 처리 | 현재까지의 RPS: 713.19최근 1000개 request의 p99 TTFT: 0.7145 초 | 
2025-12-04 22:49:43,595 - INFO - [실시간] 요청 100000개 처리 | 현재까지의 RPS: 713.54최근 1000개 request의 p99 TTFT: 0.2876 초 | 
2025-12-04 22:49:44,956 - INFO - [실시간] 요청 101000개 처리 | 현재까지의 RPS: 713.75최근 1000개 request의 p99 TTFT: 0.2334 초 | 
2025-12-04 22:49:46,505 - INFO - [실시간] 요청 102000개 처리 | 현재까지의 RPS: 713.01최근 1000개 request의 p99 TTFT: 0.4563 초 | 
2025-12-04 22:49:47,887 - INFO - [실시간] 요청 103000개 처리 | 현재까지의 RPS: 713.11최근 1000개 request의 p99 TTFT: 0.7195 초 | 
2025-12-04 22:49:49,143 - INFO - [실시간] 요청 104000개 처리 | 현재까지의 RPS: 713.83최근 1000개 request의 p99 TTFT: 0.8386 초 | 
2025-12-04 22:49:50,430 - INFO - [실시간] 요청 105000개 처리 | 현재까지의 RPS: 714.38최근 1000개 request의 p99 TTFT: 0.5640 초 | 
2025-12-04 22:49:51,828 - INFO - [실시간] 요청 106000개 처리 | 현재까지의 RPS: 714.39최근 1000개 request의 p99 TTFT: 0.3630 초 | 
2025-12-04 22:49:53,195 - INFO - [실시간] 요청 107000개 처리 | 현재까지의 RPS: 714.54최근 1000개 request의 p99 TTFT: 0.3768 초 | 
2025-12-04 22:49:54,744 - INFO - [실시간] 요청 108000개 처리 | 현재까지의 RPS: 713.84최근 1000개 request의 p99 TTFT: 0.4820 초 | 
2025-12-04 22:49:56,080 - INFO - [실시간] 요청 109000개 처리 | 현재까지의 RPS: 714.14최근 1000개 request의 p99 TTFT: 0.8428 초 | 
2025-12-04 22:49:57,382 - INFO - [실시간] 요청 110000개 처리 | 현재까지의 RPS: 714.60최근 1000개 request의 p99 TTFT: 0.6119 초 | 
2025-12-04 22:49:58,642 - INFO - [실시간] 요청 111000개 처리 | 현재까지의 RPS: 715.24최근 1000개 request의 p99 TTFT: 0.4929 초 | 
2025-12-04 22:50:00,029 - INFO - [실시간] 요청 112000개 처리 | 현재까지의 RPS: 715.29최근 1000개 request의 p99 TTFT: 0.4966 초 | 
2025-12-04 22:50:01,614 - INFO - [실시간] 요청 113000개 처리 | 현재까지의 RPS: 714.45최근 1000개 request의 p99 TTFT: 0.3872 초 | 
2025-12-04 22:50:02,883 - INFO - [실시간] 요청 114000개 처리 | 현재까지의 RPS: 715.03최근 1000개 request의 p99 TTFT: 0.5890 초 | 
2025-12-04 22:50:04,210 - INFO - [실시간] 요청 115000개 처리 | 현재까지의 RPS: 715.35최근 1000개 request의 p99 TTFT: 0.7501 초 | 
2025-12-04 22:50:05,470 - INFO - [실시간] 요청 116000개 처리 | 현재까지의 RPS: 715.96최근 1000개 request의 p99 TTFT: 0.6365 초 | 
2025-12-04 22:50:06,759 - INFO - [실시간] 요청 117000개 처리 | 현재까지의 RPS: 716.43최근 1000개 request의 p99 TTFT: 0.4843 초 | 
2025-12-04 22:50:08,111 - INFO - [실시간] 요청 118000개 처리 | 현재까지의 RPS: 716.62최근 1000개 request의 p99 TTFT: 0.4913 초 | 
2025-12-04 22:50:09,357 - INFO - [실시간] 요청 119000개 처리 | 현재까지의 RPS: 717.27최근 1000개 request의 p99 TTFT: 0.2419 초 | 
2025-12-04 22:50:10,950 - INFO - [실시간] 요청 120000개 처리 | 현재까지의 RPS: 716.41최근 1000개 request의 p99 TTFT: 0.4813 초 | 
2025-12-04 22:50:12,336 - INFO - [실시간] 요청 121000개 처리 | 현재까지의 RPS: 716.46최근 1000개 request의 p99 TTFT: 0.6285 초 | 
2025-12-04 22:50:13,632 - INFO - [실시간] 요청 122000개 처리 | 현재까지의 RPS: 716.88최근 1000개 request의 p99 TTFT: 0.5257 초 | 
2025-12-04 22:50:14,933 - INFO - [실시간] 요청 123000개 처리 | 현재까지의 RPS: 717.27최근 1000개 request의 p99 TTFT: 0.4914 초 | 
2025-12-04 22:50:16,287 - INFO - [실시간] 요청 124000개 처리 | 현재까지의 RPS: 717.44최근 1000개 request의 p99 TTFT: 0.4353 초 | 
2025-12-04 22:50:17,701 - INFO - [실시간] 요청 125000개 처리 | 현재까지의 RPS: 717.35최근 1000개 request의 p99 TTFT: 0.4880 초 | 
2025-12-04 22:50:19,221 - INFO - [실시간] 요청 126000개 처리 | 현재까지의 RPS: 716.84최근 1000개 request의 p99 TTFT: 0.4492 초 | 
2025-12-04 22:50:20,631 - INFO - [실시간] 요청 127000개 처리 | 현재까지의 RPS: 716.78최근 1000개 request의 p99 TTFT: 0.8749 초 | 
2025-12-04 22:50:21,867 - INFO - [실시간] 요청 128000개 처리 | 현재까지의 RPS: 717.42최근 1000개 request의 p99 TTFT: 0.8473 초 | 
2025-12-04 22:50:23,249 - INFO - [실시간] 요청 129000개 처리 | 현재까지의 RPS: 717.46최근 1000개 request의 p99 TTFT: 0.5461 초 | 
2025-12-04 22:50:24,511 - INFO - [실시간] 요청 130000개 처리 | 현재까지의 RPS: 717.99최근 1000개 request의 p99 TTFT: 0.5555 초 | 
2025-12-04 22:50:25,881 - INFO - [실시간] 요청 131000개 처리 | 현재까지의 RPS: 718.08최근 1000개 request의 p99 TTFT: 0.3024 초 | 
2025-12-04 22:50:27,453 - INFO - [실시간] 요청 132000개 처리 | 현재까지의 RPS: 717.38최근 1000개 request의 p99 TTFT: 0.5421 초 | 
2025-12-04 22:50:28,805 - INFO - [실시간] 요청 133000개 처리 | 현재까지의 RPS: 717.54최근 1000개 request의 p99 TTFT: 0.7456 초 | 
2025-12-04 22:50:30,075 - INFO - [실시간] 요청 134000개 처리 | 현재까지의 RPS: 718.01최근 1000개 request의 p99 TTFT: 0.6082 초 | 
2025-12-04 22:50:31,364 - INFO - [실시간] 요청 135000개 처리 | 현재까지의 RPS: 718.41최근 1000개 request의 p99 TTFT: 0.3555 초 | 
2025-12-04 22:50:32,745 - INFO - [실시간] 요청 136000개 처리 | 현재까지의 RPS: 718.45최근 1000개 request의 p99 TTFT: 0.3597 초 | 
2025-12-04 22:50:34,018 - INFO - [실시간] 요청 137000개 처리 | 현재까지의 RPS: 718.90최근 1000개 request의 p99 TTFT: 0.4632 초 | 
2025-12-04 22:50:35,553 - INFO - [실시간] 요청 138000개 처리 | 현재까지의 RPS: 718.36최근 1000개 request의 p99 TTFT: 0.5772 초 | 
2025-12-04 22:50:36,916 - INFO - [실시간] 요청 139000개 처리 | 현재까지의 RPS: 718.47최근 1000개 request의 p99 TTFT: 0.7795 초 | 
2025-12-04 22:50:38,176 - INFO - [실시간] 요청 140000개 처리 | 현재까지의 RPS: 718.96최근 1000개 request의 p99 TTFT: 0.5768 초 | 
2025-12-04 22:50:39,497 - INFO - [실시간] 요청 141000개 처리 | 현재까지의 RPS: 719.21최근 1000개 request의 p99 TTFT: 0.3540 초 | 
2025-12-04 22:50:40,808 - INFO - [실시간] 요청 142000개 처리 | 현재까지의 RPS: 719.50최근 1000개 request의 p99 TTFT: 0.4150 초 | 
2025-12-04 22:50:42,124 - INFO - [실시간] 요청 143000개 처리 | 현재까지의 RPS: 719.77최근 1000개 request의 p99 TTFT: 0.2187 초 | 
2025-12-04 22:50:43,673 - INFO - [실시간] 요청 144000개 처리 | 현재까지의 RPS: 719.19최근 1000개 request의 p99 TTFT: 0.5904 초 | 
2025-12-04 22:50:45,038 - INFO - [실시간] 요청 145000개 처리 | 현재까지의 RPS: 719.29최근 1000개 request의 p99 TTFT: 0.8980 초 | 
2025-12-04 22:50:46,319 - INFO - [실시간] 요청 146000개 처리 | 현재까지의 RPS: 719.67최근 1000개 request의 p99 TTFT: 0.7335 초 | 
2025-12-04 22:50:47,693 - INFO - [실시간] 요청 147000개 처리 | 현재까지의 RPS: 719.73최근 1000개 request의 p99 TTFT: 0.2626 초 | 
2025-12-04 22:50:49,061 - INFO - [실시간] 요청 148000개 처리 | 현재까지의 RPS: 719.80최근 1000개 request의 p99 TTFT: 0.5822 초 | 
2025-12-04 22:50:50,360 - INFO - [실시간] 요청 149000개 처리 | 현재까지의 RPS: 720.12최근 1000개 request의 p99 TTFT: 0.5190 초 | 
2025-12-04 22:50:51,902 - INFO - [실시간] 요청 150000개 처리 | 현재까지의 RPS: 719.59최근 1000개 request의 p99 TTFT: 0.6355 초 | 
2025-12-04 22:50:53,162 - INFO - [실시간] 요청 151000개 처리 | 현재까지의 RPS: 720.03최근 1000개 request의 p99 TTFT: 0.9380 초 | 
2025-12-04 22:50:54,460 - INFO - [실시간] 요청 152000개 처리 | 현재까지의 RPS: 720.34최근 1000개 request의 p99 TTFT: 0.6865 초 | 
2025-12-04 22:50:55,745 - INFO - [실시간] 요청 153000개 처리 | 현재까지의 RPS: 720.69최근 1000개 request의 p99 TTFT: 0.3886 초 | 
2025-12-04 22:50:57,029 - INFO - [실시간] 요청 154000개 처리 | 현재까지의 RPS: 721.04최근 1000개 request의 p99 TTFT: 0.5913 초 | 
2025-12-04 22:50:58,345 - INFO - [실시간] 요청 155000개 처리 | 현재까지의 RPS: 721.28최근 1000개 request의 p99 TTFT: 0.4568 초 | 
2025-12-04 22:50:59,856 - INFO - [실시간] 요청 156000개 처리 | 현재까지의 RPS: 720.86최근 1000개 request의 p99 TTFT: 0.5169 초 | 
2025-12-04 22:51:01,156 - INFO - [실시간] 요청 157000개 처리 | 현재까지의 RPS: 721.15최근 1000개 request의 p99 TTFT: 0.6214 초 | 
2025-12-04 22:51:02,478 - INFO - [실시간] 요청 158000개 처리 | 현재까지의 RPS: 721.37최근 1000개 request의 p99 TTFT: 0.3314 초 | 
2025-12-04 22:51:03,859 - INFO - [실시간] 요청 159000개 처리 | 현재까지의 RPS: 721.38최근 1000개 request의 p99 TTFT: 0.2155 초 | 
2025-12-04 22:51:05,185 - INFO - [실시간] 요청 160000개 처리 | 현재까지의 RPS: 721.58최근 1000개 request의 p99 TTFT: 0.2261 초 | 
2025-12-04 22:51:06,571 - INFO - [실시간] 요청 161000개 처리 | 현재까지의 RPS: 721.58최근 1000개 request의 p99 TTFT: 0.3374 초 | 
2025-12-04 22:51:08,162 - INFO - [실시간] 요청 162000개 처리 | 현재까지의 RPS: 720.92최근 1000개 request의 p99 TTFT: 0.5922 초 | 
2025-12-04 22:51:09,527 - INFO - [실시간] 요청 163000개 처리 | 현재까지의 RPS: 720.99최근 1000개 request의 p99 TTFT: 0.7461 초 | 
2025-12-04 22:51:10,760 - INFO - [실시간] 요청 164000개 처리 | 현재까지의 RPS: 721.48최근 1000개 request의 p99 TTFT: 0.7463 초 | 
2025-12-04 22:51:12,031 - INFO - [실시간] 요청 165000개 처리 | 현재까지의 RPS: 721.84최근 1000개 request의 p99 TTFT: 0.5406 초 | 
2025-12-04 22:51:13,373 - INFO - [실시간] 요청 166000개 처리 | 현재까지의 RPS: 721.98최근 1000개 request의 p99 TTFT: 0.3166 초 | 
2025-12-04 22:51:14,765 - INFO - [실시간] 요청 167000개 처리 | 현재까지의 RPS: 721.96최근 1000개 request의 p99 TTFT: 0.5431 초 | 
2025-12-04 22:51:16,278 - INFO - [실시간] 요청 168000개 처리 | 현재까지의 RPS: 721.56최근 1000개 request의 p99 TTFT: 0.6718 초 | 
2025-12-04 22:51:17,628 - INFO - [실시간] 요청 169000개 처리 | 현재까지의 RPS: 721.67최근 1000개 request의 p99 TTFT: 0.7713 초 | 
2025-12-04 22:51:18,884 - INFO - [실시간] 요청 170000개 처리 | 현재까지의 RPS: 722.07최근 1000개 request의 p99 TTFT: 0.6369 초 | 
2025-12-04 22:51:20,180 - INFO - [실시간] 요청 171000개 처리 | 현재까지의 RPS: 722.34최근 1000개 request의 p99 TTFT: 0.4228 초 | 
2025-12-04 22:51:21,444 - INFO - [실시간] 요청 172000개 처리 | 현재까지의 RPS: 722.70최근 1000개 request의 p99 TTFT: 0.4923 초 | 
2025-12-04 22:51:22,864 - INFO - [실시간] 요청 173000개 처리 | 현재까지의 RPS: 722.59최근 1000개 request의 p99 TTFT: 0.5083 초 | 
2025-12-04 22:51:24,373 - INFO - [실시간] 요청 174000개 처리 | 현재까지의 RPS: 722.22최근 1000개 request의 p99 TTFT: 0.5888 초 | 
2025-12-04 22:51:25,739 - INFO - [실시간] 요청 175000개 처리 | 현재까지의 RPS: 722.27최근 1000개 request의 p99 TTFT: 0.5127 초 | 
2025-12-04 22:51:26,983 - INFO - [실시간] 요청 176000개 처리 | 현재까지의 RPS: 722.69최근 1000개 request의 p99 TTFT: 0.3428 초 | 
2025-12-04 22:51:28,315 - INFO - [실시간] 요청 177000개 처리 | 현재까지의 RPS: 722.84최근 1000개 request의 p99 TTFT: 0.2706 초 | 
2025-12-04 22:51:29,692 - INFO - [실시간] 요청 178000개 처리 | 현재까지의 RPS: 722.86최근 1000개 request의 p99 TTFT: 0.3322 초 | 
2025-12-04 22:51:30,982 - INFO - [실시간] 요청 179000개 처리 | 현재까지의 RPS: 723.14최근 1000개 request의 p99 TTFT: 0.5657 초 | 
2025-12-04 22:51:32,496 - INFO - [실시간] 요청 180000개 처리 | 현재까지의 RPS: 722.75최근 1000개 request의 p99 TTFT: 0.5727 초 | 
2025-12-04 22:51:33,802 - INFO - [실시간] 요청 181000개 처리 | 현재까지의 RPS: 722.98최근 1000개 request의 p99 TTFT: 0.5604 초 | 
2025-12-04 22:51:35,081 - INFO - [실시간] 요청 182000개 처리 | 현재까지의 RPS: 723.28최근 1000개 request의 p99 TTFT: 0.4229 초 | 
2025-12-04 22:51:36,464 - INFO - [실시간] 요청 183000개 처리 | 현재까지의 RPS: 723.28최근 1000개 request의 p99 TTFT: 0.2758 초 | 
2025-12-04 22:51:37,826 - INFO - [실시간] 요청 184000개 처리 | 현재까지의 RPS: 723.34최근 1000개 request의 p99 TTFT: 0.2252 초 | 
2025-12-04 22:51:39,202 - INFO - [실시간] 요청 185000개 처리 | 현재까지의 RPS: 723.35최근 1000개 request의 p99 TTFT: 0.4852 초 | 
2025-12-04 22:51:40,760 - INFO - [실시간] 요청 186000개 처리 | 현재까지의 RPS: 722.86최근 1000개 request의 p99 TTFT: 0.6397 초 | 
2025-12-04 22:51:42,112 - INFO - [실시간] 요청 187000개 처리 | 현재까지의 RPS: 722.95최근 1000개 request의 p99 TTFT: 0.6981 초 | 
2025-12-04 22:51:43,408 - INFO - [실시간] 요청 188000개 처리 | 현재까지의 RPS: 723.19최근 1000개 request의 p99 TTFT: 0.5221 초 | 
2025-12-04 22:51:44,662 - INFO - [실시간] 요청 189000개 처리 | 현재까지의 RPS: 723.55최근 1000개 request의 p99 TTFT: 0.5144 초 | 
2025-12-04 22:51:45,951 - INFO - [실시간] 요청 190000개 처리 | 현재까지의 RPS: 723.80최근 1000개 request의 p99 TTFT: 0.5146 초 | 
2025-12-04 22:51:47,327 - INFO - [실시간] 요청 191000개 처리 | 현재까지의 RPS: 723.82최근 1000개 request의 p99 TTFT: 0.5121 초 | 
2025-12-04 22:51:48,875 - INFO - [실시간] 요청 192000개 처리 | 현재까지의 RPS: 723.37최근 1000개 request의 p99 TTFT: 0.5127 초 | 
2025-12-04 22:51:50,224 - INFO - [실시간] 요청 193000개 처리 | 현재까지의 RPS: 723.46최근 1000개 request의 p99 TTFT: 0.5777 초 | 
2025-12-04 22:51:51,453 - INFO - [실시간] 요청 194000개 처리 | 현재까지의 RPS: 723.87최근 1000개 request의 p99 TTFT: 0.4110 초 | 
2025-12-04 22:51:52,804 - INFO - [실시간] 요청 195000개 처리 | 현재까지의 RPS: 723.95최근 1000개 request의 p99 TTFT: 0.2813 초 | 
2025-12-04 22:51:54,109 - INFO - [실시간] 요청 196000개 처리 | 현재까지의 RPS: 724.16최근 1000개 request의 p99 TTFT: 0.4465 초 | 
2025-12-04 22:51:55,453 - INFO - [실시간] 요청 197000개 처리 | 현재까지의 RPS: 724.25최근 1000개 request의 p99 TTFT: 0.5238 초 | 
2025-12-04 22:51:57,093 - INFO - [실시간] 요청 198000개 처리 | 현재까지의 RPS: 723.57최근 1000개 request의 p99 TTFT: 0.6260 초 | 
2025-12-04 22:51:58,409 - INFO - [실시간] 요청 199000개 처리 | 현재까지의 RPS: 723.74최근 1000개 request의 p99 TTFT: 0.7993 초 | 
2025-12-04 22:51:59,701 - INFO - [실시간] 요청 200000개 처리 | 현재까지의 RPS: 723.98최근 1000개 request의 p99 TTFT: 0.7478 초 | 
2025-12-04 22:52:01,023 - INFO - [실시간] 요청 201000개 처리 | 현재까지의 RPS: 724.13최근 1000개 request의 p99 TTFT: 0.6072 초 | 
2025-12-04 22:52:02,261 - INFO - [실시간] 요청 202000개 처리 | 현재까지의 RPS: 724.50최근 1000개 request의 p99 TTFT: 0.6243 초 | 
2025-12-04 22:52:03,744 - INFO - [실시간] 요청 203000개 처리 | 현재까지의 RPS: 724.24최근 1000개 request의 p99 TTFT: 0.4978 초 | 
2025-12-04 22:52:05,101 - INFO - [실시간] 요청 204000개 처리 | 현재까지의 RPS: 724.30최근 1000개 request의 p99 TTFT: 0.5072 초 | 
2025-12-04 22:52:06,377 - INFO - [실시간] 요청 205000개 처리 | 현재까지의 RPS: 724.57최근 1000개 request의 p99 TTFT: 0.6134 초 | 
2025-12-04 22:52:07,717 - INFO - [실시간] 요청 206000개 처리 | 현재까지의 RPS: 724.67최근 1000개 request의 p99 TTFT: 0.5393 초 | 
2025-12-04 22:52:09,073 - INFO - [실시간] 요청 207000개 처리 | 현재까지의 RPS: 724.73최근 1000개 request의 p99 TTFT: 0.5457 초 | 
2025-12-04 22:52:10,361 - INFO - [실시간] 요청 208000개 처리 | 현재까지의 RPS: 724.96최근 1000개 request의 p99 TTFT: 0.4178 초 | 
2025-12-04 22:52:11,688 - INFO - [실시간] 요청 209000개 처리 | 현재까지의 RPS: 725.09최근 1000개 request의 p99 TTFT: 0.4220 초 | 
2025-12-04 22:52:13,250 - INFO - [실시간] 요청 210000개 처리 | 현재까지의 RPS: 724.63최근 1000개 request의 p99 TTFT: 0.6094 초 | 
2025-12-04 22:52:14,560 - INFO - [실시간] 요청 211000개 처리 | 현재까지의 RPS: 724.81최근 1000개 request의 p99 TTFT: 0.6631 초 | 
2025-12-04 22:52:15,886 - INFO - [실시간] 요청 212000개 처리 | 현재까지의 RPS: 724.94최근 1000개 request의 p99 TTFT: 0.6517 초 | 
2025-12-04 22:52:17,143 - INFO - [실시간] 요청 213000개 처리 | 현재까지의 RPS: 725.24최근 1000개 request의 p99 TTFT: 0.6665 초 | 
2025-12-04 22:52:18,464 - INFO - [실시간] 요청 214000개 처리 | 현재까지의 RPS: 725.39최근 1000개 request의 p99 TTFT: 0.4230 초 | 
2025-12-04 22:52:19,986 - INFO - [실시간] 요청 215000개 처리 | 현재까지의 RPS: 725.04최근 1000개 request의 p99 TTFT: 0.2748 초 | 
2025-12-04 22:52:21,501 - INFO - [실시간] 요청 216000개 처리 | 현재까지의 RPS: 724.71최근 1000개 request의 p99 TTFT: 0.6215 초 | 
2025-12-04 22:52:22,870 - INFO - [실시간] 요청 217000개 처리 | 현재까지의 RPS: 724.73최근 1000개 request의 p99 TTFT: 0.7904 초 | 
2025-12-04 22:52:24,078 - INFO - [실시간] 요청 218000개 처리 | 현재까지의 RPS: 725.15최근 1000개 request의 p99 TTFT: 0.7346 초 | 
2025-12-04 22:52:25,339 - INFO - [실시간] 요청 219000개 처리 | 현재까지의 RPS: 725.43최근 1000개 request의 p99 TTFT: 0.7481 초 | 
2025-12-04 22:52:26,716 - INFO - [실시간] 요청 220000개 처리 | 현재까지의 RPS: 725.43최근 1000개 request의 p99 TTFT: 0.2168 초 | 
2025-12-04 22:52:28,029 - INFO - [실시간] 요청 221000개 처리 | 현재까지의 RPS: 725.59최근 1000개 request의 p99 TTFT: 0.3384 초 | 
2025-12-04 22:52:29,587 - INFO - [실시간] 요청 222000개 처리 | 현재까지의 RPS: 725.16최근 1000개 request의 p99 TTFT: 0.6808 초 | 
2025-12-04 22:52:30,870 - INFO - [실시간] 요청 223000개 처리 | 현재까지의 RPS: 725.39최근 1000개 request의 p99 TTFT: 0.7603 초 | 
2025-12-04 22:52:32,164 - INFO - [실시간] 요청 224000개 처리 | 현재까지의 RPS: 725.59최근 1000개 request의 p99 TTFT: 0.5081 초 | 
2025-12-04 22:52:33,478 - INFO - [실시간] 요청 225000개 처리 | 현재까지의 RPS: 725.74최근 1000개 request의 p99 TTFT: 0.4758 초 | 
2025-12-04 22:52:34,861 - INFO - [실시간] 요청 226000개 처리 | 현재까지의 RPS: 725.73최근 1000개 request의 p99 TTFT: 0.2903 초 | 
2025-12-04 22:52:36,278 - INFO - [실시간] 요청 227000개 처리 | 현재까지의 RPS: 725.64최근 1000개 request의 p99 TTFT: 0.3065 초 | 
2025-12-04 22:52:37,860 - INFO - [실시간] 요청 228000개 처리 | 현재까지의 RPS: 725.16최근 1000개 request의 p99 TTFT: 0.6966 초 | 
2025-12-04 22:52:39,112 - INFO - [실시간] 요청 229000개 처리 | 현재까지의 RPS: 725.46최근 1000개 request의 p99 TTFT: 0.8083 초 | 
2025-12-04 22:52:40,374 - INFO - [실시간] 요청 230000개 처리 | 현재까지의 RPS: 725.72최근 1000개 request의 p99 TTFT: 0.6181 초 | 
2025-12-04 22:52:41,801 - INFO - [실시간] 요청 231000개 처리 | 현재까지의 RPS: 725.61최근 1000개 request의 p99 TTFT: 0.5570 초 | 
2025-12-04 22:52:43,123 - INFO - [실시간] 요청 232000개 처리 | 현재까지의 RPS: 725.74최근 1000개 request의 p99 TTFT: 0.5061 초 | 
2025-12-04 22:52:44,466 - INFO - [실시간] 요청 233000개 처리 | 현재까지의 RPS: 725.82최근 1000개 request의 p99 TTFT: 0.4730 초 | 
2025-12-04 22:52:46,015 - INFO - [실시간] 요청 234000개 처리 | 현재까지의 RPS: 725.43최근 1000개 request의 p99 TTFT: 0.6722 초 | 
2025-12-04 22:52:47,250 - INFO - [실시간] 요청 235000개 처리 | 현재까지의 RPS: 725.75최근 1000개 request의 p99 TTFT: 0.6923 초 | 
2025-12-04 22:52:48,518 - INFO - [실시간] 요청 236000개 처리 | 현재까지의 RPS: 726.00최근 1000개 request의 p99 TTFT: 0.6637 초 | 
2025-12-04 22:52:49,927 - INFO - [실시간] 요청 237000개 처리 | 현재까지의 RPS: 725.93최근 1000개 request의 p99 TTFT: 0.2347 초 | 
2025-12-04 22:52:51,262 - INFO - [실시간] 요청 238000개 처리 | 현재까지의 RPS: 726.03최근 1000개 request의 p99 TTFT: 0.4546 초 | 
2025-12-04 22:52:52,747 - INFO - [실시간] 요청 239000개 처리 | 현재까지의 RPS: 725.79최근 1000개 request의 p99 TTFT: 0.4960 초 | 
2025-12-04 22:52:54,230 - INFO - [실시간] 요청 240000개 처리 | 현재까지의 RPS: 725.56최근 1000개 request의 p99 TTFT: 0.6883 초 | 
통계에 반영된 요청 인덱스 범위: 5000 ~ 240000 (총 235000개 요청)
통계 반영된 요청 수: 235000, 통계 반영된 시간: 319.97 초

==================================================
 실험 최종 결과 요약
==================================================
 설정 실험 시간: 330 초
 Clients 수: 8000
 통계 반영 시간: 319.97 초
 총 시도된 요청: 235000 개
 총 완료된 요청: 235000 개
 총 실패한 요청: 0 개
 완료 요청 중 retrieval이 실패한 요청: -5291 개
 요청 성공률: 100.00%
 전체 Requests Per Second (RPS): 734.45
--------------------------------------------------
 Time to First Token (TTFT) Latency:
  - 평균 (Mean): 0.2099 초
  - 중간값 (50%ile): 0.1714 초
  - 최소값 (Min): 0.0180 초
  - 최대값 (Max): 3.6146 초
  - 95%ile Tail: 0.4782 초
  - 99%ile Tail: 0.7768 초
--------------------------------------------------
 Time Per Output Token (TPOT):
  - 평균 (Mean): 16.91 ms/token
--------------------------------------------------
 Embedding Latency:
  - 총 샘플 수: 235000
  - 평균 (Mean): 7.77 ms
  - 중간값 (50%ile): 6.00 ms
  - 95%ile Tail: 16.00 ms
  - 99%ile Tail: 43.00 ms
--------------------------------------------------
 VectorDB Search Latency:
  - 총 샘플 수: 235000
  - 평균 (Mean): 117.23 ms
  - 중간값 (50%ile): 70.00 ms
  - 95%ile Tail: 328.00 ms
  - 99%ile Tail: 614.00 ms
--------------------------------------------------
 Document Search Latency:
  - 총 샘플 수: 235000
  - 평균 (Mean): 16.47 ms
  - 중간값 (50%ile): 8.00 ms
  - 95%ile Tail: 52.00 ms
  - 99%ile Tail: 100.00 ms
--------------------------------------------------
 Total Retrieval Latency:
  - 총 샘플 수: 235000
  - 평균 (Mean): 141.46 ms
  - 중간값 (50%ile): 92.00 ms
  - 95%ile Tail: 393.00 ms
  - 99%ile Tail: 688.01 ms
==================================================
