2025-12-04 22:53:16,362 - INFO - ReqGen 시작: 서버=163.152.48.109:9000, 클라이언트=8200, 시간=330초
2025-12-04 22:53:16,362 - INFO - Hugging Face에서 'kroshan/BioASQ' 데이터셋을 로드합니다...
2025-12-04 22:53:21,750 - INFO - 3266개의 질문을 로드했습니다.
2025-12-04 22:53:21,750 - INFO - 부하 테스트 시작, client 수 = 8200
2025-12-04 22:53:25,059 - INFO - [실시간] 요청 1000개 처리 | 현재까지의 RPS: 302.28최근 1000개 request의 p99 TTFT: 0.2617 초 | 
2025-12-04 22:53:27,036 - INFO - [실시간] 요청 2000개 처리 | 현재까지의 RPS: 378.36최근 1000개 request의 p99 TTFT: 0.4061 초 | 
2025-12-04 22:53:28,915 - INFO - [실시간] 요청 3000개 처리 | 현재까지의 RPS: 418.74최근 1000개 request의 p99 TTFT: 0.4168 초 | 
2025-12-04 22:53:30,719 - INFO - [실시간] 요청 4000개 처리 | 현재까지의 RPS: 446.02최근 1000개 request의 p99 TTFT: 0.3970 초 | 
2025-12-04 22:53:32,264 - INFO - [실시간] 요청 5000개 처리 | 현재까지의 RPS: 475.60최근 1000개 request의 p99 TTFT: 0.6614 초 | 
2025-12-04 22:53:33,743 - INFO - [실시간] 요청 6000개 처리 | 현재까지의 RPS: 500.32최근 1000개 request의 p99 TTFT: 0.4011 초 | 
2025-12-04 22:53:35,329 - INFO - [실시간] 요청 7000개 처리 | 현재까지의 RPS: 515.54최근 1000개 request의 p99 TTFT: 0.3741 초 | 
2025-12-04 22:53:36,659 - INFO - [실시간] 요청 8000개 처리 | 현재까지의 RPS: 536.59최근 1000개 request의 p99 TTFT: 0.6352 초 | 
2025-12-04 22:53:37,969 - INFO - [실시간] 요청 9000개 처리 | 현재까지의 RPS: 554.93최근 1000개 request의 p99 TTFT: 0.5761 초 | 
2025-12-04 22:53:39,277 - INFO - [실시간] 요청 10000개 처리 | 현재까지의 RPS: 570.57최근 1000개 request의 p99 TTFT: 0.7029 초 | 
2025-12-04 22:53:40,730 - INFO - [실시간] 요청 11000개 처리 | 현재까지의 RPS: 579.56최근 1000개 request의 p99 TTFT: 1.2083 초 | 
2025-12-04 22:53:42,042 - INFO - [실시간] 요청 12000개 처리 | 현재까지의 RPS: 591.39최근 1000개 request의 p99 TTFT: 1.4941 초 | 
2025-12-04 22:53:43,250 - INFO - [실시간] 요청 13000개 처리 | 현재까지의 RPS: 604.66최근 1000개 request의 p99 TTFT: 2.2982 초 | 
2025-12-04 22:53:44,502 - INFO - [실시간] 요청 14000개 처리 | 현재까지의 RPS: 615.35최근 1000개 request의 p99 TTFT: 2.8507 초 | 
2025-12-04 22:53:45,743 - INFO - [실시간] 요청 15000개 처리 | 현재까지의 RPS: 625.18최근 1000개 request의 p99 TTFT: 3.1305 초 | 
2025-12-04 22:53:47,022 - INFO - [실시간] 요청 16000개 처리 | 현재까지의 RPS: 633.12최근 1000개 request의 p99 TTFT: 2.8119 초 | 
2025-12-04 22:53:48,379 - INFO - [실시간] 요청 17000개 처리 | 현재까지의 RPS: 638.42최근 1000개 request의 p99 TTFT: 1.6745 초 | 
2025-12-04 22:53:49,693 - INFO - [실시간] 요청 18000개 처리 | 현재까지의 RPS: 644.17최근 1000개 request의 p99 TTFT: 0.9103 초 | 
2025-12-04 22:53:50,900 - INFO - [실시간] 요청 19000개 처리 | 현재까지의 RPS: 651.81최근 1000개 request의 p99 TTFT: 0.9226 초 | 
2025-12-04 22:53:52,269 - INFO - [실시간] 요청 20000개 처리 | 현재까지의 RPS: 655.33최근 1000개 request의 p99 TTFT: 0.6326 초 | 
2025-12-04 22:53:53,593 - INFO - [실시간] 요청 21000개 처리 | 현재까지의 RPS: 659.50최근 1000개 request의 p99 TTFT: 0.3871 초 | 
2025-12-04 22:53:54,965 - INFO - [실시간] 요청 22000개 처리 | 현재까지의 RPS: 662.36최근 1000개 request의 p99 TTFT: 0.3082 초 | 
2025-12-04 22:53:56,568 - INFO - [실시간] 요청 23000개 처리 | 현재까지의 RPS: 660.59최근 1000개 request의 p99 TTFT: 0.6225 초 | 
2025-12-04 22:53:57,820 - INFO - [실시간] 요청 24000개 처리 | 현재까지의 RPS: 665.38최근 1000개 request의 p99 TTFT: 0.7192 초 | 
2025-12-04 22:53:59,062 - INFO - [실시간] 요청 25000개 처리 | 현재까지의 RPS: 670.03최근 1000개 request의 p99 TTFT: 0.7326 초 | 
2025-12-04 22:54:00,332 - INFO - [실시간] 요청 26000개 처리 | 현재까지의 RPS: 673.89최근 1000개 request의 p99 TTFT: 0.8249 초 | 
2025-12-04 22:54:01,636 - INFO - [실시간] 요청 27000개 처리 | 현재까지의 RPS: 676.93최근 1000개 request의 p99 TTFT: 0.4721 초 | 
2025-12-04 22:54:03,054 - INFO - [실시간] 요청 28000개 처리 | 현재까지의 RPS: 677.91최근 1000개 request의 p99 TTFT: 0.3355 초 | 
2025-12-04 22:54:04,599 - INFO - [실시간] 요청 29000개 처리 | 현재까지의 RPS: 676.80최근 1000개 request의 p99 TTFT: 0.9148 초 | 
2025-12-04 22:54:05,876 - INFO - [실시간] 요청 30000개 처리 | 현재까지의 RPS: 679.88최근 1000개 request의 p99 TTFT: 0.9803 초 | 
2025-12-04 22:54:07,122 - INFO - [실시간] 요청 31000개 처리 | 현재까지의 RPS: 683.25최근 1000개 request의 p99 TTFT: 0.9090 초 | 
2025-12-04 22:54:08,396 - INFO - [실시간] 요청 32000개 처리 | 현재까지의 RPS: 686.03최근 1000개 request의 p99 TTFT: 0.6829 초 | 
2025-12-04 22:54:09,714 - INFO - [실시간] 요청 33000개 처리 | 현재까지의 RPS: 688.02최근 1000개 request의 p99 TTFT: 0.5318 초 | 
2025-12-04 22:54:11,101 - INFO - [실시간] 요청 34000개 처리 | 현재까지의 RPS: 688.96최근 1000개 request의 p99 TTFT: 0.5549 초 | 
2025-12-04 22:54:12,601 - INFO - [실시간] 요청 35000개 처리 | 현재까지의 RPS: 688.30최근 1000개 request의 p99 TTFT: 0.5909 초 | 
2025-12-04 22:54:13,878 - INFO - [실시간] 요청 36000개 처리 | 현재까지의 RPS: 690.61최근 1000개 request의 p99 TTFT: 0.8005 초 | 
2025-12-04 22:54:15,105 - INFO - [실시간] 요청 37000개 처리 | 현재까지의 RPS: 693.48최근 1000개 request의 p99 TTFT: 0.8207 초 | 
2025-12-04 22:54:16,389 - INFO - [실시간] 요청 38000개 처리 | 현재까지의 RPS: 695.48최근 1000개 request의 p99 TTFT: 0.3949 초 | 
2025-12-04 22:54:17,694 - INFO - [실시간] 요청 39000개 처리 | 현재까지의 RPS: 697.13최근 1000개 request의 p99 TTFT: 0.3977 초 | 
2025-12-04 22:54:19,085 - INFO - [실시간] 요청 40000개 처리 | 현재까지의 RPS: 697.66최근 1000개 request의 p99 TTFT: 0.4435 초 | 
2025-12-04 22:54:20,598 - INFO - [실시간] 요청 41000개 처리 | 현재까지의 RPS: 696.71최근 1000개 request의 p99 TTFT: 0.6864 초 | 
2025-12-04 22:54:21,861 - INFO - [실시간] 요청 42000개 처리 | 현재까지의 RPS: 698.71최근 1000개 request의 p99 TTFT: 0.9559 초 | 
2025-12-04 22:54:23,128 - INFO - [실시간] 요청 43000개 처리 | 현재까지의 RPS: 700.58최근 1000개 request의 p99 TTFT: 0.6878 초 | 
2025-12-04 22:54:24,423 - INFO - [실시간] 요청 44000개 처리 | 현재까지의 RPS: 702.06최근 1000개 request의 p99 TTFT: 0.3617 초 | 
2025-12-04 22:54:25,741 - INFO - [실시간] 요청 45000개 처리 | 현재까지의 RPS: 703.23최근 1000개 request의 p99 TTFT: 0.3236 초 | 
2025-12-04 22:54:27,144 - INFO - [실시간] 요청 46000개 처리 | 현재까지의 RPS: 703.44최근 1000개 request의 p99 TTFT: 0.4101 초 | 
2025-12-04 22:54:28,587 - INFO - [실시간] 요청 47000개 처리 | 현재까지의 RPS: 703.21최근 1000개 request의 p99 TTFT: 0.8622 초 | 
2025-12-04 22:54:29,834 - INFO - [실시간] 요청 48000개 처리 | 현재까지의 RPS: 705.02최근 1000개 request의 p99 TTFT: 0.8904 초 | 
2025-12-04 22:54:31,086 - INFO - [실시간] 요청 49000개 처리 | 현재까지의 RPS: 706.71최근 1000개 request의 p99 TTFT: 0.7688 초 | 
2025-12-04 22:54:32,364 - INFO - [실시간] 요청 50000개 처리 | 현재까지의 RPS: 708.08최근 1000개 request의 p99 TTFT: 0.4400 초 | 
2025-12-04 22:54:33,685 - INFO - [실시간] 요청 51000개 처리 | 현재까지의 RPS: 708.98최근 1000개 request의 p99 TTFT: 0.4918 초 | 
2025-12-04 22:54:35,124 - INFO - [실시간] 요청 52000개 처리 | 현재까지의 RPS: 708.70최근 1000개 request의 p99 TTFT: 0.5527 초 | 
2025-12-04 22:54:36,499 - INFO - [실시간] 요청 53000개 처리 | 현재까지의 RPS: 709.04최근 1000개 request의 p99 TTFT: 0.8808 초 | 
2025-12-04 22:54:37,732 - INFO - [실시간] 요청 54000개 처리 | 현재까지의 RPS: 710.70최근 1000개 request의 p99 TTFT: 0.8756 초 | 
2025-12-04 22:54:38,987 - INFO - [실시간] 요청 55000개 처리 | 현재까지의 RPS: 712.09최근 1000개 request의 p99 TTFT: 0.4368 초 | 
2025-12-04 22:54:40,354 - INFO - [실시간] 요청 56000개 처리 | 현재까지의 RPS: 712.44최근 1000개 request의 p99 TTFT: 0.3302 초 | 
2025-12-04 22:54:41,726 - INFO - [실시간] 요청 57000개 처리 | 현재까지의 RPS: 712.72최근 1000개 request의 p99 TTFT: 0.2024 초 | 
2025-12-04 22:54:43,194 - INFO - [실시간] 요청 58000개 처리 | 현재까지의 RPS: 712.15최근 1000개 request의 p99 TTFT: 0.3488 초 | 
2025-12-04 22:54:44,668 - INFO - [실시간] 요청 59000개 처리 | 현재까지의 RPS: 711.55최근 1000개 request의 p99 TTFT: 0.7565 초 | 
2025-12-04 22:54:45,913 - INFO - [실시간] 요청 60000개 처리 | 현재까지의 RPS: 712.91최근 1000개 request의 p99 TTFT: 0.7349 초 | 
2025-12-04 22:54:47,191 - INFO - [실시간] 요청 61000개 처리 | 현재까지의 RPS: 713.94최근 1000개 request의 p99 TTFT: 0.6153 초 | 
2025-12-04 22:54:48,459 - INFO - [실시간] 요청 62000개 처리 | 현재까지의 RPS: 715.04최근 1000개 request의 p99 TTFT: 0.3530 초 | 
2025-12-04 22:54:49,811 - INFO - [실시간] 요청 63000개 처리 | 현재까지의 RPS: 715.41최근 1000개 request의 p99 TTFT: 0.2609 초 | 
2025-12-04 22:54:51,206 - INFO - [실시간] 요청 64000개 처리 | 현재까지의 RPS: 715.44최근 1000개 request의 p99 TTFT: 0.3393 초 | 
2025-12-04 22:54:52,729 - INFO - [실시간] 요청 65000개 처리 | 현재까지의 RPS: 714.45최근 1000개 request의 p99 TTFT: 0.6890 초 | 
2025-12-04 22:54:53,969 - INFO - [실시간] 요청 66000개 처리 | 현재까지의 RPS: 715.69최근 1000개 request의 p99 TTFT: 0.8871 초 | 
2025-12-04 22:54:55,295 - INFO - [실시간] 요청 67000개 처리 | 현재까지의 RPS: 716.24최근 1000개 request의 p99 TTFT: 0.8757 초 | 
2025-12-04 22:54:56,556 - INFO - [실시간] 요청 68000개 처리 | 현재까지의 RPS: 717.26최근 1000개 request의 p99 TTFT: 0.6763 초 | 
2025-12-04 22:54:57,805 - INFO - [실시간] 요청 69000개 처리 | 현재까지의 RPS: 718.34최근 1000개 request의 p99 TTFT: 0.6640 초 | 
2025-12-04 22:54:59,234 - INFO - [실시간] 요청 70000개 처리 | 현재까지의 RPS: 718.07최근 1000개 request의 p99 TTFT: 0.4788 초 | 
2025-12-04 22:55:00,618 - INFO - [실시간] 요청 71000개 처리 | 현재까지의 RPS: 718.13최근 1000개 request의 p99 TTFT: 0.7653 초 | 
2025-12-04 22:55:01,877 - INFO - [실시간] 요청 72000개 처리 | 현재까지의 RPS: 719.09최근 1000개 request의 p99 TTFT: 0.7851 초 | 
2025-12-04 22:55:03,165 - INFO - [실시간] 요청 73000개 처리 | 현재까지의 RPS: 719.82최근 1000개 request의 p99 TTFT: 0.6557 초 | 
2025-12-04 22:55:04,479 - INFO - [실시간] 요청 74000개 처리 | 현재까지의 RPS: 720.35최근 1000개 request의 p99 TTFT: 0.6194 초 | 
2025-12-04 22:55:05,786 - INFO - [실시간] 요청 75000개 처리 | 현재까지의 RPS: 720.91최근 1000개 request의 p99 TTFT: 0.4717 초 | 
2025-12-04 22:55:07,224 - INFO - [실시간] 요청 76000개 처리 | 현재까지의 RPS: 720.56최근 1000개 request의 p99 TTFT: 0.3813 초 | 
2025-12-04 22:55:08,621 - INFO - [실시간] 요청 77000개 처리 | 현재까지의 RPS: 720.50최근 1000개 request의 p99 TTFT: 0.6532 초 | 
2025-12-04 22:55:09,865 - INFO - [실시간] 요청 78000개 처리 | 현재까지의 RPS: 721.46최근 1000개 request의 p99 TTFT: 0.5894 초 | 
2025-12-04 22:55:11,208 - INFO - [실시간] 요청 79000개 처리 | 현재까지의 RPS: 721.74최근 1000개 request의 p99 TTFT: 0.5220 초 | 
2025-12-04 22:55:12,483 - INFO - [실시간] 요청 80000개 처리 | 현재까지의 RPS: 722.46최근 1000개 request의 p99 TTFT: 0.5861 초 | 
2025-12-04 22:55:13,814 - INFO - [실시간] 요청 81000개 처리 | 현재까지의 RPS: 722.80최근 1000개 request의 p99 TTFT: 0.2584 초 | 
2025-12-04 22:55:15,284 - INFO - [실시간] 요청 82000개 처리 | 현재까지의 RPS: 722.26최근 1000개 request의 p99 TTFT: 0.5090 초 | 
2025-12-04 22:55:16,679 - INFO - [실시간] 요청 83000개 처리 | 현재까지의 RPS: 722.19최근 1000개 request의 p99 TTFT: 0.8830 초 | 
2025-12-04 22:55:17,952 - INFO - [실시간] 요청 84000개 처리 | 현재까지의 RPS: 722.88최근 1000개 request의 p99 TTFT: 0.7917 초 | 
2025-12-04 22:55:19,264 - INFO - [실시간] 요청 85000개 처리 | 현재까지의 RPS: 723.32최근 1000개 request의 p99 TTFT: 0.9095 초 | 
2025-12-04 22:55:20,496 - INFO - [실시간] 요청 86000개 처리 | 현재까지의 RPS: 724.24최근 1000개 request의 p99 TTFT: 1.1015 초 | 
2025-12-04 22:55:21,877 - INFO - [실시간] 요청 87000개 처리 | 현재까지의 RPS: 724.23최근 1000개 request의 p99 TTFT: 0.7647 초 | 
2025-12-04 22:55:23,236 - INFO - [실시간] 요청 88000개 처리 | 현재까지의 RPS: 724.36최근 1000개 request의 p99 TTFT: 0.6997 초 | 
2025-12-04 22:55:24,679 - INFO - [실시간] 요청 89000개 처리 | 현재까지의 RPS: 724.00최근 1000개 request의 p99 TTFT: 0.8411 초 | 
2025-12-04 22:55:25,921 - INFO - [실시간] 요청 90000개 처리 | 현재까지의 RPS: 724.81최근 1000개 request의 p99 TTFT: 0.7217 초 | 
2025-12-04 22:55:27,249 - INFO - [실시간] 요청 91000개 처리 | 현재까지의 RPS: 725.11최근 1000개 request의 p99 TTFT: 0.3862 초 | 
2025-12-04 22:55:28,522 - INFO - [실시간] 요청 92000개 처리 | 현재까지의 RPS: 725.72최근 1000개 request의 p99 TTFT: 0.3297 초 | 
2025-12-04 22:55:29,825 - INFO - [실시간] 요청 93000개 처리 | 현재까지의 RPS: 726.14최근 1000개 request의 p99 TTFT: 0.4291 초 | 
2025-12-04 22:55:31,331 - INFO - [실시간] 요청 94000개 처리 | 현재까지의 RPS: 725.42최근 1000개 request의 p99 TTFT: 0.4708 초 | 
2025-12-04 22:55:32,730 - INFO - [실시간] 요청 95000개 처리 | 현재까지의 RPS: 725.30최근 1000개 request의 p99 TTFT: 0.9170 초 | 
2025-12-04 22:55:33,992 - INFO - [실시간] 요청 96000개 처리 | 현재까지의 RPS: 725.94최근 1000개 request의 p99 TTFT: 0.8478 초 | 
2025-12-04 22:55:35,303 - INFO - [실시간] 요청 97000개 처리 | 현재까지의 RPS: 726.31최근 1000개 request의 p99 TTFT: 0.5564 초 | 
2025-12-04 22:55:36,552 - INFO - [실시간] 요청 98000개 처리 | 현재까지의 RPS: 726.99최근 1000개 request의 p99 TTFT: 0.5891 초 | 
2025-12-04 22:55:37,813 - INFO - [실시간] 요청 99000개 처리 | 현재까지의 RPS: 727.61최근 1000개 request의 p99 TTFT: 0.5933 초 | 
2025-12-04 22:55:39,339 - INFO - [실시간] 요청 100000개 처리 | 현재까지의 RPS: 726.81최근 1000개 request의 p99 TTFT: 0.6145 초 | 
2025-12-04 22:55:40,668 - INFO - [실시간] 요청 101000개 처리 | 현재까지의 RPS: 727.05최근 1000개 request의 p99 TTFT: 0.7953 초 | 
2025-12-04 22:55:41,903 - INFO - [실시간] 요청 102000개 처리 | 현재까지의 RPS: 727.78최근 1000개 request의 p99 TTFT: 0.6828 초 | 
2025-12-04 22:55:43,187 - INFO - [실시간] 요청 103000개 처리 | 현재까지의 RPS: 728.24최근 1000개 request의 p99 TTFT: 0.3905 초 | 
2025-12-04 22:55:44,482 - INFO - [실시간] 요청 104000개 처리 | 현재까지의 RPS: 728.64최근 1000개 request의 p99 TTFT: 0.3128 초 | 
2025-12-04 22:55:45,919 - INFO - [실시간] 요청 105000개 처리 | 현재까지의 RPS: 728.31최근 1000개 request의 p99 TTFT: 0.3974 초 | 
2025-12-04 22:55:47,229 - INFO - [실시간] 요청 106000개 처리 | 현재까지의 RPS: 728.63최근 1000개 request의 p99 TTFT: 0.6389 초 | 
2025-12-04 22:55:48,564 - INFO - [실시간] 요청 107000개 처리 | 현재까지의 RPS: 728.82최근 1000개 request의 p99 TTFT: 0.7053 초 | 
2025-12-04 22:55:49,794 - INFO - [실시간] 요청 108000개 처리 | 현재까지의 RPS: 729.52최근 1000개 request의 p99 TTFT: 0.6160 초 | 
2025-12-04 22:55:51,084 - INFO - [실시간] 요청 109000개 처리 | 현재까지의 RPS: 729.91최근 1000개 request의 p99 TTFT: 0.3474 초 | 
2025-12-04 22:55:52,407 - INFO - [실시간] 요청 110000개 처리 | 현재까지의 RPS: 730.14최근 1000개 request의 p99 TTFT: 0.2706 초 | 
2025-12-04 22:55:53,709 - INFO - [실시간] 요청 111000개 처리 | 현재까지의 RPS: 730.46최근 1000개 request의 p99 TTFT: 0.2452 초 | 
2025-12-04 22:55:55,320 - INFO - [실시간] 요청 112000개 처리 | 현재까지의 RPS: 729.31최근 1000개 request의 p99 TTFT: 0.6435 초 | 
2025-12-04 22:55:56,635 - INFO - [실시간] 요청 113000개 처리 | 현재까지의 RPS: 729.58최근 1000개 request의 p99 TTFT: 0.8173 초 | 
2025-12-04 22:55:57,874 - INFO - [실시간] 요청 114000개 처리 | 현재까지의 RPS: 730.19최근 1000개 request의 p99 TTFT: 0.6349 초 | 
2025-12-04 22:55:59,183 - INFO - [실시간] 요청 115000개 처리 | 현재까지의 RPS: 730.47최근 1000개 request의 p99 TTFT: 0.4393 초 | 
2025-12-04 22:56:00,477 - INFO - [실시간] 요청 116000개 처리 | 현재까지의 RPS: 730.82최근 1000개 request의 p99 TTFT: 0.3043 초 | 
2025-12-04 22:56:01,958 - INFO - [실시간] 요청 117000개 처리 | 현재까지의 RPS: 730.30최근 1000개 request의 p99 TTFT: 0.5165 초 | 
2025-12-04 22:56:03,435 - INFO - [실시간] 요청 118000개 처리 | 현재까지의 RPS: 729.82최근 1000개 request의 p99 TTFT: 0.6053 초 | 
2025-12-04 22:56:04,703 - INFO - [실시간] 요청 119000개 처리 | 현재까지의 RPS: 730.27최근 1000개 request의 p99 TTFT: 0.6934 초 | 
2025-12-04 22:56:05,987 - INFO - [실시간] 요청 120000개 처리 | 현재까지의 RPS: 730.65최근 1000개 request의 p99 TTFT: 0.6693 초 | 
2025-12-04 22:56:07,224 - INFO - [실시간] 요청 121000개 처리 | 현재까지의 RPS: 731.23최근 1000개 request의 p99 TTFT: 0.5610 초 | 
2025-12-04 22:56:08,532 - INFO - [실시간] 요청 122000개 처리 | 현재까지의 RPS: 731.50최근 1000개 request의 p99 TTFT: 0.3099 초 | 
2025-12-04 22:56:09,957 - INFO - [실시간] 요청 123000개 처리 | 현재까지의 RPS: 731.24최근 1000개 request의 p99 TTFT: 0.5363 초 | 
2025-12-04 22:56:11,354 - INFO - [실시간] 요청 124000개 처리 | 현재까지의 RPS: 731.12최근 1000개 request의 p99 TTFT: 0.7095 초 | 
2025-12-04 22:56:12,637 - INFO - [실시간] 요청 125000개 처리 | 현재까지의 RPS: 731.48최근 1000개 request의 p99 TTFT: 0.8101 초 | 
2025-12-04 22:56:13,919 - INFO - [실시간] 요청 126000개 처리 | 현재까지의 RPS: 731.84최근 1000개 request의 p99 TTFT: 0.6797 초 | 
2025-12-04 22:56:15,162 - INFO - [실시간] 요청 127000개 처리 | 현재까지의 RPS: 732.36최근 1000개 request의 p99 TTFT: 0.4952 초 | 
2025-12-04 22:56:16,497 - INFO - [실시간] 요청 128000개 처리 | 현재까지의 RPS: 732.49최근 1000개 request의 p99 TTFT: 0.2655 초 | 
2025-12-04 22:56:17,768 - INFO - [실시간] 요청 129000개 처리 | 현재까지의 RPS: 732.88최근 1000개 request의 p99 TTFT: 0.3752 초 | 
2025-12-04 22:56:19,364 - INFO - [실시간] 요청 130000개 처리 | 현재까지의 RPS: 731.93최근 1000개 request의 p99 TTFT: 0.5778 초 | 
2025-12-04 22:56:20,742 - INFO - [실시간] 요청 131000개 처리 | 현재까지의 RPS: 731.88최근 1000개 request의 p99 TTFT: 0.6477 초 | 
2025-12-04 22:56:22,038 - INFO - [실시간] 요청 132000개 처리 | 현재까지의 RPS: 732.17최근 1000개 request의 p99 TTFT: 0.8596 초 | 
2025-12-04 22:56:23,282 - INFO - [실시간] 요청 133000개 처리 | 현재까지의 RPS: 732.65최근 1000개 request의 p99 TTFT: 0.9560 초 | 
2025-12-04 22:56:24,580 - INFO - [실시간] 요청 134000개 처리 | 현재까지의 RPS: 732.92최근 1000개 request의 p99 TTFT: 0.7748 초 | 
2025-12-04 22:56:25,915 - INFO - [실시간] 요청 135000개 처리 | 현재까지의 RPS: 733.04최근 1000개 request의 p99 TTFT: 0.4220 초 | 
2025-12-04 22:56:27,402 - INFO - [실시간] 요청 136000개 처리 | 현재까지의 RPS: 732.55최근 1000개 request의 p99 TTFT: 0.7040 초 | 
2025-12-04 22:56:28,662 - INFO - [실시간] 요청 137000개 처리 | 현재까지의 RPS: 732.97최근 1000개 request의 p99 TTFT: 0.7360 초 | 
2025-12-04 22:56:29,913 - INFO - [실시간] 요청 138000개 처리 | 현재까지의 RPS: 733.41최근 1000개 request의 p99 TTFT: 0.6112 초 | 
2025-12-04 22:56:31,226 - INFO - [실시간] 요청 139000개 처리 | 현재까지의 RPS: 733.60최근 1000개 request의 p99 TTFT: 0.3609 초 | 
2025-12-04 22:56:32,499 - INFO - [실시간] 요청 140000개 처리 | 현재까지의 RPS: 733.95최근 1000개 request의 p99 TTFT: 0.4164 초 | 
2025-12-04 22:56:33,934 - INFO - [실시간] 요청 141000개 처리 | 현재까지의 RPS: 733.68최근 1000개 request의 p99 TTFT: 0.4192 초 | 
2025-12-04 22:56:35,497 - INFO - [실시간] 요청 142000개 처리 | 현재까지의 RPS: 732.92최근 1000개 request의 p99 TTFT: 0.5585 초 | 
2025-12-04 22:56:36,761 - INFO - [실시간] 요청 143000개 처리 | 현재까지의 RPS: 733.30최근 1000개 request의 p99 TTFT: 0.6413 초 | 
2025-12-04 22:56:38,054 - INFO - [실시간] 요청 144000개 처리 | 현재까지의 RPS: 733.56최근 1000개 request의 p99 TTFT: 0.5216 초 | 
2025-12-04 22:56:39,320 - INFO - [실시간] 요청 145000개 처리 | 현재까지의 RPS: 733.92최근 1000개 request의 p99 TTFT: 0.6343 초 | 
2025-12-04 22:56:40,603 - INFO - [실시간] 요청 146000개 처리 | 현재까지의 RPS: 734.21최근 1000개 request의 p99 TTFT: 0.4027 초 | 
2025-12-04 22:56:41,957 - INFO - [실시간] 요청 147000개 처리 | 현재까지의 RPS: 734.24최근 1000개 request의 p99 TTFT: 0.3884 초 | 
2025-12-04 22:56:43,429 - INFO - [실시간] 요청 148000개 처리 | 현재까지의 RPS: 733.84최근 1000개 request의 p99 TTFT: 0.8335 초 | 
2025-12-04 22:56:44,737 - INFO - [실시간] 요청 149000개 처리 | 현재까지의 RPS: 734.04최근 1000개 request의 p99 TTFT: 0.9047 초 | 
2025-12-04 22:56:45,992 - INFO - [실시간] 요청 150000개 처리 | 현재까지의 RPS: 734.42최근 1000개 request의 p99 TTFT: 0.5155 초 | 
2025-12-04 22:56:47,253 - INFO - [실시간] 요청 151000개 처리 | 현재까지의 RPS: 734.78최근 1000개 request의 p99 TTFT: 0.4417 초 | 
2025-12-04 22:56:48,588 - INFO - [실시간] 요청 152000개 처리 | 현재까지의 RPS: 734.88최근 1000개 request의 p99 TTFT: 0.2808 초 | 
2025-12-04 22:56:49,988 - INFO - [실시간] 요청 153000개 처리 | 현재까지의 RPS: 734.74최근 1000개 request의 p99 TTFT: 0.4278 초 | 
2025-12-04 22:56:51,454 - INFO - [실시간] 요청 154000개 처리 | 현재까지의 RPS: 734.37최근 1000개 request의 p99 TTFT: 0.6819 초 | 
2025-12-04 22:56:52,779 - INFO - [실시간] 요청 155000개 처리 | 현재까지의 RPS: 734.50최근 1000개 request의 p99 TTFT: 0.8471 초 | 
2025-12-04 22:56:53,981 - INFO - [실시간] 요청 156000개 처리 | 현재까지의 RPS: 735.05최근 1000개 request의 p99 TTFT: 0.7002 초 | 
2025-12-04 22:56:55,289 - INFO - [실시간] 요청 157000개 처리 | 현재까지의 RPS: 735.23최근 1000개 request의 p99 TTFT: 0.4206 초 | 
2025-12-04 22:56:56,597 - INFO - [실시간] 요청 158000개 처리 | 현재까지의 RPS: 735.41최근 1000개 request의 p99 TTFT: 0.2539 초 | 
2025-12-04 22:56:58,058 - INFO - [실시간] 요청 159000개 처리 | 현재까지의 RPS: 735.06최근 1000개 request의 p99 TTFT: 0.4755 초 | 
2025-12-04 22:56:59,462 - INFO - [실시간] 요청 160000개 처리 | 현재까지의 RPS: 734.92최근 1000개 request의 p99 TTFT: 0.8985 초 | 
2025-12-04 22:57:00,808 - INFO - [실시간] 요청 161000개 처리 | 현재까지의 RPS: 734.97최근 1000개 request의 p99 TTFT: 0.8300 초 | 
2025-12-04 22:57:02,049 - INFO - [실시간] 요청 162000개 처리 | 현재까지의 RPS: 735.37최근 1000개 request의 p99 TTFT: 0.7483 초 | 
2025-12-04 22:57:03,274 - INFO - [실시간] 요청 163000개 처리 | 현재까지의 RPS: 735.81최근 1000개 request의 p99 TTFT: 0.8896 초 | 
2025-12-04 22:57:04,632 - INFO - [실시간] 요청 164000개 처리 | 현재까지의 RPS: 735.82최근 1000개 request의 p99 TTFT: 0.7719 초 | 
2025-12-04 22:57:06,159 - INFO - [실시간] 요청 165000개 처리 | 현재까지의 RPS: 735.27최근 1000개 request의 p99 TTFT: 0.5558 초 | 
2025-12-04 22:57:07,557 - INFO - [실시간] 요청 166000개 처리 | 현재까지의 RPS: 735.14최근 1000개 request의 p99 TTFT: 1.0757 초 | 
2025-12-04 22:57:08,790 - INFO - [실시간] 요청 167000개 처리 | 현재까지의 RPS: 735.55최근 1000개 request의 p99 TTFT: 1.0727 초 | 
2025-12-04 22:57:10,082 - INFO - [실시간] 요청 168000개 처리 | 현재까지의 RPS: 735.77최근 1000개 request의 p99 TTFT: 1.0499 초 | 
2025-12-04 22:57:11,328 - INFO - [실시간] 요청 169000개 처리 | 현재까지의 RPS: 736.14최근 1000개 request의 p99 TTFT: 0.7491 초 | 
2025-12-04 22:57:12,660 - INFO - [실시간] 요청 170000개 처리 | 현재까지의 RPS: 736.22최근 1000개 request의 p99 TTFT: 0.2381 초 | 
2025-12-04 22:57:14,205 - INFO - [실시간] 요청 171000개 처리 | 현재까지의 RPS: 735.63최근 1000개 request의 p99 TTFT: 0.5520 초 | 
2025-12-04 22:57:15,550 - INFO - [실시간] 요청 172000개 처리 | 현재까지의 RPS: 735.67최근 1000개 request의 p99 TTFT: 0.7701 초 | 
2025-12-04 22:57:16,818 - INFO - [실시간] 요청 173000개 처리 | 현재까지의 RPS: 735.96최근 1000개 request의 p99 TTFT: 0.6088 초 | 
2025-12-04 22:57:18,077 - INFO - [실시간] 요청 174000개 처리 | 현재까지의 RPS: 736.27최근 1000개 request의 p99 TTFT: 0.5438 초 | 
2025-12-04 22:57:19,344 - INFO - [실시간] 요청 175000개 처리 | 현재까지의 RPS: 736.55최근 1000개 request의 p99 TTFT: 0.5334 초 | 
2025-12-04 22:57:20,683 - INFO - [실시간] 요청 176000개 처리 | 현재까지의 RPS: 736.61최근 1000개 request의 p99 TTFT: 0.6731 초 | 
2025-12-04 22:57:22,149 - INFO - [실시간] 요청 177000개 처리 | 현재까지의 RPS: 736.28최근 1000개 request의 p99 TTFT: 0.7091 초 | 
2025-12-04 22:57:23,467 - INFO - [실시간] 요청 178000개 처리 | 현재까지의 RPS: 736.40최근 1000개 request의 p99 TTFT: 0.7619 초 | 
2025-12-04 22:57:24,703 - INFO - [실시간] 요청 179000개 처리 | 현재까지의 RPS: 736.77최근 1000개 request의 p99 TTFT: 0.7154 초 | 
2025-12-04 22:57:26,050 - INFO - [실시간] 요청 180000개 처리 | 현재까지의 RPS: 736.80최근 1000개 request의 p99 TTFT: 0.5030 초 | 
2025-12-04 22:57:27,301 - INFO - [실시간] 요청 181000개 처리 | 현재까지의 RPS: 737.12최근 1000개 request의 p99 TTFT: 0.4310 초 | 
2025-12-04 22:57:28,686 - INFO - [실시간] 요청 182000개 처리 | 현재까지의 RPS: 737.03최근 1000개 request의 p99 TTFT: 0.3262 초 | 
2025-12-04 22:57:30,200 - INFO - [실시간] 요청 183000개 처리 | 현재까지의 RPS: 736.57최근 1000개 request의 p99 TTFT: 0.6762 초 | 
2025-12-04 22:57:31,480 - INFO - [실시간] 요청 184000개 처리 | 현재까지의 RPS: 736.80최근 1000개 request의 p99 TTFT: 0.7375 초 | 
2025-12-04 22:57:32,746 - INFO - [실시간] 요청 185000개 처리 | 현재까지의 RPS: 737.06최근 1000개 request의 p99 TTFT: 0.5671 초 | 
2025-12-04 22:57:34,077 - INFO - [실시간] 요청 186000개 처리 | 현재까지의 RPS: 737.14최근 1000개 request의 p99 TTFT: 0.5341 초 | 
2025-12-04 22:57:35,312 - INFO - [실시간] 요청 187000개 처리 | 현재까지의 RPS: 737.49최근 1000개 request의 p99 TTFT: 0.6946 초 | 
2025-12-04 22:57:36,653 - INFO - [실시간] 요청 188000개 처리 | 현재까지의 RPS: 737.54최근 1000개 request의 p99 TTFT: 0.5669 초 | 
2025-12-04 22:57:38,180 - INFO - [실시간] 요청 189000개 처리 | 현재까지의 RPS: 737.05최근 1000개 request의 p99 TTFT: 0.8432 초 | 
2025-12-04 22:57:39,485 - INFO - [실시간] 요청 190000개 처리 | 현재까지의 RPS: 737.19최근 1000개 request의 p99 TTFT: 0.9691 초 | 
2025-12-04 22:57:40,728 - INFO - [실시간] 요청 191000개 처리 | 현재까지의 RPS: 737.51최근 1000개 request의 p99 TTFT: 1.0596 초 | 
2025-12-04 22:57:42,016 - INFO - [실시간] 요청 192000개 처리 | 현재까지의 RPS: 737.71최근 1000개 request의 p99 TTFT: 1.0211 초 | 
2025-12-04 22:57:43,328 - INFO - [실시간] 요청 193000개 처리 | 현재까지의 RPS: 737.83최근 1000개 request의 p99 TTFT: 0.3859 초 | 
2025-12-04 22:57:44,648 - INFO - [실시간] 요청 194000개 처리 | 현재까지의 RPS: 737.93최근 1000개 request의 p99 TTFT: 0.3208 초 | 
2025-12-04 22:57:46,216 - INFO - [실시간] 요청 195000개 처리 | 현재까지의 RPS: 737.34최근 1000개 request의 p99 TTFT: 0.9229 초 | 
2025-12-04 22:57:47,546 - INFO - [실시간] 요청 196000개 처리 | 현재까지의 RPS: 737.41최근 1000개 request의 p99 TTFT: 1.1378 초 | 
2025-12-04 22:57:48,823 - INFO - [실시간] 요청 197000개 처리 | 현재까지의 RPS: 737.63최근 1000개 request의 p99 TTFT: 0.6740 초 | 
2025-12-04 22:57:50,061 - INFO - [실시간] 요청 198000개 처리 | 현재까지의 RPS: 737.95최근 1000개 request의 p99 TTFT: 0.5931 초 | 
2025-12-04 22:57:51,328 - INFO - [실시간] 요청 199000개 처리 | 현재까지의 RPS: 738.19최근 1000개 request의 p99 TTFT: 0.3826 초 | 
2025-12-04 22:57:52,728 - INFO - [실시간] 요청 200000개 처리 | 현재까지의 RPS: 738.07최근 1000개 request의 p99 TTFT: 0.4908 초 | 
2025-12-04 22:57:54,143 - INFO - [실시간] 요청 201000개 처리 | 현재까지의 RPS: 737.91최근 1000개 request의 p99 TTFT: 0.7128 초 | 
2025-12-04 22:57:55,349 - INFO - [실시간] 요청 202000개 처리 | 현재까지의 RPS: 738.31최근 1000개 request의 p99 TTFT: 0.6426 초 | 
2025-12-04 22:57:56,695 - INFO - [실시간] 요청 203000개 처리 | 현재까지의 RPS: 738.33최근 1000개 request의 p99 TTFT: 0.4662 초 | 
2025-12-04 22:57:57,941 - INFO - [실시간] 요청 204000개 처리 | 현재까지의 RPS: 738.62최근 1000개 request의 p99 TTFT: 0.3176 초 | 
2025-12-04 22:57:59,306 - INFO - [실시간] 요청 205000개 처리 | 현재까지의 RPS: 738.59최근 1000개 request의 p99 TTFT: 0.2865 초 | 
2025-12-04 22:58:00,714 - INFO - [실시간] 요청 206000개 처리 | 현재까지의 RPS: 738.45최근 1000개 request의 p99 TTFT: 0.3956 초 | 
2025-12-04 22:58:02,207 - INFO - [실시간] 요청 207000개 처리 | 현재까지의 RPS: 738.08최근 1000개 request의 p99 TTFT: 0.8013 초 | 
2025-12-04 22:58:03,437 - INFO - [실시간] 요청 208000개 처리 | 현재까지의 RPS: 738.41최근 1000개 request의 p99 TTFT: 0.7875 초 | 
2025-12-04 22:58:04,727 - INFO - [실시간] 요청 209000개 처리 | 현재까지의 RPS: 738.58최근 1000개 request의 p99 TTFT: 0.5005 초 | 
2025-12-04 22:58:06,004 - INFO - [실시간] 요청 210000개 처리 | 현재까지의 RPS: 738.78최근 1000개 request의 p99 TTFT: 0.5232 초 | 
2025-12-04 22:58:07,372 - INFO - [실시간] 요청 211000개 처리 | 현재까지의 RPS: 738.74최근 1000개 request의 p99 TTFT: 0.2138 초 | 
2025-12-04 22:58:08,874 - INFO - [실시간] 요청 212000개 처리 | 현재까지의 RPS: 738.36최근 1000개 request의 p99 TTFT: 0.4095 초 | 
2025-12-04 22:58:10,340 - INFO - [실시간] 요청 213000개 처리 | 현재까지의 RPS: 738.07최근 1000개 request의 p99 TTFT: 0.7732 초 | 
2025-12-04 22:58:11,640 - INFO - [실시간] 요청 214000개 처리 | 현재까지의 RPS: 738.21최근 1000개 request의 p99 TTFT: 0.8191 초 | 
2025-12-04 22:58:12,928 - INFO - [실시간] 요청 215000개 처리 | 현재까지의 RPS: 738.38최근 1000개 request의 p99 TTFT: 1.2572 초 | 
2025-12-04 22:58:14,191 - INFO - [실시간] 요청 216000개 처리 | 현재까지의 RPS: 738.61최근 1000개 request의 p99 TTFT: 1.3109 초 | 
2025-12-04 22:58:15,478 - INFO - [실시간] 요청 217000개 처리 | 현재까지의 RPS: 738.78최근 1000개 request의 p99 TTFT: 1.1764 초 | 
2025-12-04 22:58:16,962 - INFO - [실시간] 요청 218000개 처리 | 현재까지의 RPS: 738.45최근 1000개 request의 p99 TTFT: 0.8533 초 | 
2025-12-04 22:58:18,317 - INFO - [실시간] 요청 219000개 처리 | 현재까지의 RPS: 738.45최근 1000개 request의 p99 TTFT: 0.8810 초 | 
2025-12-04 22:58:19,572 - INFO - [실시간] 요청 220000개 처리 | 현재까지의 RPS: 738.70최근 1000개 request의 p99 TTFT: 0.7440 초 | 
2025-12-04 22:58:20,818 - INFO - [실시간] 요청 221000개 처리 | 현재까지의 RPS: 738.96최근 1000개 request의 p99 TTFT: 0.3420 초 | 
2025-12-04 22:58:22,160 - INFO - [실시간] 요청 222000개 처리 | 현재까지의 RPS: 738.99최근 1000개 request의 p99 TTFT: 0.2939 초 | 
2025-12-04 22:58:23,480 - INFO - [실시간] 요청 223000개 처리 | 현재까지의 RPS: 739.07최근 1000개 request의 p99 TTFT: 0.5023 초 | 
2025-12-04 22:58:25,033 - INFO - [실시간] 요청 224000개 처리 | 현재까지의 RPS: 738.59최근 1000개 request의 p99 TTFT: 0.6714 초 | 
2025-12-04 22:58:26,344 - INFO - [실시간] 요청 225000개 처리 | 현재까지의 RPS: 738.69최근 1000개 request의 p99 TTFT: 0.8736 초 | 
2025-12-04 22:58:27,700 - INFO - [실시간] 요청 226000개 처리 | 현재까지의 RPS: 738.68최근 1000개 request의 p99 TTFT: 0.6861 초 | 
2025-12-04 22:58:28,931 - INFO - [실시간] 요청 227000개 처리 | 현재까지의 RPS: 738.98최근 1000개 request의 p99 TTFT: 0.5564 초 | 
2025-12-04 22:58:30,228 - INFO - [실시간] 요청 228000개 처리 | 현재까지의 RPS: 739.11최근 1000개 request의 p99 TTFT: 0.4789 초 | 
2025-12-04 22:58:31,630 - INFO - [실시간] 요청 229000개 처리 | 현재까지의 RPS: 739.00최근 1000개 request의 p99 TTFT: 0.5057 초 | 
2025-12-04 22:58:33,098 - INFO - [실시간] 요청 230000개 처리 | 현재까지의 RPS: 738.72최근 1000개 request의 p99 TTFT: 0.7911 초 | 
2025-12-04 22:58:34,364 - INFO - [실시간] 요청 231000개 처리 | 현재까지의 RPS: 738.93최근 1000개 request의 p99 TTFT: 0.8642 초 | 
2025-12-04 22:58:35,703 - INFO - [실시간] 요청 232000개 처리 | 현재까지의 RPS: 738.97최근 1000개 request의 p99 TTFT: 0.7398 초 | 
2025-12-04 22:58:36,911 - INFO - [실시간] 요청 233000개 처리 | 현재까지의 RPS: 739.31최근 1000개 request의 p99 TTFT: 0.6930 초 | 
2025-12-04 22:58:38,206 - INFO - [실시간] 요청 234000개 처리 | 현재까지의 RPS: 739.44최근 1000개 request의 p99 TTFT: 0.2845 초 | 
2025-12-04 22:58:39,559 - INFO - [실시간] 요청 235000개 처리 | 현재까지의 RPS: 739.44최근 1000개 request의 p99 TTFT: 0.3439 초 | 
2025-12-04 22:58:41,178 - INFO - [실시간] 요청 236000개 처리 | 현재까지의 RPS: 738.82최근 1000개 request의 p99 TTFT: 0.7577 초 | 
2025-12-04 22:58:42,453 - INFO - [실시간] 요청 237000개 처리 | 현재까지의 RPS: 739.00최근 1000개 request의 p99 TTFT: 0.7980 초 | 
2025-12-04 22:58:43,772 - INFO - [실시간] 요청 238000개 처리 | 현재까지의 RPS: 739.08최근 1000개 request의 p99 TTFT: 1.0575 초 | 
2025-12-04 22:58:45,029 - INFO - [실시간] 요청 239000개 처리 | 현재까지의 RPS: 739.30최근 1000개 request의 p99 TTFT: 0.8772 초 | 
2025-12-04 22:58:46,321 - INFO - [실시간] 요청 240000개 처리 | 현재까지의 RPS: 739.44최근 1000개 request의 p99 TTFT: 0.7336 초 | 
2025-12-04 22:58:47,734 - INFO - [실시간] 요청 241000개 처리 | 현재까지의 RPS: 739.30최근 1000개 request의 p99 TTFT: 0.6530 초 | 
2025-12-04 22:58:49,234 - INFO - [실시간] 요청 242000개 처리 | 현재까지의 RPS: 738.97최근 1000개 request의 p99 TTFT: 0.9116 초 | 
2025-12-04 22:58:50,525 - INFO - [실시간] 요청 243000개 처리 | 현재까지의 RPS: 739.11최근 1000개 request의 p99 TTFT: 0.9552 초 | 
2025-12-04 22:58:51,726 - INFO - [실시간] 요청 244000개 처리 | 현재까지의 RPS: 739.45최근 1000개 request의 p99 TTFT: 0.6970 초 | 
통계에 반영된 요청 인덱스 범위: 5000 ~ 244787 (총 239787개 요청)
statistics_end_time이 설정되지 않았습니다.
통계 반영된 요청 수: 239787, 통계 반영된 시간: 351.85 초

==================================================
 실험 최종 결과 요약
==================================================
 설정 실험 시간: 330 초
 Clients 수: 8200
 통계 반영 시간: 351.85 초
 총 시도된 요청: 239787 개
 총 완료된 요청: 239787 개
 총 실패한 요청: 0 개
 완료 요청 중 retrieval이 실패한 요청: -5000 개
 요청 성공률: 100.00%
 전체 Requests Per Second (RPS): 681.50
--------------------------------------------------
 Time to First Token (TTFT) Latency:
  - 평균 (Mean): 0.2601 초
  - 중간값 (50%ile): 0.2247 초
  - 최소값 (Min): 0.0211 초
  - 최대값 (Max): 4.4140 초
  - 95%ile Tail: 0.5660 초
  - 99%ile Tail: 0.9409 초
--------------------------------------------------
 Time Per Output Token (TPOT):
  - 평균 (Mean): 16.90 ms/token
--------------------------------------------------
 Embedding Latency:
  - 총 샘플 수: 239768
  - 평균 (Mean): 7.60 ms
  - 중간값 (50%ile): 6.00 ms
  - 95%ile Tail: 16.00 ms
  - 99%ile Tail: 41.00 ms
--------------------------------------------------
 VectorDB Search Latency:
  - 총 샘플 수: 239768
  - 평균 (Mean): 167.42 ms
  - 중간값 (50%ile): 135.00 ms
  - 95%ile Tail: 417.00 ms
  - 99%ile Tail: 784.00 ms
--------------------------------------------------
 Document Search Latency:
  - 총 샘플 수: 239768
  - 평균 (Mean): 16.51 ms
  - 중간값 (50%ile): 9.00 ms
  - 95%ile Tail: 49.00 ms
  - 99%ile Tail: 94.00 ms
--------------------------------------------------
 Total Retrieval Latency:
  - 총 샘플 수: 239787
  - 평균 (Mean): 191.53 ms
  - 중간값 (50%ile): 154.00 ms
  - 95%ile Tail: 480.00 ms
  - 99%ile Tail: 863.00 ms
==================================================
