2025-10-01 19:38:59,828 - INFO - ReqGen 시작: 서버=163.152.48.109:9000, 클라이언트=2, 시간=60초
2025-10-01 19:38:59,829 - INFO - Hugging Face에서 'kroshan/BioASQ' 데이터셋을 로드합니다...
2025-10-01 19:39:06,569 - INFO - 3266개의 질문을 로드했습니다.
2025-10-01 19:39:06,570 - INFO - 부하 테스트 시작, client 수 = 2
2025-10-01 19:39:06,570 - INFO - Zipf 값 1.2에서 상위 20%의 질문이 차지하는 비율: 91.82%
통계에 반영된 요청 인덱스 범위: 0 ~ 6 (총 6개 요청)
통계 반영된 요청 수: -1, 통계 반영된 시간: 78.59 초

==================================================
 실험 최종 결과 요약
==================================================
 설정 실험 시간: 60 초
 Clients 수: 2
 통계 반영 시간: 78.59 초
 총 시도된 요청: 6 개
 총 완료된 요청: 6 개
 총 실패한 요청: 0 개
 요청 성공률: 100.00%
 전체 Requests Per Second (RPS): -0.01
--------------------------------------------------
 Time to First Token (TTFT) Latency:
  - 평균 (Mean): 15.0494 초
  - 중간값 (50%ile): 10.1048 초
  - 95%ile Tail: 30.8208 초
  - 99%ile Tail: 30.9636 초
--------------------------------------------------
 Time Per Output Token (TPOT):
  - 평균 (Mean): 17.17 ms/token
--------------------------------------------------
 Embedding Latency:
  - 평균 (Mean): 11.50 ms
  - 중간값 (50%ile): 11.50 ms
  - 95%ile Tail: 11.95 ms
  - 99%ile Tail: 11.99 ms
--------------------------------------------------
 Total Retrieval Latency:
  - 평균 (Mean): 7113.75 ms
  - 중간값 (50%ile): 8962.00 ms
  - 95%ile Tail: 10323.70 ms
  - 99%ile Tail: 10434.34 ms
==================================================
