2025-11-17 17:59:53,114 - INFO - ReqGen 시작: 서버=163.152.48.109:9000, 클라이언트=7100, 시간=330초
2025-11-17 17:59:53,114 - INFO - Hugging Face에서 'kroshan/BioASQ' 데이터셋을 로드합니다...
2025-11-17 17:59:59,658 - INFO - 3266개의 질문을 로드했습니다.
2025-11-17 17:59:59,659 - INFO - 부하 테스트 시작, client 수 = 7100
2025-11-17 17:59:59,659 - INFO - Zipf 값 1.2에서 상위 20%의 질문이 차지하는 비율: 91.82%
2025-11-17 18:00:03,213 - INFO - [실시간] 요청 1000개 처리 | 현재까지의 RPS: 281.33최근 1000개 request의 p99 TTFT: 0.6297 초 | 
2025-11-17 18:00:05,660 - INFO - [실시간] 요청 2000개 처리 | 현재까지의 RPS: 333.26최근 1000개 request의 p99 TTFT: 0.2118 초 | 
2025-11-17 18:00:07,776 - INFO - [실시간] 요청 3000개 처리 | 현재까지의 RPS: 369.57최근 1000개 request의 p99 TTFT: 0.3197 초 | 
2025-11-17 18:00:09,672 - INFO - [실시간] 요청 4000개 처리 | 현재까지의 RPS: 399.48최근 1000개 request의 p99 TTFT: 0.2076 초 | 
2025-11-17 18:00:11,590 - INFO - [실시간] 요청 5000개 처리 | 현재까지의 RPS: 419.04최근 1000개 request의 p99 TTFT: 0.1958 초 | 
2025-11-17 18:00:13,248 - INFO - [실시간] 요청 6000개 처리 | 현재까지의 RPS: 441.52최근 1000개 request의 p99 TTFT: 0.5357 초 | 
2025-11-17 18:00:14,729 - INFO - [실시간] 요청 7000개 처리 | 현재까지의 RPS: 464.49최근 1000개 request의 p99 TTFT: 0.7126 초 | 
2025-11-17 18:00:16,146 - INFO - [실시간] 요청 8000개 처리 | 현재까지의 RPS: 485.21최근 1000개 request의 p99 TTFT: 0.2550 초 | 
2025-11-17 18:00:17,570 - INFO - [실시간] 요청 9000개 처리 | 현재까지의 RPS: 502.47최근 1000개 request의 p99 TTFT: 0.2502 초 | 
2025-11-17 18:00:18,959 - INFO - [실시간] 요청 10000개 처리 | 현재까지의 RPS: 518.12최근 1000개 request의 p99 TTFT: 0.6348 초 | 
2025-11-17 18:00:20,440 - INFO - [실시간] 요청 11000개 처리 | 현재까지의 RPS: 529.34최근 1000개 request의 p99 TTFT: 1.0070 초 | 
2025-11-17 18:00:21,719 - INFO - [실시간] 요청 12000개 처리 | 현재까지의 RPS: 543.96최근 1000개 request의 p99 TTFT: 1.2844 초 | 
2025-11-17 18:00:23,151 - INFO - [실시간] 요청 13000개 처리 | 현재까지의 RPS: 553.36최근 1000개 request의 p99 TTFT: 1.1966 초 | 
2025-11-17 18:00:24,816 - INFO - [실시간] 요청 14000개 처리 | 현재까지의 RPS: 556.48최근 1000개 request의 p99 TTFT: 0.4417 초 | 
2025-11-17 18:00:26,403 - INFO - [실시간] 요청 15000개 처리 | 현재까지의 RPS: 560.86최근 1000개 request의 p99 TTFT: 0.2222 초 | 
2025-11-17 18:00:27,986 - INFO - [실시간] 요청 16000개 처리 | 현재까지의 RPS: 564.83최근 1000개 request의 p99 TTFT: 0.2230 초 | 
2025-11-17 18:00:29,603 - INFO - [실시간] 요청 17000개 처리 | 현재까지의 RPS: 567.72최근 1000개 request의 p99 TTFT: 0.3904 초 | 
2025-11-17 18:00:31,146 - INFO - [실시간] 요청 18000개 처리 | 현재까지의 RPS: 571.66최근 1000개 request의 p99 TTFT: 0.3706 초 | 
2025-11-17 18:00:32,691 - INFO - [실시간] 요청 19000개 처리 | 현재까지의 RPS: 575.19최근 1000개 request의 p99 TTFT: 0.2056 초 | 
2025-11-17 18:00:34,139 - INFO - [실시간] 요청 20000개 처리 | 현재까지의 RPS: 580.04최근 1000개 request의 p99 TTFT: 0.4786 초 | 
2025-11-17 18:00:35,611 - INFO - [실시간] 요청 21000개 처리 | 현재까지의 RPS: 584.11최근 1000개 request의 p99 TTFT: 0.2789 초 | 
2025-11-17 18:00:37,382 - INFO - [실시간] 요청 22000개 처리 | 현재까지의 RPS: 583.20최근 1000개 request의 p99 TTFT: 0.6826 초 | 
2025-11-17 18:00:38,768 - INFO - [실시간] 요청 23000개 처리 | 현재까지의 RPS: 588.10최근 1000개 request의 p99 TTFT: 0.8571 초 | 
2025-11-17 18:00:40,223 - INFO - [실시간] 요청 24000개 처리 | 현재까지의 RPS: 591.65최근 1000개 request의 p99 TTFT: 0.4900 초 | 
2025-11-17 18:00:41,804 - INFO - [실시간] 요청 25000개 처리 | 현재까지의 RPS: 593.18최근 1000개 request의 p99 TTFT: 0.3956 초 | 
2025-11-17 18:00:43,251 - INFO - [실시간] 요청 26000개 처리 | 현재까지의 RPS: 596.44최근 1000개 request의 p99 TTFT: 0.2530 초 | 
2025-11-17 18:00:44,860 - INFO - [실시간] 요청 27000개 처리 | 현재까지의 RPS: 597.33최근 1000개 request의 p99 TTFT: 0.3525 초 | 
2025-11-17 18:00:46,364 - INFO - [실시간] 요청 28000개 처리 | 현재까지의 RPS: 599.50최근 1000개 request의 p99 TTFT: 0.4279 초 | 
2025-11-17 18:00:47,901 - INFO - [실시간] 요청 29000개 처리 | 현재까지의 RPS: 601.13최근 1000개 request의 p99 TTFT: 0.2418 초 | 
2025-11-17 18:00:49,429 - INFO - [실시간] 요청 30000개 처리 | 현재까지의 RPS: 602.77최근 1000개 request의 p99 TTFT: 0.1973 초 | 
2025-11-17 18:00:50,943 - INFO - [실시간] 요청 31000개 처리 | 현재까지의 RPS: 604.47최근 1000개 request의 p99 TTFT: 0.5120 초 | 
2025-11-17 18:00:52,484 - INFO - [실시간] 요청 32000개 처리 | 현재까지의 RPS: 605.78최근 1000개 request의 p99 TTFT: 0.2324 초 | 
2025-11-17 18:00:54,014 - INFO - [실시간] 요청 33000개 처리 | 현재까지의 RPS: 607.12최근 1000개 request의 p99 TTFT: 0.1961 초 | 
2025-11-17 18:00:55,563 - INFO - [실시간] 요청 34000개 처리 | 현재까지의 RPS: 608.18최근 1000개 request의 p99 TTFT: 0.2022 초 | 
2025-11-17 18:00:57,074 - INFO - [실시간] 요청 35000개 처리 | 현재까지의 RPS: 609.59최근 1000개 request의 p99 TTFT: 0.2411 초 | 
2025-11-17 18:00:58,842 - INFO - [실시간] 요청 36000개 처리 | 현재까지의 RPS: 608.27최근 1000개 request의 p99 TTFT: 0.4501 초 | 
2025-11-17 18:01:00,328 - INFO - [실시간] 요청 37000개 처리 | 현재까지의 RPS: 609.86최근 1000개 request의 p99 TTFT: 0.6474 초 | 
2025-11-17 18:01:01,661 - INFO - [실시간] 요청 38000개 처리 | 현재까지의 RPS: 612.88최근 1000개 request의 p99 TTFT: 0.8104 초 | 
2025-11-17 18:01:03,070 - INFO - [실시간] 요청 39000개 처리 | 현재까지의 RPS: 615.03최근 1000개 request의 p99 TTFT: 0.4167 초 | 
2025-11-17 18:01:04,529 - INFO - [실시간] 요청 40000개 처리 | 현재까지의 RPS: 616.62최근 1000개 request의 p99 TTFT: 0.4494 초 | 
2025-11-17 18:01:06,202 - INFO - [실시간] 요청 41000개 처리 | 현재까지의 RPS: 616.14최근 1000개 request의 p99 TTFT: 0.5711 초 | 
2025-11-17 18:01:07,873 - INFO - [실시간] 요청 42000개 처리 | 현재까지의 RPS: 615.71최근 1000개 request의 p99 TTFT: 1.2483 초 | 
2025-11-17 18:01:09,268 - INFO - [실시간] 요청 43000개 처리 | 현재까지의 RPS: 617.73최근 1000개 request의 p99 TTFT: 1.2209 초 | 
2025-11-17 18:01:10,744 - INFO - [실시간] 요청 44000개 처리 | 현재까지의 RPS: 618.97최근 1000개 request의 p99 TTFT: 0.6900 초 | 
2025-11-17 18:01:12,278 - INFO - [실시간] 요청 45000개 처리 | 현재까지의 RPS: 619.67최근 1000개 request의 p99 TTFT: 0.3189 초 | 
2025-11-17 18:01:13,813 - INFO - [실시간] 요청 46000개 처리 | 현재까지의 RPS: 620.33최근 1000개 request의 p99 TTFT: 0.2846 초 | 
2025-11-17 18:01:15,392 - INFO - [실시간] 요청 47000개 처리 | 현재까지의 RPS: 620.60최근 1000개 request의 p99 TTFT: 0.2275 초 | 
2025-11-17 18:01:16,914 - INFO - [실시간] 요청 48000개 처리 | 현재까지의 RPS: 621.31최근 1000개 request의 p99 TTFT: 0.2977 초 | 
2025-11-17 18:01:18,430 - INFO - [실시간] 요청 49000개 처리 | 현재까지의 RPS: 622.05최근 1000개 request의 p99 TTFT: 0.3437 초 | 
2025-11-17 18:01:19,935 - INFO - [실시간] 요청 50000개 처리 | 현재까지의 RPS: 622.85최근 1000개 request의 p99 TTFT: 0.5080 초 | 
2025-11-17 18:01:21,453 - INFO - [실시간] 요청 51000개 처리 | 현재까지의 RPS: 623.51최근 1000개 request의 p99 TTFT: 0.5407 초 | 
2025-11-17 18:01:22,894 - INFO - [실시간] 요청 52000개 처리 | 현재까지의 RPS: 624.74최근 1000개 request의 p99 TTFT: 0.4539 초 | 
2025-11-17 18:01:24,678 - INFO - [실시간] 요청 53000개 처리 | 현재까지의 RPS: 623.38최근 1000개 request의 p99 TTFT: 0.5049 초 | 
2025-11-17 18:01:26,127 - INFO - [실시간] 요청 54000개 처리 | 현재까지의 RPS: 624.51최근 1000개 request의 p99 TTFT: 0.9493 초 | 
2025-11-17 18:01:27,499 - INFO - [실시간] 요청 55000개 처리 | 현재까지의 RPS: 626.14최근 1000개 request의 p99 TTFT: 0.9645 초 | 
2025-11-17 18:01:28,977 - INFO - [실시간] 요청 56000개 처리 | 현재까지의 RPS: 626.97최근 1000개 request의 p99 TTFT: 0.4928 초 | 
2025-11-17 18:01:30,516 - INFO - [실시간] 요청 57000개 처리 | 현재까지의 RPS: 627.36최근 1000개 request의 p99 TTFT: 0.2976 초 | 
2025-11-17 18:01:32,116 - INFO - [실시간] 요청 58000개 처리 | 현재까지의 RPS: 627.31최근 1000개 request의 p99 TTFT: 0.2407 초 | 
2025-11-17 18:01:33,567 - INFO - [실시간] 요청 59000개 처리 | 현재까지의 RPS: 628.27최근 1000개 request의 p99 TTFT: 0.2604 초 | 
2025-11-17 18:01:35,096 - INFO - [실시간] 요청 60000개 처리 | 현재까지의 RPS: 628.68최근 1000개 request의 p99 TTFT: 0.2416 초 | 
2025-11-17 18:01:36,699 - INFO - [실시간] 요청 61000개 처리 | 현재까지의 RPS: 628.60최근 1000개 request의 p99 TTFT: 0.4171 초 | 
2025-11-17 18:01:38,251 - INFO - [실시간] 요청 62000개 처리 | 현재까지의 RPS: 628.85최근 1000개 request의 p99 TTFT: 0.3834 초 | 
2025-11-17 18:01:39,755 - INFO - [실시간] 요청 63000개 처리 | 현재까지의 RPS: 629.39최근 1000개 request의 p99 TTFT: 0.4758 초 | 
2025-11-17 18:01:41,362 - INFO - [실시간] 요청 64000개 처리 | 현재까지의 RPS: 629.28최근 1000개 request의 p99 TTFT: 0.3134 초 | 
2025-11-17 18:01:42,953 - INFO - [실시간] 요청 65000개 처리 | 현재까지의 RPS: 629.27최근 1000개 request의 p99 TTFT: 0.3859 초 | 
2025-11-17 18:01:44,482 - INFO - [실시간] 요청 66000개 처리 | 현재까지의 RPS: 629.63최근 1000개 request의 p99 TTFT: 0.6836 초 | 
2025-11-17 18:01:45,967 - INFO - [실시간] 요청 67000개 처리 | 현재까지의 RPS: 630.24최근 1000개 request의 p99 TTFT: 0.4883 초 | 
2025-11-17 18:01:47,454 - INFO - [실시간] 요청 68000개 처리 | 현재까지의 RPS: 630.83최근 1000개 request의 p99 TTFT: 0.3662 초 | 
2025-11-17 18:01:49,118 - INFO - [실시간] 요청 69000개 처리 | 현재까지의 RPS: 630.37최근 1000개 request의 p99 TTFT: 0.3970 초 | 
2025-11-17 18:01:50,739 - INFO - [실시간] 요청 70000개 처리 | 현재까지의 RPS: 630.18최근 1000개 request의 p99 TTFT: 0.7981 초 | 
2025-11-17 18:01:52,227 - INFO - [실시간] 요청 71000개 처리 | 현재까지의 RPS: 630.73최근 1000개 request의 p99 TTFT: 1.0876 초 | 
2025-11-17 18:01:53,683 - INFO - [실시간] 요청 72000개 처리 | 현재까지의 RPS: 631.44최근 1000개 request의 p99 TTFT: 1.1028 초 | 
2025-11-17 18:01:55,262 - INFO - [실시간] 요청 73000개 처리 | 현재까지의 RPS: 631.47최근 1000개 request의 p99 TTFT: 0.6604 초 | 
2025-11-17 18:01:56,757 - INFO - [실시간] 요청 74000개 처리 | 현재까지의 RPS: 631.95최근 1000개 request의 p99 TTFT: 0.4635 초 | 
2025-11-17 18:01:58,254 - INFO - [실시간] 요청 75000개 처리 | 현재까지의 RPS: 632.40최근 1000개 request의 p99 TTFT: 0.5670 초 | 
2025-11-17 18:01:59,834 - INFO - [실시간] 요청 76000개 처리 | 현재까지의 RPS: 632.41최근 1000개 request의 p99 TTFT: 0.6522 초 | 
2025-11-17 18:02:01,304 - INFO - [실시간] 요청 77000개 처리 | 현재까지의 RPS: 632.99최근 1000개 request의 p99 TTFT: 0.8059 초 | 
2025-11-17 18:02:02,786 - INFO - [실시간] 요청 78000개 처리 | 현재까지의 RPS: 633.49최근 1000개 request의 p99 TTFT: 0.5903 초 | 
2025-11-17 18:02:04,347 - INFO - [실시간] 요청 79000개 처리 | 현재까지의 RPS: 633.58최근 1000개 request의 p99 TTFT: 0.3447 초 | 
2025-11-17 18:02:05,921 - INFO - [실시간] 요청 80000개 처리 | 현재까지의 RPS: 633.60최근 1000개 request의 p99 TTFT: 0.3329 초 | 
2025-11-17 18:02:07,477 - INFO - [실시간] 요청 81000개 처리 | 현재까지의 RPS: 633.71최근 1000개 request의 p99 TTFT: 0.4114 초 | 
2025-11-17 18:02:09,072 - INFO - [실시간] 요청 82000개 처리 | 현재까지의 RPS: 633.63최근 1000개 request의 p99 TTFT: 0.3394 초 | 
2025-11-17 18:02:10,606 - INFO - [실시간] 요청 83000개 처리 | 현재까지의 RPS: 633.84최근 1000개 request의 p99 TTFT: 0.4995 초 | 
2025-11-17 18:02:12,109 - INFO - [실시간] 요청 84000개 처리 | 현재까지의 RPS: 634.20최근 1000개 request의 p99 TTFT: 0.5091 초 | 
2025-11-17 18:02:13,622 - INFO - [실시간] 요청 85000개 처리 | 현재까지의 RPS: 634.50최근 1000개 request의 p99 TTFT: 0.5058 초 | 
2025-11-17 18:02:15,274 - INFO - [실시간] 요청 86000개 처리 | 현재까지의 RPS: 634.15최근 1000개 request의 p99 TTFT: 0.5040 초 | 
2025-11-17 18:02:16,889 - INFO - [실시간] 요청 87000개 처리 | 현재까지의 RPS: 633.97최근 1000개 request의 p99 TTFT: 1.0277 초 | 
2025-11-17 18:02:18,353 - INFO - [실시간] 요청 88000개 처리 | 현재까지의 RPS: 634.49최근 1000개 request의 p99 TTFT: 1.0881 초 | 
2025-11-17 18:02:19,855 - INFO - [실시간] 요청 89000개 처리 | 현재까지의 RPS: 634.83최근 1000개 request의 p99 TTFT: 1.0768 초 | 
2025-11-17 18:02:21,375 - INFO - [실시간] 요청 90000개 처리 | 현재까지의 RPS: 635.07최근 1000개 request의 p99 TTFT: 0.8796 초 | 
2025-11-17 18:02:22,891 - INFO - [실시간] 요청 91000개 처리 | 현재까지의 RPS: 635.33최근 1000개 request의 p99 TTFT: 0.4909 초 | 
2025-11-17 18:02:24,439 - INFO - [실시간] 요청 92000개 처리 | 현재까지의 RPS: 635.44최근 1000개 request의 p99 TTFT: 0.4374 초 | 
2025-11-17 18:02:25,971 - INFO - [실시간] 요청 93000개 처리 | 현재까지의 RPS: 635.62최근 1000개 request의 p99 TTFT: 0.3892 초 | 
2025-11-17 18:02:27,587 - INFO - [실시간] 요청 94000개 처리 | 현재까지의 RPS: 635.44최근 1000개 request의 p99 TTFT: 0.2351 초 | 
2025-11-17 18:02:29,115 - INFO - [실시간] 요청 95000개 처리 | 현재까지의 RPS: 635.64최근 1000개 request의 p99 TTFT: 0.3334 초 | 
2025-11-17 18:02:30,621 - INFO - [실시간] 요청 96000개 처리 | 현재까지의 RPS: 635.92최근 1000개 request의 p99 TTFT: 0.3762 초 | 
2025-11-17 18:02:32,154 - INFO - [실시간] 요청 97000개 처리 | 현재까지의 RPS: 636.09최근 1000개 request의 p99 TTFT: 0.5030 초 | 
2025-11-17 18:02:33,719 - INFO - [실시간] 요청 98000개 처리 | 현재까지의 RPS: 636.12최근 1000개 request의 p99 TTFT: 0.4998 초 | 
2025-11-17 18:02:35,239 - INFO - [실시간] 요청 99000개 처리 | 현재까지의 RPS: 636.33최근 1000개 request의 p99 TTFT: 0.4420 초 | 
2025-11-17 18:02:36,706 - INFO - [실시간] 요청 100000개 처리 | 현재까지의 RPS: 636.75최근 1000개 request의 p99 TTFT: 0.3700 초 | 
2025-11-17 18:02:38,277 - INFO - [실시간] 요청 101000개 처리 | 현재까지의 RPS: 636.75최근 1000개 request의 p99 TTFT: 0.2507 초 | 
2025-11-17 18:02:39,857 - INFO - [실시간] 요청 102000개 처리 | 현재까지의 RPS: 636.71최근 1000개 request의 p99 TTFT: 0.2730 초 | 
2025-11-17 18:02:41,533 - INFO - [실시간] 요청 103000개 처리 | 현재까지의 RPS: 636.29최근 1000개 request의 p99 TTFT: 0.5683 초 | 
2025-11-17 18:02:43,336 - INFO - [실시간] 요청 104000개 처리 | 현재까지의 RPS: 635.40최근 1000개 request의 p99 TTFT: 1.0823 초 | 
2025-11-17 18:02:44,954 - INFO - [실시간] 요청 105000개 처리 | 현재까지의 RPS: 635.23최근 1000개 request의 p99 TTFT: 1.7620 초 | 
2025-11-17 18:02:46,631 - INFO - [실시간] 요청 106000개 처리 | 현재까지의 RPS: 634.84최근 1000개 request의 p99 TTFT: 2.2232 초 | 
2025-11-17 18:02:46,631 - WARNING - 최근 1000개의 p99 TTFT 2.2232 초가 SLO 의 2배 (2.0 초)를 초과했습니다. 부하 테스트를 조기 종료합니다.
통계에 반영된 요청 인덱스 범위: 0 ~ 106000 (총 106000개 요청)
통계 반영된 요청 수: 106000, 통계 반영된 시간: 189.60 초

==================================================
 실험 최종 결과 요약
==================================================
 부하 테스트가 조기 종료되었습니다! (SLO 위반)
 Client 수를 낮추어 다시 시도하세요.
 설정 실험 시간: 330 초
 Clients 수: 7100
 통계 반영 시간: 189.60 초
 총 시도된 요청: 106000 개
 총 완료된 요청: 106000 개
 총 실패한 요청: 0 개
 완료 요청 중 retrieval이 실패한 요청: -924 개
 요청 성공률: 100.00%
 전체 Requests Per Second (RPS): 559.06
--------------------------------------------------
 Time to First Token (TTFT) Latency:
  - 평균 (Mean): 0.1801 초
  - 중간값 (50%ile): 0.1340 초
  - 최소값 (Min): 0.0190 초
  - 최대값 (Max): 2.9375 초
  - 95%ile Tail: 0.4587 초
  - 99%ile Tail: 0.9088 초
--------------------------------------------------
 Time Per Output Token (TPOT):
  - 평균 (Mean): 16.88 ms/token
--------------------------------------------------
 Embedding Latency:
  - 총 샘플 수: 106000
  - 평균 (Mean): 7.89 ms
  - 중간값 (50%ile): 6.00 ms
  - 95%ile Tail: 14.00 ms
  - 99%ile Tail: 34.00 ms
--------------------------------------------------
 VectorDB Search Latency:
  - 총 샘플 수: 106000
  - 평균 (Mean): 92.77 ms
  - 중간값 (50%ile): 37.00 ms
  - 95%ile Tail: 314.00 ms
  - 99%ile Tail: 770.00 ms
--------------------------------------------------
 Document Search Latency:
  - 총 샘플 수: 106000
  - 평균 (Mean): 14.62 ms
  - 중간값 (50%ile): 8.00 ms
  - 95%ile Tail: 44.00 ms
  - 99%ile Tail: 89.00 ms
--------------------------------------------------
 Total Retrieval Latency:
  - 총 샘플 수: 106000
  - 평균 (Mean): 115.29 ms
  - 중간값 (50%ile): 57.00 ms
  - 95%ile Tail: 365.00 ms
  - 99%ile Tail: 836.00 ms
==================================================
