2025-12-05 03:44:51,152 - INFO - ReqGen 시작: 서버=163.152.48.109:9000, 클라이언트=100, 시간=330초
2025-12-05 03:44:51,152 - INFO - Hugging Face에서 'kroshan/BioASQ' 데이터셋을 로드합니다...
2025-12-05 03:44:56,568 - INFO - 3266개의 질문을 로드했습니다.
2025-12-05 03:44:56,569 - INFO - 부하 테스트 시작, client 수 = 100
2025-12-05 03:44:56,570 - INFO - 클라이언트 0 시작
2025-12-05 03:44:56,570 - INFO - 클라이언트 1 시작
2025-12-05 03:44:56,570 - INFO - 클라이언트 2 시작
2025-12-05 03:44:56,570 - INFO - 클라이언트 3 시작
2025-12-05 03:44:56,570 - INFO - 클라이언트 4 시작
2025-12-05 03:44:56,570 - INFO - 클라이언트 5 시작
2025-12-05 03:44:56,570 - INFO - 클라이언트 6 시작
2025-12-05 03:44:56,570 - INFO - 클라이언트 7 시작
2025-12-05 03:44:56,570 - INFO - 클라이언트 8 시작
2025-12-05 03:44:56,570 - INFO - 클라이언트 9 시작
2025-12-05 03:44:56,570 - INFO - 클라이언트 10 시작
2025-12-05 03:44:56,570 - INFO - 클라이언트 11 시작
2025-12-05 03:44:56,570 - INFO - 클라이언트 12 시작
2025-12-05 03:44:56,570 - INFO - 클라이언트 13 시작
2025-12-05 03:44:56,570 - INFO - 클라이언트 14 시작
2025-12-05 03:44:56,570 - INFO - 클라이언트 15 시작
2025-12-05 03:44:56,570 - INFO - 클라이언트 16 시작
2025-12-05 03:44:56,570 - INFO - 클라이언트 17 시작
2025-12-05 03:44:56,570 - INFO - 클라이언트 18 시작
2025-12-05 03:44:56,570 - INFO - 클라이언트 19 시작
2025-12-05 03:44:56,570 - INFO - 클라이언트 20 시작
2025-12-05 03:44:56,570 - INFO - 클라이언트 21 시작
2025-12-05 03:44:56,570 - INFO - 클라이언트 22 시작
2025-12-05 03:44:56,570 - INFO - 클라이언트 23 시작
2025-12-05 03:44:56,570 - INFO - 클라이언트 24 시작
2025-12-05 03:44:56,570 - INFO - 클라이언트 25 시작
2025-12-05 03:44:56,570 - INFO - 클라이언트 26 시작
2025-12-05 03:44:56,570 - INFO - 클라이언트 27 시작
2025-12-05 03:44:56,570 - INFO - 클라이언트 28 시작
2025-12-05 03:44:56,570 - INFO - 클라이언트 29 시작
2025-12-05 03:44:56,570 - INFO - 클라이언트 30 시작
2025-12-05 03:44:56,570 - INFO - 클라이언트 31 시작
2025-12-05 03:44:56,570 - INFO - 클라이언트 32 시작
2025-12-05 03:44:56,570 - INFO - 클라이언트 33 시작
2025-12-05 03:44:56,570 - INFO - 클라이언트 34 시작
2025-12-05 03:44:56,570 - INFO - 클라이언트 35 시작
2025-12-05 03:44:56,570 - INFO - 클라이언트 36 시작
2025-12-05 03:44:56,570 - INFO - 클라이언트 37 시작
2025-12-05 03:44:56,570 - INFO - 클라이언트 38 시작
2025-12-05 03:44:56,571 - INFO - 클라이언트 39 시작
2025-12-05 03:44:56,571 - INFO - 클라이언트 40 시작
2025-12-05 03:44:56,571 - INFO - 클라이언트 41 시작
2025-12-05 03:44:56,571 - INFO - 클라이언트 42 시작
2025-12-05 03:44:56,571 - INFO - 클라이언트 43 시작
2025-12-05 03:44:56,571 - INFO - 클라이언트 44 시작
2025-12-05 03:44:56,571 - INFO - 클라이언트 45 시작
2025-12-05 03:44:56,571 - INFO - 클라이언트 46 시작
2025-12-05 03:44:56,571 - INFO - 클라이언트 47 시작
2025-12-05 03:44:56,571 - INFO - 클라이언트 48 시작
2025-12-05 03:44:56,571 - INFO - 클라이언트 49 시작
2025-12-05 03:44:56,571 - INFO - 클라이언트 50 시작
2025-12-05 03:44:56,571 - INFO - 클라이언트 51 시작
2025-12-05 03:44:56,571 - INFO - 클라이언트 52 시작
2025-12-05 03:44:56,571 - INFO - 클라이언트 53 시작
2025-12-05 03:44:56,571 - INFO - 클라이언트 54 시작
2025-12-05 03:44:56,571 - INFO - 클라이언트 55 시작
2025-12-05 03:44:56,571 - INFO - 클라이언트 56 시작
2025-12-05 03:44:56,571 - INFO - 클라이언트 57 시작
2025-12-05 03:44:56,571 - INFO - 클라이언트 58 시작
2025-12-05 03:44:56,571 - INFO - 클라이언트 59 시작
2025-12-05 03:44:56,571 - INFO - 클라이언트 60 시작
2025-12-05 03:44:56,571 - INFO - 클라이언트 61 시작
2025-12-05 03:44:56,571 - INFO - 클라이언트 62 시작
2025-12-05 03:44:56,571 - INFO - 클라이언트 63 시작
2025-12-05 03:44:56,571 - INFO - 클라이언트 64 시작
2025-12-05 03:44:56,571 - INFO - 클라이언트 65 시작
2025-12-05 03:44:56,571 - INFO - 클라이언트 66 시작
2025-12-05 03:44:56,571 - INFO - 클라이언트 67 시작
2025-12-05 03:44:56,571 - INFO - 클라이언트 68 시작
2025-12-05 03:44:56,571 - INFO - 클라이언트 69 시작
2025-12-05 03:44:56,571 - INFO - 클라이언트 70 시작
2025-12-05 03:44:56,571 - INFO - 클라이언트 71 시작
2025-12-05 03:44:56,571 - INFO - 클라이언트 72 시작
2025-12-05 03:44:56,571 - INFO - 클라이언트 73 시작
2025-12-05 03:44:56,571 - INFO - 클라이언트 74 시작
2025-12-05 03:44:56,571 - INFO - 클라이언트 75 시작
2025-12-05 03:44:56,571 - INFO - 클라이언트 76 시작
2025-12-05 03:44:56,571 - INFO - 클라이언트 77 시작
2025-12-05 03:44:56,571 - INFO - 클라이언트 78 시작
2025-12-05 03:44:56,571 - INFO - 클라이언트 79 시작
2025-12-05 03:44:56,571 - INFO - 클라이언트 80 시작
2025-12-05 03:44:56,571 - INFO - 클라이언트 81 시작
2025-12-05 03:44:56,571 - INFO - 클라이언트 82 시작
2025-12-05 03:44:56,571 - INFO - 클라이언트 83 시작
2025-12-05 03:44:56,572 - INFO - 클라이언트 84 시작
2025-12-05 03:44:56,572 - INFO - 클라이언트 85 시작
2025-12-05 03:44:56,572 - INFO - 클라이언트 86 시작
2025-12-05 03:44:56,572 - INFO - 클라이언트 87 시작
2025-12-05 03:44:56,572 - INFO - 클라이언트 88 시작
2025-12-05 03:44:56,572 - INFO - 클라이언트 89 시작
2025-12-05 03:44:56,572 - INFO - 클라이언트 90 시작
2025-12-05 03:44:56,572 - INFO - 클라이언트 91 시작
2025-12-05 03:44:56,572 - INFO - 클라이언트 92 시작
2025-12-05 03:44:56,572 - INFO - 클라이언트 93 시작
2025-12-05 03:44:56,572 - INFO - 클라이언트 94 시작
2025-12-05 03:44:56,572 - INFO - 클라이언트 95 시작
2025-12-05 03:44:56,572 - INFO - 클라이언트 96 시작
2025-12-05 03:44:56,572 - INFO - 클라이언트 97 시작
2025-12-05 03:44:56,572 - INFO - 클라이언트 98 시작
2025-12-05 03:44:56,572 - INFO - 클라이언트 99 시작
2025-12-05 03:44:56,572 - INFO - 클라이언트 0 요청: 질문 인덱스 1712
2025-12-05 03:44:56,771 - INFO - 클라이언트 1 요청: 질문 인덱스 1003
2025-12-05 03:44:56,970 - INFO - 클라이언트 2 요청: 질문 인덱스 1741
2025-12-05 03:44:57,171 - INFO - 클라이언트 3 요청: 질문 인덱스 341
2025-12-05 03:44:57,370 - INFO - 클라이언트 4 요청: 질문 인덱스 2541
2025-12-05 03:44:57,570 - INFO - 클라이언트 5 요청: 질문 인덱스 151
2025-12-05 03:44:57,770 - INFO - 클라이언트 6 요청: 질문 인덱스 973
2025-12-05 03:44:57,971 - INFO - 클라이언트 7 요청: 질문 인덱스 3172
2025-12-05 03:44:58,170 - INFO - 클라이언트 8 요청: 질문 인덱스 1681
2025-12-05 03:44:58,371 - INFO - 클라이언트 9 요청: 질문 인덱스 151
2025-12-05 03:44:58,571 - INFO - 클라이언트 10 요청: 질문 인덱스 1991
2025-12-05 03:44:58,771 - INFO - 클라이언트 11 요청: 질문 인덱스 1470
2025-12-05 03:44:58,971 - INFO - 클라이언트 12 요청: 질문 인덱스 1773
2025-12-05 03:44:59,171 - INFO - 클라이언트 13 요청: 질문 인덱스 2491
2025-12-05 03:44:59,371 - INFO - 클라이언트 14 요청: 질문 인덱스 2050
2025-12-05 03:44:59,571 - INFO - 클라이언트 15 요청: 질문 인덱스 2559
2025-12-05 03:44:59,771 - INFO - 클라이언트 16 요청: 질문 인덱스 2333
2025-12-05 03:44:59,971 - INFO - 클라이언트 17 요청: 질문 인덱스 1963
2025-12-05 03:45:00,171 - INFO - 클라이언트 18 요청: 질문 인덱스 499
2025-12-05 03:45:00,371 - INFO - 클라이언트 19 요청: 질문 인덱스 1880
2025-12-05 03:45:00,571 - INFO - 클라이언트 20 요청: 질문 인덱스 179
2025-12-05 03:45:00,771 - INFO - 클라이언트 21 요청: 질문 인덱스 1225
2025-12-05 03:45:00,971 - INFO - 클라이언트 22 요청: 질문 인덱스 1027
2025-12-05 03:45:01,171 - INFO - 클라이언트 23 요청: 질문 인덱스 858
2025-12-05 03:45:01,371 - INFO - 클라이언트 24 요청: 질문 인덱스 1094
2025-12-05 03:45:01,571 - INFO - 클라이언트 25 요청: 질문 인덱스 1422
2025-12-05 03:45:01,771 - INFO - 클라이언트 26 요청: 질문 인덱스 2305
2025-12-05 03:45:01,971 - INFO - 클라이언트 27 요청: 질문 인덱스 1072
2025-12-05 03:45:02,171 - INFO - 클라이언트 28 요청: 질문 인덱스 1059
2025-12-05 03:45:02,372 - INFO - 클라이언트 29 요청: 질문 인덱스 1965
2025-12-05 03:45:02,571 - INFO - 클라이언트 30 요청: 질문 인덱스 2014
2025-12-05 03:45:02,772 - INFO - 클라이언트 31 요청: 질문 인덱스 2160
2025-12-05 03:45:02,971 - INFO - 클라이언트 32 요청: 질문 인덱스 901
2025-12-05 03:45:03,172 - INFO - 클라이언트 33 요청: 질문 인덱스 429
2025-12-05 03:45:03,371 - INFO - 클라이언트 34 요청: 질문 인덱스 2399
2025-12-05 03:45:03,572 - INFO - 클라이언트 35 요청: 질문 인덱스 2763
2025-12-05 03:45:03,771 - INFO - 클라이언트 36 요청: 질문 인덱스 2069
2025-12-05 03:45:03,972 - INFO - 클라이언트 37 요청: 질문 인덱스 707
2025-12-05 03:45:04,173 - INFO - 클라이언트 38 요청: 질문 인덱스 1376
2025-12-05 03:45:04,372 - INFO - 클라이언트 39 요청: 질문 인덱스 1540
2025-12-05 03:45:04,571 - INFO - 클라이언트 40 요청: 질문 인덱스 2477
2025-12-05 03:45:04,772 - INFO - 클라이언트 41 요청: 질문 인덱스 2643
2025-12-05 03:45:04,972 - INFO - 클라이언트 42 요청: 질문 인덱스 3133
2025-12-05 03:45:04,972 - INFO - 클라이언트 6 요청: 질문 인덱스 81
2025-12-05 03:45:05,172 - INFO - 클라이언트 43 요청: 질문 인덱스 2626
2025-12-05 03:45:05,372 - INFO - 클라이언트 44 요청: 질문 인덱스 2976
2025-12-05 03:45:05,571 - INFO - 클라이언트 45 요청: 질문 인덱스 3036
2025-12-05 03:45:05,771 - INFO - 클라이언트 46 요청: 질문 인덱스 1142
2025-12-05 03:45:05,971 - INFO - 클라이언트 47 요청: 질문 인덱스 2504
2025-12-05 03:45:06,172 - INFO - 클라이언트 48 요청: 질문 인덱스 3064
2025-12-05 03:45:06,371 - INFO - 클라이언트 49 요청: 질문 인덱스 1532
2025-12-05 03:45:06,571 - INFO - 클라이언트 50 요청: 질문 인덱스 1234
2025-12-05 03:45:06,771 - INFO - 클라이언트 51 요청: 질문 인덱스 762
2025-12-05 03:45:06,972 - INFO - 클라이언트 52 요청: 질문 인덱스 257
2025-12-05 03:45:07,171 - INFO - 클라이언트 53 요청: 질문 인덱스 1136
2025-12-05 03:45:07,372 - INFO - 클라이언트 54 요청: 질문 인덱스 1785
2025-12-05 03:45:07,572 - INFO - 클라이언트 55 요청: 질문 인덱스 26
2025-12-05 03:45:07,772 - INFO - 클라이언트 56 요청: 질문 인덱스 901
2025-12-05 03:45:07,972 - INFO - 클라이언트 57 요청: 질문 인덱스 1112
2025-12-05 03:45:08,172 - INFO - 클라이언트 58 요청: 질문 인덱스 203
2025-12-05 03:45:08,372 - INFO - 클라이언트 59 요청: 질문 인덱스 3
2025-12-05 03:45:08,572 - INFO - 클라이언트 60 요청: 질문 인덱스 803
2025-12-05 03:45:08,756 - INFO - 클라이언트 1 요청: 질문 인덱스 390
2025-12-05 03:45:08,771 - INFO - 클라이언트 61 요청: 질문 인덱스 1869
2025-12-05 03:45:08,972 - INFO - 클라이언트 62 요청: 질문 인덱스 2483
2025-12-05 03:45:09,172 - INFO - 클라이언트 63 요청: 질문 인덱스 2865
2025-12-05 03:45:09,372 - INFO - 클라이언트 64 요청: 질문 인덱스 420
2025-12-05 03:45:09,448 - INFO - 클라이언트 11 요청: 질문 인덱스 727
2025-12-05 03:45:09,572 - INFO - 클라이언트 65 요청: 질문 인덱스 3176
2025-12-05 03:45:09,773 - INFO - 클라이언트 66 요청: 질문 인덱스 2804
2025-12-05 03:45:09,972 - INFO - 클라이언트 67 요청: 질문 인덱스 2551
2025-12-05 03:45:10,172 - INFO - 클라이언트 68 요청: 질문 인덱스 1140
2025-12-05 03:45:10,372 - INFO - 클라이언트 69 요청: 질문 인덱스 1800
2025-12-05 03:45:10,572 - INFO - 클라이언트 70 요청: 질문 인덱스 1366
2025-12-05 03:45:10,773 - INFO - 클라이언트 71 요청: 질문 인덱스 3221
2025-12-05 03:45:10,972 - INFO - 클라이언트 72 요청: 질문 인덱스 2441
2025-12-05 03:45:11,139 - INFO - 클라이언트 9 요청: 질문 인덱스 2383
2025-12-05 03:45:11,173 - INFO - 클라이언트 73 요청: 질문 인덱스 1629
2025-12-05 03:45:11,372 - INFO - 클라이언트 74 요청: 질문 인덱스 2115
2025-12-05 03:45:11,572 - INFO - 클라이언트 75 요청: 질문 인덱스 3005
2025-12-05 03:45:11,772 - INFO - 클라이언트 76 요청: 질문 인덱스 2723
2025-12-05 03:45:11,972 - INFO - 클라이언트 77 요청: 질문 인덱스 1928
2025-12-05 03:45:12,172 - INFO - 클라이언트 78 요청: 질문 인덱스 281
2025-12-05 03:45:12,373 - INFO - 클라이언트 79 요청: 질문 인덱스 2479
2025-12-05 03:45:12,572 - INFO - 클라이언트 80 요청: 질문 인덱스 54
2025-12-05 03:45:12,735 - INFO - 클라이언트 8 요청: 질문 인덱스 2404
2025-12-05 03:45:12,772 - INFO - 클라이언트 81 요청: 질문 인덱스 193
2025-12-05 03:45:12,972 - INFO - 클라이언트 82 요청: 질문 인덱스 736
2025-12-05 03:45:13,172 - INFO - 클라이언트 83 요청: 질문 인덱스 1510
2025-12-05 03:45:13,372 - INFO - 클라이언트 84 요청: 질문 인덱스 88
2025-12-05 03:45:13,573 - INFO - 클라이언트 85 요청: 질문 인덱스 3030
2025-12-05 03:45:13,772 - INFO - 클라이언트 86 요청: 질문 인덱스 1731
2025-12-05 03:45:13,973 - INFO - 클라이언트 87 요청: 질문 인덱스 2444
2025-12-05 03:45:14,172 - INFO - 클라이언트 88 요청: 질문 인덱스 2742
2025-12-05 03:45:14,373 - INFO - 클라이언트 89 요청: 질문 인덱스 1401
2025-12-05 03:45:14,572 - INFO - 클라이언트 90 요청: 질문 인덱스 1446
2025-12-05 03:45:14,759 - INFO - 클라이언트 2 요청: 질문 인덱스 202
2025-12-05 03:45:14,772 - INFO - 클라이언트 91 요청: 질문 인덱스 810
2025-12-05 03:45:14,972 - INFO - 클라이언트 92 요청: 질문 인덱스 1015
2025-12-05 03:45:15,172 - INFO - 클라이언트 93 요청: 질문 인덱스 206
2025-12-05 03:45:15,373 - INFO - 클라이언트 94 요청: 질문 인덱스 1757
2025-12-05 03:45:15,454 - INFO - 클라이언트 5 요청: 질문 인덱스 964
2025-12-05 03:45:15,573 - INFO - 클라이언트 95 요청: 질문 인덱스 2947
2025-12-05 03:45:15,772 - INFO - 클라이언트 96 요청: 질문 인덱스 610
2025-12-05 03:45:15,973 - INFO - 클라이언트 97 요청: 질문 인덱스 2529
2025-12-05 03:45:16,173 - INFO - 클라이언트 98 요청: 질문 인덱스 1629
2025-12-05 03:45:16,373 - INFO - 클라이언트 99 요청: 질문 인덱스 1505
2025-12-05 03:45:20,705 - INFO - 클라이언트 10 요청: 질문 인덱스 889
2025-12-05 03:45:21,300 - INFO - 클라이언트 12 요청: 질문 인덱스 2561
2025-12-05 03:45:22,559 - INFO - 클라이언트 7 요청: 질문 인덱스 1717
2025-12-05 03:45:22,893 - INFO - 클라이언트 0 요청: 질문 인덱스 2228
2025-12-05 03:45:23,645 - INFO - 클라이언트 3 요청: 질문 인덱스 1811
2025-12-05 03:45:26,811 - INFO - 클라이언트 19 요청: 질문 인덱스 892
2025-12-05 03:45:27,462 - INFO - 클라이언트 4 요청: 질문 인덱스 2491
2025-12-05 03:45:30,685 - INFO - 클라이언트 14 요청: 질문 인덱스 2152
2025-12-05 03:45:31,348 - INFO - 클라이언트 26 요청: 질문 인덱스 1546
2025-12-05 03:45:31,348 - INFO - 클라이언트 30 요청: 질문 인덱스 12
2025-12-05 03:45:32,178 - INFO - 클라이언트 34 요청: 질문 인덱스 1078
2025-12-05 03:45:32,298 - INFO - 클라이언트 18 요청: 질문 인덱스 2542
2025-12-05 03:45:33,155 - INFO - 클라이언트 15 요청: 질문 인덱스 2425
2025-12-05 03:45:33,167 - INFO - 클라이언트 31 요청: 질문 인덱스 2748
2025-12-05 03:45:34,167 - INFO - 클라이언트 33 요청: 질문 인덱스 1460
2025-12-05 03:45:34,168 - INFO - 클라이언트 37 요청: 질문 인덱스 2614
2025-12-05 03:45:34,168 - INFO - 클라이언트 35 요청: 질문 인덱스 1804
2025-12-05 03:45:34,510 - INFO - 클라이언트 36 요청: 질문 인덱스 1244
2025-12-05 03:45:35,166 - INFO - 클라이언트 39 요청: 질문 인덱스 3255
2025-12-05 03:45:35,168 - INFO - 클라이언트 41 요청: 질문 인덱스 516
2025-12-05 03:45:35,380 - INFO - 클라이언트 44 요청: 질문 인덱스 1985
2025-12-05 03:45:36,037 - INFO - 클라이언트 25 요청: 질문 인덱스 2769
2025-12-05 03:45:36,166 - INFO - 클라이언트 45 요청: 질문 인덱스 2397
2025-12-05 03:45:36,167 - INFO - 클라이언트 43 요청: 질문 인덱스 1763
2025-12-05 03:45:36,167 - INFO - 클라이언트 47 요청: 질문 인덱스 2790
2025-12-05 03:45:36,205 - INFO - 클라이언트 23 요청: 질문 인덱스 1145
2025-12-05 03:45:36,596 - INFO - 클라이언트 16 요청: 질문 인덱스 2192
2025-12-05 03:45:37,167 - INFO - 클라이언트 52 요청: 질문 인덱스 510
2025-12-05 03:45:37,418 - INFO - 클라이언트 24 요청: 질문 인덱스 1028
2025-12-05 03:45:37,591 - INFO - 클라이언트 32 요청: 질문 인덱스 853
2025-12-05 03:45:38,078 - INFO - 클라이언트 29 요청: 질문 인덱스 400
2025-12-05 03:45:38,167 - INFO - 클라이언트 57 요청: 질문 인덱스 1013
2025-12-05 03:45:38,167 - INFO - 클라이언트 55 요청: 질문 인덱스 330
2025-12-05 03:45:38,168 - INFO - 클라이언트 56 요청: 질문 인덱스 449
2025-12-05 03:45:38,168 - INFO - 클라이언트 54 요청: 질문 인덱스 709
2025-12-05 03:45:38,228 - INFO - 클라이언트 13 요청: 질문 인덱스 2514
2025-12-05 03:45:39,166 - INFO - 클라이언트 62 요청: 질문 인덱스 912
2025-12-05 03:45:39,185 - INFO - 클라이언트 1 요청: 질문 인덱스 700
2025-12-05 03:45:39,186 - INFO - 클라이언트 61 요청: 질문 인덱스 2784
2025-12-05 03:45:39,186 - INFO - 클라이언트 60 요청: 질문 인덱스 672
2025-12-05 03:45:39,186 - INFO - 클라이언트 59 요청: 질문 인덱스 1724
2025-12-05 03:45:39,186 - INFO - 클라이언트 58 요청: 질문 인덱스 2443
2025-12-05 03:45:39,742 - INFO - 클라이언트 53 요청: 질문 인덱스 3114
2025-12-05 03:45:39,823 - INFO - 클라이언트 22 요청: 질문 인덱스 2899
2025-12-05 03:45:39,830 - INFO - 클라이언트 6 요청: 질문 인덱스 530
2025-12-05 03:45:39,859 - INFO - 클라이언트 21 요청: 질문 인덱스 3037
2025-12-05 03:45:40,166 - INFO - 클라이언트 67 요청: 질문 인덱스 1507
2025-12-05 03:45:40,167 - INFO - 클라이언트 11 요청: 질문 인덱스 35
2025-12-05 03:45:40,167 - INFO - 클라이언트 64 요청: 질문 인덱스 2647
2025-12-05 03:45:40,168 - INFO - 클라이언트 66 요청: 질문 인덱스 86
2025-12-05 03:45:40,168 - INFO - 클라이언트 65 요청: 질문 인덱스 42
2025-12-05 03:45:40,168 - INFO - 클라이언트 63 요청: 질문 인덱스 2584
2025-12-05 03:45:40,470 - INFO - 클라이언트 28 요청: 질문 인덱스 2086
2025-12-05 03:45:41,166 - INFO - 클라이언트 72 요청: 질문 인덱스 2192
2025-12-05 03:45:41,167 - INFO - 클라이언트 71 요청: 질문 인덱스 320
2025-12-05 03:45:41,167 - INFO - 클라이언트 69 요청: 질문 인덱스 1646
2025-12-05 03:45:41,168 - INFO - 클라이언트 9 요청: 질문 인덱스 653
2025-12-05 03:45:41,168 - INFO - 클라이언트 68 요청: 질문 인덱스 634
2025-12-05 03:45:41,168 - INFO - 클라이언트 70 요청: 질문 인덱스 921
2025-12-05 03:45:42,166 - INFO - 클라이언트 74 요청: 질문 인덱스 1877
2025-12-05 03:45:42,167 - INFO - 클라이언트 77 요청: 질문 인덱스 484
2025-12-05 03:45:42,167 - INFO - 클라이언트 73 요청: 질문 인덱스 990
2025-12-05 03:45:42,168 - INFO - 클라이언트 75 요청: 질문 인덱스 1879
2025-12-05 03:45:42,168 - INFO - 클라이언트 76 요청: 질문 인덱스 318
2025-12-05 03:45:42,416 - INFO - 클라이언트 27 요청: 질문 인덱스 1889
2025-12-05 03:45:42,838 - INFO - 클라이언트 48 요청: 질문 인덱스 2731
2025-12-05 03:45:43,051 - INFO - 클라이언트 50 요청: 질문 인덱스 2627
2025-12-05 03:45:43,166 - INFO - 클라이언트 80 요청: 질문 인덱스 557
2025-12-05 03:45:43,167 - INFO - 클라이언트 78 요청: 질문 인덱스 2543
2025-12-05 03:45:43,167 - INFO - 클라이언트 79 요청: 질문 인덱스 3161
2025-12-05 03:45:43,168 - INFO - 클라이언트 81 요청: 질문 인덱스 1395
2025-12-05 03:45:43,168 - INFO - 클라이언트 8 요청: 질문 인덱스 2272
2025-12-05 03:45:43,169 - INFO - 클라이언트 82 요청: 질문 인덱스 2730
2025-12-05 03:45:44,166 - INFO - 클라이언트 85 요청: 질문 인덱스 332
2025-12-05 03:45:44,167 - INFO - 클라이언트 84 요청: 질문 인덱스 958
2025-12-05 03:45:44,167 - INFO - 클라이언트 83 요청: 질문 인덱스 2810
2025-12-05 03:45:44,168 - INFO - 클라이언트 87 요청: 질문 인덱스 2024
2025-12-05 03:45:44,168 - INFO - 클라이언트 86 요청: 질문 인덱스 774
2025-12-05 03:45:44,409 - INFO - 클라이언트 38 요청: 질문 인덱스 3
2025-12-05 03:45:44,471 - INFO - 클라이언트 20 요청: 질문 인덱스 1005
2025-12-05 03:45:45,056 - INFO - 클라이언트 17 요청: 질문 인덱스 771
2025-12-05 03:45:45,166 - INFO - 클라이언트 2 요청: 질문 인덱스 1407
2025-12-05 03:45:45,167 - INFO - 클라이언트 91 요청: 질문 인덱스 114
2025-12-05 03:45:45,167 - INFO - 클라이언트 88 요청: 질문 인덱스 2218
2025-12-05 03:45:45,168 - INFO - 클라이언트 89 요청: 질문 인덱스 3113
2025-12-05 03:45:45,168 - INFO - 클라이언트 92 요청: 질문 인덱스 2765
2025-12-05 03:45:45,168 - INFO - 클라이언트 90 요청: 질문 인덱스 2085
2025-12-05 03:45:46,166 - INFO - 클라이언트 94 요청: 질문 인덱스 1121
2025-12-05 03:45:46,167 - INFO - 클라이언트 5 요청: 질문 인덱스 795
2025-12-05 03:45:46,167 - INFO - 클라이언트 95 요청: 질문 인덱스 2502
2025-12-05 03:45:46,168 - INFO - 클라이언트 93 요청: 질문 인덱스 153
2025-12-05 03:45:46,168 - INFO - 클라이언트 96 요청: 질문 인덱스 409
2025-12-05 03:45:46,168 - INFO - 클라이언트 97 요청: 질문 인덱스 1871
2025-12-05 03:45:47,166 - INFO - 클라이언트 98 요청: 질문 인덱스 383
2025-12-05 03:45:47,167 - INFO - 클라이언트 99 요청: 질문 인덱스 1542
2025-12-05 03:45:47,645 - INFO - 클라이언트 46 요청: 질문 인덱스 2519
2025-12-05 03:45:48,487 - INFO - 클라이언트 40 요청: 질문 인덱스 3023
2025-12-05 03:45:51,166 - INFO - 클라이언트 10 요청: 질문 인덱스 341
2025-12-05 03:45:52,166 - INFO - 클라이언트 12 요청: 질문 인덱스 364
2025-12-05 03:45:53,166 - INFO - 클라이언트 7 요청: 질문 인덱스 610
2025-12-05 03:45:53,167 - INFO - 클라이언트 0 요청: 질문 인덱스 2218
2025-12-05 03:45:54,167 - INFO - 클라이언트 3 요청: 질문 인덱스 2582
2025-12-05 03:45:54,206 - INFO - 클라이언트 51 요청: 질문 인덱스 23
2025-12-05 03:45:54,768 - INFO - 클라이언트 49 요청: 질문 인덱스 2685
2025-12-05 03:45:55,018 - INFO - 클라이언트 42 요청: 질문 인덱스 903
2025-12-05 03:45:55,768 - INFO - 클라이언트 98 요청: 질문 인덱스 2342
2025-12-05 03:45:55,788 - INFO - 클라이언트 94 요청: 질문 인덱스 429
2025-12-05 03:45:56,221 - INFO - 클라이언트 84 요청: 질문 인덱스 2170
2025-12-05 03:45:56,637 - INFO - 클라이언트 30 요청: 질문 인덱스 266
2025-12-05 03:45:56,848 - INFO - 클라이언트 2 요청: 질문 인덱스 1339
2025-12-05 03:45:56,878 - INFO - 클라이언트 46 요청: 질문 인덱스 3149
2025-12-05 03:45:57,712 - INFO - 클라이언트 28 요청: 질문 인덱스 377
2025-12-05 03:45:57,930 - INFO - 클라이언트 18 요청: 질문 인덱스 2158
2025-12-05 03:45:57,956 - INFO - 클라이언트 82 요청: 질문 인덱스 1687
2025-12-05 03:45:58,186 - INFO - 클라이언트 18 요청: 질문 인덱스 2853
2025-12-05 03:45:58,788 - INFO - 클라이언트 38 요청: 질문 인덱스 2046
2025-12-05 03:45:59,005 - INFO - 클라이언트 6 요청: 질문 인덱스 2168
2025-12-05 03:45:59,035 - INFO - 클라이언트 64 요청: 질문 인덱스 1982
2025-12-05 03:45:59,045 - INFO - 클라이언트 6 요청: 질문 인덱스 7
2025-12-05 03:45:59,678 - INFO - 클라이언트 60 요청: 질문 인덱스 377
2025-12-05 03:45:59,685 - INFO - 클라이언트 98 요청: 질문 인덱스 9
2025-12-05 03:45:59,720 - INFO - 클라이언트 84 요청: 질문 인덱스 791
2025-12-05 03:45:59,869 - INFO - 클라이언트 34 요청: 질문 인덱스 34
2025-12-05 03:45:59,911 - INFO - 클라이언트 28 요청: 질문 인덱스 516
2025-12-05 03:46:00,157 - INFO - 클라이언트 46 요청: 질문 인덱스 323
2025-12-05 03:46:00,307 - INFO - 클라이언트 48 요청: 질문 인덱스 1458
2025-12-05 03:46:00,968 - INFO - 클라이언트 32 요청: 질문 인덱스 1102
2025-12-05 03:46:00,986 - INFO - 클라이언트 38 요청: 질문 인덱스 2948
2025-12-05 03:46:01,383 - INFO - 클라이언트 12 요청: 질문 인덱스 1694
2025-12-05 03:46:01,818 - INFO - 클라이언트 44 요청: 질문 인덱스 1991
2025-12-05 03:46:01,838 - INFO - 클라이언트 88 요청: 질문 인덱스 2317
2025-12-05 03:46:01,840 - INFO - 클라이언트 72 요청: 질문 인덱스 498
2025-12-05 03:46:02,055 - INFO - 클라이언트 66 요청: 질문 인덱스 2258
2025-12-05 03:46:02,271 - INFO - 클라이언트 86 요청: 질문 인덱스 3145
2025-12-05 03:46:02,313 - INFO - 클라이언트 82 요청: 질문 인덱스 1788
2025-12-05 03:46:03,178 - INFO - 클라이언트 72 요청: 질문 인덱스 2933
2025-12-05 03:46:03,327 - INFO - 클라이언트 70 요청: 질문 인덱스 924
2025-12-05 03:46:03,549 - INFO - 클라이언트 80 요청: 질문 인덱스 1644
2025-12-05 03:46:04,129 - INFO - 클라이언트 41 요청: 질문 인덱스 3257
2025-12-05 03:46:04,235 - INFO - 클라이언트 44 요청: 질문 인덱스 851
2025-12-05 03:46:05,048 - INFO - 클라이언트 76 요청: 질문 인덱스 3192
2025-12-05 03:46:05,188 - INFO - 클라이언트 43 요청: 질문 인덱스 265
2025-12-05 03:46:05,480 - INFO - 클라이언트 14 요청: 질문 인덱스 171
2025-12-05 03:46:05,520 - INFO - 클라이언트 34 요청: 질문 인덱스 2439
2025-12-05 03:46:05,931 - INFO - 클라이언트 40 요청: 질문 인덱스 1754
2025-12-05 03:46:06,202 - INFO - 클라이언트 98 요청: 질문 인덱스 1414
2025-12-05 03:46:06,348 - INFO - 클라이언트 0 요청: 질문 인덱스 2943
2025-12-05 03:46:06,580 - INFO - 클라이언트 62 요청: 질문 인덱스 2821
2025-12-05 03:46:06,797 - INFO - 클라이언트 52 요청: 질문 인덱스 805
2025-12-05 03:46:06,856 - INFO - 클라이언트 3 요청: 질문 인덱스 485
2025-12-05 03:46:07,044 - INFO - 클라이언트 48 요청: 질문 인덱스 2032
2025-12-05 03:46:07,427 - INFO - 클라이언트 78 요청: 질문 인덱스 3204
2025-12-05 03:46:07,510 - INFO - 클라이언트 9 요청: 질문 인덱스 2568
2025-12-05 03:46:07,710 - INFO - 클라이언트 99 요청: 질문 인덱스 1237
2025-12-05 03:46:07,933 - INFO - 클라이언트 38 요청: 질문 인덱스 2048
2025-12-05 03:46:08,009 - INFO - 클라이언트 95 요청: 질문 인덱스 2312
2025-12-05 03:46:08,124 - INFO - 클라이언트 29 요청: 질문 인덱스 3035
2025-12-05 03:46:08,345 - INFO - 클라이언트 32 요청: 질문 인덱스 1571
2025-12-05 03:46:08,571 - INFO - 클라이언트 88 요청: 질문 인덱스 1949
2025-12-05 03:46:08,665 - INFO - 클라이언트 45 요청: 질문 인덱스 554
2025-12-05 03:46:08,823 - INFO - 클라이언트 84 요청: 질문 인덱스 1515
2025-12-05 03:46:09,017 - INFO - 클라이언트 28 요청: 질문 인덱스 35
2025-12-05 03:46:09,116 - INFO - 클라이언트 73 요청: 질문 인덱스 162
2025-12-05 03:46:09,647 - INFO - 클라이언트 60 요청: 질문 인덱스 1847
2025-12-05 03:46:09,888 - INFO - 클라이언트 91 요청: 질문 인덱스 228
2025-12-05 03:46:10,065 - INFO - 클라이언트 94 요청: 질문 인덱스 2944
2025-12-05 03:46:10,075 - INFO - 클라이언트 23 요청: 질문 인덱스 783
2025-12-05 03:46:10,347 - INFO - 클라이언트 38 요청: 질문 인덱스 142
2025-12-05 03:46:10,364 - INFO - 클라이언트 7 요청: 질문 인덱스 2566
2025-12-05 03:46:10,496 - INFO - 클라이언트 80 요청: 질문 인덱스 871
2025-12-05 03:46:10,604 - INFO - 클라이언트 38 요청: 질문 인덱스 128
2025-12-05 03:46:10,690 - INFO - 클라이언트 96 요청: 질문 인덱스 2461
2025-12-05 03:46:10,713 - INFO - 클라이언트 79 요청: 질문 인덱스 2109
2025-12-05 03:46:11,339 - INFO - 클라이언트 67 요청: 질문 인덱스 2433
2025-12-05 03:46:11,517 - INFO - 클라이언트 26 요청: 질문 인덱스 550
2025-12-05 03:46:11,603 - INFO - 클라이언트 6 요청: 질문 인덱스 2769
2025-12-05 03:46:11,672 - INFO - 클라이언트 19 요청: 질문 인덱스 2376
2025-12-05 03:46:11,732 - INFO - 클라이언트 68 요청: 질문 인덱스 1878
2025-12-05 03:46:11,798 - INFO - 클라이언트 7 요청: 질문 인덱스 1939
2025-12-05 03:46:12,406 - INFO - 클라이언트 24 요청: 질문 인덱스 2627
2025-12-05 03:46:12,437 - INFO - 클라이언트 12 요청: 질문 인덱스 2950
2025-12-05 03:46:12,497 - INFO - 클라이언트 46 요청: 질문 인덱스 2222
2025-12-05 03:46:12,620 - INFO - 클라이언트 69 요청: 질문 인덱스 1868
2025-12-05 03:46:12,697 - INFO - 클라이언트 80 요청: 질문 인덱스 111
2025-12-05 03:46:12,725 - INFO - 클라이언트 37 요청: 질문 인덱스 2862
2025-12-05 03:46:12,759 - INFO - 클라이언트 89 요청: 질문 인덱스 730
2025-12-05 03:46:13,025 - INFO - 클라이언트 58 요청: 질문 인덱스 160
2025-12-05 03:46:13,035 - INFO - 클라이언트 56 요청: 질문 인덱스 873
2025-12-05 03:46:13,206 - INFO - 클라이언트 69 요청: 질문 인덱스 2991
2025-12-05 03:46:13,465 - INFO - 클라이언트 4 요청: 질문 인덱스 2495
2025-12-05 03:46:13,469 - INFO - 클라이언트 50 요청: 질문 인덱스 489
2025-12-05 03:46:13,560 - INFO - 클라이언트 89 요청: 질문 인덱스 266
2025-12-05 03:46:13,847 - INFO - 클라이언트 99 요청: 질문 인덱스 2709
2025-12-05 03:46:13,922 - INFO - 클라이언트 19 요청: 질문 인덱스 593
2025-12-05 03:46:13,957 - INFO - 클라이언트 40 요청: 질문 인덱스 463
2025-12-05 03:46:14,268 - INFO - 클라이언트 31 요청: 질문 인덱스 2316
2025-12-05 03:46:14,350 - INFO - 클라이언트 65 요청: 질문 인덱스 2508
2025-12-05 03:46:14,544 - INFO - 클라이언트 16 요청: 질문 인덱스 3008
2025-12-05 03:46:14,766 - INFO - 클라이언트 27 요청: 질문 인덱스 2376
2025-12-05 03:46:14,823 - INFO - 클라이언트 24 요청: 질문 인덱스 1203
2025-12-05 03:46:14,920 - INFO - 클라이언트 9 요청: 질문 인덱스 2051
2025-12-05 03:46:14,967 - INFO - 클라이언트 20 요청: 질문 인덱스 2399
2025-12-05 03:46:15,016 - INFO - 클라이언트 2 요청: 질문 인덱스 1448
2025-12-05 03:46:15,028 - INFO - 클라이언트 59 요청: 질문 인덱스 2133
2025-12-05 03:46:15,196 - INFO - 클라이언트 10 요청: 질문 인덱스 2157
2025-12-05 03:46:15,204 - INFO - 클라이언트 91 요청: 질문 인덱스 2
2025-12-05 03:46:15,272 - INFO - 클라이언트 13 요청: 질문 인덱스 1993
2025-12-05 03:46:15,337 - INFO - 클라이언트 84 요청: 질문 인덱스 1126
2025-12-05 03:46:15,669 - INFO - 클라이언트 30 요청: 질문 인덱스 2738
2025-12-05 03:46:15,839 - INFO - 클라이언트 42 요청: 질문 인덱스 1247
2025-12-05 03:46:15,950 - INFO - 클라이언트 82 요청: 질문 인덱스 2592
2025-12-05 03:46:16,149 - INFO - 클라이언트 94 요청: 질문 인덱스 2877
2025-12-05 03:46:16,159 - INFO - 클라이언트 33 요청: 질문 인덱스 1572
2025-12-05 03:46:16,301 - INFO - 클라이언트 58 요청: 질문 인덱스 1434
2025-12-05 03:46:16,340 - INFO - 클라이언트 66 요청: 질문 인덱스 1283
2025-12-05 03:46:16,488 - INFO - 클라이언트 54 요청: 질문 인덱스 2844
2025-12-05 03:46:16,535 - INFO - 클라이언트 70 요청: 질문 인덱스 726
2025-12-05 03:46:16,548 - INFO - 클라이언트 85 요청: 질문 인덱스 834
2025-12-05 03:46:16,597 - INFO - 클라이언트 89 요청: 질문 인덱스 135
2025-12-05 03:46:16,746 - INFO - 클라이언트 56 요청: 질문 인덱스 1637
2025-12-05 03:46:16,762 - INFO - 클라이언트 62 요청: 질문 인덱스 1115
2025-12-05 03:46:16,813 - INFO - 클라이언트 66 요청: 질문 인덱스 388
2025-12-05 03:46:16,916 - INFO - 클라이언트 22 요청: 질문 인덱스 377
2025-12-05 03:46:16,918 - INFO - 클라이언트 8 요청: 질문 인덱스 2728
2025-12-05 03:46:16,932 - INFO - 클라이언트 36 요청: 질문 인덱스 2653
2025-12-05 03:46:16,937 - INFO - 클라이언트 74 요청: 질문 인덱스 1476
2025-12-05 03:46:16,948 - INFO - 클라이언트 92 요청: 질문 인덱스 2290
2025-12-05 03:46:16,977 - INFO - 클라이언트 41 요청: 질문 인덱스 2258
2025-12-05 03:46:16,986 - INFO - 클라이언트 91 요청: 질문 인덱스 1095
2025-12-05 03:46:17,002 - INFO - 클라이언트 56 요청: 질문 인덱스 2277
2025-12-05 03:46:17,161 - INFO - 클라이언트 90 요청: 질문 인덱스 602
2025-12-05 03:46:17,231 - INFO - 클라이언트 48 요청: 질문 인덱스 1048
2025-12-05 03:46:17,256 - INFO - 클라이언트 7 요청: 질문 인덱스 1075
2025-12-05 03:46:17,280 - INFO - 클라이언트 59 요청: 질문 인덱스 854
2025-12-05 03:46:17,378 - INFO - 클라이언트 25 요청: 질문 인덱스 2461
2025-12-05 03:46:17,393 - INFO - 클라이언트 50 요청: 질문 인덱스 667
2025-12-05 03:46:17,393 - INFO - 클라이언트 76 요청: 질문 인덱스 1619
2025-12-05 03:46:17,486 - INFO - 클라이언트 85 요청: 질문 인덱스 929
2025-12-05 03:46:17,597 - INFO - 클라이언트 20 요청: 질문 인덱스 1055
2025-12-05 03:46:17,630 - INFO - 클라이언트 71 요청: 질문 인덱스 303
2025-12-05 03:46:18,083 - INFO - 클라이언트 18 요청: 질문 인덱스 2398
2025-12-05 03:46:18,279 - INFO - 클라이언트 64 요청: 질문 인덱스 3141
2025-12-05 03:46:18,285 - INFO - 클라이언트 90 요청: 질문 인덱스 3201
2025-12-05 03:46:18,328 - INFO - 클라이언트 72 요청: 질문 인덱스 735
2025-12-05 03:46:18,501 - INFO - 클라이언트 86 요청: 질문 인덱스 1677
2025-12-05 03:46:18,563 - INFO - 클라이언트 43 요청: 질문 인덱스 1107
2025-12-05 03:46:19,430 - INFO - 클라이언트 80 요청: 질문 인덱스 2567
2025-12-05 03:46:19,514 - INFO - 클라이언트 63 요청: 질문 인덱스 2087
2025-12-05 03:46:19,768 - INFO - 클라이언트 1 요청: 질문 인덱스 2634
2025-12-05 03:46:19,829 - INFO - 클라이언트 60 요청: 질문 인덱스 2656
2025-12-05 03:46:19,867 - INFO - 클라이언트 35 요청: 질문 인덱스 1205
2025-12-05 03:46:19,933 - INFO - 클라이언트 39 요청: 질문 인덱스 606
2025-12-05 03:46:20,032 - INFO - 클라이언트 45 요청: 질문 인덱스 1715
2025-12-05 03:46:20,091 - INFO - 클라이언트 49 요청: 질문 인덱스 2861
2025-12-05 03:46:20,109 - INFO - 클라이언트 7 요청: 질문 인덱스 2708
2025-12-05 03:46:20,198 - INFO - 클라이언트 14 요청: 질문 인덱스 3166
2025-12-05 03:46:20,223 - INFO - 클라이언트 96 요청: 질문 인덱스 2539
2025-12-05 03:46:20,235 - INFO - 클라이언트 14 요청: 질문 인덱스 1894
2025-12-05 03:46:20,391 - INFO - 클라이언트 99 요청: 질문 인덱스 937
2025-12-05 03:46:20,602 - INFO - 클라이언트 11 요청: 질문 인덱스 850
2025-12-05 03:46:20,607 - INFO - 클라이언트 57 요청: 질문 인덱스 1830
2025-12-05 03:46:20,684 - INFO - 클라이언트 27 요청: 질문 인덱스 1922
2025-12-05 03:46:20,701 - INFO - 클라이언트 55 요청: 질문 인덱스 2274
2025-12-05 03:46:20,955 - INFO - 클라이언트 3 요청: 질문 인덱스 730
2025-12-05 03:46:21,097 - INFO - 클라이언트 39 요청: 질문 인덱스 751
2025-12-05 03:46:21,099 - INFO - 클라이언트 21 요청: 질문 인덱스 1831
2025-12-05 03:46:21,195 - INFO - 클라이언트 15 요청: 질문 인덱스 2100
2025-12-05 03:46:21,320 - INFO - 클라이언트 30 요청: 질문 인덱스 196
2025-12-05 03:46:21,422 - INFO - 클라이언트 65 요청: 질문 인덱스 2649
2025-12-05 03:46:21,601 - INFO - 클라이언트 47 요청: 질문 인덱스 624
2025-12-05 03:46:21,611 - INFO - 클라이언트 61 요청: 질문 인덱스 1834
2025-12-05 03:46:21,616 - INFO - 클라이언트 69 요청: 질문 인덱스 80
2025-12-05 03:46:21,750 - INFO - 클라이언트 50 요청: 질문 인덱스 2946
2025-12-05 03:46:21,754 - INFO - 클라이언트 70 요청: 질문 인덱스 2517
2025-12-05 03:46:22,154 - INFO - 클라이언트 52 요청: 질문 인덱스 478
2025-12-05 03:46:22,171 - INFO - 클라이언트 47 요청: 질문 인덱스 3098
2025-12-05 03:46:22,357 - INFO - 클라이언트 13 요청: 질문 인덱스 2449
2025-12-05 03:46:22,432 - INFO - 클라이언트 19 요청: 질문 인덱스 2503
2025-12-05 03:46:22,506 - INFO - 클라이언트 75 요청: 질문 인덱스 3028
2025-12-05 03:46:22,759 - INFO - 클라이언트 77 요청: 질문 인덱스 1176
2025-12-05 03:46:22,793 - INFO - 클라이언트 10 요청: 질문 인덱스 1728
2025-12-05 03:46:22,900 - INFO - 클라이언트 72 요청: 질문 인덱스 2221
2025-12-05 03:46:22,989 - INFO - 클라이언트 53 요청: 질문 인덱스 3113
2025-12-05 03:46:23,046 - INFO - 클라이언트 73 요청: 질문 인덱스 3242
2025-12-05 03:46:23,084 - INFO - 클라이언트 6 요청: 질문 인덱스 2160
2025-12-05 03:46:23,231 - INFO - 클라이언트 85 요청: 질문 인덱스 2947
2025-12-05 03:46:23,279 - INFO - 클라이언트 40 요청: 질문 인덱스 2179
2025-12-05 03:46:23,317 - INFO - 클라이언트 95 요청: 질문 인덱스 2928
2025-12-05 03:46:23,349 - INFO - 클라이언트 81 요청: 질문 인덱스 2015
2025-12-05 03:46:23,364 - INFO - 클라이언트 79 요청: 질문 인덱스 2
2025-12-05 03:46:23,647 - INFO - 클라이언트 54 요청: 질문 인덱스 234
2025-12-05 03:46:23,689 - INFO - 클라이언트 34 요청: 질문 인덱스 2726
2025-12-05 03:46:23,925 - INFO - 클라이언트 3 요청: 질문 인덱스 1262
2025-12-05 03:46:24,369 - INFO - 클라이언트 51 요청: 질문 인덱스 1568
2025-12-05 03:46:24,542 - INFO - 클라이언트 20 요청: 질문 인덱스 1613
2025-12-05 03:46:24,561 - INFO - 클라이언트 44 요청: 질문 인덱스 11
2025-12-05 03:46:24,591 - INFO - 클라이언트 87 요청: 질문 인덱스 1540
2025-12-05 03:46:24,626 - INFO - 클라이언트 91 요청: 질문 인덱스 2695
2025-12-05 03:46:24,767 - INFO - 클라이언트 5 요청: 질문 인덱스 1367
2025-12-05 03:46:24,968 - INFO - 클라이언트 15 요청: 질문 인덱스 1407
2025-12-05 03:46:24,990 - INFO - 클라이언트 76 요청: 질문 인덱스 1262
2025-12-05 03:46:25,141 - INFO - 클라이언트 9 요청: 질문 인덱스 1740
2025-12-05 03:46:25,232 - INFO - 클라이언트 90 요청: 질문 인덱스 485
2025-12-05 03:46:25,236 - INFO - 클라이언트 81 요청: 질문 인덱스 1879
2025-12-05 03:46:25,431 - INFO - 클라이언트 62 요청: 질문 인덱스 2105
2025-12-05 03:46:25,437 - INFO - 클라이언트 97 요청: 질문 인덱스 2264
2025-12-05 03:46:25,653 - INFO - 클라이언트 32 요청: 질문 인덱스 3073
2025-12-05 03:46:25,786 - INFO - 클라이언트 97 요청: 질문 인덱스 3079
2025-12-05 03:46:25,818 - INFO - 클라이언트 51 요청: 질문 인덱스 1974
2025-12-05 03:46:25,886 - INFO - 클라이언트 61 요청: 질문 인덱스 2054
2025-12-05 03:46:25,991 - INFO - 클라이언트 43 요청: 질문 인덱스 529
2025-12-05 03:46:26,026 - INFO - 클라이언트 78 요청: 질문 인덱스 378
2025-12-05 03:46:26,136 - INFO - 클라이언트 93 요청: 질문 인덱스 451
2025-12-05 03:46:26,191 - INFO - 클라이언트 39 요청: 질문 인덱스 1916
2025-12-05 03:46:26,304 - INFO - 클라이언트 96 요청: 질문 인덱스 849
2025-12-05 03:46:26,531 - INFO - 클라이언트 14 요청: 질문 인덱스 2149
2025-12-05 03:46:26,673 - INFO - 클라이언트 0 요청: 질문 인덱스 269
2025-12-05 03:46:26,702 - INFO - 클라이언트 58 요청: 질문 인덱스 3211
2025-12-05 03:46:26,746 - INFO - 클라이언트 98 요청: 질문 인덱스 3169
2025-12-05 03:46:27,011 - INFO - 클라이언트 47 요청: 질문 인덱스 745
2025-12-05 03:46:27,102 - INFO - 클라이언트 16 요청: 질문 인덱스 2617
2025-12-05 03:46:27,103 - INFO - 클라이언트 4 요청: 질문 인덱스 2688
2025-12-05 03:46:27,134 - INFO - 클라이언트 92 요청: 질문 인덱스 985
2025-12-05 03:46:27,297 - INFO - 클라이언트 29 요청: 질문 인덱스 1947
2025-12-05 03:46:27,435 - INFO - 클라이언트 97 요청: 질문 인덱스 276
2025-12-05 03:46:27,454 - INFO - 클라이언트 5 요청: 질문 인덱스 128
2025-12-05 03:46:27,504 - INFO - 클라이언트 25 요청: 질문 인덱스 127
2025-12-05 03:46:27,554 - INFO - 클라이언트 74 요청: 질문 인덱스 48
2025-12-05 03:46:27,797 - INFO - 클라이언트 10 요청: 질문 인덱스 2890
2025-12-05 03:46:27,834 - INFO - 클라이언트 30 요청: 질문 인덱스 1925
2025-12-05 03:46:27,855 - INFO - 클라이언트 3 요청: 질문 인덱스 3088
2025-12-05 03:46:27,910 - INFO - 클라이언트 77 요청: 질문 인덱스 928
2025-12-05 03:46:27,932 - INFO - 클라이언트 19 요청: 질문 인덱스 2678
2025-12-05 03:46:28,068 - INFO - 클라이언트 60 요청: 질문 인덱스 1470
2025-12-05 03:46:28,117 - INFO - 클라이언트 83 요청: 질문 인덱스 229
2025-12-05 03:46:28,122 - INFO - 클라이언트 13 요청: 질문 인덱스 287
2025-12-05 03:46:28,220 - INFO - 클라이언트 2 요청: 질문 인덱스 2729
2025-12-05 03:46:28,248 - INFO - 클라이언트 20 요청: 질문 인덱스 838
2025-12-05 03:46:28,266 - INFO - 클라이언트 28 요청: 질문 인덱스 2997
2025-12-05 03:46:28,401 - INFO - 클라이언트 45 요청: 질문 인덱스 2158
2025-12-05 03:46:28,459 - INFO - 클라이언트 61 요청: 질문 인덱스 1408
2025-12-05 03:46:28,535 - INFO - 클라이언트 80 요청: 질문 인덱스 3105
2025-12-05 03:46:28,616 - INFO - 클라이언트 8 요청: 질문 인덱스 749
2025-12-05 03:46:28,683 - INFO - 클라이언트 88 요청: 질문 인덱스 2591
2025-12-05 03:46:28,867 - INFO - 클라이언트 78 요청: 질문 인덱스 2167
2025-12-05 03:46:29,058 - INFO - 클라이언트 17 요청: 질문 인덱스 2458
2025-12-05 03:46:29,118 - INFO - 클라이언트 58 요청: 질문 인덱스 1485
2025-12-05 03:46:29,196 - INFO - 클라이언트 55 요청: 질문 인덱스 609
2025-12-05 03:46:29,198 - INFO - 클라이언트 61 요청: 질문 인덱스 187
2025-12-05 03:46:29,203 - INFO - 클라이언트 38 요청: 질문 인덱스 51
2025-12-05 03:46:29,262 - INFO - 클라이언트 22 요청: 질문 인덱스 1057
2025-12-05 03:46:29,468 - INFO - 클라이언트 26 요청: 질문 인덱스 3099
2025-12-05 03:46:29,560 - INFO - 클라이언트 56 요청: 질문 인덱스 2453
2025-12-05 03:46:29,583 - INFO - 클라이언트 23 요청: 질문 인덱스 2185
2025-12-05 03:46:30,096 - INFO - 클라이언트 93 요청: 질문 인덱스 578
2025-12-05 03:46:30,224 - INFO - 클라이언트 32 요청: 질문 인덱스 1229
2025-12-05 03:46:30,323 - INFO - 클라이언트 95 요청: 질문 인덱스 2770
2025-12-05 03:46:30,447 - INFO - 클라이언트 82 요청: 질문 인덱스 1390
2025-12-05 03:46:30,551 - INFO - 클라이언트 23 요청: 질문 인덱스 2813
2025-12-05 03:46:30,593 - INFO - 클라이언트 54 요청: 질문 인덱스 731
2025-12-05 03:46:30,607 - INFO - 클라이언트 12 요청: 질문 인덱스 2153
2025-12-05 03:46:30,645 - INFO - 클라이언트 12 요청: 질문 인덱스 1615
2025-12-05 03:46:30,647 - INFO - 클라이언트 94 요청: 질문 인덱스 662
2025-12-05 03:46:30,718 - INFO - 클라이언트 89 요청: 질문 인덱스 2134
2025-12-05 03:46:30,764 - INFO - 클라이언트 68 요청: 질문 인덱스 2894
2025-12-05 03:46:30,843 - INFO - 클라이언트 1 요청: 질문 인덱스 1001
2025-12-05 03:46:31,076 - INFO - 클라이언트 50 요청: 질문 인덱스 3222
2025-12-05 03:46:31,240 - INFO - 클라이언트 37 요청: 질문 인덱스 1762
2025-12-05 03:46:31,476 - INFO - 클라이언트 79 요청: 질문 인덱스 988
2025-12-05 03:46:31,532 - INFO - 클라이언트 46 요청: 질문 인덱스 2059
2025-12-05 03:46:31,744 - INFO - 클라이언트 88 요청: 질문 인덱스 1066
2025-12-05 03:46:31,871 - INFO - 클라이언트 47 요청: 질문 인덱스 764
2025-12-05 03:46:32,052 - INFO - 클라이언트 97 요청: 질문 인덱스 2081
2025-12-05 03:46:32,151 - INFO - 클라이언트 18 요청: 질문 인덱스 2836
2025-12-05 03:46:32,186 - INFO - 클라이언트 28 요청: 질문 인덱스 2269
2025-12-05 03:46:32,414 - INFO - 클라이언트 25 요청: 질문 인덱스 1932
2025-12-05 03:46:32,686 - INFO - 클라이언트 67 요청: 질문 인덱스 779
2025-12-05 03:46:32,780 - INFO - 클라이언트 87 요청: 질문 인덱스 3223
2025-12-05 03:46:32,828 - INFO - 클라이언트 31 요청: 질문 인덱스 1676
2025-12-05 03:46:32,877 - INFO - 클라이언트 53 요청: 질문 인덱스 2016
2025-12-05 03:46:33,039 - INFO - 클라이언트 99 요청: 질문 인덱스 1063
2025-12-05 03:46:33,155 - INFO - 클라이언트 11 요청: 질문 인덱스 736
2025-12-05 03:46:33,228 - INFO - 클라이언트 76 요청: 질문 인덱스 1727
2025-12-05 03:46:33,515 - INFO - 클라이언트 43 요청: 질문 인덱스 2161
2025-12-05 03:46:33,520 - INFO - 클라이언트 28 요청: 질문 인덱스 412
2025-12-05 03:46:33,622 - INFO - 클라이언트 4 요청: 질문 인덱스 1291
2025-12-05 03:46:33,766 - INFO - 클라이언트 79 요청: 질문 인덱스 2754
2025-12-05 03:46:33,835 - INFO - 클라이언트 75 요청: 질문 인덱스 871
2025-12-05 03:46:34,158 - INFO - 클라이언트 59 요청: 질문 인덱스 1107
2025-12-05 03:46:34,360 - INFO - 클라이언트 73 요청: 질문 인덱스 575
2025-12-05 03:46:34,375 - INFO - 클라이언트 72 요청: 질문 인덱스 2810
2025-12-05 03:46:34,619 - INFO - 클라이언트 41 요청: 질문 인덱스 2559
2025-12-05 03:46:34,984 - INFO - 클라이언트 33 요청: 질문 인덱스 534
2025-12-05 03:46:35,090 - INFO - 클라이언트 43 요청: 질문 인덱스 843
2025-12-05 03:46:35,422 - INFO - 클라이언트 29 요청: 질문 인덱스 1754
2025-12-05 03:46:35,424 - INFO - 클라이언트 30 요청: 질문 인덱스 2989
2025-12-05 03:46:35,552 - INFO - 클라이언트 97 요청: 질문 인덱스 252
2025-12-05 03:46:35,782 - INFO - 클라이언트 7 요청: 질문 인덱스 1581
2025-12-05 03:46:35,794 - INFO - 클라이언트 74 요청: 질문 인덱스 1004
2025-12-05 03:46:35,843 - INFO - 클라이언트 66 요청: 질문 인덱스 1001
2025-12-05 03:46:35,963 - INFO - 클라이언트 36 요청: 질문 인덱스 2385
2025-12-05 03:46:35,981 - INFO - 클라이언트 49 요청: 질문 인덱스 548
2025-12-05 03:46:35,983 - INFO - 클라이언트 26 요청: 질문 인덱스 1661
2025-12-05 03:46:36,010 - INFO - 클라이언트 24 요청: 질문 인덱스 2500
2025-12-05 03:46:36,342 - INFO - 클라이언트 80 요청: 질문 인덱스 712
2025-12-05 03:46:36,597 - INFO - 클라이언트 42 요청: 질문 인덱스 1662
2025-12-05 03:46:36,743 - INFO - 클라이언트 84 요청: 질문 인덱스 1909
2025-12-05 03:46:36,830 - INFO - 클라이언트 81 요청: 질문 인덱스 1106
2025-12-05 03:46:36,893 - INFO - 클라이언트 54 요청: 질문 인덱스 3075
2025-12-05 03:46:36,893 - INFO - 클라이언트 2 요청: 질문 인덱스 3197
2025-12-05 03:46:37,101 - INFO - 클라이언트 92 요청: 질문 인덱스 91
2025-12-05 03:46:37,248 - INFO - 클라이언트 53 요청: 질문 인덱스 1922
2025-12-05 03:46:37,359 - INFO - 클라이언트 74 요청: 질문 인덱스 2537
2025-12-05 03:46:37,367 - INFO - 클라이언트 76 요청: 질문 인덱스 1248
2025-12-05 03:46:37,401 - INFO - 클라이언트 9 요청: 질문 인덱스 1271
2025-12-05 03:46:37,502 - INFO - 클라이언트 69 요청: 질문 인덱스 2141
2025-12-05 03:46:37,550 - INFO - 클라이언트 70 요청: 질문 인덱스 3155
2025-12-05 03:46:37,560 - INFO - 클라이언트 40 요청: 질문 인덱스 2378
2025-12-05 03:46:37,568 - INFO - 클라이언트 39 요청: 질문 인덱스 2353
2025-12-05 03:46:37,703 - INFO - 클라이언트 75 요청: 질문 인덱스 499
2025-12-05 03:46:37,788 - INFO - 클라이언트 90 요청: 질문 인덱스 2771
2025-12-05 03:46:37,892 - INFO - 클라이언트 80 요청: 질문 인덱스 1802
2025-12-05 03:46:37,917 - INFO - 클라이언트 59 요청: 질문 인덱스 962
2025-12-05 03:46:37,963 - INFO - 클라이언트 64 요청: 질문 인덱스 2541
2025-12-05 03:46:38,062 - INFO - 클라이언트 51 요청: 질문 인덱스 1254
2025-12-05 03:46:38,075 - INFO - 클라이언트 84 요청: 질문 인덱스 1830
2025-12-05 03:46:38,134 - INFO - 클라이언트 13 요청: 질문 인덱스 969
2025-12-05 03:46:38,218 - INFO - 클라이언트 63 요청: 질문 인덱스 406
2025-12-05 03:46:38,419 - INFO - 클라이언트 48 요청: 질문 인덱스 810
2025-12-05 03:46:38,495 - INFO - 클라이언트 71 요청: 질문 인덱스 2804
2025-12-05 03:46:38,853 - INFO - 클라이언트 62 요청: 질문 인덱스 566
2025-12-05 03:46:38,861 - INFO - 클라이언트 19 요청: 질문 인덱스 889
2025-12-05 03:46:39,025 - INFO - 클라이언트 91 요청: 질문 인덱스 1672
2025-12-05 03:46:39,206 - INFO - 클라이언트 41 요청: 질문 인덱스 683
2025-12-05 03:46:39,474 - INFO - 클라이언트 86 요청: 질문 인덱스 2845
2025-12-05 03:46:39,921 - INFO - 클라이언트 93 요청: 질문 인덱스 1663
2025-12-05 03:46:39,922 - INFO - 클라이언트 44 요청: 질문 인덱스 697
2025-12-05 03:46:39,929 - INFO - 클라이언트 49 요청: 질문 인덱스 2050
2025-12-05 03:46:39,961 - INFO - 클라이언트 50 요청: 질문 인덱스 797
2025-12-05 03:46:40,198 - INFO - 클라이언트 57 요청: 질문 인덱스 1448
2025-12-05 03:46:40,234 - INFO - 클라이언트 27 요청: 질문 인덱스 1684
2025-12-05 03:46:40,547 - INFO - 클라이언트 17 요청: 질문 인덱스 505
2025-12-05 03:46:40,752 - INFO - 클라이언트 27 요청: 질문 인덱스 2489
2025-12-05 03:46:40,846 - INFO - 클라이언트 35 요청: 질문 인덱스 614
2025-12-05 03:46:40,923 - INFO - 클라이언트 84 요청: 질문 인덱스 2489
2025-12-05 03:46:40,987 - INFO - 클라이언트 26 요청: 질문 인덱스 2582
2025-12-05 03:46:41,121 - INFO - 클라이언트 93 요청: 질문 인덱스 1164
2025-12-05 03:46:41,212 - INFO - 클라이언트 65 요청: 질문 인덱스 381
2025-12-05 03:46:41,237 - INFO - 클라이언트 21 요청: 질문 인덱스 2961
2025-12-05 03:46:41,250 - INFO - 클라이언트 89 요청: 질문 인덱스 2254
2025-12-05 03:46:41,606 - INFO - 클라이언트 79 요청: 질문 인덱스 3056
2025-12-05 03:46:41,682 - INFO - 클라이언트 85 요청: 질문 인덱스 163
2025-12-05 03:46:41,709 - INFO - 클라이언트 66 요청: 질문 인덱스 336
2025-12-05 03:46:41,796 - INFO - 클라이언트 67 요청: 질문 인덱스 348
2025-12-05 03:46:41,928 - INFO - 클라이언트 88 요청: 질문 인덱스 447
2025-12-05 03:46:41,940 - INFO - 클라이언트 76 요청: 질문 인덱스 2592
2025-12-05 03:46:42,003 - INFO - 클라이언트 76 요청: 질문 인덱스 379
2025-12-05 03:46:42,054 - INFO - 클라이언트 29 요청: 질문 인덱스 2978
2025-12-05 03:46:42,198 - INFO - 클라이언트 55 요청: 질문 인덱스 891
2025-12-05 03:46:42,296 - INFO - 클라이언트 71 요청: 질문 인덱스 3055
2025-12-05 03:46:42,344 - INFO - 클라이언트 43 요청: 질문 인덱스 4
2025-12-05 03:46:42,353 - INFO - 클라이언트 60 요청: 질문 인덱스 1038
2025-12-05 03:46:42,367 - INFO - 클라이언트 49 요청: 질문 인덱스 2374
2025-12-05 03:46:42,538 - INFO - 클라이언트 15 요청: 질문 인덱스 1955
2025-12-05 03:46:42,591 - INFO - 클라이언트 50 요청: 질문 인덱스 1425
2025-12-05 03:46:42,749 - INFO - 클라이언트 20 요청: 질문 인덱스 299
2025-12-05 03:46:42,763 - INFO - 클라이언트 6 요청: 질문 인덱스 2413
2025-12-05 03:46:42,775 - INFO - 클라이언트 5 요청: 질문 인덱스 2876
2025-12-05 03:46:42,875 - INFO - 클라이언트 77 요청: 질문 인덱스 1010
2025-12-05 03:46:42,969 - INFO - 클라이언트 9 요청: 질문 인덱스 2424
2025-12-05 03:46:42,971 - INFO - 클라이언트 98 요청: 질문 인덱스 1937
2025-12-05 03:46:43,061 - INFO - 클라이언트 50 요청: 질문 인덱스 2912
2025-12-05 03:46:43,195 - INFO - 클라이언트 18 요청: 질문 인덱스 445
2025-12-05 03:46:43,343 - INFO - 클라이언트 52 요청: 질문 인덱스 3131
2025-12-05 03:46:43,414 - INFO - 클라이언트 56 요청: 질문 인덱스 2089
2025-12-05 03:46:43,584 - INFO - 클라이언트 34 요청: 질문 인덱스 1502
2025-12-05 03:46:43,631 - INFO - 클라이언트 12 요청: 질문 인덱스 943
2025-12-05 03:46:43,859 - INFO - 클라이언트 40 요청: 질문 인덱스 2956
2025-12-05 03:46:44,228 - INFO - 클라이언트 78 요청: 질문 인덱스 176
2025-12-05 03:46:44,262 - INFO - 클라이언트 58 요청: 질문 인덱스 1475
2025-12-05 03:46:44,281 - INFO - 클라이언트 94 요청: 질문 인덱스 2870
2025-12-05 03:46:44,623 - INFO - 클라이언트 1 요청: 질문 인덱스 210
2025-12-05 03:46:44,694 - INFO - 클라이언트 92 요청: 질문 인덱스 1806
2025-12-05 03:46:44,696 - INFO - 클라이언트 26 요청: 질문 인덱스 1862
2025-12-05 03:46:44,776 - INFO - 클라이언트 35 요청: 질문 인덱스 2897
2025-12-05 03:46:44,904 - INFO - 클라이언트 96 요청: 질문 인덱스 1254
2025-12-05 03:46:45,177 - INFO - 클라이언트 6 요청: 질문 인덱스 2163
2025-12-05 03:46:45,222 - INFO - 클라이언트 75 요청: 질문 인덱스 453
2025-12-05 03:46:45,344 - INFO - 클라이언트 14 요청: 질문 인덱스 1870
2025-12-05 03:46:45,469 - INFO - 클라이언트 85 요청: 질문 인덱스 3239
2025-12-05 03:46:45,487 - INFO - 클라이언트 22 요청: 질문 인덱스 2634
2025-12-05 03:46:45,599 - INFO - 클라이언트 46 요청: 질문 인덱스 665
2025-12-05 03:46:45,624 - INFO - 클라이언트 69 요청: 질문 인덱스 3023
2025-12-05 03:46:45,786 - INFO - 클라이언트 70 요청: 질문 인덱스 3152
2025-12-05 03:46:45,812 - INFO - 클라이언트 58 요청: 질문 인덱스 2301
2025-12-05 03:46:45,894 - INFO - 클라이언트 5 요청: 질문 인덱스 1423
2025-12-05 03:46:45,917 - INFO - 클라이언트 0 요청: 질문 인덱스 530
2025-12-05 03:46:46,083 - INFO - 클라이언트 75 요청: 질문 인덱스 1450
2025-12-05 03:46:46,159 - INFO - 클라이언트 3 요청: 질문 인덱스 2908
2025-12-05 03:46:46,267 - INFO - 클라이언트 98 요청: 질문 인덱스 525
2025-12-05 03:46:46,609 - INFO - 클라이언트 4 요청: 질문 인덱스 3027
2025-12-05 03:46:46,651 - INFO - 클라이언트 23 요청: 질문 인덱스 3027
2025-12-05 03:46:46,790 - INFO - 클라이언트 76 요청: 질문 인덱스 1452
2025-12-05 03:46:46,932 - INFO - 클라이언트 72 요청: 질문 인덱스 1060
2025-12-05 03:46:47,000 - INFO - 클라이언트 8 요청: 질문 인덱스 2435
2025-12-05 03:46:47,188 - INFO - 클라이언트 72 요청: 질문 인덱스 3025
2025-12-05 03:46:47,203 - INFO - 클라이언트 31 요청: 질문 인덱스 1364
2025-12-05 03:46:47,255 - INFO - 클라이언트 0 요청: 질문 인덱스 336
2025-12-05 03:46:47,258 - INFO - 클라이언트 10 요청: 질문 인덱스 2406
2025-12-05 03:46:47,433 - INFO - 클라이언트 16 요청: 질문 인덱스 1507
2025-12-05 03:46:47,744 - INFO - 클라이언트 32 요청: 질문 인덱스 1916
2025-12-05 03:46:48,039 - INFO - 클라이언트 29 요청: 질문 인덱스 2554
2025-12-05 03:46:48,074 - INFO - 클라이언트 79 요청: 질문 인덱스 1640
2025-12-05 03:46:48,314 - INFO - 클라이언트 99 요청: 질문 인덱스 2020
2025-12-05 03:46:48,414 - INFO - 클라이언트 92 요청: 질문 인덱스 1695
2025-12-05 03:46:48,544 - INFO - 클라이언트 22 요청: 질문 인덱스 167
2025-12-05 03:46:48,600 - INFO - 클라이언트 44 요청: 질문 인덱스 888
2025-12-05 03:46:48,604 - INFO - 클라이언트 45 요청: 질문 인덱스 1834
2025-12-05 03:46:48,927 - INFO - 클라이언트 61 요청: 질문 인덱스 2996
2025-12-05 03:46:49,275 - INFO - 클라이언트 30 요청: 질문 인덱스 645
2025-12-05 03:46:49,320 - INFO - 클라이언트 17 요청: 질문 인덱스 2509
2025-12-05 03:46:49,581 - INFO - 클라이언트 83 요청: 질문 인덱스 2991
2025-12-05 03:46:49,630 - INFO - 클라이언트 16 요청: 질문 인덱스 1933
2025-12-05 03:46:49,662 - INFO - 클라이언트 22 요청: 질문 인덱스 770
2025-12-05 03:46:49,677 - INFO - 클라이언트 13 요청: 질문 인덱스 1781
2025-12-05 03:46:49,741 - INFO - 클라이언트 25 요청: 질문 인덱스 1623
2025-12-05 03:46:49,908 - INFO - 클라이언트 82 요청: 질문 인덱스 549
2025-12-05 03:46:49,925 - INFO - 클라이언트 29 요청: 질문 인덱스 2753
2025-12-05 03:46:49,925 - INFO - 클라이언트 26 요청: 질문 인덱스 1611
2025-12-05 03:46:49,954 - INFO - 클라이언트 46 요청: 질문 인덱스 2129
2025-12-05 03:46:49,954 - INFO - 클라이언트 19 요청: 질문 인덱스 2437
2025-12-05 03:46:50,029 - INFO - 클라이언트 36 요청: 질문 인덱스 64
2025-12-05 03:46:50,099 - INFO - 클라이언트 2 요청: 질문 인덱스 778
2025-12-05 03:46:50,107 - INFO - 클라이언트 7 요청: 질문 인덱스 1148
2025-12-05 03:46:50,212 - INFO - 클라이언트 67 요청: 질문 인덱스 1303
2025-12-05 03:46:50,369 - INFO - 클라이언트 81 요청: 질문 인덱스 2968
2025-12-05 03:46:50,390 - INFO - 클라이언트 38 요청: 질문 인덱스 2830
2025-12-05 03:46:50,557 - INFO - 클라이언트 37 요청: 질문 인덱스 2034
2025-12-05 03:46:50,565 - INFO - 클라이언트 35 요청: 질문 인덱스 873
2025-12-05 03:46:50,570 - INFO - 클라이언트 2 요청: 질문 인덱스 129
2025-12-05 03:46:50,661 - INFO - 클라이언트 68 요청: 질문 인덱스 3112
2025-12-05 03:46:50,663 - INFO - 클라이언트 42 요청: 질문 인덱스 161
2025-12-05 03:46:50,748 - INFO - 클라이언트 95 요청: 질문 인덱스 2431
2025-12-05 03:46:50,998 - INFO - 클라이언트 1 요청: 질문 인덱스 270
2025-12-05 03:46:51,166 - INFO - 클라이언트 33 요청: 질문 인덱스 1292
2025-12-05 03:46:51,180 - INFO - 클라이언트 75 요청: 질문 인덱스 111
2025-12-05 03:46:51,181 - INFO - 클라이언트 16 요청: 질문 인덱스 2922
2025-12-05 03:46:51,510 - INFO - 클라이언트 39 요청: 질문 인덱스 1935
2025-12-05 03:46:51,518 - INFO - 클라이언트 50 요청: 질문 인덱스 2748
2025-12-05 03:46:51,599 - INFO - 클라이언트 97 요청: 질문 인덱스 2710
2025-12-05 03:46:51,642 - INFO - 클라이언트 41 요청: 질문 인덱스 3027
2025-12-05 03:46:52,085 - INFO - 클라이언트 49 요청: 질문 인덱스 1795
2025-12-05 03:46:52,130 - INFO - 클라이언트 35 요청: 질문 인덱스 1422
2025-12-05 03:46:52,237 - INFO - 클라이언트 73 요청: 질문 인덱스 3253
2025-12-05 03:46:52,356 - INFO - 클라이언트 55 요청: 질문 인덱스 813
2025-12-05 03:46:52,735 - INFO - 클라이언트 12 요청: 질문 인덱스 556
2025-12-05 03:46:52,823 - INFO - 클라이언트 89 요청: 질문 인덱스 1300
2025-12-05 03:46:52,973 - INFO - 클라이언트 47 요청: 질문 인덱스 1049
2025-12-05 03:46:53,032 - INFO - 클라이언트 1 요청: 질문 인덱스 2855
2025-12-05 03:46:53,117 - INFO - 클라이언트 11 요청: 질문 인덱스 606
2025-12-05 03:46:53,130 - INFO - 클라이언트 79 요청: 질문 인덱스 295
2025-12-05 03:46:53,206 - INFO - 클라이언트 6 요청: 질문 인덱스 2513
2025-12-05 03:46:53,360 - INFO - 클라이언트 96 요청: 질문 인덱스 2418
2025-12-05 03:46:53,415 - INFO - 클라이언트 30 요청: 질문 인덱스 1093
2025-12-05 03:46:53,683 - INFO - 클라이언트 47 요청: 질문 인덱스 53
2025-12-05 03:46:53,695 - INFO - 클라이언트 65 요청: 질문 인덱스 2158
2025-12-05 03:46:53,768 - INFO - 클라이언트 10 요청: 질문 인덱스 2065
2025-12-05 03:46:53,783 - INFO - 클라이언트 62 요청: 질문 인덱스 1772
2025-12-05 03:46:54,086 - INFO - 클라이언트 87 요청: 질문 인덱스 2271
2025-12-05 03:46:54,195 - INFO - 클라이언트 54 요청: 질문 인덱스 3003
2025-12-05 03:46:54,258 - INFO - 클라이언트 63 요청: 질문 인덱스 2277
2025-12-05 03:46:54,281 - INFO - 클라이언트 92 요청: 질문 인덱스 32
2025-12-05 03:46:54,374 - INFO - 클라이언트 68 요청: 질문 인덱스 3029
2025-12-05 03:46:54,411 - INFO - 클라이언트 69 요청: 질문 인덱스 1687
2025-12-05 03:46:54,452 - INFO - 클라이언트 54 요청: 질문 인덱스 292
2025-12-05 03:46:54,634 - INFO - 클라이언트 31 요청: 질문 인덱스 424
2025-12-05 03:46:54,710 - INFO - 클라이언트 28 요청: 질문 인덱스 11
2025-12-05 03:46:54,878 - INFO - 클라이언트 74 요청: 질문 인덱스 974
2025-12-05 03:46:55,032 - INFO - 클라이언트 36 요청: 질문 인덱스 829
2025-12-05 03:46:55,139 - INFO - 클라이언트 54 요청: 질문 인덱스 422
2025-12-05 03:46:55,441 - INFO - 클라이언트 50 요청: 질문 인덱스 2354
2025-12-05 03:46:55,560 - INFO - 클라이언트 66 요청: 질문 인덱스 1138
2025-12-05 03:46:55,674 - INFO - 클라이언트 51 요청: 질문 인덱스 297
2025-12-05 03:46:55,687 - INFO - 클라이언트 75 요청: 질문 인덱스 1300
2025-12-05 03:46:55,706 - INFO - 클라이언트 53 요청: 질문 인덱스 2392
2025-12-05 03:46:55,739 - INFO - 클라이언트 90 요청: 질문 인덱스 769
2025-12-05 03:46:56,017 - INFO - 클라이언트 93 요청: 질문 인덱스 882
2025-12-05 03:46:56,180 - INFO - 클라이언트 27 요청: 질문 인덱스 2423
2025-12-05 03:46:56,283 - INFO - 클라이언트 95 요청: 질문 인덱스 3006
2025-12-05 03:46:56,299 - INFO - 클라이언트 57 요청: 질문 인덱스 1535
2025-12-05 03:46:56,346 - INFO - 클라이언트 64 요청: 질문 인덱스 1919
2025-12-05 03:46:56,542 - INFO - 클라이언트 91 요청: 질문 인덱스 732
2025-12-05 03:46:56,576 - INFO - 클라이언트 57 요청: 질문 인덱스 2105
2025-12-05 03:46:56,585 - INFO - 클라이언트 48 요청: 질문 인덱스 2038
2025-12-05 03:46:56,620 - INFO - 클라이언트 56 요청: 질문 인덱스 1451
2025-12-05 03:46:56,631 - INFO - 클라이언트 99 요청: 질문 인덱스 948
2025-12-05 03:46:56,683 - INFO - 클라이언트 46 요청: 질문 인덱스 3072
2025-12-05 03:46:56,861 - INFO - 클라이언트 90 요청: 질문 인덱스 401
2025-12-05 03:46:56,874 - INFO - 클라이언트 26 요청: 질문 인덱스 1971
2025-12-05 03:46:57,044 - INFO - 클라이언트 22 요청: 질문 인덱스 1390
2025-12-05 03:46:57,196 - INFO - 클라이언트 24 요청: 질문 인덱스 1351
2025-12-05 03:46:57,372 - INFO - 클라이언트 46 요청: 질문 인덱스 2724
2025-12-05 03:46:57,408 - INFO - 클라이언트 85 요청: 질문 인덱스 2333
2025-12-05 03:46:57,512 - INFO - 클라이언트 23 요청: 질문 인덱스 309
2025-12-05 03:46:57,585 - INFO - 클라이언트 84 요청: 질문 인덱스 3128
2025-12-05 03:46:57,711 - INFO - 클라이언트 32 요청: 질문 인덱스 844
2025-12-05 03:46:57,909 - INFO - 클라이언트 43 요청: 질문 인덱스 1046
2025-12-05 03:46:57,938 - INFO - 클라이언트 88 요청: 질문 인덱스 170
2025-12-05 03:46:57,953 - INFO - 클라이언트 11 요청: 질문 인덱스 1306
2025-12-05 03:46:58,003 - INFO - 클라이언트 80 요청: 질문 인덱스 1321
2025-12-05 03:46:58,077 - INFO - 클라이언트 21 요청: 질문 인덱스 394
2025-12-05 03:46:58,133 - INFO - 클라이언트 15 요청: 질문 인덱스 2240
2025-12-05 03:46:58,175 - INFO - 클라이언트 98 요청: 질문 인덱스 2928
2025-12-05 03:46:58,512 - INFO - 클라이언트 78 요청: 질문 인덱스 1368
2025-12-05 03:46:58,691 - INFO - 클라이언트 8 요청: 질문 인덱스 1443
2025-12-05 03:46:58,850 - INFO - 클라이언트 30 요청: 질문 인덱스 943
2025-12-05 03:46:59,061 - INFO - 클라이언트 43 요청: 질문 인덱스 306
2025-12-05 03:46:59,109 - INFO - 클라이언트 59 요청: 질문 인덱스 2877
2025-12-05 03:46:59,216 - INFO - 클라이언트 44 요청: 질문 인덱스 1129
2025-12-05 03:46:59,241 - INFO - 클라이언트 45 요청: 질문 인덱스 2527
2025-12-05 03:46:59,509 - INFO - 클라이언트 73 요청: 질문 인덱스 762
2025-12-05 03:46:59,603 - INFO - 클라이언트 36 요청: 질문 인덱스 2604
2025-12-05 03:46:59,642 - INFO - 클라이언트 94 요청: 질문 인덱스 2830
2025-12-05 03:46:59,654 - INFO - 클라이언트 95 요청: 질문 인덱스 2257
2025-12-05 03:46:59,710 - INFO - 클라이언트 19 요청: 질문 인덱스 1495
2025-12-05 03:46:59,763 - INFO - 클라이언트 39 요청: 질문 인덱스 3014
2025-12-05 03:46:59,883 - INFO - 클라이언트 74 요청: 질문 인덱스 3140
2025-12-05 03:46:59,917 - INFO - 클라이언트 9 요청: 질문 인덱스 39
2025-12-05 03:47:00,081 - INFO - 클라이언트 7 요청: 질문 인덱스 514
2025-12-05 03:47:00,157 - INFO - 클라이언트 51 요청: 질문 인덱스 367
2025-12-05 03:47:00,192 - INFO - 클라이언트 9 요청: 질문 인덱스 230
2025-12-05 03:47:00,240 - INFO - 클라이언트 34 요청: 질문 인덱스 1018
2025-12-05 03:47:00,284 - INFO - 클라이언트 10 요청: 질문 인덱스 1174
2025-12-05 03:47:00,303 - INFO - 클라이언트 40 요청: 질문 인덱스 3137
2025-12-05 03:47:00,446 - INFO - 클라이언트 86 요청: 질문 인덱스 75
2025-12-05 03:47:00,528 - INFO - 클라이언트 47 요청: 질문 인덱스 1327
2025-12-05 03:47:00,579 - INFO - 클라이언트 28 요청: 질문 인덱스 1751
2025-12-05 03:47:00,811 - INFO - 클라이언트 85 요청: 질문 인덱스 480
2025-12-05 03:47:00,998 - INFO - 클라이언트 9 요청: 질문 인덱스 647
2025-12-05 03:47:01,080 - INFO - 클라이언트 52 요청: 질문 인덱스 2869
2025-12-05 03:47:01,177 - INFO - 클라이언트 58 요청: 질문 인덱스 1727
2025-12-05 03:47:01,363 - INFO - 클라이언트 16 요청: 질문 인덱스 2149
2025-12-05 03:47:01,387 - INFO - 클라이언트 60 요청: 질문 인덱스 3126
2025-12-05 03:47:01,658 - INFO - 클라이언트 26 요청: 질문 인덱스 2362
2025-12-05 03:47:01,865 - INFO - 클라이언트 71 요청: 질문 인덱스 1231
2025-12-05 03:47:01,875 - INFO - 클라이언트 92 요청: 질문 인덱스 2007
2025-12-05 03:47:01,888 - INFO - 클라이언트 33 요청: 질문 인덱스 1589
2025-12-05 03:47:02,278 - INFO - 클라이언트 97 요청: 질문 인덱스 1084
2025-12-05 03:47:02,426 - INFO - 클라이언트 20 요청: 질문 인덱스 1617
2025-12-05 03:47:02,451 - INFO - 클라이언트 39 요청: 질문 인덱스 1016
2025-12-05 03:47:02,554 - INFO - 클라이언트 72 요청: 질문 인덱스 2671
2025-12-05 03:47:02,631 - INFO - 클라이언트 89 요청: 질문 인덱스 368
2025-12-05 03:47:02,703 - INFO - 클라이언트 29 요청: 질문 인덱스 2390
2025-12-05 03:47:02,860 - INFO - 클라이언트 86 요청: 질문 인덱스 2
2025-12-05 03:47:02,873 - INFO - 클라이언트 18 요청: 질문 인덱스 570
2025-12-05 03:47:02,873 - INFO - 클라이언트 70 요청: 질문 인덱스 798
2025-12-05 03:47:02,890 - INFO - 클라이언트 61 요청: 질문 인덱스 2600
2025-12-05 03:47:02,913 - INFO - 클라이언트 22 요청: 질문 인덱스 3051
2025-12-05 03:47:02,937 - INFO - 클라이언트 41 요청: 질문 인덱스 2254
2025-12-05 03:47:02,940 - INFO - 클라이언트 49 요청: 질문 인덱스 1809
2025-12-05 03:47:03,138 - INFO - 클라이언트 69 요청: 질문 인덱스 780
2025-12-05 03:47:03,729 - INFO - 클라이언트 14 요청: 질문 인덱스 1033
2025-12-05 03:47:03,894 - INFO - 클라이언트 5 요청: 질문 인덱스 1408
2025-12-05 03:47:03,894 - INFO - 클라이언트 25 요청: 질문 인덱스 3184
2025-12-05 03:47:03,966 - INFO - 클라이언트 65 요청: 질문 인덱스 62
2025-12-05 03:47:04,016 - INFO - 클라이언트 66 요청: 질문 인덱스 2234
2025-12-05 03:47:04,090 - INFO - 클라이언트 1 요청: 질문 인덱스 1192
2025-12-05 03:47:04,110 - INFO - 클라이언트 13 요청: 질문 인덱스 1166
2025-12-05 03:47:04,182 - INFO - 클라이언트 21 요청: 질문 인덱스 1738
2025-12-05 03:47:04,301 - INFO - 클라이언트 80 요청: 질문 인덱스 240
2025-12-05 03:47:04,372 - INFO - 클라이언트 64 요청: 질문 인덱스 439
2025-12-05 03:47:04,636 - INFO - 클라이언트 10 요청: 질문 인덱스 2290
2025-12-05 03:47:04,825 - INFO - 클라이언트 62 요청: 질문 인덱스 2476
2025-12-05 03:47:04,975 - INFO - 클라이언트 63 요청: 질문 인덱스 1268
2025-12-05 03:47:05,056 - INFO - 클라이언트 96 요청: 질문 인덱스 1458
2025-12-05 03:47:05,109 - INFO - 클라이언트 38 요청: 질문 인덱스 2695
2025-12-05 03:47:05,177 - INFO - 클라이언트 7 요청: 질문 인덱스 179
2025-12-05 03:47:05,253 - INFO - 클라이언트 36 요청: 질문 인덱스 115
2025-12-05 03:47:05,426 - INFO - 클라이언트 4 요청: 질문 인덱스 219
2025-12-05 03:47:05,486 - INFO - 클라이언트 82 요청: 질문 인덱스 60
2025-12-05 03:47:05,519 - INFO - 클라이언트 32 요청: 질문 인덱스 1766
2025-12-05 03:47:05,560 - INFO - 클라이언트 23 요청: 질문 인덱스 2481
2025-12-05 03:47:05,603 - INFO - 클라이언트 47 요청: 질문 인덱스 421
2025-12-05 03:47:05,753 - INFO - 클라이언트 54 요청: 질문 인덱스 1555
2025-12-05 03:47:05,800 - INFO - 클라이언트 92 요청: 질문 인덱스 1581
2025-12-05 03:47:05,905 - INFO - 클라이언트 77 요청: 질문 인덱스 4
2025-12-05 03:47:05,943 - INFO - 클라이언트 62 요청: 질문 인덱스 555
2025-12-05 03:47:05,968 - INFO - 클라이언트 10 요청: 질문 인덱스 844
2025-12-05 03:47:06,085 - INFO - 클라이언트 52 요청: 질문 인덱스 99
2025-12-05 03:47:06,168 - INFO - 클라이언트 40 요청: 질문 인덱스 2367
2025-12-05 03:47:06,283 - INFO - 클라이언트 68 요청: 질문 인덱스 1237
2025-12-05 03:47:06,357 - INFO - 클라이언트 3 요청: 질문 인덱스 16
2025-12-05 03:47:06,466 - INFO - 클라이언트 76 요청: 질문 인덱스 132
2025-12-05 03:47:06,476 - INFO - 클라이언트 46 요청: 질문 인덱스 428
2025-12-05 03:47:06,563 - INFO - 클라이언트 57 요청: 질문 인덱스 189
2025-12-05 03:47:06,585 - INFO - 클라이언트 12 요청: 질문 인덱스 911
2025-12-05 03:47:06,588 - INFO - 클라이언트 94 요청: 질문 인덱스 1903
2025-12-05 03:47:06,660 - INFO - 클라이언트 28 요청: 질문 인덱스 2097
2025-12-05 03:47:06,724 - INFO - 클라이언트 83 요청: 질문 인덱스 2544
2025-12-05 03:47:07,041 - INFO - 클라이언트 37 요청: 질문 인덱스 3119
2025-12-05 03:47:07,234 - INFO - 클라이언트 2 요청: 질문 인덱스 2314
2025-12-05 03:47:07,410 - INFO - 클라이언트 17 요청: 질문 인덱스 1968
2025-12-05 03:47:07,411 - INFO - 클라이언트 53 요청: 질문 인덱스 2387
2025-12-05 03:47:07,585 - INFO - 클라이언트 0 요청: 질문 인덱스 3075
2025-12-05 03:47:07,953 - INFO - 클라이언트 30 요청: 질문 인덱스 3232
2025-12-05 03:47:07,990 - INFO - 클라이언트 67 요청: 질문 인덱스 99
2025-12-05 03:47:07,992 - INFO - 클라이언트 72 요청: 질문 인덱스 1663
2025-12-05 03:47:08,124 - INFO - 클라이언트 74 요청: 질문 인덱스 603
2025-12-05 03:47:08,219 - INFO - 클라이언트 37 요청: 질문 인덱스 2839
2025-12-05 03:47:08,316 - INFO - 클라이언트 56 요청: 질문 인덱스 759
2025-12-05 03:47:08,787 - INFO - 클라이언트 98 요청: 질문 인덱스 2321
2025-12-05 03:47:08,833 - INFO - 클라이언트 45 요청: 질문 인덱스 1961
2025-12-05 03:47:08,852 - INFO - 클라이언트 84 요청: 질문 인덱스 2803
2025-12-05 03:47:08,867 - INFO - 클라이언트 39 요청: 질문 인덱스 1781
2025-12-05 03:47:08,873 - INFO - 클라이언트 8 요청: 질문 인덱스 280
2025-12-05 03:47:08,979 - INFO - 클라이언트 27 요청: 질문 인덱스 1387
2025-12-05 03:47:09,291 - INFO - 클라이언트 92 요청: 질문 인덱스 129
2025-12-05 03:47:09,309 - INFO - 클라이언트 81 요청: 질문 인덱스 1943
2025-12-05 03:47:09,623 - INFO - 클라이언트 82 요청: 질문 인덱스 488
2025-12-05 03:47:09,831 - INFO - 클라이언트 45 요청: 질문 인덱스 926
2025-12-05 03:47:09,993 - INFO - 클라이언트 68 요청: 질문 인덱스 2567
2025-12-05 03:47:10,178 - INFO - 클라이언트 89 요청: 질문 인덱스 1669
2025-12-05 03:47:10,244 - INFO - 클라이언트 14 요청: 질문 인덱스 2862
2025-12-05 03:47:10,294 - INFO - 클라이언트 12 요청: 질문 인덱스 2716
2025-12-05 03:47:10,831 - INFO - 클라이언트 91 요청: 질문 인덱스 2850
2025-12-05 03:47:10,903 - INFO - 클라이언트 36 요청: 질문 인덱스 2423
2025-12-05 03:47:10,928 - INFO - 클라이언트 90 요청: 질문 인덱스 508
2025-12-05 03:47:11,162 - INFO - 클라이언트 94 요청: 질문 인덱스 2470
2025-12-05 03:47:11,208 - INFO - 클라이언트 42 요청: 질문 인덱스 3066
2025-12-05 03:47:11,253 - INFO - 클라이언트 76 요청: 질문 인덱스 1161
2025-12-05 03:47:11,266 - INFO - 클라이언트 46 요청: 질문 인덱스 2110
2025-12-05 03:47:11,284 - INFO - 클라이언트 97 요청: 질문 인덱스 560
2025-12-05 03:47:11,361 - INFO - 클라이언트 58 요청: 질문 인덱스 2420
2025-12-05 03:47:11,372 - INFO - 클라이언트 6 요청: 질문 인덱스 358
2025-12-05 03:47:11,614 - INFO - 클라이언트 27 요청: 질문 인덱스 1621
2025-12-05 03:47:11,682 - INFO - 클라이언트 35 요청: 질문 인덱스 2602
2025-12-05 03:47:11,939 - INFO - 클라이언트 87 요청: 질문 인덱스 2760
2025-12-05 03:47:11,980 - INFO - 클라이언트 35 요청: 질문 인덱스 1230
2025-12-05 03:47:12,127 - INFO - 클라이언트 99 요청: 질문 인덱스 1160
2025-12-05 03:47:12,151 - INFO - 클라이언트 3 요청: 질문 인덱스 155
2025-12-05 03:47:12,181 - INFO - 클라이언트 64 요청: 질문 인덱스 1945
2025-12-05 03:47:12,287 - INFO - 클라이언트 91 요청: 질문 인덱스 841
2025-12-05 03:47:12,311 - INFO - 클라이언트 50 요청: 질문 인덱스 2249
2025-12-05 03:47:12,436 - INFO - 클라이언트 64 요청: 질문 인덱스 207
2025-12-05 03:47:12,470 - INFO - 클라이언트 79 요청: 질문 인덱스 1909
2025-12-05 03:47:12,497 - INFO - 클라이언트 94 요청: 질문 인덱스 1275
2025-12-05 03:47:12,699 - INFO - 클라이언트 93 요청: 질문 인덱스 3260
2025-12-05 03:47:12,699 - INFO - 클라이언트 54 요청: 질문 인덱스 1827
2025-12-05 03:47:12,887 - INFO - 클라이언트 62 요청: 질문 인덱스 227
2025-12-05 03:47:13,142 - INFO - 클라이언트 55 요청: 질문 인덱스 1611
2025-12-05 03:47:13,190 - INFO - 클라이언트 80 요청: 질문 인덱스 3014
2025-12-05 03:47:13,209 - INFO - 클라이언트 7 요청: 질문 인덱스 1278
2025-12-05 03:47:13,296 - INFO - 클라이언트 96 요청: 질문 인덱스 497
2025-12-05 03:47:13,457 - INFO - 클라이언트 43 요청: 질문 인덱스 1741
2025-12-05 03:47:13,477 - INFO - 클라이언트 86 요청: 질문 인덱스 753
2025-12-05 03:47:13,480 - INFO - 클라이언트 75 요청: 질문 인덱스 2981
2025-12-05 03:47:13,517 - INFO - 클라이언트 88 요청: 질문 인덱스 2642
2025-12-05 03:47:13,558 - INFO - 클라이언트 58 요청: 질문 인덱스 653
2025-12-05 03:47:13,902 - INFO - 클라이언트 20 요청: 질문 인덱스 668
2025-12-05 03:47:13,958 - INFO - 클라이언트 22 요청: 질문 인덱스 677
2025-12-05 03:47:13,990 - INFO - 클라이언트 90 요청: 질문 인덱스 290
2025-12-05 03:47:14,041 - INFO - 클라이언트 41 요청: 질문 인덱스 1181
2025-12-05 03:47:14,097 - INFO - 클라이언트 33 요청: 질문 인덱스 689
2025-12-05 03:47:14,235 - INFO - 클라이언트 87 요청: 질문 인덱스 1580
2025-12-05 03:47:14,257 - INFO - 클라이언트 28 요청: 질문 인덱스 2990
2025-12-05 03:47:14,416 - INFO - 클라이언트 66 요청: 질문 인덱스 2010
2025-12-05 03:47:14,460 - INFO - 클라이언트 58 요청: 질문 인덱스 195
2025-12-05 03:47:14,532 - INFO - 클라이언트 45 요청: 질문 인덱스 1455
2025-12-05 03:47:14,567 - INFO - 클라이언트 87 요청: 질문 인덱스 2476
2025-12-05 03:47:14,752 - INFO - 클라이언트 51 요청: 질문 인덱스 1117
2025-12-05 03:47:14,791 - INFO - 클라이언트 3 요청: 질문 인덱스 2946
2025-12-05 03:47:14,793 - INFO - 클라이언트 44 요청: 질문 인덱스 2760
2025-12-05 03:47:14,858 - INFO - 클라이언트 31 요청: 질문 인덱스 1395
2025-12-05 03:47:14,996 - INFO - 클라이언트 71 요청: 질문 인덱스 2996
2025-12-05 03:47:15,168 - INFO - 클라이언트 34 요청: 질문 인덱스 590
2025-12-05 03:47:15,185 - INFO - 클라이언트 48 요청: 질문 인덱스 723
2025-12-05 03:47:15,366 - INFO - 클라이언트 75 요청: 질문 인덱스 3067
2025-12-05 03:47:15,390 - INFO - 클라이언트 8 요청: 질문 인덱스 2336
2025-12-05 03:47:15,743 - INFO - 클라이언트 15 요청: 질문 인덱스 2825
2025-12-05 03:47:15,913 - INFO - 클라이언트 44 요청: 질문 인덱스 1831
2025-12-05 03:47:16,204 - INFO - 클라이언트 79 요청: 질문 인덱스 2473
2025-12-05 03:47:16,452 - INFO - 클라이언트 87 요청: 질문 인덱스 708
2025-12-05 03:47:16,509 - INFO - 클라이언트 8 요청: 질문 인덱스 1615
2025-12-05 03:47:16,595 - INFO - 클라이언트 98 요청: 질문 인덱스 2073
2025-12-05 03:47:17,083 - INFO - 클라이언트 51 요청: 질문 인덱스 999
2025-12-05 03:47:17,176 - INFO - 클라이언트 60 요청: 질문 인덱스 1843
2025-12-05 03:47:17,198 - INFO - 클라이언트 63 요청: 질문 인덱스 239
2025-12-05 03:47:17,237 - INFO - 클라이언트 65 요청: 질문 인덱스 1502
2025-12-05 03:47:17,394 - INFO - 클라이언트 43 요청: 질문 인덱스 1741
2025-12-05 03:47:17,431 - INFO - 클라이언트 61 요청: 질문 인덱스 1381
2025-12-05 03:47:17,588 - INFO - 클라이언트 16 요청: 질문 인덱스 758
2025-12-05 03:47:17,749 - INFO - 클라이언트 49 요청: 질문 인덱스 727
2025-12-05 03:47:17,758 - INFO - 클라이언트 78 요청: 질문 인덱스 1107
2025-12-05 03:47:17,883 - INFO - 클라이언트 95 요청: 질문 인덱스 225
2025-12-05 03:47:18,079 - INFO - 클라이언트 32 요청: 질문 인덱스 2422
2025-12-05 03:47:18,109 - INFO - 클라이언트 11 요청: 질문 인덱스 166
2025-12-05 03:47:18,168 - INFO - 클라이언트 59 요청: 질문 인덱스 2119
2025-12-05 03:47:18,177 - INFO - 클라이언트 85 요청: 질문 인덱스 974
2025-12-05 03:47:18,245 - INFO - 클라이언트 23 요청: 질문 인덱스 3111
2025-12-05 03:47:18,366 - INFO - 클라이언트 19 요청: 질문 인덱스 2354
2025-12-05 03:47:18,395 - INFO - 클라이언트 72 요청: 질문 인덱스 545
2025-12-05 03:47:18,414 - INFO - 클라이언트 0 요청: 질문 인덱스 1520
2025-12-05 03:47:18,599 - INFO - 클라이언트 24 요청: 질문 인덱스 409
2025-12-05 03:47:18,625 - INFO - 클라이언트 80 요청: 질문 인덱스 2023
2025-12-05 03:47:18,670 - INFO - 클라이언트 61 요청: 질문 인덱스 3184
2025-12-05 03:47:18,672 - INFO - 클라이언트 70 요청: 질문 인덱스 2896
2025-12-05 03:47:18,878 - INFO - 클라이언트 78 요청: 질문 인덱스 2858
2025-12-05 03:47:19,301 - INFO - 클라이언트 1 요청: 질문 인덱스 127
2025-12-05 03:47:19,423 - INFO - 클라이언트 7 요청: 질문 인덱스 1268
2025-12-05 03:47:19,463 - INFO - 클라이언트 58 요청: 질문 인덱스 2305
2025-12-05 03:47:19,496 - INFO - 클라이언트 73 요청: 질문 인덱스 1764
2025-12-05 03:47:19,513 - INFO - 클라이언트 72 요청: 질문 인덱스 1512
2025-12-05 03:47:19,935 - INFO - 클라이언트 52 요청: 질문 인덱스 1762
2025-12-05 03:47:19,942 - INFO - 클라이언트 65 요청: 질문 인덱스 1998
2025-12-05 03:47:20,031 - INFO - 클라이언트 88 요청: 질문 인덱스 3158
2025-12-05 03:47:20,431 - INFO - 클라이언트 77 요청: 질문 인덱스 2963
2025-12-05 03:47:20,600 - INFO - 클라이언트 39 요청: 질문 인덱스 2030
2025-12-05 03:47:20,608 - INFO - 클라이언트 18 요청: 질문 인덱스 2299
2025-12-05 03:47:20,670 - INFO - 클라이언트 93 요청: 질문 인덱스 1017
2025-12-05 03:47:20,704 - INFO - 클라이언트 9 요청: 질문 인덱스 2869
2025-12-05 03:47:20,873 - INFO - 클라이언트 57 요청: 질문 인덱스 3213
2025-12-05 03:47:21,078 - INFO - 클라이언트 17 요청: 질문 인덱스 940
2025-12-05 03:47:21,175 - INFO - 클라이언트 42 요청: 질문 인덱스 2769
2025-12-05 03:47:21,205 - INFO - 클라이언트 92 요청: 질문 인덱스 1776
2025-12-05 03:47:21,246 - INFO - 클라이언트 25 요청: 질문 인덱스 2529
2025-12-05 03:47:21,465 - INFO - 클라이언트 89 요청: 질문 인덱스 2702
2025-12-05 03:47:21,664 - INFO - 클라이언트 46 요청: 질문 인덱스 2187
2025-12-05 03:47:21,728 - INFO - 클라이언트 16 요청: 질문 인덱스 2958
2025-12-05 03:47:21,745 - INFO - 클라이언트 89 요청: 질문 인덱스 2988
2025-12-05 03:47:21,830 - INFO - 클라이언트 69 요청: 질문 인덱스 3184
2025-12-05 03:47:21,964 - INFO - 클라이언트 82 요청: 질문 인덱스 516
2025-12-05 03:47:22,139 - INFO - 클라이언트 27 요청: 질문 인덱스 1555
2025-12-05 03:47:22,267 - INFO - 클라이언트 47 요청: 질문 인덱스 1082
2025-12-05 03:47:22,279 - INFO - 클라이언트 29 요청: 질문 인덱스 148
2025-12-05 03:47:22,563 - INFO - 클라이언트 48 요청: 질문 인덱스 2436
2025-12-05 03:47:22,631 - INFO - 클라이언트 26 요청: 질문 인덱스 2149
2025-12-05 03:47:22,639 - INFO - 클라이언트 77 요청: 질문 인덱스 2165
2025-12-05 03:47:22,731 - INFO - 클라이언트 76 요청: 질문 인덱스 2575
2025-12-05 03:47:22,774 - INFO - 클라이언트 75 요청: 질문 인덱스 2554
2025-12-05 03:47:22,889 - INFO - 클라이언트 26 요청: 질문 인덱스 1755
2025-12-05 03:47:23,016 - INFO - 클라이언트 86 요청: 질문 인덱스 615
2025-12-05 03:47:23,026 - INFO - 클라이언트 2 요청: 질문 인덱스 2684
2025-12-05 03:47:23,430 - INFO - 클라이언트 79 요청: 질문 인덱스 3164
2025-12-05 03:47:23,474 - INFO - 클라이언트 40 요청: 질문 인덱스 1597
2025-12-05 03:47:23,653 - INFO - 클라이언트 20 요청: 질문 인덱스 3118
2025-12-05 03:47:23,703 - INFO - 클라이언트 86 요청: 질문 인덱스 1450
2025-12-05 03:47:23,709 - INFO - 클라이언트 97 요청: 질문 인덱스 1262
2025-12-05 03:47:24,143 - INFO - 클라이언트 53 요청: 질문 인덱스 3011
2025-12-05 03:47:24,269 - INFO - 클라이언트 15 요청: 질문 인덱스 1456
2025-12-05 03:47:24,465 - INFO - 클라이언트 24 요청: 질문 인덱스 2003
2025-12-05 03:47:24,519 - INFO - 클라이언트 49 요청: 질문 인덱스 414
2025-12-05 03:47:24,541 - INFO - 클라이언트 70 요청: 질문 인덱스 1443
2025-12-05 03:47:24,570 - INFO - 클라이언트 38 요청: 질문 인덱스 867
2025-12-05 03:47:24,573 - INFO - 클라이언트 22 요청: 질문 인덱스 643
2025-12-05 03:47:24,672 - INFO - 클라이언트 4 요청: 질문 인덱스 2833
2025-12-05 03:47:24,682 - INFO - 클라이언트 13 요청: 질문 인덱스 2325
2025-12-05 03:47:24,850 - INFO - 클라이언트 1 요청: 질문 인덱스 1348
2025-12-05 03:47:24,920 - INFO - 클라이언트 5 요청: 질문 인덱스 2069
2025-12-05 03:47:24,921 - INFO - 클라이언트 80 요청: 질문 인덱스 1843
2025-12-05 03:47:24,960 - INFO - 클라이언트 14 요청: 질문 인덱스 223
2025-12-05 03:47:24,963 - INFO - 클라이언트 80 요청: 질문 인덱스 965
2025-12-05 03:47:24,965 - INFO - 클라이언트 21 요청: 질문 인덱스 2704
2025-12-05 03:47:25,013 - INFO - 클라이언트 70 요청: 질문 인덱스 2311
2025-12-05 03:47:25,428 - INFO - 클라이언트 74 요청: 질문 인덱스 3233
2025-12-05 03:47:25,443 - INFO - 클라이언트 62 요청: 질문 인덱스 427
2025-12-05 03:47:25,620 - INFO - 클라이언트 56 요청: 질문 인덱스 728
2025-12-05 03:47:25,689 - INFO - 클라이언트 30 요청: 질문 인덱스 243
2025-12-05 03:47:25,889 - INFO - 클라이언트 99 요청: 질문 인덱스 1072
2025-12-05 03:47:25,915 - INFO - 클라이언트 57 요청: 질문 인덱스 2199
2025-12-05 03:47:26,107 - INFO - 클라이언트 17 요청: 질문 인덱스 2908
2025-12-05 03:47:26,113 - INFO - 클라이언트 74 요청: 질문 인덱스 1144
2025-12-05 03:47:26,231 - INFO - 클라이언트 83 요청: 질문 인덱스 309
2025-12-05 03:47:26,437 - INFO - 클라이언트 95 요청: 질문 인덱스 2857
2025-12-05 03:47:26,471 - INFO - 클라이언트 73 요청: 질문 인덱스 2127
2025-12-05 03:47:26,501 - INFO - 클라이언트 96 요청: 질문 인덱스 2363
2025-12-05 03:47:26,509 - INFO - 클라이언트 10 요청: 질문 인덱스 642
2025-12-05 03:47:26,726 - INFO - 클라이언트 81 요청: 질문 인덱스 3152
2025-12-05 03:47:27,128 - INFO - 클라이언트 36 요청: 질문 인덱스 2169
2025-12-05 03:47:27,212 - INFO - 클라이언트 98 요청: 질문 인덱스 933
2025-12-05 03:47:27,248 - INFO - 클라이언트 67 요청: 질문 인덱스 2479
2025-12-05 03:47:27,304 - INFO - 클라이언트 0 요청: 질문 인덱스 1516
2025-12-05 03:47:27,465 - INFO - 클라이언트 3 요청: 질문 인덱스 2037
2025-12-05 03:47:27,521 - INFO - 클라이언트 76 요청: 질문 인덱스 1752
2025-12-05 03:47:27,594 - INFO - 클라이언트 6 요청: 질문 인덱스 2440
2025-12-05 03:47:27,885 - INFO - 클라이언트 84 요청: 질문 인덱스 243
2025-12-05 03:47:28,064 - INFO - 클라이언트 25 요청: 질문 인덱스 2295
2025-12-05 03:47:28,186 - INFO - 클라이언트 9 요청: 질문 인덱스 390
2025-12-05 03:47:28,708 - INFO - 클라이언트 90 요청: 질문 인덱스 2169
2025-12-05 03:47:28,758 - INFO - 클라이언트 91 요청: 질문 인덱스 2780
2025-12-05 03:47:28,913 - INFO - 클라이언트 66 요청: 질문 인덱스 900
2025-12-05 03:47:29,105 - INFO - 클라이언트 16 요청: 질문 인덱스 793
2025-12-05 03:47:29,155 - INFO - 클라이언트 94 요청: 질문 인덱스 772
2025-12-05 03:47:29,217 - INFO - 클라이언트 37 요청: 질문 인덱스 2569
2025-12-05 03:47:29,313 - INFO - 클라이언트 64 요청: 질문 인덱스 302
2025-12-05 03:47:29,431 - INFO - 클라이언트 58 요청: 질문 인덱스 342
2025-12-05 03:47:29,546 - INFO - 클라이언트 12 요청: 질문 인덱스 3035
2025-12-05 03:47:30,003 - INFO - 클라이언트 38 요청: 질문 인덱스 1729
2025-12-05 03:47:30,004 - INFO - 클라이언트 54 요청: 질문 인덱스 192
2025-12-05 03:47:30,044 - INFO - 클라이언트 50 요청: 질문 인덱스 308
2025-12-05 03:47:30,242 - INFO - 클라이언트 21 요청: 질문 인덱스 1574
2025-12-05 03:47:30,266 - INFO - 클라이언트 28 요청: 질문 인덱스 2547
2025-12-05 03:47:30,308 - INFO - 클라이언트 92 요청: 질문 인덱스 1796
2025-12-05 03:47:30,337 - INFO - 클라이언트 69 요청: 질문 인덱스 960
2025-12-05 03:47:30,428 - INFO - [실시간] 요청 1000개 처리 | 현재까지의 RPS: 6.50최근 1000개 request의 p99 TTFT: 30.9927 초 | 
2025-12-05 03:47:30,428 - WARNING - 최근 1000개의 p99 TTFT 30.9927 초가 SLO 의 4배 (4.0 초)를 초과했습니다. 부하 테스트를 조기 종료합니다.
/home/comsys/.local/lib/python3.10/site-packages/numpy/core/fromnumeric.py:3504: RuntimeWarning: Mean of empty slice.
  return _methods._mean(a, axis=axis, dtype=dtype,
/home/comsys/.local/lib/python3.10/site-packages/numpy/core/_methods.py:129: RuntimeWarning: invalid value encountered in scalar divide
  ret = ret.dtype.type(ret / rcount)
통계에 반영된 요청 인덱스 범위: 1000 ~ 1000 (총 0개 요청)
통계 반영된 요청 수: 0, 통계 반영된 시간: 0.00 초

==================================================
 실험 최종 결과 요약
==================================================
 부하 테스트가 조기 종료되었습니다! (SLO 위반)
 Client 수를 낮추어 다시 시도하세요.
 설정 실험 시간: 330 초
 Clients 수: 100
 통계 반영 시간: 0.00 초
 총 시도된 요청: 0 개
 총 완료된 요청: 0 개
 총 실패한 요청: 0 개
 완료 요청 중 retrieval이 실패한 요청: -943 개
 요청 성공률: 0.00%
 전체 Requests Per Second (RPS): 0.00
--------------------------------------------------
 Time to First Token (TTFT) Latency:
  - 평균 (Mean): nan 초
Traceback (most recent call last):
  File "/home/comsys/sungsu/CXLSharedMemGPU/ReqGen/main.py", line 418, in <module>
    main()
  File "/home/comsys/sungsu/CXLSharedMemGPU/ReqGen/main.py", line 415, in main
    asyncio.run(reqgen.run())
  File "/usr/lib/python3.10/asyncio/runners.py", line 44, in run
    return loop.run_until_complete(main)
  File "/usr/lib/python3.10/asyncio/base_events.py", line 649, in run_until_complete
    return future.result()
  File "/home/comsys/sungsu/CXLSharedMemGPU/ReqGen/main.py", line 395, in run
    self._print_final_summary()
  File "/home/comsys/sungsu/CXLSharedMemGPU/ReqGen/main.py", line 322, in _print_final_summary
    print(f"  - 중간값 (50%ile): {np.percentile(ttfts, 50):.4f} 초")
  File "/home/comsys/.local/lib/python3.10/site-packages/numpy/lib/function_base.py", line 4283, in percentile
    return _quantile_unchecked(
  File "/home/comsys/.local/lib/python3.10/site-packages/numpy/lib/function_base.py", line 4555, in _quantile_unchecked
    return _ureduce(a,
  File "/home/comsys/.local/lib/python3.10/site-packages/numpy/lib/function_base.py", line 3823, in _ureduce
    r = func(a, **kwargs)
  File "/home/comsys/.local/lib/python3.10/site-packages/numpy/lib/function_base.py", line 4722, in _quantile_ureduce_func
    result = _quantile(arr,
  File "/home/comsys/.local/lib/python3.10/site-packages/numpy/lib/function_base.py", line 4831, in _quantile
    slices_having_nans = np.isnan(arr[-1, ...])
IndexError: index -1 is out of bounds for axis 0 with size 0
