2025-11-21 04:39:21,460 - INFO - ReqGen 시작: 서버=163.152.48.109:9000, 클라이언트=1000, 시간=330초
2025-11-21 04:39:21,460 - INFO - Hugging Face에서 'kroshan/BioASQ' 데이터셋을 로드합니다...
2025-11-21 04:39:27,433 - INFO - 3266개의 질문을 로드했습니다.
2025-11-21 04:39:27,433 - INFO - 부하 테스트 시작, client 수 = 1000
2025-11-21 04:39:34,817 - INFO - [실시간] 요청 1000개 처리 | 현재까지의 RPS: 135.43최근 1000개 request의 p99 TTFT: 0.5507 초 | 
2025-11-21 04:39:39,494 - INFO - [실시간] 요청 2000개 처리 | 현재까지의 RPS: 165.82최근 1000개 request의 p99 TTFT: 1.8064 초 | 
2025-11-21 04:39:43,983 - INFO - [실시간] 요청 3000개 처리 | 현재까지의 RPS: 181.27최근 1000개 request의 p99 TTFT: 4.0399 초 | 
2025-11-21 04:39:43,983 - WARNING - 최근 1000개의 p99 TTFT 4.0399 초가 SLO 의 4배 (4.0 초)를 초과했습니다. 부하 테스트를 조기 종료합니다.
Traceback (most recent call last):
  File "/home/comsys/sungsu/CXLSharedMemGPU/ReqGen/main.py", line 418, in <module>
    main()
  File "/home/comsys/sungsu/CXLSharedMemGPU/ReqGen/main.py", line 415, in main
    asyncio.run(reqgen.run())
  File "/usr/lib/python3.10/asyncio/runners.py", line 44, in run
    return loop.run_until_complete(main)
  File "/usr/lib/python3.10/asyncio/base_events.py", line 636, in run_until_complete
    self.run_forever()
  File "/usr/lib/python3.10/asyncio/base_events.py", line 603, in run_forever
    self._run_once()
  File "/usr/lib/python3.10/asyncio/base_events.py", line 1871, in _run_once
    event_list = self._selector.select(timeout)
  File "/usr/lib/python3.10/selectors.py", line 469, in select
    fd_event_list = self._selector.poll(timeout, max_ev)
KeyboardInterrupt
