2025-12-05 04:57:20,474 - INFO - ReqGen 시작: 서버=163.152.48.109:9000, 클라이언트=1000, 시간=330초
2025-12-05 04:57:20,474 - INFO - Hugging Face에서 'kroshan/BioASQ' 데이터셋을 로드합니다...
2025-12-05 04:57:26,195 - INFO - 3266개의 질문을 로드했습니다.
2025-12-05 04:57:26,196 - INFO - 부하 테스트 시작, client 수 = 1000
2025-12-05 04:57:42,157 - INFO - [실시간] 요청 1000개 처리 | 현재까지의 RPS: 62.65최근 1000개 request의 p99 TTFT: 2.0056 초 | 
2025-12-05 04:57:51,854 - INFO - [실시간] 요청 2000개 처리 | 현재까지의 RPS: 77.95최근 1000개 request의 p99 TTFT: 2.5597 초 | 
2025-12-05 04:58:03,131 - INFO - [실시간] 요청 3000개 처리 | 현재까지의 RPS: 81.22최근 1000개 request의 p99 TTFT: 3.6234 초 | 
2025-12-05 04:58:13,949 - INFO - [실시간] 요청 4000개 처리 | 현재까지의 RPS: 83.76최근 1000개 request의 p99 TTFT: 1.9257 초 | 
2025-12-05 04:58:25,372 - INFO - [실시간] 요청 5000개 처리 | 현재까지의 RPS: 84.49최근 1000개 request의 p99 TTFT: 1.1508 초 | 
2025-12-05 04:58:36,611 - INFO - [실시간] 요청 6000개 처리 | 현재까지의 RPS: 85.21최근 1000개 request의 p99 TTFT: 0.8090 초 | 
2025-12-05 04:58:47,766 - INFO - [실시간] 요청 7000개 처리 | 현재까지의 RPS: 85.82최근 1000개 request의 p99 TTFT: 0.3015 초 | 
2025-12-05 04:58:58,261 - INFO - [실시간] 요청 8000개 처리 | 현재까지의 RPS: 86.90최근 1000개 request의 p99 TTFT: 0.2043 초 | 
2025-12-05 04:59:09,292 - INFO - [실시간] 요청 9000개 처리 | 현재까지의 RPS: 87.30최근 1000개 request의 p99 TTFT: 0.1816 초 | 
2025-12-05 04:59:20,164 - INFO - [실시간] 요청 10000개 처리 | 현재까지의 RPS: 87.74최근 1000개 request의 p99 TTFT: 1.0607 초 | 
2025-12-05 04:59:30,792 - INFO - [실시간] 요청 11000개 처리 | 현재까지의 RPS: 88.29최근 1000개 request의 p99 TTFT: 0.3776 초 | 
2025-12-05 04:59:41,378 - INFO - [실시간] 요청 12000개 처리 | 현재까지의 RPS: 88.77최근 1000개 request의 p99 TTFT: 1.1093 초 | 
2025-12-05 04:59:52,312 - INFO - [실시간] 요청 13000개 처리 | 현재까지의 RPS: 88.97최근 1000개 request의 p99 TTFT: 0.1817 초 | 
2025-12-05 05:00:03,356 - INFO - [실시간] 요청 14000개 처리 | 현재까지의 RPS: 89.08최근 1000개 request의 p99 TTFT: 0.6368 초 | 
2025-12-05 05:00:14,376 - INFO - [실시간] 요청 15000개 처리 | 현재까지의 RPS: 89.19최근 1000개 request의 p99 TTFT: 0.1723 초 | 
2025-12-05 05:00:25,377 - INFO - [실시간] 요청 16000개 처리 | 현재까지의 RPS: 89.30최근 1000개 request의 p99 TTFT: 0.1736 초 | 
2025-12-05 05:00:35,811 - INFO - [실시간] 요청 17000개 처리 | 현재까지의 RPS: 89.66최근 1000개 request의 p99 TTFT: 0.1914 초 | 
2025-12-05 05:00:46,643 - INFO - [실시간] 요청 18000개 처리 | 현재까지의 RPS: 89.80최근 1000개 request의 p99 TTFT: 0.1750 초 | 
2025-12-05 05:00:57,319 - INFO - [실시간] 요청 19000개 처리 | 현재까지의 RPS: 89.99최근 1000개 request의 p99 TTFT: 0.1783 초 | 
2025-12-05 05:01:08,350 - INFO - [실시간] 요청 20000개 처리 | 현재까지의 RPS: 90.03최근 1000개 request의 p99 TTFT: 0.1743 초 | 
2025-12-05 05:01:18,981 - INFO - [실시간] 요청 21000개 처리 | 현재까지의 RPS: 90.21최근 1000개 request의 p99 TTFT: 0.1745 초 | 
2025-12-05 05:01:29,238 - INFO - [실시간] 요청 22000개 처리 | 현재까지의 RPS: 90.52최근 1000개 request의 p99 TTFT: 0.1732 초 | 
2025-12-05 05:01:40,094 - INFO - [실시간] 요청 23000개 처리 | 현재까지의 RPS: 90.59최근 1000개 request의 p99 TTFT: 0.1795 초 | 
2025-12-05 05:01:50,743 - INFO - [실시간] 요청 24000개 처리 | 현재까지의 RPS: 90.72최근 1000개 request의 p99 TTFT: 0.1732 초 | 
2025-12-05 05:02:01,196 - INFO - [실시간] 요청 25000개 처리 | 현재까지의 RPS: 90.91최근 1000개 request의 p99 TTFT: 0.1699 초 | 
2025-12-05 05:02:11,908 - INFO - [실시간] 요청 26000개 처리 | 현재까지의 RPS: 91.00최근 1000개 request의 p99 TTFT: 0.1772 초 | 
2025-12-05 05:02:22,811 - INFO - [실시간] 요청 27000개 처리 | 현재까지의 RPS: 91.03최근 1000개 request의 p99 TTFT: 0.1772 초 | 
2025-12-05 05:02:33,095 - INFO - [실시간] 요청 28000개 처리 | 현재까지의 RPS: 91.24최근 1000개 request의 p99 TTFT: 0.1774 초 | 
2025-12-05 05:02:44,310 - INFO - [실시간] 요청 29000개 처리 | 현재까지의 RPS: 91.16최근 1000개 request의 p99 TTFT: 0.1734 초 | 
2025-12-05 05:02:55,127 - INFO - [실시간] 요청 30000개 처리 | 현재까지의 RPS: 91.20최근 1000개 request의 p99 TTFT: 0.1755 초 | 
통계에 반영된 요청 인덱스 범위: 1000 ~ 30173 (총 29173개 요청)
statistics_end_time이 설정되지 않았습니다.
통계 반영된 요청 수: 29173, 통계 반영된 시간: 350.86 초

==================================================
 실험 최종 결과 요약
==================================================
 설정 실험 시간: 330 초
 Clients 수: 1000
 통계 반영 시간: 350.86 초
 총 시도된 요청: 29189 개
 총 완료된 요청: 29173 개
 총 실패한 요청: 16 개
 완료 요청 중 retrieval이 실패한 요청: -1000 개
 요청 성공률: 99.95%
 전체 Requests Per Second (RPS): 83.15
--------------------------------------------------
 Time to First Token (TTFT) Latency:
  - 평균 (Mean): 0.1324 초
  - 중간값 (50%ile): 0.0879 초
  - 최소값 (Min): 0.0199 초
  - 최대값 (Max): 4.3034 초
  - 95%ile Tail: 0.2081 초
  - 99%ile Tail: 1.4088 초
--------------------------------------------------
 Time Per Output Token (TPOT):
  - 평균 (Mean): 16.66 ms/token
--------------------------------------------------
 Embedding Latency:
  - 총 샘플 수: 29173
  - 평균 (Mean): 7.56 ms
  - 중간값 (50%ile): 7.00 ms
  - 95%ile Tail: 10.00 ms
  - 99%ile Tail: 12.00 ms
--------------------------------------------------
 VectorDB Search Latency:
  - 총 샘플 수: 29173
  - 평균 (Mean): 55.18 ms
  - 중간값 (50%ile): 10.00 ms
  - 95%ile Tail: 79.00 ms
  - 99%ile Tail: 1329.68 ms
--------------------------------------------------
 Document Search Latency:
  - 총 샘플 수: 29173
  - 평균 (Mean): 7.34 ms
  - 중간값 (50%ile): 7.00 ms
  - 95%ile Tail: 11.00 ms
  - 99%ile Tail: 17.00 ms
--------------------------------------------------
 Total Retrieval Latency:
  - 총 샘플 수: 29173
  - 평균 (Mean): 70.11 ms
  - 중간값 (50%ile): 25.00 ms
  - 95%ile Tail: 97.00 ms
  - 99%ile Tail: 1352.40 ms
==================================================
