2025-12-05 03:56:42,636 - INFO - ReqGen 시작: 서버=163.152.48.109:9000, 클라이언트=2, 시간=330초
2025-12-05 03:56:42,636 - INFO - Hugging Face에서 'kroshan/BioASQ' 데이터셋을 로드합니다...
2025-12-05 03:56:48,222 - INFO - 3266개의 질문을 로드했습니다.
2025-12-05 03:56:48,222 - INFO - 부하 테스트 시작, client 수 = 2
2025-12-05 03:56:48,222 - INFO - 클라이언트 0 시작
2025-12-05 03:56:48,222 - INFO - 클라이언트 1 시작
2025-12-05 03:56:48,222 - INFO - 클라이언트 0 요청: 질문 인덱스 56
2025-12-05 03:56:58,231 - INFO - 클라이언트 1 요청: 질문 인덱스 1860
2025-12-05 03:57:01,519 - INFO - 클라이언트 0 요청: 질문 인덱스 829
2025-12-05 03:57:03,093 - INFO - 클라이언트 1 요청: 질문 인덱스 2688
2025-12-05 03:57:06,707 - INFO - 클라이언트 0 요청: 질문 인덱스 2519
2025-12-05 03:57:07,814 - INFO - 클라이언트 1 요청: 질문 인덱스 1921
2025-12-05 03:57:18,852 - INFO - 클라이언트 0 요청: 질문 인덱스 1317
2025-12-05 03:57:23,910 - INFO - 클라이언트 1 요청: 질문 인덱스 2385
2025-12-05 03:57:27,910 - INFO - 클라이언트 0 요청: 질문 인덱스 1663
2025-12-05 03:57:32,659 - INFO - 클라이언트 1 요청: 질문 인덱스 648
2025-12-05 03:57:38,890 - INFO - 클라이언트 1 요청: 질문 인덱스 338
2025-12-05 03:57:40,973 - INFO - 클라이언트 0 요청: 질문 인덱스 450
2025-12-05 03:57:43,042 - INFO - 클라이언트 1 요청: 질문 인덱스 1294
2025-12-05 03:57:45,323 - INFO - 클라이언트 1 요청: 질문 인덱스 1663
2025-12-05 03:57:51,373 - INFO - 클라이언트 0 요청: 질문 인덱스 3103
2025-12-05 03:58:03,727 - INFO - 클라이언트 1 요청: 질문 인덱스 2148
2025-12-05 03:58:06,043 - INFO - 클라이언트 0 요청: 질문 인덱스 3089
2025-12-05 03:58:22,376 - INFO - 클라이언트 1 요청: 질문 인덱스 1861
2025-12-05 03:58:24,222 - INFO - 클라이언트 0 요청: 질문 인덱스 2349
2025-12-05 03:58:30,456 - INFO - 클라이언트 1 요청: 질문 인덱스 2270
2025-12-05 03:58:39,878 - INFO - 클라이언트 0 요청: 질문 인덱스 3138
2025-12-05 03:58:43,915 - INFO - 클라이언트 1 요청: 질문 인덱스 964
2025-12-05 03:58:57,175 - INFO - 클라이언트 0 요청: 질문 인덱스 1131
2025-12-05 03:58:59,054 - INFO - 클라이언트 0 요청: 질문 인덱스 524
2025-12-05 03:58:59,743 - INFO - 클라이언트 1 요청: 질문 인덱스 2886
2025-12-05 03:59:00,512 - INFO - 클라이언트 1 요청: 질문 인덱스 2090
2025-12-05 03:59:10,247 - INFO - 클라이언트 0 요청: 질문 인덱스 2201
2025-12-05 03:59:20,023 - INFO - 클라이언트 1 요청: 질문 인덱스 2369
2025-12-05 03:59:23,292 - INFO - 클라이언트 0 요청: 질문 인덱스 587
2025-12-05 03:59:24,406 - INFO - 클라이언트 1 요청: 질문 인덱스 3254
2025-12-05 03:59:34,406 - INFO - 클라이언트 1 요청: 질문 인덱스 120
Traceback (most recent call last):
  File "/home/comsys/sungsu/CXLSharedMemGPU/ReqGen/main.py", line 418, in <module>
    main()
  File "/home/comsys/sungsu/CXLSharedMemGPU/ReqGen/main.py", line 415, in main
    asyncio.run(reqgen.run())
  File "/usr/lib/python3.10/asyncio/runners.py", line 44, in run
    return loop.run_until_complete(main)
  File "/usr/lib/python3.10/asyncio/base_events.py", line 636, in run_until_complete
    self.run_forever()
  File "/usr/lib/python3.10/asyncio/base_events.py", line 603, in run_forever
    self._run_once()
  File "/usr/lib/python3.10/asyncio/base_events.py", line 1871, in _run_once
    event_list = self._selector.select(timeout)
  File "/usr/lib/python3.10/selectors.py", line 469, in select
    fd_event_list = self._selector.poll(timeout, max_ev)
KeyboardInterrupt
