2025-11-21 10:13:27,515 - INFO - ReqGen 시작: 서버=163.152.48.109:9000, 클라이언트=2, 시간=330초
2025-11-21 10:13:27,516 - INFO - Hugging Face에서 'kroshan/BioASQ' 데이터셋을 로드합니다...
2025-11-21 10:13:33,342 - INFO - 3266개의 질문을 로드했습니다.
2025-11-21 10:13:33,342 - INFO - 부하 테스트 시작, client 수 = 2
통계에 반영된 요청 인덱스 범위: 0 ~ 503 (총 503개 요청)
statistics_start_time이 설정되지 않았습니다.
statistics_end_time이 설정되지 않았습니다.
통계 반영된 요청 수: 503, 통계 반영된 시간: 330.48 초

==================================================
 실험 최종 결과 요약
==================================================
 설정 실험 시간: 330 초
 Clients 수: 2
 통계 반영 시간: 330.48 초
 총 시도된 요청: 503 개
 총 완료된 요청: 503 개
 총 실패한 요청: 0 개
 완료 요청 중 retrieval이 실패한 요청: 0 개
 요청 성공률: 100.00%
 전체 Requests Per Second (RPS): 1.52
--------------------------------------------------
 Time to First Token (TTFT) Latency:
  - 평균 (Mean): 0.1308 초
  - 중간값 (50%ile): 0.1180 초
  - 최소값 (Min): 0.0231 초
  - 최대값 (Max): 0.3897 초
  - 95%ile Tail: 0.2858 초
  - 99%ile Tail: 0.3338 초
--------------------------------------------------
 Time Per Output Token (TPOT):
  - 평균 (Mean): 17.07 ms/token
--------------------------------------------------
 Embedding Latency:
  - 총 샘플 수: 312
  - 평균 (Mean): 6.07 ms
  - 중간값 (50%ile): 6.00 ms
  - 95%ile Tail: 8.00 ms
  - 99%ile Tail: 10.89 ms
--------------------------------------------------
 VectorDB Search Latency:
  - 총 샘플 수: 312
  - 평균 (Mean): 43.00 ms
  - 중간값 (50%ile): 11.00 ms
  - 95%ile Tail: 156.45 ms
  - 99%ile Tail: 197.90 ms
--------------------------------------------------
 Document Search Latency:
  - 총 샘플 수: 312
  - 평균 (Mean): 5.86 ms
  - 중간값 (50%ile): 6.00 ms
  - 95%ile Tail: 8.00 ms
  - 99%ile Tail: 8.00 ms
--------------------------------------------------
 Total Retrieval Latency:
  - 총 샘플 수: 503
  - 평균 (Mean): 61.91 ms
  - 중간값 (50%ile): 25.00 ms
  - 95%ile Tail: 177.70 ms
  - 99%ile Tail: 226.80 ms
==================================================
