2025-10-02 02:26:44,432 - INFO - ReqGen 시작: 서버=163.152.48.109:9000, 클라이언트=2, 시간=330초
2025-10-02 02:26:44,433 - INFO - Hugging Face에서 'kroshan/BioASQ' 데이터셋을 로드합니다...
2025-10-02 02:26:52,563 - INFO - 3266개의 질문을 로드했습니다.
2025-10-02 02:26:52,564 - INFO - 부하 테스트 시작, client 수 = 2
2025-10-02 02:26:52,565 - INFO - Zipf 값 1.2에서 상위 20%의 질문이 차지하는 비율: 91.82%
통계에 반영된 요청 인덱스 범위: 0 ~ 45 (총 45개 요청)
통계 반영된 요청 수: 45, 통계 반영된 시간: 348.90 초

==================================================
 실험 최종 결과 요약
==================================================
 설정 실험 시간: 330 초
 Clients 수: 2
 통계 반영 시간: 348.90 초
 총 시도된 요청: 45 개
 총 완료된 요청: 45 개
 총 실패한 요청: 0 개
 완료 요청 중 retrieval이 실패한 요청: 6 개
 요청 성공률: 100.00%
 전체 Requests Per Second (RPS): 0.13
--------------------------------------------------
 Time to First Token (TTFT) Latency:
  - 평균 (Mean): 4.2205 초
  - 중간값 (50%ile): 0.1128 초
  - 최소값 (Min): 0.0532 초
  - 최대값 (Max): 30.9994 초
  - 95%ile Tail: 30.7944 초
  - 99%ile Tail: 30.9992 초
--------------------------------------------------
 Time Per Output Token (TPOT):
  - 평균 (Mean): 16.68 ms/token
--------------------------------------------------
 Embedding Latency:
  - 총 샘플 수: 33
  - 평균 (Mean): 13.39 ms
  - 중간값 (50%ile): 12.00 ms
  - 95%ile Tail: 22.40 ms
  - 99%ile Tail: 25.04 ms
--------------------------------------------------
 VectorDB Search Latency:
  - 총 샘플 수: 30
  - 평균 (Mean): 58.80 ms
  - 중간값 (50%ile): 9.50 ms
  - 95%ile Tail: 394.20 ms
  - 99%ile Tail: 459.21 ms
--------------------------------------------------
 Document Search Latency:
  - 총 샘플 수: 30
  - 평균 (Mean): 8.83 ms
  - 중간값 (50%ile): 8.00 ms
  - 95%ile Tail: 18.15 ms
  - 99%ile Tail: 24.71 ms
--------------------------------------------------
 Total Retrieval Latency:
  - 총 샘플 수: 39
  - 평균 (Mean): 69.74 ms
  - 중간값 (50%ile): 31.00 ms
  - 95%ile Tail: 383.40 ms
  - 99%ile Tail: 472.00 ms
==================================================
