2025-11-20 21:28:21,383 - INFO - ReqGen 시작: 서버=163.152.48.109:9000, 클라이언트=2, 시간=330초
2025-11-20 21:28:21,383 - INFO - Hugging Face에서 'kroshan/BioASQ' 데이터셋을 로드합니다...
2025-11-20 21:28:28,327 - INFO - 3266개의 질문을 로드했습니다.
2025-11-20 21:28:28,327 - INFO - 부하 테스트 시작, client 수 = 2
2025-11-20 21:28:28,327 - INFO - Zipf 값 1.2에서 상위 20%의 질문이 차지하는 비율: 91.82%
통계에 반영된 요청 인덱스 범위: 0 ~ 9 (총 9개 요청)
statistics_start_time이 설정되지 않았습니다.
statistics_end_time이 설정되지 않았습니다.
통계 반영된 요청 수: 9, 통계 반영된 시간: 361.12 초

==================================================
 실험 최종 결과 요약
==================================================
 설정 실험 시간: 330 초
 Clients 수: 2
 통계 반영 시간: 361.12 초
 총 시도된 요청: 18 개
 총 완료된 요청: 9 개
 총 실패한 요청: 9 개
 완료 요청 중 retrieval이 실패한 요청: 0 개
 요청 성공률: 50.00%
 전체 Requests Per Second (RPS): 0.02
--------------------------------------------------
 Time to First Token (TTFT) Latency:
  - 평균 (Mean): 0.1027 초
  - 중간값 (50%ile): 0.1185 초
  - 최소값 (Min): 0.0327 초
  - 최대값 (Max): 0.1672 초
  - 95%ile Tail: 0.1579 초
  - 99%ile Tail: 0.1653 초
--------------------------------------------------
 Time Per Output Token (TPOT):
  - 평균 (Mean): 17.03 ms/token
--------------------------------------------------
 Embedding Latency:
  - 총 샘플 수: 5
  - 평균 (Mean): 12.60 ms
  - 중간값 (50%ile): 11.00 ms
  - 95%ile Tail: 17.80 ms
  - 99%ile Tail: 18.76 ms
--------------------------------------------------
 VectorDB Search Latency:
  - 총 샘플 수: 5
  - 평균 (Mean): 11.80 ms
  - 중간값 (50%ile): 11.00 ms
  - 95%ile Tail: 14.00 ms
  - 99%ile Tail: 14.00 ms
--------------------------------------------------
 Document Search Latency:
  - 총 샘플 수: 5
  - 평균 (Mean): 10.40 ms
  - 중간값 (50%ile): 8.00 ms
  - 95%ile Tail: 14.80 ms
  - 99%ile Tail: 14.96 ms
--------------------------------------------------
 Total Retrieval Latency:
  - 총 샘플 수: 9
  - 평균 (Mean): 36.89 ms
  - 중간값 (50%ile): 38.00 ms
  - 95%ile Tail: 49.20 ms
  - 99%ile Tail: 53.04 ms
==================================================
