2025-10-01 16:40:16,995 - INFO - ReqGen 시작: 서버=163.152.48.109:9000, 클라이언트=8000, 시간=60초
2025-10-01 16:40:16,995 - INFO - Hugging Face에서 'kroshan/BioASQ' 데이터셋을 로드합니다...
2025-10-01 16:40:24,020 - INFO - 3266개의 질문을 로드했습니다.
2025-10-01 16:40:24,021 - INFO - 부하 테스트 시작, client 수 = 8000
2025-10-01 16:40:24,022 - INFO - Zipf 값 1.05에서 상위 20%의 질문이 차지하는 비율: 84.55%
2025-10-01 16:40:26,663 - INFO - [실시간] 요청 1000개 처리 | 현재까지의 RPS: 378.58최근 1000개 request의 p99 TTFT: 1.2232 초 | 
2025-10-01 16:40:28,012 - INFO - [실시간] 요청 2000개 처리 | 현재까지의 RPS: 501.18최근 1000개 request의 p99 TTFT: 2.1141 초 | 
2025-10-01 16:40:28,012 - WARNING - 최근 1000개의 p99 TTFT 2.1141 초가 SLO 2.0 초를 초과했습니다. 부하 테스트를 조기 종료합니다.
2025-10-01 16:40:29,362 - INFO - [실시간] 요청 3000개 처리 | 현재까지의 RPS: 561.77최근 1000개 request의 p99 TTFT: 2.6612 초 | 
2025-10-01 16:40:30,585 - INFO - [실시간] 요청 4000개 처리 | 현재까지의 RPS: 609.43최근 1000개 request의 p99 TTFT: 2.9786 초 | 
2025-10-01 16:40:31,923 - INFO - [실시간] 요청 5000개 처리 | 현재까지의 RPS: 632.82최근 1000개 request의 p99 TTFT: 2.9911 초 | 
2025-10-01 16:40:33,395 - INFO - [실시간] 요청 6000개 처리 | 현재까지의 RPS: 640.08최근 1000개 request의 p99 TTFT: 3.9993 초 | 
2025-10-01 16:40:34,673 - INFO - [실시간] 요청 7000개 처리 | 현재까지의 RPS: 657.21최근 1000개 request의 p99 TTFT: 4.4803 초 | 
2025-10-01 16:40:36,437 - INFO - [실시간] 요청 8000개 처리 | 현재까지의 RPS: 644.35최근 1000개 request의 p99 TTFT: 4.6701 초 | 
Traceback (most recent call last):
  File "/home/cloud_cxl/CXLSharedMemGPU/ReqGen/main.py", line 380, in <module>
    main()
  File "/home/cloud_cxl/CXLSharedMemGPU/ReqGen/main.py", line 377, in main
    asyncio.run(reqgen.run())
  File "/usr/lib/python3.10/asyncio/runners.py", line 44, in run
    return loop.run_until_complete(main)
  File "/usr/lib/python3.10/asyncio/base_events.py", line 636, in run_until_complete
    self.run_forever()
  File "/usr/lib/python3.10/asyncio/base_events.py", line 603, in run_forever
    self._run_once()
  File "/usr/lib/python3.10/asyncio/base_events.py", line 1871, in _run_once
    event_list = self._selector.select(timeout)
  File "/usr/lib/python3.10/selectors.py", line 469, in select
    fd_event_list = self._selector.poll(timeout, max_ev)
KeyboardInterrupt
