2025-12-05 00:37:25,199 - INFO - ReqGen 시작: 서버=163.152.48.109:9000, 클라이언트=1, 시간=330초
2025-12-05 00:37:25,199 - INFO - Hugging Face에서 'kroshan/BioASQ' 데이터셋을 로드합니다...
2025-12-05 00:37:31,267 - INFO - 3266개의 질문을 로드했습니다.
2025-12-05 00:37:31,267 - INFO - 부하 테스트 시작, client 수 = 1
2025-12-05 00:37:31,267 - INFO - 클라이언트 0 시작
2025-12-05 00:37:31,267 - INFO - 클라이언트 0 요청: 질문 인덱스 615
2025-12-05 00:37:41,619 - INFO - 클라이언트 0 요청: 질문 인덱스 828
2025-12-05 00:37:55,490 - INFO - 클라이언트 0 요청: 질문 인덱스 3061
2025-12-05 00:37:57,390 - INFO - 클라이언트 0 요청: 질문 인덱스 3080
2025-12-05 00:38:15,329 - INFO - 클라이언트 0 요청: 질문 인덱스 1947
2025-12-05 00:38:22,004 - INFO - 클라이언트 0 요청: 질문 인덱스 394
2025-12-05 00:38:37,875 - INFO - 클라이언트 0 요청: 질문 인덱스 858
2025-12-05 00:38:51,494 - INFO - 클라이언트 0 요청: 질문 인덱스 942
2025-12-05 00:38:59,069 - INFO - 클라이언트 0 요청: 질문 인덱스 603
2025-12-05 00:39:15,717 - INFO - 클라이언트 0 요청: 질문 인덱스 2410
2025-12-05 00:39:32,621 - INFO - 클라이언트 0 요청: 질문 인덱스 2802
2025-12-05 00:39:34,552 - INFO - 클라이언트 0 요청: 질문 인덱스 1446
2025-12-05 00:39:45,171 - INFO - 클라이언트 0 요청: 질문 인덱스 372
2025-12-05 00:39:57,599 - INFO - 클라이언트 0 요청: 질문 인덱스 1029
2025-12-05 00:39:59,614 - INFO - 클라이언트 0 요청: 질문 인덱스 1309
2025-12-05 00:40:13,270 - INFO - 클라이언트 0 요청: 질문 인덱스 1114
2025-12-05 00:40:19,621 - INFO - 클라이언트 0 요청: 질문 인덱스 2374
2025-12-05 00:40:32,491 - INFO - 클라이언트 0 요청: 질문 인덱스 1848
2025-12-05 00:40:39,852 - INFO - 클라이언트 0 요청: 질문 인덱스 2769
2025-12-05 00:40:46,379 - INFO - 클라이언트 0 요청: 질문 인덱스 1978
2025-12-05 00:41:02,461 - INFO - 클라이언트 0 요청: 질문 인덱스 2147
2025-12-05 00:41:16,437 - INFO - 클라이언트 0 요청: 질문 인덱스 2313
2025-12-05 00:41:23,323 - INFO - 클라이언트 0 요청: 질문 인덱스 1435
2025-12-05 00:41:42,378 - INFO - 클라이언트 0 요청: 질문 인덱스 1917
2025-12-05 00:41:51,342 - INFO - 클라이언트 0 요청: 질문 인덱스 1839
2025-12-05 00:41:59,377 - INFO - 클라이언트 0 요청: 질문 인덱스 1891
2025-12-05 00:42:16,573 - INFO - 클라이언트 0 요청: 질문 인덱스 1240
2025-12-05 00:42:30,918 - INFO - 클라이언트 0 요청: 질문 인덱스 1442
2025-12-05 00:42:41,750 - INFO - 클라이언트 0 요청: 질문 인덱스 3120
2025-12-05 00:42:42,744 - INFO - 클라이언트 0 요청: 질문 인덱스 2529
2025-12-05 00:43:00,710 - INFO - 클라이언트 0 요청: 질문 인덱스 2678
통계에 반영된 요청 인덱스 범위: 0 ~ 31 (총 31개 요청)
statistics_start_time이 설정되지 않았습니다.
statistics_end_time이 설정되지 않았습니다.
통계 반영된 요청 수: 31, 통계 반영된 시간: 343.92 초

==================================================
 실험 최종 결과 요약
==================================================
 설정 실험 시간: 330 초
 Clients 수: 1
 통계 반영 시간: 343.92 초
 총 시도된 요청: 31 개
 총 완료된 요청: 31 개
 총 실패한 요청: 0 개
 완료 요청 중 retrieval이 실패한 요청: 0 개
 요청 성공률: 100.00%
 전체 Requests Per Second (RPS): 0.09
--------------------------------------------------
 Time to First Token (TTFT) Latency:
  - 평균 (Mean): 1.3332 초
  - 중간값 (50%ile): 1.3202 초
  - 최소값 (Min): 0.0815 초
  - 최대값 (Max): 2.5110 초
  - 95%ile Tail: 2.2401 초
  - 99%ile Tail: 2.5048 초
--------------------------------------------------
 Time Per Output Token (TPOT):
  - 평균 (Mean): 16.46 ms/token
--------------------------------------------------
 Embedding Latency:
  - 총 샘플 수: 31
  - 평균 (Mean): 12.94 ms
  - 중간값 (50%ile): 11.00 ms
  - 95%ile Tail: 20.00 ms
  - 99%ile Tail: 21.70 ms
--------------------------------------------------
 VectorDB Search Latency:
  - 총 샘플 수: 31
  - 평균 (Mean): 1240.74 ms
  - 중간값 (50%ile): 1183.00 ms
  - 95%ile Tail: 2153.50 ms
  - 99%ile Tail: 2397.00 ms
--------------------------------------------------
 Document Search Latency:
  - 총 샘플 수: 31
  - 평균 (Mean): 9.90 ms
  - 중간값 (50%ile): 9.00 ms
  - 95%ile Tail: 20.50 ms
  - 99%ile Tail: 21.00 ms
--------------------------------------------------
 Total Retrieval Latency:
  - 총 샘플 수: 31
  - 평균 (Mean): 1263.58 ms
  - 중간값 (50%ile): 1201.00 ms
  - 95%ile Tail: 2174.00 ms
  - 99%ile Tail: 2416.30 ms
==================================================
