2025-11-17 23:12:43,552 - INFO - ReqGen 시작: 서버=163.152.48.109:9000, 클라이언트=1400, 시간=330초
2025-11-17 23:12:43,553 - INFO - Hugging Face에서 'kroshan/BioASQ' 데이터셋을 로드합니다...
2025-11-17 23:12:49,146 - INFO - 3266개의 질문을 로드했습니다.
2025-11-17 23:12:49,147 - INFO - 부하 테스트 시작, client 수 = 1400
2025-11-17 23:12:49,147 - INFO - Zipf 값 1.2에서 상위 20%의 질문이 차지하는 비율: 91.82%
2025-11-17 23:13:04,851 - INFO - [실시간] 요청 1000개 처리 | 현재까지의 RPS: 63.68최근 1000개 request의 p99 TTFT: 0.1847 초 | 
2025-11-17 23:13:15,900 - INFO - [실시간] 요청 2000개 처리 | 현재까지의 RPS: 74.76최근 1000개 request의 p99 TTFT: 0.2797 초 | 
2025-11-17 23:13:27,708 - INFO - [실시간] 요청 3000개 처리 | 현재까지의 RPS: 77.80최근 1000개 request의 p99 TTFT: 0.2059 초 | 
2025-11-17 23:13:39,672 - INFO - [실시간] 요청 4000개 처리 | 현재까지의 RPS: 79.17최근 1000개 request의 p99 TTFT: 0.1911 초 | 
2025-11-17 23:13:51,665 - INFO - [실시간] 요청 5000개 처리 | 현재까지의 RPS: 79.98최근 1000개 request의 p99 TTFT: 0.2069 초 | 
2025-11-17 23:14:01,182 - INFO - [실시간] 요청 6000개 처리 | 현재까지의 RPS: 83.29최근 1000개 request의 p99 TTFT: 0.2320 초 | 
2025-11-17 23:14:10,180 - INFO - [실시간] 요청 7000개 처리 | 현재까지의 RPS: 86.39최근 1000개 request의 p99 TTFT: 0.2943 초 | 
2025-11-17 23:14:19,135 - INFO - [실시간] 요청 8000개 처리 | 현재까지의 RPS: 88.90최근 1000개 request의 p99 TTFT: 0.2845 초 | 
2025-11-17 23:14:28,172 - INFO - [실시간] 요청 9000개 처리 | 현재까지의 RPS: 90.89최근 1000개 request의 p99 TTFT: 0.2198 초 | 
2025-11-17 23:14:37,090 - INFO - [실시간] 요청 10000개 처리 | 현재까지의 RPS: 92.64최근 1000개 request의 p99 TTFT: 0.2237 초 | 
2025-11-17 23:14:46,528 - INFO - [실시간] 요청 11000개 처리 | 현재까지의 RPS: 93.71최근 1000개 request의 p99 TTFT: 0.2369 초 | 
2025-11-17 23:14:55,619 - INFO - [실시간] 요청 12000개 처리 | 현재까지의 RPS: 94.88최근 1000개 request의 p99 TTFT: 0.2687 초 | 
2025-11-17 23:15:04,272 - INFO - [실시간] 요청 13000개 처리 | 현재까지의 RPS: 96.21최근 1000개 request의 p99 TTFT: 0.2698 초 | 
2025-11-17 23:15:12,964 - INFO - [실시간] 요청 14000개 처리 | 현재까지의 RPS: 97.35최근 1000개 request의 p99 TTFT: 0.2833 초 | 
2025-11-17 23:15:21,595 - INFO - [실시간] 요청 15000개 처리 | 현재까지의 RPS: 98.39최근 1000개 request의 p99 TTFT: 0.2513 초 | 
2025-11-17 23:15:30,262 - INFO - [실시간] 요청 16000개 처리 | 현재까지의 RPS: 99.31최근 1000개 request의 p99 TTFT: 0.3862 초 | 
2025-11-17 23:15:38,885 - INFO - [실시간] 요청 17000개 처리 | 현재까지의 RPS: 100.15최근 1000개 request의 p99 TTFT: 0.2449 초 | 
2025-11-17 23:15:47,581 - INFO - [실시간] 요청 18000개 처리 | 현재까지의 RPS: 100.88최근 1000개 request의 p99 TTFT: 0.2844 초 | 
2025-11-17 23:15:56,264 - INFO - [실시간] 요청 19000개 처리 | 현재까지의 RPS: 101.54최근 1000개 request의 p99 TTFT: 0.2666 초 | 
2025-11-17 23:16:04,721 - INFO - [실시간] 요청 20000개 처리 | 현재까지의 RPS: 102.26최근 1000개 request의 p99 TTFT: 0.2359 초 | 
2025-11-17 23:16:13,322 - INFO - [실시간] 요청 21000개 처리 | 현재까지의 RPS: 102.85최근 1000개 request의 p99 TTFT: 0.3218 초 | 
2025-11-17 23:16:21,537 - INFO - [실시간] 요청 22000개 처리 | 현재까지의 RPS: 103.58최근 1000개 request의 p99 TTFT: 0.3230 초 | 
2025-11-17 23:16:29,956 - INFO - [실시간] 요청 23000개 처리 | 현재까지의 RPS: 104.16최근 1000개 request의 p99 TTFT: 0.3129 초 | 
2025-11-17 23:16:38,405 - INFO - [실시간] 요청 24000개 처리 | 현재까지의 RPS: 104.69최근 1000개 request의 p99 TTFT: 0.3073 초 | 
2025-11-17 23:16:46,317 - INFO - [실시간] 요청 25000개 처리 | 현재까지의 RPS: 105.41최근 1000개 request의 p99 TTFT: 0.3370 초 | 
2025-11-17 23:16:54,712 - INFO - [실시간] 요청 26000개 처리 | 현재까지의 RPS: 105.88최근 1000개 request의 p99 TTFT: 0.2851 초 | 
2025-11-17 23:17:03,311 - INFO - [실시간] 요청 27000개 처리 | 현재까지의 RPS: 106.23최근 1000개 request의 p99 TTFT: 0.4357 초 | 
2025-11-17 23:17:11,541 - INFO - [실시간] 요청 28000개 처리 | 현재까지의 RPS: 106.71최근 1000개 request의 p99 TTFT: 0.3759 초 | 
2025-11-17 23:17:19,724 - INFO - [실시간] 요청 29000개 처리 | 현재까지의 RPS: 107.18최근 1000개 request의 p99 TTFT: 0.3007 초 | 
2025-11-17 23:17:27,672 - INFO - [실시간] 요청 30000개 처리 | 현재까지의 RPS: 107.71최근 1000개 request의 p99 TTFT: 0.3951 초 | 
2025-11-17 23:17:36,292 - INFO - [실시간] 요청 31000개 처리 | 현재까지의 RPS: 107.96최근 1000개 request의 p99 TTFT: 0.3223 초 | 
2025-11-17 23:17:44,271 - INFO - [실시간] 요청 32000개 처리 | 현재까지의 RPS: 108.43최근 1000개 request의 p99 TTFT: 0.4092 초 | 
2025-11-17 23:17:52,592 - INFO - [실시간] 요청 33000개 처리 | 현재까지의 RPS: 108.75최근 1000개 request의 p99 TTFT: 0.2838 초 | 
2025-11-17 23:18:00,692 - INFO - [실시간] 요청 34000개 처리 | 현재까지의 RPS: 109.13최근 1000개 request의 p99 TTFT: 0.5189 초 | 
2025-11-17 23:18:09,062 - INFO - [실시간] 요청 35000개 처리 | 현재까지의 RPS: 109.40최근 1000개 request의 p99 TTFT: 0.3045 초 | 
2025-11-17 23:18:17,271 - INFO - [실시간] 요청 36000개 처리 | 현재까지의 RPS: 109.71최근 1000개 request의 p99 TTFT: 0.2976 초 | 
통계에 반영된 요청 인덱스 범위: 0 ~ 36368 (총 36368개 요청)
통계 반영된 요청 수: 36368, 통계 반영된 시간: 389.67 초

==================================================
 실험 최종 결과 요약
==================================================
 설정 실험 시간: 330 초
 Clients 수: 1400
 통계 반영 시간: 389.67 초
 총 시도된 요청: 37460 개
 총 완료된 요청: 36368 개
 총 실패한 요청: 1092 개
 완료 요청 중 retrieval이 실패한 요청: 0 개
 요청 성공률: 97.08%
 전체 Requests Per Second (RPS): 93.33
--------------------------------------------------
 Time to First Token (TTFT) Latency:
  - 평균 (Mean): 0.1256 초
  - 중간값 (50%ile): 0.1141 초
  - 최소값 (Min): 0.0256 초
  - 최대값 (Max): 0.7460 초
  - 95%ile Tail: 0.2370 초
  - 99%ile Tail: 0.3185 초
--------------------------------------------------
 Time Per Output Token (TPOT):
  - 평균 (Mean): 16.68 ms/token
--------------------------------------------------
 Embedding Latency:
  - 총 샘플 수: 36346
  - 평균 (Mean): 7.66 ms
  - 중간값 (50%ile): 7.00 ms
  - 95%ile Tail: 11.00 ms
  - 99%ile Tail: 13.00 ms
--------------------------------------------------
 VectorDB Search Latency:
  - 총 샘플 수: 36346
  - 평균 (Mean): 56.10 ms
  - 중간값 (50%ile): 42.00 ms
  - 95%ile Tail: 149.00 ms
  - 99%ile Tail: 223.00 ms
--------------------------------------------------
 Document Search Latency:
  - 총 샘플 수: 36346
  - 평균 (Mean): 7.98 ms
  - 중간값 (50%ile): 7.00 ms
  - 95%ile Tail: 14.00 ms
  - 99%ile Tail: 22.00 ms
--------------------------------------------------
 Total Retrieval Latency:
  - 총 샘플 수: 36368
  - 평균 (Mean): 71.76 ms
  - 중간값 (50%ile): 58.00 ms
  - 95%ile Tail: 167.00 ms
  - 99%ile Tail: 244.00 ms
==================================================
