2025-11-17 22:59:46,982 - INFO - ReqGen 시작: 서버=163.152.48.109:9000, 클라이언트=1800, 시간=330초
2025-11-17 22:59:46,983 - INFO - Hugging Face에서 'kroshan/BioASQ' 데이터셋을 로드합니다...
2025-11-17 22:59:52,574 - INFO - 3266개의 질문을 로드했습니다.
2025-11-17 22:59:52,575 - INFO - 부하 테스트 시작, client 수 = 1800
2025-11-17 22:59:52,575 - INFO - Zipf 값 1.2에서 상위 20%의 질문이 차지하는 비율: 91.82%
2025-11-17 23:00:06,248 - INFO - [실시간] 요청 1000개 처리 | 현재까지의 RPS: 73.14최근 1000개 request의 p99 TTFT: 0.2160 초 | 
2025-11-17 23:00:14,181 - INFO - [실시간] 요청 2000개 처리 | 현재까지의 RPS: 92.56최근 1000개 request의 p99 TTFT: 0.6223 초 | 
2025-11-17 23:00:24,636 - INFO - [실시간] 요청 3000개 처리 | 현재까지의 RPS: 93.57최근 1000개 request의 p99 TTFT: 0.3502 초 | 
2025-11-17 23:00:34,266 - INFO - [실시간] 요청 4000개 처리 | 현재까지의 RPS: 95.94최근 1000개 request의 p99 TTFT: 0.2558 초 | 
2025-11-17 23:00:44,312 - INFO - [실시간] 요청 5000개 처리 | 현재까지의 RPS: 96.64최근 1000개 request의 p99 TTFT: 0.2351 초 | 
2025-11-17 23:00:54,170 - INFO - [실시간] 요청 6000개 처리 | 현재까지의 RPS: 97.41최근 1000개 request의 p99 TTFT: 0.2495 초 | 
2025-11-17 23:01:02,298 - INFO - [실시간] 요청 7000개 처리 | 현재까지의 RPS: 100.40최근 1000개 request의 p99 TTFT: 0.2900 초 | 
2025-11-17 23:01:10,074 - INFO - [실시간] 요청 8000개 처리 | 현재까지의 RPS: 103.23최근 1000개 request의 p99 TTFT: 0.3587 초 | 
2025-11-17 23:01:17,744 - INFO - [실시간] 요청 9000개 처리 | 현재까지의 RPS: 105.67최근 1000개 request의 p99 TTFT: 0.7754 초 | 
2025-11-17 23:01:25,390 - INFO - [실시간] 요청 10000개 처리 | 현재까지의 RPS: 107.74최근 1000개 request의 p99 TTFT: 0.6569 초 | 
2025-11-17 23:01:33,385 - INFO - [실시간] 요청 11000개 처리 | 현재까지의 RPS: 109.12최근 1000개 request의 p99 TTFT: 0.3775 초 | 
2025-11-17 23:01:41,121 - INFO - [실시간] 요청 12000개 처리 | 현재까지의 RPS: 110.55최근 1000개 request의 p99 TTFT: 0.6521 초 | 
2025-11-17 23:01:49,169 - INFO - [실시간] 요청 13000개 처리 | 현재까지의 RPS: 111.50최근 1000개 request의 p99 TTFT: 0.3175 초 | 
2025-11-17 23:01:56,870 - INFO - [실시간] 요청 14000개 처리 | 현재까지의 RPS: 112.64최근 1000개 request의 p99 TTFT: 0.6244 초 | 
2025-11-17 23:02:04,277 - INFO - [실시간] 요청 15000개 처리 | 현재까지의 RPS: 113.89최근 1000개 request의 p99 TTFT: 1.2446 초 | 
2025-11-17 23:02:11,689 - INFO - [실시간] 요청 16000개 처리 | 현재까지의 RPS: 115.01최근 1000개 request의 p99 TTFT: 1.0669 초 | 
2025-11-17 23:02:19,196 - INFO - [실시간] 요청 17000개 처리 | 현재까지의 RPS: 115.95최근 1000개 request의 p99 TTFT: 2.4948 초 | 
2025-11-17 23:02:19,199 - WARNING - 최근 1000개의 p99 TTFT 2.4948 초가 SLO 의 2배 (2.0 초)를 초과했습니다. 부하 테스트를 조기 종료합니다.
통계에 반영된 요청 인덱스 범위: 0 ~ 17000 (총 17000개 요청)
통계 반영된 요청 수: 17000, 통계 반영된 시간: 380.95 초

==================================================
 실험 최종 결과 요약
==================================================
 부하 테스트가 조기 종료되었습니다! (SLO 위반)
 Client 수를 낮추어 다시 시도하세요.
 설정 실험 시간: 330 초
 Clients 수: 1800
 통계 반영 시간: 380.95 초
 총 시도된 요청: 18395 개
 총 완료된 요청: 17000 개
 총 실패한 요청: 1395 개
 완료 요청 중 retrieval이 실패한 요청: -484 개
 요청 성공률: 92.42%
 전체 Requests Per Second (RPS): 44.63
--------------------------------------------------
 Time to First Token (TTFT) Latency:
  - 평균 (Mean): 0.2086 초
  - 중간값 (50%ile): 0.1589 초
  - 최소값 (Min): 0.0291 초
  - 최대값 (Max): 2.7740 초
  - 95%ile Tail: 0.4764 초
  - 99%ile Tail: 1.0669 초
--------------------------------------------------
 Time Per Output Token (TPOT):
  - 평균 (Mean): 16.70 ms/token
--------------------------------------------------
 Embedding Latency:
  - 총 샘플 수: 17000
  - 평균 (Mean): 7.74 ms
  - 중간값 (50%ile): 7.00 ms
  - 95%ile Tail: 11.00 ms
  - 99%ile Tail: 14.00 ms
--------------------------------------------------
 VectorDB Search Latency:
  - 총 샘플 수: 17000
  - 평균 (Mean): 123.32 ms
  - 중간값 (50%ile): 65.00 ms
  - 95%ile Tail: 380.05 ms
  - 99%ile Tail: 963.01 ms
--------------------------------------------------
 Document Search Latency:
  - 총 샘플 수: 17000
  - 평균 (Mean): 8.94 ms
  - 중간값 (50%ile): 7.00 ms
  - 95%ile Tail: 18.00 ms
  - 99%ile Tail: 33.00 ms
--------------------------------------------------
 Total Retrieval Latency:
  - 총 샘플 수: 17000
  - 평균 (Mean): 139.79 ms
  - 중간값 (50%ile): 81.00 ms
  - 95%ile Tail: 399.05 ms
  - 99%ile Tail: 984.01 ms
==================================================
