2025-11-17 23:06:14,848 - INFO - ReqGen 시작: 서버=163.152.48.109:9000, 클라이언트=1600, 시간=330초
2025-11-17 23:06:14,848 - INFO - Hugging Face에서 'kroshan/BioASQ' 데이터셋을 로드합니다...
2025-11-17 23:06:20,412 - INFO - 3266개의 질문을 로드했습니다.
2025-11-17 23:06:20,413 - INFO - 부하 테스트 시작, client 수 = 1600
2025-11-17 23:06:20,413 - INFO - Zipf 값 1.2에서 상위 20%의 질문이 차지하는 비율: 91.82%
2025-11-17 23:06:34,361 - INFO - [실시간] 요청 1000개 처리 | 현재까지의 RPS: 71.69최근 1000개 request의 p99 TTFT: 0.1731 초 | 
2025-11-17 23:06:43,602 - INFO - [실시간] 요청 2000개 처리 | 현재까지의 RPS: 86.25최근 1000개 request의 p99 TTFT: 0.2649 초 | 
2025-11-17 23:06:54,607 - INFO - [실시간] 요청 3000개 처리 | 현재까지의 RPS: 87.73최근 1000개 request의 p99 TTFT: 0.2152 초 | 
2025-11-17 23:07:04,951 - INFO - [실시간] 요청 4000개 처리 | 현재까지의 RPS: 89.81최근 1000개 request의 p99 TTFT: 0.2079 초 | 
2025-11-17 23:07:15,454 - INFO - [실시간] 요청 5000개 처리 | 현재까지의 RPS: 90.84최근 1000개 request의 p99 TTFT: 0.2058 초 | 
2025-11-17 23:07:25,489 - INFO - [실시간] 요청 6000개 처리 | 현재까지의 RPS: 92.20최근 1000개 request의 p99 TTFT: 0.2132 초 | 
2025-11-17 23:07:33,894 - INFO - [실시간] 요청 7000개 처리 | 현재까지의 RPS: 95.26최근 1000개 request의 p99 TTFT: 0.3121 초 | 
2025-11-17 23:07:41,954 - INFO - [실시간] 요청 8000개 처리 | 현재까지의 RPS: 98.11최근 1000개 request의 p99 TTFT: 0.3838 초 | 
2025-11-17 23:07:50,217 - INFO - [실시간] 요청 9000개 처리 | 현재까지의 RPS: 100.22최근 1000개 request의 p99 TTFT: 0.2833 초 | 
2025-11-17 23:07:58,302 - INFO - [실시간] 요청 10000개 처리 | 현재까지의 RPS: 102.16최근 1000개 request의 p99 TTFT: 0.4287 초 | 
2025-11-17 23:08:06,531 - INFO - [실시간] 요청 11000개 처리 | 현재까지의 RPS: 103.66최근 1000개 request의 p99 TTFT: 0.3115 초 | 
2025-11-17 23:08:14,799 - INFO - [실시간] 요청 12000개 처리 | 현재까지의 RPS: 104.91최근 1000개 request의 p99 TTFT: 0.2661 초 | 
2025-11-17 23:08:22,946 - INFO - [실시간] 요청 13000개 처리 | 현재까지의 RPS: 106.09최근 1000개 request의 p99 TTFT: 0.2649 초 | 
2025-11-17 23:08:30,471 - INFO - [실시간] 요청 14000개 처리 | 현재까지의 RPS: 107.64최근 1000개 request의 p99 TTFT: 0.4477 초 | 
2025-11-17 23:08:38,322 - INFO - [실시간] 요청 15000개 처리 | 현재까지의 RPS: 108.77최근 1000개 request의 p99 TTFT: 0.3542 초 | 
2025-11-17 23:08:46,007 - INFO - [실시간] 요청 16000개 처리 | 현재까지의 RPS: 109.89최근 1000개 request의 p99 TTFT: 0.5335 초 | 
2025-11-17 23:08:53,717 - INFO - [실시간] 요청 17000개 처리 | 현재까지의 RPS: 110.89최근 1000개 request의 p99 TTFT: 0.8168 초 | 
2025-11-17 23:09:01,248 - INFO - [실시간] 요청 18000개 처리 | 현재까지의 RPS: 111.92최근 1000개 request의 p99 TTFT: 1.1801 초 | 
2025-11-17 23:09:08,717 - INFO - [실시간] 요청 19000개 처리 | 현재까지의 RPS: 112.89최근 1000개 request의 p99 TTFT: 0.7020 초 | 
2025-11-17 23:09:16,506 - INFO - [실시간] 요청 20000개 처리 | 현재까지의 RPS: 113.58최근 1000개 request의 p99 TTFT: 0.5553 초 | 
2025-11-17 23:09:24,267 - INFO - [실시간] 요청 21000개 처리 | 현재까지의 RPS: 114.22최근 1000개 request의 p99 TTFT: 0.4643 초 | 
2025-11-17 23:09:31,925 - INFO - [실시간] 요청 22000개 처리 | 현재까지의 RPS: 114.88최근 1000개 request의 p99 TTFT: 0.4943 초 | 
2025-11-17 23:09:39,660 - INFO - [실시간] 요청 23000개 처리 | 현재까지의 RPS: 115.43최근 1000개 request의 p99 TTFT: 0.5717 초 | 
2025-11-17 23:09:47,109 - INFO - [실시간] 요청 24000개 처리 | 현재까지의 RPS: 116.11최근 1000개 request의 p99 TTFT: 0.9158 초 | 
2025-11-17 23:09:54,728 - INFO - [실시간] 요청 25000개 처리 | 현재까지의 RPS: 116.65최근 1000개 request의 p99 TTFT: 0.4665 초 | 
2025-11-17 23:10:02,319 - INFO - [실시간] 요청 26000개 처리 | 현재까지의 RPS: 117.17최근 1000개 request의 p99 TTFT: 1.0572 초 | 
2025-11-17 23:10:09,679 - INFO - [실시간] 요청 27000개 처리 | 현재까지의 RPS: 117.77최근 1000개 request의 p99 TTFT: 1.5917 초 | 
2025-11-17 23:10:17,455 - INFO - [실시간] 요청 28000개 처리 | 현재까지의 RPS: 118.12최근 1000개 request의 p99 TTFT: 1.0403 초 | 
2025-11-17 23:10:24,999 - INFO - [실시간] 요청 29000개 처리 | 현재까지의 RPS: 118.57최근 1000개 request의 p99 TTFT: 0.5439 초 | 
2025-11-17 23:10:32,461 - INFO - [실시간] 요청 30000개 처리 | 현재까지의 RPS: 119.02최근 1000개 request의 p99 TTFT: 0.8226 초 | 
2025-11-17 23:10:39,946 - INFO - [실시간] 요청 31000개 처리 | 현재까지의 RPS: 119.45최근 1000개 request의 p99 TTFT: 0.8446 초 | 
2025-11-17 23:10:47,633 - INFO - [실시간] 요청 32000개 처리 | 현재까지의 RPS: 119.75최근 1000개 request의 p99 TTFT: 0.9172 초 | 
2025-11-17 23:10:55,001 - INFO - [실시간] 요청 33000개 처리 | 현재까지의 RPS: 120.18최근 1000개 request의 p99 TTFT: 1.2018 초 | 
2025-11-17 23:11:02,658 - INFO - [실시간] 요청 34000개 처리 | 현재까지의 RPS: 120.46최근 1000개 request의 p99 TTFT: 1.1476 초 | 
2025-11-17 23:11:09,983 - INFO - [실시간] 요청 35000개 처리 | 현재까지의 RPS: 120.87최근 1000개 request의 p99 TTFT: 1.9011 초 | 
2025-11-17 23:11:17,465 - INFO - [실시간] 요청 36000개 처리 | 현재까지의 RPS: 121.19최근 1000개 request의 p99 TTFT: 1.6351 초 | 
2025-11-17 23:11:24,935 - INFO - [실시간] 요청 37000개 처리 | 현재까지의 RPS: 121.50최근 1000개 request의 p99 TTFT: 1.5584 초 | 
2025-11-17 23:11:32,501 - INFO - [실시간] 요청 38000개 처리 | 현재까지의 RPS: 121.76최근 1000개 request의 p99 TTFT: 0.5748 초 | 
2025-11-17 23:11:39,806 - INFO - [실시간] 요청 39000개 처리 | 현재까지의 RPS: 122.11최근 1000개 request의 p99 TTFT: 1.7270 초 | 
2025-11-17 23:11:47,467 - INFO - [실시간] 요청 40000개 처리 | 현재까지의 RPS: 122.30최근 1000개 request의 p99 TTFT: 1.6260 초 | 
통계에 반영된 요청 인덱스 범위: 0 ~ 40505 (총 40505개 요청)
통계 반영된 요청 수: 40505, 통계 반영된 시간: 381.91 초

==================================================
 실험 최종 결과 요약
==================================================
 설정 실험 시간: 330 초
 Clients 수: 1600
 통계 반영 시간: 381.91 초
 총 시도된 요청: 41870 개
 총 완료된 요청: 40505 개
 총 실패한 요청: 1365 개
 완료 요청 중 retrieval이 실패한 요청: 0 개
 요청 성공률: 96.74%
 전체 Requests Per Second (RPS): 106.06
--------------------------------------------------
 Time to First Token (TTFT) Latency:
  - 평균 (Mean): 0.2175 초
  - 중간값 (50%ile): 0.1726 초
  - 최소값 (Min): 0.0254 초
  - 최대값 (Max): 2.7992 초
  - 95%ile Tail: 0.4840 초
  - 99%ile Tail: 1.1752 초
--------------------------------------------------
 Time Per Output Token (TPOT):
  - 평균 (Mean): 16.70 ms/token
--------------------------------------------------
 Embedding Latency:
  - 총 샘플 수: 40487
  - 평균 (Mean): 7.89 ms
  - 중간값 (50%ile): 7.00 ms
  - 95%ile Tail: 11.00 ms
  - 99%ile Tail: 14.00 ms
--------------------------------------------------
 VectorDB Search Latency:
  - 총 샘플 수: 40487
  - 평균 (Mean): 146.60 ms
  - 중간값 (50%ile): 96.00 ms
  - 95%ile Tail: 392.00 ms
  - 99%ile Tail: 1086.14 ms
--------------------------------------------------
 Document Search Latency:
  - 총 샘플 수: 40487
  - 평균 (Mean): 9.22 ms
  - 중간값 (50%ile): 7.00 ms
  - 95%ile Tail: 20.00 ms
  - 99%ile Tail: 35.00 ms
--------------------------------------------------
 Total Retrieval Latency:
  - 총 샘플 수: 40505
  - 평균 (Mean): 163.73 ms
  - 중간값 (50%ile): 113.00 ms
  - 95%ile Tail: 418.00 ms
  - 99%ile Tail: 1107.96 ms
==================================================
