2025-11-17 22:53:38,271 - INFO - ReqGen 시작: 서버=163.152.48.109:9000, 클라이언트=2000, 시간=330초
2025-11-17 22:53:38,271 - INFO - Hugging Face에서 'kroshan/BioASQ' 데이터셋을 로드합니다...
2025-11-17 22:53:43,641 - INFO - 3266개의 질문을 로드했습니다.
2025-11-17 22:53:43,642 - INFO - 부하 테스트 시작, client 수 = 2000
2025-11-17 22:53:43,642 - INFO - Zipf 값 1.2에서 상위 20%의 질문이 차지하는 비율: 91.82%
2025-11-17 22:53:56,442 - INFO - [실시간] 요청 1000개 처리 | 현재까지의 RPS: 78.12최근 1000개 request의 p99 TTFT: 0.2654 초 | 
2025-11-17 22:54:04,507 - INFO - [실시간] 요청 2000개 처리 | 현재까지의 RPS: 95.85최근 1000개 request의 p99 TTFT: 1.0447 초 | 
2025-11-17 22:54:13,269 - INFO - [실시간] 요청 3000개 처리 | 현재까지의 RPS: 101.26최근 1000개 request의 p99 TTFT: 1.8105 초 | 
2025-11-17 22:54:22,504 - INFO - [실시간] 요청 4000개 처리 | 현재까지의 RPS: 102.93최근 1000개 request의 p99 TTFT: 0.2732 초 | 
2025-11-17 22:54:31,414 - INFO - [실시간] 요청 5000개 처리 | 현재까지의 RPS: 104.66최근 1000개 request의 p99 TTFT: 0.3127 초 | 
2025-11-17 22:54:40,670 - INFO - [실시간] 요청 6000개 처리 | 현재까지의 RPS: 105.21최근 1000개 request의 p99 TTFT: 0.3019 초 | 
2025-11-17 22:54:48,926 - INFO - [실시간] 요청 7000개 처리 | 현재까지의 RPS: 107.23최근 1000개 request의 p99 TTFT: 0.9521 초 | 
2025-11-17 22:54:57,020 - INFO - [실시간] 요청 8000개 처리 | 현재까지의 RPS: 109.02최근 1000개 request의 p99 TTFT: 2.4129 초 | 
2025-11-17 22:54:57,021 - WARNING - 최근 1000개의 p99 TTFT 2.4129 초가 SLO 의 2배 (2.0 초)를 초과했습니다. 부하 테스트를 조기 종료합니다.
통계에 반영된 요청 인덱스 범위: 0 ~ 8000 (총 8000개 요청)
통계 반영된 요청 수: 8000, 통계 반영된 시간: 361.99 초

==================================================
 실험 최종 결과 요약
==================================================
 부하 테스트가 조기 종료되었습니다! (SLO 위반)
 Client 수를 낮추어 다시 시도하세요.
 설정 실험 시간: 330 초
 Clients 수: 2000
 통계 반영 시간: 361.99 초
 총 시도된 요청: 9183 개
 총 완료된 요청: 8000 개
 총 실패한 요청: 1183 개
 완료 요청 중 retrieval이 실패한 요청: -761 개
 요청 성공률: 87.12%
 전체 Requests Per Second (RPS): 22.10
--------------------------------------------------
 Time to First Token (TTFT) Latency:
  - 평균 (Mean): 0.2391 초
  - 중간값 (50%ile): 0.1525 초
  - 최소값 (Min): 0.0288 초
  - 최대값 (Max): 2.5857 초
  - 95%ile Tail: 0.6564 초
  - 99%ile Tail: 1.8575 초
--------------------------------------------------
 Time Per Output Token (TPOT):
  - 평균 (Mean): 16.70 ms/token
--------------------------------------------------
 Embedding Latency:
  - 총 샘플 수: 8000
  - 평균 (Mean): 7.90 ms
  - 중간값 (50%ile): 7.00 ms
  - 95%ile Tail: 11.00 ms
  - 99%ile Tail: 14.00 ms
--------------------------------------------------
 VectorDB Search Latency:
  - 총 샘플 수: 8000
  - 평균 (Mean): 161.74 ms
  - 중간값 (50%ile): 65.00 ms
  - 95%ile Tail: 577.10 ms
  - 99%ile Tail: 1767.02 ms
--------------------------------------------------
 Document Search Latency:
  - 총 샘플 수: 8000
  - 평균 (Mean): 8.32 ms
  - 중간값 (50%ile): 7.00 ms
  - 95%ile Tail: 15.00 ms
  - 99%ile Tail: 24.00 ms
--------------------------------------------------
 Total Retrieval Latency:
  - 총 샘플 수: 8000
  - 평균 (Mean): 177.70 ms
  - 중간값 (50%ile): 81.00 ms
  - 95%ile Tail: 594.10 ms
  - 99%ile Tail: 1781.03 ms
==================================================
