2025-10-02 08:42:35,516 - INFO - ReqGen 시작: 서버=163.152.48.109:9000, 클라이언트=25, 시간=330초
2025-10-02 08:42:35,517 - INFO - Hugging Face에서 'kroshan/BioASQ' 데이터셋을 로드합니다...
2025-10-02 08:42:42,795 - INFO - 3266개의 질문을 로드했습니다.
2025-10-02 08:42:42,796 - INFO - 부하 테스트 시작, client 수 = 25
2025-10-02 08:42:42,796 - INFO - Zipf 값 1.2에서 상위 20%의 질문이 차지하는 비율: 91.82%
2025-10-02 08:47:33,860 - INFO - [실시간] 요청 1000개 처리 | 현재까지의 RPS: 3.44최근 1000개 request의 p99 TTFT: 0.1825 초 | 
통계에 반영된 요청 인덱스 범위: 1000 ~ 1137 (총 137개 요청)
통계 반영된 요청 수: 137, 통계 반영된 시간: 346.65 초

==================================================
 실험 최종 결과 요약
==================================================
 설정 실험 시간: 330 초
 Clients 수: 25
 통계 반영 시간: 346.65 초
 총 시도된 요청: 137 개
 총 완료된 요청: 137 개
 총 실패한 요청: 0 개
 완료 요청 중 retrieval이 실패한 요청: -1000 개
 요청 성공률: 100.00%
 전체 Requests Per Second (RPS): 0.40
--------------------------------------------------
 Time to First Token (TTFT) Latency:
  - 평균 (Mean): 0.1374 초
  - 중간값 (50%ile): 0.1038 초
  - 최소값 (Min): 0.0412 초
  - 최대값 (Max): 1.6245 초
  - 95%ile Tail: 0.2702 초
  - 99%ile Tail: 0.9030 초
--------------------------------------------------
 Time Per Output Token (TPOT):
  - 평균 (Mean): 16.42 ms/token
--------------------------------------------------
 Embedding Latency:
  - 총 샘플 수: 123
  - 평균 (Mean): 9.22 ms
  - 중간값 (50%ile): 8.00 ms
  - 95%ile Tail: 18.90 ms
  - 99%ile Tail: 22.00 ms
--------------------------------------------------
 VectorDB Search Latency:
  - 총 샘플 수: 123
  - 평균 (Mean): 57.88 ms
  - 중간값 (50%ile): 10.00 ms
  - 95%ile Tail: 184.70 ms
  - 99%ile Tail: 884.60 ms
--------------------------------------------------
 Document Search Latency:
  - 총 샘플 수: 123
  - 평균 (Mean): 7.27 ms
  - 중간값 (50%ile): 7.00 ms
  - 95%ile Tail: 9.00 ms
  - 99%ile Tail: 10.56 ms
--------------------------------------------------
 Total Retrieval Latency:
  - 총 샘플 수: 137
  - 평균 (Mean): 69.64 ms
  - 중간값 (50%ile): 26.00 ms
  - 95%ile Tail: 185.20 ms
  - 99%ile Tail: 819.36 ms
==================================================
