2025-10-02 08:37:18,872 - INFO - ReqGen 시작: 서버=163.152.48.109:9000, 클라이언트=50, 시간=330초
2025-10-02 08:37:18,872 - INFO - Hugging Face에서 'kroshan/BioASQ' 데이터셋을 로드합니다...
2025-10-02 08:37:25,708 - INFO - 3266개의 질문을 로드했습니다.
2025-10-02 08:37:25,709 - INFO - 부하 테스트 시작, client 수 = 50
2025-10-02 08:37:25,709 - INFO - Zipf 값 1.2에서 상위 20%의 질문이 차지하는 비율: 91.82%
2025-10-02 08:39:53,072 - INFO - [실시간] 요청 1000개 처리 | 현재까지의 RPS: 6.79최근 1000개 request의 p99 TTFT: 0.1796 초 | 
2025-10-02 08:42:23,029 - INFO - [실시간] 요청 2000개 처리 | 현재까지의 RPS: 6.73최근 1000개 request의 p99 TTFT: 3.6728 초 | 
2025-10-02 08:42:23,030 - WARNING - 최근 1000개의 p99 TTFT 3.6728 초가 SLO 의 2배 (2.0 초)를 초과했습니다. 부하 테스트를 조기 종료합니다.
통계에 반영된 요청 인덱스 범위: 1000 ~ 2000 (총 1000개 요청)
통계 반영된 요청 수: 1000, 통계 반영된 시간: 149.96 초

==================================================
 실험 최종 결과 요약
==================================================
 부하 테스트가 조기 종료되었습니다! (SLO 위반)
 Client 수를 낮추어 다시 시도하세요.
 설정 실험 시간: 330 초
 Clients 수: 50
 통계 반영 시간: 149.96 초
 총 시도된 요청: 1000 개
 총 완료된 요청: 1000 개
 총 실패한 요청: 0 개
 완료 요청 중 retrieval이 실패한 요청: -1004 개
 요청 성공률: 100.00%
 전체 Requests Per Second (RPS): 6.67
--------------------------------------------------
 Time to First Token (TTFT) Latency:
  - 평균 (Mean): 0.1773 초
  - 중간값 (50%ile): 0.0987 초
  - 최소값 (Min): 0.0399 초
  - 최대값 (Max): 6.3007 초
  - 95%ile Tail: 0.1769 초
  - 99%ile Tail: 3.6728 초
--------------------------------------------------
 Time Per Output Token (TPOT):
  - 평균 (Mean): 16.43 ms/token
--------------------------------------------------
 Embedding Latency:
  - 총 샘플 수: 981
  - 평균 (Mean): 8.76 ms
  - 중간값 (50%ile): 7.00 ms
  - 95%ile Tail: 16.00 ms
  - 99%ile Tail: 20.20 ms
--------------------------------------------------
 VectorDB Search Latency:
  - 총 샘플 수: 981
  - 평균 (Mean): 90.70 ms
  - 중간값 (50%ile): 8.00 ms
  - 95%ile Tail: 27.00 ms
  - 99%ile Tail: 3616.00 ms
--------------------------------------------------
 Document Search Latency:
  - 총 샘플 수: 981
  - 평균 (Mean): 8.18 ms
  - 중간값 (50%ile): 8.00 ms
  - 95%ile Tail: 10.00 ms
  - 99%ile Tail: 18.20 ms
--------------------------------------------------
 Total Retrieval Latency:
  - 총 샘플 수: 1000
  - 평균 (Mean): 106.19 ms
  - 중간값 (50%ile): 24.00 ms
  - 95%ile Tail: 51.00 ms
  - 99%ile Tail: 3590.18 ms
==================================================
