2025-10-01 22:49:12,605 - INFO - ReqGen 시작: 서버=163.152.48.109:9000, 클라이언트=2, 시간=60초
2025-10-01 22:49:12,605 - INFO - Hugging Face에서 'kroshan/BioASQ' 데이터셋을 로드합니다...
2025-10-01 22:49:19,626 - INFO - 3266개의 질문을 로드했습니다.
2025-10-01 22:49:19,627 - INFO - 부하 테스트 시작, client 수 = 2
2025-10-01 22:49:19,627 - INFO - Zipf 값 1.2에서 상위 20%의 질문이 차지하는 비율: 91.82%
통계에 반영된 요청 인덱스 범위: 0 ~ 5 (총 5개 요청)
통계 반영된 요청 수: 5, 통계 반영된 시간: 64.75 초

==================================================
 실험 최종 결과 요약
==================================================
 설정 실험 시간: 60 초
 Clients 수: 2
 통계 반영 시간: 64.75 초
 총 시도된 요청: 5 개
 총 완료된 요청: 5 개
 총 실패한 요청: 0 개
 완료 요청 중 retrieval이 실패한 요청: 0 개
 요청 성공률: 100.00%
 전체 Requests Per Second (RPS): 0.08
--------------------------------------------------
 Time to First Token (TTFT) Latency:
  - 평균 (Mean): 10.6348 초
  - 중간값 (50%ile): 5.4198 초
  - 최소값 (Min): 3.3794 초
  - 최대값 (Max): 20.7076 초
  - 95%ile Tail: 20.4758 초
  - 99%ile Tail: 20.6613 초
--------------------------------------------------
 Time Per Output Token (TPOT):
  - 평균 (Mean): 16.61 ms/token
--------------------------------------------------
 Embedding Latency:
  - 총 샘플 수: 4
  - 평균 (Mean): 14.50 ms
  - 중간값 (50%ile): 14.00 ms
  - 95%ile Tail: 17.70 ms
  - 99%ile Tail: 17.94 ms
--------------------------------------------------
 VectorDB Search Latency:
  - 총 샘플 수: 4
  - 평균 (Mean): 8003.50 ms
  - 중간값 (50%ile): 4636.00 ms
  - 95%ile Tail: 17291.25 ms
  - 99%ile Tail: 18988.65 ms
--------------------------------------------------
 Document Search Latency:
  - 총 샘플 수: 4
  - 평균 (Mean): 12.75 ms
  - 중간값 (50%ile): 9.00 ms
  - 95%ile Tail: 22.60 ms
  - 99%ile Tail: 24.52 ms
--------------------------------------------------
 Total Retrieval Latency:
  - 총 샘플 수: 5
  - 평균 (Mean): 10520.40 ms
  - 중간값 (50%ile): 5295.00 ms
  - 95%ile Tail: 20273.20 ms
  - 99%ile Tail: 20437.84 ms
==================================================
