2025-10-01 16:52:53,844 - INFO - ReqGen 시작: 서버=163.152.48.109:9000, 클라이언트=1000, 시간=60초
2025-10-01 16:52:53,844 - INFO - Hugging Face에서 'kroshan/BioASQ' 데이터셋을 로드합니다...
2025-10-01 16:53:00,741 - INFO - 3266개의 질문을 로드했습니다.
2025-10-01 16:53:00,743 - INFO - 부하 테스트 시작, client 수 = 1000
2025-10-01 16:53:00,743 - INFO - Zipf 값 1.2에서 상위 20%의 질문이 차지하는 비율: 91.82%
2025-10-01 16:53:09,779 - INFO - [실시간] 요청 1000개 처리 | 현재까지의 RPS: 110.67최근 1000개 request의 p99 TTFT: 0.1932 초 | 
2025-10-01 16:53:16,816 - INFO - [실시간] 요청 2000개 처리 | 현재까지의 RPS: 124.44최근 1000개 request의 p99 TTFT: 0.2983 초 | 
2025-10-01 16:53:24,185 - INFO - [실시간] 요청 3000개 처리 | 현재까지의 RPS: 127.98최근 1000개 request의 p99 TTFT: 0.1947 초 | 
2025-10-01 16:53:31,189 - INFO - [실시간] 요청 4000개 처리 | 현재까지의 RPS: 131.38최근 1000개 request의 p99 TTFT: 0.2021 초 | 
2025-10-01 16:53:38,466 - INFO - [실시간] 요청 5000개 처리 | 현재까지의 RPS: 132.54최근 1000개 request의 p99 TTFT: 0.1953 초 | 
2025-10-01 16:53:45,681 - INFO - [실시간] 요청 6000개 처리 | 현재까지의 RPS: 133.52최근 1000개 request의 p99 TTFT: 0.2162 초 | 
2025-10-01 16:53:52,945 - INFO - [실시간] 요청 7000개 처리 | 현재까지의 RPS: 134.10최근 1000개 request의 p99 TTFT: 0.2027 초 | 
2025-10-01 16:54:00,045 - INFO - [실시간] 요청 8000개 처리 | 현재까지의 RPS: 134.90최근 1000개 request의 p99 TTFT: 0.1886 초 | 

==================================================
 실험 최종 결과 요약
==================================================
 설정 실험 시간: 60 초
 Clients 수: 1000
 통계 반영 시간: 76.23 초
 총 시도된 요청: 8183 개
 총 완료된 요청: 8183 개
 총 실패한 요청: 0 개
 요청 성공률: 100.00%
 전체 Requests Per Second (RPS): -0.01
--------------------------------------------------
 Time to First Token (TTFT) Latency:
  - 평균 (Mean): 0.1057 초
  - 중간값 (50%ile): 0.1041 초
  - 95%ile Tail: 0.1661 초
  - 99%ile Tail: 0.2077 초
--------------------------------------------------
 Time Per Output Token (TPOT):
  - 평균 (Mean): 16.47 ms/token
--------------------------------------------------
 Embedding Latency:
  - 평균 (Mean): 8.84 ms
  - 중간값 (50%ile): 8.00 ms
  - 95%ile Tail: 16.00 ms
  - 99%ile Tail: 23.00 ms
--------------------------------------------------
 VectorDB Search Latency:
  - 평균 (Mean): 9.35 ms
  - 중간값 (50%ile): 9.00 ms
  - 95%ile Tail: 14.00 ms
  - 99%ile Tail: 18.00 ms
--------------------------------------------------
 Document Search Latency:
  - 평균 (Mean): 9.02 ms
  - 중간값 (50%ile): 7.00 ms
  - 95%ile Tail: 20.00 ms
  - 99%ile Tail: 38.00 ms
--------------------------------------------------
 Total Retrieval Latency:
  - 평균 (Mean): 27.23 ms
  - 중간값 (50%ile): 24.00 ms
  - 95%ile Tail: 44.00 ms
  - 99%ile Tail: 66.18 ms
==================================================
