2025-11-18 20:20:21,637 - INFO - ReqGen 시작: 서버=163.152.48.109:9000, 클라이언트=100, 시간=80초
2025-11-18 20:20:21,638 - INFO - Hugging Face에서 'kroshan/BioASQ' 데이터셋을 로드합니다...
2025-11-18 20:20:28,384 - INFO - 3266개의 질문을 로드했습니다.
2025-11-18 20:20:28,385 - INFO - 부하 테스트 시작, client 수 = 100
2025-11-18 20:20:28,385 - INFO - Zipf 값 1.2에서 상위 20%의 질문이 차지하는 비율: 91.82%
통계에 반영된 요청 인덱스 범위: 0 ~ 253 (총 253개 요청)
통계 반영된 요청 수: 253, 통계 반영된 시간: 139.36 초

==================================================
 실험 최종 결과 요약
==================================================
 설정 실험 시간: 80 초
 Clients 수: 100
 통계 반영 시간: 139.36 초
 총 시도된 요청: 287 개
 총 완료된 요청: 253 개
 총 실패한 요청: 34 개
 완료 요청 중 retrieval이 실패한 요청: 253 개
 요청 성공률: 88.15%
 전체 Requests Per Second (RPS): 1.82
--------------------------------------------------
 Time to First Token (TTFT) Latency:
  - 평균 (Mean): 30.8253 초
  - 중간값 (50%ile): 30.9989 초
  - 최소값 (Min): 30.1562 초
  - 최대값 (Max): 31.0016 초
  - 95%ile Tail: 31.0006 초
  - 99%ile Tail: 31.0011 초
--------------------------------------------------
 Time Per Output Token (TPOT):
  - 평균 (Mean): 17.67 ms/token
--------------------------------------------------
 Embedding Latency:
  - 총 샘플 수: 252
  - 평균 (Mean): 11.75 ms
  - 중간값 (50%ile): 11.00 ms
  - 95%ile Tail: 17.00 ms
  - 99%ile Tail: 18.00 ms
--------------------------------------------------
 VectorDB Search Latency:
  - 총 샘플 수: 0
  - (측정된 샘플이 없습니다.)
--------------------------------------------------
 Document Search Latency:
  - 총 샘플 수: 0
  - (측정된 샘플이 없습니다.)
--------------------------------------------------
 Total Retrieval Latency:
  - 총 샘플 수: 0
  - (측정된 샘플이 없습니다.)
==================================================
