2025-11-18 20:22:48,857 - INFO - ReqGen 시작: 서버=163.152.48.109:9000, 클라이언트=50, 시간=80초
2025-11-18 20:22:48,857 - INFO - Hugging Face에서 'kroshan/BioASQ' 데이터셋을 로드합니다...
2025-11-18 20:22:54,105 - INFO - 3266개의 질문을 로드했습니다.
2025-11-18 20:22:54,106 - INFO - 부하 테스트 시작, client 수 = 50
2025-11-18 20:22:54,106 - INFO - Zipf 값 1.2에서 상위 20%의 질문이 차지하는 비율: 91.82%
통계에 반영된 요청 인덱스 범위: 0 ~ 283 (총 283개 요청)
통계 반영된 요청 수: 283, 통계 반영된 시간: 105.13 초

==================================================
 실험 최종 결과 요약
==================================================
 설정 실험 시간: 80 초
 Clients 수: 50
 통계 반영 시간: 105.13 초
 총 시도된 요청: 295 개
 총 완료된 요청: 283 개
 총 실패한 요청: 12 개
 완료 요청 중 retrieval이 실패한 요청: 0 개
 요청 성공률: 95.93%
 전체 Requests Per Second (RPS): 2.69
--------------------------------------------------
 Time to First Token (TTFT) Latency:
  - 평균 (Mean): 0.0791 초
  - 중간값 (50%ile): 0.0626 초
  - 최소값 (Min): 0.0220 초
  - 최대값 (Max): 0.8924 초
  - 95%ile Tail: 0.1458 초
  - 99%ile Tail: 0.2282 초
--------------------------------------------------
 Time Per Output Token (TPOT):
  - 평균 (Mean): 16.61 ms/token
--------------------------------------------------
 Embedding Latency:
  - 총 샘플 수: 280
  - 평균 (Mean): 8.27 ms
  - 중간값 (50%ile): 7.00 ms
  - 95%ile Tail: 11.00 ms
  - 99%ile Tail: 12.00 ms
--------------------------------------------------
 VectorDB Search Latency:
  - 총 샘플 수: 280
  - 평균 (Mean): 14.53 ms
  - 중간값 (50%ile): 10.00 ms
  - 95%ile Tail: 18.05 ms
  - 99%ile Tail: 97.13 ms
--------------------------------------------------
 Document Search Latency:
  - 총 샘플 수: 280
  - 평균 (Mean): 7.80 ms
  - 중간값 (50%ile): 8.00 ms
  - 95%ile Tail: 9.00 ms
  - 99%ile Tail: 23.00 ms
--------------------------------------------------
 Total Retrieval Latency:
  - 총 샘플 수: 283
  - 평균 (Mean): 30.57 ms
  - 중간값 (50%ile): 25.00 ms
  - 95%ile Tail: 40.00 ms
  - 99%ile Tail: 114.32 ms
==================================================
