2025-11-20 22:37:04,144 - INFO - ReqGen 시작: 서버=163.152.48.109:9000, 클라이언트=2, 시간=330초
2025-11-20 22:37:04,144 - INFO - Hugging Face에서 'kroshan/BioASQ' 데이터셋을 로드합니다...
2025-11-20 22:37:09,692 - INFO - 3266개의 질문을 로드했습니다.
2025-11-20 22:37:09,692 - INFO - 부하 테스트 시작, client 수 = 2
2025-11-20 22:37:09,692 - INFO - Zipf 값 1.2에서 상위 20%의 질문이 차지하는 비율: 91.82%
통계에 반영된 요청 인덱스 범위: 0 ~ 462 (총 462개 요청)
statistics_start_time이 설정되지 않았습니다.
statistics_end_time이 설정되지 않았습니다.
통계 반영된 요청 수: 462, 통계 반영된 시간: 331.00 초

==================================================
 실험 최종 결과 요약
==================================================
 설정 실험 시간: 330 초
 Clients 수: 2
 통계 반영 시간: 331.00 초
 총 시도된 요청: 464 개
 총 완료된 요청: 462 개
 총 실패한 요청: 2 개
 완료 요청 중 retrieval이 실패한 요청: 0 개
 요청 성공률: 99.57%
 전체 Requests Per Second (RPS): 1.40
--------------------------------------------------
 Time to First Token (TTFT) Latency:
  - 평균 (Mean): 0.0944 초
  - 중간값 (50%ile): 0.0933 초
  - 최소값 (Min): 0.0251 초
  - 최대값 (Max): 0.2726 초
  - 95%ile Tail: 0.1542 초
  - 99%ile Tail: 0.1644 초
--------------------------------------------------
 Time Per Output Token (TPOT):
  - 평균 (Mean): 17.05 ms/token
--------------------------------------------------
 Embedding Latency:
  - 총 샘플 수: 330
  - 평균 (Mean): 6.42 ms
  - 중간값 (50%ile): 6.00 ms
  - 95%ile Tail: 8.00 ms
  - 99%ile Tail: 11.71 ms
--------------------------------------------------
 VectorDB Search Latency:
  - 총 샘플 수: 330
  - 평균 (Mean): 10.19 ms
  - 중간값 (50%ile): 10.00 ms
  - 95%ile Tail: 13.00 ms
  - 99%ile Tail: 20.42 ms
--------------------------------------------------
 Document Search Latency:
  - 총 샘플 수: 330
  - 평균 (Mean): 6.69 ms
  - 중간값 (50%ile): 7.00 ms
  - 95%ile Tail: 8.00 ms
  - 99%ile Tail: 9.00 ms
--------------------------------------------------
 Total Retrieval Latency:
  - 총 샘플 수: 462
  - 평균 (Mean): 24.43 ms
  - 중간값 (50%ile): 23.00 ms
  - 95%ile Tail: 29.95 ms
  - 99%ile Tail: 50.78 ms
==================================================
