2025-11-17 21:14:51,963 - INFO - ReqGen 시작: 서버=163.152.48.109:9000, 클라이언트=4000, 시간=80초
2025-11-17 21:14:51,963 - INFO - Hugging Face에서 'kroshan/BioASQ' 데이터셋을 로드합니다...
2025-11-17 21:14:57,936 - INFO - 3266개의 질문을 로드했습니다.
2025-11-17 21:14:57,937 - INFO - 부하 테스트 시작, client 수 = 4000
2025-11-17 21:14:57,938 - INFO - Zipf 값 1.2에서 상위 20%의 질문이 차지하는 비율: 91.82%
2025-11-17 21:15:05,910 - INFO - [실시간] 요청 1000개 처리 | 현재까지의 RPS: 125.43최근 1000개 request의 p99 TTFT: 0.1757 초 | 
2025-11-17 21:15:10,953 - INFO - [실시간] 요청 2000개 처리 | 현재까지의 RPS: 153.66최근 1000개 request의 p99 TTFT: 0.2918 초 | 
2025-11-17 21:15:14,999 - INFO - [실시간] 요청 3000개 처리 | 현재까지의 RPS: 175.84최근 1000개 request의 p99 TTFT: 0.1903 초 | 
2025-11-17 21:15:18,621 - INFO - [실시간] 요청 4000개 처리 | 현재까지의 RPS: 193.39최근 1000개 request의 p99 TTFT: 0.5046 초 | 
2025-11-17 21:15:23,441 - INFO - [실시간] 요청 5000개 처리 | 현재까지의 RPS: 196.05최근 1000개 request의 p99 TTFT: 0.4617 초 | 
2025-11-17 21:15:28,170 - INFO - [실시간] 요청 6000개 처리 | 현재까지의 RPS: 198.46최근 1000개 request의 p99 TTFT: 0.2042 초 | 
2025-11-17 21:15:32,522 - INFO - [실시간] 요청 7000개 처리 | 현재까지의 RPS: 202.40최근 1000개 request의 p99 TTFT: 0.2070 초 | 
2025-11-17 21:15:37,369 - INFO - [실시간] 요청 8000개 처리 | 현재까지의 RPS: 202.88최근 1000개 request의 p99 TTFT: 0.4329 초 | 
2025-11-17 21:15:41,979 - INFO - [실시간] 요청 9000개 처리 | 현재까지의 RPS: 204.35최근 1000개 request의 p99 TTFT: 0.3951 초 | 
2025-11-17 21:15:46,708 - INFO - [실시간] 요청 10000개 처리 | 현재까지의 RPS: 205.04최근 1000개 request의 p99 TTFT: 0.2063 초 | 
2025-11-17 21:15:51,456 - INFO - [실시간] 요청 11000개 처리 | 현재까지의 RPS: 205.54최근 1000개 request의 p99 TTFT: 0.4438 초 | 
2025-11-17 21:15:56,249 - INFO - [실시간] 요청 12000개 처리 | 현재까지의 RPS: 205.79최근 1000개 request의 p99 TTFT: 0.2223 초 | 
2025-11-17 21:16:00,610 - INFO - [실시간] 요청 13000개 처리 | 현재까지의 RPS: 207.43최근 1000개 request의 p99 TTFT: 0.4103 초 | 
2025-11-17 21:16:04,409 - INFO - [실시간] 요청 14000개 처리 | 현재까지의 RPS: 210.62최근 1000개 request의 p99 TTFT: 0.3680 초 | 
2025-11-17 21:16:07,921 - INFO - [실시간] 요청 15000개 처리 | 현재까지의 RPS: 214.34최근 1000개 request의 p99 TTFT: 0.5223 초 | 
2025-11-17 21:16:11,455 - INFO - [실시간] 요청 16000개 처리 | 현재까지의 RPS: 217.63최근 1000개 request의 p99 TTFT: 0.3077 초 | 
2025-11-17 21:16:15,026 - INFO - [실시간] 요청 17000개 처리 | 현재까지의 RPS: 220.53최근 1000개 request의 p99 TTFT: 0.2574 초 | 
2025-11-17 21:16:18,619 - INFO - [실시간] 요청 18000개 처리 | 현재까지의 RPS: 223.10최근 1000개 request의 p99 TTFT: 0.4735 초 | 
통계에 반영된 요청 인덱스 범위: 0 ~ 18000 (총 18000개 요청)
통계 반영된 요청 수: 18000, 통계 반영된 시간: 140.02 초

==================================================
 실험 최종 결과 요약
==================================================
 설정 실험 시간: 80 초
 Clients 수: 4000
 통계 반영 시간: 140.02 초
 총 시도된 요청: 20350 개
 총 완료된 요청: 18000 개
 총 실패한 요청: 2350 개
 완료 요청 중 retrieval이 실패한 요청: -139 개
 요청 성공률: 88.45%
 전체 Requests Per Second (RPS): 128.56
--------------------------------------------------
 Time to First Token (TTFT) Latency:
  - 평균 (Mean): 0.1281 초
  - 중간값 (50%ile): 0.1138 초
  - 최소값 (Min): 0.0232 초
  - 최대값 (Max): 0.7901 초
  - 95%ile Tail: 0.2912 초
  - 99%ile Tail: 0.4287 초
--------------------------------------------------
 Time Per Output Token (TPOT):
  - 평균 (Mean): 16.82 ms/token
--------------------------------------------------
 Embedding Latency:
  - 총 샘플 수: 18000
  - 평균 (Mean): 8.91 ms
  - 중간값 (50%ile): 8.00 ms
  - 95%ile Tail: 14.00 ms
  - 99%ile Tail: 21.00 ms
--------------------------------------------------
 VectorDB Search Latency:
  - 총 샘플 수: 18000
  - 평균 (Mean): 45.63 ms
  - 중간값 (50%ile): 23.00 ms
  - 95%ile Tail: 185.00 ms
  - 99%ile Tail: 281.00 ms
--------------------------------------------------
 Document Search Latency:
  - 총 샘플 수: 18000
  - 평균 (Mean): 12.56 ms
  - 중간값 (50%ile): 7.00 ms
  - 95%ile Tail: 42.05 ms
  - 99%ile Tail: 77.00 ms
--------------------------------------------------
 Total Retrieval Latency:
  - 총 샘플 수: 18000
  - 평균 (Mean): 67.06 ms
  - 중간값 (50%ile): 42.00 ms
  - 95%ile Tail: 214.00 ms
  - 99%ile Tail: 343.00 ms
==================================================
