2025-12-05 04:35:55,173 - INFO - ReqGen 시작: 서버=163.152.48.109:9000, 클라이언트=7000, 시간=330초
2025-12-05 04:35:55,173 - INFO - Hugging Face에서 'kroshan/BioASQ' 데이터셋을 로드합니다...
2025-12-05 04:36:00,512 - INFO - 3266개의 질문을 로드했습니다.
2025-12-05 04:36:00,512 - INFO - 부하 테스트 시작, client 수 = 7000
2025-12-05 04:36:04,143 - INFO - [실시간] 요청 1000개 처리 | 현재까지의 RPS: 275.40최근 1000개 request의 p99 TTFT: 0.2341 초 | 
2025-12-05 04:36:06,583 - INFO - [실시간] 요청 2000개 처리 | 현재까지의 RPS: 329.44최근 1000개 request의 p99 TTFT: 0.4411 초 | 
2025-12-05 04:36:08,711 - INFO - [실시간] 요청 3000개 처리 | 현재까지의 RPS: 365.90최근 1000개 request의 p99 TTFT: 0.4666 초 | 
2025-12-05 04:36:10,737 - INFO - [실시간] 요청 4000개 처리 | 현재까지의 RPS: 391.19최근 1000개 request의 p99 TTFT: 0.2217 초 | 
2025-12-05 04:36:12,482 - INFO - [실시간] 요청 5000개 처리 | 현재까지의 RPS: 417.70최근 1000개 request의 p99 TTFT: 0.3093 초 | 
2025-12-05 04:36:14,145 - INFO - [실시간] 요청 6000개 처리 | 현재까지의 RPS: 440.11최근 1000개 request의 p99 TTFT: 0.2267 초 | 
2025-12-05 04:36:15,684 - INFO - [실시간] 요청 7000개 처리 | 현재까지의 RPS: 461.37최근 1000개 request의 p99 TTFT: 0.4301 초 | 
2025-12-05 04:36:17,218 - INFO - [실시간] 요청 8000개 처리 | 현재까지의 RPS: 478.87최근 1000개 request의 p99 TTFT: 0.4896 초 | 
2025-12-05 04:36:18,558 - INFO - [실시간] 요청 9000개 처리 | 현재까지의 RPS: 498.71최근 1000개 request의 p99 TTFT: 0.5125 초 | 
2025-12-05 04:36:19,915 - INFO - [실시간] 요청 10000개 처리 | 현재까지의 RPS: 515.38최근 1000개 request의 p99 TTFT: 0.5814 초 | 
2025-12-05 04:36:21,325 - INFO - [실시간] 요청 11000개 처리 | 현재까지의 RPS: 528.50최근 1000개 request의 p99 TTFT: 0.9695 초 | 
2025-12-05 04:36:22,655 - INFO - [실시간] 요청 12000개 처리 | 현재까지의 RPS: 541.94최근 1000개 request의 p99 TTFT: 1.0613 초 | 
2025-12-05 04:36:24,213 - INFO - [실시간] 요청 13000개 처리 | 현재까지의 RPS: 548.50최근 1000개 request의 p99 TTFT: 0.8632 초 | 
2025-12-05 04:36:25,931 - INFO - [실시간] 요청 14000개 처리 | 현재까지의 RPS: 550.77최근 1000개 request의 p99 TTFT: 0.2275 초 | 
2025-12-05 04:36:27,632 - INFO - [실시간] 요청 15000개 처리 | 현재까지의 RPS: 553.10최근 1000개 request의 p99 TTFT: 0.4285 초 | 
2025-12-05 04:36:29,452 - INFO - [실시간] 요청 16000개 처리 | 현재까지의 RPS: 552.87최근 1000개 request의 p99 TTFT: 0.4793 초 | 
2025-12-05 04:36:30,763 - INFO - [실시간] 요청 17000개 처리 | 현재까지의 RPS: 561.96최근 1000개 request의 p99 TTFT: 0.8281 초 | 
2025-12-05 04:36:32,398 - INFO - [실시간] 요청 18000개 처리 | 현재까지의 RPS: 564.52최근 1000개 request의 p99 TTFT: 0.3507 초 | 
2025-12-05 04:36:34,008 - INFO - [실시간] 요청 19000개 처리 | 현재까지의 RPS: 567.23최근 1000개 request의 p99 TTFT: 0.2135 초 | 
2025-12-05 04:36:35,497 - INFO - [실시간] 요청 20000개 처리 | 현재까지의 RPS: 571.68최근 1000개 request의 p99 TTFT: 0.2481 초 | 
2025-12-05 04:36:37,039 - INFO - [실시간] 요청 21000개 처리 | 현재까지의 RPS: 574.92최근 1000개 request의 p99 TTFT: 0.3268 초 | 
2025-12-05 04:36:38,525 - INFO - [실시간] 요청 22000개 처리 | 현재까지의 RPS: 578.75최근 1000개 request의 p99 TTFT: 0.4532 초 | 
2025-12-05 04:36:39,971 - INFO - [실시간] 요청 23000개 처리 | 현재까지의 RPS: 582.89최근 1000개 request의 p99 TTFT: 0.4994 초 | 
2025-12-05 04:36:41,436 - INFO - [실시간] 요청 24000개 처리 | 현재까지의 RPS: 586.45최근 1000개 request의 p99 TTFT: 0.3926 초 | 
2025-12-05 04:36:43,015 - INFO - [실시간] 요청 25000개 처리 | 현재까지의 RPS: 588.19최근 1000개 request의 p99 TTFT: 0.2192 초 | 
2025-12-05 04:36:44,653 - INFO - [실시간] 요청 26000개 처리 | 현재까지의 RPS: 589.02최근 1000개 request의 p99 TTFT: 0.4226 초 | 
2025-12-05 04:36:46,232 - INFO - [실시간] 요청 27000개 처리 | 현재까지의 RPS: 590.55최근 1000개 request의 p99 TTFT: 0.2296 초 | 
2025-12-05 04:36:47,866 - INFO - [실시간] 요청 28000개 처리 | 현재까지의 RPS: 591.29최근 1000개 request의 p99 TTFT: 0.5054 초 | 
2025-12-05 04:36:49,404 - INFO - [실시간] 요청 29000개 처리 | 현재까지의 RPS: 593.15최근 1000개 request의 p99 TTFT: 0.5293 초 | 
2025-12-05 04:36:50,879 - INFO - [실시간] 요청 30000개 처리 | 현재까지의 RPS: 595.62최근 1000개 request의 p99 TTFT: 0.2818 초 | 
2025-12-05 04:36:52,410 - INFO - [실시간] 요청 31000개 처리 | 현재까지의 RPS: 597.33최근 1000개 request의 p99 TTFT: 0.4095 초 | 
2025-12-05 04:36:53,955 - INFO - [실시간] 요청 32000개 처리 | 현재까지의 RPS: 598.77최근 1000개 request의 p99 TTFT: 0.2102 초 | 
2025-12-05 04:36:55,513 - INFO - [실시간] 요청 33000개 처리 | 현재까지의 RPS: 599.99최근 1000개 request의 p99 TTFT: 0.2064 초 | 
2025-12-05 04:36:57,074 - INFO - [실시간] 요청 34000개 처리 | 현재까지의 RPS: 601.11최근 1000개 request의 p99 TTFT: 0.4120 초 | 
2025-12-05 04:36:58,705 - INFO - [실시간] 요청 35000개 처리 | 현재까지의 RPS: 601.45최근 1000개 request의 p99 TTFT: 0.5231 초 | 
2025-12-05 04:37:00,157 - INFO - [실시간] 요청 36000개 처리 | 현재까지의 RPS: 603.57최근 1000개 request의 p99 TTFT: 0.4321 초 | 
2025-12-05 04:37:01,620 - INFO - [실시간] 요청 37000개 처리 | 현재까지의 RPS: 605.49최근 1000개 request의 p99 TTFT: 0.4940 초 | 
2025-12-05 04:37:03,187 - INFO - [실시간] 요청 38000개 처리 | 현재까지의 RPS: 606.30최근 1000개 request의 p99 TTFT: 0.2231 초 | 
2025-12-05 04:37:04,775 - INFO - [실시간] 요청 39000개 처리 | 현재까지의 RPS: 606.88최근 1000개 request의 p99 TTFT: 0.2019 초 | 
2025-12-05 04:37:06,322 - INFO - [실시간] 요청 40000개 처리 | 현재까지의 RPS: 607.81최근 1000개 request의 p99 TTFT: 0.2127 초 | 
2025-12-05 04:37:08,024 - INFO - [실시간] 요청 41000개 처리 | 현재까지의 RPS: 607.30최근 1000개 request의 p99 TTFT: 0.6516 초 | 
2025-12-05 04:37:09,424 - INFO - [실시간] 요청 42000개 처리 | 현재까지의 RPS: 609.47최근 1000개 request의 p99 TTFT: 0.8916 초 | 
2025-12-05 04:37:11,015 - INFO - [실시간] 요청 43000개 처리 | 현재까지의 RPS: 609.90최근 1000개 request의 p99 TTFT: 0.3846 초 | 
2025-12-05 04:37:12,513 - INFO - [실시간] 요청 44000개 처리 | 현재까지의 RPS: 611.10최근 1000개 request의 p99 TTFT: 0.3558 초 | 
2025-12-05 04:37:14,082 - INFO - [실시간] 요청 45000개 처리 | 현재까지의 RPS: 611.66최근 1000개 request의 p99 TTFT: 0.4211 초 | 
2025-12-05 04:37:15,606 - INFO - [실시간] 요청 46000개 처리 | 현재까지의 RPS: 612.56최근 1000개 request의 p99 TTFT: 0.2179 초 | 
2025-12-05 04:37:17,254 - INFO - [실시간] 요청 47000개 처리 | 현재까지의 RPS: 612.44최근 1000개 request의 p99 TTFT: 0.3759 초 | 
2025-12-05 04:37:18,750 - INFO - [실시간] 요청 48000개 처리 | 현재까지의 RPS: 613.51최근 1000개 request의 p99 TTFT: 0.8855 초 | 
2025-12-05 04:37:20,282 - INFO - [실시간] 요청 49000개 처리 | 현재까지의 RPS: 614.26최근 1000개 request의 p99 TTFT: 0.4848 초 | 
2025-12-05 04:37:21,853 - INFO - [실시간] 요청 50000개 처리 | 현재까지의 RPS: 614.70최근 1000개 request의 p99 TTFT: 0.2364 초 | 
2025-12-05 04:37:23,531 - INFO - [실시간] 요청 51000개 처리 | 현재까지의 RPS: 614.32최근 1000개 request의 p99 TTFT: 0.2035 초 | 
2025-12-05 04:37:25,047 - INFO - [실시간] 요청 52000개 처리 | 현재까지의 RPS: 615.13최근 1000개 request의 p99 TTFT: 0.3778 초 | 
2025-12-05 04:37:26,553 - INFO - [실시간] 요청 53000개 처리 | 현재까지의 RPS: 615.98최근 1000개 request의 p99 TTFT: 0.2782 초 | 
2025-12-05 04:37:28,268 - INFO - [실시간] 요청 54000개 처리 | 현재까지의 RPS: 615.34최근 1000개 request의 p99 TTFT: 0.7118 초 | 
2025-12-05 04:37:29,702 - INFO - [실시간] 요청 55000개 처리 | 현재까지의 RPS: 616.66최근 1000개 request의 p99 TTFT: 0.7433 초 | 
2025-12-05 04:37:31,274 - INFO - [실시간] 요청 56000개 처리 | 현재까지의 RPS: 617.00최근 1000개 request의 p99 TTFT: 0.2407 초 | 
2025-12-05 04:37:32,852 - INFO - [실시간] 요청 57000개 처리 | 현재까지의 RPS: 617.29최근 1000개 request의 p99 TTFT: 0.1946 초 | 
2025-12-05 04:37:34,451 - INFO - [실시간] 요청 58000개 처리 | 현재까지의 RPS: 617.42최근 1000개 request의 p99 TTFT: 0.2118 초 | 
2025-12-05 04:37:35,956 - INFO - [실시간] 요청 59000개 처리 | 현재까지의 RPS: 618.16최근 1000개 request의 p99 TTFT: 0.2561 초 | 
2025-12-05 04:37:37,602 - INFO - [실시간] 요청 60000개 처리 | 현재까지의 RPS: 617.98최근 1000개 request의 p99 TTFT: 0.5647 초 | 
2025-12-05 04:37:39,012 - INFO - [실시간] 요청 61000개 처리 | 현재까지의 RPS: 619.29최근 1000개 request의 p99 TTFT: 0.5942 초 | 
2025-12-05 04:37:40,550 - INFO - [실시간] 요청 62000개 처리 | 현재까지의 RPS: 619.76최근 1000개 request의 p99 TTFT: 0.3453 초 | 
2025-12-05 04:37:42,080 - INFO - [실시간] 요청 63000개 처리 | 현재까지의 RPS: 620.27최근 1000개 request의 p99 TTFT: 0.2438 초 | 
2025-12-05 04:37:43,650 - INFO - [실시간] 요청 64000개 처리 | 현재까지의 RPS: 620.53최근 1000개 request의 p99 TTFT: 0.2072 초 | 
2025-12-05 04:37:45,231 - INFO - [실시간] 요청 65000개 처리 | 현재까지의 RPS: 620.71최근 1000개 request의 p99 TTFT: 0.2053 초 | 
2025-12-05 04:37:46,865 - INFO - [실시간] 요청 66000개 처리 | 현재까지의 RPS: 620.57최근 1000개 request의 p99 TTFT: 0.4006 초 | 
2025-12-05 04:37:48,302 - INFO - [실시간] 요청 67000개 처리 | 현재까지의 RPS: 621.58최근 1000개 request의 p99 TTFT: 0.6935 초 | 
2025-12-05 04:37:49,870 - INFO - [실시간] 요청 68000개 처리 | 현재까지의 RPS: 621.81최근 1000개 request의 p99 TTFT: 0.2099 초 | 
2025-12-05 04:37:51,413 - INFO - [실시간] 요청 69000개 처리 | 현재까지의 RPS: 622.18최근 1000개 request의 p99 TTFT: 0.2254 초 | 
2025-12-05 04:37:53,005 - INFO - [실시간] 요청 70000개 처리 | 현재까지의 RPS: 622.26최근 1000개 request의 p99 TTFT: 0.3616 초 | 
2025-12-05 04:37:54,510 - INFO - [실시간] 요청 71000개 처리 | 현재까지의 RPS: 622.82최근 1000개 request의 p99 TTFT: 0.4762 초 | 
2025-12-05 04:37:56,135 - INFO - [실시간] 요청 72000개 처리 | 현재까지의 RPS: 622.71최근 1000개 request의 p99 TTFT: 0.3913 초 | 
2025-12-05 04:37:57,645 - INFO - [실시간] 요청 73000개 처리 | 현재까지의 RPS: 623.22최근 1000개 request의 p99 TTFT: 0.5181 초 | 
2025-12-05 04:37:59,112 - INFO - [실시간] 요청 74000개 처리 | 현재까지의 RPS: 623.95최근 1000개 request의 p99 TTFT: 0.5124 초 | 
2025-12-05 04:38:00,627 - INFO - [실시간] 요청 75000개 처리 | 현재까지의 RPS: 624.40최근 1000개 request의 p99 TTFT: 0.2015 초 | 
2025-12-05 04:38:02,231 - INFO - [실시간] 요청 76000개 처리 | 현재까지의 RPS: 624.39최근 1000개 request의 p99 TTFT: 0.4105 초 | 
2025-12-05 04:38:03,751 - INFO - [실시간] 요청 77000개 처리 | 현재까지의 RPS: 624.80최근 1000개 request의 p99 TTFT: 0.3837 초 | 
2025-12-05 04:38:05,389 - INFO - [실시간] 요청 78000개 처리 | 현재까지의 RPS: 624.61최근 1000개 request의 p99 TTFT: 0.2981 초 | 
2025-12-05 04:38:07,023 - INFO - [실시간] 요청 79000개 처리 | 현재까지의 RPS: 624.45최근 1000개 request의 p99 TTFT: 0.6930 초 | 
2025-12-05 04:38:08,504 - INFO - [실시간] 요청 80000개 처리 | 현재까지의 RPS: 625.04최근 1000개 request의 p99 TTFT: 0.5750 초 | 
2025-12-05 04:38:09,955 - INFO - [실시간] 요청 81000개 처리 | 현재까지의 RPS: 625.76최근 1000개 request의 p99 TTFT: 0.3727 초 | 
2025-12-05 04:38:11,450 - INFO - [실시간] 요청 82000개 처리 | 현재까지의 RPS: 626.25최근 1000개 request의 p99 TTFT: 0.2057 초 | 
2025-12-05 04:38:12,978 - INFO - [실시간] 요청 83000개 처리 | 현재까지의 RPS: 626.58최근 1000개 request의 p99 TTFT: 0.2137 초 | 
2025-12-05 04:38:14,525 - INFO - [실시간] 요청 84000개 처리 | 현재까지의 RPS: 626.80최근 1000개 request의 p99 TTFT: 0.3483 초 | 
2025-12-05 04:38:16,205 - INFO - [실시간] 요청 85000개 처리 | 현재까지의 RPS: 626.42최근 1000개 request의 p99 TTFT: 0.5591 초 | 
2025-12-05 04:38:17,510 - INFO - [실시간] 요청 86000개 처리 | 현재까지의 RPS: 627.75최근 1000개 request의 p99 TTFT: 0.5309 초 | 
2025-12-05 04:38:19,008 - INFO - [실시간] 요청 87000개 처리 | 현재까지의 RPS: 628.18최근 1000개 request의 p99 TTFT: 0.4097 초 | 
2025-12-05 04:38:20,550 - INFO - [실시간] 요청 88000개 처리 | 현재까지의 RPS: 628.40최근 1000개 request의 p99 TTFT: 0.2002 초 | 
2025-12-05 04:38:22,155 - INFO - [실시간] 요청 89000개 처리 | 현재까지의 RPS: 628.34최근 1000개 request의 p99 TTFT: 0.2002 초 | 
2025-12-05 04:38:23,838 - INFO - [실시간] 요청 90000개 처리 | 현재까지의 RPS: 627.94최근 1000개 request의 p99 TTFT: 0.2060 초 | 
2025-12-05 04:38:25,405 - INFO - [실시간] 요청 91000개 처리 | 현재까지의 RPS: 628.05최근 1000개 request의 p99 TTFT: 0.4960 초 | 
2025-12-05 04:38:26,862 - INFO - [실시간] 요청 92000개 처리 | 현재까지의 RPS: 628.63최근 1000개 request의 p99 TTFT: 0.5118 초 | 
2025-12-05 04:38:28,393 - INFO - [실시간] 요청 93000개 처리 | 현재까지의 RPS: 628.89최근 1000개 request의 p99 TTFT: 0.2141 초 | 
2025-12-05 04:38:29,877 - INFO - [실시간] 요청 94000개 처리 | 현재까지의 RPS: 629.33최근 1000개 request의 p99 TTFT: 0.2146 초 | 
2025-12-05 04:38:31,417 - INFO - [실시간] 요청 95000개 처리 | 현재까지의 RPS: 629.54최근 1000개 request의 p99 TTFT: 0.3795 초 | 
2025-12-05 04:38:32,957 - INFO - [실시간] 요청 96000개 처리 | 현재까지의 RPS: 629.74최근 1000개 request의 p99 TTFT: 0.2035 초 | 
2025-12-05 04:38:34,692 - INFO - [실시간] 요청 97000개 처리 | 현재까지의 RPS: 629.14최근 1000개 request의 p99 TTFT: 0.3850 초 | 
2025-12-05 04:38:36,131 - INFO - [실시간] 요청 98000개 처리 | 현재까지의 RPS: 629.74최근 1000개 request의 p99 TTFT: 0.5354 초 | 
2025-12-05 04:38:37,695 - INFO - [실시간] 요청 99000개 처리 | 현재까지의 RPS: 629.84최근 1000개 request의 p99 TTFT: 0.4577 초 | 
2025-12-05 04:38:39,238 - INFO - [실시간] 요청 100000개 처리 | 현재까지의 RPS: 630.02최근 1000개 request의 p99 TTFT: 0.3723 초 | 
2025-12-05 04:38:40,755 - INFO - [실시간] 요청 101000개 처리 | 현재까지의 RPS: 630.29최근 1000개 request의 p99 TTFT: 0.1974 초 | 
2025-12-05 04:38:42,313 - INFO - [실시간] 요청 102000개 처리 | 현재까지의 RPS: 630.40최근 1000개 request의 p99 TTFT: 0.1984 초 | 
2025-12-05 04:38:43,996 - INFO - [실시간] 요청 103000개 처리 | 현재까지의 RPS: 630.03최근 1000개 request의 p99 TTFT: 0.3936 초 | 
2025-12-05 04:38:45,512 - INFO - [실시간] 요청 104000개 처리 | 현재까지의 RPS: 630.30최근 1000개 request의 p99 TTFT: 0.5666 초 | 
2025-12-05 04:38:46,944 - INFO - [실시간] 요청 105000개 처리 | 현재까지의 RPS: 630.89최근 1000개 request의 p99 TTFT: 0.4924 초 | 
2025-12-05 04:38:48,474 - INFO - [실시간] 요청 106000개 처리 | 현재까지의 RPS: 631.10최근 1000개 request의 p99 TTFT: 0.2291 초 | 
2025-12-05 04:38:50,001 - INFO - [실시간] 요청 107000개 처리 | 현재까지의 RPS: 631.31최근 1000개 request의 p99 TTFT: 0.2126 초 | 
2025-12-05 04:38:51,567 - INFO - [실시간] 요청 108000개 처리 | 현재까지의 RPS: 631.38최근 1000개 request의 p99 TTFT: 0.2327 초 | 
2025-12-05 04:38:53,164 - INFO - [실시간] 요청 109000개 처리 | 현재까지의 RPS: 631.33최근 1000개 request의 p99 TTFT: 0.3784 초 | 
2025-12-05 04:38:54,794 - INFO - [실시간] 요청 110000개 처리 | 현재까지의 RPS: 631.16최근 1000개 request의 p99 TTFT: 0.5171 초 | 
2025-12-05 04:38:56,226 - INFO - [실시간] 요청 111000개 처리 | 현재까지의 RPS: 631.71최근 1000개 request의 p99 TTFT: 0.5868 초 | 
2025-12-05 04:38:57,823 - INFO - [실시간] 요청 112000개 처리 | 현재까지의 RPS: 631.66최근 1000개 request의 p99 TTFT: 0.2117 초 | 
2025-12-05 04:38:59,305 - INFO - [실시간] 요청 113000개 처리 | 현재까지의 RPS: 632.02최근 1000개 request의 p99 TTFT: 0.2230 초 | 
2025-12-05 04:39:00,869 - INFO - [실시간] 요청 114000개 처리 | 현재까지의 RPS: 632.08최근 1000개 request의 p99 TTFT: 0.2009 초 | 
2025-12-05 04:39:02,440 - INFO - [실시간] 요청 115000개 처리 | 현재까지의 RPS: 632.12최근 1000개 request의 p99 TTFT: 0.1963 초 | 
2025-12-05 04:39:04,223 - INFO - [실시간] 요청 116000개 처리 | 현재까지의 RPS: 631.43최근 1000개 request의 p99 TTFT: 0.7525 초 | 
2025-12-05 04:39:05,599 - INFO - [실시간] 요청 117000개 처리 | 현재까지의 RPS: 632.14최근 1000개 request의 p99 TTFT: 0.7646 초 | 
2025-12-05 04:39:07,170 - INFO - [실시간] 요청 118000개 처리 | 현재까지의 RPS: 632.17최근 1000개 request의 p99 TTFT: 0.2314 초 | 
2025-12-05 04:39:08,674 - INFO - [실시간] 요청 119000개 처리 | 현재까지의 RPS: 632.43최근 1000개 request의 p99 TTFT: 0.2116 초 | 
2025-12-05 04:39:10,206 - INFO - [실시간] 요청 120000개 처리 | 현재까지의 RPS: 632.60최근 1000개 request의 p99 TTFT: 0.2064 초 | 
2025-12-05 04:39:11,759 - INFO - [실시간] 요청 121000개 처리 | 현재까지의 RPS: 632.69최근 1000개 request의 p99 TTFT: 0.2084 초 | 
2025-12-05 04:39:13,534 - INFO - [실시간] 요청 122000개 처리 | 현재까지의 RPS: 632.05최근 1000개 request의 p99 TTFT: 0.4515 초 | 
2025-12-05 04:39:14,977 - INFO - [실시간] 요청 123000개 처리 | 현재까지의 RPS: 632.50최근 1000개 request의 p99 TTFT: 0.6983 초 | 
2025-12-05 04:39:16,399 - INFO - [실시간] 요청 124000개 처리 | 현재까지의 RPS: 633.02최근 1000개 request의 p99 TTFT: 0.4578 초 | 
2025-12-05 04:39:17,888 - INFO - [실시간] 요청 125000개 처리 | 현재까지의 RPS: 633.31최근 1000개 request의 p99 TTFT: 0.3696 초 | 
2025-12-05 04:39:19,419 - INFO - [실시간] 요청 126000개 처리 | 현재까지의 RPS: 633.46최근 1000개 request의 p99 TTFT: 0.2481 초 | 
2025-12-05 04:39:20,939 - INFO - [실시간] 요청 127000개 처리 | 현재까지의 RPS: 633.65최근 1000개 request의 p99 TTFT: 0.3690 초 | 
2025-12-05 04:39:22,646 - INFO - [실시간] 요청 128000개 처리 | 현재까지의 RPS: 633.24최근 1000개 request의 p99 TTFT: 0.3924 초 | 
2025-12-05 04:39:24,144 - INFO - [실시간] 요청 129000개 처리 | 현재까지의 RPS: 633.49최근 1000개 request의 p99 TTFT: 0.4408 초 | 
2025-12-05 04:39:25,645 - INFO - [실시간] 요청 130000개 처리 | 현재까지의 RPS: 633.74최근 1000개 request의 p99 TTFT: 0.3070 초 | 
2025-12-05 04:39:27,234 - INFO - [실시간] 요청 131000개 처리 | 현재까지의 RPS: 633.70최근 1000개 request의 p99 TTFT: 0.2030 초 | 
2025-12-05 04:39:28,780 - INFO - [실시간] 요청 132000개 처리 | 현재까지의 RPS: 633.80최근 1000개 request의 p99 TTFT: 0.2808 초 | 
2025-12-05 04:39:30,354 - INFO - [실시간] 요청 133000개 처리 | 현재까지의 RPS: 633.81최근 1000개 request의 p99 TTFT: 0.2302 초 | 
2025-12-05 04:39:31,977 - INFO - [실시간] 요청 134000개 처리 | 현재까지의 RPS: 633.67최근 1000개 request의 p99 TTFT: 0.3671 초 | 
2025-12-05 04:39:33,620 - INFO - [실시간] 요청 135000개 처리 | 현재까지의 RPS: 633.48최근 1000개 request의 p99 TTFT: 0.4237 초 | 
2025-12-05 04:39:35,043 - INFO - [실시간] 요청 136000개 처리 | 현재까지의 RPS: 633.94최근 1000개 request의 p99 TTFT: 0.3959 초 | 
2025-12-05 04:39:36,622 - INFO - [실시간] 요청 137000개 처리 | 현재까지의 RPS: 633.94최근 1000개 request의 p99 TTFT: 0.2358 초 | 
2025-12-05 04:39:38,195 - INFO - [실시간] 요청 138000개 처리 | 현재까지의 RPS: 633.95최근 1000개 request의 p99 TTFT: 0.2093 초 | 
2025-12-05 04:39:39,751 - INFO - [실시간] 요청 139000개 처리 | 현재까지의 RPS: 634.01최근 1000개 request의 p99 TTFT: 0.2467 초 | 
2025-12-05 04:39:41,298 - INFO - [실시간] 요청 140000개 처리 | 현재까지의 RPS: 634.10최근 1000개 request의 p99 TTFT: 0.2237 초 | 
2025-12-05 04:39:43,059 - INFO - [실시간] 요청 141000개 처리 | 현재까지의 RPS: 633.57최근 1000개 request의 p99 TTFT: 0.4577 초 | 
2025-12-05 04:39:44,453 - INFO - [실시간] 요청 142000개 처리 | 현재까지의 RPS: 634.09최근 1000개 request의 p99 TTFT: 0.6985 초 | 
2025-12-05 04:39:45,869 - INFO - [실시간] 요청 143000개 처리 | 현재까지의 RPS: 634.55최근 1000개 request의 p99 TTFT: 0.2968 초 | 
2025-12-05 04:39:47,398 - INFO - [실시간] 요청 144000개 처리 | 현재까지의 RPS: 634.68최근 1000개 request의 p99 TTFT: 0.3873 초 | 
2025-12-05 04:39:48,900 - INFO - [실시간] 요청 145000개 처리 | 현재까지의 RPS: 634.88최근 1000개 request의 p99 TTFT: 0.2020 초 | 
2025-12-05 04:39:50,467 - INFO - [실시간] 요청 146000개 처리 | 현재까지의 RPS: 634.91최근 1000개 request의 p99 TTFT: 0.2066 초 | 
2025-12-05 04:39:52,164 - INFO - [실시간] 요청 147000개 처리 | 현재까지의 RPS: 634.57최근 1000개 request의 p99 TTFT: 0.4157 초 | 
2025-12-05 04:39:53,670 - INFO - [실시간] 요청 148000개 처리 | 현재까지의 RPS: 634.76최근 1000개 request의 p99 TTFT: 0.4780 초 | 
2025-12-05 04:39:55,171 - INFO - [실시간] 요청 149000개 처리 | 현재까지의 RPS: 634.96최근 1000개 request의 p99 TTFT: 0.3914 초 | 
2025-12-05 04:39:56,765 - INFO - [실시간] 요청 150000개 처리 | 현재까지의 RPS: 634.91최근 1000개 request의 p99 TTFT: 0.3788 초 | 
2025-12-05 04:39:58,263 - INFO - [실시간] 요청 151000개 처리 | 현재까지의 RPS: 635.12최근 1000개 request의 p99 TTFT: 0.2083 초 | 
2025-12-05 04:39:59,806 - INFO - [실시간] 요청 152000개 처리 | 현재까지의 RPS: 635.20최근 1000개 request의 p99 TTFT: 0.2097 초 | 
2025-12-05 04:40:01,527 - INFO - [실시간] 요청 153000개 처리 | 현재까지의 RPS: 634.82최근 1000개 request의 p99 TTFT: 0.3737 초 | 
2025-12-05 04:40:03,088 - INFO - [실시간] 요청 154000개 처리 | 현재까지의 RPS: 634.85최근 1000개 request의 p99 TTFT: 0.5552 초 | 
2025-12-05 04:40:04,591 - INFO - [실시간] 요청 155000개 처리 | 현재까지의 RPS: 635.04최근 1000개 request의 p99 TTFT: 0.3736 초 | 
2025-12-05 04:40:06,081 - INFO - [실시간] 요청 156000개 처리 | 현재까지의 RPS: 635.26최근 1000개 request의 p99 TTFT: 0.4137 초 | 
2025-12-05 04:40:07,629 - INFO - [실시간] 요청 157000개 처리 | 현재까지의 RPS: 635.33최근 1000개 request의 p99 TTFT: 0.2050 초 | 
2025-12-05 04:40:09,195 - INFO - [실시간] 요청 158000개 처리 | 현재까지의 RPS: 635.35최근 1000개 request의 p99 TTFT: 0.4015 초 | 
2025-12-05 04:40:10,827 - INFO - [실시간] 요청 159000개 처리 | 현재까지의 RPS: 635.20최근 1000개 request의 p99 TTFT: 0.4487 초 | 
2025-12-05 04:40:12,484 - INFO - [실시간] 요청 160000개 처리 | 현재까지의 RPS: 634.99최근 1000개 request의 p99 TTFT: 0.4915 초 | 
2025-12-05 04:40:13,897 - INFO - [실시간] 요청 161000개 처리 | 현재까지의 RPS: 635.40최근 1000개 request의 p99 TTFT: 0.4905 초 | 
2025-12-05 04:40:15,432 - INFO - [실시간] 요청 162000개 처리 | 현재까지의 RPS: 635.49최근 1000개 request의 p99 TTFT: 0.2057 초 | 
2025-12-05 04:40:16,945 - INFO - [실시간] 요청 163000개 처리 | 현재까지의 RPS: 635.64최근 1000개 request의 p99 TTFT: 0.4247 초 | 
2025-12-05 04:40:18,513 - INFO - [실시간] 요청 164000개 처리 | 현재까지의 RPS: 635.66최근 1000개 request의 p99 TTFT: 0.2172 초 | 
2025-12-05 04:40:20,062 - INFO - [실시간] 요청 165000개 처리 | 현재까지의 RPS: 635.72최근 1000개 request의 p99 TTFT: 0.1971 초 | 
2025-12-05 04:40:21,817 - INFO - [실시간] 요청 166000개 처리 | 현재까지의 RPS: 635.27최근 1000개 request의 p99 TTFT: 0.4409 초 | 
2025-12-05 04:40:23,214 - INFO - [실시간] 요청 167000개 처리 | 현재까지의 RPS: 635.70최근 1000개 request의 p99 TTFT: 0.5685 초 | 
2025-12-05 04:40:24,788 - INFO - [실시간] 요청 168000개 처리 | 현재까지의 RPS: 635.70최근 1000개 request의 p99 TTFT: 0.2155 초 | 
2025-12-05 04:40:26,368 - INFO - [실시간] 요청 169000개 처리 | 현재까지의 RPS: 635.68최근 1000개 request의 p99 TTFT: 0.4067 초 | 
2025-12-05 04:40:27,848 - INFO - [실시간] 요청 170000개 처리 | 현재까지의 RPS: 635.90최근 1000개 request의 p99 TTFT: 0.2550 초 | 
2025-12-05 04:40:29,383 - INFO - [실시간] 요청 171000개 처리 | 현재까지의 RPS: 635.99최근 1000개 request의 p99 TTFT: 0.2186 초 | 
2025-12-05 04:40:31,129 - INFO - [실시간] 요청 172000개 처리 | 현재까지의 RPS: 635.58최근 1000개 request의 p99 TTFT: 0.4161 초 | 
2025-12-05 04:40:32,516 - INFO - [실시간] 요청 173000개 처리 | 현재까지의 RPS: 636.02최근 1000개 request의 p99 TTFT: 0.6808 초 | 
2025-12-05 04:40:34,065 - INFO - [실시간] 요청 174000개 처리 | 현재까지의 RPS: 636.07최근 1000개 request의 p99 TTFT: 0.2049 초 | 
2025-12-05 04:40:35,679 - INFO - [실시간] 요청 175000개 처리 | 현재까지의 RPS: 635.98최근 1000개 request의 p99 TTFT: 0.2172 초 | 
2025-12-05 04:40:37,292 - INFO - [실시간] 요청 176000개 처리 | 현재까지의 RPS: 635.88최근 1000개 request의 p99 TTFT: 0.2357 초 | 
2025-12-05 04:40:38,792 - INFO - [실시간] 요청 177000개 처리 | 현재까지의 RPS: 636.05최근 1000개 request의 p99 TTFT: 0.2227 초 | 
2025-12-05 04:40:40,459 - INFO - [실시간] 요청 178000개 처리 | 현재까지의 RPS: 635.84최근 1000개 request의 p99 TTFT: 0.4203 초 | 
2025-12-05 04:40:41,935 - INFO - [실시간] 요청 179000개 처리 | 현재까지의 RPS: 636.05최근 1000개 request의 p99 TTFT: 0.5672 초 | 
2025-12-05 04:40:43,419 - INFO - [실시간] 요청 180000개 처리 | 현재까지의 RPS: 636.25최근 1000개 request의 p99 TTFT: 0.3828 초 | 
2025-12-05 04:40:44,938 - INFO - [실시간] 요청 181000개 처리 | 현재까지의 RPS: 636.37최근 1000개 request의 p99 TTFT: 0.4977 초 | 
2025-12-05 04:40:46,484 - INFO - [실시간] 요청 182000개 처리 | 현재까지의 RPS: 636.42최근 1000개 request의 p99 TTFT: 0.2402 초 | 
2025-12-05 04:40:48,033 - INFO - [실시간] 요청 183000개 처리 | 현재까지의 RPS: 636.47최근 1000개 request의 p99 TTFT: 0.2982 초 | 
2025-12-05 04:40:49,620 - INFO - [실시간] 요청 184000개 처리 | 현재까지의 RPS: 636.44최근 1000개 request의 p99 TTFT: 0.3925 초 | 
2025-12-05 04:40:51,243 - INFO - [실시간] 요청 185000개 처리 | 현재까지의 RPS: 636.33최근 1000개 request의 p99 TTFT: 0.5772 초 | 
2025-12-05 04:40:52,663 - INFO - [실시간] 요청 186000개 처리 | 현재까지의 RPS: 636.66최근 1000개 request의 p99 TTFT: 0.3704 초 | 
2025-12-05 04:40:54,230 - INFO - [실시간] 요청 187000개 처리 | 현재까지의 RPS: 636.66최근 1000개 request의 p99 TTFT: 0.2199 초 | 
2025-12-05 04:40:55,799 - INFO - [실시간] 요청 188000개 처리 | 현재까지의 RPS: 636.67최근 1000개 request의 p99 TTFT: 0.2012 초 | 
2025-12-05 04:40:57,336 - INFO - [실시간] 요청 189000개 처리 | 현재까지의 RPS: 636.74최근 1000개 request의 p99 TTFT: 0.1981 초 | 
2025-12-05 04:40:58,882 - INFO - [실시간] 요청 190000개 처리 | 현재까지의 RPS: 636.79최근 1000개 request의 p99 TTFT: 0.2189 초 | 
2025-12-05 04:41:00,590 - INFO - [실시간] 요청 191000개 처리 | 현재까지의 RPS: 636.50최근 1000개 request의 p99 TTFT: 0.6110 초 | 
2025-12-05 04:41:01,928 - INFO - [실시간] 요청 192000개 처리 | 현재까지의 RPS: 636.99최근 1000개 request의 p99 TTFT: 0.6290 초 | 
2025-12-05 04:41:03,475 - INFO - [실시간] 요청 193000개 처리 | 현재까지의 RPS: 637.04최근 1000개 request의 p99 TTFT: 0.3358 초 | 
2025-12-05 04:41:05,054 - INFO - [실시간] 요청 194000개 처리 | 현재까지의 RPS: 637.02최근 1000개 request의 p99 TTFT: 0.2130 초 | 
2025-12-05 04:41:06,610 - INFO - [실시간] 요청 195000개 처리 | 현재까지의 RPS: 637.05최근 1000개 request의 p99 TTFT: 0.2036 초 | 
2025-12-05 04:41:08,369 - INFO - [실시간] 요청 196000개 처리 | 현재까지의 RPS: 636.66최근 1000개 request의 p99 TTFT: 0.4045 초 | 
2025-12-05 04:41:09,919 - INFO - [실시간] 요청 197000개 처리 | 현재까지의 RPS: 636.70최근 1000개 request의 p99 TTFT: 0.6045 초 | 
2025-12-05 04:41:11,291 - INFO - [실시간] 요청 198000개 처리 | 현재까지의 RPS: 637.11최근 1000개 request의 p99 TTFT: 0.7536 초 | 
2025-12-05 04:41:12,777 - INFO - [실시간] 요청 199000개 처리 | 현재까지의 RPS: 637.28최근 1000개 request의 p99 TTFT: 0.2232 초 | 
2025-12-05 04:41:14,379 - INFO - [실시간] 요청 200000개 처리 | 현재까지의 RPS: 637.21최근 1000개 request의 p99 TTFT: 0.2171 초 | 
2025-12-05 04:41:15,939 - INFO - [실시간] 요청 201000개 처리 | 현재까지의 RPS: 637.23최근 1000개 request의 p99 TTFT: 0.2075 초 | 
2025-12-05 04:41:17,496 - INFO - [실시간] 요청 202000개 처리 | 현재까지의 RPS: 637.26최근 1000개 request의 p99 TTFT: 0.3865 초 | 
2025-12-05 04:41:19,238 - INFO - [실시간] 요청 203000개 처리 | 현재까지의 RPS: 636.91최근 1000개 request의 p99 TTFT: 0.4501 초 | 
2025-12-05 04:41:20,667 - INFO - [실시간] 요청 204000개 처리 | 현재까지의 RPS: 637.19최근 1000개 request의 p99 TTFT: 0.4254 초 | 
2025-12-05 04:41:22,145 - INFO - [실시간] 요청 205000개 처리 | 현재까지의 RPS: 637.37최근 1000개 request의 p99 TTFT: 0.2468 초 | 
2025-12-05 04:41:23,680 - INFO - [실시간] 요청 206000개 처리 | 현재까지의 RPS: 637.44최근 1000개 request의 p99 TTFT: 0.2117 초 | 
2025-12-05 04:41:25,210 - INFO - [실시간] 요청 207000개 처리 | 현재까지의 RPS: 637.52최근 1000개 request의 p99 TTFT: 0.2037 초 | 
2025-12-05 04:41:26,779 - INFO - [실시간] 요청 208000개 처리 | 현재까지의 RPS: 637.51최근 1000개 request의 p99 TTFT: 0.2109 초 | 
2025-12-05 04:41:28,467 - INFO - [실시간] 요청 209000개 처리 | 현재까지의 RPS: 637.28최근 1000개 request의 p99 TTFT: 0.4409 초 | 
2025-12-05 04:41:29,949 - INFO - [실시간] 요청 210000개 처리 | 현재까지의 RPS: 637.45최근 1000개 request의 p99 TTFT: 0.7631 초 | 
2025-12-05 04:41:32,000 - INFO - [실시간] 요청 211000개 처리 | 현재까지의 RPS: 636.52최근 1000개 request의 p99 TTFT: 0.5998 초 | 
통계에 반영된 요청 인덱스 범위: 4000 ~ 211000 (총 207000개 요청)
통계 반영된 요청 수: 207000, 통계 반영된 시간: 321.26 초

==================================================
 실험 최종 결과 요약
==================================================
 설정 실험 시간: 330 초
 Clients 수: 7000
 통계 반영 시간: 321.26 초
 총 시도된 요청: 207000 개
 총 완료된 요청: 207000 개
 총 실패한 요청: 0 개
 완료 요청 중 retrieval이 실패한 요청: -4008 개
 요청 성공률: 100.00%
 전체 Requests Per Second (RPS): 644.33
--------------------------------------------------
 Time to First Token (TTFT) Latency:
  - 평균 (Mean): 0.1366 초
  - 중간값 (50%ile): 0.1168 초
  - 최소값 (Min): 0.0165 초
  - 최대값 (Max): 1.2372 초
  - 95%ile Tail: 0.3179 초
  - 99%ile Tail: 0.4896 초
--------------------------------------------------
 Time Per Output Token (TPOT):
  - 평균 (Mean): 16.82 ms/token
--------------------------------------------------
 Embedding Latency:
  - 총 샘플 수: 207000
  - 평균 (Mean): 7.41 ms
  - 중간값 (50%ile): 6.00 ms
  - 95%ile Tail: 13.00 ms
  - 99%ile Tail: 33.00 ms
--------------------------------------------------
 VectorDB Search Latency:
  - 총 샘플 수: 207000
  - 평균 (Mean): 51.40 ms
  - 중간값 (50%ile): 27.00 ms
  - 95%ile Tail: 202.00 ms
  - 99%ile Tail: 310.00 ms
--------------------------------------------------
 Document Search Latency:
  - 총 샘플 수: 207000
  - 평균 (Mean): 11.77 ms
  - 중간값 (50%ile): 7.00 ms
  - 95%ile Tail: 32.00 ms
  - 99%ile Tail: 68.00 ms
--------------------------------------------------
 Total Retrieval Latency:
  - 총 샘플 수: 207000
  - 평균 (Mean): 70.60 ms
  - 중간값 (50%ile): 43.00 ms
  - 95%ile Tail: 233.00 ms
  - 99%ile Tail: 387.00 ms
==================================================
