2025-10-01 23:39:42,752 - INFO - ReqGen 시작: 서버=163.152.48.109:9000, 클라이언트=4000, 시간=60초
2025-10-01 23:39:42,752 - INFO - Hugging Face에서 'kroshan/BioASQ' 데이터셋을 로드합니다...
2025-10-01 23:39:49,623 - INFO - 3266개의 질문을 로드했습니다.
2025-10-01 23:39:49,623 - INFO - 부하 테스트 시작, client 수 = 4000
2025-10-01 23:39:49,624 - INFO - Zipf 값 1.2에서 상위 20%의 질문이 차지하는 비율: 91.82%
2025-10-01 23:39:52,778 - INFO - [실시간] 요청 1000개 처리 | 현재까지의 RPS: 317.02최근 1000개 request의 p99 TTFT: 0.3858 초 | 
2025-10-01 23:39:55,100 - INFO - [실시간] 요청 2000개 처리 | 현재까지의 RPS: 365.24최근 1000개 request의 p99 TTFT: 0.2131 초 | 
2025-10-01 23:39:57,293 - INFO - [실시간] 요청 3000개 처리 | 현재까지의 RPS: 391.17최근 1000개 request의 p99 TTFT: 0.4122 초 | 
2025-10-01 23:39:58,669 - INFO - [실시간] 요청 4000개 처리 | 현재까지의 RPS: 442.23최근 1000개 request의 p99 TTFT: 0.4141 초 | 
2025-10-01 23:40:00,092 - INFO - [실시간] 요청 5000개 처리 | 현재까지의 RPS: 477.64최근 1000개 request의 p99 TTFT: 0.2528 초 | 
2025-10-01 23:40:02,004 - INFO - [실시간] 요청 6000개 처리 | 현재까지의 RPS: 484.63최근 1000개 request의 p99 TTFT: 0.5336 초 | 
2025-10-01 23:40:03,917 - INFO - [실시간] 요청 7000개 처리 | 현재까지의 RPS: 489.75최근 1000개 request의 p99 TTFT: 0.1931 초 | 
2025-10-01 23:40:05,688 - INFO - [실시간] 요청 8000개 처리 | 현재까지의 RPS: 498.00최근 1000개 request의 p99 TTFT: 0.2029 초 | 
2025-10-01 23:40:07,540 - INFO - [실시간] 요청 9000개 처리 | 현재까지의 RPS: 502.34최근 1000개 request의 p99 TTFT: 0.3644 초 | 
2025-10-01 23:40:09,217 - INFO - [실시간] 요청 10000개 처리 | 현재까지의 RPS: 510.38최근 1000개 request의 p99 TTFT: 0.4349 초 | 
2025-10-01 23:40:11,079 - INFO - [실시간] 요청 11000개 처리 | 현재까지의 RPS: 512.69최근 1000개 request의 p99 TTFT: 0.2022 초 | 
2025-10-01 23:40:12,903 - INFO - [실시간] 요청 12000개 처리 | 현재까지의 RPS: 515.48최근 1000개 request의 p99 TTFT: 0.2241 초 | 
2025-10-01 23:40:14,592 - INFO - [실시간] 요청 13000개 처리 | 현재까지의 RPS: 520.66최근 1000개 request의 p99 TTFT: 0.2001 초 | 
2025-10-01 23:40:16,453 - INFO - [실시간] 요청 14000개 처리 | 현재까지의 RPS: 521.81최근 1000개 request의 p99 TTFT: 0.7521 초 | 
2025-10-01 23:40:18,324 - INFO - [실시간] 요청 15000개 처리 | 현재까지의 RPS: 522.64최근 1000개 request의 p99 TTFT: 0.2090 초 | 
2025-10-01 23:40:20,134 - INFO - [실시간] 요청 16000개 처리 | 현재까지의 RPS: 524.42최근 1000개 request의 p99 TTFT: 0.2216 초 | 
2025-10-01 23:40:21,985 - INFO - [실시간] 요청 17000개 처리 | 현재까지의 RPS: 525.31최근 1000개 request의 p99 TTFT: 0.4338 초 | 
2025-10-01 23:40:23,739 - INFO - [실시간] 요청 18000개 처리 | 현재까지의 RPS: 527.62최근 1000개 request의 p99 TTFT: 0.2089 초 | 
2025-10-01 23:40:25,498 - INFO - [실시간] 요청 19000개 처리 | 현재까지의 RPS: 529.62최근 1000개 request의 p99 TTFT: 0.2101 초 | 
2025-10-01 23:40:27,340 - INFO - [실시간] 요청 20000개 처리 | 현재까지의 RPS: 530.27최근 1000개 request의 p99 TTFT: 0.2110 초 | 
2025-10-01 23:40:29,142 - INFO - [실시간] 요청 21000개 처리 | 현재까지의 RPS: 531.40최근 1000개 request의 p99 TTFT: 0.4146 초 | 
2025-10-01 23:40:30,937 - INFO - [실시간] 요청 22000개 처리 | 현재까지의 RPS: 532.52최근 1000개 request의 p99 TTFT: 0.2016 초 | 
2025-10-01 23:40:32,772 - INFO - [실시간] 요청 23000개 처리 | 현재까지의 RPS: 533.05최근 1000개 request의 p99 TTFT: 0.2299 초 | 
2025-10-01 23:40:34,561 - INFO - [실시간] 요청 24000개 처리 | 현재까지의 RPS: 534.08최근 1000개 request의 p99 TTFT: 0.2157 초 | 
2025-10-01 23:40:36,364 - INFO - [실시간] 요청 25000개 처리 | 현재까지의 RPS: 534.87최근 1000개 request의 p99 TTFT: 0.4277 초 | 
2025-10-01 23:40:38,198 - INFO - [실시간] 요청 26000개 처리 | 현재까지의 RPS: 535.26최근 1000개 request의 p99 TTFT: 0.2070 초 | 
2025-10-01 23:40:40,035 - INFO - [실시간] 요청 27000개 처리 | 현재까지의 RPS: 535.59최근 1000개 request의 p99 TTFT: 0.3241 초 | 
2025-10-01 23:40:41,735 - INFO - [실시간] 요청 28000개 처리 | 현재까지의 RPS: 537.31최근 1000개 request의 p99 TTFT: 0.2061 초 | 
2025-10-01 23:40:43,636 - INFO - [실시간] 요청 29000개 처리 | 현재까지의 RPS: 536.91최근 1000개 request의 p99 TTFT: 0.3912 초 | 
2025-10-01 23:40:45,380 - INFO - [실시간] 요청 30000개 처리 | 현재까지의 RPS: 538.05최근 1000개 request의 p99 TTFT: 0.2171 초 | 
2025-10-01 23:40:47,174 - INFO - [실시간] 요청 31000개 처리 | 현재까지의 RPS: 538.65최근 1000개 request의 p99 TTFT: 0.3817 초 | 
2025-10-01 23:40:48,997 - INFO - [실시간] 요청 32000개 처리 | 현재까지의 RPS: 538.97최근 1000개 request의 p99 TTFT: 0.2121 초 | 
통계에 반영된 요청 인덱스 범위: 0 ~ 32570 (총 32570개 요청)
통계 반영된 요청 수: 32570, 통계 반영된 시간: 78.40 초

==================================================
 실험 최종 결과 요약
==================================================
 설정 실험 시간: 60 초
 Clients 수: 4000
 통계 반영 시간: 78.40 초
 총 시도된 요청: 32570 개
 총 완료된 요청: 32570 개
 총 실패한 요청: 0 개
 완료 요청 중 retrieval이 실패한 요청: 0 개
 요청 성공률: 100.00%
 전체 Requests Per Second (RPS): 415.42
--------------------------------------------------
 Time to First Token (TTFT) Latency:
  - 평균 (Mean): 0.1122 초
  - 중간값 (50%ile): 0.1023 초
  - 최소값 (Min): 0.0233 초
  - 최대값 (Max): 1.2546 초
  - 95%ile Tail: 0.1989 초
  - 99%ile Tail: 0.4130 초
--------------------------------------------------
 Time Per Output Token (TPOT):
  - 평균 (Mean): 16.63 ms/token
--------------------------------------------------
 Embedding Latency:
  - 총 샘플 수: 32566
  - 평균 (Mean): 8.21 ms
  - 중간값 (50%ile): 7.00 ms
  - 95%ile Tail: 15.00 ms
  - 99%ile Tail: 28.00 ms
--------------------------------------------------
 VectorDB Search Latency:
  - 총 샘플 수: 32566
  - 평균 (Mean): 20.80 ms
  - 중간값 (50%ile): 14.00 ms
  - 95%ile Tail: 53.00 ms
  - 99%ile Tail: 151.00 ms
--------------------------------------------------
 Document Search Latency:
  - 총 샘플 수: 32566
  - 평균 (Mean): 12.26 ms
  - 중간값 (50%ile): 7.00 ms
  - 95%ile Tail: 35.00 ms
  - 99%ile Tail: 63.00 ms
--------------------------------------------------
 Total Retrieval Latency:
  - 총 샘플 수: 32570
  - 평균 (Mean): 41.29 ms
  - 중간값 (50%ile): 30.00 ms
  - 95%ile Tail: 90.00 ms
  - 99%ile Tail: 235.31 ms
==================================================
