2025-10-01 23:41:09,803 - INFO - ReqGen 시작: 서버=163.152.48.109:9000, 클라이언트=6000, 시간=60초
2025-10-01 23:41:09,804 - INFO - Hugging Face에서 'kroshan/BioASQ' 데이터셋을 로드합니다...
2025-10-01 23:41:16,695 - INFO - 3266개의 질문을 로드했습니다.
2025-10-01 23:41:16,697 - INFO - 부하 테스트 시작, client 수 = 6000
2025-10-01 23:41:16,697 - INFO - Zipf 값 1.2에서 상위 20%의 질문이 차지하는 비율: 91.82%
2025-10-01 23:41:19,203 - INFO - [실시간] 요청 1000개 처리 | 현재까지의 RPS: 398.96최근 1000개 request의 p99 TTFT: 0.2474 초 | 
2025-10-01 23:41:20,988 - INFO - [실시간] 요청 2000개 처리 | 현재까지의 RPS: 466.04최근 1000개 request의 p99 TTFT: 0.7240 초 | 
2025-10-01 23:41:22,380 - INFO - [실시간] 요청 3000개 처리 | 현재까지의 RPS: 527.89최근 1000개 request의 p99 TTFT: 0.7415 초 | 
2025-10-01 23:41:23,727 - INFO - [실시간] 요청 4000개 처리 | 현재까지의 RPS: 568.97최근 1000개 request의 p99 TTFT: 0.4430 초 | 
2025-10-01 23:41:25,309 - INFO - [실시간] 요청 5000개 처리 | 현재까지의 RPS: 580.57최근 1000개 request의 p99 TTFT: 0.5085 초 | 
2025-10-01 23:41:26,880 - INFO - [실시간] 요청 6000개 처리 | 현재까지의 RPS: 589.20최근 1000개 request의 p99 TTFT: 1.5688 초 | 
2025-10-01 23:41:27,904 - INFO - [실시간] 요청 7000개 처리 | 현재까지의 RPS: 624.58최근 1000개 request의 p99 TTFT: 2.3355 초 | 
2025-10-01 23:41:27,905 - WARNING - 최근 1000개의 p99 TTFT 2.3355 초가 SLO 2.0 초를 초과했습니다. 부하 테스트를 조기 종료합니다.
2025-10-01 23:41:29,106 - INFO - [실시간] 요청 8000개 처리 | 현재까지의 RPS: 644.69최근 1000개 request의 p99 TTFT: 2.7728 초 | 
통계에 반영된 요청 인덱스 범위: 0 ~ 7000 (총 7000개 요청)
통계 반영된 요청 수: 7000, 통계 반영된 시간: 31.14 초

==================================================
 실험 최종 결과 요약
==================================================
 부하 테스트가 조기 종료되었습니다! (SLO 위반)
 Client 수를 낮추어 다시 시도하세요.
 설정 실험 시간: 60 초
 Clients 수: 6000
 통계 반영 시간: 31.14 초
 총 시도된 요청: 7000 개
 총 완료된 요청: 7000 개
 총 실패한 요청: 0 개
 완료 요청 중 retrieval이 실패한 요청: -1466 개
 요청 성공률: 100.00%
 전체 Requests Per Second (RPS): 224.81
--------------------------------------------------
 Time to First Token (TTFT) Latency:
  - 평균 (Mean): 0.3415 초
  - 중간값 (50%ile): 0.1544 초
  - 최소값 (Min): 0.0266 초
  - 최대값 (Max): 2.5180 초
  - 95%ile Tail: 1.2177 초
  - 99%ile Tail: 2.0730 초
--------------------------------------------------
 Time Per Output Token (TPOT):
  - 평균 (Mean): 16.73 ms/token
--------------------------------------------------
 Embedding Latency:
  - 총 샘플 수: 7000
  - 평균 (Mean): 12.32 ms
  - 중간값 (50%ile): 6.00 ms
  - 95%ile Tail: 39.00 ms
  - 99%ile Tail: 79.01 ms
--------------------------------------------------
 VectorDB Search Latency:
  - 총 샘플 수: 7000
  - 평균 (Mean): 214.00 ms
  - 중간값 (50%ile): 39.00 ms
  - 95%ile Tail: 1015.05 ms
  - 99%ile Tail: 1800.03 ms
--------------------------------------------------
 Document Search Latency:
  - 총 샘플 수: 7000
  - 평균 (Mean): 22.25 ms
  - 중간값 (50%ile): 10.00 ms
  - 95%ile Tail: 79.00 ms
  - 99%ile Tail: 129.00 ms
--------------------------------------------------
 Total Retrieval Latency:
  - 총 샘플 수: 7000
  - 평균 (Mean): 248.31 ms
  - 중간값 (50%ile): 67.00 ms
  - 95%ile Tail: 1101.00 ms
  - 99%ile Tail: 1883.01 ms
==================================================
