2025-10-01 23:41:49,609 - INFO - ReqGen 시작: 서버=163.152.48.109:9000, 클라이언트=3000, 시간=60초
2025-10-01 23:41:49,609 - INFO - Hugging Face에서 'kroshan/BioASQ' 데이터셋을 로드합니다...
2025-10-01 23:41:56,361 - INFO - 3266개의 질문을 로드했습니다.
2025-10-01 23:41:56,362 - INFO - 부하 테스트 시작, client 수 = 3000
2025-10-01 23:41:56,363 - INFO - Zipf 값 1.2에서 상위 20%의 질문이 차지하는 비율: 91.82%
2025-10-01 23:42:00,288 - INFO - [실시간] 요청 1000개 처리 | 현재까지의 RPS: 254.76최근 1000개 request의 p99 TTFT: 0.2244 초 | 
2025-10-01 23:42:03,107 - INFO - [실시간] 요청 2000개 처리 | 현재까지의 RPS: 296.56최근 1000개 request의 p99 TTFT: 0.2016 초 | 
2025-10-01 23:42:05,278 - INFO - [실시간] 요청 3000개 처리 | 현재까지의 RPS: 336.49최근 1000개 request의 p99 TTFT: 0.2120 초 | 
2025-10-01 23:42:07,223 - INFO - [실시간] 요청 4000개 처리 | 현재까지의 RPS: 368.30최근 1000개 request의 p99 TTFT: 0.4123 초 | 
2025-10-01 23:42:10,060 - INFO - [실시간] 요청 5000개 처리 | 현재까지의 RPS: 365.02최근 1000개 request의 p99 TTFT: 0.3632 초 | 
2025-10-01 23:42:12,424 - INFO - [실시간] 요청 6000개 처리 | 현재까지의 RPS: 373.58최근 1000개 request의 p99 TTFT: 0.2031 초 | 
2025-10-01 23:42:14,645 - INFO - [실시간] 요청 7000개 처리 | 현재까지의 RPS: 382.89최근 1000개 request의 p99 TTFT: 0.2123 초 | 
2025-10-01 23:42:17,194 - INFO - [실시간] 요청 8000개 처리 | 현재까지의 RPS: 384.04최근 1000개 request의 p99 TTFT: 0.3701 초 | 
2025-10-01 23:42:19,540 - INFO - [실시간] 요청 9000개 처리 | 현재까지의 RPS: 388.31최근 1000개 request의 p99 TTFT: 0.2683 초 | 
2025-10-01 23:42:21,956 - INFO - [실시간] 요청 10000개 처리 | 현재까지의 RPS: 390.73최근 1000개 request의 p99 TTFT: 0.2044 초 | 
2025-10-01 23:42:24,303 - INFO - [실시간] 요청 11000개 처리 | 현재까지의 RPS: 393.70최근 1000개 request의 p99 TTFT: 0.3642 초 | 
2025-10-01 23:42:26,778 - INFO - [실시간] 요청 12000개 처리 | 현재까지의 RPS: 394.53최근 1000개 request의 p99 TTFT: 0.2100 초 | 
2025-10-01 23:42:29,127 - INFO - [실시간] 요청 13000개 처리 | 현재까지의 RPS: 396.78최근 1000개 request의 p99 TTFT: 0.2313 초 | 
2025-10-01 23:42:31,510 - INFO - [실시간] 요청 14000개 처리 | 현재까지의 RPS: 398.32최근 1000개 request의 p99 TTFT: 0.2803 초 | 
2025-10-01 23:42:33,894 - INFO - [실시간] 요청 15000개 처리 | 현재까지의 RPS: 399.66최근 1000개 request의 p99 TTFT: 0.2040 초 | 
2025-10-01 23:42:36,333 - INFO - [실시간] 요청 16000개 처리 | 현재까지의 RPS: 400.30최근 1000개 request의 p99 TTFT: 0.1925 초 | 
2025-10-01 23:42:38,684 - INFO - [실시간] 요청 17000개 처리 | 현재까지의 RPS: 401.69최근 1000개 request의 p99 TTFT: 0.1982 초 | 
2025-10-01 23:42:40,999 - INFO - [실시간] 요청 18000개 처리 | 현재까지의 RPS: 403.26최근 1000개 request의 p99 TTFT: 0.4304 초 | 
2025-10-01 23:42:43,500 - INFO - [실시간] 요청 19000개 처리 | 현재까지의 RPS: 403.07최근 1000개 request의 p99 TTFT: 0.1998 초 | 
2025-10-01 23:42:45,759 - INFO - [실시간] 요청 20000개 처리 | 현재까지의 RPS: 404.89최근 1000개 request의 p99 TTFT: 0.2552 초 | 
2025-10-01 23:42:48,182 - INFO - [실시간] 요청 21000개 처리 | 현재까지의 RPS: 405.26최근 1000개 request의 p99 TTFT: 0.1876 초 | 
2025-10-01 23:42:50,621 - INFO - [실시간] 요청 22000개 처리 | 현재까지의 RPS: 405.47최근 1000개 request의 p99 TTFT: 0.4551 초 | 
2025-10-01 23:42:52,967 - INFO - [실시간] 요청 23000개 처리 | 현재까지의 RPS: 406.33최근 1000개 request의 p99 TTFT: 0.2036 초 | 
2025-10-01 23:42:55,295 - INFO - [실시간] 요청 24000개 처리 | 현재까지의 RPS: 407.25최근 1000개 request의 p99 TTFT: 0.1968 초 | 
Traceback (most recent call last):
  File "/home/cloud_cxl/CXLSharedMemGPU/ReqGen/main.py", line 404, in <module>
    main()
  File "/home/cloud_cxl/CXLSharedMemGPU/ReqGen/main.py", line 401, in main
    asyncio.run(reqgen.run())
  File "/usr/lib/python3.10/asyncio/runners.py", line 44, in run
    return loop.run_until_complete(main)
  File "/usr/lib/python3.10/asyncio/base_events.py", line 636, in run_until_complete
    self.run_forever()
  File "/usr/lib/python3.10/asyncio/base_events.py", line 603, in run_forever
    self._run_once()
  File "/usr/lib/python3.10/asyncio/base_events.py", line 1871, in _run_once
    event_list = self._selector.select(timeout)
  File "/usr/lib/python3.10/selectors.py", line 469, in select
    fd_event_list = self._selector.poll(timeout, max_ev)
KeyboardInterrupt
