2025-10-02 06:56:35,392 - INFO - ReqGen 시작: 서버=163.152.48.109:9000, 클라이언트=4, 시간=60초
2025-10-02 06:56:35,393 - INFO - Hugging Face에서 'kroshan/BioASQ' 데이터셋을 로드합니다...
2025-10-02 06:56:44,300 - INFO - 3266개의 질문을 로드했습니다.
2025-10-02 06:56:44,301 - INFO - 부하 테스트 시작, client 수 = 4
2025-10-02 06:56:44,302 - INFO - Zipf 값 1.2에서 상위 20%의 질문이 차지하는 비율: 91.82%
통계에 반영된 요청 인덱스 범위: 0 ~ 23 (총 23개 요청)
통계 반영된 요청 수: 23, 통계 반영된 시간: 91.83 초

==================================================
 실험 최종 결과 요약
==================================================
 설정 실험 시간: 60 초
 Clients 수: 4
 통계 반영 시간: 91.83 초
 총 시도된 요청: 23 개
 총 완료된 요청: 23 개
 총 실패한 요청: 0 개
 완료 요청 중 retrieval이 실패한 요청: 0 개
 요청 성공률: 100.00%
 전체 Requests Per Second (RPS): 0.25
--------------------------------------------------
 Time to First Token (TTFT) Latency:
  - 평균 (Mean): 2.1571 초
  - 중간값 (50%ile): 0.1498 초
  - 최소값 (Min): 0.0521 초
  - 최대값 (Max): 12.2100 초
  - 95%ile Tail: 11.6860 초
  - 99%ile Tail: 12.0973 초
--------------------------------------------------
 Time Per Output Token (TPOT):
  - 평균 (Mean): 16.54 ms/token
--------------------------------------------------
 Embedding Latency:
  - 총 샘플 수: 20
  - 평균 (Mean): 11.00 ms
  - 중간값 (50%ile): 10.50 ms
  - 95%ile Tail: 13.45 ms
  - 99%ile Tail: 20.29 ms
--------------------------------------------------
 VectorDB Search Latency:
  - 총 샘플 수: 20
  - 평균 (Mean): 1705.35 ms
  - 중간값 (50%ile): 9.50 ms
  - 95%ile Tail: 11501.05 ms
  - 99%ile Tail: 12018.61 ms
--------------------------------------------------
 Document Search Latency:
  - 총 샘플 수: 20
  - 평균 (Mean): 8.15 ms
  - 중간값 (50%ile): 8.00 ms
  - 95%ile Tail: 9.15 ms
  - 99%ile Tail: 11.43 ms
--------------------------------------------------
 Total Retrieval Latency:
  - 총 샘플 수: 23
  - 평균 (Mean): 2086.65 ms
  - 중간값 (50%ile): 34.00 ms
  - 95%ile Tail: 11580.30 ms
  - 99%ile Tail: 12051.98 ms
==================================================
