2025-10-02 06:53:28,922 - INFO - ReqGen 시작: 서버=163.152.48.109:9000, 클라이언트=16, 시간=60초
2025-10-02 06:53:28,923 - INFO - Hugging Face에서 'kroshan/BioASQ' 데이터셋을 로드합니다...
2025-10-02 06:53:35,519 - INFO - 3266개의 질문을 로드했습니다.
2025-10-02 06:53:35,520 - INFO - 부하 테스트 시작, client 수 = 16
2025-10-02 06:53:35,521 - INFO - Zipf 값 1.2에서 상위 20%의 질문이 차지하는 비율: 91.82%
통계에 반영된 요청 인덱스 범위: 0 ~ 81 (총 81개 요청)
통계 반영된 요청 수: 81, 통계 반영된 시간: 89.42 초

==================================================
 실험 최종 결과 요약
==================================================
 설정 실험 시간: 60 초
 Clients 수: 16
 통계 반영 시간: 89.42 초
 총 시도된 요청: 81 개
 총 완료된 요청: 81 개
 총 실패한 요청: 0 개
 완료 요청 중 retrieval이 실패한 요청: 0 개
 요청 성공률: 100.00%
 전체 Requests Per Second (RPS): 0.91
--------------------------------------------------
 Time to First Token (TTFT) Latency:
  - 평균 (Mean): 5.4821 초
  - 중간값 (50%ile): 1.1051 초
  - 최소값 (Min): 0.0445 초
  - 최대값 (Max): 30.2604 초
  - 95%ile Tail: 22.8365 초
  - 99%ile Tail: 27.0190 초
--------------------------------------------------
 Time Per Output Token (TPOT):
  - 평균 (Mean): 16.44 ms/token
--------------------------------------------------
 Embedding Latency:
  - 총 샘플 수: 77
  - 평균 (Mean): 12.36 ms
  - 중간값 (50%ile): 11.00 ms
  - 95%ile Tail: 23.00 ms
  - 99%ile Tail: 25.24 ms
--------------------------------------------------
 VectorDB Search Latency:
  - 총 샘플 수: 77
  - 평균 (Mean): 5503.40 ms
  - 중간값 (50%ile): 1130.00 ms
  - 95%ile Tail: 22796.40 ms
  - 99%ile Tail: 27120.04 ms
--------------------------------------------------
 Document Search Latency:
  - 총 샘플 수: 77
  - 평균 (Mean): 8.99 ms
  - 중간값 (50%ile): 8.00 ms
  - 95%ile Tail: 21.20 ms
  - 99%ile Tail: 23.24 ms
--------------------------------------------------
 Total Retrieval Latency:
  - 총 샘플 수: 81
  - 평균 (Mean): 5410.84 ms
  - 중간값 (50%ile): 1066.00 ms
  - 95%ile Tail: 22760.00 ms
  - 99%ile Tail: 26986.00 ms
==================================================
