2025-10-02 06:55:06,660 - INFO - ReqGen 시작: 서버=163.152.48.109:9000, 클라이언트=8, 시간=60초
2025-10-02 06:55:06,660 - INFO - Hugging Face에서 'kroshan/BioASQ' 데이터셋을 로드합니다...
2025-10-02 06:55:13,608 - INFO - 3266개의 질문을 로드했습니다.
2025-10-02 06:55:13,609 - INFO - 부하 테스트 시작, client 수 = 8
2025-10-02 06:55:13,609 - INFO - Zipf 값 1.2에서 상위 20%의 질문이 차지하는 비율: 91.82%
통계에 반영된 요청 인덱스 범위: 0 ~ 44 (총 44개 요청)
통계 반영된 요청 수: 44, 통계 반영된 시간: 79.97 초

==================================================
 실험 최종 결과 요약
==================================================
 설정 실험 시간: 60 초
 Clients 수: 8
 통계 반영 시간: 79.97 초
 총 시도된 요청: 44 개
 총 완료된 요청: 44 개
 총 실패한 요청: 0 개
 완료 요청 중 retrieval이 실패한 요청: 0 개
 요청 성공률: 100.00%
 전체 Requests Per Second (RPS): 0.55
--------------------------------------------------
 Time to First Token (TTFT) Latency:
  - 평균 (Mean): 3.0280 초
  - 중간값 (50%ile): 1.3964 초
  - 최소값 (Min): 0.0457 초
  - 최대값 (Max): 19.2890 초
  - 95%ile Tail: 11.9693 초
  - 99%ile Tail: 16.7957 초
--------------------------------------------------
 Time Per Output Token (TPOT):
  - 평균 (Mean): 16.35 ms/token
--------------------------------------------------
 Embedding Latency:
  - 총 샘플 수: 39
  - 평균 (Mean): 10.90 ms
  - 중간값 (50%ile): 10.00 ms
  - 95%ile Tail: 18.00 ms
  - 99%ile Tail: 19.24 ms
--------------------------------------------------
 VectorDB Search Latency:
  - 총 샘플 수: 39
  - 평균 (Mean): 3185.51 ms
  - 중간값 (50%ile): 1312.00 ms
  - 95%ile Tail: 12023.70 ms
  - 99%ile Tail: 16955.86 ms
--------------------------------------------------
 Document Search Latency:
  - 총 샘플 수: 39
  - 평균 (Mean): 7.95 ms
  - 중간값 (50%ile): 8.00 ms
  - 95%ile Tail: 9.00 ms
  - 99%ile Tail: 13.96 ms
--------------------------------------------------
 Total Retrieval Latency:
  - 총 샘플 수: 44
  - 평균 (Mean): 2949.09 ms
  - 중간값 (50%ile): 1313.00 ms
  - 95%ile Tail: 11829.40 ms
  - 99%ile Tail: 16686.07 ms
==================================================
