2025-11-17 20:15:29,174 - INFO - ReqGen 시작: 서버=163.152.48.109:9000, 클라이언트=2500, 시간=80초
2025-11-17 20:15:29,174 - INFO - Hugging Face에서 'kroshan/BioASQ' 데이터셋을 로드합니다...
2025-11-17 20:15:35,796 - INFO - 3266개의 질문을 로드했습니다.
2025-11-17 20:15:35,797 - INFO - 부하 테스트 시작, client 수 = 2500
2025-11-17 20:15:35,797 - INFO - Zipf 값 1.2에서 상위 20%의 질문이 차지하는 비율: 91.82%
2025-11-17 20:15:47,063 - INFO - [실시간] 요청 1000개 처리 | 현재까지의 RPS: 88.76최근 1000개 request의 p99 TTFT: 0.1733 초 | 
2025-11-17 20:15:53,865 - INFO - [실시간] 요청 2000개 처리 | 현재까지의 RPS: 110.69최근 1000개 request의 p99 TTFT: 0.1780 초 | 
2025-11-17 20:16:00,645 - INFO - [실시간] 요청 3000개 처리 | 현재까지의 RPS: 120.73최근 1000개 request의 p99 TTFT: 0.2116 초 | 
2025-11-17 20:16:08,123 - INFO - [실시간] 요청 4000개 처리 | 현재까지의 RPS: 123.74최근 1000개 request의 p99 TTFT: 0.1677 초 | 
2025-11-17 20:16:15,654 - INFO - [실시간] 요청 5000개 처리 | 현재까지의 RPS: 125.45최근 1000개 request의 p99 TTFT: 0.1684 초 | 
2025-11-17 20:16:23,259 - INFO - [실시간] 요청 6000개 처리 | 현재까지의 RPS: 126.42최근 1000개 request의 p99 TTFT: 0.1695 초 | 
2025-11-17 20:16:31,034 - INFO - [실시간] 요청 7000개 처리 | 현재까지의 RPS: 126.73최근 1000개 request의 p99 TTFT: 0.1688 초 | 
2025-11-17 20:16:38,504 - INFO - [실시간] 요청 8000개 처리 | 현재까지의 RPS: 127.58최근 1000개 request의 p99 TTFT: 0.1682 초 | 
2025-11-17 20:16:44,373 - INFO - [실시간] 요청 9000개 처리 | 현재까지의 RPS: 131.24최근 1000개 request의 p99 TTFT: 0.2245 초 | 
2025-11-17 20:16:50,027 - INFO - [실시간] 요청 10000개 처리 | 현재까지의 RPS: 134.72최근 1000개 request의 p99 TTFT: 0.1784 초 | 
2025-11-17 20:16:55,332 - INFO - [실시간] 요청 11000개 처리 | 현재까지의 RPS: 138.30최근 1000개 request의 p99 TTFT: 0.1920 초 | 
통계에 반영된 요청 인덱스 범위: 0 ~ 11247 (총 11247개 요청)
통계 반영된 요청 수: 11247, 통계 반영된 시간: 139.95 초

==================================================
 실험 최종 결과 요약
==================================================
 설정 실험 시간: 80 초
 Clients 수: 2500
 통계 반영 시간: 139.95 초
 총 시도된 요청: 12739 개
 총 완료된 요청: 11247 개
 총 실패한 요청: 1492 개
 완료 요청 중 retrieval이 실패한 요청: 0 개
 요청 성공률: 88.29%
 전체 Requests Per Second (RPS): 80.36
--------------------------------------------------
 Time to First Token (TTFT) Latency:
  - 평균 (Mean): 0.0942 초
  - 중간값 (50%ile): 0.0981 초
  - 최소값 (Min): 0.0225 초
  - 최대값 (Max): 0.4996 초
  - 95%ile Tail: 0.1564 초
  - 99%ile Tail: 0.1834 초
--------------------------------------------------
 Time Per Output Token (TPOT):
  - 평균 (Mean): 16.68 ms/token
--------------------------------------------------
 Embedding Latency:
  - 총 샘플 수: 11241
  - 평균 (Mean): 7.84 ms
  - 중간값 (50%ile): 7.00 ms
  - 95%ile Tail: 11.00 ms
  - 99%ile Tail: 14.00 ms
--------------------------------------------------
 VectorDB Search Latency:
  - 총 샘플 수: 11241
  - 평균 (Mean): 12.15 ms
  - 중간값 (50%ile): 11.00 ms
  - 95%ile Tail: 18.00 ms
  - 99%ile Tail: 37.00 ms
--------------------------------------------------
 Document Search Latency:
  - 총 샘플 수: 11241
  - 평균 (Mean): 7.73 ms
  - 중간값 (50%ile): 7.00 ms
  - 95%ile Tail: 13.00 ms
  - 99%ile Tail: 23.00 ms
--------------------------------------------------
 Total Retrieval Latency:
  - 총 샘플 수: 11247
  - 평균 (Mean): 27.74 ms
  - 중간값 (50%ile): 26.00 ms
  - 95%ile Tail: 39.00 ms
  - 99%ile Tail: 69.54 ms
==================================================
