2025-11-17 20:20:24,851 - INFO - ReqGen 시작: 서버=163.152.48.109:9000, 클라이언트=4375, 시간=80초
2025-11-17 20:20:24,851 - INFO - Hugging Face에서 'kroshan/BioASQ' 데이터셋을 로드합니다...
Traceback (most recent call last):
  File "/home/comsys/sungsu/CXLSharedMemGPU/ReqGen/main.py", line 412, in <module>
    main()
  File "/home/comsys/sungsu/CXLSharedMemGPU/ReqGen/main.py", line 408, in main
    reqgen = ReqGen(args)
  File "/home/comsys/sungsu/CXLSharedMemGPU/ReqGen/main.py", line 28, in __init__
    self.questions = self._load_questions()
  File "/home/comsys/sungsu/CXLSharedMemGPU/ReqGen/main.py", line 56, in _load_questions
    dataset = load_dataset(self.dataset_name, split='train', streaming=True)
  File "/home/comsys/.local/lib/python3.10/site-packages/datasets/load.py", line 2594, in load_dataset
    builder_instance = load_dataset_builder(
  File "/home/comsys/.local/lib/python3.10/site-packages/datasets/load.py", line 2266, in load_dataset_builder
    dataset_module = dataset_module_factory(
  File "/home/comsys/.local/lib/python3.10/site-packages/datasets/load.py", line 1896, in dataset_module_factory
    ).get_module()
  File "/home/comsys/.local/lib/python3.10/site-packages/datasets/load.py", line 1246, in get_module
    exported_dataset_infos = _dataset_viewer.get_exported_dataset_infos(
  File "/home/comsys/.local/lib/python3.10/site-packages/datasets/utils/_dataset_viewer.py", line 70, in get_exported_dataset_infos
    info_response = http_get(
  File "/home/comsys/.local/lib/python3.10/site-packages/datasets/utils/file_utils.py", line 424, in http_get
    response = _request_with_retry(
  File "/home/comsys/.local/lib/python3.10/site-packages/datasets/utils/file_utils.py", line 336, in _request_with_retry
    response = requests.request(method=method.upper(), url=url, timeout=timeout, **params)
  File "/home/comsys/.local/lib/python3.10/site-packages/requests/api.py", line 59, in request
    return session.request(method=method, url=url, **kwargs)
  File "/home/comsys/.local/lib/python3.10/site-packages/requests/sessions.py", line 589, in request
    resp = self.send(prep, **send_kwargs)
  File "/home/comsys/.local/lib/python3.10/site-packages/requests/sessions.py", line 703, in send
    r = adapter.send(request, **kwargs)
  File "/home/comsys/.local/lib/python3.10/site-packages/requests/adapters.py", line 667, in send
    resp = conn.urlopen(
  File "/usr/lib/python3/dist-packages/urllib3/connectionpool.py", line 700, in urlopen
    httplib_response = self._make_request(
  File "/usr/lib/python3/dist-packages/urllib3/connectionpool.py", line 446, in _make_request
    six.raise_from(e, None)
  File "<string>", line 3, in raise_from
  File "/usr/lib/python3/dist-packages/urllib3/connectionpool.py", line 441, in _make_request
    httplib_response = conn.getresponse()
  File "/usr/lib/python3.10/http/client.py", line 1375, in getresponse
    response.begin()
  File "/usr/lib/python3.10/http/client.py", line 318, in begin
    version, status, reason = self._read_status()
  File "/usr/lib/python3.10/http/client.py", line 279, in _read_status
    line = str(self.fp.readline(_MAXLINE + 1), "iso-8859-1")
  File "/usr/lib/python3.10/socket.py", line 705, in readinto
    return self._sock.recv_into(b)
  File "/usr/lib/python3.10/ssl.py", line 1303, in recv_into
    return self.read(nbytes, buffer)
  File "/usr/lib/python3.10/ssl.py", line 1159, in read
    return self._sslobj.read(len, buffer)
KeyboardInterrupt
