2025-11-17 20:17:57,041 - INFO - ReqGen 시작: 서버=163.152.48.109:9000, 클라이언트=3750, 시간=80초
2025-11-17 20:17:57,041 - INFO - Hugging Face에서 'kroshan/BioASQ' 데이터셋을 로드합니다...
2025-11-17 20:18:03,579 - INFO - 3266개의 질문을 로드했습니다.
2025-11-17 20:18:03,580 - INFO - 부하 테스트 시작, client 수 = 3750
2025-11-17 20:18:03,580 - INFO - Zipf 값 1.2에서 상위 20%의 질문이 차지하는 비율: 91.82%
2025-11-17 20:18:11,819 - INFO - [실시간] 요청 1000개 처리 | 현재까지의 RPS: 121.37최근 1000개 request의 p99 TTFT: 0.1652 초 | 
2025-11-17 20:18:16,897 - INFO - [실시간] 요청 2000개 처리 | 현재까지의 RPS: 150.17최근 1000개 request의 p99 TTFT: 0.2283 초 | 
2025-11-17 20:18:20,958 - INFO - [실시간] 요청 3000개 처리 | 현재까지의 RPS: 172.63최근 1000개 request의 p99 TTFT: 0.3191 초 | 
2025-11-17 20:18:24,592 - INFO - [실시간] 요청 4000개 처리 | 현재까지의 RPS: 190.37최근 1000개 request의 p99 TTFT: 0.2633 초 | 
2025-11-17 20:18:29,946 - INFO - [실시간] 요청 5000개 처리 | 현재까지의 RPS: 189.63최근 1000개 request의 p99 TTFT: 0.1929 초 | 
2025-11-17 20:18:34,769 - INFO - [실시간] 요청 6000개 처리 | 현재까지의 RPS: 192.37최근 1000개 request의 p99 TTFT: 0.3937 초 | 
2025-11-17 20:18:39,474 - INFO - [실시간] 요청 7000개 처리 | 현재까지의 RPS: 195.02최근 1000개 request의 p99 TTFT: 0.2080 초 | 
2025-11-17 20:18:44,039 - INFO - [실시간] 요청 8000개 처리 | 현재까지의 RPS: 197.73최근 1000개 request의 p99 TTFT: 0.1900 초 | 
2025-11-17 20:18:49,087 - INFO - [실시간] 요청 9000개 처리 | 현재까지의 RPS: 197.77최근 1000개 request의 p99 TTFT: 0.4106 초 | 
2025-11-17 20:18:53,911 - INFO - [실시간] 요청 10000개 처리 | 현재까지의 RPS: 198.68최근 1000개 request의 p99 TTFT: 0.3312 초 | 
2025-11-17 20:18:58,889 - INFO - [실시간] 요청 11000개 처리 | 현재까지의 RPS: 198.88최근 1000개 request의 p99 TTFT: 0.3545 초 | 
2025-11-17 20:19:03,888 - INFO - [실시간] 요청 12000개 처리 | 현재까지의 RPS: 198.98최근 1000개 request의 p99 TTFT: 0.2216 초 | 
2025-11-17 20:19:07,952 - INFO - [실시간] 요청 13000개 처리 | 현재까지의 RPS: 201.95최근 1000개 request의 p99 TTFT: 0.4395 초 | 
2025-11-17 20:19:11,832 - INFO - [실시간] 요청 14000개 처리 | 현재까지의 RPS: 205.12최근 1000개 request의 p99 TTFT: 0.2121 초 | 
2025-11-17 20:19:15,633 - INFO - [실시간] 요청 15000개 처리 | 현재까지의 RPS: 208.18최근 1000개 request의 p99 TTFT: 0.2638 초 | 
2025-11-17 20:19:19,415 - INFO - [실시간] 요청 16000개 처리 | 현재까지의 RPS: 210.98최근 1000개 request의 p99 TTFT: 0.4759 초 | 
2025-11-17 20:19:23,069 - INFO - [실시간] 요청 17000개 처리 | 현재까지의 RPS: 213.87최근 1000개 request의 p99 TTFT: 0.1889 초 | 
통계에 반영된 요청 인덱스 범위: 0 ~ 17400 (총 17400개 요청)
통계 반영된 요청 수: 17400, 통계 반영된 시간: 140.00 초

==================================================
 실험 최종 결과 요약
==================================================
 설정 실험 시간: 80 초
 Clients 수: 3750
 통계 반영 시간: 140.00 초
 총 시도된 요청: 19502 개
 총 완료된 요청: 17400 개
 총 실패한 요청: 2102 개
 완료 요청 중 retrieval이 실패한 요청: 0 개
 요청 성공률: 89.22%
 전체 Requests Per Second (RPS): 124.29
--------------------------------------------------
 Time to First Token (TTFT) Latency:
  - 평균 (Mean): 0.0965 초
  - 중간값 (50%ile): 0.0843 초
  - 최소값 (Min): 0.0190 초
  - 최대값 (Max): 0.6679 초
  - 95%ile Tail: 0.1810 초
  - 99%ile Tail: 0.3493 초
--------------------------------------------------
 Time Per Output Token (TPOT):
  - 평균 (Mean): 16.77 ms/token
--------------------------------------------------
 Embedding Latency:
  - 총 샘플 수: 17394
  - 평균 (Mean): 9.14 ms
  - 중간값 (50%ile): 8.00 ms
  - 95%ile Tail: 15.00 ms
  - 99%ile Tail: 25.00 ms
--------------------------------------------------
 VectorDB Search Latency:
  - 총 샘플 수: 17394
  - 평균 (Mean): 13.88 ms
  - 중간값 (50%ile): 11.00 ms
  - 95%ile Tail: 23.00 ms
  - 99%ile Tail: 81.00 ms
--------------------------------------------------
 Document Search Latency:
  - 총 샘플 수: 17394
  - 평균 (Mean): 15.45 ms
  - 중간값 (50%ile): 7.00 ms
  - 95%ile Tail: 60.00 ms
  - 99%ile Tail: 115.00 ms
--------------------------------------------------
 Total Retrieval Latency:
  - 총 샘플 수: 17400
  - 평균 (Mean): 38.48 ms
  - 중간값 (50%ile): 27.00 ms
  - 95%ile Tail: 97.00 ms
  - 99%ile Tail: 211.02 ms
==================================================
