2025-11-17 20:13:14,106 - INFO - ReqGen 시작: 서버=163.152.48.109:9000, 클라이언트=5000, 시간=80초
2025-11-17 20:13:14,106 - INFO - Hugging Face에서 'kroshan/BioASQ' 데이터셋을 로드합니다...
2025-11-17 20:13:20,347 - INFO - 3266개의 질문을 로드했습니다.
2025-11-17 20:13:20,348 - INFO - 부하 테스트 시작, client 수 = 5000
2025-11-17 20:13:20,348 - INFO - Zipf 값 1.2에서 상위 20%의 질문이 차지하는 비율: 91.82%
2025-11-17 20:13:28,924 - INFO - [실시간] 요청 1000개 처리 | 현재까지의 RPS: 116.60최근 1000개 request의 p99 TTFT: 5.4063 초 | 
2025-11-17 20:13:28,924 - WARNING - 최근 1000개의 p99 TTFT 5.4063 초가 SLO 의 2배 (2.0 초)를 초과했습니다. 부하 테스트를 조기 종료합니다.
2025-11-17 20:13:32,810 - INFO - [실시간] 요청 2000개 처리 | 현재까지의 RPS: 160.49최근 1000개 request의 p99 TTFT: 3.9912 초 | 
2025-11-17 20:13:37,299 - INFO - [실시간] 요청 3000개 처리 | 현재까지의 RPS: 176.98최근 1000개 request의 p99 TTFT: 0.2583 초 | 
2025-11-17 20:14:20,416 - WARNING - 클라이언트 5: 요청 타임아웃
2025-11-17 20:14:20,417 - WARNING - 클라이언트 3: 요청 타임아웃
2025-11-17 20:14:20,417 - WARNING - 클라이언트 1: 요청 타임아웃
2025-11-17 20:14:20,417 - WARNING - 클라이언트 7: 요청 타임아웃
2025-11-17 20:14:20,418 - WARNING - 클라이언트 9: 요청 타임아웃
2025-11-17 20:14:20,428 - WARNING - 클라이언트 13: 요청 타임아웃
2025-11-17 20:14:20,445 - WARNING - 클라이언트 17: 요청 타임아웃
2025-11-17 20:14:20,453 - WARNING - 클라이언트 19: 요청 타임아웃
2025-11-17 20:14:20,459 - WARNING - 클라이언트 21: 요청 타임아웃
2025-11-17 20:14:20,483 - WARNING - 클라이언트 27: 요청 타임아웃
2025-11-17 20:14:20,493 - WARNING - 클라이언트 29: 요청 타임아웃
2025-11-17 20:14:20,503 - WARNING - 클라이언트 31: 요청 타임아웃
2025-11-17 20:14:20,507 - WARNING - 클라이언트 33: 요청 타임아웃
2025-11-17 20:14:20,525 - WARNING - 클라이언트 37: 요청 타임아웃
2025-11-17 20:14:20,531 - WARNING - 클라이언트 39: 요청 타임아웃
2025-11-17 20:14:20,548 - WARNING - 클라이언트 43: 요청 타임아웃
2025-11-17 20:14:20,555 - WARNING - 클라이언트 45: 요청 타임아웃
2025-11-17 20:14:20,564 - WARNING - 클라이언트 47: 요청 타임아웃
2025-11-17 20:14:20,572 - WARNING - 클라이언트 49: 요청 타임아웃
2025-11-17 20:14:20,580 - WARNING - 클라이언트 51: 요청 타임아웃
2025-11-17 20:14:20,587 - WARNING - 클라이언트 53: 요청 타임아웃
2025-11-17 20:14:20,597 - WARNING - 클라이언트 55: 요청 타임아웃
2025-11-17 20:14:20,603 - WARNING - 클라이언트 57: 요청 타임아웃
2025-11-17 20:14:20,611 - WARNING - 클라이언트 59: 요청 타임아웃
2025-11-17 20:14:20,622 - WARNING - 클라이언트 61: 요청 타임아웃
2025-11-17 20:14:20,628 - WARNING - 클라이언트 63: 요청 타임아웃
2025-11-17 20:14:20,636 - WARNING - 클라이언트 65: 요청 타임아웃
2025-11-17 20:14:20,644 - WARNING - 클라이언트 67: 요청 타임아웃
2025-11-17 20:14:20,653 - WARNING - 클라이언트 69: 요청 타임아웃
2025-11-17 20:14:20,659 - WARNING - 클라이언트 71: 요청 타임아웃
2025-11-17 20:14:20,668 - WARNING - 클라이언트 73: 요청 타임아웃
2025-11-17 20:14:20,676 - WARNING - 클라이언트 75: 요청 타임아웃
2025-11-17 20:14:20,693 - WARNING - 클라이언트 79: 요청 타임아웃
2025-11-17 20:14:20,699 - WARNING - 클라이언트 81: 요청 타임아웃
2025-11-17 20:14:20,706 - WARNING - 클라이언트 83: 요청 타임아웃
2025-11-17 20:14:20,725 - WARNING - 클라이언트 87: 요청 타임아웃
2025-11-17 20:14:20,731 - WARNING - 클라이언트 89: 요청 타임아웃
2025-11-17 20:14:20,739 - WARNING - 클라이언트 91: 요청 타임아웃
2025-11-17 20:14:20,749 - WARNING - 클라이언트 93: 요청 타임아웃
2025-11-17 20:14:20,756 - WARNING - 클라이언트 95: 요청 타임아웃
2025-11-17 20:14:20,764 - WARNING - 클라이언트 97: 요청 타임아웃
2025-11-17 20:14:20,771 - WARNING - 클라이언트 99: 요청 타임아웃
2025-11-17 20:14:20,779 - WARNING - 클라이언트 101: 요청 타임아웃
2025-11-17 20:14:20,786 - WARNING - 클라이언트 103: 요청 타임아웃
2025-11-17 20:14:20,796 - WARNING - 클라이언트 105: 요청 타임아웃
2025-11-17 20:14:20,803 - WARNING - 클라이언트 107: 요청 타임아웃
2025-11-17 20:14:20,811 - WARNING - 클라이언트 109: 요청 타임아웃
2025-11-17 20:14:20,819 - WARNING - 클라이언트 111: 요청 타임아웃
2025-11-17 20:14:20,836 - WARNING - 클라이언트 115: 요청 타임아웃
2025-11-17 20:14:20,844 - WARNING - 클라이언트 117: 요청 타임아웃
2025-11-17 20:14:20,852 - WARNING - 클라이언트 119: 요청 타임아웃
2025-11-17 20:14:20,867 - WARNING - 클라이언트 123: 요청 타임아웃
2025-11-17 20:14:20,875 - WARNING - 클라이언트 125: 요청 타임아웃
2025-11-17 20:14:20,883 - WARNING - 클라이언트 127: 요청 타임아웃
2025-11-17 20:14:20,892 - WARNING - 클라이언트 129: 요청 타임아웃
2025-11-17 20:14:20,900 - WARNING - 클라이언트 131: 요청 타임아웃
2025-11-17 20:14:20,907 - WARNING - 클라이언트 133: 요청 타임아웃
2025-11-17 20:14:20,916 - WARNING - 클라이언트 135: 요청 타임아웃
2025-11-17 20:14:20,924 - WARNING - 클라이언트 137: 요청 타임아웃
2025-11-17 20:14:20,932 - WARNING - 클라이언트 139: 요청 타임아웃
2025-11-17 20:14:20,939 - WARNING - 클라이언트 141: 요청 타임아웃
2025-11-17 20:14:20,949 - WARNING - 클라이언트 143: 요청 타임아웃
2025-11-17 20:14:20,955 - WARNING - 클라이언트 145: 요청 타임아웃
2025-11-17 20:14:20,963 - WARNING - 클라이언트 147: 요청 타임아웃
2025-11-17 20:14:20,971 - WARNING - 클라이언트 149: 요청 타임아웃
2025-11-17 20:14:20,980 - WARNING - 클라이언트 151: 요청 타임아웃
2025-11-17 20:14:20,987 - WARNING - 클라이언트 153: 요청 타임아웃
2025-11-17 20:14:20,995 - WARNING - 클라이언트 155: 요청 타임아웃
2025-11-17 20:14:21,004 - WARNING - 클라이언트 157: 요청 타임아웃
2025-11-17 20:14:21,011 - WARNING - 클라이언트 159: 요청 타임아웃
2025-11-17 20:14:21,019 - WARNING - 클라이언트 161: 요청 타임아웃
2025-11-17 20:14:21,028 - WARNING - 클라이언트 163: 요청 타임아웃
2025-11-17 20:14:21,036 - WARNING - 클라이언트 165: 요청 타임아웃
2025-11-17 20:14:21,044 - WARNING - 클라이언트 167: 요청 타임아웃
2025-11-17 20:14:21,051 - WARNING - 클라이언트 169: 요청 타임아웃
2025-11-17 20:14:21,060 - WARNING - 클라이언트 171: 요청 타임아웃
2025-11-17 20:14:21,068 - WARNING - 클라이언트 173: 요청 타임아웃
2025-11-17 20:14:21,075 - WARNING - 클라이언트 175: 요청 타임아웃
2025-11-17 20:14:21,084 - WARNING - 클라이언트 177: 요청 타임아웃
2025-11-17 20:14:21,088 - WARNING - 클라이언트 11: 요청 타임아웃
2025-11-17 20:14:21,091 - WARNING - 클라이언트 179: 요청 타임아웃
2025-11-17 20:14:21,099 - WARNING - 클라이언트 181: 요청 타임아웃
2025-11-17 20:14:21,107 - WARNING - 클라이언트 183: 요청 타임아웃
2025-11-17 20:14:21,115 - WARNING - 클라이언트 185: 요청 타임아웃
2025-11-17 20:14:21,124 - WARNING - 클라이언트 187: 요청 타임아웃
2025-11-17 20:14:21,131 - WARNING - 클라이언트 189: 요청 타임아웃
2025-11-17 20:14:21,147 - WARNING - 클라이언트 193: 요청 타임아웃
2025-11-17 20:14:21,157 - WARNING - 클라이언트 195: 요청 타임아웃
2025-11-17 20:14:21,165 - WARNING - 클라이언트 197: 요청 타임아웃
2025-11-17 20:14:21,171 - WARNING - 클라이언트 199: 요청 타임아웃
2025-11-17 20:14:21,180 - WARNING - 클라이언트 201: 요청 타임아웃
2025-11-17 20:14:21,189 - WARNING - 클라이언트 203: 요청 타임아웃
2025-11-17 20:14:21,196 - WARNING - 클라이언트 205: 요청 타임아웃
2025-11-17 20:14:21,204 - WARNING - 클라이언트 207: 요청 타임아웃
2025-11-17 20:14:21,221 - WARNING - 클라이언트 211: 요청 타임아웃
2025-11-17 20:14:21,227 - WARNING - 클라이언트 213: 요청 타임아웃
2025-11-17 20:14:21,236 - WARNING - 클라이언트 215: 요청 타임아웃
2025-11-17 20:14:21,243 - WARNING - 클라이언트 217: 요청 타임아웃
2025-11-17 20:14:21,261 - WARNING - 클라이언트 221: 요청 타임아웃
2025-11-17 20:14:21,267 - WARNING - 클라이언트 223: 요청 타임아웃
2025-11-17 20:14:21,277 - WARNING - 클라이언트 225: 요청 타임아웃
2025-11-17 20:14:21,284 - WARNING - 클라이언트 227: 요청 타임아웃
2025-11-17 20:14:21,292 - WARNING - 클라이언트 229: 요청 타임아웃
2025-11-17 20:14:21,300 - WARNING - 클라이언트 231: 요청 타임아웃
2025-11-17 20:14:21,307 - WARNING - 클라이언트 233: 요청 타임아웃
2025-11-17 20:14:21,315 - WARNING - 클라이언트 235: 요청 타임아웃
2025-11-17 20:14:21,332 - WARNING - 클라이언트 239: 요청 타임아웃
2025-11-17 20:14:21,340 - WARNING - 클라이언트 241: 요청 타임아웃
2025-11-17 20:14:21,350 - WARNING - 클라이언트 243: 요청 타임아웃
2025-11-17 20:14:21,356 - WARNING - 클라이언트 245: 요청 타임아웃
2025-11-17 20:14:21,379 - WARNING - 클라이언트 249: 요청 타임아웃
2025-11-17 20:14:21,380 - WARNING - 클라이언트 251: 요청 타임아웃
2025-11-17 20:14:21,429 - WARNING - 클라이언트 263: 요청 타임아웃
2025-11-17 20:14:21,452 - WARNING - 클라이언트 269: 요청 타임아웃
2025-11-17 20:14:21,551 - WARNING - 클라이언트 281: 요청 타임아웃
2025-11-17 20:14:21,552 - WARNING - 클라이언트 285: 요청 타임아웃
2025-11-17 20:14:21,553 - WARNING - 클라이언트 279: 요청 타임아웃
2025-11-17 20:14:21,553 - WARNING - 클라이언트 273: 요청 타임아웃
2025-11-17 20:14:21,554 - WARNING - 클라이언트 287: 요청 타임아웃
2025-11-17 20:14:21,554 - WARNING - 클라이언트 293: 요청 타임아웃
2025-11-17 20:14:21,555 - WARNING - 클라이언트 289: 요청 타임아웃
2025-11-17 20:14:21,559 - WARNING - 클라이언트 295: 요청 타임아웃
2025-11-17 20:14:21,568 - WARNING - 클라이언트 297: 요청 타임아웃
2025-11-17 20:14:21,573 - WARNING - 클라이언트 299: 요청 타임아웃
2025-11-17 20:14:21,582 - WARNING - 클라이언트 301: 요청 타임아웃
2025-11-17 20:14:21,590 - WARNING - 클라이언트 303: 요청 타임아웃
2025-11-17 20:14:21,604 - WARNING - 클라이언트 307: 요청 타임아웃
2025-11-17 20:14:21,613 - WARNING - 클라이언트 309: 요청 타임아웃
2025-11-17 20:14:21,628 - WARNING - 클라이언트 313: 요청 타임아웃
2025-11-17 20:14:21,636 - WARNING - 클라이언트 315: 요청 타임아웃
2025-11-17 20:14:21,646 - WARNING - 클라이언트 317: 요청 타임아웃
2025-11-17 20:14:21,660 - WARNING - 클라이언트 321: 요청 타임아웃
2025-11-17 20:14:21,675 - WARNING - 클라이언트 323: 요청 타임아웃
2025-11-17 20:14:21,677 - WARNING - 클라이언트 325: 요청 타임아웃
2025-11-17 20:14:21,685 - WARNING - 클라이언트 327: 요청 타임아웃
2025-11-17 20:14:21,693 - WARNING - 클라이언트 329: 요청 타임아웃
2025-11-17 20:14:21,700 - WARNING - 클라이언트 331: 요청 타임아웃
2025-11-17 20:14:21,707 - WARNING - 클라이언트 333: 요청 타임아웃
2025-11-17 20:14:21,716 - WARNING - 클라이언트 335: 요청 타임아웃
2025-11-17 20:14:21,725 - WARNING - 클라이언트 337: 요청 타임아웃
2025-11-17 20:14:21,734 - WARNING - 클라이언트 339: 요청 타임아웃
2025-11-17 20:14:21,740 - WARNING - 클라이언트 341: 요청 타임아웃
2025-11-17 20:14:21,748 - WARNING - 클라이언트 343: 요청 타임아웃
2025-11-17 20:14:21,756 - WARNING - 클라이언트 345: 요청 타임아웃
2025-11-17 20:14:21,765 - WARNING - 클라이언트 347: 요청 타임아웃
2025-11-17 20:14:21,773 - WARNING - 클라이언트 349: 요청 타임아웃
2025-11-17 20:14:21,782 - WARNING - 클라이언트 351: 요청 타임아웃
2025-11-17 20:14:21,795 - WARNING - 클라이언트 353: 요청 타임아웃
2025-11-17 20:14:21,796 - WARNING - 클라이언트 355: 요청 타임아웃
2025-11-17 20:14:21,805 - WARNING - 클라이언트 357: 요청 타임아웃
2025-11-17 20:14:21,813 - WARNING - 클라이언트 359: 요청 타임아웃
2025-11-17 20:14:21,821 - WARNING - 클라이언트 361: 요청 타임아웃
2025-11-17 20:14:21,829 - WARNING - 클라이언트 363: 요청 타임아웃
2025-11-17 20:14:21,837 - WARNING - 클라이언트 365: 요청 타임아웃
2025-11-17 20:14:21,844 - WARNING - 클라이언트 367: 요청 타임아웃
2025-11-17 20:14:21,853 - WARNING - 클라이언트 369: 요청 타임아웃
2025-11-17 20:14:21,861 - WARNING - 클라이언트 371: 요청 타임아웃
2025-11-17 20:14:21,877 - WARNING - 클라이언트 375: 요청 타임아웃
2025-11-17 20:14:21,885 - WARNING - 클라이언트 377: 요청 타임아웃
2025-11-17 20:14:21,893 - WARNING - 클라이언트 379: 요청 타임아웃
2025-11-17 20:14:21,904 - WARNING - 클라이언트 381: 요청 타임아웃
2025-11-17 20:14:21,911 - WARNING - 클라이언트 383: 요청 타임아웃
2025-11-17 20:14:21,917 - WARNING - 클라이언트 385: 요청 타임아웃
2025-11-17 20:14:21,925 - WARNING - 클라이언트 387: 요청 타임아웃
2025-11-17 20:14:21,933 - WARNING - 클라이언트 389: 요청 타임아웃
2025-11-17 20:14:21,940 - WARNING - 클라이언트 391: 요청 타임아웃
2025-11-17 20:14:21,944 - WARNING - 클라이언트 191: 요청 타임아웃
2025-11-17 20:14:21,948 - WARNING - 클라이언트 393: 요청 타임아웃
2025-11-17 20:14:21,955 - WARNING - 클라이언트 395: 요청 타임아웃
2025-11-17 20:14:21,974 - WARNING - 클라이언트 399: 요청 타임아웃
2025-11-17 20:14:21,981 - WARNING - 클라이언트 401: 요청 타임아웃
2025-11-17 20:14:21,997 - WARNING - 클라이언트 405: 요청 타임아웃
2025-11-17 20:14:22,005 - WARNING - 클라이언트 407: 요청 타임아웃
2025-11-17 20:14:22,013 - WARNING - 클라이언트 409: 요청 타임아웃
2025-11-17 20:14:22,020 - WARNING - 클라이언트 411: 요청 타임아웃
2025-11-17 20:14:22,037 - WARNING - 클라이언트 415: 요청 타임아웃
2025-11-17 20:14:22,044 - WARNING - 클라이언트 417: 요청 타임아웃
2025-11-17 20:14:22,053 - WARNING - 클라이언트 419: 요청 타임아웃
2025-11-17 20:14:22,069 - WARNING - 클라이언트 423: 요청 타임아웃
2025-11-17 20:14:22,076 - WARNING - 클라이언트 425: 요청 타임아웃
2025-11-17 20:14:22,093 - WARNING - 클라이언트 429: 요청 타임아웃
2025-11-17 20:14:22,110 - WARNING - 클라이언트 433: 요청 타임아웃
2025-11-17 20:14:22,117 - WARNING - 클라이언트 435: 요청 타임아웃
2025-11-17 20:14:22,125 - WARNING - 클라이언트 437: 요청 타임아웃
2025-11-17 20:14:22,132 - WARNING - 클라이언트 439: 요청 타임아웃
2025-11-17 20:14:22,141 - WARNING - 클라이언트 441: 요청 타임아웃
2025-11-17 20:14:22,149 - WARNING - 클라이언트 443: 요청 타임아웃
2025-11-17 20:14:22,156 - WARNING - 클라이언트 445: 요청 타임아웃
2025-11-17 20:14:22,165 - WARNING - 클라이언트 447: 요청 타임아웃
2025-11-17 20:14:22,173 - WARNING - 클라이언트 449: 요청 타임아웃
2025-11-17 20:14:22,181 - WARNING - 클라이언트 451: 요청 타임아웃
2025-11-17 20:14:22,190 - WARNING - 클라이언트 453: 요청 타임아웃
2025-11-17 20:14:22,204 - WARNING - 클라이언트 457: 요청 타임아웃
2025-11-17 20:14:22,213 - WARNING - 클라이언트 459: 요청 타임아웃
2025-11-17 20:14:22,226 - WARNING - 클라이언트 257: 요청 타임아웃
2025-11-17 20:14:22,226 - WARNING - 클라이언트 461: 요청 타임아웃
2025-11-17 20:14:22,233 - WARNING - 클라이언트 463: 요청 타임아웃
2025-11-17 20:14:22,236 - WARNING - 클라이언트 465: 요청 타임아웃
2025-11-17 20:14:22,262 - WARNING - 클라이언트 471: 요청 타임아웃
2025-11-17 20:14:22,269 - WARNING - 클라이언트 473: 요청 타임아웃
2025-11-17 20:14:22,276 - WARNING - 클라이언트 475: 요청 타임아웃
2025-11-17 20:14:22,303 - WARNING - 클라이언트 481: 요청 타임아웃
2025-11-17 20:14:22,304 - WARNING - 클라이언트 403: 요청 타임아웃
2025-11-17 20:14:22,309 - WARNING - 클라이언트 483: 요청 타임아웃
2025-11-17 20:14:22,316 - WARNING - 클라이언트 485: 요청 타임아웃
2025-11-17 20:14:22,333 - WARNING - 클라이언트 489: 요청 타임아웃
2025-11-17 20:14:22,340 - WARNING - 클라이언트 491: 요청 타임아웃
2025-11-17 20:14:22,351 - WARNING - 클라이언트 493: 요청 타임아웃
2025-11-17 20:14:22,357 - WARNING - 클라이언트 495: 요청 타임아웃
2025-11-17 20:14:22,365 - WARNING - 클라이언트 497: 요청 타임아웃
2025-11-17 20:14:22,390 - WARNING - 클라이언트 503: 요청 타임아웃
2025-11-17 20:14:22,405 - WARNING - 클라이언트 507: 요청 타임아웃
2025-11-17 20:14:22,414 - WARNING - 클라이언트 509: 요청 타임아웃
2025-11-17 20:14:22,420 - WARNING - 클라이언트 511: 요청 타임아웃
2025-11-17 20:14:22,437 - WARNING - 클라이언트 515: 요청 타임아웃
2025-11-17 20:14:22,455 - WARNING - 클라이언트 519: 요청 타임아웃
2025-11-17 20:14:22,475 - WARNING - 클라이언트 523: 요청 타임아웃
2025-11-17 20:14:22,476 - WARNING - 클라이언트 521: 요청 타임아웃
2025-11-17 20:14:22,478 - WARNING - 클라이언트 525: 요청 타임아웃
2025-11-17 20:14:22,485 - WARNING - 클라이언트 527: 요청 타임아웃
2025-11-17 20:14:22,494 - WARNING - 클라이언트 529: 요청 타임아웃
2025-11-17 20:14:22,519 - WARNING - 클라이언트 535: 요청 타임아웃
2025-11-17 20:14:22,534 - WARNING - 클라이언트 539: 요청 타임아웃
2025-11-17 20:14:22,544 - WARNING - 클라이언트 541: 요청 타임아웃
2025-11-17 20:14:22,551 - WARNING - 클라이언트 543: 요청 타임아웃
2025-11-17 20:14:22,582 - WARNING - 클라이언트 551: 요청 타임아웃
2025-11-17 20:14:22,590 - WARNING - 클라이언트 553: 요청 타임아웃
2025-11-17 20:14:22,620 - WARNING - 클라이언트 559: 요청 타임아웃
2025-11-17 20:14:22,623 - WARNING - 클라이언트 561: 요청 타임아웃
2025-11-17 20:14:22,629 - WARNING - 클라이언트 563: 요청 타임아웃
2025-11-17 20:14:22,637 - WARNING - 클라이언트 565: 요청 타임아웃
2025-11-17 20:14:22,646 - WARNING - 클라이언트 567: 요청 타임아웃
2025-11-17 20:14:22,655 - WARNING - 클라이언트 569: 요청 타임아웃
2025-11-17 20:14:22,663 - WARNING - 클라이언트 571: 요청 타임아웃
2025-11-17 20:14:22,670 - WARNING - 클라이언트 573: 요청 타임아웃
2025-11-17 20:14:22,678 - WARNING - 클라이언트 575: 요청 타임아웃
2025-11-17 20:14:22,687 - WARNING - 클라이언트 577: 요청 타임아웃
2025-11-17 20:14:22,702 - WARNING - 클라이언트 581: 요청 타임아웃
2025-11-17 20:14:22,726 - WARNING - 클라이언트 587: 요청 타임아웃
2025-11-17 20:14:22,743 - WARNING - 클라이언트 591: 요청 타임아웃
2025-11-17 20:14:22,750 - WARNING - 클라이언트 593: 요청 타임아웃
2025-11-17 20:14:22,758 - WARNING - 클라이언트 595: 요청 타임아웃
2025-11-17 20:14:22,767 - WARNING - 클라이언트 597: 요청 타임아웃
2025-11-17 20:14:22,774 - WARNING - 클라이언트 599: 요청 타임아웃
2025-11-17 20:14:22,782 - WARNING - 클라이언트 601: 요청 타임아웃
2025-11-17 20:14:22,790 - WARNING - 클라이언트 603: 요청 타임아웃
2025-11-17 20:14:22,797 - WARNING - 클라이언트 605: 요청 타임아웃
2025-11-17 20:14:22,806 - WARNING - 클라이언트 607: 요청 타임아웃
2025-11-17 20:14:22,815 - WARNING - 클라이언트 609: 요청 타임아웃
2025-11-17 20:14:22,822 - WARNING - 클라이언트 611: 요청 타임아웃
2025-11-17 20:14:22,829 - WARNING - 클라이언트 613: 요청 타임아웃
2025-11-17 20:14:22,838 - WARNING - 클라이언트 615: 요청 타임아웃
2025-11-17 20:14:22,846 - WARNING - 클라이언트 617: 요청 타임아웃
2025-11-17 20:14:22,862 - WARNING - 클라이언트 621: 요청 타임아웃
2025-11-17 20:14:22,887 - WARNING - 클라이언트 627: 요청 타임아웃
2025-11-17 20:14:22,910 - WARNING - 클라이언트 633: 요청 타임아웃
2025-11-17 20:14:22,917 - WARNING - 클라이언트 635: 요청 타임아웃
2025-11-17 20:14:22,927 - WARNING - 클라이언트 637: 요청 타임아웃
2025-11-17 20:14:22,950 - WARNING - 클라이언트 643: 요청 타임아웃
2025-11-17 20:14:22,966 - WARNING - 클라이언트 647: 요청 타임아웃
2025-11-17 20:14:22,982 - WARNING - 클라이언트 651: 요청 타임아웃
2025-11-17 20:14:22,991 - WARNING - 클라이언트 653: 요청 타임아웃
2025-11-17 20:14:22,998 - WARNING - 클라이언트 655: 요청 타임아웃
2025-11-17 20:14:23,014 - WARNING - 클라이언트 659: 요청 타임아웃
2025-11-17 20:14:23,024 - WARNING - 클라이언트 661: 요청 타임아웃
2025-11-17 20:14:23,030 - WARNING - 클라이언트 663: 요청 타임아웃
2025-11-17 20:14:23,047 - WARNING - 클라이언트 667: 요청 타임아웃
2025-11-17 20:14:23,055 - WARNING - 클라이언트 669: 요청 타임아웃
2025-11-17 20:14:23,061 - WARNING - 클라이언트 671: 요청 타임아웃
2025-11-17 20:14:23,070 - WARNING - 클라이언트 673: 요청 타임아웃
2025-11-17 20:14:23,078 - WARNING - 클라이언트 675: 요청 타임아웃
2025-11-17 20:14:23,093 - WARNING - 클라이언트 679: 요청 타임아웃
2025-11-17 20:14:23,101 - WARNING - 클라이언트 681: 요청 타임아웃
2025-11-17 20:14:23,106 - WARNING - 클라이언트 677: 요청 타임아웃
2025-11-17 20:14:23,109 - WARNING - 클라이언트 683: 요청 타임아웃
2025-11-17 20:14:23,117 - WARNING - 클라이언트 685: 요청 타임아웃
2025-11-17 20:14:23,131 - WARNING - 클라이언트 687: 요청 타임아웃
2025-11-17 20:14:23,150 - WARNING - 클라이언트 693: 요청 타임아웃
2025-11-17 20:14:23,158 - WARNING - 클라이언트 695: 요청 타임아웃
2025-11-17 20:14:23,166 - WARNING - 클라이언트 697: 요청 타임아웃
2025-11-17 20:14:23,175 - WARNING - 클라이언트 699: 요청 타임아웃
2025-11-17 20:14:23,199 - WARNING - 클라이언트 705: 요청 타임아웃
2025-11-17 20:14:23,206 - WARNING - 클라이언트 707: 요청 타임아웃
2025-11-17 20:14:23,222 - WARNING - 클라이언트 711: 요청 타임아웃
2025-11-17 20:14:23,231 - WARNING - 클라이언트 713: 요청 타임아웃
2025-11-17 20:14:23,249 - WARNING - 클라이언트 717: 요청 타임아웃
2025-11-17 20:14:23,254 - WARNING - 클라이언트 719: 요청 타임아웃
2025-11-17 20:14:23,271 - WARNING - 클라이언트 723: 요청 타임아웃
2025-11-17 20:14:23,280 - WARNING - 클라이언트 725: 요청 타임아웃
2025-11-17 20:14:23,288 - WARNING - 클라이언트 727: 요청 타임아웃
2025-11-17 20:14:23,294 - WARNING - 클라이언트 729: 요청 타임아웃
2025-11-17 20:14:23,302 - WARNING - 클라이언트 731: 요청 타임아웃
2025-11-17 20:14:23,310 - WARNING - 클라이언트 733: 요청 타임아웃
2025-11-17 20:14:23,327 - WARNING - 클라이언트 737: 요청 타임아웃
2025-11-17 20:14:23,335 - WARNING - 클라이언트 739: 요청 타임아웃
2025-11-17 20:14:23,343 - WARNING - 클라이언트 741: 요청 타임아웃
2025-11-17 20:14:23,352 - WARNING - 클라이언트 743: 요청 타임아웃
2025-11-17 20:14:23,359 - WARNING - 클라이언트 745: 요청 타임아웃
2025-11-17 20:14:23,367 - WARNING - 클라이언트 747: 요청 타임아웃
2025-11-17 20:14:23,375 - WARNING - 클라이언트 749: 요청 타임아웃
2025-11-17 20:14:23,381 - WARNING - 클라이언트 751: 요청 타임아웃
2025-11-17 20:14:23,390 - WARNING - 클라이언트 753: 요청 타임아웃
2025-11-17 20:14:23,406 - WARNING - 클라이언트 757: 요청 타임아웃
2025-11-17 20:14:23,415 - WARNING - 클라이언트 759: 요청 타임아웃
2025-11-17 20:14:23,425 - INFO - [실시간] 요청 4000개 처리 | 현재까지의 RPS: 63.41최근 1000개 request의 p99 TTFT: 0.3336 초 | 
2025-11-17 20:14:23,431 - WARNING - 클라이언트 763: 요청 타임아웃
2025-11-17 20:14:23,438 - WARNING - 클라이언트 765: 요청 타임아웃
2025-11-17 20:14:23,446 - WARNING - 클라이언트 767: 요청 타임아웃
2025-11-17 20:14:23,462 - WARNING - 클라이언트 771: 요청 타임아웃
2025-11-17 20:14:23,470 - WARNING - 클라이언트 773: 요청 타임아웃
2025-11-17 20:14:23,479 - WARNING - 클라이언트 775: 요청 타임아웃
2025-11-17 20:14:23,494 - WARNING - 클라이언트 779: 요청 타임아웃
2025-11-17 20:14:23,502 - WARNING - 클라이언트 781: 요청 타임아웃
2025-11-17 20:14:23,529 - WARNING - 클라이언트 787: 요청 타임아웃
2025-11-17 20:14:23,535 - WARNING - 클라이언트 789: 요청 타임아웃
2025-11-17 20:14:23,543 - WARNING - 클라이언트 791: 요청 타임아웃
2025-11-17 20:14:23,561 - WARNING - 클라이언트 247: 요청 타임아웃
2025-11-17 20:14:23,583 - WARNING - 클라이언트 801: 요청 타임아웃
2025-11-17 20:14:23,592 - WARNING - 클라이언트 803: 요청 타임아웃
2025-11-17 20:14:23,646 - WARNING - 클라이언트 817: 요청 타임아웃
2025-11-17 20:14:23,663 - WARNING - 클라이언트 821: 요청 타임아웃
2025-11-17 20:14:23,672 - WARNING - 클라이언트 823: 요청 타임아웃
2025-11-17 20:14:23,678 - WARNING - 클라이언트 825: 요청 타임아웃
2025-11-17 20:14:23,693 - WARNING - 클라이언트 421: 요청 타임아웃
2025-11-17 20:14:23,695 - WARNING - 클라이언트 829: 요청 타임아웃
2025-11-17 20:14:23,703 - WARNING - 클라이언트 831: 요청 타임아웃
2025-11-17 20:14:23,710 - WARNING - 클라이언트 833: 요청 타임아웃
2025-11-17 20:14:23,726 - WARNING - 클라이언트 837: 요청 타임아웃
2025-11-17 20:14:23,738 - WARNING - 클라이언트 839: 요청 타임아웃
2025-11-17 20:14:23,743 - WARNING - 클라이언트 841: 요청 타임아웃
2025-11-17 20:14:23,751 - WARNING - 클라이언트 843: 요청 타임아웃
2025-11-17 20:14:23,758 - WARNING - 클라이언트 845: 요청 타임아웃
2025-11-17 20:14:23,767 - WARNING - 클라이언트 847: 요청 타임아웃
2025-11-17 20:14:23,791 - WARNING - 클라이언트 853: 요청 타임아웃
2025-11-17 20:14:23,798 - WARNING - 클라이언트 855: 요청 타임아웃
2025-11-17 20:14:23,807 - WARNING - 클라이언트 857: 요청 타임아웃
2025-11-17 20:14:23,815 - WARNING - 클라이언트 859: 요청 타임아웃
2025-11-17 20:14:23,822 - WARNING - 클라이언트 861: 요청 타임아웃
2025-11-17 20:14:23,831 - WARNING - 클라이언트 863: 요청 타임아웃
2025-11-17 20:14:23,840 - WARNING - 클라이언트 865: 요청 타임아웃
2025-11-17 20:14:23,846 - WARNING - 클라이언트 867: 요청 타임아웃
2025-11-17 20:14:23,855 - WARNING - 클라이언트 869: 요청 타임아웃
2025-11-17 20:14:23,863 - WARNING - 클라이언트 871: 요청 타임아웃
2025-11-17 20:14:23,881 - WARNING - 클라이언트 875: 요청 타임아웃
2025-11-17 20:14:23,887 - WARNING - 클라이언트 877: 요청 타임아웃
2025-11-17 20:14:23,903 - WARNING - 클라이언트 881: 요청 타임아웃
2025-11-17 20:14:23,911 - WARNING - 클라이언트 883: 요청 타임아웃
2025-11-17 20:14:23,927 - WARNING - 클라이언트 887: 요청 타임아웃
2025-11-17 20:14:23,937 - WARNING - 클라이언트 889: 요청 타임아웃
2025-11-17 20:14:23,944 - WARNING - 클라이언트 891: 요청 타임아웃
2025-11-17 20:14:23,950 - WARNING - 클라이언트 893: 요청 타임아웃
2025-11-17 20:14:23,959 - WARNING - 클라이언트 895: 요청 타임아웃
2025-11-17 20:14:23,966 - WARNING - 클라이언트 897: 요청 타임아웃
2025-11-17 20:14:23,983 - WARNING - 클라이언트 901: 요청 타임아웃
2025-11-17 20:14:24,006 - WARNING - 클라이언트 907: 요청 타임아웃
2025-11-17 20:14:24,015 - WARNING - 클라이언트 909: 요청 타임아웃
2025-11-17 20:14:24,032 - WARNING - 클라이언트 913: 요청 타임아웃
2025-11-17 20:14:24,040 - WARNING - 클라이언트 915: 요청 타임아웃
2025-11-17 20:14:24,048 - WARNING - 클라이언트 917: 요청 타임아웃
2025-11-17 20:14:24,056 - WARNING - 클라이언트 919: 요청 타임아웃
2025-11-17 20:14:24,063 - WARNING - 클라이언트 921: 요청 타임아웃
2025-11-17 20:14:24,072 - WARNING - 클라이언트 923: 요청 타임아웃
2025-11-17 20:14:24,079 - WARNING - 클라이언트 925: 요청 타임아웃
2025-11-17 20:14:24,095 - WARNING - 클라이언트 929: 요청 타임아웃
2025-11-17 20:14:24,104 - WARNING - 클라이언트 931: 요청 타임아웃
2025-11-17 20:14:24,127 - WARNING - 클라이언트 937: 요청 타임아웃
2025-11-17 20:14:24,136 - WARNING - 클라이언트 939: 요청 타임아웃
2025-11-17 20:14:24,143 - WARNING - 클라이언트 941: 요청 타임아웃
2025-11-17 20:14:24,167 - WARNING - 클라이언트 947: 요청 타임아웃
2025-11-17 20:14:24,177 - WARNING - 클라이언트 949: 요청 타임아웃
2025-11-17 20:14:24,193 - WARNING - 클라이언트 953: 요청 타임아웃
2025-11-17 20:14:24,199 - WARNING - 클라이언트 955: 요청 타임아웃
2025-11-17 20:14:24,215 - WARNING - 클라이언트 959: 요청 타임아웃
2025-11-17 20:14:24,223 - WARNING - 클라이언트 961: 요청 타임아웃
2025-11-17 20:14:24,240 - WARNING - 클라이언트 965: 요청 타임아웃
2025-11-17 20:14:24,255 - WARNING - 클라이언트 969: 요청 타임아웃
2025-11-17 20:14:24,261 - WARNING - 클라이언트 665: 요청 타임아웃
2025-11-17 20:14:24,262 - WARNING - 클라이언트 971: 요청 타임아웃
2025-11-17 20:14:24,279 - WARNING - 클라이언트 975: 요청 타임아웃
2025-11-17 20:14:24,298 - WARNING - 클라이언트 979: 요청 타임아웃
2025-11-17 20:14:24,304 - WARNING - 클라이언트 981: 요청 타임아웃
2025-11-17 20:14:24,312 - WARNING - 클라이언트 983: 요청 타임아웃
2025-11-17 20:14:24,336 - WARNING - 클라이언트 989: 요청 타임아웃
2025-11-17 20:14:24,351 - WARNING - 클라이언트 993: 요청 타임아웃
2025-11-17 20:14:24,358 - WARNING - 클라이언트 995: 요청 타임아웃
2025-11-17 20:14:24,368 - WARNING - 클라이언트 997: 요청 타임아웃
2025-11-17 20:14:24,375 - WARNING - 클라이언트 431: 요청 타임아웃
2025-11-17 20:14:24,376 - WARNING - 클라이언트 999: 요청 타임아웃
2025-11-17 20:14:24,400 - WARNING - 클라이언트 1005: 요청 타임아웃
2025-11-17 20:14:24,408 - WARNING - 클라이언트 1007: 요청 타임아웃
2025-11-17 20:14:24,415 - WARNING - 클라이언트 1009: 요청 타임아웃
2025-11-17 20:14:24,432 - WARNING - 클라이언트 1013: 요청 타임아웃
2025-11-17 20:14:24,448 - WARNING - 클라이언트 1017: 요청 타임아웃
2025-11-17 20:14:24,455 - WARNING - 클라이언트 1019: 요청 타임아웃
2025-11-17 20:14:24,464 - WARNING - 클라이언트 1021: 요청 타임아웃
2025-11-17 20:14:24,472 - WARNING - 클라이언트 1023: 요청 타임아웃
2025-11-17 20:14:24,480 - WARNING - 클라이언트 1025: 요청 타임아웃
2025-11-17 20:14:24,488 - WARNING - 클라이언트 1027: 요청 타임아웃
2025-11-17 20:14:24,496 - WARNING - 클라이언트 1029: 요청 타임아웃
2025-11-17 20:14:24,504 - WARNING - 클라이언트 1031: 요청 타임아웃
2025-11-17 20:14:24,512 - WARNING - 클라이언트 1033: 요청 타임아웃
2025-11-17 20:14:24,519 - WARNING - 클라이언트 1035: 요청 타임아웃
2025-11-17 20:14:24,536 - WARNING - 클라이언트 1039: 요청 타임아웃
2025-11-17 20:14:24,543 - WARNING - 클라이언트 1041: 요청 타임아웃
2025-11-17 20:14:24,551 - WARNING - 클라이언트 1043: 요청 타임아웃
2025-11-17 20:14:24,568 - WARNING - 클라이언트 1047: 요청 타임아웃
2025-11-17 20:14:24,576 - WARNING - 클라이언트 1049: 요청 타임아웃
2025-11-17 20:14:24,582 - WARNING - 클라이언트 1051: 요청 타임아웃
2025-11-17 20:14:24,593 - WARNING - 클라이언트 1053: 요청 타임아웃
2025-11-17 20:14:24,596 - WARNING - 클라이언트 427: 요청 타임아웃
2025-11-17 20:14:24,599 - WARNING - 클라이언트 1055: 요청 타임아웃
2025-11-17 20:14:24,607 - WARNING - 클라이언트 1057: 요청 타임아웃
2025-11-17 20:14:24,624 - WARNING - 클라이언트 1061: 요청 타임아웃
2025-11-17 20:14:24,631 - WARNING - 클라이언트 1063: 요청 타임아웃
2025-11-17 20:14:24,639 - WARNING - 클라이언트 1065: 요청 타임아웃
2025-11-17 20:14:24,649 - WARNING - 클라이언트 1067: 요청 타임아웃
2025-11-17 20:14:24,656 - WARNING - 클라이언트 1069: 요청 타임아웃
2025-11-17 20:14:24,672 - WARNING - 클라이언트 1073: 요청 타임아웃
2025-11-17 20:14:24,673 - WARNING - 클라이언트 265: 요청 타임아웃
2025-11-17 20:14:24,679 - WARNING - 클라이언트 1075: 요청 타임아웃
2025-11-17 20:14:24,688 - WARNING - 클라이언트 1077: 요청 타임아웃
2025-11-17 20:14:24,695 - WARNING - 클라이언트 1079: 요청 타임아웃
2025-11-17 20:14:24,703 - WARNING - 클라이언트 1081: 요청 타임아웃
2025-11-17 20:14:24,720 - WARNING - 클라이언트 1085: 요청 타임아웃
2025-11-17 20:14:24,728 - WARNING - 클라이언트 1087: 요청 타임아웃
2025-11-17 20:14:24,738 - WARNING - 클라이언트 1089: 요청 타임아웃
2025-11-17 20:14:24,743 - WARNING - 클라이언트 1091: 요청 타임아웃
2025-11-17 20:14:24,753 - WARNING - 클라이언트 1093: 요청 타임아웃
2025-11-17 20:14:24,760 - WARNING - 클라이언트 1095: 요청 타임아웃
2025-11-17 20:14:24,768 - WARNING - 클라이언트 1097: 요청 타임아웃
2025-11-17 20:14:24,772 - WARNING - 클라이언트 815: 요청 타임아웃
2025-11-17 20:14:24,784 - WARNING - 클라이언트 1101: 요청 타임아웃
2025-11-17 20:14:24,792 - WARNING - 클라이언트 1103: 요청 타임아웃
2025-11-17 20:14:24,800 - WARNING - 클라이언트 1105: 요청 타임아웃
2025-11-17 20:14:24,815 - WARNING - 클라이언트 547: 요청 타임아웃
2025-11-17 20:14:24,840 - WARNING - 클라이언트 1115: 요청 타임아웃
2025-11-17 20:14:24,847 - WARNING - 클라이언트 1117: 요청 타임아웃
2025-11-17 20:14:24,864 - WARNING - 클라이언트 1121: 요청 타임아웃
2025-11-17 20:14:24,871 - WARNING - 클라이언트 1123: 요청 타임아웃
2025-11-17 20:14:24,881 - WARNING - 클라이언트 1125: 요청 타임아웃
2025-11-17 20:14:24,887 - WARNING - 클라이언트 1127: 요청 타임아웃
2025-11-17 20:14:24,897 - WARNING - 클라이언트 1129: 요청 타임아웃
2025-11-17 20:14:24,904 - WARNING - 클라이언트 1131: 요청 타임아웃
2025-11-17 20:14:24,921 - WARNING - 클라이언트 1135: 요청 타임아웃
2025-11-17 20:14:24,931 - WARNING - 클라이언트 1137: 요청 타임아웃
2025-11-17 20:14:24,935 - WARNING - 클라이언트 1139: 요청 타임아웃
2025-11-17 20:14:24,944 - WARNING - 클라이언트 1141: 요청 타임아웃
2025-11-17 20:14:24,952 - WARNING - 클라이언트 1143: 요청 타임아웃
2025-11-17 20:14:24,959 - WARNING - 클라이언트 1145: 요청 타임아웃
2025-11-17 20:14:24,977 - WARNING - 클라이언트 1149: 요청 타임아웃
2025-11-17 20:14:24,993 - WARNING - 클라이언트 1153: 요청 타임아웃
2025-11-17 20:14:24,998 - WARNING - 클라이언트 701: 요청 타임아웃
2025-11-17 20:14:25,000 - WARNING - 클라이언트 1155: 요청 타임아웃
2025-11-17 20:14:25,008 - WARNING - 클라이언트 1157: 요청 타임아웃
2025-11-17 20:14:25,016 - WARNING - 클라이언트 1159: 요청 타임아웃
2025-11-17 20:14:25,025 - WARNING - 클라이언트 1161: 요청 타임아웃
2025-11-17 20:14:25,033 - WARNING - 클라이언트 1163: 요청 타임아웃
2025-11-17 20:14:25,040 - WARNING - 클라이언트 1165: 요청 타임아웃
2025-11-17 20:14:25,048 - WARNING - 클라이언트 1167: 요청 타임아웃
2025-11-17 20:14:25,066 - WARNING - 클라이언트 1171: 요청 타임아웃
2025-11-17 20:14:25,066 - WARNING - 클라이언트 1169: 요청 타임아웃
2025-11-17 20:14:25,073 - WARNING - 클라이언트 1173: 요청 타임아웃
2025-11-17 20:14:25,081 - WARNING - 클라이언트 1175: 요청 타임아웃
2025-11-17 20:14:25,089 - WARNING - 클라이언트 1177: 요청 타임아웃
2025-11-17 20:14:25,095 - WARNING - 클라이언트 209: 요청 타임아웃
2025-11-17 20:14:25,096 - WARNING - 클라이언트 1179: 요청 타임아웃
2025-11-17 20:14:25,103 - WARNING - 클라이언트 1181: 요청 타임아웃
2025-11-17 20:14:25,113 - WARNING - 클라이언트 1183: 요청 타임아웃
2025-11-17 20:14:25,120 - WARNING - 클라이언트 1185: 요청 타임아웃
2025-11-17 20:14:25,128 - WARNING - 클라이언트 1187: 요청 타임아웃
2025-11-17 20:14:25,137 - WARNING - 클라이언트 1189: 요청 타임아웃
2025-11-17 20:14:25,145 - WARNING - 클라이언트 1191: 요청 타임아웃
2025-11-17 20:14:25,161 - WARNING - 클라이언트 1195: 요청 타임아웃
2025-11-17 20:14:25,193 - WARNING - 클라이언트 1203: 요청 타임아웃
2025-11-17 20:14:25,201 - WARNING - 클라이언트 1205: 요청 타임아웃
2025-11-17 20:14:25,208 - WARNING - 클라이언트 1207: 요청 타임아웃
2025-11-17 20:14:25,224 - WARNING - 클라이언트 1211: 요청 타임아웃
2025-11-17 20:14:25,253 - WARNING - 클라이언트 1217: 요청 타임아웃
2025-11-17 20:14:25,266 - WARNING - 클라이언트 1221: 요청 타임아웃
2025-11-17 20:14:25,296 - WARNING - 클라이언트 1229: 요청 타임아웃
2025-11-17 20:14:25,313 - WARNING - 클라이언트 1233: 요청 타임아웃
2025-11-17 20:14:25,322 - WARNING - 클라이언트 1235: 요청 타임아웃
2025-11-17 20:14:25,330 - WARNING - 클라이언트 1237: 요청 타임아웃
2025-11-17 20:14:25,337 - WARNING - 클라이언트 1239: 요청 타임아웃
2025-11-17 20:14:25,346 - WARNING - 클라이언트 1241: 요청 타임아웃
2025-11-17 20:14:25,353 - WARNING - 클라이언트 1243: 요청 타임아웃
2025-11-17 20:14:25,361 - WARNING - 클라이언트 1245: 요청 타임아웃
2025-11-17 20:14:25,369 - WARNING - 클라이언트 1247: 요청 타임아웃
2025-11-17 20:14:25,381 - WARNING - 클라이언트 805: 요청 타임아웃
2025-11-17 20:14:25,384 - WARNING - 클라이언트 1251: 요청 타임아웃
2025-11-17 20:14:25,394 - WARNING - 클라이언트 1253: 요청 타임아웃
2025-11-17 20:14:25,400 - WARNING - 클라이언트 1255: 요청 타임아웃
2025-11-17 20:14:25,409 - WARNING - 클라이언트 1257: 요청 타임아웃
2025-11-17 20:14:25,417 - WARNING - 클라이언트 1259: 요청 타임아웃
2025-11-17 20:14:25,425 - WARNING - 클라이언트 1261: 요청 타임아웃
2025-11-17 20:14:25,432 - WARNING - 클라이언트 1263: 요청 타임아웃
2025-11-17 20:14:25,441 - WARNING - 클라이언트 1265: 요청 타임아웃
2025-11-17 20:14:25,448 - WARNING - 클라이언트 1267: 요청 타임아웃
2025-11-17 20:14:25,457 - WARNING - 클라이언트 1269: 요청 타임아웃
2025-11-17 20:14:25,474 - WARNING - 클라이언트 1273: 요청 타임아웃
2025-11-17 20:14:25,491 - WARNING - 클라이언트 1277: 요청 타임아웃
2025-11-17 20:14:25,499 - WARNING - 클라이언트 1279: 요청 타임아웃
2025-11-17 20:14:25,506 - WARNING - 클라이언트 1281: 요청 타임아웃
2025-11-17 20:14:25,514 - WARNING - 클라이언트 1283: 요청 타임아웃
2025-11-17 20:14:25,522 - WARNING - 클라이언트 1285: 요청 타임아웃
2025-11-17 20:14:25,530 - WARNING - 클라이언트 1287: 요청 타임아웃
2025-11-17 20:14:25,538 - WARNING - 클라이언트 1289: 요청 타임아웃
2025-11-17 20:14:25,545 - WARNING - 클라이언트 1291: 요청 타임아웃
2025-11-17 20:14:25,554 - WARNING - 클라이언트 1293: 요청 타임아웃
2025-11-17 20:14:25,562 - WARNING - 클라이언트 1295: 요청 타임아웃
2025-11-17 20:14:25,569 - WARNING - 클라이언트 1297: 요청 타임아웃
2025-11-17 20:14:25,578 - WARNING - 클라이언트 1299: 요청 타임아웃
2025-11-17 20:14:25,584 - WARNING - 클라이언트 1301: 요청 타임아웃
2025-11-17 20:14:25,593 - WARNING - 클라이언트 1303: 요청 타임아웃
2025-11-17 20:14:25,610 - WARNING - 클라이언트 1307: 요청 타임아웃
2025-11-17 20:14:25,618 - WARNING - 클라이언트 1309: 요청 타임아웃
2025-11-17 20:14:25,628 - WARNING - 클라이언트 1311: 요청 타임아웃
2025-11-17 20:14:25,633 - WARNING - 클라이언트 1313: 요청 타임아웃
2025-11-17 20:14:25,642 - WARNING - 클라이언트 1315: 요청 타임아웃
2025-11-17 20:14:25,651 - WARNING - 클라이언트 1317: 요청 타임아웃
2025-11-17 20:14:25,665 - WARNING - 클라이언트 1321: 요청 타임아웃
2025-11-17 20:14:25,683 - WARNING - 클라이언트 253: 요청 타임아웃
2025-11-17 20:14:25,684 - WARNING - 클라이언트 1325: 요청 타임아웃
2025-11-17 20:14:25,697 - WARNING - 클라이언트 1329: 요청 타임아웃
2025-11-17 20:14:25,706 - WARNING - 클라이언트 1331: 요청 타임아웃
2025-11-17 20:14:25,715 - WARNING - 클라이언트 1333: 요청 타임아웃
2025-11-17 20:14:25,722 - WARNING - 클라이언트 1335: 요청 타임아웃
2025-11-17 20:14:25,729 - WARNING - 클라이언트 1337: 요청 타임아웃
2025-11-17 20:14:25,738 - WARNING - 클라이언트 1339: 요청 타임아웃
2025-11-17 20:14:25,745 - WARNING - 클라이언트 1341: 요청 타임아웃
2025-11-17 20:14:25,754 - WARNING - 클라이언트 1343: 요청 타임아웃
2025-11-17 20:14:25,761 - WARNING - 클라이언트 1345: 요청 타임아웃
2025-11-17 20:14:25,769 - WARNING - 클라이언트 1347: 요청 타임아웃
2025-11-17 20:14:25,778 - WARNING - 클라이언트 1349: 요청 타임아웃
2025-11-17 20:14:25,785 - WARNING - 클라이언트 1351: 요청 타임아웃
2025-11-17 20:14:25,795 - WARNING - 클라이언트 1353: 요청 타임아웃
2025-11-17 20:14:25,802 - WARNING - 클라이언트 1355: 요청 타임아웃
2025-11-17 20:14:25,811 - WARNING - 클라이언트 1357: 요청 타임아웃
2025-11-17 20:14:25,818 - WARNING - 클라이언트 1359: 요청 타임아웃
2025-11-17 20:14:25,827 - WARNING - 클라이언트 1361: 요청 타임아웃
2025-11-17 20:14:25,834 - WARNING - 클라이언트 1363: 요청 타임아웃
2025-11-17 20:14:25,842 - WARNING - 클라이언트 1365: 요청 타임아웃
2025-11-17 20:14:25,849 - WARNING - 클라이언트 1367: 요청 타임아웃
2025-11-17 20:14:25,858 - WARNING - 클라이언트 1369: 요청 타임아웃
2025-11-17 20:14:25,866 - WARNING - 클라이언트 1371: 요청 타임아웃
2025-11-17 20:14:25,874 - WARNING - 클라이언트 1373: 요청 타임아웃
2025-11-17 20:14:25,882 - WARNING - 클라이언트 1375: 요청 타임아웃
2025-11-17 20:14:25,891 - WARNING - 클라이언트 1377: 요청 타임아웃
2025-11-17 20:14:25,897 - WARNING - 클라이언트 487: 요청 타임아웃
2025-11-17 20:14:25,898 - WARNING - 클라이언트 1379: 요청 타임아웃
2025-11-17 20:14:25,906 - WARNING - 클라이언트 1381: 요청 타임아웃
2025-11-17 20:14:25,916 - WARNING - 클라이언트 639: 요청 타임아웃
2025-11-17 20:14:25,930 - WARNING - 클라이언트 657: 요청 타임아웃
2025-11-17 20:14:25,930 - WARNING - 클라이언트 1387: 요청 타임아웃
2025-11-17 20:14:25,938 - WARNING - 클라이언트 1389: 요청 타임아웃
2025-11-17 20:14:25,953 - WARNING - 클라이언트 1393: 요청 타임아웃
2025-11-17 20:14:25,961 - WARNING - 클라이언트 1099: 요청 타임아웃
2025-11-17 20:14:25,963 - WARNING - 클라이언트 1395: 요청 타임아웃
2025-11-17 20:14:25,979 - WARNING - 클라이언트 1399: 요청 타임아웃
2025-11-17 20:14:25,986 - WARNING - 클라이언트 1401: 요청 타임아웃
2025-11-17 20:14:25,993 - WARNING - 클라이언트 1403: 요청 타임아웃
2025-11-17 20:14:26,018 - WARNING - 클라이언트 1409: 요청 타임아웃
2025-11-17 20:14:26,027 - WARNING - 클라이언트 1411: 요청 타임아웃
2025-11-17 20:14:26,029 - WARNING - 클라이언트 631: 요청 타임아웃
2025-11-17 20:14:26,035 - WARNING - 클라이언트 1413: 요청 타임아웃
2025-11-17 20:14:26,050 - WARNING - 클라이언트 1417: 요청 타임아웃
2025-11-17 20:14:26,058 - WARNING - 클라이언트 1419: 요청 타임아웃
2025-11-17 20:14:26,069 - WARNING - 클라이언트 1421: 요청 타임아웃
2025-11-17 20:14:26,083 - WARNING - 클라이언트 1425: 요청 타임아웃
2025-11-17 20:14:26,091 - WARNING - 클라이언트 1427: 요청 타임아웃
2025-11-17 20:14:26,099 - WARNING - 클라이언트 1429: 요청 타임아웃
2025-11-17 20:14:26,121 - WARNING - 클라이언트 1435: 요청 타임아웃
2025-11-17 20:14:26,131 - WARNING - 클라이언트 1437: 요청 타임아웃
2025-11-17 20:14:26,140 - WARNING - 클라이언트 1439: 요청 타임아웃
2025-11-17 20:14:26,147 - WARNING - 클라이언트 1441: 요청 타임아웃
2025-11-17 20:14:26,156 - WARNING - 클라이언트 1443: 요청 타임아웃
2025-11-17 20:14:26,162 - WARNING - 클라이언트 1445: 요청 타임아웃
2025-11-17 20:14:26,166 - WARNING - 클라이언트 121: 요청 타임아웃
2025-11-17 20:14:26,177 - WARNING - 클라이언트 1449: 요청 타임아웃
2025-11-17 20:14:26,186 - WARNING - 클라이언트 1451: 요청 타임아웃
2025-11-17 20:14:26,202 - WARNING - 클라이언트 1455: 요청 타임아웃
2025-11-17 20:14:26,212 - WARNING - 클라이언트 1457: 요청 타임아웃
2025-11-17 20:14:26,219 - WARNING - 클라이언트 1459: 요청 타임아웃
2025-11-17 20:14:26,230 - WARNING - 클라이언트 1461: 요청 타임아웃
2025-11-17 20:14:26,235 - WARNING - 클라이언트 1463: 요청 타임아웃
2025-11-17 20:14:26,243 - WARNING - 클라이언트 1465: 요청 타임아웃
2025-11-17 20:14:26,258 - WARNING - 클라이언트 1469: 요청 타임아웃
2025-11-17 20:14:26,266 - WARNING - 클라이언트 1471: 요청 타임아웃
2025-11-17 20:14:26,276 - WARNING - 클라이언트 1473: 요청 타임아웃
2025-11-17 20:14:26,282 - WARNING - 클라이언트 1475: 요청 타임아웃
2025-11-17 20:14:26,290 - WARNING - 클라이언트 1477: 요청 타임아웃
2025-11-17 20:14:26,299 - WARNING - 클라이언트 1479: 요청 타임아웃
2025-11-17 20:14:26,307 - WARNING - 클라이언트 1481: 요청 타임아웃
2025-11-17 20:14:26,314 - WARNING - 클라이언트 1483: 요청 타임아웃
2025-11-17 20:14:26,322 - WARNING - 클라이언트 1485: 요청 타임아웃
2025-11-17 20:14:26,325 - WARNING - 클라이언트 1319: 요청 타임아웃
2025-11-17 20:14:26,331 - WARNING - 클라이언트 1487: 요청 타임아웃
2025-11-17 20:14:26,338 - WARNING - 클라이언트 1489: 요청 타임아웃
2025-11-17 20:14:26,347 - WARNING - 클라이언트 1491: 요청 타임아웃
2025-11-17 20:14:26,362 - WARNING - 클라이언트 1495: 요청 타임아웃
2025-11-17 20:14:26,371 - WARNING - 클라이언트 1497: 요청 타임아웃
2025-11-17 20:14:26,395 - WARNING - 클라이언트 1503: 요청 타임아웃
2025-11-17 20:14:26,405 - WARNING - 클라이언트 1505: 요청 타임아웃
2025-11-17 20:14:26,411 - WARNING - 클라이언트 1507: 요청 타임아웃
2025-11-17 20:14:26,418 - WARNING - 클라이언트 1509: 요청 타임아웃
2025-11-17 20:14:26,427 - WARNING - 클라이언트 1511: 요청 타임아웃
2025-11-17 20:14:26,451 - WARNING - 클라이언트 1517: 요청 타임아웃
2025-11-17 20:14:26,467 - WARNING - 클라이언트 1521: 요청 타임아웃
2025-11-17 20:14:26,481 - WARNING - 클라이언트 1523: 요청 타임아웃
2025-11-17 20:14:26,483 - WARNING - 클라이언트 1525: 요청 타임아웃
2025-11-17 20:14:26,491 - WARNING - 클라이언트 1527: 요청 타임아웃
2025-11-17 20:14:26,499 - WARNING - 클라이언트 1529: 요청 타임아웃
2025-11-17 20:14:26,507 - WARNING - 클라이언트 1531: 요청 타임아웃
2025-11-17 20:14:26,524 - WARNING - 클라이언트 1535: 요청 타임아웃
2025-11-17 20:14:26,532 - WARNING - 클라이언트 1537: 요청 타임아웃
2025-11-17 20:14:26,539 - WARNING - 클라이언트 1539: 요청 타임아웃
2025-11-17 20:14:26,547 - WARNING - 클라이언트 1541: 요청 타임아웃
2025-11-17 20:14:26,556 - WARNING - 클라이언트 1543: 요청 타임아웃
2025-11-17 20:14:26,570 - WARNING - 클라이언트 1547: 요청 타임아웃
2025-11-17 20:14:26,579 - WARNING - 클라이언트 1549: 요청 타임아웃
2025-11-17 20:14:26,586 - WARNING - 클라이언트 1551: 요청 타임아웃
2025-11-17 20:14:26,594 - WARNING - 클라이언트 1553: 요청 타임아웃
2025-11-17 20:14:26,603 - WARNING - 클라이언트 1555: 요청 타임아웃
2025-11-17 20:14:26,610 - WARNING - 클라이언트 1557: 요청 타임아웃
2025-11-17 20:14:26,619 - WARNING - 클라이언트 1559: 요청 타임아웃
2025-11-17 20:14:26,626 - WARNING - 클라이언트 1561: 요청 타임아웃
2025-11-17 20:14:26,634 - WARNING - 클라이언트 1563: 요청 타임아웃
2025-11-17 20:14:26,642 - WARNING - 클라이언트 1565: 요청 타임아웃
2025-11-17 20:14:26,651 - WARNING - 클라이언트 629: 요청 타임아웃
2025-11-17 20:14:26,651 - WARNING - 클라이언트 1567: 요청 타임아웃
2025-11-17 20:14:26,659 - WARNING - 클라이언트 1569: 요청 타임아웃
2025-11-17 20:14:26,674 - WARNING - 클라이언트 1573: 요청 타임아웃
2025-11-17 20:14:26,683 - WARNING - 클라이언트 1575: 요청 타임아웃
2025-11-17 20:14:26,692 - WARNING - 클라이언트 1577: 요청 타임아웃
2025-11-17 20:14:26,694 - WARNING - 클라이언트 1059: 요청 타임아웃
2025-11-17 20:14:26,698 - WARNING - 클라이언트 1579: 요청 타임아웃
2025-11-17 20:14:26,711 - WARNING - 클라이언트 1581: 요청 타임아웃
2025-11-17 20:14:26,715 - WARNING - 클라이언트 1583: 요청 타임아웃
2025-11-17 20:14:26,864 - WARNING - 클라이언트 1591: 요청 타임아웃
2025-11-17 20:14:26,865 - WARNING - 클라이언트 1597: 요청 타임아웃
2025-11-17 20:14:26,865 - WARNING - 클라이언트 1595: 요청 타임아웃
2025-11-17 20:14:26,865 - WARNING - 클라이언트 1599: 요청 타임아웃
2025-11-17 20:14:26,866 - WARNING - 클라이언트 531: 요청 타임아웃
2025-11-17 20:14:26,866 - WARNING - 클라이언트 1585: 요청 타임아웃
2025-11-17 20:14:26,867 - WARNING - 클라이언트 1589: 요청 타임아웃
2025-11-17 20:14:26,867 - WARNING - 클라이언트 1601: 요청 타임아웃
2025-11-17 20:14:26,867 - WARNING - 클라이언트 1603: 요청 타임아웃
2025-11-17 20:14:26,868 - WARNING - 클라이언트 1611: 요청 타임아웃
2025-11-17 20:14:26,868 - WARNING - 클라이언트 1607: 요청 타임아웃
2025-11-17 20:14:26,868 - WARNING - 클라이언트 1617: 요청 타임아웃
2025-11-17 20:14:26,869 - WARNING - 클라이언트 1609: 요청 타임아웃
2025-11-17 20:14:26,869 - WARNING - 클라이언트 951: 요청 타임아웃
2025-11-17 20:14:26,870 - WARNING - 클라이언트 1621: 요청 타임아웃
2025-11-17 20:14:26,870 - WARNING - 클라이언트 1605: 요청 타임아웃
2025-11-17 20:14:26,870 - WARNING - 클라이언트 1613: 요청 타임아웃
2025-11-17 20:14:26,871 - WARNING - 클라이언트 1619: 요청 타임아웃
2025-11-17 20:14:26,879 - WARNING - 클라이언트 1219: 요청 타임아웃
2025-11-17 20:14:26,891 - WARNING - 클라이언트 1627: 요청 타임아웃
2025-11-17 20:14:26,907 - WARNING - 클라이언트 1631: 요청 타임아웃
2025-11-17 20:14:26,915 - WARNING - 클라이언트 1633: 요청 타임아웃
2025-11-17 20:14:26,923 - WARNING - 클라이언트 1635: 요청 타임아웃
2025-11-17 20:14:26,931 - WARNING - 클라이언트 1637: 요청 타임아웃
2025-11-17 20:14:26,940 - WARNING - 클라이언트 1639: 요청 타임아웃
2025-11-17 20:14:26,947 - WARNING - 클라이언트 1641: 요청 타임아웃
2025-11-17 20:14:26,987 - WARNING - 클라이언트 1651: 요청 타임아웃
2025-11-17 20:14:26,995 - WARNING - 클라이언트 1653: 요청 타임아웃
2025-11-17 20:14:27,003 - WARNING - 클라이언트 1655: 요청 타임아웃
2025-11-17 20:14:27,011 - WARNING - 클라이언트 1657: 요청 타임아웃
2025-11-17 20:14:27,037 - WARNING - 클라이언트 1663: 요청 타임아웃
2025-11-17 20:14:27,043 - WARNING - 클라이언트 1665: 요청 타임아웃
2025-11-17 20:14:27,051 - WARNING - 클라이언트 1667: 요청 타임아웃
2025-11-17 20:14:27,060 - WARNING - 클라이언트 1669: 요청 타임아웃
2025-11-17 20:14:27,076 - WARNING - 클라이언트 1673: 요청 타임아웃
2025-11-17 20:14:27,090 - WARNING - 클라이언트 1675: 요청 타임아웃
2025-11-17 20:14:27,093 - WARNING - 클라이언트 1677: 요청 타임아웃
2025-11-17 20:14:27,125 - WARNING - 클라이언트 1685: 요청 타임아웃
2025-11-17 20:14:27,131 - WARNING - 클라이언트 1687: 요청 타임아웃
2025-11-17 20:14:27,134 - WARNING - 클라이언트 1683: 요청 타임아웃
2025-11-17 20:14:27,138 - WARNING - 클라이언트 1689: 요청 타임아웃
2025-11-17 20:14:27,147 - WARNING - 클라이언트 1691: 요청 타임아웃
2025-11-17 20:14:27,156 - WARNING - 클라이언트 1693: 요청 타임아웃
2025-11-17 20:14:27,180 - WARNING - 클라이언트 1699: 요청 타임아웃
2025-11-17 20:14:27,188 - WARNING - 클라이언트 1701: 요청 타임아웃
2025-11-17 20:14:27,195 - WARNING - 클라이언트 1703: 요청 타임아웃
2025-11-17 20:14:27,212 - WARNING - 클라이언트 1707: 요청 타임아웃
2025-11-17 20:14:27,237 - WARNING - 클라이언트 1713: 요청 타임아웃
2025-11-17 20:14:27,245 - WARNING - 클라이언트 1715: 요청 타임아웃
2025-11-17 20:14:27,252 - WARNING - 클라이언트 1717: 요청 타임아웃
2025-11-17 20:14:27,260 - WARNING - 클라이언트 1719: 요청 타임아웃
2025-11-17 20:14:27,275 - WARNING - 클라이언트 1723: 요청 타임아웃
2025-11-17 20:14:27,283 - WARNING - 클라이언트 1725: 요청 타임아웃
2025-11-17 20:14:27,295 - WARNING - 클라이언트 1727: 요청 타임아웃
2025-11-17 20:14:27,300 - WARNING - 클라이언트 1729: 요청 타임아웃
2025-11-17 20:14:27,323 - WARNING - 클라이언트 1735: 요청 타임아웃
2025-11-17 20:14:27,331 - WARNING - 클라이언트 1737: 요청 타임아웃
2025-11-17 20:14:27,348 - WARNING - 클라이언트 1741: 요청 타임아웃
2025-11-17 20:14:27,386 - WARNING - 클라이언트 1747: 요청 타임아웃
2025-11-17 20:14:27,391 - WARNING - 클라이언트 319: 요청 타임아웃
2025-11-17 20:14:27,395 - WARNING - 클라이언트 1753: 요청 타임아웃
2025-11-17 20:14:27,403 - WARNING - 클라이언트 1755: 요청 타임아웃
2025-11-17 20:14:27,412 - WARNING - 클라이언트 1757: 요청 타임아웃
2025-11-17 20:14:27,419 - WARNING - 클라이언트 1759: 요청 타임아웃
2025-11-17 20:14:27,427 - WARNING - 클라이언트 1761: 요청 타임아웃
2025-11-17 20:14:27,435 - WARNING - 클라이언트 1763: 요청 타임아웃
2025-11-17 20:14:27,444 - WARNING - 클라이언트 1765: 요청 타임아웃
2025-11-17 20:14:27,460 - WARNING - 클라이언트 1769: 요청 타임아웃
2025-11-17 20:14:27,467 - WARNING - 클라이언트 1771: 요청 타임아웃
2025-11-17 20:14:27,476 - WARNING - 클라이언트 1773: 요청 타임아웃
2025-11-17 20:14:27,483 - WARNING - 클라이언트 1775: 요청 타임아웃
2025-11-17 20:14:27,491 - WARNING - 클라이언트 1777: 요청 타임아웃
2025-11-17 20:14:27,516 - WARNING - 클라이언트 1783: 요청 타임아웃
2025-11-17 20:14:27,540 - WARNING - 클라이언트 1789: 요청 타임아웃
2025-11-17 20:14:27,547 - WARNING - 클라이언트 1791: 요청 타임아웃
2025-11-17 20:14:27,556 - WARNING - 클라이언트 1793: 요청 타임아웃
2025-11-17 20:14:27,565 - WARNING - 클라이언트 1795: 요청 타임아웃
2025-11-17 20:14:27,572 - WARNING - 클라이언트 1797: 요청 타임아웃
2025-11-17 20:14:27,580 - WARNING - 클라이언트 1799: 요청 타임아웃
2025-11-17 20:14:27,588 - WARNING - 클라이언트 1801: 요청 타임아웃
2025-11-17 20:14:27,596 - WARNING - 클라이언트 1803: 요청 타임아웃
2025-11-17 20:14:27,603 - WARNING - 클라이언트 1805: 요청 타임아웃
2025-11-17 20:14:27,620 - WARNING - 클라이언트 1809: 요청 타임아웃
2025-11-17 20:14:27,635 - WARNING - 클라이언트 1813: 요청 타임아웃
2025-11-17 20:14:27,644 - WARNING - 클라이언트 1815: 요청 타임아웃
2025-11-17 20:14:27,652 - WARNING - 클라이언트 1817: 요청 타임아웃
2025-11-17 20:14:27,659 - WARNING - 클라이언트 1819: 요청 타임아웃
2025-11-17 20:14:27,676 - WARNING - 클라이언트 1823: 요청 타임아웃
2025-11-17 20:14:27,693 - WARNING - 클라이언트 1827: 요청 타임아웃
2025-11-17 20:14:27,700 - WARNING - 클라이언트 1829: 요청 타임아웃
2025-11-17 20:14:27,711 - WARNING - 클라이언트 1831: 요청 타임아웃
2025-11-17 20:14:27,724 - WARNING - 클라이언트 1835: 요청 타임아웃
2025-11-17 20:14:27,732 - WARNING - 클라이언트 1837: 요청 타임아웃
2025-11-17 20:14:27,740 - WARNING - 클라이언트 1839: 요청 타임아웃
2025-11-17 20:14:27,756 - WARNING - 클라이언트 1843: 요청 타임아웃
2025-11-17 20:14:27,773 - WARNING - 클라이언트 1847: 요청 타임아웃
2025-11-17 20:14:27,782 - WARNING - 클라이언트 23: 요청 타임아웃
2025-11-17 20:14:27,788 - WARNING - 클라이언트 1851: 요청 타임아웃
2025-11-17 20:14:27,797 - WARNING - 클라이언트 1853: 요청 타임아웃
2025-11-17 20:14:27,804 - WARNING - 클라이언트 1855: 요청 타임아웃
2025-11-17 20:14:27,812 - WARNING - 클라이언트 1857: 요청 타임아웃
2025-11-17 20:14:27,821 - WARNING - 클라이언트 1859: 요청 타임아웃
2025-11-17 20:14:27,828 - WARNING - 클라이언트 1861: 요청 타임아웃
2025-11-17 20:14:27,836 - WARNING - 클라이언트 1863: 요청 타임아웃
2025-11-17 20:14:27,882 - WARNING - 클라이언트 1681: 요청 타임아웃
2025-11-17 20:14:27,893 - WARNING - 클라이언트 1877: 요청 타임아웃
2025-11-17 20:14:27,902 - WARNING - 클라이언트 1879: 요청 타임아웃
2025-11-17 20:14:27,908 - WARNING - 클라이언트 1881: 요청 타임아웃
2025-11-17 20:14:27,916 - WARNING - 클라이언트 1883: 요청 타임아웃
2025-11-17 20:14:27,923 - WARNING - 클라이언트 1885: 요청 타임아웃
2025-11-17 20:14:27,933 - WARNING - 클라이언트 1887: 요청 타임아웃
2025-11-17 20:14:27,947 - WARNING - 클라이언트 1891: 요청 타임아웃
2025-11-17 20:14:27,955 - WARNING - 클라이언트 835: 요청 타임아웃
2025-11-17 20:14:27,956 - WARNING - 클라이언트 1893: 요청 타임아웃
2025-11-17 20:14:27,973 - WARNING - 클라이언트 1897: 요청 타임아웃
2025-11-17 20:14:27,988 - WARNING - 클라이언트 1901: 요청 타임아웃
2025-11-17 20:14:27,996 - WARNING - 클라이언트 1903: 요청 타임아웃
2025-11-17 20:14:28,004 - WARNING - 클라이언트 1905: 요청 타임아웃
2025-11-17 20:14:28,011 - WARNING - 클라이언트 1907: 요청 타임아웃
2025-11-17 20:14:28,021 - WARNING - 클라이언트 1909: 요청 타임아웃
2025-11-17 20:14:28,043 - WARNING - 클라이언트 1915: 요청 타임아웃
2025-11-17 20:14:28,092 - WARNING - 클라이언트 1927: 요청 타임아웃
2025-11-17 20:14:28,100 - WARNING - 클라이언트 1929: 요청 타임아웃
2025-11-17 20:14:28,108 - WARNING - 클라이언트 1931: 요청 타임아웃
2025-11-17 20:14:28,115 - WARNING - 클라이언트 1933: 요청 타임아웃
2025-11-17 20:14:28,118 - WARNING - 클라이언트 583: 요청 타임아웃
2025-11-17 20:14:28,160 - WARNING - 클라이언트 1943: 요청 타임아웃
2025-11-17 20:14:28,163 - WARNING - 클라이언트 1945: 요청 타임아웃
2025-11-17 20:14:28,172 - WARNING - 클라이언트 1947: 요청 타임아웃
2025-11-17 20:14:28,180 - WARNING - 클라이언트 1949: 요청 타임아웃
2025-11-17 20:14:28,187 - WARNING - 클라이언트 1951: 요청 타임아웃
2025-11-17 20:14:28,196 - WARNING - 클라이언트 1953: 요청 타임아웃
2025-11-17 20:14:28,212 - WARNING - 클라이언트 1957: 요청 타임아웃
2025-11-17 20:14:28,228 - WARNING - 클라이언트 1961: 요청 타임아웃
2025-11-17 20:14:28,237 - WARNING - 클라이언트 1963: 요청 타임아웃
2025-11-17 20:14:28,243 - WARNING - 클라이언트 1965: 요청 타임아웃
2025-11-17 20:14:28,252 - WARNING - 클라이언트 1967: 요청 타임아웃
2025-11-17 20:14:28,261 - WARNING - 클라이언트 1969: 요청 타임아웃
2025-11-17 20:14:28,277 - WARNING - 클라이언트 1973: 요청 타임아웃
2025-11-17 20:14:28,282 - WARNING - 클라이언트 1971: 요청 타임아웃
2025-11-17 20:14:28,286 - WARNING - 클라이언트 1975: 요청 타임아웃
2025-11-17 20:14:28,292 - WARNING - 클라이언트 1977: 요청 타임아웃
2025-11-17 20:14:28,301 - WARNING - 클라이언트 1979: 요청 타임아웃
2025-11-17 20:14:28,324 - WARNING - 클라이언트 1985: 요청 타임아웃
2025-11-17 20:14:28,339 - WARNING - 클라이언트 1989: 요청 타임아웃
2025-11-17 20:14:28,348 - WARNING - 클라이언트 1991: 요청 타임아웃
2025-11-17 20:14:28,349 - WARNING - 클라이언트 1987: 요청 타임아웃
2025-11-17 20:14:28,356 - WARNING - 클라이언트 1993: 요청 타임아웃
2025-11-17 20:14:28,373 - WARNING - 클라이언트 1997: 요청 타임아웃
2025-11-17 20:14:28,388 - WARNING - 클라이언트 2001: 요청 타임아웃
2025-11-17 20:14:28,403 - WARNING - 클라이언트 2005: 요청 타임아웃
2025-11-17 20:14:28,413 - WARNING - 클라이언트 2007: 요청 타임아웃
2025-11-17 20:14:28,429 - WARNING - 클라이언트 2011: 요청 타임아웃
2025-11-17 20:14:28,437 - WARNING - 클라이언트 2013: 요청 타임아웃
2025-11-17 20:14:28,444 - WARNING - 클라이언트 2015: 요청 타임아웃
2025-11-17 20:14:28,461 - WARNING - 클라이언트 2019: 요청 타임아웃
2025-11-17 20:14:28,468 - WARNING - 클라이언트 2021: 요청 타임아웃
2025-11-17 20:14:28,476 - WARNING - 클라이언트 2023: 요청 타임아웃
2025-11-17 20:14:28,485 - WARNING - 클라이언트 2025: 요청 타임아웃
2025-11-17 20:14:28,509 - WARNING - 클라이언트 2031: 요청 타임아웃
2025-11-17 20:14:28,517 - WARNING - 클라이언트 2033: 요청 타임아웃
2025-11-17 20:14:28,533 - WARNING - 클라이언트 2037: 요청 타임아웃
2025-11-17 20:14:28,541 - WARNING - 클라이언트 2039: 요청 타임아웃
2025-11-17 20:14:28,549 - WARNING - 클라이언트 2041: 요청 타임아웃
2025-11-17 20:14:28,578 - WARNING - 클라이언트 2047: 요청 타임아웃
2025-11-17 20:14:28,581 - WARNING - 클라이언트 2049: 요청 타임아웃
2025-11-17 20:14:28,596 - WARNING - 클라이언트 2053: 요청 타임아웃
2025-11-17 20:14:28,598 - WARNING - 클라이언트 2051: 요청 타임아웃
2025-11-17 20:14:28,604 - WARNING - 클라이언트 2055: 요청 타임아웃
2025-11-17 20:14:28,629 - WARNING - 클라이언트 2061: 요청 타임아웃
2025-11-17 20:14:28,636 - WARNING - 클라이언트 2063: 요청 타임아웃
2025-11-17 20:14:28,643 - WARNING - 클라이언트 2065: 요청 타임아웃
2025-11-17 20:14:28,652 - WARNING - 클라이언트 2067: 요청 타임아웃
2025-11-17 20:14:28,701 - WARNING - 클라이언트 2079: 요청 타임아웃
2025-11-17 20:14:28,708 - WARNING - 클라이언트 2081: 요청 타임아웃
2025-11-17 20:14:28,717 - WARNING - 클라이언트 2083: 요청 타임아웃
2025-11-17 20:14:28,748 - WARNING - 클라이언트 2091: 요청 타임아웃
2025-11-17 20:14:28,752 - WARNING - 클라이언트 927: 요청 타임아웃
2025-11-17 20:14:28,766 - WARNING - 클라이언트 2093: 요청 타임아웃
2025-11-17 20:14:28,767 - WARNING - 클라이언트 2095: 요청 타임아웃
2025-11-17 20:14:28,773 - WARNING - 클라이언트 2097: 요청 타임아웃
2025-11-17 20:14:28,789 - WARNING - 클라이언트 2101: 요청 타임아웃
2025-11-17 20:14:28,797 - WARNING - 클라이언트 2103: 요청 타임아웃
2025-11-17 20:14:28,813 - WARNING - 클라이언트 2107: 요청 타임아웃
2025-11-17 20:14:28,823 - WARNING - 클라이언트 2109: 요청 타임아웃
2025-11-17 20:14:28,829 - WARNING - 클라이언트 2111: 요청 타임아웃
2025-11-17 20:14:28,844 - WARNING - 클라이언트 2115: 요청 타임아웃
2025-11-17 20:14:28,853 - WARNING - 클라이언트 2117: 요청 타임아웃
2025-11-17 20:14:28,869 - WARNING - 클라이언트 2121: 요청 타임아웃
2025-11-17 20:14:28,904 - WARNING - 클라이언트 2129: 요청 타임아웃
2025-11-17 20:14:28,905 - WARNING - 클라이언트 2127: 요청 타임아웃
2025-11-17 20:14:28,917 - WARNING - 클라이언트 2133: 요청 타임아웃
2025-11-17 20:14:28,934 - WARNING - 클라이언트 2137: 요청 타임아웃
2025-11-17 20:14:28,941 - WARNING - 클라이언트 2139: 요청 타임아웃
2025-11-17 20:14:28,949 - WARNING - 클라이언트 2141: 요청 타임아웃
2025-11-17 20:14:28,957 - WARNING - 클라이언트 2143: 요청 타임아웃
2025-11-17 20:14:28,966 - WARNING - 클라이언트 2145: 요청 타임아웃
2025-11-17 20:14:28,974 - WARNING - 클라이언트 2147: 요청 타임아웃
2025-11-17 20:14:28,989 - WARNING - 클라이언트 2151: 요청 타임아웃
2025-11-17 20:14:29,005 - WARNING - 클라이언트 2155: 요청 타임아웃
2025-11-17 20:14:29,014 - WARNING - 클라이언트 2157: 요청 타임아웃
2025-11-17 20:14:29,021 - WARNING - 클라이언트 2159: 요청 타임아웃
2025-11-17 20:14:29,038 - WARNING - 클라이언트 2163: 요청 타임아웃
2025-11-17 20:14:29,045 - WARNING - 클라이언트 2165: 요청 타임아웃
2025-11-17 20:14:29,069 - WARNING - 클라이언트 2171: 요청 타임아웃
2025-11-17 20:14:29,085 - WARNING - 클라이언트 2175: 요청 타임아웃
2025-11-17 20:14:29,101 - WARNING - 클라이언트 2179: 요청 타임아웃
2025-11-17 20:14:29,118 - WARNING - 클라이언트 2183: 요청 타임아웃
2025-11-17 20:14:29,125 - WARNING - 클라이언트 2185: 요청 타임아웃
2025-11-17 20:14:29,135 - WARNING - 클라이언트 2187: 요청 타임아웃
2025-11-17 20:14:29,142 - WARNING - 클라이언트 2189: 요청 타임아웃
2025-11-17 20:14:29,157 - WARNING - 클라이언트 2193: 요청 타임아웃
2025-11-17 20:14:29,166 - WARNING - 클라이언트 2195: 요청 타임아웃
2025-11-17 20:14:29,173 - WARNING - 클라이언트 2197: 요청 타임아웃
2025-11-17 20:14:29,198 - WARNING - 클라이언트 2203: 요청 타임아웃
2025-11-17 20:14:29,206 - WARNING - 클라이언트 2205: 요청 타임아웃
2025-11-17 20:14:29,215 - WARNING - 클라이언트 2207: 요청 타임아웃
2025-11-17 20:14:29,230 - WARNING - 클라이언트 2211: 요청 타임아웃
2025-11-17 20:14:29,237 - WARNING - 클라이언트 2213: 요청 타임아웃
2025-11-17 20:14:29,259 - WARNING - 클라이언트 2217: 요청 타임아웃
2025-11-17 20:14:29,262 - WARNING - 클라이언트 2219: 요청 타임아웃
2025-11-17 20:14:29,269 - WARNING - 클라이언트 2221: 요청 타임아웃
2025-11-17 20:14:29,285 - WARNING - 클라이언트 2225: 요청 타임아웃
2025-11-17 20:14:29,294 - WARNING - 클라이언트 2227: 요청 타임아웃
2025-11-17 20:14:29,318 - WARNING - 클라이언트 2233: 요청 타임아웃
2025-11-17 20:14:29,325 - WARNING - 클라이언트 2235: 요청 타임아웃
2025-11-17 20:14:29,334 - WARNING - 클라이언트 2237: 요청 타임아웃
2025-11-17 20:14:29,342 - WARNING - 클라이언트 2239: 요청 타임아웃
2025-11-17 20:14:29,357 - WARNING - 클라이언트 2243: 요청 타임아웃
2025-11-17 20:14:29,366 - WARNING - 클라이언트 2245: 요청 타임아웃
2025-11-17 20:14:29,374 - WARNING - 클라이언트 2247: 요청 타임아웃
2025-11-17 20:14:29,422 - WARNING - 클라이언트 2259: 요청 타임아웃
2025-11-17 20:14:29,431 - WARNING - 클라이언트 2261: 요청 타임아웃
2025-11-17 20:14:29,454 - WARNING - 클라이언트 2267: 요청 타임아웃
2025-11-17 20:14:29,478 - WARNING - 클라이언트 2273: 요청 타임아웃
2025-11-17 20:14:29,487 - WARNING - 클라이언트 2275: 요청 타임아웃
2025-11-17 20:14:29,494 - WARNING - 클라이언트 2277: 요청 타임아웃
2025-11-17 20:14:29,502 - WARNING - 클라이언트 2279: 요청 타임아웃
2025-11-17 20:14:29,511 - WARNING - 클라이언트 2281: 요청 타임아웃
2025-11-17 20:14:29,518 - WARNING - 클라이언트 2283: 요청 타임아웃
2025-11-17 20:14:29,558 - WARNING - 클라이언트 2293: 요청 타임아웃
2025-11-17 20:14:29,591 - WARNING - 클라이언트 2301: 요청 타임아웃
2025-11-17 20:14:29,597 - WARNING - 클라이언트 2303: 요청 타임아웃
2025-11-17 20:14:29,622 - WARNING - 클라이언트 2309: 요청 타임아웃
2025-11-17 20:14:29,631 - WARNING - 클라이언트 2311: 요청 타임아웃
2025-11-17 20:14:29,672 - WARNING - 클라이언트 2321: 요청 타임아웃
2025-11-17 20:14:29,678 - WARNING - 클라이언트 2323: 요청 타임아웃
2025-11-17 20:14:29,686 - WARNING - 클라이언트 2325: 요청 타임아웃
2025-11-17 20:14:29,694 - WARNING - 클라이언트 2327: 요청 타임아웃
2025-11-17 20:14:29,711 - WARNING - 클라이언트 2331: 요청 타임아웃
2025-11-17 20:14:29,718 - WARNING - 클라이언트 2333: 요청 타임아웃
2025-11-17 20:14:29,726 - WARNING - 클라이언트 2335: 요청 타임아웃
2025-11-17 20:14:29,742 - WARNING - 클라이언트 2339: 요청 타임아웃
2025-11-17 20:14:29,751 - WARNING - 클라이언트 2341: 요청 타임아웃
2025-11-17 20:14:29,759 - WARNING - 클라이언트 2343: 요청 타임아웃
2025-11-17 20:14:29,766 - WARNING - 클라이언트 2345: 요청 타임아웃
2025-11-17 20:14:29,775 - WARNING - 클라이언트 2347: 요청 타임아웃
2025-11-17 20:14:29,782 - WARNING - 클라이언트 2349: 요청 타임아웃
2025-11-17 20:14:29,791 - WARNING - 클라이언트 2351: 요청 타임아웃
2025-11-17 20:14:29,798 - WARNING - 클라이언트 2353: 요청 타임아웃
2025-11-17 20:14:29,807 - WARNING - 클라이언트 2355: 요청 타임아웃
2025-11-17 20:14:29,814 - WARNING - 클라이언트 2357: 요청 타임아웃
2025-11-17 20:14:29,831 - WARNING - 클라이언트 2361: 요청 타임아웃
2025-11-17 20:14:29,839 - WARNING - 클라이언트 2363: 요청 타임아웃
2025-11-17 20:14:29,862 - WARNING - 클라이언트 2369: 요청 타임아웃
2025-11-17 20:14:29,871 - WARNING - 클라이언트 2371: 요청 타임아웃
2025-11-17 20:14:29,879 - WARNING - 클라이언트 2373: 요청 타임아웃
2025-11-17 20:14:29,886 - WARNING - 클라이언트 2375: 요청 타임아웃
2025-11-17 20:14:29,911 - WARNING - 클라이언트 2381: 요청 타임아웃
2025-11-17 20:14:29,918 - WARNING - 클라이언트 2383: 요청 타임아웃
2025-11-17 20:14:29,927 - WARNING - 클라이언트 2385: 요청 타임아웃
2025-11-17 20:14:29,943 - WARNING - 클라이언트 2389: 요청 타임아웃
2025-11-17 20:14:29,949 - WARNING - 클라이언트 2391: 요청 타임아웃
2025-11-17 20:14:29,967 - WARNING - 클라이언트 2395: 요청 타임아웃
2025-11-17 20:14:29,983 - WARNING - 클라이언트 2399: 요청 타임아웃
2025-11-17 20:14:29,991 - WARNING - 클라이언트 2401: 요청 타임아웃
2025-11-17 20:14:29,998 - WARNING - 클라이언트 2403: 요청 타임아웃
2025-11-17 20:14:30,007 - WARNING - 클라이언트 2405: 요청 타임아웃
2025-11-17 20:14:30,015 - WARNING - 클라이언트 2407: 요청 타임아웃
2025-11-17 20:14:30,022 - WARNING - 클라이언트 2409: 요청 타임아웃
2025-11-17 20:14:30,038 - WARNING - 클라이언트 2413: 요청 타임아웃
2025-11-17 20:14:30,054 - WARNING - 클라이언트 2417: 요청 타임아웃
2025-11-17 20:14:30,070 - WARNING - 클라이언트 2421: 요청 타임아웃
2025-11-17 20:14:30,087 - WARNING - 클라이언트 2425: 요청 타임아웃
2025-11-17 20:14:30,103 - WARNING - 클라이언트 2429: 요청 타임아웃
2025-11-17 20:14:30,127 - WARNING - 클라이언트 2435: 요청 타임아웃
2025-11-17 20:14:30,136 - WARNING - 클라이언트 2437: 요청 타임아웃
2025-11-17 20:14:30,152 - WARNING - 클라이언트 2441: 요청 타임아웃
2025-11-17 20:14:30,159 - WARNING - 클라이언트 2443: 요청 타임아웃
2025-11-17 20:14:30,166 - WARNING - 클라이언트 2445: 요청 타임아웃
2025-11-17 20:14:30,191 - WARNING - 클라이언트 2451: 요청 타임아웃
2025-11-17 20:14:30,199 - WARNING - 클라이언트 2453: 요청 타임아웃
2025-11-17 20:14:30,231 - WARNING - 클라이언트 2461: 요청 타임아웃
2025-11-17 20:14:30,257 - WARNING - 클라이언트 2467: 요청 타임아웃
2025-11-17 20:14:30,271 - WARNING - 클라이언트 2471: 요청 타임아웃
2025-11-17 20:14:30,288 - WARNING - 클라이언트 2475: 요청 타임아웃
2025-11-17 20:14:30,304 - WARNING - 클라이언트 2477: 요청 타임아웃
2025-11-17 20:14:30,305 - WARNING - 클라이언트 2479: 요청 타임아웃
2025-11-17 20:14:30,318 - WARNING - 클라이언트 2483: 요청 타임아웃
2025-11-17 20:14:30,327 - WARNING - 클라이언트 2485: 요청 타임아웃
2025-11-17 20:14:30,343 - WARNING - 클라이언트 2489: 요청 타임아웃
2025-11-17 20:14:30,351 - WARNING - 클라이언트 2491: 요청 타임아웃
2025-11-17 20:14:30,367 - WARNING - 클라이언트 2495: 요청 타임아웃
2025-11-17 20:14:30,375 - WARNING - 클라이언트 2497: 요청 타임아웃
2025-11-17 20:14:30,383 - WARNING - 클라이언트 2499: 요청 타임아웃
2025-11-17 20:14:30,391 - WARNING - 클라이언트 2501: 요청 타임아웃
2025-11-17 20:14:30,408 - WARNING - 클라이언트 2505: 요청 타임아웃
2025-11-17 20:14:30,414 - WARNING - 클라이언트 2507: 요청 타임아웃
2025-11-17 20:14:30,423 - WARNING - 클라이언트 2509: 요청 타임아웃
2025-11-17 20:14:30,439 - WARNING - 클라이언트 2513: 요청 타임아웃
2025-11-17 20:14:30,447 - WARNING - 클라이언트 2515: 요청 타임아웃
2025-11-17 20:14:30,455 - WARNING - 클라이언트 2517: 요청 타임아웃
2025-11-17 20:14:30,463 - WARNING - 클라이언트 2519: 요청 타임아웃
2025-11-17 20:14:30,487 - WARNING - 클라이언트 2525: 요청 타임아웃
2025-11-17 20:14:30,502 - WARNING - 클라이언트 2529: 요청 타임아웃
2025-11-17 20:14:30,519 - WARNING - 클라이언트 2533: 요청 타임아웃
2025-11-17 20:14:30,535 - WARNING - 클라이언트 2537: 요청 타임아웃
2025-11-17 20:14:30,543 - WARNING - 클라이언트 2539: 요청 타임아웃
2025-11-17 20:14:30,559 - WARNING - 클라이언트 2543: 요청 타임아웃
2025-11-17 20:14:30,591 - WARNING - 클라이언트 2551: 요청 타임아웃
2025-11-17 20:14:30,600 - WARNING - 클라이언트 2553: 요청 타임아웃
2025-11-17 20:14:30,608 - WARNING - 클라이언트 2555: 요청 타임아웃
2025-11-17 20:14:30,615 - WARNING - 클라이언트 2557: 요청 타임아웃
2025-11-17 20:14:30,623 - WARNING - 클라이언트 2559: 요청 타임아웃
2025-11-17 20:14:30,631 - WARNING - 클라이언트 2561: 요청 타임아웃
2025-11-17 20:14:30,647 - WARNING - 클라이언트 2565: 요청 타임아웃
2025-11-17 20:14:30,655 - WARNING - 클라이언트 2567: 요청 타임아웃
2025-11-17 20:14:30,664 - WARNING - 클라이언트 2569: 요청 타임아웃
2025-11-17 20:14:30,697 - WARNING - 클라이언트 2577: 요청 타임아웃
2025-11-17 20:14:30,712 - WARNING - 클라이언트 2581: 요청 타임아웃
2025-11-17 20:14:30,728 - WARNING - 클라이언트 2585: 요청 타임아웃
2025-11-17 20:14:30,743 - WARNING - 클라이언트 2589: 요청 타임아웃
2025-11-17 20:14:30,752 - WARNING - 클라이언트 2591: 요청 타임아웃
2025-11-17 20:14:30,801 - WARNING - 클라이언트 2603: 요청 타임아웃
2025-11-17 20:14:30,808 - WARNING - 클라이언트 2605: 요청 타임아웃
2025-11-17 20:14:30,815 - WARNING - 클라이언트 2607: 요청 타임아웃
2025-11-17 20:14:30,832 - WARNING - 클라이언트 2611: 요청 타임아웃
2025-11-17 20:14:30,870 - WARNING - 클라이언트 2619: 요청 타임아웃
2025-11-17 20:14:30,880 - WARNING - 클라이언트 2623: 요청 타임아웃
2025-11-17 20:14:30,887 - WARNING - 클라이언트 2625: 요청 타임아웃
2025-11-17 20:14:30,897 - WARNING - 클라이언트 2627: 요청 타임아웃
2025-11-17 20:14:30,927 - WARNING - 클라이언트 2635: 요청 타임아웃
2025-11-17 20:14:30,944 - WARNING - 클라이언트 2639: 요청 타임아웃
2025-11-17 20:14:30,968 - WARNING - 클라이언트 2645: 요청 타임아웃
2025-11-17 20:14:30,975 - WARNING - 클라이언트 2647: 요청 타임아웃
2025-11-17 20:14:30,992 - WARNING - 클라이언트 2651: 요청 타임아웃
2025-11-17 20:14:31,016 - WARNING - 클라이언트 2657: 요청 타임아웃
2025-11-17 20:14:31,040 - WARNING - 클라이언트 2663: 요청 타임아웃
2025-11-17 20:14:31,048 - WARNING - 클라이언트 2665: 요청 타임아웃
2025-11-17 20:14:31,080 - WARNING - 클라이언트 2673: 요청 타임아웃
2025-11-17 20:14:31,112 - WARNING - 클라이언트 2681: 요청 타임아웃
2025-11-17 20:14:31,128 - WARNING - 클라이언트 2685: 요청 타임아웃
2025-11-17 20:14:31,176 - WARNING - 클라이언트 2697: 요청 타임아웃
2025-11-17 20:14:31,216 - WARNING - 클라이언트 2707: 요청 타임아웃
2025-11-17 20:14:31,256 - WARNING - 클라이언트 2717: 요청 타임아웃
2025-11-17 20:14:31,264 - WARNING - 클라이언트 2719: 요청 타임아웃
2025-11-17 20:14:31,271 - WARNING - 클라이언트 2721: 요청 타임아웃
2025-11-17 20:14:31,280 - WARNING - 클라이언트 2723: 요청 타임아웃
2025-11-17 20:14:31,313 - WARNING - 클라이언트 2731: 요청 타임아웃
2025-11-17 20:14:31,336 - WARNING - 클라이언트 2737: 요청 타임아웃
2025-11-17 20:14:31,345 - WARNING - 클라이언트 2739: 요청 타임아웃
2025-11-17 20:14:31,353 - WARNING - 클라이언트 2741: 요청 타임아웃
2025-11-17 20:14:31,386 - WARNING - 클라이언트 2749: 요청 타임아웃
2025-11-17 20:14:31,431 - WARNING - 클라이언트 2761: 요청 타임아웃
2025-11-17 20:14:31,448 - WARNING - 클라이언트 2765: 요청 타임아웃
2025-11-17 20:14:31,457 - WARNING - 클라이언트 2767: 요청 타임아웃
2025-11-17 20:14:31,464 - WARNING - 클라이언트 2769: 요청 타임아웃
2025-11-17 20:14:31,473 - WARNING - 클라이언트 2771: 요청 타임아웃
2025-11-17 20:14:31,484 - WARNING - 클라이언트 2773: 요청 타임아웃
2025-11-17 20:14:31,496 - WARNING - 클라이언트 2777: 요청 타임아웃
2025-11-17 20:14:31,505 - WARNING - 클라이언트 2779: 요청 타임아웃
2025-11-17 20:14:31,521 - WARNING - 클라이언트 2783: 요청 타임아웃
2025-11-17 20:14:31,544 - WARNING - 클라이언트 2789: 요청 타임아웃
2025-11-17 20:14:31,551 - WARNING - 클라이언트 2791: 요청 타임아웃
2025-11-17 20:14:31,569 - WARNING - 클라이언트 2795: 요청 타임아웃
2025-11-17 20:14:31,617 - WARNING - 클라이언트 2807: 요청 타임아웃
2025-11-17 20:14:31,625 - WARNING - 클라이언트 2809: 요청 타임아웃
2025-11-17 20:14:31,633 - WARNING - 클라이언트 2811: 요청 타임아웃
2025-11-17 20:14:31,651 - WARNING - 클라이언트 2815: 요청 타임아웃
2025-11-17 20:14:31,665 - WARNING - 클라이언트 2819: 요청 타임아웃
2025-11-17 20:14:31,673 - WARNING - 클라이언트 2821: 요청 타임아웃
2025-11-17 20:14:31,684 - WARNING - 클라이언트 2823: 요청 타임아웃
2025-11-17 20:14:31,713 - WARNING - 클라이언트 2831: 요청 타임아웃
2025-11-17 20:14:31,729 - WARNING - 클라이언트 2835: 요청 타임아웃
2025-11-17 20:14:31,738 - WARNING - 클라이언트 2837: 요청 타임아웃
2025-11-17 20:14:31,754 - WARNING - 클라이언트 2841: 요청 타임아웃
2025-11-17 20:14:31,761 - WARNING - 클라이언트 2843: 요청 타임아웃
2025-11-17 20:14:31,770 - WARNING - 클라이언트 2845: 요청 타임아웃
2025-11-17 20:14:31,797 - WARNING - 클라이언트 2851: 요청 타임아웃
2025-11-17 20:14:31,802 - WARNING - 클라이언트 2853: 요청 타임아웃
2025-11-17 20:14:31,849 - WARNING - 클라이언트 2865: 요청 타임아웃
2025-11-17 20:14:31,858 - WARNING - 클라이언트 2867: 요청 타임아웃
2025-11-17 20:14:31,873 - WARNING - 클라이언트 2871: 요청 타임아웃
2025-11-17 20:14:31,938 - WARNING - 클라이언트 2887: 요청 타임아웃
2025-11-17 20:14:31,977 - WARNING - 클라이언트 2897: 요청 타임아웃
2025-11-17 20:14:31,985 - WARNING - 클라이언트 2899: 요청 타임아웃
2025-11-17 20:14:31,994 - WARNING - 클라이언트 2901: 요청 타임아웃
2025-11-17 20:14:32,010 - WARNING - 클라이언트 2905: 요청 타임아웃
2025-11-17 20:14:32,017 - WARNING - 클라이언트 2907: 요청 타임아웃
2025-11-17 20:14:32,026 - WARNING - 클라이언트 2909: 요청 타임아웃
2025-11-17 20:14:32,052 - WARNING - 클라이언트 2915: 요청 타임아웃
2025-11-17 20:14:32,057 - WARNING - 클라이언트 2917: 요청 타임아웃
2025-11-17 20:14:32,065 - WARNING - 클라이언트 2919: 요청 타임아웃
2025-11-17 20:14:32,099 - WARNING - 클라이언트 2927: 요청 타임아웃
2025-11-17 20:14:32,121 - WARNING - 클라이언트 2933: 요청 타임아웃
2025-11-17 20:14:32,131 - WARNING - 클라이언트 2935: 요청 타임아웃
2025-11-17 20:14:32,146 - WARNING - 클라이언트 2939: 요청 타임아웃
2025-11-17 20:14:32,154 - WARNING - 클라이언트 2941: 요청 타임아웃
2025-11-17 20:14:32,178 - WARNING - 클라이언트 2947: 요청 타임아웃
2025-11-17 20:14:32,218 - WARNING - 클라이언트 2957: 요청 타임아웃
2025-11-17 20:14:32,275 - WARNING - 클라이언트 2971: 요청 타임아웃
2025-11-17 20:14:32,290 - WARNING - 클라이언트 2975: 요청 타임아웃
2025-11-17 20:14:32,323 - WARNING - 클라이언트 2983: 요청 타임아웃
2025-11-17 20:14:32,339 - WARNING - 클라이언트 2987: 요청 타임아웃
2025-11-17 20:14:32,387 - WARNING - 클라이언트 2999: 요청 타임아웃
2025-11-17 20:14:32,418 - WARNING - 클라이언트 3007: 요청 타임아웃
2025-11-17 20:14:32,442 - WARNING - 클라이언트 3013: 요청 타임아웃
2025-11-17 20:14:32,450 - WARNING - 클라이언트 3015: 요청 타임아웃
2025-11-17 20:14:32,498 - WARNING - 클라이언트 3027: 요청 타임아웃
2025-11-17 20:14:32,506 - WARNING - 클라이언트 3029: 요청 타임아웃
2025-11-17 20:14:32,514 - WARNING - 클라이언트 3031: 요청 타임아웃
2025-11-17 20:14:32,523 - WARNING - 클라이언트 3033: 요청 타임아웃
2025-11-17 20:14:32,550 - WARNING - 클라이언트 3039: 요청 타임아웃
2025-11-17 20:14:32,587 - WARNING - 클라이언트 3049: 요청 타임아웃
2025-11-17 20:14:32,619 - WARNING - 클라이언트 3057: 요청 타임아웃
2025-11-17 20:14:32,634 - WARNING - 클라이언트 3061: 요청 타임아웃
2025-11-17 20:14:32,642 - WARNING - 클라이언트 3063: 요청 타임아웃
2025-11-17 20:14:32,658 - WARNING - 클라이언트 3067: 요청 타임아웃
2025-11-17 20:14:32,674 - WARNING - 클라이언트 3071: 요청 타임아웃
2025-11-17 20:14:32,714 - WARNING - 클라이언트 3081: 요청 타임아웃
2025-11-17 20:14:32,731 - WARNING - 클라이언트 3085: 요청 타임아웃
2025-11-17 20:14:32,739 - WARNING - 클라이언트 3087: 요청 타임아웃
2025-11-17 20:14:32,773 - WARNING - 클라이언트 3095: 요청 타임아웃
2025-11-17 20:14:32,795 - WARNING - 클라이언트 3101: 요청 타임아웃
2025-11-17 20:14:32,803 - WARNING - 클라이언트 3103: 요청 타임아웃
2025-11-17 20:14:32,821 - WARNING - 클라이언트 3107: 요청 타임아웃
2025-11-17 20:14:32,858 - WARNING - 클라이언트 3117: 요청 타임아웃
2025-11-17 20:14:32,874 - WARNING - 클라이언트 3121: 요청 타임아웃
2025-11-17 20:14:32,892 - WARNING - 클라이언트 3125: 요청 타임아웃
2025-11-17 20:14:32,938 - WARNING - 클라이언트 3137: 요청 타임아웃
2025-11-17 20:14:32,946 - WARNING - 클라이언트 3139: 요청 타임아웃
2025-11-17 20:14:32,987 - WARNING - 클라이언트 3149: 요청 타임아웃
2025-11-17 20:14:33,002 - WARNING - 클라이언트 3153: 요청 타임아웃
2025-11-17 20:14:33,010 - WARNING - 클라이언트 3155: 요청 타임아웃
2025-11-17 20:14:33,027 - WARNING - 클라이언트 3159: 요청 타임아웃
2025-11-17 20:14:33,051 - WARNING - 클라이언트 3165: 요청 타임아웃
2025-11-17 20:14:33,058 - WARNING - 클라이언트 3167: 요청 타임아웃
2025-11-17 20:14:33,067 - WARNING - 클라이언트 3169: 요청 타임아웃
2025-11-17 20:14:33,123 - WARNING - 클라이언트 3183: 요청 타임아웃
2025-11-17 20:14:33,155 - WARNING - 클라이언트 3191: 요청 타임아웃
2025-11-17 20:14:33,187 - WARNING - 클라이언트 3199: 요청 타임아웃
2025-11-17 20:14:33,252 - WARNING - 클라이언트 3215: 요청 타임아웃
2025-11-17 20:14:33,277 - WARNING - 클라이언트 3221: 요청 타임아웃
2025-11-17 20:14:33,309 - WARNING - 클라이언트 3229: 요청 타임아웃
2025-11-17 20:14:33,316 - WARNING - 클라이언트 3231: 요청 타임아웃
2025-11-17 20:14:33,411 - WARNING - 클라이언트 3255: 요청 타임아웃
2025-11-17 20:14:33,435 - WARNING - 클라이언트 3261: 요청 타임아웃
2025-11-17 20:14:33,452 - WARNING - 클라이언트 3265: 요청 타임아웃
2025-11-17 20:14:33,459 - WARNING - 클라이언트 3267: 요청 타임아웃
2025-11-17 20:14:33,499 - WARNING - 클라이언트 3277: 요청 타임아웃
2025-11-17 20:14:33,524 - WARNING - 클라이언트 3283: 요청 타임아웃
2025-11-17 20:14:33,530 - WARNING - 클라이언트 3285: 요청 타임아웃
2025-11-17 20:14:33,636 - WARNING - 클라이언트 3311: 요청 타임아웃
2025-11-17 20:14:33,667 - WARNING - 클라이언트 3319: 요청 타임아웃
2025-11-17 20:14:33,763 - WARNING - 클라이언트 3343: 요청 타임아웃
2025-11-17 20:14:33,812 - WARNING - 클라이언트 3355: 요청 타임아웃
2025-11-17 20:14:33,853 - WARNING - 클라이언트 3365: 요청 타임아웃
2025-11-17 20:14:33,957 - WARNING - 클라이언트 3391: 요청 타임아웃
2025-11-17 20:14:33,981 - WARNING - 클라이언트 3397: 요청 타임아웃
2025-11-17 20:14:34,004 - WARNING - 클라이언트 3403: 요청 타임아웃
2025-11-17 20:14:34,012 - WARNING - 클라이언트 3405: 요청 타임아웃
2025-11-17 20:14:34,027 - WARNING - 클라이언트 3409: 요청 타임아웃
2025-11-17 20:14:34,141 - WARNING - 클라이언트 3437: 요청 타임아웃
2025-11-17 20:14:34,148 - WARNING - 클라이언트 3439: 요청 타임아웃
2025-11-17 20:14:34,156 - WARNING - 클라이언트 3441: 요청 타임아웃
2025-11-17 20:14:34,164 - WARNING - 클라이언트 3443: 요청 타임아웃
2025-11-17 20:14:34,188 - WARNING - 클라이언트 3449: 요청 타임아웃
2025-11-17 20:14:34,213 - WARNING - 클라이언트 3455: 요청 타임아웃
2025-11-17 20:14:34,253 - WARNING - 클라이언트 3465: 요청 타임아웃
2025-11-17 20:14:34,261 - WARNING - 클라이언트 3467: 요청 타임아웃
2025-11-17 20:14:34,285 - WARNING - 클라이언트 3473: 요청 타임아웃
2025-11-17 20:14:34,293 - WARNING - 클라이언트 3475: 요청 타임아웃
2025-11-17 20:14:34,300 - WARNING - 클라이언트 3477: 요청 타임아웃
2025-11-17 20:14:34,309 - WARNING - 클라이언트 3479: 요청 타임아웃
2025-11-17 20:14:34,324 - WARNING - 클라이언트 3483: 요청 타임아웃
2025-11-17 20:14:34,605 - WARNING - 클라이언트 3553: 요청 타임아웃
2025-11-17 20:14:34,621 - WARNING - 클라이언트 3557: 요청 타임아웃
2025-11-17 20:14:34,717 - WARNING - 클라이언트 3581: 요청 타임아웃
2025-11-17 20:14:34,854 - WARNING - 클라이언트 3615: 요청 타임아웃
2025-11-17 20:14:35,005 - WARNING - 클라이언트 3653: 요청 타임아웃
2025-11-17 20:14:35,037 - WARNING - 클라이언트 3661: 요청 타임아웃
2025-11-17 20:14:35,069 - WARNING - 클라이언트 3669: 요청 타임아웃
2025-11-17 20:14:35,102 - WARNING - 클라이언트 3677: 요청 타임아웃
2025-11-17 20:14:35,134 - WARNING - 클라이언트 3685: 요청 타임아웃
2025-11-17 20:14:35,149 - WARNING - 클라이언트 3689: 요청 타임아웃
2025-11-17 20:14:35,157 - WARNING - 클라이언트 3691: 요청 타임아웃
2025-11-17 20:14:35,181 - WARNING - 클라이언트 3697: 요청 타임아웃
2025-11-17 20:14:35,221 - WARNING - 클라이언트 3705: 요청 타임아웃
2025-11-17 20:14:35,237 - WARNING - 클라이언트 3711: 요청 타임아웃
2025-11-17 20:14:35,270 - WARNING - 클라이언트 3719: 요청 타임아웃
2025-11-17 20:14:35,366 - WARNING - 클라이언트 3743: 요청 타임아웃
2025-11-17 20:14:35,373 - WARNING - 클라이언트 3745: 요청 타임아웃
2025-11-17 20:14:35,422 - WARNING - 클라이언트 3757: 요청 타임아웃
2025-11-17 20:14:35,494 - WARNING - 클라이언트 3775: 요청 타임아웃
2025-11-17 20:14:35,525 - WARNING - 클라이언트 3783: 요청 타임아웃
2025-11-17 20:14:35,574 - WARNING - 클라이언트 3795: 요청 타임아웃
2025-11-17 20:14:35,589 - WARNING - 클라이언트 3799: 요청 타임아웃
2025-11-17 20:14:35,621 - WARNING - 클라이언트 3807: 요청 타임아웃
2025-11-17 20:14:35,654 - WARNING - 클라이언트 3815: 요청 타임아웃
2025-11-17 20:14:35,661 - WARNING - 클라이언트 3817: 요청 타임아웃
2025-11-17 20:14:35,678 - WARNING - 클라이언트 3821: 요청 타임아웃
2025-11-17 20:14:35,735 - WARNING - 클라이언트 3835: 요청 타임아웃
2025-11-17 20:14:35,766 - WARNING - 클라이언트 3843: 요청 타임아웃
2025-11-17 20:14:35,822 - WARNING - 클라이언트 3857: 요청 타임아웃
2025-11-17 20:14:35,903 - WARNING - 클라이언트 3877: 요청 타임아웃
2025-11-17 20:14:36,006 - WARNING - 클라이언트 3903: 요청 타임아웃
2025-11-17 20:14:36,030 - WARNING - 클라이언트 3909: 요청 타임아웃
2025-11-17 20:14:36,142 - WARNING - 클라이언트 3937: 요청 타임아웃
2025-11-17 20:14:36,174 - WARNING - 클라이언트 3945: 요청 타임아웃
2025-11-17 20:14:36,190 - WARNING - 클라이언트 3949: 요청 타임아웃
2025-11-17 20:14:36,311 - WARNING - 클라이언트 3979: 요청 타임아웃
2025-11-17 20:14:36,543 - WARNING - 클라이언트 4037: 요청 타임아웃
2025-11-17 20:14:36,650 - WARNING - 클라이언트 4063: 요청 타임아웃
2025-11-17 20:14:36,655 - WARNING - 클라이언트 4065: 요청 타임아웃
2025-11-17 20:14:36,744 - WARNING - 클라이언트 4087: 요청 타임아웃
2025-11-17 20:14:36,865 - WARNING - 클라이언트 4117: 요청 타임아웃
2025-11-17 20:14:37,008 - WARNING - 클라이언트 4153: 요청 타임아웃
2025-11-17 20:14:37,072 - WARNING - 클라이언트 4169: 요청 타임아웃
2025-11-17 20:14:37,103 - WARNING - 클라이언트 4177: 요청 타임아웃
2025-11-17 20:14:37,111 - WARNING - 클라이언트 4179: 요청 타임아웃
2025-11-17 20:14:37,119 - WARNING - 클라이언트 4181: 요청 타임아웃
2025-11-17 20:14:37,137 - WARNING - 클라이언트 4185: 요청 타임아웃
2025-11-17 20:14:37,225 - WARNING - 클라이언트 4207: 요청 타임아웃
2025-11-17 20:14:37,257 - WARNING - 클라이언트 4215: 요청 타임아웃
2025-11-17 20:14:37,264 - WARNING - 클라이언트 4217: 요청 타임아웃
2025-11-17 20:14:37,272 - WARNING - 클라이언트 4219: 요청 타임아웃
2025-11-17 20:14:37,337 - WARNING - 클라이언트 4235: 요청 타임아웃
2025-11-17 20:14:37,360 - WARNING - 클라이언트 4241: 요청 타임아웃
2025-11-17 20:14:37,376 - WARNING - 클라이언트 4245: 요청 타임아웃
2025-11-17 20:14:37,418 - WARNING - 클라이언트 4255: 요청 타임아웃
2025-11-17 20:14:37,424 - WARNING - 클라이언트 4257: 요청 타임아웃
2025-11-17 20:14:37,441 - WARNING - 클라이언트 4261: 요청 타임아웃
2025-11-17 20:14:37,457 - WARNING - 클라이언트 4265: 요청 타임아웃
2025-11-17 20:14:37,512 - WARNING - 클라이언트 4279: 요청 타임아웃
2025-11-17 20:14:37,544 - WARNING - 클라이언트 4287: 요청 타임아웃
2025-11-17 20:14:37,560 - WARNING - 클라이언트 4291: 요청 타임아웃
2025-11-17 20:14:37,784 - WARNING - 클라이언트 4347: 요청 타임아웃
2025-11-17 20:14:37,865 - WARNING - 클라이언트 4367: 요청 타임아웃
2025-11-17 20:14:37,897 - WARNING - 클라이언트 4375: 요청 타임아웃
2025-11-17 20:14:37,922 - WARNING - 클라이언트 4381: 요청 타임아웃
2025-11-17 20:14:38,050 - WARNING - 클라이언트 4413: 요청 타임아웃
2025-11-17 20:14:38,065 - WARNING - 클라이언트 4417: 요청 타임아웃
2025-11-17 20:14:38,091 - WARNING - 클라이언트 4423: 요청 타임아웃
2025-11-17 20:14:38,137 - WARNING - 클라이언트 4435: 요청 타임아웃
2025-11-17 20:14:38,313 - WARNING - 클라이언트 4479: 요청 타임아웃
2025-11-17 20:14:38,402 - WARNING - 클라이언트 4501: 요청 타임아웃
2025-11-17 20:14:38,436 - WARNING - 클라이언트 4509: 요청 타임아웃
2025-11-17 20:14:38,450 - WARNING - 클라이언트 4513: 요청 타임아웃
2025-11-17 20:14:38,457 - WARNING - 클라이언트 4515: 요청 타임아웃
2025-11-17 20:14:38,626 - WARNING - 클라이언트 4557: 요청 타임아웃
2025-11-17 20:14:38,690 - WARNING - 클라이언트 4573: 요청 타임아웃
2025-11-17 20:14:38,699 - WARNING - 클라이언트 4575: 요청 타임아웃
2025-11-17 20:14:38,715 - WARNING - 클라이언트 4579: 요청 타임아웃
2025-11-17 20:14:38,850 - WARNING - 클라이언트 4613: 요청 타임아웃
2025-11-17 20:14:38,936 - WARNING - 클라이언트 4633: 요청 타임아웃
2025-11-17 20:14:39,003 - WARNING - 클라이언트 4651: 요청 타임아웃
2025-11-17 20:14:39,187 - WARNING - 클라이언트 4697: 요청 타임아웃
2025-11-17 20:14:39,330 - WARNING - 클라이언트 4733: 요청 타임아웃
2025-11-17 20:14:39,643 - WARNING - 클라이언트 4811: 요청 타임아웃
2025-11-17 20:14:39,684 - WARNING - 클라이언트 4821: 요청 타임아웃
2025-11-17 20:14:39,691 - WARNING - 클라이언트 4823: 요청 타임아웃
2025-11-17 20:14:39,715 - WARNING - 클라이언트 4829: 요청 타임아웃
2025-11-17 20:14:39,923 - WARNING - 클라이언트 4871: 요청 타임아웃
2025-11-17 20:14:39,924 - WARNING - 클라이언트 4881: 요청 타임아웃
2025-11-17 20:14:39,925 - WARNING - 클라이언트 4873: 요청 타임아웃
2025-11-17 20:14:39,926 - WARNING - 클라이언트 4877: 요청 타임아웃
2025-11-17 20:14:39,932 - WARNING - 클라이언트 4883: 요청 타임아웃
2025-11-17 20:14:39,974 - WARNING - 클라이언트 4893: 요청 타임아웃
2025-11-17 20:14:40,060 - WARNING - 클라이언트 4915: 요청 타임아웃
2025-11-17 20:14:40,068 - WARNING - 클라이언트 4917: 요청 타임아웃
2025-11-17 20:14:40,074 - WARNING - 클라이언트 4919: 요청 타임아웃
2025-11-17 20:14:40,123 - WARNING - 클라이언트 4931: 요청 타임아웃
2025-11-17 20:14:40,139 - WARNING - 클라이언트 4935: 요청 타임아웃
2025-11-17 20:14:40,147 - WARNING - 클라이언트 4937: 요청 타임아웃
2025-11-17 20:14:40,277 - WARNING - 클라이언트 4969: 요청 타임아웃
2025-11-17 20:15:20,435 - WARNING - 클라이언트 7: 요청 타임아웃
2025-11-17 20:15:20,435 - WARNING - 클라이언트 3: 요청 타임아웃
2025-11-17 20:15:20,435 - WARNING - 클라이언트 9: 요청 타임아웃
2025-11-17 20:15:20,435 - WARNING - 클라이언트 1: 요청 타임아웃
2025-11-17 20:15:20,435 - WARNING - 클라이언트 5: 요청 타임아웃
2025-11-17 20:15:20,435 - WARNING - 클라이언트 13: 요청 타임아웃
2025-11-17 20:15:20,450 - WARNING - 클라이언트 17: 요청 타임아웃
2025-11-17 20:15:20,464 - WARNING - 클라이언트 21: 요청 타임아웃
2025-11-17 20:15:20,487 - WARNING - 클라이언트 27: 요청 타임아웃
2025-11-17 20:15:20,497 - WARNING - 클라이언트 29: 요청 타임아웃
2025-11-17 20:15:20,508 - WARNING - 클라이언트 31: 요청 타임아웃
2025-11-17 20:15:20,511 - WARNING - 클라이언트 33: 요청 타임아웃
2025-11-17 20:15:20,528 - WARNING - 클라이언트 37: 요청 타임아웃
2025-11-17 20:15:20,534 - WARNING - 클라이언트 39: 요청 타임아웃
2025-11-17 20:15:20,552 - WARNING - 클라이언트 43: 요청 타임아웃
2025-11-17 20:15:20,559 - WARNING - 클라이언트 45: 요청 타임아웃
2025-11-17 20:15:20,567 - WARNING - 클라이언트 47: 요청 타임아웃
2025-11-17 20:15:20,575 - WARNING - 클라이언트 49: 요청 타임아웃
2025-11-17 20:15:20,584 - WARNING - 클라이언트 51: 요청 타임아웃
2025-11-17 20:15:20,591 - WARNING - 클라이언트 53: 요청 타임아웃
2025-11-17 20:15:20,601 - WARNING - 클라이언트 55: 요청 타임아웃
2025-11-17 20:15:20,606 - WARNING - 클라이언트 57: 요청 타임아웃
2025-11-17 20:15:20,614 - WARNING - 클라이언트 59: 요청 타임아웃
2025-11-17 20:15:20,626 - WARNING - 클라이언트 61: 요청 타임아웃
2025-11-17 20:15:20,657 - WARNING - 클라이언트 69: 요청 타임아웃
2025-11-17 20:15:20,671 - WARNING - 클라이언트 73: 요청 타임아웃
2025-11-17 20:15:20,679 - WARNING - 클라이언트 75: 요청 타임아웃
2025-11-17 20:15:20,703 - WARNING - 클라이언트 81: 요청 타임아웃
2025-11-17 20:15:20,710 - WARNING - 클라이언트 83: 요청 타임아웃
2025-11-17 20:15:20,734 - WARNING - 클라이언트 89: 요청 타임아웃
2025-11-17 20:15:20,753 - WARNING - 클라이언트 93: 요청 타임아웃
2025-11-17 20:15:20,760 - WARNING - 클라이언트 95: 요청 타임아웃
2025-11-17 20:15:20,768 - WARNING - 클라이언트 97: 요청 타임아웃
2025-11-17 20:15:20,775 - WARNING - 클라이언트 99: 요청 타임아웃
2025-11-17 20:15:20,782 - WARNING - 클라이언트 101: 요청 타임아웃
2025-11-17 20:15:20,791 - WARNING - 클라이언트 103: 요청 타임아웃
2025-11-17 20:15:20,801 - WARNING - 클라이언트 105: 요청 타임아웃
2025-11-17 20:15:20,807 - WARNING - 클라이언트 107: 요청 타임아웃
2025-11-17 20:15:20,815 - WARNING - 클라이언트 109: 요청 타임아웃
2025-11-17 20:15:20,822 - WARNING - 클라이언트 111: 요청 타임아웃
2025-11-17 20:15:20,840 - WARNING - 클라이언트 115: 요청 타임아웃
2025-11-17 20:15:20,847 - WARNING - 클라이언트 117: 요청 타임아웃
2025-11-17 20:15:20,855 - WARNING - 클라이언트 119: 요청 타임아웃
2025-11-17 20:15:20,870 - WARNING - 클라이언트 123: 요청 타임아웃
2025-11-17 20:15:20,887 - WARNING - 클라이언트 127: 요청 타임아웃
2025-11-17 20:15:20,903 - WARNING - 클라이언트 131: 요청 타임아웃
2025-11-17 20:15:20,910 - WARNING - 클라이언트 133: 요청 타임아웃
2025-11-17 20:15:20,935 - WARNING - 클라이언트 139: 요청 타임아웃
2025-11-17 20:15:20,944 - WARNING - 클라이언트 141: 요청 타임아웃
2025-11-17 20:15:20,952 - WARNING - 클라이언트 143: 요청 타임아웃
2025-11-17 20:15:20,958 - WARNING - 클라이언트 145: 요청 타임아웃
2025-11-17 20:15:20,966 - WARNING - 클라이언트 147: 요청 타임아웃
2025-11-17 20:15:20,974 - WARNING - 클라이언트 149: 요청 타임아웃
2025-11-17 20:15:20,985 - WARNING - 클라이언트 151: 요청 타임아웃
2025-11-17 20:15:20,992 - WARNING - 클라이언트 153: 요청 타임아웃
2025-11-17 20:15:20,999 - WARNING - 클라이언트 155: 요청 타임아웃
2025-11-17 20:15:21,007 - WARNING - 클라이언트 157: 요청 타임아웃
2025-11-17 20:15:21,014 - WARNING - 클라이언트 159: 요청 타임아웃
2025-11-17 20:15:21,023 - WARNING - 클라이언트 161: 요청 타임아웃
2025-11-17 20:15:21,033 - WARNING - 클라이언트 163: 요청 타임아웃
2025-11-17 20:15:21,040 - WARNING - 클라이언트 165: 요청 타임아웃
2025-11-17 20:15:21,047 - WARNING - 클라이언트 167: 요청 타임아웃
2025-11-17 20:15:21,056 - WARNING - 클라이언트 169: 요청 타임아웃
2025-11-17 20:15:21,066 - WARNING - 클라이언트 171: 요청 타임아웃
2025-11-17 20:15:21,071 - WARNING - 클라이언트 173: 요청 타임아웃
2025-11-17 20:15:21,087 - WARNING - 클라이언트 177: 요청 타임아웃
2025-11-17 20:15:21,093 - WARNING - 클라이언트 11: 요청 타임아웃
2025-11-17 20:15:21,095 - WARNING - 클라이언트 179: 요청 타임아웃
2025-11-17 20:15:21,103 - WARNING - 클라이언트 181: 요청 타임아웃
2025-11-17 20:15:21,110 - WARNING - 클라이언트 183: 요청 타임아웃
2025-11-17 20:15:21,118 - WARNING - 클라이언트 185: 요청 타임아웃
2025-11-17 20:15:21,136 - WARNING - 클라이언트 189: 요청 타임아웃
2025-11-17 20:15:21,152 - WARNING - 클라이언트 193: 요청 타임아웃
2025-11-17 20:15:21,169 - WARNING - 클라이언트 197: 요청 타임아웃
2025-11-17 20:15:21,174 - WARNING - 클라이언트 199: 요청 타임아웃
2025-11-17 20:15:21,193 - WARNING - 클라이언트 203: 요청 타임아웃
2025-11-17 20:15:21,208 - WARNING - 클라이언트 207: 요청 타임아웃
2025-11-17 20:15:21,224 - WARNING - 클라이언트 211: 요청 타임아웃
2025-11-17 20:15:21,231 - WARNING - 클라이언트 213: 요청 타임아웃
2025-11-17 20:15:21,239 - WARNING - 클라이언트 215: 요청 타임아웃
2025-11-17 20:15:21,247 - WARNING - 클라이언트 217: 요청 타임아웃
2025-11-17 20:15:21,264 - WARNING - 클라이언트 221: 요청 타임아웃
2025-11-17 20:15:21,281 - WARNING - 클라이언트 225: 요청 타임아웃
2025-11-17 20:15:21,296 - WARNING - 클라이언트 229: 요청 타임아웃
2025-11-17 20:15:21,303 - WARNING - 클라이언트 231: 요청 타임아웃
2025-11-17 20:15:21,311 - WARNING - 클라이언트 233: 요청 타임아웃
2025-11-17 20:15:21,336 - WARNING - 클라이언트 239: 요청 타임아웃
2025-11-17 20:15:21,343 - WARNING - 클라이언트 241: 요청 타임아웃
2025-11-17 20:15:21,354 - WARNING - 클라이언트 243: 요청 타임아웃
2025-11-17 20:15:21,359 - WARNING - 클라이언트 245: 요청 타임아웃
2025-11-17 20:15:21,382 - WARNING - 클라이언트 249: 요청 타임아웃
2025-11-17 20:15:21,384 - WARNING - 클라이언트 251: 요청 타임아웃
2025-11-17 20:15:21,556 - WARNING - 클라이언트 285: 요청 타임아웃
2025-11-17 20:15:21,559 - WARNING - 클라이언트 293: 요청 타임아웃
2025-11-17 20:15:21,560 - WARNING - 클라이언트 287: 요청 타임아웃
2025-11-17 20:15:21,560 - WARNING - 클라이언트 279: 요청 타임아웃
2025-11-17 20:15:21,560 - WARNING - 클라이언트 273: 요청 타임아웃
2025-11-17 20:15:21,563 - WARNING - 클라이언트 295: 요청 타임아웃
2025-11-17 20:15:21,585 - WARNING - 클라이언트 301: 요청 타임아웃
2025-11-17 20:15:21,593 - WARNING - 클라이언트 303: 요청 타임아웃
2025-11-17 20:15:21,607 - WARNING - 클라이언트 307: 요청 타임아웃
2025-11-17 20:15:21,632 - WARNING - 클라이언트 313: 요청 타임아웃
2025-11-17 20:15:21,649 - WARNING - 클라이언트 317: 요청 타임아웃
2025-11-17 20:15:21,679 - WARNING - 클라이언트 323: 요청 타임아웃
2025-11-17 20:15:21,680 - WARNING - 클라이언트 325: 요청 타임아웃
2025-11-17 20:15:21,688 - WARNING - 클라이언트 327: 요청 타임아웃
2025-11-17 20:15:21,696 - WARNING - 클라이언트 329: 요청 타임아웃
2025-11-17 20:15:21,704 - WARNING - 클라이언트 331: 요청 타임아웃
2025-11-17 20:15:21,711 - WARNING - 클라이언트 333: 요청 타임아웃
2025-11-17 20:15:21,721 - WARNING - 클라이언트 335: 요청 타임아웃
2025-11-17 20:15:21,728 - WARNING - 클라이언트 337: 요청 타임아웃
2025-11-17 20:15:21,738 - WARNING - 클라이언트 339: 요청 타임아웃
2025-11-17 20:15:21,744 - WARNING - 클라이언트 341: 요청 타임아웃
2025-11-17 20:15:21,751 - WARNING - 클라이언트 343: 요청 타임아웃
2025-11-17 20:15:21,765 - WARNING - 클라이언트 345: 요청 타임아웃
2025-11-17 20:15:21,768 - WARNING - 클라이언트 347: 요청 타임아웃
2025-11-17 20:15:21,777 - WARNING - 클라이언트 349: 요청 타임아웃
2025-11-17 20:15:21,785 - WARNING - 클라이언트 351: 요청 타임아웃
2025-11-17 20:15:21,799 - WARNING - 클라이언트 353: 요청 타임아웃
2025-11-17 20:15:21,799 - WARNING - 클라이언트 355: 요청 타임아웃
2025-11-17 20:15:21,809 - WARNING - 클라이언트 357: 요청 타임아웃
2025-11-17 20:15:21,824 - WARNING - 클라이언트 361: 요청 타임아웃
2025-11-17 20:15:21,834 - WARNING - 클라이언트 363: 요청 타임아웃
2025-11-17 20:15:21,841 - WARNING - 클라이언트 365: 요청 타임아웃
2025-11-17 20:15:21,856 - WARNING - 클라이언트 369: 요청 타임아웃
2025-11-17 20:15:21,919 - WARNING - 클라이언트 385: 요청 타임아웃
2025-11-17 20:15:21,928 - WARNING - 클라이언트 387: 요청 타임아웃
2025-11-17 20:15:21,951 - WARNING - 클라이언트 191: 요청 타임아웃
2025-11-17 20:15:21,959 - WARNING - 클라이언트 395: 요청 타임아웃
2025-11-17 20:15:21,984 - WARNING - 클라이언트 401: 요청 타임아웃
2025-11-17 20:15:22,009 - WARNING - 클라이언트 407: 요청 타임아웃
2025-11-17 20:15:22,024 - WARNING - 클라이언트 411: 요청 타임아웃
2025-11-17 20:15:22,041 - WARNING - 클라이언트 415: 요청 타임아웃
2025-11-17 20:15:22,057 - WARNING - 클라이언트 419: 요청 타임아웃
2025-11-17 20:15:22,114 - WARNING - 클라이언트 433: 요청 타임아웃
2025-11-17 20:15:22,145 - WARNING - 클라이언트 441: 요청 타임아웃
2025-11-17 20:15:22,153 - WARNING - 클라이언트 443: 요청 타임아웃
2025-11-17 20:15:22,168 - WARNING - 클라이언트 447: 요청 타임아웃
2025-11-17 20:15:22,178 - WARNING - 클라이언트 449: 요청 타임아웃
2025-11-17 20:15:22,184 - WARNING - 클라이언트 451: 요청 타임아웃
2025-11-17 20:15:22,238 - WARNING - 클라이언트 461: 요청 타임아웃
2025-11-17 20:15:22,238 - WARNING - 클라이언트 463: 요청 타임아웃
2025-11-17 20:15:22,240 - WARNING - 클라이언트 465: 요청 타임아웃
2025-11-17 20:15:22,266 - WARNING - 클라이언트 471: 요청 타임아웃
2025-11-17 20:15:22,280 - WARNING - 클라이언트 475: 요청 타임아웃
2025-11-17 20:15:22,312 - WARNING - 클라이언트 483: 요청 타임아웃
2025-11-17 20:15:22,343 - WARNING - 클라이언트 491: 요청 타임아웃
2025-11-17 20:15:22,394 - WARNING - 클라이언트 503: 요청 타임아웃
2025-11-17 20:15:22,424 - WARNING - 클라이언트 511: 요청 타임아웃
2025-11-17 20:15:22,441 - WARNING - 클라이언트 515: 요청 타임아웃
2025-11-17 20:15:22,480 - WARNING - 클라이언트 521: 요청 타임아웃
2025-11-17 20:15:22,482 - WARNING - 클라이언트 525: 요청 타임아웃
2025-11-17 20:15:22,489 - WARNING - 클라이언트 527: 요청 타임아웃
2025-11-17 20:15:22,522 - WARNING - 클라이언트 535: 요청 타임아웃
2025-11-17 20:15:22,554 - WARNING - 클라이언트 543: 요청 타임아웃
2025-11-17 20:15:22,594 - WARNING - 클라이언트 553: 요청 타임아웃
2025-11-17 20:15:22,624 - WARNING - 클라이언트 559: 요청 타임아웃
2025-11-17 20:15:22,627 - WARNING - 클라이언트 561: 요청 타임아웃
2025-11-17 20:15:22,632 - WARNING - 클라이언트 563: 요청 타임아웃
2025-11-17 20:15:22,650 - WARNING - 클라이언트 567: 요청 타임아웃
2025-11-17 20:15:22,658 - WARNING - 클라이언트 569: 요청 타임아웃
2025-11-17 20:15:22,666 - WARNING - 클라이언트 571: 요청 타임아웃
2025-11-17 20:15:22,680 - WARNING - 클라이언트 573: 요청 타임아웃
2025-11-17 20:15:22,683 - WARNING - 클라이언트 575: 요청 타임아웃
2025-11-17 20:15:22,690 - WARNING - 클라이언트 577: 요청 타임아웃
2025-11-17 20:15:22,705 - WARNING - 클라이언트 581: 요청 타임아웃
2025-11-17 20:15:22,747 - WARNING - 클라이언트 591: 요청 타임아웃
2025-11-17 20:15:22,755 - WARNING - 클라이언트 593: 요청 타임아웃
2025-11-17 20:15:22,762 - WARNING - 클라이언트 595: 요청 타임아웃
2025-11-17 20:15:22,772 - WARNING - 클라이언트 597: 요청 타임아웃
2025-11-17 20:15:22,777 - WARNING - 클라이언트 599: 요청 타임아웃
2025-11-17 20:15:22,785 - WARNING - 클라이언트 601: 요청 타임아웃
2025-11-17 20:15:22,832 - WARNING - 클라이언트 609: 요청 타임아웃
2025-11-17 20:15:22,833 - WARNING - 클라이언트 613: 요청 타임아웃
2025-11-17 20:15:22,843 - WARNING - 클라이언트 615: 요청 타임아웃
2025-11-17 20:15:22,867 - WARNING - 클라이언트 621: 요청 타임아웃
2025-11-17 20:15:22,891 - WARNING - 클라이언트 627: 요청 타임아웃
2025-11-17 20:15:22,931 - WARNING - 클라이언트 637: 요청 타임아웃
2025-11-17 20:15:23,058 - WARNING - 클라이언트 669: 요청 타임아웃
2025-11-17 20:15:23,082 - WARNING - 클라이언트 675: 요청 타임아웃
2025-11-17 20:15:23,121 - WARNING - 클라이언트 685: 요청 타임아웃
2025-11-17 20:15:23,170 - WARNING - 클라이언트 697: 요청 타임아웃
2025-11-17 20:15:23,178 - WARNING - 클라이언트 699: 요청 타임아웃
2025-11-17 20:15:23,226 - WARNING - 클라이언트 711: 요청 타임아웃
2025-11-17 20:15:23,236 - WARNING - 클라이언트 713: 요청 타임아웃
2025-11-17 20:15:23,253 - WARNING - 클라이언트 717: 요청 타임아웃
2025-11-17 20:15:23,274 - WARNING - 클라이언트 723: 요청 타임아웃
2025-11-17 20:15:23,306 - WARNING - 클라이언트 731: 요청 타임아웃
2025-11-17 20:15:23,356 - WARNING - 클라이언트 743: 요청 타임아웃
2025-11-17 20:15:23,362 - WARNING - 클라이언트 745: 요청 타임아웃
2025-11-17 20:15:23,369 - WARNING - 클라이언트 747: 요청 타임아웃
2025-11-17 20:15:23,385 - WARNING - 클라이언트 751: 요청 타임아웃
2025-11-17 20:15:23,395 - WARNING - 클라이언트 753: 요청 타임아웃
2025-11-17 20:15:23,409 - WARNING - 클라이언트 757: 요청 타임아웃
2025-11-17 20:15:23,419 - WARNING - 클라이언트 759: 요청 타임아웃
2025-11-17 20:15:23,465 - WARNING - 클라이언트 771: 요청 타임아웃
2025-11-17 20:15:23,483 - WARNING - 클라이언트 775: 요청 타임아웃
2025-11-17 20:15:23,506 - WARNING - 클라이언트 781: 요청 타임아웃
2025-11-17 20:15:23,539 - WARNING - 클라이언트 789: 요청 타임아웃
2025-11-17 20:15:23,546 - WARNING - 클라이언트 791: 요청 타임아웃
2025-11-17 20:15:23,566 - WARNING - 클라이언트 247: 요청 타임아웃
2025-11-17 20:15:23,587 - WARNING - 클라이언트 801: 요청 타임아웃
2025-11-17 20:15:23,597 - WARNING - 클라이언트 803: 요청 타임아웃
2025-11-17 20:15:23,706 - WARNING - 클라이언트 831: 요청 타임아웃
2025-11-17 20:15:23,715 - WARNING - 클라이언트 833: 요청 타임아웃
2025-11-17 20:15:23,747 - WARNING - 클라이언트 841: 요청 타임아웃
2025-11-17 20:15:23,771 - WARNING - 클라이언트 847: 요청 타임아웃
2025-11-17 20:15:23,810 - WARNING - 클라이언트 857: 요청 타임아웃
2025-11-17 20:15:23,819 - WARNING - 클라이언트 859: 요청 타임아웃
2025-11-17 20:15:23,826 - WARNING - 클라이언트 861: 요청 타임아웃
2025-11-17 20:15:23,836 - WARNING - 클라이언트 863: 요청 타임아웃
2025-11-17 20:15:23,850 - WARNING - 클라이언트 867: 요청 타임아웃
2025-11-17 20:15:23,859 - WARNING - 클라이언트 869: 요청 타임아웃
2025-11-17 20:15:23,884 - WARNING - 클라이언트 875: 요청 타임아웃
2025-11-17 20:15:23,914 - WARNING - 클라이언트 883: 요청 타임아웃
2025-11-17 20:15:23,954 - WARNING - 클라이언트 893: 요청 타임아웃
2025-11-17 20:15:23,962 - WARNING - 클라이언트 895: 요청 타임아웃
2025-11-17 20:15:23,987 - WARNING - 클라이언트 901: 요청 타임아웃
2025-11-17 20:15:24,060 - WARNING - 클라이언트 919: 요청 타임아웃
2025-11-17 20:15:24,075 - WARNING - 클라이언트 923: 요청 타임아웃
2025-11-17 20:15:24,082 - WARNING - 클라이언트 925: 요청 타임아웃
2025-11-17 20:15:24,099 - WARNING - 클라이언트 929: 요청 타임아웃
2025-11-17 20:15:24,109 - WARNING - 클라이언트 931: 요청 타임아웃
2025-11-17 20:15:24,147 - WARNING - 클라이언트 941: 요청 타임아웃
2025-11-17 20:15:24,219 - WARNING - 클라이언트 959: 요청 타임아웃
2025-11-17 20:15:24,316 - WARNING - 클라이언트 983: 요청 타임아웃
2025-11-17 20:15:24,362 - WARNING - 클라이언트 995: 요청 타임아웃
2025-11-17 20:15:24,372 - WARNING - 클라이언트 997: 요청 타임아웃
2025-11-17 20:15:24,411 - WARNING - 클라이언트 1007: 요청 타임아웃
2025-11-17 20:15:24,436 - WARNING - 클라이언트 1013: 요청 타임아웃
2025-11-17 20:15:24,476 - WARNING - 클라이언트 1023: 요청 타임아웃
2025-11-17 20:15:24,524 - WARNING - 클라이언트 1035: 요청 타임아웃
2025-11-17 20:15:24,539 - WARNING - 클라이언트 1039: 요청 타임아웃
2025-11-17 20:15:24,579 - WARNING - 클라이언트 1049: 요청 타임아웃
2025-11-17 20:15:24,586 - WARNING - 클라이언트 1051: 요청 타임아웃
2025-11-17 20:15:24,603 - WARNING - 클라이언트 1055: 요청 타임아웃
2025-11-17 20:15:24,634 - WARNING - 클라이언트 1063: 요청 타임아웃
2025-11-17 20:15:24,641 - WARNING - 클라이언트 1065: 요청 타임아웃
2025-11-17 20:15:24,653 - WARNING - 클라이언트 1067: 요청 타임아웃
2025-11-17 20:15:24,660 - WARNING - 클라이언트 1069: 요청 타임아웃
2025-11-17 20:15:24,676 - WARNING - 클라이언트 1073: 요청 타임아웃
2025-11-17 20:15:24,676 - WARNING - 클라이언트 265: 요청 타임아웃
2025-11-17 20:15:24,682 - WARNING - 클라이언트 1075: 요청 타임아웃
2025-11-17 20:15:24,725 - WARNING - 클라이언트 1085: 요청 타임아웃
2025-11-17 20:15:24,732 - WARNING - 클라이언트 1087: 요청 타임아웃
2025-11-17 20:15:24,756 - WARNING - 클라이언트 1093: 요청 타임아웃
2025-11-17 20:15:24,764 - WARNING - 클라이언트 1095: 요청 타임아웃
2025-11-17 20:15:24,935 - WARNING - 클라이언트 1137: 요청 타임아웃
2025-11-17 20:15:24,939 - WARNING - 클라이언트 1139: 요청 타임아웃
2025-11-17 20:15:24,949 - WARNING - 클라이언트 1141: 요청 타임아웃
2025-11-17 20:15:25,000 - WARNING - 클라이언트 701: 요청 타임아웃
2025-11-17 20:15:25,004 - WARNING - 클라이언트 1155: 요청 타임아웃
2025-11-17 20:15:25,011 - WARNING - 클라이언트 1157: 요청 타임아웃
2025-11-17 20:15:25,019 - WARNING - 클라이언트 1159: 요청 타임아웃
2025-11-17 20:15:25,027 - WARNING - 클라이언트 1161: 요청 타임아웃
2025-11-17 20:15:25,044 - WARNING - 클라이언트 1165: 요청 타임아웃
2025-11-17 20:15:25,051 - WARNING - 클라이언트 1167: 요청 타임아웃
2025-11-17 20:15:25,070 - WARNING - 클라이언트 1171: 요청 타임아웃
2025-11-17 20:15:25,070 - WARNING - 클라이언트 1169: 요청 타임아웃
2025-11-17 20:15:25,076 - WARNING - 클라이언트 1173: 요청 타임아웃
2025-11-17 20:15:25,093 - WARNING - 클라이언트 1177: 요청 타임아웃
2025-11-17 20:15:25,107 - WARNING - 클라이언트 209: 요청 타임아웃
2025-11-17 20:15:25,107 - WARNING - 클라이언트 1181: 요청 타임아웃
2025-11-17 20:15:25,117 - WARNING - 클라이언트 1183: 요청 타임아웃
2025-11-17 20:15:25,342 - WARNING - 클라이언트 1239: 요청 타임아웃
2025-11-17 20:15:25,353 - WARNING - 클라이언트 1241: 요청 타임아웃
2025-11-17 20:15:25,365 - WARNING - 클라이언트 1245: 요청 타임아웃
2025-11-17 20:15:25,372 - WARNING - 클라이언트 1247: 요청 타임아웃
2025-11-17 20:15:25,384 - WARNING - 클라이언트 805: 요청 타임아웃
2025-11-17 20:15:25,404 - WARNING - 클라이언트 1255: 요청 타임아웃
2025-11-17 20:15:25,429 - WARNING - 클라이언트 1261: 요청 타임아웃
2025-11-17 20:15:25,452 - WARNING - 클라이언트 1267: 요청 타임아웃
2025-11-17 20:15:25,460 - WARNING - 클라이언트 1269: 요청 타임아웃
2025-11-17 20:15:25,511 - WARNING - 클라이언트 1281: 요청 타임아웃
2025-11-17 20:15:25,518 - WARNING - 클라이언트 1283: 요청 타임아웃
2025-11-17 20:15:25,533 - WARNING - 클라이언트 1287: 요청 타임아웃
2025-11-17 20:15:25,541 - WARNING - 클라이언트 1289: 요청 타임아웃
2025-11-17 20:15:25,549 - WARNING - 클라이언트 1291: 요청 타임아웃
2025-11-17 20:15:25,559 - WARNING - 클라이언트 1293: 요청 타임아웃
2025-11-17 20:15:25,574 - WARNING - 클라이언트 1297: 요청 타임아웃
2025-11-17 20:15:25,647 - WARNING - 클라이언트 1315: 요청 타임아웃
2025-11-17 20:15:25,687 - WARNING - 클라이언트 253: 요청 타임아웃
2025-11-17 20:15:25,688 - WARNING - 클라이언트 1325: 요청 타임아웃
2025-11-17 20:15:25,711 - WARNING - 클라이언트 1331: 요청 타임아웃
2025-11-17 20:15:25,733 - WARNING - 클라이언트 1337: 요청 타임아웃
2025-11-17 20:15:25,741 - WARNING - 클라이언트 1339: 요청 타임아웃
2025-11-17 20:15:25,789 - WARNING - 클라이언트 1351: 요청 타임아웃
2025-11-17 20:15:25,805 - WARNING - 클라이언트 1355: 요청 타임아웃
2025-11-17 20:15:25,837 - WARNING - 클라이언트 1363: 요청 타임아웃
2025-11-17 20:15:25,845 - WARNING - 클라이언트 1365: 요청 타임아웃
2025-11-17 20:15:25,878 - WARNING - 클라이언트 1373: 요청 타임아웃
2025-11-17 20:15:25,886 - WARNING - 클라이언트 1375: 요청 타임아웃
2025-11-17 20:15:25,901 - WARNING - 클라이언트 1379: 요청 타임아웃
2025-11-17 20:15:25,921 - WARNING - 클라이언트 639: 요청 타임아웃
2025-11-17 20:15:25,941 - WARNING - 클라이언트 1389: 요청 타임아웃
2025-11-17 20:15:25,957 - WARNING - 클라이언트 1393: 요청 타임아웃
2025-11-17 20:15:25,984 - WARNING - 클라이언트 1399: 요청 타임아웃
2025-11-17 20:15:26,135 - WARNING - 클라이언트 1437: 요청 타임아웃
2025-11-17 20:15:26,143 - WARNING - 클라이언트 1439: 요청 타임아웃
2025-11-17 20:15:26,151 - WARNING - 클라이언트 1441: 요청 타임아웃
2025-11-17 20:15:26,158 - WARNING - 클라이언트 1443: 요청 타임아웃
2025-11-17 20:15:26,325 - WARNING - 클라이언트 1485: 요청 타임아웃
2025-11-17 20:15:26,328 - WARNING - 클라이언트 1319: 요청 타임아웃
2025-11-17 20:15:26,342 - WARNING - 클라이언트 1489: 요청 타임아웃
2025-11-17 20:15:26,352 - WARNING - 클라이언트 1491: 요청 타임아웃
2025-11-17 20:15:26,529 - WARNING - 클라이언트 1535: 요청 타임아웃
2025-11-17 20:15:26,543 - WARNING - 클라이언트 1539: 요청 타임아웃
2025-11-17 20:15:26,551 - WARNING - 클라이언트 1541: 요청 타임아웃
2025-11-17 20:15:26,597 - WARNING - 클라이언트 1553: 요청 타임아웃
2025-11-17 20:15:26,614 - WARNING - 클라이언트 1557: 요청 타임아웃
2025-11-17 20:15:26,663 - WARNING - 클라이언트 1569: 요청 타임아웃
2025-11-17 20:15:26,697 - WARNING - 클라이언트 1577: 요청 타임아웃
2025-11-17 20:15:26,699 - WARNING - 클라이언트 1059: 요청 타임아웃
2025-11-17 20:15:26,701 - WARNING - 클라이언트 1579: 요청 타임아웃
2025-11-17 20:15:26,718 - WARNING - 클라이언트 1583: 요청 타임아웃
2025-11-17 20:15:26,877 - WARNING - 클라이언트 1621: 요청 타임아웃
2025-11-17 20:15:26,878 - WARNING - 클라이언트 1605: 요청 타임아웃
2025-11-17 20:15:26,878 - WARNING - 클라이언트 951: 요청 타임아웃
2025-11-17 20:15:26,881 - WARNING - 클라이언트 1613: 요청 타임아웃
2025-11-17 20:15:26,881 - WARNING - 클라이언트 1619: 요청 타임아웃
2025-11-17 20:15:26,883 - WARNING - 클라이언트 1219: 요청 타임아웃
2025-11-17 20:15:27,016 - WARNING - 클라이언트 1657: 요청 타임아웃
2025-11-17 20:15:27,280 - WARNING - 클라이언트 1723: 요청 타임아웃
2025-11-17 20:15:27,424 - WARNING - 클라이언트 1759: 요청 타임아웃
2025-11-17 20:15:27,432 - WARNING - 클라이언트 1761: 요청 타임아웃
2025-11-17 20:15:27,439 - WARNING - 클라이언트 1763: 요청 타임아웃
2025-11-17 20:15:27,463 - WARNING - 클라이언트 1769: 요청 타임아웃
2025-11-17 20:15:27,568 - WARNING - 클라이언트 1795: 요청 타임아웃
2025-11-17 20:15:27,575 - WARNING - 클라이언트 1797: 요청 타임아웃
2025-11-17 20:15:27,583 - WARNING - 클라이언트 1799: 요청 타임아웃
2025-11-17 20:15:27,593 - WARNING - 클라이언트 1801: 요청 타임아웃
2025-11-17 20:15:27,600 - WARNING - 클라이언트 1803: 요청 타임아웃
2025-11-17 20:15:27,606 - WARNING - 클라이언트 1805: 요청 타임아웃
2025-11-17 20:15:27,801 - WARNING - 클라이언트 1853: 요청 타임아웃
2025-11-17 20:15:27,808 - WARNING - 클라이언트 1855: 요청 타임아웃
2025-11-17 20:15:27,824 - WARNING - 클라이언트 1859: 요청 타임아웃
2025-11-17 20:15:27,832 - WARNING - 클라이언트 1861: 요청 타임아웃
2025-11-17 20:15:27,849 - WARNING - 클라이언트 1863: 요청 타임아웃
2025-11-17 20:15:27,959 - WARNING - 클라이언트 835: 요청 타임아웃
2025-11-17 20:15:27,959 - WARNING - 클라이언트 1893: 요청 타임아웃
통계에 반영된 요청 인덱스 범위: 0 ~ 1000 (총 1000개 요청)
통계 반영된 요청 수: 1000, 통계 반영된 시간: 127.62 초

==================================================
 실험 최종 결과 요약
==================================================
 부하 테스트가 조기 종료되었습니다! (SLO 위반)
 Client 수를 낮추어 다시 시도하세요.
 설정 실험 시간: 80 초
 Clients 수: 5000
 통계 반영 시간: 127.62 초
 총 시도된 요청: 2562 개
 총 완료된 요청: 1000 개
 총 실패한 요청: 1562 개
 완료 요청 중 retrieval이 실패한 요청: -3813 개
 요청 성공률: 39.03%
 전체 Requests Per Second (RPS): 7.84
--------------------------------------------------
 Time to First Token (TTFT) Latency:
  - 평균 (Mean): 2.2904 초
  - 중간값 (50%ile): 2.4846 초
  - 최소값 (Min): 0.0282 초
  - 최대값 (Max): 5.9358 초
  - 95%ile Tail: 5.0331 초
  - 99%ile Tail: 5.4063 초
--------------------------------------------------
 Time Per Output Token (TPOT):
  - 평균 (Mean): 16.82 ms/token
--------------------------------------------------
 Embedding Latency:
  - 총 샘플 수: 1000
  - 평균 (Mean): 8.58 ms
  - 중간값 (50%ile): 7.00 ms
  - 95%ile Tail: 12.00 ms
  - 99%ile Tail: 21.00 ms
--------------------------------------------------
 VectorDB Search Latency:
  - 총 샘플 수: 1000
  - 평균 (Mean): 2197.86 ms
  - 중간값 (50%ile): 2410.50 ms
  - 95%ile Tail: 4951.60 ms
  - 99%ile Tail: 5229.32 ms
--------------------------------------------------
 Document Search Latency:
  - 총 샘플 수: 1000
  - 평균 (Mean): 16.22 ms
  - 중간값 (50%ile): 11.00 ms
  - 95%ile Tail: 36.00 ms
  - 99%ile Tail: 59.03 ms
--------------------------------------------------
 Total Retrieval Latency:
  - 총 샘플 수: 1000
  - 평균 (Mean): 2223.39 ms
  - 중간값 (50%ile): 2428.50 ms
  - 95%ile Tail: 4981.60 ms
  - 99%ile Tail: 5263.16 ms
==================================================
