2025-11-17 22:53:30,614 - INFO - ReqGen 시작: 서버=163.152.48.109:9000, 클라이언트=1000, 시간=80초
2025-11-17 22:53:30,614 - INFO - Hugging Face에서 'kroshan/BioASQ' 데이터셋을 로드합니다...
Traceback (most recent call last):
  File "/home/comsys/sungsu/CXLSharedMemGPU/ReqGen/main.py", line 412, in <module>
    main()
  File "/home/comsys/sungsu/CXLSharedMemGPU/ReqGen/main.py", line 408, in main
    reqgen = ReqGen(args)
  File "/home/comsys/sungsu/CXLSharedMemGPU/ReqGen/main.py", line 28, in __init__
    self.questions = self._load_questions()
  File "/home/comsys/sungsu/CXLSharedMemGPU/ReqGen/main.py", line 56, in _load_questions
    dataset = load_dataset(self.dataset_name, split='train', streaming=True)
  File "/home/comsys/.local/lib/python3.10/site-packages/datasets/load.py", line 2594, in load_dataset
    builder_instance = load_dataset_builder(
  File "/home/comsys/.local/lib/python3.10/site-packages/datasets/load.py", line 2266, in load_dataset_builder
    dataset_module = dataset_module_factory(
  File "/home/comsys/.local/lib/python3.10/site-packages/datasets/load.py", line 1889, in dataset_module_factory
    return HubDatasetModuleFactoryWithoutScript(
  File "/home/comsys/.local/lib/python3.10/site-packages/datasets/load.py", line 1196, in __init__
    increase_load_count(name, resource_type="dataset")
  File "/home/comsys/.local/lib/python3.10/site-packages/datasets/load.py", line 290, in increase_load_count
    head_hf_s3(name, filename=name + ".py", dataset=(resource_type == "dataset"))
  File "/home/comsys/.local/lib/python3.10/site-packages/datasets/utils/file_utils.py", line 111, in head_hf_s3
    return http_head(
  File "/home/comsys/.local/lib/python3.10/site-packages/datasets/utils/file_utils.py", line 462, in http_head
    response = _request_with_retry(
  File "/home/comsys/.local/lib/python3.10/site-packages/datasets/utils/file_utils.py", line 336, in _request_with_retry
    response = requests.request(method=method.upper(), url=url, timeout=timeout, **params)
  File "/home/comsys/.local/lib/python3.10/site-packages/requests/api.py", line 59, in request
    return session.request(method=method, url=url, **kwargs)
  File "/home/comsys/.local/lib/python3.10/site-packages/requests/sessions.py", line 589, in request
    resp = self.send(prep, **send_kwargs)
  File "/home/comsys/.local/lib/python3.10/site-packages/requests/sessions.py", line 703, in send
    r = adapter.send(request, **kwargs)
  File "/home/comsys/.local/lib/python3.10/site-packages/requests/adapters.py", line 667, in send
    resp = conn.urlopen(
  File "/usr/lib/python3/dist-packages/urllib3/connectionpool.py", line 700, in urlopen
    httplib_response = self._make_request(
  File "/usr/lib/python3/dist-packages/urllib3/connectionpool.py", line 383, in _make_request
    self._validate_conn(conn)
  File "/usr/lib/python3/dist-packages/urllib3/connectionpool.py", line 1017, in _validate_conn
    conn.connect()
  File "/usr/lib/python3/dist-packages/urllib3/connection.py", line 353, in connect
    conn = self._new_conn()
  File "/usr/lib/python3/dist-packages/urllib3/connection.py", line 169, in _new_conn
    conn = connection.create_connection(
  File "/usr/lib/python3/dist-packages/urllib3/util/connection.py", line 86, in create_connection
    sock.connect(sa)
KeyboardInterrupt
