2025-10-01 23:38:05,055 - INFO - ReqGen 시작: 서버=163.152.48.109:9000, 클라이언트=16, 시간=60초
2025-10-01 23:38:05,055 - INFO - Hugging Face에서 'kroshan/BioASQ' 데이터셋을 로드합니다...
2025-10-01 23:38:11,947 - INFO - 3266개의 질문을 로드했습니다.
2025-10-01 23:38:11,949 - INFO - 부하 테스트 시작, client 수 = 16
2025-10-01 23:38:11,949 - INFO - Zipf 값 1.2에서 상위 20%의 질문이 차지하는 비율: 91.82%
통계에 반영된 요청 인덱스 범위: 0 ~ 133 (총 133개 요청)
통계 반영된 요청 수: 133, 통계 반영된 시간: 71.38 초

==================================================
 실험 최종 결과 요약
==================================================
 설정 실험 시간: 60 초
 Clients 수: 16
 통계 반영 시간: 71.38 초
 총 시도된 요청: 133 개
 총 완료된 요청: 133 개
 총 실패한 요청: 0 개
 완료 요청 중 retrieval이 실패한 요청: 0 개
 요청 성공률: 100.00%
 전체 Requests Per Second (RPS): 1.86
--------------------------------------------------
 Time to First Token (TTFT) Latency:
  - 평균 (Mean): 0.1009 초
  - 중간값 (50%ile): 0.1012 초
  - 최소값 (Min): 0.0445 초
  - 최대값 (Max): 0.2304 초
  - 95%ile Tail: 0.1904 초
  - 99%ile Tail: 0.2258 초
--------------------------------------------------
 Time Per Output Token (TPOT):
  - 평균 (Mean): 16.48 ms/token
--------------------------------------------------
 Embedding Latency:
  - 총 샘플 수: 129
  - 평균 (Mean): 9.56 ms
  - 중간값 (50%ile): 9.00 ms
  - 95%ile Tail: 18.00 ms
  - 99%ile Tail: 21.72 ms
--------------------------------------------------
 VectorDB Search Latency:
  - 총 샘플 수: 129
  - 평균 (Mean): 16.11 ms
  - 중간값 (50%ile): 9.00 ms
  - 95%ile Tail: 51.60 ms
  - 99%ile Tail: 150.00 ms
--------------------------------------------------
 Document Search Latency:
  - 총 샘플 수: 129
  - 평균 (Mean): 7.31 ms
  - 중간값 (50%ile): 7.00 ms
  - 95%ile Tail: 9.00 ms
  - 99%ile Tail: 12.88 ms
--------------------------------------------------
 Total Retrieval Latency:
  - 총 샘플 수: 133
  - 평균 (Mean): 32.93 ms
  - 중간값 (50%ile): 26.00 ms
  - 95%ile Tail: 64.40 ms
  - 99%ile Tail: 164.32 ms
==================================================
