2025-10-01 22:01:46,530 - INFO - ReqGen 시작: 서버=163.152.48.109:9000, 클라이언트=2, 시간=600초
2025-10-01 22:01:46,530 - INFO - Hugging Face에서 'kroshan/BioASQ' 데이터셋을 로드합니다...
2025-10-01 22:01:53,453 - INFO - 3266개의 질문을 로드했습니다.
2025-10-01 22:01:53,454 - INFO - 부하 테스트 시작, client 수 = 2
2025-10-01 22:01:53,455 - INFO - Zipf 값 1.2에서 상위 20%의 질문이 차지하는 비율: 91.82%
통계에 반영된 요청 인덱스 범위: 0 ~ 35 (총 35개 요청)
통계 반영된 요청 수: 35, 통계 반영된 시간: 652.26 초

==================================================
 실험 최종 결과 요약
==================================================
 설정 실험 시간: 600 초
 Clients 수: 2
 통계 반영 시간: 652.26 초
 총 시도된 요청: 35 개
 총 완료된 요청: 35 개
 총 실패한 요청: 0 개
 완료 요청 중 retrieval이 실패한 요청: 28 개
 요청 성공률: 100.00%
 전체 Requests Per Second (RPS): 0.05
--------------------------------------------------
 Time to First Token (TTFT) Latency:
  - 평균 (Mean): 26.9255 초
  - 중간값 (50%ile): 30.8761 초
  - 95%ile Tail: 31.0216 초
  - 99%ile Tail: 31.0906 초
--------------------------------------------------
 Time Per Output Token (TPOT):
  - 평균 (Mean): 18.07 ms/token
--------------------------------------------------
 Embedding Latency:
  - 총 샘플 수: 21
  - 평균 (Mean): 19.24 ms
  - 중간값 (50%ile): 18.00 ms
  - 95%ile Tail: 30.00 ms
  - 99%ile Tail: 30.80 ms
--------------------------------------------------
 VectorDB Search Latency:
  - 총 샘플 수: 4
  - 평균 (Mean): 11855.25 ms
  - 중간값 (50%ile): 10217.50 ms
  - 95%ile Tail: 25169.50 ms
  - 99%ile Tail: 26615.50 ms
--------------------------------------------------
 Document Search Latency:
  - 총 샘플 수: 4
  - 평균 (Mean): 9.75 ms
  - 중간값 (50%ile): 8.50 ms
  - 95%ile Tail: 13.25 ms
  - 99%ile Tail: 13.85 ms
--------------------------------------------------
 Total Retrieval Latency:
  - 총 샘플 수: 7
  - 평균 (Mean): 11391.57 ms
  - 중간값 (50%ile): 12723.00 ms
  - 95%ile Tail: 24739.60 ms
  - 99%ile Tail: 26555.92 ms
==================================================
