2025-11-17 20:06:20,902 - INFO - ReqGen 시작: 서버=163.152.48.109:9000, 클라이언트=5000, 시간=80초
2025-11-17 20:06:20,902 - INFO - Hugging Face에서 'kroshan/BioASQ' 데이터셋을 로드합니다...
2025-11-17 20:06:28,772 - INFO - 3266개의 질문을 로드했습니다.
2025-11-17 20:06:28,773 - INFO - 부하 테스트 시작, client 수 = 5000
2025-11-17 20:06:28,773 - INFO - Zipf 값 1.2에서 상위 20%의 질문이 차지하는 비율: 91.82%
2025-11-17 20:06:35,586 - INFO - [실시간] 요청 1000개 처리 | 현재까지의 RPS: 146.77최근 1000개 request의 p99 TTFT: 0.2334 초 | 
2025-11-17 20:06:39,982 - INFO - [실시간] 요청 2000개 처리 | 현재까지의 RPS: 178.42최근 1000개 request의 p99 TTFT: 0.2170 초 | 
2025-11-17 20:06:43,794 - INFO - [실시간] 요청 3000개 처리 | 현재까지의 RPS: 199.72최근 1000개 request의 p99 TTFT: 0.3052 초 | 
2025-11-17 20:06:46,809 - INFO - [실시간] 요청 4000개 처리 | 현재까지의 RPS: 221.78최근 1000개 request의 p99 TTFT: 0.2339 초 | 
2025-11-17 20:06:49,800 - INFO - [실시간] 요청 5000개 처리 | 현재까지의 RPS: 237.78최근 1000개 request의 p99 TTFT: 0.3508 초 | 
2025-11-17 20:06:54,103 - INFO - [실시간] 요청 6000개 처리 | 현재까지의 RPS: 236.87최근 1000개 request의 p99 TTFT: 0.2481 초 | 
2025-11-17 20:06:57,985 - INFO - [실시간] 요청 7000개 처리 | 현재까지의 RPS: 239.63최근 1000개 request의 p99 TTFT: 0.1992 초 | 
2025-11-17 20:07:01,919 - INFO - [실시간] 요청 8000개 처리 | 현재까지의 RPS: 241.35최근 1000개 request의 p99 TTFT: 0.2998 초 | 
2025-11-17 20:07:05,717 - INFO - [실시간] 요청 9000개 처리 | 현재까지의 RPS: 243.61최근 1000개 request의 p99 TTFT: 0.2211 초 | 
2025-11-17 20:07:09,615 - INFO - [실시간] 요청 10000개 처리 | 현재까지의 RPS: 244.84최근 1000개 request의 p99 TTFT: 0.3731 초 | 
2025-11-17 20:07:13,674 - INFO - [실시간] 요청 11000개 처리 | 현재까지의 RPS: 244.98최근 1000개 request의 p99 TTFT: 0.2699 초 | 
2025-11-17 20:07:17,913 - INFO - [실시간] 요청 12000개 처리 | 현재까지의 RPS: 244.20최근 1000개 request의 p99 TTFT: 0.1833 초 | 
2025-11-17 20:07:21,766 - INFO - [실시간] 요청 13000개 처리 | 현재까지의 RPS: 245.32최근 1000개 request의 p99 TTFT: 0.2293 초 | 
2025-11-17 20:07:25,859 - INFO - [실시간] 요청 14000개 처리 | 현재까지의 RPS: 245.24최근 1000개 request의 p99 TTFT: 0.1946 초 | 
Traceback (most recent call last):
  File "/home/comsys/sungsu/CXLSharedMemGPU/ReqGen/main.py", line 412, in <module>
    main()
  File "/home/comsys/sungsu/CXLSharedMemGPU/ReqGen/main.py", line 409, in main
    asyncio.run(reqgen.run())
  File "/usr/lib/python3.10/asyncio/runners.py", line 44, in run
    return loop.run_until_complete(main)
  File "/usr/lib/python3.10/asyncio/base_events.py", line 636, in run_until_complete
    self.run_forever()
  File "/usr/lib/python3.10/asyncio/base_events.py", line 603, in run_forever
    self._run_once()
  File "/usr/lib/python3.10/asyncio/base_events.py", line 1871, in _run_once
    event_list = self._selector.select(timeout)
  File "/usr/lib/python3.10/selectors.py", line 469, in select
    fd_event_list = self._selector.poll(timeout, max_ev)
KeyboardInterrupt
