2025-11-18 21:41:45,473 - INFO - ReqGen 시작: 서버=163.152.48.109:9000, 클라이언트=8100, 시간=330초
2025-11-18 21:41:45,473 - INFO - Hugging Face에서 'kroshan/BioASQ' 데이터셋을 로드합니다...
2025-11-18 21:41:50,228 - INFO - 3266개의 질문을 로드했습니다.
2025-11-18 21:41:50,229 - INFO - 부하 테스트 시작, client 수 = 8100
2025-11-18 21:41:50,229 - INFO - Zipf 값 1.2에서 상위 20%의 질문이 차지하는 비율: 91.82%
2025-11-18 21:41:55,251 - INFO - [실시간] 요청 1000개 처리 | 현재까지의 RPS: 199.12최근 1000개 request의 p99 TTFT: 0.2273 초 | 
2025-11-18 21:41:57,813 - INFO - [실시간] 요청 2000개 처리 | 현재까지의 RPS: 263.68최근 1000개 request의 p99 TTFT: 0.1995 초 | 
2025-11-18 21:42:00,188 - INFO - [실시간] 요청 3000개 처리 | 현재까지의 RPS: 301.23최근 1000개 request의 p99 TTFT: 0.6410 초 | 
2025-11-18 21:42:02,310 - INFO - [실시간] 요청 4000개 처리 | 현재까지의 RPS: 331.09최근 1000개 request의 p99 TTFT: 0.2444 초 | 
2025-11-18 21:42:04,228 - INFO - [실시간] 요청 5000개 처리 | 현재까지의 RPS: 357.15최근 1000개 request의 p99 TTFT: 0.4185 초 | 
2025-11-18 21:42:06,018 - INFO - [실시간] 요청 6000개 처리 | 현재까지의 RPS: 380.01최근 1000개 request의 p99 TTFT: 0.2791 초 | 
2025-11-18 21:42:07,715 - INFO - [실시간] 요청 7000개 처리 | 현재까지의 RPS: 400.31최근 1000개 request의 p99 TTFT: 0.8220 초 | 
2025-11-18 21:42:09,247 - INFO - [실시간] 요청 8000개 처리 | 현재까지의 RPS: 420.64최근 1000개 request의 p99 TTFT: 0.7177 초 | 
2025-11-18 21:42:10,894 - INFO - [실시간] 요청 9000개 처리 | 현재까지의 RPS: 435.52최근 1000개 request의 p99 TTFT: 0.5810 초 | 
2025-11-18 21:42:12,690 - INFO - [실시간] 요청 10000개 처리 | 현재까지의 RPS: 445.21최근 1000개 request의 p99 TTFT: 0.5642 초 | 
2025-11-18 21:42:14,780 - INFO - [실시간] 요청 11000개 처리 | 현재까지의 RPS: 448.03최근 1000개 request의 p99 TTFT: 0.4763 초 | 
2025-11-18 21:42:17,025 - INFO - [실시간] 요청 12000개 처리 | 현재까지의 RPS: 447.82최근 1000개 request의 p99 TTFT: 0.2587 초 | 
2025-11-18 21:42:18,819 - INFO - [실시간] 요청 13000개 처리 | 현재까지의 RPS: 454.70최근 1000개 request의 p99 TTFT: 0.5189 초 | 
2025-11-18 21:42:20,657 - INFO - [실시간] 요청 14000개 처리 | 현재까지의 RPS: 460.10최근 1000개 request의 p99 TTFT: 0.4646 초 | 
2025-11-18 21:42:22,571 - INFO - [실시간] 요청 15000개 처리 | 현재까지의 RPS: 463.79최근 1000개 request의 p99 TTFT: 0.5727 초 | 
2025-11-18 21:42:24,461 - INFO - [실시간] 요청 16000개 처리 | 현재까지의 RPS: 467.39최근 1000개 request의 p99 TTFT: 0.2005 초 | 
2025-11-18 21:42:26,309 - INFO - [실시간] 요청 17000개 처리 | 현재까지의 RPS: 471.17최근 1000개 request의 p99 TTFT: 0.4167 초 | 
2025-11-18 21:42:28,153 - INFO - [실시간] 요청 18000개 처리 | 현재까지의 RPS: 474.63최근 1000개 request의 p99 TTFT: 0.2266 초 | 
2025-11-18 21:42:30,173 - INFO - [실시간] 요청 19000개 처리 | 현재까지의 RPS: 475.66최근 1000개 request의 p99 TTFT: 0.5515 초 | 
2025-11-18 21:42:32,012 - INFO - [실시간] 요청 20000개 처리 | 현재까지의 RPS: 478.65최근 1000개 request의 p99 TTFT: 0.4766 초 | 
2025-11-18 21:42:33,933 - INFO - [실시간] 요청 21000개 처리 | 현재까지의 RPS: 480.50최근 1000개 request의 p99 TTFT: 0.2091 초 | 
2025-11-18 21:42:35,826 - INFO - [실시간] 요청 22000개 처리 | 현재까지의 RPS: 482.49최근 1000개 request의 p99 TTFT: 0.2182 초 | 
2025-11-18 21:42:37,809 - INFO - [실시간] 요청 23000개 처리 | 현재까지의 RPS: 483.39최근 1000개 request의 p99 TTFT: 0.4918 초 | 
2025-11-18 21:42:39,703 - INFO - [실시간] 요청 24000개 처리 | 현재까지의 RPS: 485.10최근 1000개 request의 p99 TTFT: 0.4019 초 | 
2025-11-18 21:42:41,566 - INFO - [실시간] 요청 25000개 처리 | 현재까지의 RPS: 486.97최근 1000개 request의 p99 TTFT: 0.6536 초 | 
2025-11-18 21:42:43,341 - INFO - [실시간] 요청 26000개 처리 | 현재까지의 RPS: 489.52최근 1000개 request의 p99 TTFT: 0.8178 초 | 
2025-11-18 21:42:45,243 - INFO - [실시간] 요청 27000개 처리 | 현재까지의 RPS: 490.78최근 1000개 request의 p99 TTFT: 0.3786 초 | 
2025-11-18 21:42:47,101 - INFO - [실시간] 요청 28000개 처리 | 현재까지의 RPS: 492.33최근 1000개 request의 p99 TTFT: 0.4606 초 | 
2025-11-18 21:42:49,067 - INFO - [실시간] 요청 29000개 처리 | 현재까지의 RPS: 492.88최근 1000개 request의 p99 TTFT: 0.2412 초 | 
2025-11-18 21:42:50,821 - INFO - [실시간] 요청 30000개 처리 | 현재까지의 RPS: 495.11최근 1000개 request의 p99 TTFT: 0.3590 초 | 
2025-11-18 21:42:52,665 - INFO - [실시간] 요청 31000개 처리 | 현재까지의 RPS: 496.50최근 1000개 request의 p99 TTFT: 0.6800 초 | 
2025-11-18 21:42:54,203 - INFO - [실시간] 요청 32000개 처리 | 현재까지의 RPS: 500.20최근 1000개 request의 p99 TTFT: 0.8913 초 | 
2025-11-18 21:42:55,781 - INFO - [실시간] 요청 33000개 처리 | 현재까지의 RPS: 503.41최근 1000개 request의 p99 TTFT: 0.2979 초 | 
2025-11-18 21:42:57,331 - INFO - [실시간] 요청 34000개 처리 | 현재까지의 RPS: 506.69최근 1000개 request의 p99 TTFT: 0.2627 초 | 
2025-11-18 21:42:59,009 - INFO - [실시간] 요청 35000개 처리 | 현재까지의 RPS: 508.86최근 1000개 request의 p99 TTFT: 0.2068 초 | 
2025-11-18 21:43:00,771 - INFO - [실시간] 요청 36000개 처리 | 현재까지의 RPS: 510.33최근 1000개 request의 p99 TTFT: 0.5586 초 | 
2025-11-18 21:43:02,292 - INFO - [실시간] 요청 37000개 처리 | 현재까지의 RPS: 513.44최근 1000개 request의 p99 TTFT: 0.6851 초 | 
2025-11-18 21:43:03,771 - INFO - [실시간] 요청 38000개 처리 | 현재까지의 RPS: 516.71최근 1000개 request의 p99 TTFT: 0.4201 초 | 
2025-11-18 21:43:05,341 - INFO - [실시간] 요청 39000개 처리 | 현재까지의 RPS: 519.22최근 1000개 request의 p99 TTFT: 0.2285 초 | 
2025-11-18 21:43:06,880 - INFO - [실시간] 요청 40000개 처리 | 현재까지의 RPS: 521.84최근 1000개 request의 p99 TTFT: 0.3458 초 | 
2025-11-18 21:43:08,494 - INFO - [실시간] 요청 41000개 처리 | 현재까지의 RPS: 523.86최근 1000개 request의 p99 TTFT: 0.4599 초 | 
2025-11-18 21:43:10,041 - INFO - [실시간] 요청 42000개 처리 | 현재까지의 RPS: 526.23최근 1000개 request의 p99 TTFT: 0.7127 초 | 
2025-11-18 21:43:11,447 - INFO - [실시간] 요청 43000개 처리 | 현재까지의 RPS: 529.44최근 1000개 request의 p99 TTFT: 0.5741 초 | 
2025-11-18 21:43:12,981 - INFO - [실시간] 요청 44000개 처리 | 현재까지의 RPS: 531.71최근 1000개 request의 p99 TTFT: 0.4577 초 | 
2025-11-18 21:43:14,607 - INFO - [실시간] 요청 45000개 처리 | 현재까지의 RPS: 533.31최근 1000개 request의 p99 TTFT: 0.5641 초 | 
2025-11-18 21:43:16,288 - INFO - [실시간] 요청 46000개 처리 | 현재까지의 RPS: 534.52최근 1000개 request의 p99 TTFT: 0.3310 초 | 
2025-11-18 21:43:18,041 - INFO - [실시간] 요청 47000개 처리 | 현재까지의 RPS: 535.23최근 1000개 request의 p99 TTFT: 0.6436 초 | 
2025-11-18 21:43:19,583 - INFO - [실시간] 요청 48000개 처리 | 현재까지의 RPS: 537.19최근 1000개 request의 p99 TTFT: 0.6492 초 | 
2025-11-18 21:43:21,082 - INFO - [실시간] 요청 49000개 처리 | 현재까지의 RPS: 539.33최근 1000개 request의 p99 TTFT: 0.5467 초 | 
2025-11-18 21:43:22,774 - INFO - [실시간] 요청 50000개 처리 | 현재까지의 RPS: 540.27최근 1000개 request의 p99 TTFT: 0.2031 초 | 
2025-11-18 21:43:24,307 - INFO - [실시간] 요청 51000개 처리 | 현재까지의 RPS: 542.10최근 1000개 request의 p99 TTFT: 0.2124 초 | 
2025-11-18 21:43:26,060 - INFO - [실시간] 요청 52000개 처리 | 현재까지의 RPS: 542.62최근 1000개 request의 p99 TTFT: 0.5530 초 | 
2025-11-18 21:43:27,570 - INFO - [실시간] 요청 53000개 처리 | 현재까지의 RPS: 544.47최근 1000개 request의 p99 TTFT: 0.6460 초 | 
2025-11-18 21:43:29,211 - INFO - [실시간] 요청 54000개 처리 | 현재까지의 RPS: 545.55최근 1000개 request의 p99 TTFT: 0.3892 초 | 
2025-11-18 21:43:30,738 - INFO - [실시간] 요청 55000개 처리 | 현재까지의 RPS: 547.21최근 1000개 request의 p99 TTFT: 0.4117 초 | 
2025-11-18 21:43:32,307 - INFO - [실시간] 요청 56000개 처리 | 현재까지의 RPS: 548.60최근 1000개 request의 p99 TTFT: 0.3930 초 | 
2025-11-18 21:43:33,791 - INFO - [실시간] 요청 57000개 처리 | 현재까지의 RPS: 550.39최근 1000개 request의 p99 TTFT: 0.3958 초 | 
2025-11-18 21:43:35,526 - INFO - [실시간] 요청 58000개 처리 | 현재까지의 RPS: 550.82최근 1000개 request의 p99 TTFT: 0.4035 초 | 
2025-11-18 21:43:37,068 - INFO - [실시간] 요청 59000개 처리 | 현재까지의 RPS: 552.23최근 1000개 request의 p99 TTFT: 0.6594 초 | 
2025-11-18 21:43:38,624 - INFO - [실시간] 요청 60000개 처리 | 현재까지의 RPS: 553.53최근 1000개 request의 p99 TTFT: 0.5748 초 | 
2025-11-18 21:43:40,153 - INFO - [실시간] 요청 61000개 처리 | 현재까지의 RPS: 554.93최근 1000개 request의 p99 TTFT: 0.2337 초 | 
2025-11-18 21:43:41,724 - INFO - [실시간] 요청 62000개 처리 | 현재까지의 RPS: 556.08최근 1000개 request의 p99 TTFT: 0.2863 초 | 
2025-11-18 21:43:43,375 - INFO - [실시간] 요청 63000개 처리 | 현재까지의 RPS: 556.80최근 1000개 request의 p99 TTFT: 0.2205 초 | 
2025-11-18 21:43:45,059 - INFO - [실시간] 요청 64000개 처리 | 현재까지의 RPS: 557.34최근 1000개 request의 p99 TTFT: 0.4600 초 | 
2025-11-18 21:43:46,565 - INFO - [실시간] 요청 65000개 처리 | 현재까지의 RPS: 558.72최근 1000개 request의 p99 TTFT: 0.8176 초 | 
2025-11-18 21:43:48,147 - INFO - [실시간] 요청 66000개 처리 | 현재까지의 RPS: 559.71최근 1000개 request의 p99 TTFT: 0.5836 초 | 
2025-11-18 21:43:49,707 - INFO - [실시간] 요청 67000개 처리 | 현재까지의 RPS: 560.77최근 1000개 request의 p99 TTFT: 0.2167 초 | 
2025-11-18 21:43:51,173 - INFO - [실시간] 요청 68000개 처리 | 현재까지의 RPS: 562.24최근 1000개 request의 p99 TTFT: 0.4248 초 | 
2025-11-18 21:43:52,720 - INFO - [실시간] 요청 69000개 처리 | 현재까지의 RPS: 563.30최근 1000개 request의 p99 TTFT: 0.4475 초 | 
2025-11-18 21:43:54,249 - INFO - [실시간] 요청 70000개 처리 | 현재까지의 RPS: 564.42최근 1000개 request의 p99 TTFT: 0.7279 초 | 
2025-11-18 21:43:55,594 - INFO - [실시간] 요청 71000개 처리 | 현재까지의 RPS: 566.35최근 1000개 request의 p99 TTFT: 0.7788 초 | 
2025-11-18 21:43:57,146 - INFO - [실시간] 요청 72000개 처리 | 현재까지의 RPS: 567.30최근 1000개 request의 p99 TTFT: 0.4399 초 | 
2025-11-18 21:43:58,628 - INFO - [실시간] 요청 73000개 처리 | 현재까지의 RPS: 568.54최근 1000개 request의 p99 TTFT: 0.2770 초 | 
2025-11-18 21:44:00,165 - INFO - [실시간] 요청 74000개 처리 | 현재까지의 RPS: 569.51최근 1000개 request의 p99 TTFT: 0.1954 초 | 
2025-11-18 21:44:01,758 - INFO - [실시간] 요청 75000개 처리 | 현재까지의 RPS: 570.22최근 1000개 request의 p99 TTFT: 0.3750 초 | 
2025-11-18 21:44:03,270 - INFO - [실시간] 요청 76000개 처리 | 현재까지의 RPS: 571.25최근 1000개 request의 p99 TTFT: 0.8742 초 | 
2025-11-18 21:44:04,689 - INFO - [실시간] 요청 77000개 처리 | 현재까지의 RPS: 572.66최근 1000개 request의 p99 TTFT: 0.8169 초 | 
2025-11-18 21:44:06,204 - INFO - [실시간] 요청 78000개 처리 | 현재까지의 RPS: 573.63최근 1000개 request의 p99 TTFT: 0.2247 초 | 
2025-11-18 21:44:07,627 - INFO - [실시간] 요청 79000개 처리 | 현재까지의 RPS: 574.97최근 1000개 request의 p99 TTFT: 0.3284 초 | 
2025-11-18 21:44:08,990 - INFO - [실시간] 요청 80000개 처리 | 현재까지의 RPS: 576.53최근 1000개 request의 p99 TTFT: 0.4777 초 | 
2025-11-18 21:44:10,492 - INFO - [실시간] 요청 81000개 처리 | 현재까지의 RPS: 577.49최근 1000개 request의 p99 TTFT: 0.4341 초 | 
2025-11-18 21:44:11,977 - INFO - [실시간] 요청 82000개 처리 | 현재까지의 RPS: 578.49최근 1000개 request의 p99 TTFT: 0.9403 초 | 
2025-11-18 21:44:13,434 - INFO - [실시간] 요청 83000개 처리 | 현재까지의 RPS: 579.59최근 1000개 request의 p99 TTFT: 0.8797 초 | 
2025-11-18 21:44:14,900 - INFO - [실시간] 요청 84000개 처리 | 현재까지의 RPS: 580.63최근 1000개 request의 p99 TTFT: 0.4469 초 | 
2025-11-18 21:44:16,355 - INFO - [실시간] 요청 85000개 처리 | 현재까지의 RPS: 581.69최근 1000개 request의 p99 TTFT: 0.2184 초 | 
2025-11-18 21:44:17,943 - INFO - [실시간] 요청 86000개 처리 | 현재까지의 RPS: 582.20최근 1000개 request의 p99 TTFT: 0.2926 초 | 
2025-11-18 21:44:19,458 - INFO - [실시간] 요청 87000개 처리 | 현재까지의 RPS: 583.00최근 1000개 request의 p99 TTFT: 0.8900 초 | 
2025-11-18 21:44:20,807 - INFO - [실시간] 요청 88000개 처리 | 현재까지의 RPS: 584.41최근 1000개 request의 p99 TTFT: 0.9308 초 | 
2025-11-18 21:44:22,290 - INFO - [실시간] 요청 89000개 처리 | 현재까지의 RPS: 585.29최근 1000개 request의 p99 TTFT: 0.2433 초 | 
2025-11-18 21:44:23,816 - INFO - [실시간] 요청 90000개 처리 | 현재까지의 RPS: 585.98최근 1000개 request의 p99 TTFT: 0.4766 초 | 
2025-11-18 21:44:25,279 - INFO - [실시간] 요청 91000개 처리 | 현재까지의 RPS: 586.91최근 1000개 request의 p99 TTFT: 0.2591 초 | 
2025-11-18 21:44:26,897 - INFO - [실시간] 요청 92000개 처리 | 현재까지의 RPS: 587.23최근 1000개 request의 p99 TTFT: 0.5664 초 | 
2025-11-18 21:44:28,384 - INFO - [실시간] 요청 93000개 처리 | 현재까지의 RPS: 588.03최근 1000개 request의 p99 TTFT: 0.9114 초 | 
2025-11-18 21:44:29,759 - INFO - [실시간] 요청 94000개 처리 | 현재까지의 RPS: 589.23최근 1000개 request의 p99 TTFT: 0.9279 초 | 
2025-11-18 21:44:31,278 - INFO - [실시간] 요청 95000개 처리 | 현재까지의 RPS: 589.88최근 1000개 request의 p99 TTFT: 0.2503 초 | 
2025-11-18 21:44:32,678 - INFO - [실시간] 요청 96000개 처리 | 현재까지의 RPS: 590.95최근 1000개 request의 p99 TTFT: 0.5887 초 | 
2025-11-18 21:44:34,072 - INFO - [실시간] 요청 97000개 처리 | 현재까지의 RPS: 592.03최근 1000개 request의 p99 TTFT: 0.4410 초 | 
2025-11-18 21:44:35,709 - INFO - [실시간] 요청 98000개 처리 | 현재까지의 RPS: 592.22최근 1000개 request의 p99 TTFT: 0.4649 초 | 
2025-11-18 21:44:37,191 - INFO - [실시간] 요청 99000개 처리 | 현재까지의 RPS: 592.95최근 1000개 request의 p99 TTFT: 0.8129 초 | 
2025-11-18 21:44:38,605 - INFO - [실시간] 요청 100000개 처리 | 현재까지의 RPS: 593.91최근 1000개 request의 p99 TTFT: 0.7402 초 | 
2025-11-18 21:44:40,119 - INFO - [실시간] 요청 101000개 처리 | 현재까지의 RPS: 594.50최근 1000개 request의 p99 TTFT: 0.4424 초 | 
2025-11-18 21:44:41,592 - INFO - [실시간] 요청 102000개 처리 | 현재까지의 RPS: 595.23최근 1000개 request의 p99 TTFT: 0.2541 초 | 
2025-11-18 21:44:43,381 - INFO - [실시간] 요청 103000개 처리 | 현재까지의 RPS: 594.85최근 1000개 request의 p99 TTFT: 0.2873 초 | 
2025-11-18 21:44:44,920 - INFO - [실시간] 요청 104000개 처리 | 현재까지의 RPS: 595.33최근 1000개 request의 p99 TTFT: 0.7933 초 | 
2025-11-18 21:44:46,217 - INFO - [실시간] 요청 105000개 처리 | 현재까지의 RPS: 596.63최근 1000개 request의 p99 TTFT: 0.7847 초 | 
2025-11-18 21:44:47,705 - INFO - [실시간] 요청 106000개 처리 | 현재까지의 RPS: 597.26최근 1000개 request의 p99 TTFT: 0.2208 초 | 
2025-11-18 21:44:49,097 - INFO - [실시간] 요청 107000개 처리 | 현재까지의 RPS: 598.21최근 1000개 request의 p99 TTFT: 0.4213 초 | 
2025-11-18 21:44:50,651 - INFO - [실시간] 요청 108000개 처리 | 현재까지의 RPS: 598.59최근 1000개 request의 p99 TTFT: 0.3761 초 | 
2025-11-18 21:44:52,168 - INFO - [실시간] 요청 109000개 처리 | 현재까지의 RPS: 599.10최근 1000개 request의 p99 TTFT: 0.4727 초 | 
2025-11-18 21:44:53,765 - INFO - [실시간] 요청 110000개 처리 | 현재까지의 RPS: 599.33최근 1000개 request의 p99 TTFT: 0.7114 초 | 
2025-11-18 21:44:55,026 - INFO - [실시간] 요청 111000개 처리 | 현재까지의 RPS: 600.66최근 1000개 request의 p99 TTFT: 1.0411 초 | 
2025-11-18 21:44:56,445 - INFO - [실시간] 요청 112000개 처리 | 현재까지의 RPS: 601.45최근 1000개 request의 p99 TTFT: 0.5950 초 | 
2025-11-18 21:44:57,949 - INFO - [실시간] 요청 113000개 처리 | 현재까지의 RPS: 601.96최근 1000개 request의 p99 TTFT: 0.2080 초 | 
2025-11-18 21:44:59,483 - INFO - [실시간] 요청 114000개 처리 | 현재까지의 RPS: 602.37최근 1000개 request의 p99 TTFT: 0.5449 초 | 
2025-11-18 21:45:01,125 - INFO - [실시간] 요청 115000개 처리 | 현재까지의 RPS: 602.42최근 1000개 request의 p99 TTFT: 0.5913 초 | 
2025-11-18 21:45:02,526 - INFO - [실시간] 요청 116000개 처리 | 현재까지의 RPS: 603.23최근 1000개 request의 p99 TTFT: 0.7148 초 | 
2025-11-18 21:45:03,939 - INFO - [실시간] 요청 117000개 처리 | 현재까지의 RPS: 604.00최근 1000개 request의 p99 TTFT: 0.3651 초 | 
2025-11-18 21:45:05,399 - INFO - [실시간] 요청 118000개 처리 | 현재까지의 RPS: 604.60최근 1000개 request의 p99 TTFT: 0.2569 초 | 
2025-11-18 21:45:06,893 - INFO - [실시간] 요청 119000개 처리 | 현재까지의 RPS: 605.09최근 1000개 request의 p99 TTFT: 0.2318 초 | 
2025-11-18 21:45:08,563 - INFO - [실시간] 요청 120000개 처리 | 현재까지의 RPS: 605.04최근 1000개 request의 p99 TTFT: 0.4876 초 | 
2025-11-18 21:45:09,923 - INFO - [실시간] 요청 121000개 처리 | 현재까지의 RPS: 605.93최근 1000개 request의 p99 TTFT: 0.7148 초 | 
2025-11-18 21:45:11,186 - INFO - [실시간] 요청 122000개 처리 | 현재까지의 RPS: 607.09최근 1000개 request의 p99 TTFT: 0.8848 초 | 
2025-11-18 21:45:12,543 - INFO - [실시간] 요청 123000개 처리 | 현재까지의 RPS: 607.97최근 1000개 request의 p99 TTFT: 0.4396 초 | 
2025-11-18 21:45:13,954 - INFO - [실시간] 요청 124000개 처리 | 현재까지의 RPS: 608.66최근 1000개 request의 p99 TTFT: 0.2412 초 | 
2025-11-18 21:45:15,349 - INFO - [실시간] 요청 125000개 처리 | 현재까지의 RPS: 609.40최근 1000개 request의 p99 TTFT: 0.3928 초 | 
2025-11-18 21:45:16,941 - INFO - [실시간] 요청 126000개 처리 | 현재까지의 RPS: 609.54최근 1000개 request의 p99 TTFT: 0.4332 초 | 
2025-11-18 21:45:18,450 - INFO - [실시간] 요청 127000개 처리 | 현재까지의 RPS: 609.93최근 1000개 request의 p99 TTFT: 0.6579 초 | 
2025-11-18 21:45:19,755 - INFO - [실시간] 요청 128000개 처리 | 현재까지의 RPS: 610.90최근 1000개 request의 p99 TTFT: 1.0359 초 | 
2025-11-18 21:45:21,099 - INFO - [실시간] 요청 129000개 처리 | 현재까지의 RPS: 611.75최근 1000개 request의 p99 TTFT: 0.7393 초 | 
2025-11-18 21:45:22,576 - INFO - [실시간] 요청 130000개 처리 | 현재까지의 RPS: 612.21최근 1000개 request의 p99 TTFT: 0.3635 초 | 
2025-11-18 21:45:23,986 - INFO - [실시간] 요청 131000개 처리 | 현재까지의 RPS: 612.84최근 1000개 request의 p99 TTFT: 0.5599 초 | 
2025-11-18 21:45:25,446 - INFO - [실시간] 요청 132000개 처리 | 현재까지의 RPS: 613.33최근 1000개 request의 p99 TTFT: 0.5146 초 | 
2025-11-18 21:45:27,044 - INFO - [실시간] 요청 133000개 처리 | 현재까지의 RPS: 613.42최근 1000개 request의 p99 TTFT: 0.6633 초 | 
2025-11-18 21:45:28,352 - INFO - [실시간] 요청 134000개 처리 | 현재까지의 RPS: 614.33최근 1000개 request의 p99 TTFT: 0.7207 초 | 
2025-11-18 21:45:29,718 - INFO - [실시간] 요청 135000개 처리 | 현재까지의 RPS: 615.07최근 1000개 request의 p99 TTFT: 0.3634 초 | 
2025-11-18 21:45:31,190 - INFO - [실시간] 요청 136000개 처리 | 현재까지의 RPS: 615.49최근 1000개 request의 p99 TTFT: 0.4671 초 | 
2025-11-18 21:45:32,561 - INFO - [실시간] 요청 137000개 처리 | 현재까지의 RPS: 616.19최근 1000개 request의 p99 TTFT: 0.6022 초 | 
2025-11-18 21:45:34,090 - INFO - [실시간] 요청 138000개 처리 | 현재까지의 RPS: 616.45최근 1000개 request의 p99 TTFT: 0.4238 초 | 
2025-11-18 21:45:35,597 - INFO - [실시간] 요청 139000개 처리 | 현재까지의 RPS: 616.77최근 1000개 request의 p99 TTFT: 0.8551 초 | 
2025-11-18 21:45:36,884 - INFO - [실시간] 요청 140000개 처리 | 현재까지의 RPS: 617.68최근 1000개 request의 p99 TTFT: 0.8357 초 | 
2025-11-18 21:45:38,261 - INFO - [실시간] 요청 141000개 처리 | 현재까지의 RPS: 618.33최근 1000개 request의 p99 TTFT: 0.4570 초 | 
2025-11-18 21:45:39,663 - INFO - [실시간] 요청 142000개 처리 | 현재까지의 RPS: 618.91최근 1000개 request의 p99 TTFT: 0.4361 초 | 
2025-11-18 21:45:41,049 - INFO - [실시간] 요청 143000개 처리 | 현재까지의 RPS: 619.53최근 1000개 request의 p99 TTFT: 0.3352 초 | 
2025-11-18 21:45:42,421 - INFO - [실시간] 요청 144000개 처리 | 현재까지의 RPS: 620.18최근 1000개 request의 p99 TTFT: 0.2380 초 | 
2025-11-18 21:45:44,031 - INFO - [실시간] 요청 145000개 처리 | 현재까지의 RPS: 620.18최근 1000개 request의 p99 TTFT: 0.8742 초 | 
2025-11-18 21:45:45,374 - INFO - [실시간] 요청 146000개 처리 | 현재까지의 RPS: 620.89최근 1000개 request의 p99 TTFT: 1.0088 초 | 
2025-11-18 21:45:46,798 - INFO - [실시간] 요청 147000개 처리 | 현재까지의 RPS: 621.38최근 1000개 request의 p99 TTFT: 0.5964 초 | 
2025-11-18 21:45:48,271 - INFO - [실시간] 요청 148000개 처리 | 현재까지의 RPS: 621.74최근 1000개 request의 p99 TTFT: 0.5285 초 | 
2025-11-18 21:45:49,652 - INFO - [실시간] 요청 149000개 처리 | 현재까지의 RPS: 622.33최근 1000개 request의 p99 TTFT: 0.2294 초 | 
2025-11-18 21:45:51,094 - INFO - [실시간] 요청 150000개 처리 | 현재까지의 RPS: 622.75최근 1000개 request의 p99 TTFT: 0.2302 초 | 
2025-11-18 21:45:52,683 - INFO - [실시간] 요청 151000개 처리 | 현재까지의 RPS: 622.80최근 1000개 request의 p99 TTFT: 0.6745 초 | 
2025-11-18 21:45:53,962 - INFO - [실시간] 요청 152000개 처리 | 현재까지의 RPS: 623.63최근 1000개 request의 p99 TTFT: 1.1365 초 | 
2025-11-18 21:45:55,273 - INFO - [실시간] 요청 153000개 처리 | 현재까지의 RPS: 624.38최근 1000개 request의 p99 TTFT: 0.9110 초 | 
2025-11-18 21:45:56,671 - INFO - [실시간] 요청 154000개 처리 | 현재까지의 RPS: 624.89최근 1000개 request의 p99 TTFT: 0.6883 초 | 
2025-11-18 21:45:58,045 - INFO - [실시간] 요청 155000개 처리 | 현재까지의 RPS: 625.46최근 1000개 request의 p99 TTFT: 0.2182 초 | 
2025-11-18 21:45:59,627 - INFO - [실시간] 요청 156000개 처리 | 현재까지의 RPS: 625.51최근 1000개 request의 p99 TTFT: 0.6046 초 | 
2025-11-18 21:46:00,969 - INFO - [실시간] 요청 157000개 처리 | 현재까지의 RPS: 626.15최근 1000개 request의 p99 TTFT: 0.8856 초 | 
2025-11-18 21:46:02,297 - INFO - [실시간] 요청 158000개 처리 | 현재까지의 RPS: 626.81최근 1000개 request의 p99 TTFT: 0.8454 초 | 
2025-11-18 21:46:03,772 - INFO - [실시간] 요청 159000개 처리 | 현재까지의 RPS: 627.11최근 1000개 request의 p99 TTFT: 0.2184 초 | 
2025-11-18 21:46:05,112 - INFO - [실시간] 요청 160000개 처리 | 현재까지의 RPS: 627.74최근 1000개 request의 p99 TTFT: 0.5381 초 | 
2025-11-18 21:46:06,546 - INFO - [실시간] 요청 161000개 처리 | 현재까지의 RPS: 628.13최근 1000개 request의 p99 TTFT: 0.2953 초 | 
2025-11-18 21:46:08,099 - INFO - [실시간] 요청 162000개 처리 | 현재까지의 RPS: 628.22최근 1000개 request의 p99 TTFT: 0.7939 초 | 
2025-11-18 21:46:09,378 - INFO - [실시간] 요청 163000개 처리 | 현재까지의 RPS: 628.98최근 1000개 request의 p99 TTFT: 0.8032 초 | 
2025-11-18 21:46:10,838 - INFO - [실시간] 요청 164000개 처리 | 현재까지의 RPS: 629.29최근 1000개 request의 p99 TTFT: 0.6706 초 | 
2025-11-18 21:46:12,116 - INFO - [실시간] 요청 165000개 처리 | 현재까지의 RPS: 630.04최근 1000개 request의 p99 TTFT: 0.6694 초 | 
2025-11-18 21:46:13,506 - INFO - [실시간] 요청 166000개 처리 | 현재까지의 RPS: 630.51최근 1000개 request의 p99 TTFT: 0.3123 초 | 
2025-11-18 21:46:15,059 - INFO - [실시간] 요청 167000개 처리 | 현재까지의 RPS: 630.59최근 1000개 request의 p99 TTFT: 0.5089 초 | 
2025-11-18 21:46:16,585 - INFO - [실시간] 요청 168000개 처리 | 현재까지의 RPS: 630.73최근 1000개 request의 p99 TTFT: 0.6964 초 | 
2025-11-18 21:46:17,911 - INFO - [실시간] 요청 169000개 처리 | 현재까지의 RPS: 631.34최근 1000개 request의 p99 TTFT: 0.9750 초 | 
2025-11-18 21:46:19,318 - INFO - [실시간] 요청 170000개 처리 | 현재까지의 RPS: 631.76최근 1000개 request의 p99 TTFT: 0.7433 초 | 
2025-11-18 21:46:20,725 - INFO - [실시간] 요청 171000개 처리 | 현재까지의 RPS: 632.17최근 1000개 request의 p99 TTFT: 0.3999 초 | 
2025-11-18 21:46:22,102 - INFO - [실시간] 요청 172000개 처리 | 현재까지의 RPS: 632.65최근 1000개 request의 p99 TTFT: 0.5458 초 | 
2025-11-18 21:46:23,496 - INFO - [실시간] 요청 173000개 처리 | 현재까지의 RPS: 633.08최근 1000개 request의 p99 TTFT: 0.3608 초 | 
2025-11-18 21:46:25,158 - INFO - [실시간] 요청 174000개 처리 | 현재까지의 RPS: 632.89최근 1000개 request의 p99 TTFT: 0.9403 초 | 
2025-11-18 21:46:26,433 - INFO - [실시간] 요청 175000개 처리 | 현재까지의 RPS: 633.59최근 1000개 request의 p99 TTFT: 1.0171 초 | 
2025-11-18 21:46:27,771 - INFO - [실시간] 요청 176000개 처리 | 현재까지의 RPS: 634.14최근 1000개 request의 p99 TTFT: 0.4984 초 | 
2025-11-18 21:46:29,201 - INFO - [실시간] 요청 177000개 처리 | 현재까지의 RPS: 634.47최근 1000개 request의 p99 TTFT: 0.2734 초 | 
2025-11-18 21:46:30,596 - INFO - [실시간] 요청 178000개 처리 | 현재까지의 RPS: 634.88최근 1000개 request의 p99 TTFT: 0.4857 초 | 
2025-11-18 21:46:32,152 - INFO - [실시간] 요청 179000개 처리 | 현재까지의 RPS: 634.92최근 1000개 request의 p99 TTFT: 0.4933 초 | 
2025-11-18 21:46:33,568 - INFO - [실시간] 요청 180000개 처리 | 현재까지의 RPS: 635.28최근 1000개 request의 p99 TTFT: 0.9459 초 | 
2025-11-18 21:46:34,897 - INFO - [실시간] 요청 181000개 처리 | 현재까지의 RPS: 635.83최근 1000개 request의 p99 TTFT: 0.8633 초 | 
2025-11-18 21:46:36,293 - INFO - [실시간] 요청 182000개 처리 | 현재까지의 RPS: 636.22최근 1000개 request의 p99 TTFT: 0.2620 초 | 
2025-11-18 21:46:37,625 - INFO - [실시간] 요청 183000개 처리 | 현재까지의 RPS: 636.75최근 1000개 request의 p99 TTFT: 0.4351 초 | 
2025-11-18 21:46:39,072 - INFO - [실시간] 요청 184000개 처리 | 현재까지의 RPS: 637.02최근 1000개 request의 p99 TTFT: 0.2279 초 | 
2025-11-18 21:46:40,721 - INFO - [실시간] 요청 185000개 처리 | 현재까지의 RPS: 636.85최근 1000개 request의 p99 TTFT: 0.6283 초 | 
2025-11-18 21:46:42,087 - INFO - [실시간] 요청 186000개 처리 | 현재까지의 RPS: 637.30최근 1000개 request의 p99 TTFT: 0.9920 초 | 
2025-11-18 21:46:43,435 - INFO - [실시간] 요청 187000개 처리 | 현재까지의 RPS: 637.78최근 1000개 request의 p99 TTFT: 0.9649 초 | 
2025-11-18 21:46:44,847 - INFO - [실시간] 요청 188000개 처리 | 현재까지의 RPS: 638.11최근 1000개 request의 p99 TTFT: 0.4040 초 | 
2025-11-18 21:46:46,295 - INFO - [실시간] 요청 189000개 처리 | 현재까지의 RPS: 638.37최근 1000개 request의 p99 TTFT: 0.4215 초 | 
2025-11-18 21:46:47,918 - INFO - [실시간] 요청 190000개 처리 | 현재까지의 RPS: 638.25최근 1000개 request의 p99 TTFT: 0.4978 초 | 
2025-11-18 21:46:49,347 - INFO - [실시간] 요청 191000개 처리 | 현재까지의 RPS: 638.54최근 1000개 request의 p99 TTFT: 0.7226 초 | 
2025-11-18 21:46:50,660 - INFO - [실시간] 요청 192000개 처리 | 현재까지의 RPS: 639.08최근 1000개 request의 p99 TTFT: 1.0438 초 | 
2025-11-18 21:46:52,095 - INFO - [실시간] 요청 193000개 처리 | 현재까지의 RPS: 639.36최근 1000개 request의 p99 TTFT: 0.5482 초 | 
2025-11-18 21:46:53,514 - INFO - [실시간] 요청 194000개 처리 | 현재까지의 RPS: 639.66최근 1000개 request의 p99 TTFT: 0.6021 초 | 
2025-11-18 21:46:54,772 - INFO - [실시간] 요청 195000개 처리 | 현재까지의 RPS: 640.30최근 1000개 request의 p99 TTFT: 0.6544 초 | 
2025-11-18 21:46:56,178 - INFO - [실시간] 요청 196000개 처리 | 현재까지의 RPS: 640.63최근 1000개 request의 p99 TTFT: 0.4947 초 | 
2025-11-18 21:46:57,743 - INFO - [실시간] 요청 197000개 처리 | 현재까지의 RPS: 640.62최근 1000개 request의 p99 TTFT: 0.8228 초 | 
2025-11-18 21:46:58,988 - INFO - [실시간] 요청 198000개 처리 | 현재까지의 RPS: 641.28최근 1000개 request의 p99 TTFT: 1.1315 초 | 
2025-11-18 21:47:00,374 - INFO - [실시간] 요청 199000개 처리 | 현재까지의 RPS: 641.63최근 1000개 request의 p99 TTFT: 0.5652 초 | 
2025-11-18 21:47:01,736 - INFO - [실시간] 요청 200000개 처리 | 현재까지의 RPS: 642.04최근 1000개 request의 p99 TTFT: 0.5307 초 | 
2025-11-18 21:47:03,105 - INFO - [실시간] 요청 201000개 처리 | 현재까지의 RPS: 642.43최근 1000개 request의 p99 TTFT: 0.4853 초 | 
2025-11-18 21:47:04,581 - INFO - [실시간] 요청 202000개 처리 | 현재까지의 RPS: 642.59최근 1000개 request의 p99 TTFT: 0.3651 초 | 
2025-11-18 21:47:06,227 - INFO - [실시간] 요청 203000개 처리 | 현재까지의 RPS: 642.41최근 1000개 request의 p99 TTFT: 0.8227 초 | 
2025-11-18 21:47:07,461 - INFO - [실시간] 요청 204000개 처리 | 현재까지의 RPS: 643.06최근 1000개 request의 p99 TTFT: 0.8610 초 | 
2025-11-18 21:47:08,816 - INFO - [실시간] 요청 205000개 처리 | 현재까지의 RPS: 643.46최근 1000개 request의 p99 TTFT: 0.6832 초 | 
2025-11-18 21:47:10,251 - INFO - [실시간] 요청 206000개 처리 | 현재까지의 RPS: 643.70최근 1000개 request의 p99 TTFT: 0.4241 초 | 
2025-11-18 21:47:11,639 - INFO - [실시간] 요청 207000개 처리 | 현재까지의 RPS: 644.04최근 1000개 request의 p99 TTFT: 0.3953 초 | 
2025-11-18 21:47:13,196 - INFO - [실시간] 요청 208000개 처리 | 현재까지의 RPS: 644.03최근 1000개 request의 p99 TTFT: 0.4793 초 | 
2025-11-18 21:47:14,628 - INFO - [실시간] 요청 209000개 처리 | 현재까지의 RPS: 644.27최근 1000개 request의 p99 TTFT: 1.1462 초 | 
2025-11-18 21:47:15,982 - INFO - [실시간] 요청 210000개 처리 | 현재까지의 RPS: 644.66최근 1000개 request의 p99 TTFT: 1.2785 초 | 
2025-11-18 21:47:17,305 - INFO - [실시간] 요청 211000개 처리 | 현재까지의 RPS: 645.11최근 1000개 request의 p99 TTFT: 0.5878 초 | 
2025-11-18 21:47:18,741 - INFO - [실시간] 요청 212000개 처리 | 현재까지의 RPS: 645.33최근 1000개 request의 p99 TTFT: 0.2731 초 | 
2025-11-18 21:47:20,216 - INFO - [실시간] 요청 213000개 처리 | 현재까지의 RPS: 645.48최근 1000개 request의 p99 TTFT: 0.3282 초 | 
통계에 반영된 요청 인덱스 범위: 0 ~ 213587 (총 213587개 요청)
통계 반영된 요청 수: 213587, 통계 반영된 시간: 383.91 초

==================================================
 실험 최종 결과 요약
==================================================
 설정 실험 시간: 330 초
 Clients 수: 8100
 통계 반영 시간: 383.91 초
 총 시도된 요청: 219226 개
 총 완료된 요청: 213587 개
 총 실패한 요청: 5639 개
 완료 요청 중 retrieval이 실패한 요청: 0 개
 요청 성공률: 97.43%
 전체 Requests Per Second (RPS): 556.34
--------------------------------------------------
 Time to First Token (TTFT) Latency:
  - 평균 (Mean): 0.1630 초
  - 중간값 (50%ile): 0.1384 초
  - 최소값 (Min): 0.0165 초
  - 최대값 (Max): 1.8789 초
  - 95%ile Tail: 0.4188 초
  - 99%ile Tail: 0.7102 초
--------------------------------------------------
 Time Per Output Token (TPOT):
  - 평균 (Mean): 16.92 ms/token
--------------------------------------------------
 Embedding Latency:
  - 총 샘플 수: 213562
  - 평균 (Mean): 8.71 ms
  - 중간값 (50%ile): 6.00 ms
  - 95%ile Tail: 19.00 ms
  - 99%ile Tail: 53.00 ms
--------------------------------------------------
 VectorDB Search Latency:
  - 총 샘플 수: 213562
  - 평균 (Mean): 55.24 ms
  - 중간값 (50%ile): 26.00 ms
  - 95%ile Tail: 200.00 ms
  - 99%ile Tail: 485.00 ms
--------------------------------------------------
 Document Search Latency:
  - 총 샘플 수: 213562
  - 평균 (Mean): 18.42 ms
  - 중간값 (50%ile): 7.00 ms
  - 95%ile Tail: 64.00 ms
  - 99%ile Tail: 149.00 ms
--------------------------------------------------
 Total Retrieval Latency:
  - 총 샘플 수: 213587
  - 평균 (Mean): 82.37 ms
  - 중간값 (50%ile): 46.00 ms
  - 95%ile Tail: 302.00 ms
  - 99%ile Tail: 600.14 ms
==================================================
