2025-11-18 21:35:02,307 - INFO - ReqGen 시작: 서버=163.152.48.109:9000, 클라이언트=8200, 시간=330초
2025-11-18 21:35:02,307 - INFO - Hugging Face에서 'kroshan/BioASQ' 데이터셋을 로드합니다...
2025-11-18 21:35:17,498 - INFO - 3266개의 질문을 로드했습니다.
2025-11-18 21:35:17,499 - INFO - 부하 테스트 시작, client 수 = 8200
2025-11-18 21:35:17,499 - INFO - Zipf 값 1.2에서 상위 20%의 질문이 차지하는 비율: 91.82%
2025-11-18 21:35:22,380 - INFO - [실시간] 요청 1000개 처리 | 현재까지의 RPS: 204.85최근 1000개 request의 p99 TTFT: 0.2175 초 | 
2025-11-18 21:35:24,949 - INFO - [실시간] 요청 2000개 처리 | 현재까지의 RPS: 268.46최근 1000개 request의 p99 TTFT: 0.2522 초 | 
2025-11-18 21:35:27,177 - INFO - [실시간] 요청 3000개 처리 | 현재까지의 RPS: 309.98최근 1000개 request의 p99 TTFT: 0.3950 초 | 
2025-11-18 21:35:29,250 - INFO - [실시간] 요청 4000개 처리 | 현재까지의 RPS: 340.38최근 1000개 request의 p99 TTFT: 0.2198 초 | 
2025-11-18 21:35:31,164 - INFO - [실시간] 요청 5000개 처리 | 현재까지의 RPS: 365.89최근 1000개 request의 p99 TTFT: 0.3979 초 | 
2025-11-18 21:35:32,979 - INFO - [실시간] 요청 6000개 처리 | 현재까지의 RPS: 387.58최근 1000개 request의 p99 TTFT: 0.4195 초 | 
2025-11-18 21:35:34,720 - INFO - [실시간] 요청 7000개 처리 | 현재까지의 RPS: 406.47최근 1000개 request의 p99 TTFT: 0.4655 초 | 
2025-11-18 21:35:36,300 - INFO - [실시간] 요청 8000개 처리 | 현재까지의 RPS: 425.50최근 1000개 request의 p99 TTFT: 0.3916 초 | 
2025-11-18 21:35:37,979 - INFO - [실시간] 요청 9000개 처리 | 현재까지의 RPS: 439.45최근 1000개 request의 p99 TTFT: 0.6718 초 | 
2025-11-18 21:35:39,812 - INFO - [실시간] 요청 10000개 처리 | 현재까지의 RPS: 448.16최근 1000개 request의 p99 TTFT: 0.9903 초 | 
2025-11-18 21:35:41,962 - INFO - [실시간] 요청 11000개 처리 | 현재까지의 RPS: 449.65최근 1000개 request의 p99 TTFT: 0.2245 초 | 
2025-11-18 21:35:44,064 - INFO - [실시간] 요청 12000개 처리 | 현재까지의 RPS: 451.72최근 1000개 request의 p99 TTFT: 0.3222 초 | 
2025-11-18 21:35:46,069 - INFO - [실시간] 요청 13000개 처리 | 현재까지의 RPS: 455.02최근 1000개 request의 p99 TTFT: 0.4527 초 | 
2025-11-18 21:35:48,024 - INFO - [실시간] 요청 14000개 처리 | 현재까지의 RPS: 458.64최근 1000개 request의 p99 TTFT: 0.3278 초 | 
2025-11-18 21:35:49,811 - INFO - [실시간] 요청 15000개 처리 | 현재까지의 RPS: 464.22최근 1000개 request의 p99 TTFT: 0.4455 초 | 
2025-11-18 21:35:51,621 - INFO - [실시간] 요청 16000개 처리 | 현재까지의 RPS: 468.91최근 1000개 request의 p99 TTFT: 0.2625 초 | 
2025-11-18 21:35:53,480 - INFO - [실시간] 요청 17000개 처리 | 현재까지의 RPS: 472.47최근 1000개 request의 p99 TTFT: 0.2420 초 | 
2025-11-18 21:35:55,405 - INFO - [실시간] 요청 18000개 처리 | 현재까지의 RPS: 474.86최근 1000개 request의 p99 TTFT: 0.4513 초 | 
2025-11-18 21:35:57,238 - INFO - [실시간] 요청 19000개 처리 | 현재까지의 RPS: 478.12최근 1000개 request의 p99 TTFT: 0.5054 초 | 
2025-11-18 21:35:59,099 - INFO - [실시간] 요청 20000개 처리 | 현재까지의 RPS: 480.77최근 1000개 request의 p99 TTFT: 0.2424 초 | 
2025-11-18 21:36:01,051 - INFO - [실시간] 요청 21000개 처리 | 현재까지의 RPS: 482.17최근 1000개 request의 p99 TTFT: 0.2427 초 | 
2025-11-18 21:36:02,917 - INFO - [실시간] 요청 22000개 처리 | 현재까지의 RPS: 484.39최근 1000개 request의 p99 TTFT: 0.3686 초 | 
2025-11-18 21:36:04,838 - INFO - [실시간] 요청 23000개 처리 | 현재까지의 RPS: 485.85최근 1000개 request의 p99 TTFT: 0.2158 초 | 
2025-11-18 21:36:07,082 - INFO - [실시간] 요청 24000개 처리 | 현재까지의 RPS: 484.03최근 1000개 request의 p99 TTFT: 0.2369 초 | 
2025-11-18 21:36:08,868 - INFO - [실시간] 요청 25000개 처리 | 현재까지의 RPS: 486.67최근 1000개 request의 p99 TTFT: 0.7624 초 | 
2025-11-18 21:36:10,695 - INFO - [실시간] 요청 26000개 처리 | 현재까지의 RPS: 488.76최근 1000개 request의 p99 TTFT: 0.7776 초 | 
2025-11-18 21:36:12,534 - INFO - [실시간] 요청 27000개 처리 | 현재까지의 RPS: 490.59최근 1000개 request의 p99 TTFT: 0.2577 초 | 
2025-11-18 21:36:14,379 - INFO - [실시간] 요청 28000개 처리 | 현재까지의 RPS: 492.26최근 1000개 request의 p99 TTFT: 0.2376 초 | 
2025-11-18 21:36:16,217 - INFO - [실시간] 요청 29000개 처리 | 현재까지의 RPS: 493.88최근 1000개 request의 p99 TTFT: 0.2289 초 | 
2025-11-18 21:36:18,078 - INFO - [실시간] 요청 30000개 처리 | 현재까지의 RPS: 495.22최근 1000개 request의 p99 TTFT: 0.4212 초 | 
2025-11-18 21:36:19,921 - INFO - [실시간] 요청 31000개 처리 | 현재까지의 RPS: 496.61최근 1000개 request의 p99 TTFT: 0.6556 초 | 
2025-11-18 21:36:21,492 - INFO - [실시간] 요청 32000개 처리 | 현재까지의 RPS: 500.05최근 1000개 request의 p99 TTFT: 0.5901 초 | 
2025-11-18 21:36:23,070 - INFO - [실시간] 요청 33000개 처리 | 현재까지의 RPS: 503.27최근 1000개 request의 p99 TTFT: 0.2296 초 | 
2025-11-18 21:36:24,794 - INFO - [실시간] 요청 34000개 처리 | 현재까지의 RPS: 505.24최근 1000개 request의 p99 TTFT: 0.4462 초 | 
2025-11-18 21:36:26,331 - INFO - [실시간] 요청 35000개 처리 | 현재까지의 RPS: 508.48최근 1000개 request의 p99 TTFT: 0.4073 초 | 
2025-11-18 21:36:28,103 - INFO - [실시간] 요청 36000개 처리 | 현재까지의 RPS: 509.88최근 1000개 request의 p99 TTFT: 0.5043 초 | 
2025-11-18 21:36:29,632 - INFO - [실시간] 요청 37000개 처리 | 현재까지의 RPS: 512.94최근 1000개 request의 p99 TTFT: 0.8311 초 | 
2025-11-18 21:36:31,238 - INFO - [실시간] 요청 38000개 처리 | 현재까지의 RPS: 515.33최근 1000개 request의 p99 TTFT: 0.5250 초 | 
2025-11-18 21:36:32,727 - INFO - [실시간] 요청 39000개 처리 | 현재까지의 RPS: 518.42최근 1000개 request의 p99 TTFT: 0.3602 초 | 
2025-11-18 21:36:34,167 - INFO - [실시간] 요청 40000개 처리 | 현재까지의 RPS: 521.73최근 1000개 request의 p99 TTFT: 0.3850 초 | 
2025-11-18 21:36:35,786 - INFO - [실시간] 요청 41000개 처리 | 현재까지의 RPS: 523.71최근 1000개 request의 p99 TTFT: 0.4844 초 | 
2025-11-18 21:36:37,315 - INFO - [실시간] 요청 42000개 처리 | 현재까지의 RPS: 526.21최근 1000개 request의 p99 TTFT: 0.8872 초 | 
2025-11-18 21:36:38,701 - INFO - [실시간] 요청 43000개 처리 | 현재까지의 RPS: 529.54최근 1000개 request의 p99 TTFT: 0.6779 초 | 
2025-11-18 21:36:40,235 - INFO - [실시간] 요청 44000개 처리 | 현재까지의 RPS: 531.81최근 1000개 request의 p99 TTFT: 0.5085 초 | 
2025-11-18 21:36:41,718 - INFO - [실시간] 요청 45000개 처리 | 현재까지의 RPS: 534.32최근 1000개 request의 p99 TTFT: 0.2358 초 | 
2025-11-18 21:36:43,403 - INFO - [실시간] 요청 46000개 처리 | 현재까지의 RPS: 535.48최근 1000개 request의 p99 TTFT: 0.2777 초 | 
2025-11-18 21:36:44,949 - INFO - [실시간] 요청 47000개 처리 | 현재까지의 RPS: 537.45최근 1000개 request의 p99 TTFT: 0.6390 초 | 
2025-11-18 21:36:46,411 - INFO - [실시간] 요청 48000개 처리 | 현재까지의 RPS: 539.86최근 1000개 request의 p99 TTFT: 0.5557 초 | 
2025-11-18 21:36:47,953 - INFO - [실시간] 요청 49000개 처리 | 현재까지의 RPS: 541.71최근 1000개 request의 p99 TTFT: 0.3041 초 | 
2025-11-18 21:36:49,424 - INFO - [실시간] 요청 50000개 처리 | 현재까지의 RPS: 543.92최근 1000개 request의 p99 TTFT: 0.2415 초 | 
2025-11-18 21:36:50,991 - INFO - [실시간] 요청 51000개 처리 | 현재까지의 RPS: 545.50최근 1000개 request의 p99 TTFT: 0.3576 초 | 
2025-11-18 21:36:52,650 - INFO - [실시간] 요청 52000개 처리 | 현재까지의 RPS: 546.50최근 1000개 request의 p99 TTFT: 0.3659 초 | 
2025-11-18 21:36:54,242 - INFO - [실시간] 요청 53000개 처리 | 현재까지의 RPS: 547.84최근 1000개 request의 p99 TTFT: 0.8645 초 | 
2025-11-18 21:36:55,729 - INFO - [실시간] 요청 54000개 처리 | 현재까지의 RPS: 549.73최근 1000개 request의 p99 TTFT: 0.7358 초 | 
2025-11-18 21:36:57,251 - INFO - [실시간] 요청 55000개 처리 | 현재까지의 RPS: 551.37최근 1000개 request의 p99 TTFT: 0.2600 초 | 
2025-11-18 21:36:58,776 - INFO - [실시간] 요청 56000개 처리 | 현재까지의 RPS: 552.94최근 1000개 request의 p99 TTFT: 0.3529 초 | 
2025-11-18 21:37:00,326 - INFO - [실시간] 요청 57000개 처리 | 현재까지의 RPS: 554.33최근 1000개 request의 p99 TTFT: 0.2589 초 | 
2025-11-18 21:37:01,906 - INFO - [실시간] 요청 58000개 처리 | 현재까지의 RPS: 555.52최근 1000개 request의 p99 TTFT: 0.4049 초 | 
2025-11-18 21:37:03,419 - INFO - [실시간] 요청 59000개 처리 | 현재까지의 RPS: 557.02최근 1000개 request의 p99 TTFT: 0.9237 초 | 
2025-11-18 21:37:04,966 - INFO - [실시간] 요청 60000개 처리 | 현재까지의 RPS: 558.31최근 1000개 request의 p99 TTFT: 0.3681 초 | 
2025-11-18 21:37:06,624 - INFO - [실시간] 요청 61000개 처리 | 현재까지의 RPS: 558.99최근 1000개 request의 p99 TTFT: 0.2316 초 | 
2025-11-18 21:37:08,151 - INFO - [실시간] 요청 62000개 처리 | 현재까지의 RPS: 560.31최근 1000개 request의 p99 TTFT: 0.2284 초 | 
2025-11-18 21:37:09,607 - INFO - [실시간] 요청 63000개 처리 | 현재까지의 RPS: 561.96최근 1000개 request의 p99 TTFT: 0.3850 초 | 
2025-11-18 21:37:11,296 - INFO - [실시간] 요청 64000개 처리 | 현재까지의 RPS: 562.40최근 1000개 request의 p99 TTFT: 0.6774 초 | 
2025-11-18 21:37:12,725 - INFO - [실시간] 요청 65000개 처리 | 현재까지의 RPS: 564.11최근 1000개 request의 p99 TTFT: 0.7651 초 | 
2025-11-18 21:37:14,325 - INFO - [실시간] 요청 66000개 처리 | 현재까지의 RPS: 564.94최근 1000개 request의 p99 TTFT: 0.3422 초 | 
2025-11-18 21:37:16,007 - INFO - [실시간] 요청 67000개 처리 | 현재까지의 RPS: 565.36최근 1000개 request의 p99 TTFT: 0.2524 초 | 
2025-11-18 21:37:17,557 - INFO - [실시간] 요청 68000개 처리 | 현재까지의 RPS: 566.39최근 1000개 request의 p99 TTFT: 0.3422 초 | 
2025-11-18 21:37:19,065 - INFO - [실시간] 요청 69000개 처리 | 현재까지의 RPS: 567.59최근 1000개 request의 p99 TTFT: 0.3929 초 | 
2025-11-18 21:37:20,622 - INFO - [실시간] 요청 70000개 처리 | 현재까지의 RPS: 568.54최근 1000개 request의 p99 TTFT: 0.7520 초 | 
2025-11-18 21:37:21,956 - INFO - [실시간] 요청 71000개 처리 | 현재까지의 RPS: 570.48최근 1000개 request의 p99 TTFT: 0.8436 초 | 
2025-11-18 21:37:23,469 - INFO - [실시간] 요청 72000개 처리 | 현재까지의 RPS: 571.56최근 1000개 request의 p99 TTFT: 0.2638 초 | 
2025-11-18 21:37:25,057 - INFO - [실시간] 요청 73000개 처리 | 현재까지의 RPS: 572.29최근 1000개 request의 p99 TTFT: 0.2539 초 | 
2025-11-18 21:37:26,577 - INFO - [실시간] 요청 74000개 처리 | 현재까지의 RPS: 573.30최근 1000개 request의 p99 TTFT: 0.4709 초 | 
2025-11-18 21:37:28,345 - INFO - [실시간] 요청 75000개 처리 | 현재까지의 RPS: 573.19최근 1000개 request의 p99 TTFT: 0.6474 초 | 
2025-11-18 21:37:29,654 - INFO - [실시간] 요청 76000개 처리 | 현재까지의 RPS: 575.08최근 1000개 request의 p99 TTFT: 0.6734 초 | 
2025-11-18 21:37:31,070 - INFO - [실시간] 요청 77000개 처리 | 현재까지의 RPS: 576.47최근 1000개 request의 p99 TTFT: 0.4084 초 | 
2025-11-18 21:37:32,538 - INFO - [실시간] 요청 78000개 처리 | 현재까지의 RPS: 577.61최근 1000개 request의 p99 TTFT: 0.2939 초 | 
2025-11-18 21:37:33,920 - INFO - [실시간] 요청 79000개 처리 | 현재까지의 RPS: 579.09최근 1000개 request의 p99 TTFT: 0.6129 초 | 
2025-11-18 21:37:35,363 - INFO - [실시간] 요청 80000개 처리 | 현재까지의 RPS: 580.28최근 1000개 request의 p99 TTFT: 0.3070 초 | 
2025-11-18 21:37:36,926 - INFO - [실시간] 요청 81000개 처리 | 현재까지의 RPS: 580.95최근 1000개 request의 p99 TTFT: 0.8209 초 | 
2025-11-18 21:37:38,243 - INFO - [실시간] 요청 82000개 처리 | 현재까지의 RPS: 582.62최근 1000개 request의 p99 TTFT: 0.8732 초 | 
2025-11-18 21:37:39,631 - INFO - [실시간] 요청 83000개 처리 | 현재까지의 RPS: 583.96최근 1000개 request의 p99 TTFT: 0.4790 초 | 
2025-11-18 21:37:41,092 - INFO - [실시간] 요청 84000개 처리 | 현재까지의 RPS: 584.99최근 1000개 request의 p99 TTFT: 0.3261 초 | 
2025-11-18 21:37:42,569 - INFO - [실시간] 요청 85000개 처리 | 현재까지의 RPS: 585.92최근 1000개 request의 p99 TTFT: 0.4423 초 | 
2025-11-18 21:37:44,227 - INFO - [실시간] 요청 86000개 처리 | 현재까지의 RPS: 586.12최근 1000개 request의 p99 TTFT: 0.4856 초 | 
2025-11-18 21:37:45,637 - INFO - [실시간] 요청 87000개 처리 | 현재까지의 RPS: 587.29최근 1000개 request의 p99 TTFT: 0.9934 초 | 
2025-11-18 21:37:47,059 - INFO - [실시간] 요청 88000개 처리 | 현재까지의 RPS: 588.39최근 1000개 request의 p99 TTFT: 1.1369 초 | 
2025-11-18 21:37:48,494 - INFO - [실시간] 요청 89000개 처리 | 현재까지의 RPS: 589.42최근 1000개 request의 p99 TTFT: 0.3893 초 | 
2025-11-18 21:37:49,947 - INFO - [실시간] 요청 90000개 처리 | 현재까지의 RPS: 590.37최근 1000개 request의 p99 TTFT: 0.2567 초 | 
2025-11-18 21:37:51,396 - INFO - [실시간] 요청 91000개 처리 | 현재까지의 RPS: 591.30최근 1000개 request의 p99 TTFT: 0.2838 초 | 
2025-11-18 21:37:53,085 - INFO - [실시간] 요청 92000개 처리 | 현재까지의 RPS: 591.31최근 1000개 request의 p99 TTFT: 0.5460 초 | 
2025-11-18 21:37:54,451 - INFO - [실시간] 요청 93000개 처리 | 현재까지의 RPS: 592.54최근 1000개 request의 p99 TTFT: 1.2477 초 | 
2025-11-18 21:37:55,867 - INFO - [실시간] 요청 94000개 처리 | 현재까지의 RPS: 593.55최근 1000개 request의 p99 TTFT: 1.1084 초 | 
2025-11-18 21:37:57,367 - INFO - [실시간] 요청 95000개 처리 | 현재까지의 RPS: 594.24최근 1000개 request의 p99 TTFT: 0.2358 초 | 
2025-11-18 21:37:58,862 - INFO - [실시간] 요청 96000개 처리 | 현재까지의 RPS: 594.93최근 1000개 request의 p99 TTFT: 0.2887 초 | 
2025-11-18 21:38:00,403 - INFO - [실시간] 요청 97000개 처리 | 현재까지의 RPS: 595.44최근 1000개 request의 p99 TTFT: 0.4367 초 | 
2025-11-18 21:38:01,919 - INFO - [실시간] 요청 98000개 처리 | 현재까지의 RPS: 596.03최근 1000개 request의 p99 TTFT: 0.9635 초 | 
2025-11-18 21:38:03,226 - INFO - [실시간] 요청 99000개 처리 | 현재까지의 RPS: 597.37최근 1000개 request의 p99 TTFT: 0.9217 초 | 
2025-11-18 21:38:04,646 - INFO - [실시간] 요청 100000개 처리 | 현재까지의 RPS: 598.28최근 1000개 request의 p99 TTFT: 0.2748 초 | 
2025-11-18 21:38:06,086 - INFO - [실시간] 요청 101000개 처리 | 현재까지의 RPS: 599.09최근 1000개 request의 p99 TTFT: 0.2428 초 | 
2025-11-18 21:38:07,514 - INFO - [실시간] 요청 102000개 처리 | 현재까지의 RPS: 599.94최근 1000개 request의 p99 TTFT: 0.3430 초 | 
2025-11-18 21:38:09,041 - INFO - [실시간] 요청 103000개 처리 | 현재까지의 RPS: 600.44최근 1000개 request의 p99 TTFT: 0.4650 초 | 
2025-11-18 21:38:10,498 - INFO - [실시간] 요청 104000개 처리 | 현재까지의 RPS: 601.16최근 1000개 request의 p99 TTFT: 0.7777 초 | 
2025-11-18 21:38:11,867 - INFO - [실시간] 요청 105000개 처리 | 현재까지의 RPS: 602.17최근 1000개 request의 p99 TTFT: 0.7881 초 | 
2025-11-18 21:38:13,301 - INFO - [실시간] 요청 106000개 처리 | 현재까지의 RPS: 602.95최근 1000개 request의 p99 TTFT: 0.3849 초 | 
2025-11-18 21:38:14,718 - INFO - [실시간] 요청 107000개 처리 | 현재까지의 RPS: 603.77최근 1000개 request의 p99 TTFT: 0.4403 초 | 
2025-11-18 21:38:16,172 - INFO - [실시간] 요청 108000개 처리 | 현재까지의 RPS: 604.46최근 1000개 request의 p99 TTFT: 0.2693 초 | 
2025-11-18 21:38:17,656 - INFO - [실시간] 요청 109000개 처리 | 현재까지의 RPS: 605.03최근 1000개 request의 p99 TTFT: 0.2608 초 | 
2025-11-18 21:38:19,222 - INFO - [실시간] 요청 110000개 처리 | 현재까지의 RPS: 605.32최근 1000개 request의 p99 TTFT: 0.6395 초 | 
2025-11-18 21:38:20,520 - INFO - [실시간] 요청 111000개 처리 | 현재까지의 RPS: 606.49최근 1000개 request의 p99 TTFT: 0.6553 초 | 
2025-11-18 21:38:21,946 - INFO - [실시간] 요청 112000개 처리 | 현재까지의 RPS: 607.22최근 1000개 request의 p99 TTFT: 0.4627 초 | 
2025-11-18 21:38:23,378 - INFO - [실시간] 요청 113000개 처리 | 현재까지의 RPS: 607.92최근 1000개 request의 p99 TTFT: 0.3173 초 | 
2025-11-18 21:38:24,810 - INFO - [실시간] 요청 114000개 처리 | 현재까지의 RPS: 608.61최근 1000개 request의 p99 TTFT: 0.2234 초 | 
2025-11-18 21:38:26,380 - INFO - [실시간] 요청 115000개 처리 | 현재까지의 RPS: 608.85최근 1000개 request의 p99 TTFT: 0.4894 초 | 
2025-11-18 21:38:27,801 - INFO - [실시간] 요청 116000개 처리 | 현재까지의 RPS: 609.56최근 1000개 request의 p99 TTFT: 0.8026 초 | 
2025-11-18 21:38:29,134 - INFO - [실시간] 요청 117000개 처리 | 현재까지의 RPS: 610.53최근 1000개 request의 p99 TTFT: 0.6434 초 | 
2025-11-18 21:38:30,444 - INFO - [실시간] 요청 118000개 처리 | 현재까지의 RPS: 611.57최근 1000개 request의 p99 TTFT: 0.5274 초 | 
2025-11-18 21:38:31,859 - INFO - [실시간] 요청 119000개 처리 | 현재까지의 RPS: 612.27최근 1000개 request의 p99 TTFT: 0.3152 초 | 
2025-11-18 21:38:33,268 - INFO - [실시간] 요청 120000개 처리 | 현재까지의 RPS: 612.97최근 1000개 request의 p99 TTFT: 0.2308 초 | 
2025-11-18 21:38:34,887 - INFO - [실시간] 요청 121000개 처리 | 현재까지의 RPS: 613.00최근 1000개 request의 p99 TTFT: 0.7114 초 | 
2025-11-18 21:38:36,166 - INFO - [실시간] 요청 122000개 처리 | 현재까지의 RPS: 614.09최근 1000개 request의 p99 TTFT: 0.9846 초 | 
2025-11-18 21:38:37,439 - INFO - [실시간] 요청 123000개 처리 | 현재까지의 RPS: 615.18최근 1000개 request의 p99 TTFT: 0.6364 초 | 
2025-11-18 21:38:38,770 - INFO - [실시간] 요청 124000개 처리 | 현재까지의 RPS: 616.08최근 1000개 request의 p99 TTFT: 0.4362 초 | 
2025-11-18 21:38:40,196 - INFO - [실시간] 요청 125000개 처리 | 현재까지의 RPS: 616.68최근 1000개 request의 p99 TTFT: 0.4798 초 | 
2025-11-18 21:38:41,643 - INFO - [실시간] 요청 126000개 처리 | 현재까지의 RPS: 617.21최근 1000개 request의 p99 TTFT: 0.4978 초 | 
2025-11-18 21:38:43,299 - INFO - [실시간] 요청 127000개 처리 | 현재까지의 RPS: 617.10최근 1000개 request의 p99 TTFT: 0.8543 초 | 
2025-11-18 21:38:44,573 - INFO - [실시간] 요청 128000개 처리 | 현재까지의 RPS: 618.14최근 1000개 request의 p99 TTFT: 1.0432 초 | 
2025-11-18 21:38:45,948 - INFO - [실시간] 요청 129000개 처리 | 현재까지의 RPS: 618.86최근 1000개 request의 p99 TTFT: 0.4790 초 | 
2025-11-18 21:38:47,247 - INFO - [실시간] 요청 130000개 처리 | 현재까지의 RPS: 619.79최근 1000개 request의 p99 TTFT: 0.5506 초 | 
2025-11-18 21:38:48,662 - INFO - [실시간] 요청 131000개 처리 | 현재까지의 RPS: 620.37최근 1000개 request의 p99 TTFT: 0.3404 초 | 
2025-11-18 21:38:50,143 - INFO - [실시간] 요청 132000개 처리 | 현재까지의 RPS: 620.76최근 1000개 request의 p99 TTFT: 0.3901 초 | 
2025-11-18 21:38:51,606 - INFO - [실시간] 요청 133000개 처리 | 현재까지의 RPS: 621.18최근 1000개 request의 p99 TTFT: 1.1640 초 | 
2025-11-18 21:38:52,874 - INFO - [실시간] 요청 134000개 처리 | 현재까지의 RPS: 622.17최근 1000개 request의 p99 TTFT: 1.2251 초 | 
2025-11-18 21:38:54,262 - INFO - [실시간] 요청 135000개 처리 | 현재까지의 RPS: 622.80최근 1000개 request의 p99 TTFT: 0.6601 초 | 
2025-11-18 21:38:55,561 - INFO - [실시간] 요청 136000개 처리 | 현재까지의 RPS: 623.67최근 1000개 request의 p99 TTFT: 0.6065 초 | 
2025-11-18 21:38:57,070 - INFO - [실시간] 요청 137000개 처리 | 현재까지의 RPS: 623.94최근 1000개 request의 p99 TTFT: 0.3659 초 | 
2025-11-18 21:38:58,596 - INFO - [실시간] 요청 138000개 처리 | 현재까지의 RPS: 624.16최근 1000개 request의 p99 TTFT: 1.0023 초 | 
2025-11-18 21:38:59,858 - INFO - [실시간] 요청 139000개 처리 | 현재까지의 RPS: 625.11최근 1000개 request의 p99 TTFT: 1.1037 초 | 
2025-11-18 21:39:01,228 - INFO - [실시간] 요청 140000개 처리 | 현재까지의 RPS: 625.76최근 1000개 request의 p99 TTFT: 0.6419 초 | 
2025-11-18 21:39:02,680 - INFO - [실시간] 요청 141000개 처리 | 현재까지의 RPS: 626.16최근 1000개 request의 p99 TTFT: 0.3415 초 | 
2025-11-18 21:39:04,107 - INFO - [실시간] 요청 142000개 처리 | 현재까지의 RPS: 626.63최근 1000개 request의 p99 TTFT: 0.2717 초 | 
2025-11-18 21:39:05,533 - INFO - [실시간] 요청 143000개 처리 | 현재까지의 RPS: 627.10최근 1000개 request의 p99 TTFT: 0.4519 초 | 
2025-11-18 21:39:07,140 - INFO - [실시간] 요청 144000개 처리 | 현재까지의 RPS: 627.06최근 1000개 request의 p99 TTFT: 0.9781 초 | 
2025-11-18 21:39:08,371 - INFO - [실시간] 요청 145000개 처리 | 현재까지의 RPS: 628.05최근 1000개 request의 p99 TTFT: 0.9838 초 | 
2025-11-18 21:39:09,750 - INFO - [실시간] 요청 146000개 처리 | 현재까지의 RPS: 628.63최근 1000개 request의 p99 TTFT: 0.3603 초 | 
2025-11-18 21:39:11,184 - INFO - [실시간] 요청 147000개 처리 | 현재까지의 RPS: 629.05최근 1000개 request의 p99 TTFT: 0.5187 초 | 
2025-11-18 21:39:12,539 - INFO - [실시간] 요청 148000개 처리 | 현재까지의 RPS: 629.68최근 1000개 request의 p99 TTFT: 0.4731 초 | 
2025-11-18 21:39:14,023 - INFO - [실시간] 요청 149000개 처리 | 현재까지의 RPS: 629.96최근 1000개 request의 p99 TTFT: 0.3655 초 | 
2025-11-18 21:39:15,515 - INFO - [실시간] 요청 150000개 처리 | 현재까지의 RPS: 630.21최근 1000개 request의 p99 TTFT: 0.7071 초 | 
2025-11-18 21:39:16,828 - INFO - [실시간] 요청 151000개 처리 | 현재까지의 RPS: 630.93최근 1000개 request의 p99 TTFT: 0.6974 초 | 
2025-11-18 21:39:18,232 - INFO - [실시간] 요청 152000개 처리 | 현재까지의 RPS: 631.40최근 1000개 request의 p99 TTFT: 0.4538 초 | 
2025-11-18 21:39:19,646 - INFO - [실시간] 요청 153000개 처리 | 현재까지의 RPS: 631.85최근 1000개 request의 p99 TTFT: 0.2561 초 | 
2025-11-18 21:39:20,937 - INFO - [실시간] 요청 154000개 처리 | 현재까지의 RPS: 632.60최근 1000개 request의 p99 TTFT: 0.6115 초 | 
2025-11-18 21:39:22,388 - INFO - [실시간] 요청 155000개 처리 | 현재까지의 RPS: 632.94최근 1000개 request의 p99 TTFT: 0.8226 초 | 
2025-11-18 21:39:23,825 - INFO - [실시간] 요청 156000개 처리 | 현재까지의 RPS: 633.31최근 1000개 request의 p99 TTFT: 0.9666 초 | 
2025-11-18 21:39:25,204 - INFO - [실시간] 요청 157000개 처리 | 현재까지의 RPS: 633.82최근 1000개 request의 p99 TTFT: 1.2541 초 | 
2025-11-18 21:39:26,604 - INFO - [실시간] 요청 158000개 처리 | 현재까지의 RPS: 634.27최근 1000개 request의 p99 TTFT: 0.4320 초 | 
2025-11-18 21:39:28,055 - INFO - [실시간] 요청 159000개 처리 | 현재까지의 RPS: 634.59최근 1000개 request의 p99 TTFT: 0.2482 초 | 
2025-11-18 21:39:29,465 - INFO - [실시간] 요청 160000개 처리 | 현재까지의 RPS: 635.01최근 1000개 request의 p99 TTFT: 0.5318 초 | 
2025-11-18 21:39:31,127 - INFO - [실시간] 요청 161000개 처리 | 현재까지의 RPS: 634.79최근 1000개 request의 p99 TTFT: 0.5559 초 | 
2025-11-18 21:39:32,431 - INFO - [실시간] 요청 162000개 처리 | 현재까지의 RPS: 635.46최근 1000개 request의 p99 TTFT: 1.0321 초 | 
2025-11-18 21:39:33,731 - INFO - [실시간] 요청 163000개 처리 | 현재까지의 RPS: 636.14최근 1000개 request의 p99 TTFT: 1.0485 초 | 
2025-11-18 21:39:35,068 - INFO - [실시간] 요청 164000개 처리 | 현재까지의 RPS: 636.72최근 1000개 request의 p99 TTFT: 0.4345 초 | 
2025-11-18 21:39:36,349 - INFO - [실시간] 요청 165000개 처리 | 현재까지의 RPS: 637.43최근 1000개 request의 p99 TTFT: 0.3975 초 | 
2025-11-18 21:39:37,877 - INFO - [실시간] 요청 166000개 처리 | 현재까지의 RPS: 637.54최근 1000개 request의 p99 TTFT: 0.3223 초 | 
2025-11-18 21:39:39,249 - INFO - [실시간] 요청 167000개 처리 | 현재까지의 RPS: 638.01최근 1000개 request의 p99 TTFT: 0.7270 초 | 
2025-11-18 21:39:40,551 - INFO - [실시간] 요청 168000개 처리 | 현재까지의 RPS: 638.66최근 1000개 request의 p99 TTFT: 0.9873 초 | 
2025-11-18 21:39:41,916 - INFO - [실시간] 요청 169000개 처리 | 현재까지의 RPS: 639.14최근 1000개 request의 p99 TTFT: 0.8143 초 | 
2025-11-18 21:39:43,306 - INFO - [실시간] 요청 170000개 처리 | 현재까지의 RPS: 639.56최근 1000개 request의 p99 TTFT: 0.2949 초 | 
2025-11-18 21:39:44,641 - INFO - [실시간] 요청 171000개 처리 | 현재까지의 RPS: 640.11최근 1000개 request의 p99 TTFT: 0.4485 초 | 
2025-11-18 21:39:46,043 - INFO - [실시간] 요청 172000개 처리 | 현재까지의 RPS: 640.49최근 1000개 request의 p99 TTFT: 0.4742 초 | 
2025-11-18 21:39:47,542 - INFO - [실시간] 요청 173000개 처리 | 현재까지의 RPS: 640.64최근 1000개 request의 p99 TTFT: 0.8859 초 | 
2025-11-18 21:39:48,751 - INFO - [실시간] 요청 174000개 처리 | 현재까지의 RPS: 641.47최근 1000개 request의 p99 TTFT: 0.9050 초 | 
2025-11-18 21:39:50,155 - INFO - [실시간] 요청 175000개 처리 | 현재까지의 RPS: 641.83최근 1000개 request의 p99 TTFT: 0.2767 초 | 
2025-11-18 21:39:51,514 - INFO - [실시간] 요청 176000개 처리 | 현재까지의 RPS: 642.30최근 1000개 request의 p99 TTFT: 0.2658 초 | 
2025-11-18 21:39:52,841 - INFO - [실시간] 요청 177000개 처리 | 현재까지의 RPS: 642.84최근 1000개 request의 p99 TTFT: 0.4074 초 | 
2025-11-18 21:39:54,359 - INFO - [실시간] 요청 178000개 처리 | 현재까지의 RPS: 642.92최근 1000개 request의 p99 TTFT: 0.4061 초 | 
2025-11-18 21:39:55,778 - INFO - [실시간] 요청 179000개 처리 | 현재까지의 RPS: 643.24최근 1000개 request의 p99 TTFT: 0.9069 초 | 
2025-11-18 21:39:57,049 - INFO - [실시간] 요청 180000개 처리 | 현재까지의 RPS: 643.89최근 1000개 request의 p99 TTFT: 0.8875 초 | 
2025-11-18 21:39:58,475 - INFO - [실시간] 요청 181000개 처리 | 현재까지의 RPS: 644.18최근 1000개 request의 p99 TTFT: 0.2497 초 | 
2025-11-18 21:39:59,792 - INFO - [실시간] 요청 182000개 처리 | 현재까지의 RPS: 644.72최근 1000개 request의 p99 TTFT: 0.5101 초 | 
2025-11-18 21:40:01,195 - INFO - [실시간] 요청 183000개 처리 | 현재까지의 RPS: 645.06최근 1000개 request의 p99 TTFT: 0.5128 초 | 
2025-11-18 21:40:02,731 - INFO - [실시간] 요청 184000개 처리 | 현재까지의 RPS: 645.09최근 1000개 request의 p99 TTFT: 0.5870 초 | 
2025-11-18 21:40:04,066 - INFO - [실시간] 요청 185000개 처리 | 현재까지의 RPS: 645.57최근 1000개 request의 p99 TTFT: 0.6985 초 | 
2025-11-18 21:40:05,428 - INFO - [실시간] 요청 186000개 처리 | 현재까지의 RPS: 645.99최근 1000개 request의 p99 TTFT: 0.6028 초 | 
2025-11-18 21:40:06,835 - INFO - [실시간] 요청 187000개 처리 | 현재까지의 RPS: 646.31최근 1000개 request의 p99 TTFT: 0.2766 초 | 
2025-11-18 21:40:08,210 - INFO - [실시간] 요청 188000개 처리 | 현재까지의 RPS: 646.69최근 1000개 request의 p99 TTFT: 0.4856 초 | 
2025-11-18 21:40:09,576 - INFO - [실시간] 요청 189000개 처리 | 현재까지의 RPS: 647.09최근 1000개 request의 p99 TTFT: 0.2687 초 | 
2025-11-18 21:40:11,108 - INFO - [실시간] 요청 190000개 처리 | 현재까지의 RPS: 647.12최근 1000개 request의 p99 TTFT: 0.6012 초 | 
2025-11-18 21:40:12,444 - INFO - [실시간] 요청 191000개 처리 | 현재까지의 RPS: 647.58최근 1000개 request의 p99 TTFT: 1.2220 초 | 
2025-11-18 21:40:13,831 - INFO - [실시간] 요청 192000개 처리 | 현재까지의 RPS: 647.92최근 1000개 request의 p99 TTFT: 1.2868 초 | 
2025-11-18 21:40:15,146 - INFO - [실시간] 요청 193000개 처리 | 현재까지의 RPS: 648.42최근 1000개 request의 p99 TTFT: 0.3785 초 | 
2025-11-18 21:40:16,464 - INFO - [실시간] 요청 194000개 처리 | 현재까지의 RPS: 648.91최근 1000개 request의 p99 TTFT: 0.3212 초 | 
2025-11-18 21:40:18,021 - INFO - [실시간] 요청 195000개 처리 | 현재까지의 RPS: 648.87최근 1000개 request의 p99 TTFT: 0.4041 초 | 
2025-11-18 21:40:19,450 - INFO - [실시간] 요청 196000개 처리 | 현재까지의 RPS: 649.11최근 1000개 request의 p99 TTFT: 0.7916 초 | 
2025-11-18 21:40:20,776 - INFO - [실시간] 요청 197000개 처리 | 현재까지의 RPS: 649.57최근 1000개 request의 p99 TTFT: 0.9852 초 | 
2025-11-18 21:40:22,089 - INFO - [실시간] 요청 198000개 처리 | 현재까지의 RPS: 650.05최근 1000개 request의 p99 TTFT: 0.5754 초 | 
2025-11-18 21:40:23,509 - INFO - [실시간] 요청 199000개 처리 | 현재까지의 RPS: 650.31최근 1000개 request의 p99 TTFT: 0.2816 초 | 
2025-11-18 21:40:24,858 - INFO - [실시간] 요청 200000개 처리 | 현재까지의 RPS: 650.70최근 1000개 request의 p99 TTFT: 0.6272 초 | 
2025-11-18 21:40:26,389 - INFO - [실시간] 요청 201000개 처리 | 현재까지의 RPS: 650.72최근 1000개 request의 p99 TTFT: 0.4989 초 | 
2025-11-18 21:40:27,893 - INFO - [실시간] 요청 202000개 처리 | 현재까지의 RPS: 650.78최근 1000개 request의 p99 TTFT: 0.6579 초 | 
2025-11-18 21:40:29,168 - INFO - [실시간] 요청 203000개 처리 | 현재까지의 RPS: 651.33최근 1000개 request의 p99 TTFT: 1.0599 초 | 
2025-11-18 21:40:30,523 - INFO - [실시간] 요청 204000개 처리 | 현재까지의 RPS: 651.71최근 1000개 request의 p99 TTFT: 0.8902 초 | 
2025-11-18 21:40:31,852 - INFO - [실시간] 요청 205000개 처리 | 현재까지의 RPS: 652.13최근 1000개 request의 p99 TTFT: 0.2920 초 | 
2025-11-18 21:40:33,193 - INFO - [실시간] 요청 206000개 처리 | 현재까지의 RPS: 652.53최근 1000개 request의 p99 TTFT: 0.4012 초 | 
2025-11-18 21:40:34,528 - INFO - [실시간] 요청 207000개 처리 | 현재까지의 RPS: 652.94최근 1000개 request의 p99 TTFT: 0.3337 초 | 
2025-11-18 21:40:36,065 - INFO - [실시간] 요청 208000개 처리 | 현재까지의 RPS: 652.93최근 1000개 request의 p99 TTFT: 0.8473 초 | 
2025-11-18 21:40:37,347 - INFO - [실시간] 요청 209000개 처리 | 현재까지의 RPS: 653.44최근 1000개 request의 p99 TTFT: 0.9263 초 | 
2025-11-18 21:40:38,681 - INFO - [실시간] 요청 210000개 처리 | 현재까지의 RPS: 653.83최근 1000개 request의 p99 TTFT: 0.6710 초 | 
2025-11-18 21:40:40,155 - INFO - [실시간] 요청 211000개 처리 | 현재까지의 RPS: 653.95최근 1000개 request의 p99 TTFT: 0.4531 초 | 
2025-11-18 21:40:41,403 - INFO - [실시간] 요청 212000개 처리 | 현재까지의 RPS: 654.51최근 1000개 request의 p99 TTFT: 0.4946 초 | 
2025-11-18 21:40:42,856 - INFO - [실시간] 요청 213000개 처리 | 현재까지의 RPS: 654.67최근 1000개 request의 p99 TTFT: 0.4301 초 | 
2025-11-18 21:40:44,331 - INFO - [실시간] 요청 214000개 처리 | 현재까지의 RPS: 654.77최근 1000개 request의 p99 TTFT: 0.8082 초 | 
2025-11-18 21:40:45,655 - INFO - [실시간] 요청 215000개 처리 | 현재까지의 RPS: 655.17최근 1000개 request의 p99 TTFT: 0.8221 초 | 
2025-11-18 21:40:46,984 - INFO - [실시간] 요청 216000개 처리 | 현재까지의 RPS: 655.57최근 1000개 request의 p99 TTFT: 0.4035 초 | 
2025-11-18 21:40:48,508 - INFO - [실시간] 요청 217000개 처리 | 현재까지의 RPS: 655.57최근 1000개 request의 p99 TTFT: 0.4337 초 | 
통계에 반영된 요청 인덱스 범위: 0 ~ 217000 (총 217000개 요청)
통계 반영된 요청 수: 217000, 통계 반영된 시간: 386.57 초

==================================================
 실험 최종 결과 요약
==================================================
 설정 실험 시간: 330 초
 Clients 수: 8200
 통계 반영 시간: 386.57 초
 총 시도된 요청: 222470 개
 총 완료된 요청: 217000 개
 총 실패한 요청: 5470 개
 완료 요청 중 retrieval이 실패한 요청: -148 개
 요청 성공률: 97.54%
 전체 Requests Per Second (RPS): 561.34
--------------------------------------------------
 Time to First Token (TTFT) Latency:
  - 평균 (Mean): 0.1366 초
  - 중간값 (50%ile): 0.0967 초
  - 최소값 (Min): 0.0148 초
  - 최대값 (Max): 1.8975 초
  - 95%ile Tail: 0.3883 초
  - 99%ile Tail: 0.7280 초
--------------------------------------------------
 Time Per Output Token (TPOT):
  - 평균 (Mean): 16.92 ms/token
--------------------------------------------------
 Embedding Latency:
  - 총 샘플 수: 217000
  - 평균 (Mean): 8.45 ms
  - 중간값 (50%ile): 6.00 ms
  - 95%ile Tail: 18.00 ms
  - 99%ile Tail: 48.00 ms
--------------------------------------------------
 VectorDB Search Latency:
  - 총 샘플 수: 217000
  - 평균 (Mean): 58.83 ms
  - 중간값 (50%ile): 28.00 ms
  - 95%ile Tail: 207.00 ms
  - 99%ile Tail: 550.00 ms
--------------------------------------------------
 Document Search Latency:
  - 총 샘플 수: 217000
  - 평균 (Mean): 17.63 ms
  - 중간값 (50%ile): 7.00 ms
  - 95%ile Tail: 63.00 ms
  - 99%ile Tail: 148.00 ms
--------------------------------------------------
 Total Retrieval Latency:
  - 총 샘플 수: 217000
  - 평균 (Mean): 84.91 ms
  - 중간값 (50%ile): 47.00 ms
  - 95%ile Tail: 297.00 ms
  - 99%ile Tail: 654.00 ms
==================================================
