2025-11-21 01:21:33,043 - INFO - ReqGen 시작: 서버=163.152.48.109:9000, 클라이언트=2, 시간=330초
2025-11-21 01:21:33,043 - INFO - Hugging Face에서 'kroshan/BioASQ' 데이터셋을 로드합니다...
2025-11-21 01:21:38,399 - INFO - 3266개의 질문을 로드했습니다.
2025-11-21 01:21:38,399 - INFO - 부하 테스트 시작, client 수 = 2
통계에 반영된 요청 인덱스 범위: 0 ~ 284 (총 284개 요청)
statistics_start_time이 설정되지 않았습니다.
statistics_end_time이 설정되지 않았습니다.
통계 반영된 요청 수: 284, 통계 반영된 시간: 330.91 초

==================================================
 실험 최종 결과 요약
==================================================
 설정 실험 시간: 330 초
 Clients 수: 2
 통계 반영 시간: 330.91 초
 총 시도된 요청: 288 개
 총 완료된 요청: 284 개
 총 실패한 요청: 4 개
 완료 요청 중 retrieval이 실패한 요청: 0 개
 요청 성공률: 98.61%
 전체 Requests Per Second (RPS): 0.86
--------------------------------------------------
 Time to First Token (TTFT) Latency:
  - 평균 (Mean): 0.5526 초
  - 중간값 (50%ile): 0.0916 초
  - 최소값 (Min): 0.0249 초
  - 최대값 (Max): 24.5185 초
  - 95%ile Tail: 1.4493 초
  - 99%ile Tail: 16.4877 초
--------------------------------------------------
 Time Per Output Token (TPOT):
  - 평균 (Mean): 16.83 ms/token
--------------------------------------------------
 Embedding Latency:
  - 총 샘플 수: 267
  - 평균 (Mean): 7.79 ms
  - 중간값 (50%ile): 7.00 ms
  - 95%ile Tail: 11.00 ms
  - 99%ile Tail: 13.34 ms
--------------------------------------------------
 VectorDB Search Latency:
  - 총 샘플 수: 267
  - 평균 (Mean): 259.75 ms
  - 중간값 (50%ile): 9.00 ms
  - 95%ile Tail: 257.10 ms
  - 99%ile Tail: 5958.90 ms
--------------------------------------------------
 Document Search Latency:
  - 총 샘플 수: 267
  - 평균 (Mean): 7.44 ms
  - 중간값 (50%ile): 7.00 ms
  - 95%ile Tail: 8.00 ms
  - 99%ile Tail: 9.00 ms
--------------------------------------------------
 Total Retrieval Latency:
  - 총 샘플 수: 284
  - 평균 (Mean): 492.08 ms
  - 중간값 (50%ile): 24.00 ms
  - 95%ile Tail: 1400.45 ms
  - 99%ile Tail: 16369.84 ms
==================================================
