2025-11-20 21:09:08,439 - INFO - ReqGen 시작: 서버=163.152.48.109:9000, 클라이언트=7900, 시간=330초
2025-11-20 21:09:08,439 - INFO - Hugging Face에서 'kroshan/BioASQ' 데이터셋을 로드합니다...
2025-11-20 21:09:13,928 - INFO - 3266개의 질문을 로드했습니다.
2025-11-20 21:09:13,929 - INFO - 부하 테스트 시작, client 수 = 7900
2025-11-20 21:09:13,929 - INFO - Zipf 값 1.2에서 상위 20%의 질문이 차지하는 비율: 91.82%
2025-11-20 21:09:19,741 - INFO - [실시간] 요청 1000개 처리 | 현재까지의 RPS: 172.04최근 1000개 request의 p99 TTFT: 0.2311 초 | 
2025-11-20 21:09:23,077 - INFO - [실시간] 요청 2000개 처리 | 현재까지의 RPS: 218.61최근 1000개 request의 p99 TTFT: 0.2472 초 | 
2025-11-20 21:09:25,664 - INFO - [실시간] 요청 3000개 처리 | 현재까지의 RPS: 255.64최근 1000개 request의 p99 TTFT: 0.2893 초 | 
2025-11-20 21:09:28,057 - INFO - [실시간] 요청 4000개 처리 | 현재까지의 RPS: 283.11최근 1000개 request의 p99 TTFT: 0.2862 초 | 
2025-11-20 21:09:30,392 - INFO - [실시간] 요청 5000개 처리 | 현재까지의 RPS: 303.71최근 1000개 request의 p99 TTFT: 0.5129 초 | 
2025-11-20 21:09:32,530 - INFO - [실시간] 요청 6000개 처리 | 현재까지의 RPS: 322.55최근 1000개 request의 p99 TTFT: 0.3324 초 | 
2025-11-20 21:09:34,522 - INFO - [실시간] 요청 7000개 처리 | 현재까지의 RPS: 339.91최근 1000개 request의 p99 TTFT: 0.5810 초 | 
2025-11-20 21:09:37,257 - INFO - [실시간] 요청 8000개 처리 | 현재까지의 RPS: 342.93최근 1000개 request의 p99 TTFT: 0.3609 초 | 
2025-11-20 21:09:40,044 - INFO - [실시간] 요청 9000개 처리 | 현재까지의 RPS: 344.62최근 1000개 request의 p99 TTFT: 0.4921 초 | 
2025-11-20 21:09:42,579 - INFO - [실시간] 요청 10000개 처리 | 현재까지의 RPS: 349.04최근 1000개 request의 p99 TTFT: 0.4181 초 | 
2025-11-20 21:09:45,050 - INFO - [실시간] 요청 11000개 처리 | 현재까지의 RPS: 353.45최근 1000개 request의 p99 TTFT: 0.3558 초 | 
2025-11-20 21:09:47,393 - INFO - [실시간] 요청 12000개 처리 | 현재까지의 RPS: 358.59최근 1000개 request의 p99 TTFT: 0.2191 초 | 
2025-11-20 21:09:49,923 - INFO - [실시간] 요청 13000개 처리 | 현재까지의 RPS: 361.17최근 1000개 request의 p99 TTFT: 0.2197 초 | 
2025-11-20 21:09:52,372 - INFO - [실시간] 요청 14000개 처리 | 현재까지의 RPS: 364.17최근 1000개 request의 p99 TTFT: 0.4412 초 | 
2025-11-20 21:09:54,931 - INFO - [실시간] 요청 15000개 처리 | 현재까지의 RPS: 365.83최근 1000개 request의 p99 TTFT: 0.3536 초 | 
2025-11-20 21:09:57,404 - INFO - [실시간] 요청 16000개 처리 | 현재까지의 RPS: 368.03최근 1000개 request의 p99 TTFT: 0.3998 초 | 
2025-11-20 21:09:59,897 - INFO - [실시간] 요청 17000개 처리 | 현재까지의 RPS: 369.82최근 1000개 request의 p99 TTFT: 0.5361 초 | 
2025-11-20 21:10:02,309 - INFO - [실시간] 요청 18000개 처리 | 현재까지의 RPS: 372.05최근 1000개 request의 p99 TTFT: 0.2224 초 | 
2025-11-20 21:10:04,827 - INFO - [실시간] 요청 19000개 처리 | 현재까지의 RPS: 373.30최근 1000개 request의 p99 TTFT: 0.2187 초 | 
2025-11-20 21:10:07,366 - INFO - [실시간] 요청 20000개 처리 | 현재까지의 RPS: 374.27최근 1000개 request의 p99 TTFT: 0.5231 초 | 
2025-11-20 21:10:10,002 - INFO - [실시간] 요청 21000개 처리 | 현재까지의 RPS: 374.51최근 1000개 request의 p99 TTFT: 0.2833 초 | 
2025-11-20 21:10:12,436 - INFO - [실시간] 요청 22000개 처리 | 현재까지의 RPS: 376.02최근 1000개 request의 p99 TTFT: 0.5185 초 | 
2025-11-20 21:10:14,878 - INFO - [실시간] 요청 23000개 처리 | 현재까지의 RPS: 377.36최근 1000개 request의 p99 TTFT: 0.5129 초 | 
2025-11-20 21:10:16,893 - INFO - [실시간] 요청 24000개 처리 | 현재까지의 RPS: 381.17최근 1000개 request의 p99 TTFT: 0.2648 초 | 
2025-11-20 21:10:18,877 - INFO - [실시간] 요청 25000개 처리 | 현재까지의 RPS: 384.92최근 1000개 request의 p99 TTFT: 0.2084 초 | 
2025-11-20 21:10:21,088 - INFO - [실시간] 요청 26000개 처리 | 현재까지의 RPS: 387.14최근 1000개 request의 p99 TTFT: 0.6963 초 | 
2025-11-20 21:10:23,066 - INFO - [실시간] 요청 27000개 처리 | 현재까지의 RPS: 390.53최근 1000개 request의 p99 TTFT: 0.7162 초 | 
2025-11-20 21:10:25,042 - INFO - [실시간] 요청 28000개 처리 | 현재까지의 RPS: 393.74최근 1000개 request의 p99 TTFT: 0.2522 초 | 
2025-11-20 21:10:27,075 - INFO - [실시간] 요청 29000개 처리 | 현재까지의 RPS: 396.47최근 1000개 request의 p99 TTFT: 0.5568 초 | 
2025-11-20 21:10:28,970 - INFO - [실시간] 요청 30000개 처리 | 현재까지의 RPS: 399.78최근 1000개 request의 p99 TTFT: 0.3863 초 | 
2025-11-20 21:10:30,953 - INFO - [실시간] 요청 31000개 처리 | 현재까지의 RPS: 402.47최근 1000개 request의 p99 TTFT: 0.7905 초 | 
2025-11-20 21:10:32,818 - INFO - [실시간] 요청 32000개 처리 | 현재까지의 RPS: 405.63최근 1000개 request의 p99 TTFT: 0.7656 초 | 
2025-11-20 21:10:34,477 - INFO - [실시간] 요청 33000개 처리 | 현재까지의 RPS: 409.69최근 1000개 request의 p99 TTFT: 0.6195 초 | 
2025-11-20 21:10:36,620 - INFO - [실시간] 요청 34000개 처리 | 현재까지의 RPS: 411.17최근 1000개 request의 p99 TTFT: 0.3182 초 | 
2025-11-20 21:10:38,531 - INFO - [실시간] 요청 35000개 처리 | 현재까지의 RPS: 413.70최근 1000개 request의 p99 TTFT: 1.1527 초 | 
2025-11-20 21:10:40,375 - INFO - [실시간] 요청 36000개 처리 | 현재까지의 RPS: 416.44최근 1000개 request의 p99 TTFT: 1.1962 초 | 
2025-11-20 21:10:42,248 - INFO - [실시간] 요청 37000개 처리 | 현재까지의 RPS: 418.93최근 1000개 request의 p99 TTFT: 0.2423 초 | 
2025-11-20 21:10:44,146 - INFO - [실시간] 요청 38000개 처리 | 현재까지의 RPS: 421.20최근 1000개 request의 p99 TTFT: 0.5330 초 | 
2025-11-20 21:10:46,135 - INFO - [실시간] 요청 39000개 처리 | 현재까지의 RPS: 422.96최근 1000개 request의 p99 TTFT: 0.5395 초 | 
2025-11-20 21:10:48,055 - INFO - [실시간] 요청 40000개 처리 | 현재까지의 RPS: 424.96최근 1000개 request의 p99 TTFT: 0.3686 초 | 
2025-11-20 21:10:49,927 - INFO - [실시간] 요청 41000개 처리 | 현재까지의 RPS: 427.09최근 1000개 request의 p99 TTFT: 0.6086 초 | 
2025-11-20 21:10:51,759 - INFO - [실시간] 요청 42000개 처리 | 현재까지의 RPS: 429.32최근 1000개 request의 p99 TTFT: 0.3758 초 | 
2025-11-20 21:10:53,664 - INFO - [실시간] 요청 43000개 처리 | 현재까지의 RPS: 431.14최근 1000개 request의 p99 TTFT: 0.2858 초 | 
2025-11-20 21:10:55,578 - INFO - [실시간] 요청 44000개 처리 | 현재까지의 RPS: 432.86최근 1000개 request의 p99 TTFT: 0.2341 초 | 
2025-11-20 21:10:57,583 - INFO - [실시간] 요청 45000개 처리 | 현재까지의 RPS: 434.13최근 1000개 request의 p99 TTFT: 0.5216 초 | 
2025-11-20 21:10:59,557 - INFO - [실시간] 요청 46000개 처리 | 현재까지의 RPS: 435.49최근 1000개 request의 p99 TTFT: 0.2185 초 | 
2025-11-20 21:11:01,514 - INFO - [실시간] 요청 47000개 처리 | 현재까지의 RPS: 436.86최근 1000개 request의 p99 TTFT: 0.6674 초 | 
2025-11-20 21:11:03,422 - INFO - [실시간] 요청 48000개 처리 | 현재까지의 RPS: 438.38최근 1000개 request의 p99 TTFT: 0.5075 초 | 
2025-11-20 21:11:05,412 - INFO - [실시간] 요청 49000개 처리 | 현재까지의 RPS: 439.53최근 1000개 request의 p99 TTFT: 0.3509 초 | 
2025-11-20 21:11:07,331 - INFO - [실시간] 요청 50000개 처리 | 현재까지의 RPS: 440.91최근 1000개 request의 p99 TTFT: 0.1987 초 | 
2025-11-20 21:11:09,246 - INFO - [실시간] 요청 51000개 처리 | 현재까지의 RPS: 442.26최근 1000개 request의 p99 TTFT: 0.1957 초 | 
2025-11-20 21:11:11,243 - INFO - [실시간] 요청 52000개 처리 | 현재까지의 RPS: 443.25최근 1000개 request의 p99 TTFT: 0.3602 초 | 
2025-11-20 21:11:13,173 - INFO - [실시간] 요청 53000개 처리 | 현재까지의 RPS: 444.47최근 1000개 request의 p99 TTFT: 0.5811 초 | 
2025-11-20 21:11:15,076 - INFO - [실시간] 요청 54000개 처리 | 현재까지의 RPS: 445.74최근 1000개 request의 p99 TTFT: 0.3857 초 | 
2025-11-20 21:11:16,799 - INFO - [실시간] 요청 55000개 처리 | 현재까지의 RPS: 447.63최근 1000개 request의 p99 TTFT: 0.4348 초 | 
2025-11-20 21:11:18,414 - INFO - [실시간] 요청 56000개 처리 | 현재까지의 RPS: 449.85최근 1000개 request의 p99 TTFT: 0.4042 초 | 
2025-11-20 21:11:20,087 - INFO - [실시간] 요청 57000개 처리 | 현재까지의 RPS: 451.81최근 1000개 request의 p99 TTFT: 0.2298 초 | 
2025-11-20 21:11:22,044 - INFO - [실시간] 요청 58000개 처리 | 현재까지의 RPS: 452.72최근 1000개 request의 p99 TTFT: 0.8405 초 | 
2025-11-20 21:11:23,684 - INFO - [실시간] 요청 59000개 처리 | 현재까지의 RPS: 454.70최근 1000개 request의 p99 TTFT: 1.2596 초 | 
2025-11-20 21:11:25,438 - INFO - [실시간] 요청 60000개 처리 | 현재까지의 RPS: 456.24최근 1000개 request의 p99 TTFT: 0.3128 초 | 
2025-11-20 21:11:27,158 - INFO - [실시간] 요청 61000개 처리 | 현재까지의 RPS: 457.86최근 1000개 request의 p99 TTFT: 0.3108 초 | 
2025-11-20 21:11:28,982 - INFO - [실시간] 요청 62000개 처리 | 현재까지의 RPS: 459.08최근 1000개 request의 p99 TTFT: 0.4184 초 | 
2025-11-20 21:11:30,651 - INFO - [실시간] 요청 63000개 처리 | 현재까지의 RPS: 460.79최근 1000개 request의 p99 TTFT: 0.6355 초 | 
2025-11-20 21:11:32,243 - INFO - [실시간] 요청 64000개 처리 | 현재까지의 RPS: 462.71최근 1000개 request의 p99 TTFT: 0.6237 초 | 
2025-11-20 21:11:33,764 - INFO - [실시간] 요청 65000개 처리 | 현재까지의 RPS: 464.83최근 1000개 request의 p99 TTFT: 0.4543 초 | 
2025-11-20 21:11:35,336 - INFO - [실시간] 요청 66000개 처리 | 현재까지의 RPS: 466.74최근 1000개 request의 p99 TTFT: 0.2946 초 | 
2025-11-20 21:11:37,146 - INFO - [실시간] 요청 67000개 처리 | 현재까지의 RPS: 467.82최근 1000개 request의 p99 TTFT: 0.3564 초 | 
2025-11-20 21:11:39,016 - INFO - [실시간] 요청 68000개 처리 | 현재까지의 RPS: 468.68최근 1000개 request의 p99 TTFT: 1.1822 초 | 
2025-11-20 21:11:40,655 - INFO - [실시간] 요청 69000개 처리 | 현재까지의 RPS: 470.26최근 1000개 request의 p99 TTFT: 1.2052 초 | 
2025-11-20 21:11:42,385 - INFO - [실시간] 요청 70000개 처리 | 현재까지의 RPS: 471.52최근 1000개 request의 p99 TTFT: 0.2240 초 | 
2025-11-20 21:11:44,164 - INFO - [실시간] 요청 71000개 처리 | 현재까지의 RPS: 472.59최근 1000개 request의 p99 TTFT: 0.2399 초 | 
2025-11-20 21:11:45,896 - INFO - [실시간] 요청 72000개 처리 | 현재까지의 RPS: 473.78최근 1000개 request의 p99 TTFT: 0.5210 초 | 
2025-11-20 21:11:47,682 - INFO - [실시간] 요청 73000개 처리 | 현재까지의 RPS: 474.79최근 1000개 request의 p99 TTFT: 0.5428 초 | 
2025-11-20 21:11:49,318 - INFO - [실시간] 요청 74000개 처리 | 현재까지의 RPS: 476.22최근 1000개 request의 p99 TTFT: 0.6432 초 | 
2025-11-20 21:11:50,992 - INFO - [실시간] 요청 75000개 처리 | 현재까지의 RPS: 477.52최근 1000개 request의 p99 TTFT: 0.4252 초 | 
2025-11-20 21:11:52,586 - INFO - [실시간] 요청 76000개 처리 | 현재까지의 RPS: 479.02최근 1000개 request의 p99 TTFT: 0.4599 초 | 
2025-11-20 21:11:54,309 - INFO - [실시간] 요청 77000개 처리 | 현재까지의 RPS: 480.11최근 1000개 request의 p99 TTFT: 0.3931 초 | 
2025-11-20 21:11:56,028 - INFO - [실시간] 요청 78000개 처리 | 현재까지의 RPS: 481.18최근 1000개 request의 p99 TTFT: 0.2387 초 | 
2025-11-20 21:11:57,903 - INFO - [실시간] 요청 79000개 처리 | 현재까지의 RPS: 481.78최근 1000개 request의 p99 TTFT: 0.6356 초 | 
2025-11-20 21:11:59,521 - INFO - [실시간] 요청 80000개 처리 | 현재까지의 RPS: 483.12최근 1000개 request의 p99 TTFT: 0.7537 초 | 
2025-11-20 21:12:01,155 - INFO - [실시간] 요청 81000개 처리 | 현재까지의 RPS: 484.37최근 1000개 request의 p99 TTFT: 0.2368 초 | 
2025-11-20 21:12:02,818 - INFO - [실시간] 요청 82000개 처리 | 현재까지의 RPS: 485.52최근 1000개 request의 p99 TTFT: 0.3024 초 | 
2025-11-20 21:12:04,548 - INFO - [실시간] 요청 83000개 처리 | 현재까지의 RPS: 486.46최근 1000개 request의 p99 TTFT: 0.4945 초 | 
2025-11-20 21:12:06,175 - INFO - [실시간] 요청 84000개 처리 | 현재까지의 RPS: 487.67최근 1000개 request의 p99 TTFT: 0.2117 초 | 
2025-11-20 21:12:08,074 - INFO - [실시간] 요청 85000개 처리 | 현재까지의 RPS: 488.10최근 1000개 request의 p99 TTFT: 0.4059 초 | 
2025-11-20 21:12:09,719 - INFO - [실시간] 요청 86000개 처리 | 현재까지의 RPS: 489.22최근 1000개 request의 p99 TTFT: 1.1516 초 | 
2025-11-20 21:12:11,458 - INFO - [실시간] 요청 87000개 처리 | 현재까지의 RPS: 490.06최근 1000개 request의 p99 TTFT: 0.3573 초 | 
2025-11-20 21:12:13,208 - INFO - [실시간] 요청 88000개 처리 | 현재까지의 RPS: 490.85최근 1000개 request의 p99 TTFT: 0.3159 초 | 
2025-11-20 21:12:14,913 - INFO - [실시간] 요청 89000개 처리 | 현재까지의 RPS: 491.76최근 1000개 request의 p99 TTFT: 0.4715 초 | 
2025-11-20 21:12:16,451 - INFO - [실시간] 요청 90000개 처리 | 현재까지의 RPS: 493.09최근 1000개 request의 p99 TTFT: 0.4855 초 | 
2025-11-20 21:12:18,182 - INFO - [실시간] 요청 91000개 처리 | 현재까지의 RPS: 493.88최근 1000개 request의 p99 TTFT: 0.7432 초 | 
2025-11-20 21:12:19,721 - INFO - [실시간] 요청 92000개 처리 | 현재까지의 RPS: 495.18최근 1000개 request의 p99 TTFT: 0.6751 초 | 
2025-11-20 21:12:21,335 - INFO - [실시간] 요청 93000개 처리 | 현재까지의 RPS: 496.25최근 1000개 request의 p99 TTFT: 0.4253 초 | 
2025-11-20 21:12:22,788 - INFO - [실시간] 요청 94000개 처리 | 현재까지의 RPS: 497.73최근 1000개 request의 p99 TTFT: 0.5225 초 | 
2025-11-20 21:12:24,466 - INFO - [실시간] 요청 95000개 처리 | 현재까지의 RPS: 498.59최근 1000개 request의 p99 TTFT: 0.2244 초 | 
2025-11-20 21:12:26,202 - INFO - [실시간] 요청 96000개 처리 | 현재까지의 RPS: 499.29최근 1000개 request의 p99 TTFT: 0.7618 초 | 
2025-11-20 21:12:27,676 - INFO - [실시간] 요청 97000개 처리 | 현재까지의 RPS: 500.65최근 1000개 request의 p99 TTFT: 0.7790 초 | 
2025-11-20 21:12:29,293 - INFO - [실시간] 요청 98000개 처리 | 현재까지의 RPS: 501.63최근 1000개 request의 p99 TTFT: 0.2282 초 | 
2025-11-20 21:12:30,843 - INFO - [실시간] 요청 99000개 처리 | 현재까지의 RPS: 502.76최근 1000개 request의 p99 TTFT: 0.6165 초 | 
2025-11-20 21:12:32,421 - INFO - [실시간] 요청 100000개 처리 | 현재까지의 RPS: 503.80최근 1000개 request의 p99 TTFT: 0.6423 초 | 
2025-11-20 21:12:34,026 - INFO - [실시간] 요청 101000개 처리 | 현재까지의 RPS: 504.75최근 1000개 request의 p99 TTFT: 0.3795 초 | 
2025-11-20 21:12:35,654 - INFO - [실시간] 요청 102000개 처리 | 현재까지의 RPS: 505.64최근 1000개 request의 p99 TTFT: 0.9702 초 | 
2025-11-20 21:12:37,271 - INFO - [실시간] 요청 103000개 처리 | 현재까지의 RPS: 506.53최근 1000개 request의 p99 TTFT: 0.8179 초 | 
2025-11-20 21:12:38,741 - INFO - [실시간] 요청 104000개 처리 | 현재까지의 RPS: 507.78최근 1000개 request의 p99 TTFT: 0.3001 초 | 
2025-11-20 21:12:40,173 - INFO - [실시간] 요청 105000개 처리 | 현재까지의 RPS: 509.10최근 1000개 request의 p99 TTFT: 0.4027 초 | 
2025-11-20 21:12:41,809 - INFO - [실시간] 요청 106000개 처리 | 현재까지의 RPS: 509.91최근 1000개 request의 p99 TTFT: 0.5051 초 | 
2025-11-20 21:12:43,514 - INFO - [실시간] 요청 107000개 처리 | 현재까지의 RPS: 510.53최근 1000개 request의 p99 TTFT: 0.6265 초 | 
2025-11-20 21:12:44,913 - INFO - [실시간] 요청 108000개 처리 | 현재까지의 RPS: 511.89최근 1000개 request의 p99 TTFT: 0.6801 초 | 
2025-11-20 21:12:46,436 - INFO - [실시간] 요청 109000개 처리 | 현재까지의 RPS: 512.92최근 1000개 request의 p99 TTFT: 0.2162 초 | 
2025-11-20 21:12:48,097 - INFO - [실시간] 요청 110000개 처리 | 현재까지의 RPS: 513.61최근 1000개 request의 p99 TTFT: 0.4036 초 | 
2025-11-20 21:12:49,571 - INFO - [실시간] 요청 111000개 처리 | 현재까지의 RPS: 514.74최근 1000개 request의 p99 TTFT: 0.3099 초 | 
2025-11-20 21:12:51,300 - INFO - [실시간] 요청 112000개 처리 | 현재까지의 RPS: 515.25최근 1000개 request의 p99 TTFT: 0.2317 초 | 
2025-11-20 21:12:52,925 - INFO - [실시간] 요청 113000개 처리 | 현재까지의 RPS: 515.99최근 1000개 request의 p99 TTFT: 1.0283 초 | 
2025-11-20 21:12:54,402 - INFO - [실시간] 요청 114000개 처리 | 현재까지의 RPS: 517.07최근 1000개 request의 p99 TTFT: 1.1867 초 | 
2025-11-20 21:12:55,944 - INFO - [실시간] 요청 115000개 처리 | 현재까지의 RPS: 517.98최근 1000개 request의 p99 TTFT: 0.3105 초 | 
2025-11-20 21:12:57,508 - INFO - [실시간] 요청 116000개 처리 | 현재까지의 RPS: 518.83최근 1000개 request의 p99 TTFT: 0.2370 초 | 
2025-11-20 21:12:59,016 - INFO - [실시간] 요청 117000개 처리 | 현재까지의 RPS: 519.80최근 1000개 request의 p99 TTFT: 0.7128 초 | 
2025-11-20 21:13:00,643 - INFO - [실시간] 요청 118000개 처리 | 현재까지의 RPS: 520.48최근 1000개 request의 p99 TTFT: 0.7253 초 | 
2025-11-20 21:13:02,158 - INFO - [실시간] 요청 119000개 처리 | 현재까지의 RPS: 521.40최근 1000개 request의 p99 TTFT: 0.6693 초 | 
2025-11-20 21:13:03,791 - INFO - [실시간] 요청 120000개 처리 | 현재까지의 RPS: 522.05최근 1000개 request의 p99 TTFT: 0.5429 초 | 
2025-11-20 21:13:05,367 - INFO - [실시간] 요청 121000개 처리 | 현재까지의 RPS: 522.82최근 1000개 request의 p99 TTFT: 0.3538 초 | 
2025-11-20 21:13:06,979 - INFO - [실시간] 요청 122000개 처리 | 현재까지의 RPS: 523.49최근 1000개 request의 p99 TTFT: 0.1993 초 | 
2025-11-20 21:13:08,507 - INFO - [실시간] 요청 123000개 처리 | 현재까지의 RPS: 524.35최근 1000개 request의 p99 TTFT: 0.2246 초 | 
2025-11-20 21:13:10,149 - INFO - [실시간] 요청 124000개 처리 | 현재까지의 RPS: 524.93최근 1000개 request의 p99 TTFT: 0.6136 초 | 
2025-11-20 21:13:11,689 - INFO - [실시간] 요청 125000개 처리 | 현재까지의 RPS: 525.74최근 1000개 request의 p99 TTFT: 0.6924 초 | 
2025-11-20 21:13:13,270 - INFO - [실시간] 요청 126000개 처리 | 현재까지의 RPS: 526.44최근 1000개 request의 p99 TTFT: 0.2950 초 | 
2025-11-20 21:13:14,853 - INFO - [실시간] 요청 127000개 처리 | 현재까지의 RPS: 527.14최근 1000개 request의 p99 TTFT: 0.2174 초 | 
2025-11-20 21:13:16,370 - INFO - [실시간] 요청 128000개 처리 | 현재까지의 RPS: 527.96최근 1000개 request의 p99 TTFT: 0.4968 초 | 
2025-11-20 21:13:17,779 - INFO - [실시간] 요청 129000개 처리 | 현재까지의 RPS: 529.01최근 1000개 request의 p99 TTFT: 0.3310 초 | 
2025-11-20 21:13:19,432 - INFO - [실시간] 요청 130000개 처리 | 현재까지의 RPS: 529.52최근 1000개 request의 p99 TTFT: 0.3850 초 | 
2025-11-20 21:13:21,022 - INFO - [실시간] 요청 131000개 처리 | 현재까지의 RPS: 530.16최근 1000개 request의 p99 TTFT: 1.1133 초 | 
2025-11-20 21:13:22,463 - INFO - [실시간] 요청 132000개 처리 | 현재까지의 RPS: 531.11최근 1000개 request의 p99 TTFT: 1.1506 초 | 
2025-11-20 21:13:23,894 - INFO - [실시간] 요청 133000개 처리 | 현재까지의 RPS: 532.07최근 1000개 request의 p99 TTFT: 0.4116 초 | 
2025-11-20 21:13:25,439 - INFO - [실시간] 요청 134000개 처리 | 현재까지의 RPS: 532.78최근 1000개 request의 p99 TTFT: 0.3634 초 | 
2025-11-20 21:13:26,931 - INFO - [실시간] 요청 135000개 처리 | 현재까지의 RPS: 533.59최근 1000개 request의 p99 TTFT: 0.7095 초 | 
2025-11-20 21:13:28,624 - INFO - [실시간] 요청 136000개 처리 | 현재까지의 RPS: 533.97최근 1000개 request의 p99 TTFT: 0.6117 초 | 
2025-11-20 21:13:30,072 - INFO - [실시간] 요청 137000개 처리 | 현재까지의 RPS: 534.86최근 1000개 request의 p99 TTFT: 0.7308 초 | 
2025-11-20 21:13:31,459 - INFO - [실시간] 요청 138000개 처리 | 현재까지의 RPS: 535.86최근 1000개 request의 p99 TTFT: 0.6690 초 | 
2025-11-20 21:13:32,941 - INFO - [실시간] 요청 139000개 처리 | 현재까지의 RPS: 536.65최근 1000개 request의 p99 TTFT: 0.6790 초 | 
2025-11-20 21:13:34,389 - INFO - [실시간] 요청 140000개 처리 | 현재까지의 RPS: 537.51최근 1000개 request의 p99 TTFT: 0.2680 초 | 
2025-11-20 21:13:35,859 - INFO - [실시간] 요청 141000개 처리 | 현재까지의 RPS: 538.31최근 1000개 request의 p99 TTFT: 0.4118 초 | 
2025-11-20 21:13:37,448 - INFO - [실시간] 요청 142000개 처리 | 현재까지의 RPS: 538.86최근 1000개 request의 p99 TTFT: 0.9530 초 | 
2025-11-20 21:13:38,831 - INFO - [실시간] 요청 143000개 처리 | 현재까지의 RPS: 539.82최근 1000개 request의 p99 TTFT: 1.0854 초 | 
2025-11-20 21:13:40,304 - INFO - [실시간] 요청 144000개 처리 | 현재까지의 RPS: 540.59최근 1000개 request의 p99 TTFT: 0.2756 초 | 
2025-11-20 21:13:41,894 - INFO - [실시간] 요청 145000개 처리 | 현재까지의 RPS: 541.12최근 1000개 request의 p99 TTFT: 0.2110 초 | 
2025-11-20 21:13:43,316 - INFO - [실시간] 요청 146000개 처리 | 현재까지의 RPS: 541.97최근 1000개 request의 p99 TTFT: 0.5828 초 | 
2025-11-20 21:13:44,892 - INFO - [실시간] 요청 147000개 처리 | 현재까지의 RPS: 542.51최근 1000개 request의 p99 TTFT: 0.5694 초 | 
2025-11-20 21:13:46,332 - INFO - [실시간] 요청 148000개 처리 | 현재까지의 RPS: 543.31최근 1000개 request의 p99 TTFT: 0.6460 초 | 
2025-11-20 21:13:47,815 - INFO - [실시간] 요청 149000개 처리 | 현재까지의 RPS: 544.02최근 1000개 request의 p99 TTFT: 0.3427 초 | 
2025-11-20 21:13:49,315 - INFO - [실시간] 요청 150000개 처리 | 현재까지의 RPS: 544.69최근 1000개 request의 p99 TTFT: 0.4439 초 | 
2025-11-20 21:13:50,801 - INFO - [실시간] 요청 151000개 처리 | 현재까지의 RPS: 545.38최근 1000개 request의 p99 TTFT: 0.3613 초 | 
2025-11-20 21:13:52,314 - INFO - [실시간] 요청 152000개 처리 | 현재까지의 RPS: 546.01최근 1000개 request의 p99 TTFT: 0.3568 초 | 
2025-11-20 21:13:54,068 - INFO - [실시간] 요청 153000개 처리 | 현재까지의 RPS: 546.16최근 1000개 request의 p99 TTFT: 0.5161 초 | 
2025-11-20 21:13:55,467 - INFO - [실시간] 요청 154000개 처리 | 현재까지의 RPS: 546.99최근 1000개 request의 p99 TTFT: 1.2880 초 | 
2025-11-20 21:13:57,010 - INFO - [실시간] 요청 155000개 처리 | 현재까지의 RPS: 547.55최근 1000개 request의 p99 TTFT: 1.0432 초 | 
2025-11-20 21:13:58,523 - INFO - [실시간] 요청 156000개 처리 | 현재까지의 RPS: 548.15최근 1000개 request의 p99 TTFT: 0.2274 초 | 
2025-11-20 21:14:00,091 - INFO - [실시간] 요청 157000개 처리 | 현재까지의 RPS: 548.64최근 1000개 request의 p99 TTFT: 0.4541 초 | 
2025-11-20 21:14:01,574 - INFO - [실시간] 요청 158000개 처리 | 현재까지의 RPS: 549.29최근 1000개 request의 p99 TTFT: 0.5082 초 | 
2025-11-20 21:14:03,145 - INFO - [실시간] 요청 159000개 처리 | 현재까지의 RPS: 549.76최근 1000개 request의 p99 TTFT: 0.7617 초 | 
2025-11-20 21:14:04,618 - INFO - [실시간] 요청 160000개 처리 | 현재까지의 RPS: 550.42최근 1000개 request의 p99 TTFT: 0.6994 초 | 
2025-11-20 21:14:06,087 - INFO - [실시간] 요청 161000개 처리 | 현재까지의 RPS: 551.07최근 1000개 request의 p99 TTFT: 0.5608 초 | 
2025-11-20 21:14:07,661 - INFO - [실시간] 요청 162000개 처리 | 현재까지의 RPS: 551.52최근 1000개 request의 p99 TTFT: 0.4011 초 | 
2025-11-20 21:14:09,140 - INFO - [실시간] 요청 163000개 처리 | 현재까지의 RPS: 552.15최근 1000개 request의 p99 TTFT: 0.2247 초 | 
2025-11-20 21:14:10,830 - INFO - [실시간] 요청 164000개 처리 | 현재까지의 RPS: 552.37최근 1000개 request의 p99 TTFT: 0.4010 초 | 
2025-11-20 21:14:12,317 - INFO - [실시간] 요청 165000개 처리 | 현재까지의 RPS: 552.97최근 1000개 request의 p99 TTFT: 1.0084 초 | 
2025-11-20 21:14:13,829 - INFO - [실시간] 요청 166000개 처리 | 현재까지의 RPS: 553.52최근 1000개 request의 p99 TTFT: 0.4386 초 | 
2025-11-20 21:14:15,327 - INFO - [실시간] 요청 167000개 처리 | 현재까지의 RPS: 554.08최근 1000개 request의 p99 TTFT: 0.3199 초 | 
2025-11-20 21:14:16,782 - INFO - [실시간] 요청 168000개 처리 | 현재까지의 RPS: 554.72최근 1000개 request의 p99 TTFT: 0.5325 초 | 
2025-11-20 21:14:18,265 - INFO - [실시간] 요청 169000개 처리 | 현재까지의 RPS: 555.31최근 1000개 request의 p99 TTFT: 0.5509 초 | 
2025-11-20 21:14:19,994 - INFO - [실시간] 요청 170000개 처리 | 현재까지의 RPS: 555.44최근 1000개 request의 p99 TTFT: 0.4921 초 | 
2025-11-20 21:14:21,454 - INFO - [실시간] 요청 171000개 처리 | 현재까지의 RPS: 556.05최근 1000개 request의 p99 TTFT: 0.6681 초 | 
2025-11-20 21:14:22,799 - INFO - [실시간] 요청 172000개 처리 | 현재까지의 RPS: 556.87최근 1000개 request의 p99 TTFT: 0.5778 초 | 
2025-11-20 21:14:24,317 - INFO - [실시간] 요청 173000개 처리 | 현재까지의 RPS: 557.37최근 1000개 request의 p99 TTFT: 0.3269 초 | 
2025-11-20 21:14:25,815 - INFO - [실시간] 요청 174000개 처리 | 현재까지의 RPS: 557.90최근 1000개 request의 p99 TTFT: 0.2199 초 | 
2025-11-20 21:14:27,278 - INFO - [실시간] 요청 175000개 처리 | 현재까지의 RPS: 558.48최근 1000개 request의 p99 TTFT: 0.2159 초 | 
2025-11-20 21:14:28,948 - INFO - [실시간] 요청 176000개 처리 | 현재까지의 RPS: 558.70최근 1000개 request의 p99 TTFT: 0.5388 초 | 
2025-11-20 21:14:30,378 - INFO - [실시간] 요청 177000개 처리 | 현재까지의 RPS: 559.33최근 1000개 request의 p99 TTFT: 0.9016 초 | 
2025-11-20 21:14:31,740 - INFO - [실시간] 요청 178000개 처리 | 현재까지의 RPS: 560.08최근 1000개 request의 p99 TTFT: 0.8241 초 | 
2025-11-20 21:14:33,264 - INFO - [실시간] 요청 179000개 처리 | 현재까지의 RPS: 560.54최근 1000개 request의 p99 TTFT: 0.2246 초 | 
2025-11-20 21:14:34,733 - INFO - [실시간] 요청 180000개 처리 | 현재까지의 RPS: 561.09최근 1000개 request의 p99 TTFT: 0.2690 초 | 
2025-11-20 21:14:36,299 - INFO - [실시간] 요청 181000개 처리 | 현재까지의 RPS: 561.47최근 1000개 request의 p99 TTFT: 0.4941 초 | 
2025-11-20 21:14:37,971 - INFO - [실시간] 요청 182000개 처리 | 현재까지의 RPS: 561.65최근 1000개 request의 p99 TTFT: 0.8918 초 | 
2025-11-20 21:14:39,305 - INFO - [실시간] 요청 183000개 처리 | 현재까지의 RPS: 562.42최근 1000개 request의 p99 TTFT: 0.9395 초 | 
2025-11-20 21:14:40,778 - INFO - [실시간] 요청 184000개 처리 | 현재까지의 RPS: 562.95최근 1000개 request의 p99 TTFT: 0.5832 초 | 
2025-11-20 21:14:42,303 - INFO - [실시간] 요청 185000개 처리 | 현재까지의 RPS: 563.38최근 1000개 request의 p99 TTFT: 0.4923 초 | 
2025-11-20 21:14:43,811 - INFO - [실시간] 요청 186000개 처리 | 현재까지의 RPS: 563.84최근 1000개 request의 p99 TTFT: 0.2094 초 | 
통계에 반영된 요청 인덱스 범위: 3000 ~ 186645 (총 183645개 요청)
statistics_end_time이 설정되지 않았습니다.
통계 반영된 요청 수: 183645, 통계 반영된 시간: 388.71 초

==================================================
 실험 최종 결과 요약
==================================================
 설정 실험 시간: 330 초
 Clients 수: 7900
 통계 반영 시간: 388.71 초
 총 시도된 요청: 193224 개
 총 완료된 요청: 183645 개
 총 실패한 요청: 9579 개
 완료 요청 중 retrieval이 실패한 요청: -3000 개
 요청 성공률: 95.04%
 전체 Requests Per Second (RPS): 472.45
--------------------------------------------------
 Time to First Token (TTFT) Latency:
  - 평균 (Mean): 0.1247 초
  - 중간값 (50%ile): 0.0958 초
  - 최소값 (Min): 0.0172 초
  - 최대값 (Max): 1.4083 초
  - 95%ile Tail: 0.3382 초
  - 99%ile Tail: 0.6588 초
--------------------------------------------------
 Time Per Output Token (TPOT):
  - 평균 (Mean): 16.92 ms/token
--------------------------------------------------
 Embedding Latency:
  - 총 샘플 수: 183623
  - 평균 (Mean): 9.16 ms
  - 중간값 (50%ile): 7.00 ms
  - 95%ile Tail: 21.00 ms
  - 99%ile Tail: 50.00 ms
--------------------------------------------------
 VectorDB Search Latency:
  - 총 샘플 수: 183623
  - 평균 (Mean): 36.26 ms
  - 중간값 (50%ile): 18.00 ms
  - 95%ile Tail: 134.00 ms
  - 99%ile Tail: 350.00 ms
--------------------------------------------------
 Document Search Latency:
  - 총 샘플 수: 183623
  - 평균 (Mean): 21.31 ms
  - 중간값 (50%ile): 6.00 ms
  - 95%ile Tail: 97.00 ms
  - 99%ile Tail: 246.00 ms
--------------------------------------------------
 Total Retrieval Latency:
  - 총 샘플 수: 183645
  - 평균 (Mean): 66.75 ms
  - 중간값 (50%ile): 35.00 ms
  - 95%ile Tail: 232.00 ms
  - 99%ile Tail: 556.00 ms
==================================================
