2025-11-20 21:02:34,673 - INFO - ReqGen 시작: 서버=163.152.48.109:9000, 클라이언트=8000, 시간=330초
2025-11-20 21:02:34,673 - INFO - Hugging Face에서 'kroshan/BioASQ' 데이터셋을 로드합니다...
2025-11-20 21:02:40,205 - INFO - 3266개의 질문을 로드했습니다.
2025-11-20 21:02:40,205 - INFO - 부하 테스트 시작, client 수 = 8000
2025-11-20 21:02:40,206 - INFO - Zipf 값 1.2에서 상위 20%의 질문이 차지하는 비율: 91.82%
2025-11-20 21:02:45,534 - INFO - [실시간] 요청 1000개 처리 | 현재까지의 RPS: 187.68최근 1000개 request의 p99 TTFT: 0.1810 초 | 
2025-11-20 21:02:48,688 - INFO - [실시간] 요청 2000개 처리 | 현재까지의 RPS: 235.79최근 1000개 request의 p99 TTFT: 0.2240 초 | 
2025-11-20 21:02:51,495 - INFO - [실시간] 요청 3000개 처리 | 현재까지의 RPS: 265.72최근 1000개 request의 p99 TTFT: 0.2054 초 | 
2025-11-20 21:02:53,878 - INFO - [실시간] 요청 4000개 처리 | 현재까지의 RPS: 292.55최근 1000개 request의 p99 TTFT: 0.2536 초 | 
2025-11-20 21:02:56,197 - INFO - [실시간] 요청 5000개 처리 | 현재까지의 RPS: 312.67최근 1000개 request의 p99 TTFT: 0.4060 초 | 
2025-11-20 21:02:58,309 - INFO - [실시간] 요청 6000개 처리 | 현재까지의 RPS: 331.43최근 1000개 request의 p99 TTFT: 0.4012 초 | 
2025-11-20 21:03:00,207 - INFO - [실시간] 요청 7000개 처리 | 현재까지의 RPS: 349.98최근 1000개 request의 p99 TTFT: 0.7453 초 | 
2025-11-20 21:03:02,334 - INFO - [실시간] 요청 8000개 처리 | 현재까지의 RPS: 361.53최근 1000개 request의 p99 TTFT: 0.2123 초 | 
2025-11-20 21:03:05,020 - INFO - [실시간] 요청 9000개 처리 | 현재까지의 RPS: 362.69최근 1000개 request의 p99 TTFT: 0.2969 초 | 
2025-11-20 21:03:07,422 - INFO - [실시간] 요청 10000개 처리 | 현재까지의 RPS: 367.42최근 1000개 request의 p99 TTFT: 0.3653 초 | 
2025-11-20 21:03:09,804 - INFO - [실시간] 요청 11000개 처리 | 현재까지의 RPS: 371.64최근 1000개 request의 p99 TTFT: 0.4500 초 | 
2025-11-20 21:03:12,162 - INFO - [실시간] 요청 12000개 처리 | 현재까지의 RPS: 375.51최근 1000개 request의 p99 TTFT: 0.4218 초 | 
2025-11-20 21:03:14,345 - INFO - [실시간] 요청 13000개 처리 | 현재까지의 RPS: 380.79최근 1000개 request의 p99 TTFT: 0.2415 초 | 
2025-11-20 21:03:16,649 - INFO - [실시간] 요청 14000개 처리 | 현재까지의 RPS: 384.16최근 1000개 request의 p99 TTFT: 0.1871 초 | 
2025-11-20 21:03:18,902 - INFO - [실시간] 요청 15000개 처리 | 현재까지의 RPS: 387.63최근 1000개 request의 p99 TTFT: 0.4012 초 | 
2025-11-20 21:03:21,207 - INFO - [실시간] 요청 16000개 처리 | 현재까지의 RPS: 390.23최근 1000개 request의 p99 TTFT: 0.4077 초 | 
2025-11-20 21:03:23,471 - INFO - [실시간] 요청 17000개 처리 | 현재까지의 RPS: 392.92최근 1000개 request의 p99 TTFT: 0.2386 초 | 
2025-11-20 21:03:25,714 - INFO - [실시간] 요청 18000개 처리 | 현재까지의 RPS: 395.53최근 1000개 request의 p99 TTFT: 0.3743 초 | 
2025-11-20 21:03:28,103 - INFO - [실시간] 요청 19000개 처리 | 현재까지의 RPS: 396.68최근 1000개 request의 p99 TTFT: 0.4978 초 | 
2025-11-20 21:03:30,390 - INFO - [실시간] 요청 20000개 처리 | 현재까지의 RPS: 398.53최근 1000개 request의 p99 TTFT: 0.3322 초 | 
2025-11-20 21:03:32,746 - INFO - [실시간] 요청 21000개 처리 | 현재까지의 RPS: 399.69최근 1000개 request의 p99 TTFT: 0.2019 초 | 
2025-11-20 21:03:35,062 - INFO - [실시간] 요청 22000개 처리 | 현재까지의 RPS: 401.05최근 1000개 request의 p99 TTFT: 0.4067 초 | 
2025-11-20 21:03:37,371 - INFO - [실시간] 요청 23000개 처리 | 현재까지의 RPS: 402.34최근 1000개 request의 p99 TTFT: 0.3988 초 | 
2025-11-20 21:03:39,547 - INFO - [실시간] 요청 24000개 처리 | 현재까지의 RPS: 404.44최근 1000개 request의 p99 TTFT: 0.4346 초 | 
2025-11-20 21:03:41,649 - INFO - [실시간] 요청 25000개 처리 | 현재까지의 RPS: 406.88최근 1000개 request의 p99 TTFT: 0.3130 초 | 
2025-11-20 21:03:43,660 - INFO - [실시간] 요청 26000개 처리 | 현재까지의 RPS: 409.74최근 1000개 request의 p99 TTFT: 0.1977 초 | 
2025-11-20 21:03:45,681 - INFO - [실시간] 요청 27000개 처리 | 현재까지의 RPS: 412.37최근 1000개 request의 p99 TTFT: 0.4145 초 | 
2025-11-20 21:03:47,640 - INFO - [실시간] 요청 28000개 처리 | 현재까지의 RPS: 415.22최근 1000개 request의 p99 TTFT: 0.4530 초 | 
2025-11-20 21:03:49,494 - INFO - [실시간] 요청 29000개 처리 | 현재까지의 RPS: 418.54최근 1000개 request의 p99 TTFT: 0.3057 초 | 
2025-11-20 21:03:51,324 - INFO - [실시간] 요청 30000개 처리 | 현재까지의 RPS: 421.83최근 1000개 request의 p99 TTFT: 0.2117 초 | 
2025-11-20 21:03:53,197 - INFO - [실시간] 요청 31000개 처리 | 현재까지의 RPS: 424.70최근 1000개 request의 p99 TTFT: 0.3276 초 | 
2025-11-20 21:03:55,108 - INFO - [실시간] 요청 32000개 처리 | 현재까지의 RPS: 427.22최근 1000개 request의 p99 TTFT: 0.4510 초 | 
2025-11-20 21:03:56,847 - INFO - [실시간] 요청 33000개 처리 | 현재까지의 RPS: 430.58최근 1000개 request의 p99 TTFT: 0.4372 초 | 
2025-11-20 21:03:58,534 - INFO - [실시간] 요청 34000개 처리 | 현재까지의 RPS: 434.07최근 1000개 request의 p99 TTFT: 0.2197 초 | 
2025-11-20 21:04:00,269 - INFO - [실시간] 요청 35000개 처리 | 현재까지의 RPS: 437.15최근 1000개 request의 p99 TTFT: 0.2200 초 | 
2025-11-20 21:04:02,100 - INFO - [실시간] 요청 36000개 처리 | 현재까지의 RPS: 439.59최근 1000개 request의 p99 TTFT: 0.5172 초 | 
2025-11-20 21:04:03,917 - INFO - [실시간] 요청 37000개 처리 | 현재까지의 RPS: 441.99최근 1000개 request의 p99 TTFT: 0.5375 초 | 
2025-11-20 21:04:05,739 - INFO - [실시간] 요청 38000개 처리 | 현재까지의 RPS: 444.27최근 1000개 request의 p99 TTFT: 0.4311 초 | 
2025-11-20 21:04:07,579 - INFO - [실시간] 요청 39000개 처리 | 현재까지의 RPS: 446.36최근 1000개 request의 p99 TTFT: 0.2143 초 | 
2025-11-20 21:04:09,403 - INFO - [실시간] 요청 40000개 처리 | 현재까지의 RPS: 448.44최근 1000개 request의 p99 TTFT: 0.1933 초 | 
2025-11-20 21:04:11,200 - INFO - [실시간] 요청 41000개 처리 | 현재까지의 RPS: 450.58최근 1000개 request의 p99 TTFT: 0.3681 초 | 
2025-11-20 21:04:13,147 - INFO - [실시간] 요청 42000개 처리 | 현재까지의 RPS: 451.90최근 1000개 request의 p99 TTFT: 0.5229 초 | 
2025-11-20 21:04:14,855 - INFO - [실시간] 요청 43000개 처리 | 현재까지의 RPS: 454.31최근 1000개 request의 p99 TTFT: 0.4810 초 | 
2025-11-20 21:04:16,753 - INFO - [실시간] 요청 44000개 처리 | 현재까지의 RPS: 455.74최근 1000개 request의 p99 TTFT: 0.2020 초 | 
2025-11-20 21:04:18,456 - INFO - [실시간] 요청 45000개 처리 | 현재까지의 RPS: 458.02최근 1000개 request의 p99 TTFT: 0.1927 초 | 
2025-11-20 21:04:20,351 - INFO - [실시간] 요청 46000개 처리 | 현재까지의 RPS: 459.33최근 1000개 request의 p99 TTFT: 0.3547 초 | 
2025-11-20 21:04:22,366 - INFO - [실시간] 요청 47000개 처리 | 현재까지의 RPS: 460.06최근 1000개 request의 p99 TTFT: 0.3142 초 | 
2025-11-20 21:04:24,103 - INFO - [실시간] 요청 48000개 처리 | 현재까지의 RPS: 461.99최근 1000개 request의 p99 TTFT: 0.6914 초 | 
2025-11-20 21:04:25,798 - INFO - [실시간] 요청 49000개 처리 | 현재까지의 RPS: 464.05최근 1000개 request의 p99 TTFT: 0.5316 초 | 
2025-11-20 21:04:27,623 - INFO - [실시간] 요청 50000개 처리 | 현재까지의 RPS: 465.47최근 1000개 request의 p99 TTFT: 0.2057 초 | 
2025-11-20 21:04:29,444 - INFO - [실시간] 요청 51000개 처리 | 현재까지의 RPS: 466.87최근 1000개 request의 p99 TTFT: 0.3421 초 | 
2025-11-20 21:04:31,262 - INFO - [실시간] 요청 52000개 처리 | 현재까지의 RPS: 468.23최근 1000개 request의 p99 TTFT: 0.2147 초 | 
2025-11-20 21:04:33,211 - INFO - [실시간] 요청 53000개 처리 | 현재까지의 RPS: 469.00최근 1000개 request의 p99 TTFT: 0.2263 초 | 
2025-11-20 21:04:35,043 - INFO - [실시간] 요청 54000개 처리 | 현재까지의 RPS: 470.23최근 1000개 request의 p99 TTFT: 0.7374 초 | 
2025-11-20 21:04:36,862 - INFO - [실시간] 요청 55000개 처리 | 현재까지의 RPS: 471.47최근 1000개 request의 p99 TTFT: 0.6357 초 | 
2025-11-20 21:04:38,667 - INFO - [실시간] 요청 56000개 처리 | 현재까지의 RPS: 472.73최근 1000개 request의 p99 TTFT: 0.2074 초 | 
2025-11-20 21:04:40,508 - INFO - [실시간] 요청 57000개 처리 | 현재까지의 RPS: 473.81최근 1000개 request의 p99 TTFT: 0.4152 초 | 
2025-11-20 21:04:42,197 - INFO - [실시간] 요청 58000개 처리 | 현재까지의 RPS: 475.44최근 1000개 request의 p99 TTFT: 0.2402 초 | 
2025-11-20 21:04:43,920 - INFO - [실시간] 요청 59000개 처리 | 현재까지의 RPS: 476.91최근 1000개 request의 p99 TTFT: 0.3701 초 | 
2025-11-20 21:04:45,606 - INFO - [실시간] 요청 60000개 처리 | 현재까지의 RPS: 478.47최근 1000개 request의 p99 TTFT: 0.5420 초 | 
2025-11-20 21:04:47,217 - INFO - [실시간] 요청 61000개 처리 | 현재까지의 RPS: 480.27최근 1000개 request의 p99 TTFT: 0.4006 초 | 
2025-11-20 21:04:48,854 - INFO - [실시간] 요청 62000개 처리 | 현재까지의 RPS: 481.93최근 1000개 request의 p99 TTFT: 0.3451 초 | 
2025-11-20 21:04:50,491 - INFO - [실시간] 요청 63000개 처리 | 현재까지의 RPS: 483.56최근 1000개 request의 p99 TTFT: 0.2090 초 | 
2025-11-20 21:04:52,148 - INFO - [실시간] 요청 64000개 처리 | 현재까지의 RPS: 485.06최근 1000개 request의 p99 TTFT: 0.5027 초 | 
2025-11-20 21:04:53,813 - INFO - [실시간] 요청 65000개 처리 | 현재까지의 RPS: 486.50최근 1000개 request의 p99 TTFT: 0.5820 초 | 
2025-11-20 21:04:55,391 - INFO - [실시간] 요청 66000개 처리 | 현재까지의 RPS: 488.22최근 1000개 request의 p99 TTFT: 0.3752 초 | 
2025-11-20 21:04:56,891 - INFO - [실시간] 요청 67000개 처리 | 현재까지의 RPS: 490.18최근 1000개 request의 p99 TTFT: 0.4639 초 | 
2025-11-20 21:04:58,496 - INFO - [실시간] 요청 68000개 처리 | 현재까지의 RPS: 491.72최근 1000개 request의 p99 TTFT: 0.4166 초 | 
2025-11-20 21:05:00,065 - INFO - [실시간] 요청 69000개 처리 | 현재까지의 RPS: 493.35최근 1000개 request의 p99 TTFT: 0.3725 초 | 
2025-11-20 21:05:01,698 - INFO - [실시간] 요청 70000개 처리 | 현재까지의 RPS: 494.73최근 1000개 request의 p99 TTFT: 0.5827 초 | 
2025-11-20 21:05:03,268 - INFO - [실시간] 요청 71000개 처리 | 현재까지의 RPS: 496.29최근 1000개 request의 p99 TTFT: 0.4598 초 | 
2025-11-20 21:05:04,808 - INFO - [실시간] 요청 72000개 처리 | 현재까지의 RPS: 497.92최근 1000개 request의 p99 TTFT: 0.2089 초 | 
2025-11-20 21:05:06,507 - INFO - [실시간] 요청 73000개 처리 | 현재까지의 RPS: 498.97최근 1000개 request의 p99 TTFT: 0.3807 초 | 
2025-11-20 21:05:08,128 - INFO - [실시간] 요청 74000개 처리 | 현재까지의 RPS: 500.26최근 1000개 request의 p99 TTFT: 0.3525 초 | 
2025-11-20 21:05:09,927 - INFO - [실시간] 요청 75000개 처리 | 현재까지의 RPS: 500.93최근 1000개 request의 p99 TTFT: 0.6028 초 | 
2025-11-20 21:05:11,435 - INFO - [실시간] 요청 76000개 처리 | 현재까지의 RPS: 502.55최근 1000개 request의 p99 TTFT: 0.6284 초 | 
2025-11-20 21:05:13,078 - INFO - [실시간] 요청 77000개 처리 | 현재까지의 RPS: 503.69최근 1000개 request의 p99 TTFT: 0.2007 초 | 
2025-11-20 21:05:14,643 - INFO - [실시간] 요청 78000개 처리 | 현재까지의 RPS: 505.06최근 1000개 request의 p99 TTFT: 0.3849 초 | 
2025-11-20 21:05:16,281 - INFO - [실시간] 요청 79000개 처리 | 현재까지의 RPS: 506.17최근 1000개 request의 p99 TTFT: 0.2218 초 | 
2025-11-20 21:05:18,049 - INFO - [실시간] 요청 80000개 처리 | 현재까지의 RPS: 506.83최근 1000개 request의 p99 TTFT: 0.3391 초 | 
2025-11-20 21:05:19,630 - INFO - [실시간] 요청 81000개 처리 | 현재까지의 RPS: 508.08최근 1000개 request의 p99 TTFT: 0.5562 초 | 
2025-11-20 21:05:21,143 - INFO - [실시간] 요청 82000개 처리 | 현재까지의 RPS: 509.51최근 1000개 request의 p99 TTFT: 0.5103 초 | 
2025-11-20 21:05:22,655 - INFO - [실시간] 요청 83000개 처리 | 현재까지의 RPS: 510.93최근 1000개 request의 p99 TTFT: 0.1971 초 | 
2025-11-20 21:05:24,186 - INFO - [실시간] 요청 84000개 처리 | 현재까지의 RPS: 512.26최근 1000개 request의 p99 TTFT: 0.4348 초 | 
2025-11-20 21:05:25,759 - INFO - [실시간] 요청 85000개 처리 | 현재까지의 RPS: 513.43최근 1000개 request의 p99 TTFT: 0.4744 초 | 
2025-11-20 21:05:27,608 - INFO - [실시간] 요청 86000개 처리 | 현재까지의 RPS: 513.73최근 1000개 request의 p99 TTFT: 0.2580 초 | 
2025-11-20 21:05:29,136 - INFO - [실시간] 요청 87000개 처리 | 현재까지의 RPS: 515.01최근 1000개 request의 p99 TTFT: 0.5312 초 | 
2025-11-20 21:05:30,680 - INFO - [실시간] 요청 88000개 처리 | 현재까지의 RPS: 516.21최근 1000개 request의 p99 TTFT: 0.5042 초 | 
2025-11-20 21:05:32,311 - INFO - [실시간] 요청 89000개 처리 | 현재까지의 RPS: 517.12최근 1000개 request의 p99 TTFT: 0.1912 초 | 
2025-11-20 21:05:34,037 - INFO - [실시간] 요청 90000개 처리 | 현재까지의 RPS: 517.74최근 1000개 request의 p99 TTFT: 0.4234 초 | 
2025-11-20 21:05:35,543 - INFO - [실시간] 요청 91000개 처리 | 현재까지의 RPS: 519.00최근 1000개 request의 p99 TTFT: 0.2474 초 | 
2025-11-20 21:05:37,340 - INFO - [실시간] 요청 92000개 처리 | 현재까지의 RPS: 519.38최근 1000개 request의 p99 TTFT: 0.3494 초 | 
2025-11-20 21:05:38,916 - INFO - [실시간] 요청 93000개 처리 | 현재까지의 RPS: 520.39최근 1000개 request의 p99 TTFT: 0.6978 초 | 
2025-11-20 21:05:40,443 - INFO - [실시간] 요청 94000개 처리 | 현재까지의 RPS: 521.53최근 1000개 request의 p99 TTFT: 0.7904 초 | 
2025-11-20 21:05:42,030 - INFO - [실시간] 요청 95000개 처리 | 현재까지의 RPS: 522.48최근 1000개 request의 p99 TTFT: 0.2809 초 | 
2025-11-20 21:05:43,511 - INFO - [실시간] 요청 96000개 처리 | 현재까지의 RPS: 523.72최근 1000개 request의 p99 TTFT: 0.2502 초 | 
2025-11-20 21:05:45,002 - INFO - [실시간] 요청 97000개 처리 | 현재까지의 RPS: 524.90최근 1000개 request의 p99 TTFT: 0.2483 초 | 
2025-11-20 21:05:46,650 - INFO - [실시간] 요청 98000개 처리 | 현재까지의 RPS: 525.63최근 1000개 request의 p99 TTFT: 0.4433 초 | 
2025-11-20 21:05:48,192 - INFO - [실시간] 요청 99000개 처리 | 현재까지의 RPS: 526.63최근 1000개 request의 p99 TTFT: 0.8823 초 | 
2025-11-20 21:05:49,616 - INFO - [실시간] 요청 100000개 처리 | 현재까지의 RPS: 527.95최근 1000개 request의 p99 TTFT: 0.8024 초 | 
2025-11-20 21:05:51,221 - INFO - [실시간] 요청 101000개 처리 | 현재까지의 RPS: 528.75최근 1000개 request의 p99 TTFT: 0.2024 초 | 
2025-11-20 21:05:52,733 - INFO - [실시간] 요청 102000개 처리 | 현재까지의 RPS: 529.79최근 1000개 request의 p99 TTFT: 0.3511 초 | 
2025-11-20 21:05:54,378 - INFO - [실시간] 요청 103000개 처리 | 현재까지의 RPS: 530.46최근 1000개 request의 p99 TTFT: 0.5048 초 | 
2025-11-20 21:05:55,881 - INFO - [실시간] 요청 104000개 처리 | 현재까지의 RPS: 531.49최근 1000개 request의 p99 TTFT: 0.6018 초 | 
2025-11-20 21:05:57,369 - INFO - [실시간] 요청 105000개 처리 | 현재까지의 RPS: 532.55최근 1000개 request의 p99 TTFT: 0.4300 초 | 
2025-11-20 21:05:58,810 - INFO - [실시간] 요청 106000개 처리 | 현재까지의 RPS: 533.73최근 1000개 request의 p99 TTFT: 0.2368 초 | 
2025-11-20 21:06:00,245 - INFO - [실시간] 요청 107000개 처리 | 현재까지의 RPS: 534.89최근 1000개 request의 p99 TTFT: 0.2176 초 | 
2025-11-20 21:06:01,855 - INFO - [실시간] 요청 108000개 처리 | 현재까지의 RPS: 535.58최근 1000개 request의 p99 TTFT: 0.2277 초 | 
2025-11-20 21:06:03,279 - INFO - [실시간] 요청 109000개 처리 | 현재까지의 RPS: 536.75최근 1000개 request의 p99 TTFT: 0.8023 초 | 
2025-11-20 21:06:04,696 - INFO - [실시간] 요청 110000개 처리 | 현재까지의 RPS: 537.92최근 1000개 request의 p99 TTFT: 0.8357 초 | 
2025-11-20 21:06:06,179 - INFO - [실시간] 요청 111000개 처리 | 현재까지의 RPS: 538.90최근 1000개 request의 p99 TTFT: 0.2091 초 | 
2025-11-20 21:06:07,738 - INFO - [실시간] 요청 112000개 처리 | 현재까지의 RPS: 539.68최근 1000개 request의 p99 TTFT: 0.1929 초 | 
2025-11-20 21:06:09,274 - INFO - [실시간] 요청 113000개 처리 | 현재까지의 RPS: 540.49최근 1000개 request의 p99 TTFT: 0.2041 초 | 
2025-11-20 21:06:10,739 - INFO - [실시간] 요청 114000개 처리 | 현재까지의 RPS: 541.48최근 1000개 request의 p99 TTFT: 0.2439 초 | 
2025-11-20 21:06:12,427 - INFO - [실시간] 요청 115000개 처리 | 현재까지의 RPS: 541.89최근 1000개 request의 p99 TTFT: 0.8976 초 | 
2025-11-20 21:06:13,855 - INFO - [실시간] 요청 116000개 처리 | 현재까지의 RPS: 542.94최근 1000개 request의 p99 TTFT: 0.9060 초 | 
2025-11-20 21:06:15,381 - INFO - [실시간] 요청 117000개 처리 | 현재까지의 RPS: 543.74최근 1000개 request의 p99 TTFT: 0.2151 초 | 
2025-11-20 21:06:16,840 - INFO - [실시간] 요청 118000개 처리 | 현재까지의 RPS: 544.70최근 1000개 request의 p99 TTFT: 0.4844 초 | 
2025-11-20 21:06:18,415 - INFO - [실시간] 요청 119000개 처리 | 현재까지의 RPS: 545.35최근 1000개 request의 p99 TTFT: 0.2101 초 | 
2025-11-20 21:06:20,047 - INFO - [실시간] 요청 120000개 처리 | 현재까지의 RPS: 545.85최근 1000개 request의 p99 TTFT: 0.3676 초 | 
2025-11-20 21:06:21,560 - INFO - [실시간] 요청 121000개 처리 | 현재까지의 RPS: 546.64최근 1000개 request의 p99 TTFT: 0.9367 초 | 
2025-11-20 21:06:23,086 - INFO - [실시간] 요청 122000개 처리 | 현재까지의 RPS: 547.38최근 1000개 request의 p99 TTFT: 0.8768 초 | 
2025-11-20 21:06:24,704 - INFO - [실시간] 요청 123000개 처리 | 현재까지의 RPS: 547.89최근 1000개 request의 p99 TTFT: 0.2073 초 | 
2025-11-20 21:06:26,267 - INFO - [실시간] 요청 124000개 처리 | 현재까지의 RPS: 548.52최근 1000개 request의 p99 TTFT: 0.1988 초 | 
2025-11-20 21:06:27,842 - INFO - [실시간] 요청 125000개 처리 | 현재까지의 RPS: 549.12최근 1000개 request의 p99 TTFT: 0.2039 초 | 
2025-11-20 21:06:29,568 - INFO - [실시간] 요청 126000개 처리 | 현재까지의 RPS: 549.35최근 1000개 request의 p99 TTFT: 0.4271 초 | 
2025-11-20 21:06:31,019 - INFO - [실시간] 요청 127000개 처리 | 현재까지의 RPS: 550.23최근 1000개 request의 p99 TTFT: 0.9852 초 | 
2025-11-20 21:06:32,634 - INFO - [실시간] 요청 128000개 처리 | 현재까지의 RPS: 550.71최근 1000개 request의 p99 TTFT: 0.5914 초 | 
2025-11-20 21:06:34,053 - INFO - [실시간] 요청 129000개 처리 | 현재까지의 RPS: 551.64최근 1000개 request의 p99 TTFT: 0.2127 초 | 
2025-11-20 21:06:35,645 - INFO - [실시간] 요청 130000개 처리 | 현재까지의 RPS: 552.16최근 1000개 request의 p99 TTFT: 0.2069 초 | 
2025-11-20 21:06:37,248 - INFO - [실시간] 요청 131000개 처리 | 현재까지의 RPS: 552.64최근 1000개 request의 p99 TTFT: 0.1986 초 | 
2025-11-20 21:06:38,932 - INFO - [실시간] 요청 132000개 처리 | 현재까지의 RPS: 552.93최근 1000개 request의 p99 TTFT: 0.6110 초 | 
2025-11-20 21:06:40,382 - INFO - [실시간] 요청 133000개 처리 | 현재까지의 RPS: 553.76최근 1000개 request의 p99 TTFT: 1.0457 초 | 
2025-11-20 21:06:41,866 - INFO - [실시간] 요청 134000개 처리 | 현재까지의 RPS: 554.50최근 1000개 request의 p99 TTFT: 0.2459 초 | 
2025-11-20 21:06:43,435 - INFO - [실시간] 요청 135000개 처리 | 현재까지의 RPS: 555.03최근 1000개 request의 p99 TTFT: 0.2111 초 | 
2025-11-20 21:06:44,895 - INFO - [실시간] 요청 136000개 처리 | 현재까지의 RPS: 555.81최근 1000개 request의 p99 TTFT: 0.1984 초 | 
2025-11-20 21:06:46,418 - INFO - [실시간] 요청 137000개 처리 | 현재까지의 RPS: 556.43최근 1000개 request의 p99 TTFT: 0.2046 초 | 
2025-11-20 21:06:48,036 - INFO - [실시간] 요청 138000개 처리 | 현재까지의 RPS: 556.83최근 1000개 request의 p99 TTFT: 0.8687 초 | 
2025-11-20 21:06:49,437 - INFO - [실시간] 요청 139000개 처리 | 현재까지의 RPS: 557.71최근 1000개 request의 p99 TTFT: 0.9740 초 | 
2025-11-20 21:06:50,965 - INFO - [실시간] 요청 140000개 처리 | 현재까지의 RPS: 558.30최근 1000개 request의 p99 TTFT: 0.2275 초 | 
2025-11-20 21:06:52,451 - INFO - [실시간] 요청 141000개 처리 | 현재까지의 RPS: 558.98최근 1000개 request의 p99 TTFT: 0.2008 초 | 
2025-11-20 21:06:53,992 - INFO - [실시간] 요청 142000개 처리 | 현재까지의 RPS: 559.52최근 1000개 request의 p99 TTFT: 0.2254 초 | 
2025-11-20 21:06:55,560 - INFO - [실시간] 요청 143000개 처리 | 현재까지의 RPS: 560.01최근 1000개 request의 p99 TTFT: 0.4584 초 | 
2025-11-20 21:06:56,971 - INFO - [실시간] 요청 144000개 처리 | 현재까지의 RPS: 560.82최근 1000개 request의 p99 TTFT: 0.7626 초 | 
2025-11-20 21:06:58,447 - INFO - [실시간] 요청 145000개 처리 | 현재까지의 RPS: 561.49최근 1000개 request의 p99 TTFT: 0.5553 초 | 
2025-11-20 21:06:59,835 - INFO - [실시간] 요청 146000개 처리 | 현재까지의 RPS: 562.34최근 1000개 request의 p99 TTFT: 0.2076 초 | 
2025-11-20 21:07:01,259 - INFO - [실시간] 요청 147000개 처리 | 현재까지의 RPS: 563.10최근 1000개 request의 p99 TTFT: 0.2351 초 | 
2025-11-20 21:07:02,687 - INFO - [실시간] 요청 148000개 처리 | 현재까지의 RPS: 563.85최근 1000개 request의 p99 TTFT: 0.2499 초 | 
2025-11-20 21:07:04,321 - INFO - [실시간] 요청 149000개 처리 | 현재까지의 RPS: 564.15최근 1000개 request의 p99 TTFT: 0.3481 초 | 
2025-11-20 21:07:05,781 - INFO - [실시간] 요청 150000개 처리 | 현재까지의 RPS: 564.81최근 1000개 request의 p99 TTFT: 0.8557 초 | 
2025-11-20 21:07:07,244 - INFO - [실시간] 요청 151000개 처리 | 현재까지의 RPS: 565.46최근 1000개 request의 p99 TTFT: 0.7478 초 | 
2025-11-20 21:07:08,686 - INFO - [실시간] 요청 152000개 처리 | 현재까지의 RPS: 566.15최근 1000개 request의 p99 TTFT: 0.2613 초 | 
2025-11-20 21:07:10,166 - INFO - [실시간] 요청 153000개 처리 | 현재까지의 RPS: 566.75최근 1000개 request의 p99 TTFT: 0.2053 초 | 
2025-11-20 21:07:11,644 - INFO - [실시간] 요청 154000개 처리 | 현재까지의 RPS: 567.35최근 1000개 request의 p99 TTFT: 0.2137 초 | 
2025-11-20 21:07:13,267 - INFO - [실시간] 요청 155000개 처리 | 현재까지의 RPS: 567.64최근 1000개 request의 p99 TTFT: 0.5118 초 | 
2025-11-20 21:07:14,737 - INFO - [실시간] 요청 156000개 처리 | 현재까지의 RPS: 568.24최근 1000개 request의 p99 TTFT: 0.7794 초 | 
2025-11-20 21:07:16,153 - INFO - [실시간] 요청 157000개 처리 | 현재까지의 RPS: 568.95최근 1000개 request의 p99 TTFT: 0.4767 초 | 
2025-11-20 21:07:17,645 - INFO - [실시간] 요청 158000개 처리 | 현재까지의 RPS: 569.49최근 1000개 request의 p99 TTFT: 0.4208 초 | 
2025-11-20 21:07:19,155 - INFO - [실시간] 요청 159000개 처리 | 현재까지의 RPS: 569.99최근 1000개 request의 p99 TTFT: 0.2152 초 | 
2025-11-20 21:07:20,634 - INFO - [실시간] 요청 160000개 처리 | 현재까지의 RPS: 570.55최근 1000개 request의 p99 TTFT: 0.2735 초 | 
2025-11-20 21:07:22,135 - INFO - [실시간] 요청 161000개 처리 | 현재까지의 RPS: 571.06최근 1000개 request의 p99 TTFT: 0.5935 초 | 
2025-11-20 21:07:23,515 - INFO - [실시간] 요청 162000개 처리 | 현재까지의 RPS: 571.81최근 1000개 request의 p99 TTFT: 0.5410 초 | 
2025-11-20 21:07:25,010 - INFO - [실시간] 요청 163000개 처리 | 현재까지의 RPS: 572.32최근 1000개 request의 p99 TTFT: 0.4251 초 | 
2025-11-20 21:07:26,487 - INFO - [실시간] 요청 164000개 처리 | 현재까지의 RPS: 572.86최근 1000개 request의 p99 TTFT: 0.2133 초 | 
2025-11-20 21:07:27,962 - INFO - [실시간] 요청 165000개 처리 | 현재까지의 RPS: 573.40최근 1000개 request의 p99 TTFT: 0.2520 초 | 
2025-11-20 21:07:29,551 - INFO - [실시간] 요청 166000개 처리 | 현재까지의 RPS: 573.71최근 1000개 request의 p99 TTFT: 0.3354 초 | 
2025-11-20 21:07:31,060 - INFO - [실시간] 요청 167000개 처리 | 현재까지의 RPS: 574.17최근 1000개 request의 p99 TTFT: 0.6280 초 | 
2025-11-20 21:07:32,548 - INFO - [실시간] 요청 168000개 처리 | 현재까지의 RPS: 574.67최근 1000개 request의 p99 TTFT: 0.5944 초 | 
2025-11-20 21:07:34,029 - INFO - [실시간] 요청 169000개 처리 | 현재까지의 RPS: 575.18최근 1000개 request의 p99 TTFT: 0.4857 초 | 
2025-11-20 21:07:35,531 - INFO - [실시간] 요청 170000개 처리 | 현재까지의 RPS: 575.64최근 1000개 request의 p99 TTFT: 0.2036 초 | 
2025-11-20 21:07:37,016 - INFO - [실시간] 요청 171000개 처리 | 현재까지의 RPS: 576.12최근 1000개 request의 p99 TTFT: 0.1975 초 | 
2025-11-20 21:07:38,639 - INFO - [실시간] 요청 172000개 처리 | 현재까지의 RPS: 576.34최근 1000개 request의 p99 TTFT: 0.4434 초 | 
2025-11-20 21:07:39,964 - INFO - [실시간] 요청 173000개 처리 | 현재까지의 RPS: 577.13최근 1000개 request의 p99 TTFT: 0.5900 초 | 
2025-11-20 21:07:41,458 - INFO - [실시간] 요청 174000개 처리 | 현재까지의 RPS: 577.59최근 1000개 request의 p99 TTFT: 0.3797 초 | 
2025-11-20 21:07:42,954 - INFO - [실시간] 요청 175000개 처리 | 현재까지의 RPS: 578.04최근 1000개 request의 p99 TTFT: 0.4287 초 | 
2025-11-20 21:07:44,397 - INFO - [실시간] 요청 176000개 처리 | 현재까지의 RPS: 578.58최근 1000개 request의 p99 TTFT: 0.2189 초 | 
2025-11-20 21:07:46,130 - INFO - [실시간] 요청 177000개 처리 | 현재까지의 RPS: 578.57최근 1000개 request의 p99 TTFT: 0.2131 초 | 
2025-11-20 21:07:47,600 - INFO - [실시간] 요청 178000개 처리 | 현재까지의 RPS: 579.06최근 1000개 request의 p99 TTFT: 0.6494 초 | 
2025-11-20 21:07:48,917 - INFO - [실시간] 요청 179000개 처리 | 현재까지의 RPS: 579.83최근 1000개 request의 p99 TTFT: 0.6354 초 | 
2025-11-20 21:07:50,385 - INFO - [실시간] 요청 180000개 처리 | 현재까지의 RPS: 580.31최근 1000개 request의 p99 TTFT: 0.2389 초 | 
2025-11-20 21:07:51,808 - INFO - [실시간] 요청 181000개 처리 | 현재까지의 RPS: 580.87최근 1000개 request의 p99 TTFT: 0.4319 초 | 
2025-11-20 21:07:53,270 - INFO - [실시간] 요청 182000개 처리 | 현재까지의 RPS: 581.35최근 1000개 request의 p99 TTFT: 0.3015 초 | 
2025-11-20 21:07:54,843 - INFO - [실시간] 요청 183000개 처리 | 현재까지의 RPS: 581.62최근 1000개 request의 p99 TTFT: 0.3401 초 | 
2025-11-20 21:07:56,295 - INFO - [실시간] 요청 184000개 처리 | 현재까지의 RPS: 582.11최근 1000개 request의 p99 TTFT: 0.6054 초 | 
2025-11-20 21:07:57,667 - INFO - [실시간] 요청 185000개 처리 | 현재까지의 RPS: 582.75최근 1000개 request의 p99 TTFT: 0.4192 초 | 
2025-11-20 21:07:59,142 - INFO - [실시간] 요청 186000개 처리 | 현재까지의 RPS: 583.19최근 1000개 request의 p99 TTFT: 0.4360 초 | 
2025-11-20 21:08:00,553 - INFO - [실시간] 요청 187000개 처리 | 현재까지의 RPS: 583.74최근 1000개 request의 p99 TTFT: 0.4671 초 | 
2025-11-20 21:08:02,047 - INFO - [실시간] 요청 188000개 처리 | 현재까지의 RPS: 584.14최근 1000개 request의 p99 TTFT: 0.2222 초 | 
2025-11-20 21:08:03,605 - INFO - [실시간] 요청 189000개 처리 | 현재까지의 RPS: 584.42최근 1000개 request의 p99 TTFT: 0.4470 초 | 
2025-11-20 21:08:05,027 - INFO - [실시간] 요청 190000개 처리 | 현재까지의 RPS: 584.94최근 1000개 request의 p99 TTFT: 0.5402 초 | 
2025-11-20 21:08:06,443 - INFO - [실시간] 요청 191000개 처리 | 현재까지의 RPS: 585.46최근 1000개 request의 p99 TTFT: 0.3191 초 | 
2025-11-20 21:08:07,920 - INFO - [실시간] 요청 192000개 처리 | 현재까지의 RPS: 585.87최근 1000개 request의 p99 TTFT: 0.3598 초 | 
2025-11-20 21:08:09,354 - INFO - [실시간] 요청 193000개 처리 | 현재까지의 RPS: 586.36최근 1000개 request의 p99 TTFT: 0.4309 초 | 
2025-11-20 21:08:10,926 - INFO - [실시간] 요청 194000개 처리 | 현재까지의 RPS: 586.60최근 1000개 request의 p99 TTFT: 0.2061 초 | 
통계에 반영된 요청 인덱스 범위: 3000 ~ 194000 (총 191000개 요청)
통계 반영된 요청 수: 191000, 통계 반영된 시간: 319.43 초

==================================================
 실험 최종 결과 요약
==================================================
 설정 실험 시간: 330 초
 Clients 수: 8000
 통계 반영 시간: 319.43 초
 총 시도된 요청: 199807 개
 총 완료된 요청: 191000 개
 총 실패한 요청: 8807 개
 완료 요청 중 retrieval이 실패한 요청: -3214 개
 요청 성공률: 95.59%
 전체 Requests Per Second (RPS): 597.94
--------------------------------------------------
 Time to First Token (TTFT) Latency:
  - 평균 (Mean): 0.1189 초
  - 중간값 (50%ile): 0.0909 초
  - 최소값 (Min): 0.0182 초
  - 최대값 (Max): 1.1418 초
  - 95%ile Tail: 0.2981 초
  - 99%ile Tail: 0.5303 초
--------------------------------------------------
 Time Per Output Token (TPOT):
  - 평균 (Mean): 16.89 ms/token
--------------------------------------------------
 Embedding Latency:
  - 총 샘플 수: 191000
  - 평균 (Mean): 8.13 ms
  - 중간값 (50%ile): 6.00 ms
  - 95%ile Tail: 15.00 ms
  - 99%ile Tail: 44.00 ms
--------------------------------------------------
 VectorDB Search Latency:
  - 총 샘플 수: 191000
  - 평균 (Mean): 35.88 ms
  - 중간값 (50%ile): 19.00 ms
  - 95%ile Tail: 139.00 ms
  - 99%ile Tail: 321.00 ms
--------------------------------------------------
 Document Search Latency:
  - 총 샘플 수: 191000
  - 평균 (Mean): 14.49 ms
  - 중간값 (50%ile): 6.00 ms
  - 95%ile Tail: 49.00 ms
  - 99%ile Tail: 133.00 ms
--------------------------------------------------
 Total Retrieval Latency:
  - 총 샘플 수: 191000
  - 평균 (Mean): 58.51 ms
  - 중간값 (50%ile): 35.00 ms
  - 95%ile Tail: 186.00 ms
  - 99%ile Tail: 429.00 ms
==================================================
