2025-12-05 07:02:46,578 - INFO - ReqGen 시작: 서버=163.152.48.109:9000, 클라이언트=7000, 시간=330초
2025-12-05 07:02:46,578 - INFO - Hugging Face에서 'kroshan/BioASQ' 데이터셋을 로드합니다...
2025-12-05 07:02:52,358 - INFO - 3266개의 질문을 로드했습니다.
2025-12-05 07:02:52,359 - INFO - 부하 테스트 시작, client 수 = 7000
2025-12-05 07:02:57,845 - INFO - [실시간] 요청 1000개 처리 | 현재까지의 RPS: 182.26최근 1000개 request의 p99 TTFT: 0.3479 초 | 
2025-12-05 07:03:01,430 - INFO - [실시간] 요청 2000개 처리 | 현재까지의 RPS: 220.46최근 1000개 request의 p99 TTFT: 0.4713 초 | 
2025-12-05 07:03:04,525 - INFO - [실시간] 요청 3000개 처리 | 현재까지의 RPS: 246.58최근 1000개 request의 p99 TTFT: 0.2659 초 | 
2025-12-05 07:03:07,151 - INFO - [실시간] 요청 4000개 처리 | 현재까지의 RPS: 270.40최근 1000개 request의 p99 TTFT: 0.3225 초 | 
2025-12-05 07:03:09,714 - INFO - [실시간] 요청 5000개 처리 | 현재까지의 RPS: 288.10최근 1000개 request의 p99 TTFT: 0.3409 초 | 
2025-12-05 07:03:11,827 - INFO - [실시간] 요청 6000개 처리 | 현재까지의 RPS: 308.19최근 1000개 request의 p99 TTFT: 0.7595 초 | 
2025-12-05 07:03:14,087 - INFO - [실시간] 요청 7000개 처리 | 현재까지의 RPS: 322.16최근 1000개 request의 p99 TTFT: 1.0029 초 | 
2025-12-05 07:03:17,363 - INFO - [실시간] 요청 8000개 처리 | 현재까지의 RPS: 319.94최근 1000개 request의 p99 TTFT: 0.5709 초 | 
2025-12-05 07:03:20,259 - INFO - [실시간] 요청 9000개 처리 | 현재까지의 RPS: 322.58최근 1000개 request의 p99 TTFT: 0.2028 초 | 
2025-12-05 07:03:23,200 - INFO - [실시간] 요청 10000개 처리 | 현재까지의 RPS: 324.24최근 1000개 request의 p99 TTFT: 0.1913 초 | 
2025-12-05 07:03:26,224 - INFO - [실시간] 요청 11000개 처리 | 현재까지의 RPS: 324.82최근 1000개 request의 p99 TTFT: 0.2003 초 | 
2025-12-05 07:03:29,013 - INFO - [실시간] 요청 12000개 처리 | 현재까지의 RPS: 327.39최근 1000개 request의 p99 TTFT: 0.1918 초 | 
2025-12-05 07:03:32,332 - INFO - [실시간] 요청 13000개 처리 | 현재까지의 RPS: 325.21최근 1000개 request의 p99 TTFT: 1.3970 초 | 
2025-12-05 07:03:35,077 - INFO - [실시간] 요청 14000개 처리 | 현재까지의 RPS: 327.73최근 1000개 request의 p99 TTFT: 1.8288 초 | 
2025-12-05 07:03:38,072 - INFO - [실시간] 요청 15000개 처리 | 현재까지의 RPS: 328.13최근 1000개 request의 p99 TTFT: 0.4216 초 | 
2025-12-05 07:03:41,072 - INFO - [실시간] 요청 16000개 처리 | 현재까지의 RPS: 328.45최근 1000개 request의 p99 TTFT: 0.3965 초 | 
2025-12-05 07:03:44,079 - INFO - [실시간] 요청 17000개 처리 | 현재까지의 RPS: 328.69최근 1000개 request의 p99 TTFT: 0.5882 초 | 
2025-12-05 07:03:47,039 - INFO - [실시간] 요청 18000개 처리 | 현재까지의 RPS: 329.19최근 1000개 request의 p99 TTFT: 0.3894 초 | 
2025-12-05 07:03:50,034 - INFO - [실시간] 요청 19000개 처리 | 현재까지의 RPS: 329.43최근 1000개 request의 p99 TTFT: 0.2386 초 | 
2025-12-05 07:03:53,147 - INFO - [실시간] 요청 20000개 처리 | 현재까지의 RPS: 329.01최근 1000개 request의 p99 TTFT: 0.2183 초 | 
2025-12-05 07:03:55,610 - INFO - [실시간] 요청 21000개 처리 | 현재까지의 RPS: 332.01최근 1000개 request의 p99 TTFT: 0.2331 초 | 
2025-12-05 07:03:58,000 - INFO - [실시간] 요청 22000개 처리 | 현재까지의 RPS: 335.16최근 1000개 request의 p99 TTFT: 0.3382 초 | 
2025-12-05 07:04:00,486 - INFO - [실시간] 요청 23000개 처리 | 현재까지의 RPS: 337.60최근 1000개 request의 p99 TTFT: 0.4593 초 | 
2025-12-05 07:04:02,786 - INFO - [실시간] 요청 24000개 처리 | 현재까지의 RPS: 340.78최근 1000개 request의 p99 TTFT: 0.3975 초 | 
2025-12-05 07:04:05,020 - INFO - [실시간] 요청 25000개 처리 | 현재까지의 RPS: 344.06최근 1000개 request의 p99 TTFT: 0.2062 초 | 
2025-12-05 07:04:07,336 - INFO - [실시간] 요청 26000개 처리 | 현재까지의 RPS: 346.77최근 1000개 request의 p99 TTFT: 0.2050 초 | 
2025-12-05 07:04:09,702 - INFO - [실시간] 요청 27000개 처리 | 현재까지의 RPS: 349.09최근 1000개 request의 p99 TTFT: 0.3665 초 | 
2025-12-05 07:04:11,916 - INFO - [실시간] 요청 28000개 처리 | 현재까지의 RPS: 351.95최근 1000개 request의 p99 TTFT: 0.4951 초 | 
2025-12-05 07:04:14,230 - INFO - [실시간] 요청 29000개 처리 | 현재까지의 RPS: 354.21최근 1000개 request의 p99 TTFT: 0.2128 초 | 
2025-12-05 07:04:16,600 - INFO - [실시간] 요청 30000개 처리 | 현재까지의 RPS: 356.12최근 1000개 request의 p99 TTFT: 0.1976 초 | 
2025-12-05 07:04:19,256 - INFO - [실시간] 요청 31000개 처리 | 현재까지의 RPS: 356.74최근 1000개 request의 p99 TTFT: 0.2080 초 | 
2025-12-05 07:04:21,560 - INFO - [실시간] 요청 32000개 처리 | 현재까지의 RPS: 358.74최근 1000개 request의 p99 TTFT: 0.4755 초 | 
2025-12-05 07:04:23,904 - INFO - [실시간] 요청 33000개 처리 | 현재까지의 RPS: 360.48최근 1000개 request의 p99 TTFT: 0.2071 초 | 
2025-12-05 07:04:26,343 - INFO - [실시간] 요청 34000개 처리 | 현재까지의 RPS: 361.76최근 1000개 request의 p99 TTFT: 0.2116 초 | 
2025-12-05 07:04:28,748 - INFO - [실시간] 요청 35000개 처리 | 현재까지의 RPS: 363.11최근 1000개 request의 p99 TTFT: 0.1977 초 | 
2025-12-05 07:04:31,225 - INFO - [실시간] 요청 36000개 처리 | 현재까지의 RPS: 364.13최근 1000개 request의 p99 TTFT: 0.1905 초 | 
2025-12-05 07:04:33,696 - INFO - [실시간] 요청 37000개 처리 | 현재까지의 RPS: 365.12최근 1000개 request의 p99 TTFT: 0.3363 초 | 
2025-12-05 07:04:36,111 - INFO - [실시간] 요청 38000개 처리 | 현재까지의 RPS: 366.26최근 1000개 request의 p99 TTFT: 0.2756 초 | 
2025-12-05 07:04:38,618 - INFO - [실시간] 요청 39000개 처리 | 현재까지의 RPS: 367.03최근 1000개 request의 p99 TTFT: 0.1945 초 | 
2025-12-05 07:04:41,091 - INFO - [실시간] 요청 40000개 처리 | 현재까지의 RPS: 367.88최근 1000개 request의 p99 TTFT: 0.1871 초 | 
2025-12-05 07:04:43,531 - INFO - [실시간] 요청 41000개 처리 | 현재까지의 RPS: 368.80최근 1000개 request의 p99 TTFT: 0.1883 초 | 
2025-12-05 07:04:45,906 - INFO - [실시간] 요청 42000개 처리 | 현재까지의 RPS: 369.89최근 1000개 request의 p99 TTFT: 0.1916 초 | 
2025-12-05 07:04:48,336 - INFO - [실시간] 요청 43000개 처리 | 현재까지의 RPS: 370.76최근 1000개 request의 p99 TTFT: 0.3775 초 | 
2025-12-05 07:04:51,034 - INFO - [실시간] 요청 44000개 처리 | 현재까지의 RPS: 370.76최근 1000개 request의 p99 TTFT: 0.2261 초 | 
2025-12-05 07:04:53,515 - INFO - [실시간] 요청 45000개 처리 | 현재까지의 RPS: 371.42최근 1000개 request의 p99 TTFT: 0.1821 초 | 
2025-12-05 07:04:55,719 - INFO - [실시간] 요청 46000개 처리 | 현재까지의 RPS: 372.89최근 1000개 request의 p99 TTFT: 0.2153 초 | 
2025-12-05 07:04:58,001 - INFO - [실시간] 요청 47000개 처리 | 현재까지의 RPS: 374.08최근 1000개 request의 p99 TTFT: 0.2059 초 | 
2025-12-05 07:05:00,260 - INFO - [실시간] 요청 48000개 처리 | 현재까지의 RPS: 375.29최근 1000개 request의 p99 TTFT: 0.3023 초 | 
2025-12-05 07:05:02,374 - INFO - [실시간] 요청 49000개 처리 | 현재까지의 RPS: 376.88최근 1000개 request의 p99 TTFT: 0.3738 초 | 
2025-12-05 07:05:04,446 - INFO - [실시간] 요청 50000개 처리 | 현재까지의 RPS: 378.54최근 1000개 request의 p99 TTFT: 0.1816 초 | 
2025-12-05 07:05:06,581 - INFO - [실시간] 요청 51000개 처리 | 현재까지의 RPS: 379.97최근 1000개 request의 p99 TTFT: 0.1877 초 | 
2025-12-05 07:05:08,603 - INFO - [실시간] 요청 52000개 처리 | 현재까지의 RPS: 381.67최근 1000개 request의 p99 TTFT: 0.2208 초 | 
2025-12-05 07:05:10,763 - INFO - [실시간] 요청 53000개 처리 | 현재까지의 RPS: 382.94최근 1000개 request의 p99 TTFT: 0.3645 초 | 
2025-12-05 07:05:12,874 - INFO - [실시간] 요청 54000개 처리 | 현재까지의 RPS: 384.30최근 1000개 request의 p99 TTFT: 0.4897 초 | 
2025-12-05 07:05:14,899 - INFO - [실시간] 요청 55000개 처리 | 현재까지의 RPS: 385.86최근 1000개 request의 p99 TTFT: 0.1886 초 | 
2025-12-05 07:05:16,967 - INFO - [실시간] 요청 56000개 처리 | 현재까지의 RPS: 387.25최근 1000개 request의 p99 TTFT: 0.1856 초 | 
2025-12-05 07:05:19,154 - INFO - [실시간] 요청 57000개 처리 | 현재까지의 RPS: 388.30최근 1000개 request의 p99 TTFT: 0.1852 초 | 
2025-12-05 07:05:21,144 - INFO - [실시간] 요청 58000개 처리 | 현재까지의 RPS: 389.82최근 1000개 request의 p99 TTFT: 0.1959 초 | 
2025-12-05 07:05:23,348 - INFO - [실시간] 요청 59000개 처리 | 현재까지의 RPS: 390.76최근 1000개 request의 p99 TTFT: 0.3703 초 | 
2025-12-05 07:05:25,452 - INFO - [실시간] 요청 60000개 처리 | 현재까지의 RPS: 391.92최근 1000개 request의 p99 TTFT: 0.1877 초 | 
2025-12-05 07:05:27,480 - INFO - [실시간] 요청 61000개 처리 | 현재까지의 RPS: 393.24최근 1000개 request의 p99 TTFT: 0.1942 초 | 
2025-12-05 07:05:29,616 - INFO - [실시간] 요청 62000개 처리 | 현재까지의 RPS: 394.26최근 1000개 request의 p99 TTFT: 0.1839 초 | 
2025-12-05 07:05:31,713 - INFO - [실시간] 요청 63000개 처리 | 현재까지의 RPS: 395.34최근 1000개 request의 p99 TTFT: 0.1958 초 | 
2025-12-05 07:05:33,843 - INFO - [실시간] 요청 64000개 처리 | 현재까지의 RPS: 396.32최근 1000개 request의 p99 TTFT: 0.4158 초 | 
2025-12-05 07:05:35,912 - INFO - [실시간] 요청 65000개 처리 | 현재까지의 RPS: 397.42최근 1000개 request의 p99 TTFT: 0.4935 초 | 
2025-12-05 07:05:38,041 - INFO - [실시간] 요청 66000개 처리 | 현재까지의 RPS: 398.35최근 1000개 request의 p99 TTFT: 0.2143 초 | 
2025-12-05 07:05:40,105 - INFO - [실시간] 요청 67000개 처리 | 현재까지의 RPS: 399.41최근 1000개 request의 p99 TTFT: 0.1962 초 | 
2025-12-05 07:05:42,301 - INFO - [실시간] 요청 68000개 처리 | 현재까지의 RPS: 400.14최근 1000개 request의 p99 TTFT: 0.2092 초 | 
2025-12-05 07:05:44,334 - INFO - [실시간] 요청 69000개 처리 | 현재까지의 RPS: 401.22최근 1000개 request의 p99 TTFT: 0.2107 초 | 
2025-12-05 07:05:46,535 - INFO - [실시간] 요청 70000개 처리 | 현재까지의 RPS: 401.89최근 1000개 request의 p99 TTFT: 0.3434 초 | 
2025-12-05 07:05:48,610 - INFO - [실시간] 요청 71000개 처리 | 현재까지의 RPS: 402.83최근 1000개 request의 p99 TTFT: 0.3691 초 | 
2025-12-05 07:05:50,708 - INFO - [실시간] 요청 72000개 처리 | 현재까지의 RPS: 403.70최근 1000개 request의 p99 TTFT: 0.1908 초 | 
2025-12-05 07:05:52,803 - INFO - [실시간] 요청 73000개 처리 | 현재까지의 RPS: 404.56최근 1000개 request의 p99 TTFT: 0.1826 초 | 
2025-12-05 07:05:54,838 - INFO - [실시간] 요청 74000개 처리 | 현재까지의 RPS: 405.52최근 1000개 request의 p99 TTFT: 0.1914 초 | 
2025-12-05 07:05:56,987 - INFO - [실시간] 요청 75000개 처리 | 현재까지의 RPS: 406.22최근 1000개 request의 p99 TTFT: 0.1847 초 | 
2025-12-05 07:05:58,929 - INFO - [실시간] 요청 76000개 처리 | 현재까지의 RPS: 407.35최근 1000개 request의 p99 TTFT: 0.4245 초 | 
2025-12-05 07:06:01,015 - INFO - [실시간] 요청 77000개 처리 | 현재까지의 RPS: 408.15최근 1000개 request의 p99 TTFT: 0.2111 초 | 
2025-12-05 07:06:03,056 - INFO - [실시간] 요청 78000개 처리 | 현재까지의 RPS: 409.03최근 1000개 request의 p99 TTFT: 0.1841 초 | 
2025-12-05 07:06:05,096 - INFO - [실시간] 요청 79000개 처리 | 현재까지의 RPS: 409.88최근 1000개 request의 p99 TTFT: 0.2104 초 | 
2025-12-05 07:06:07,043 - INFO - [실시간] 요청 80000개 처리 | 현재까지의 RPS: 410.92최근 1000개 request의 p99 TTFT: 0.2066 초 | 
2025-12-05 07:06:09,031 - INFO - [실시간] 요청 81000개 처리 | 현재까지의 RPS: 411.85최근 1000개 request의 p99 TTFT: 0.3151 초 | 
2025-12-05 07:06:10,961 - INFO - [실시간] 요청 82000개 처리 | 현재까지의 RPS: 412.88최근 1000개 request의 p99 TTFT: 0.4010 초 | 
2025-12-05 07:06:12,896 - INFO - [실시간] 요청 83000개 처리 | 현재까지의 RPS: 413.89최근 1000개 request의 p99 TTFT: 0.1894 초 | 
2025-12-05 07:06:14,887 - INFO - [실시간] 요청 84000개 처리 | 현재까지의 RPS: 414.76최근 1000개 request의 p99 TTFT: 0.2111 초 | 
2025-12-05 07:06:16,801 - INFO - [실시간] 요청 85000개 처리 | 현재까지의 RPS: 415.77최근 1000개 request의 p99 TTFT: 0.3814 초 | 
2025-12-05 07:06:18,724 - INFO - [실시간] 요청 86000개 처리 | 현재까지의 RPS: 416.74최근 1000개 request의 p99 TTFT: 0.1964 초 | 
2025-12-05 07:06:20,748 - INFO - [실시간] 요청 87000개 처리 | 현재까지의 RPS: 417.49최근 1000개 request의 p99 TTFT: 0.3690 초 | 
2025-12-05 07:06:22,591 - INFO - [실시간] 요청 88000개 처리 | 현재까지의 RPS: 418.58최근 1000개 request의 p99 TTFT: 0.4529 초 | 
2025-12-05 07:06:24,525 - INFO - [실시간] 요청 89000개 처리 | 현재까지의 RPS: 419.48최근 1000개 request의 p99 TTFT: 0.1823 초 | 
2025-12-05 07:06:26,424 - INFO - [실시간] 요청 90000개 처리 | 현재까지의 RPS: 420.43최근 1000개 request의 p99 TTFT: 0.1827 초 | 
2025-12-05 07:06:28,425 - INFO - [실시간] 요청 91000개 처리 | 현재까지의 RPS: 421.17최근 1000개 request의 p99 TTFT: 0.1812 초 | 
2025-12-05 07:06:30,556 - INFO - [실시간] 요청 92000개 처리 | 현재까지의 RPS: 421.64최근 1000개 request의 p99 TTFT: 0.1867 초 | 
2025-12-05 07:06:32,338 - INFO - [실시간] 요청 93000개 처리 | 현재까지의 RPS: 422.77최근 1000개 request의 p99 TTFT: 0.4797 초 | 
2025-12-05 07:06:34,260 - INFO - [실시간] 요청 94000개 처리 | 현재까지의 RPS: 423.61최근 1000개 request의 p99 TTFT: 0.4028 초 | 
2025-12-05 07:06:36,134 - INFO - [실시간] 요청 95000개 처리 | 현재까지의 RPS: 424.53최근 1000개 request의 p99 TTFT: 0.1907 초 | 
2025-12-05 07:06:38,091 - INFO - [실시간] 요청 96000개 처리 | 현재까지의 RPS: 425.28최근 1000개 request의 p99 TTFT: 0.1822 초 | 
2025-12-05 07:06:39,948 - INFO - [실시간] 요청 97000개 처리 | 현재까지의 RPS: 426.21최근 1000개 request의 p99 TTFT: 0.1896 초 | 
2025-12-05 07:06:41,867 - INFO - [실시간] 요청 98000개 처리 | 현재까지의 RPS: 427.00최근 1000개 request의 p99 TTFT: 0.2375 초 | 
2025-12-05 07:06:43,788 - INFO - [실시간] 요청 99000개 처리 | 현재까지의 RPS: 427.78최근 1000개 request의 p99 TTFT: 0.5303 초 | 
2025-12-05 07:06:45,734 - INFO - [실시간] 요청 100000개 처리 | 현재까지의 RPS: 428.49최근 1000개 request의 p99 TTFT: 0.3925 초 | 
2025-12-05 07:06:47,597 - INFO - [실시간] 요청 101000개 처리 | 현재까지의 RPS: 429.35최근 1000개 request의 p99 TTFT: 0.2138 초 | 
2025-12-05 07:06:49,537 - INFO - [실시간] 요청 102000개 처리 | 현재까지의 RPS: 430.06최근 1000개 request의 p99 TTFT: 0.1882 초 | 
2025-12-05 07:06:51,393 - INFO - [실시간] 요청 103000개 처리 | 현재까지의 RPS: 430.90최근 1000개 request의 p99 TTFT: 0.1790 초 | 
2025-12-05 07:06:53,293 - INFO - [실시간] 요청 104000개 처리 | 현재까지의 RPS: 431.65최근 1000개 request의 p99 TTFT: 0.2050 초 | 
2025-12-05 07:06:55,218 - INFO - [실시간] 요청 105000개 처리 | 현재까지의 RPS: 432.35최근 1000개 request의 p99 TTFT: 0.3719 초 | 
2025-12-05 07:06:57,046 - INFO - [실시간] 요청 106000개 처리 | 현재까지의 RPS: 433.21최근 1000개 request의 p99 TTFT: 0.2177 초 | 
2025-12-05 07:06:58,882 - INFO - [실시간] 요청 107000개 처리 | 현재까지의 RPS: 434.04최근 1000개 request의 p99 TTFT: 0.1825 초 | 
2025-12-05 07:07:00,768 - INFO - [실시간] 요청 108000개 처리 | 현재까지의 RPS: 434.77최근 1000개 request의 p99 TTFT: 0.1840 초 | 
2025-12-05 07:07:02,633 - INFO - [실시간] 요청 109000개 처리 | 현재까지의 RPS: 435.52최근 1000개 request의 p99 TTFT: 0.1815 초 | 
2025-12-05 07:07:04,485 - INFO - [실시간] 요청 110000개 처리 | 현재까지의 RPS: 436.29최근 1000개 request의 p99 TTFT: 0.2231 초 | 
2025-12-05 07:07:06,329 - INFO - [실시간] 요청 111000개 처리 | 현재까지의 RPS: 437.06최근 1000개 request의 p99 TTFT: 0.4298 초 | 
2025-12-05 07:07:08,100 - INFO - [실시간] 요청 112000개 처리 | 현재까지의 RPS: 437.94최근 1000개 request의 p99 TTFT: 0.3507 초 | 
2025-12-05 07:07:09,867 - INFO - [실시간] 요청 113000개 처리 | 현재까지의 RPS: 438.82최근 1000개 request의 p99 TTFT: 0.2090 초 | 
2025-12-05 07:07:11,589 - INFO - [실시간] 요청 114000개 처리 | 현재까지의 RPS: 439.76최근 1000개 request의 p99 TTFT: 0.1916 초 | 
2025-12-05 07:07:13,453 - INFO - [실시간] 요청 115000개 처리 | 현재까지의 RPS: 440.45최근 1000개 request의 p99 TTFT: 0.2014 초 | 
2025-12-05 07:07:15,324 - INFO - [실시간] 요청 116000개 처리 | 현재까지의 RPS: 441.12최근 1000개 request의 p99 TTFT: 0.3271 초 | 
2025-12-05 07:07:17,118 - INFO - [실시간] 요청 117000개 처리 | 현재까지의 RPS: 441.91최근 1000개 request의 p99 TTFT: 0.4282 초 | 
2025-12-05 07:07:18,986 - INFO - [실시간] 요청 118000개 처리 | 현재까지의 RPS: 442.56최근 1000개 request의 p99 TTFT: 0.1895 초 | 
2025-12-05 07:07:20,807 - INFO - [실시간] 요청 119000개 처리 | 현재까지의 RPS: 443.29최근 1000개 request의 p99 TTFT: 0.1901 초 | 
2025-12-05 07:07:22,684 - INFO - [실시간] 요청 120000개 처리 | 현재까지의 RPS: 443.91최근 1000개 request의 p99 TTFT: 0.2071 초 | 
2025-12-05 07:07:24,504 - INFO - [실시간] 요청 121000개 처리 | 현재까지의 RPS: 444.62최근 1000개 request의 p99 TTFT: 0.1842 초 | 
2025-12-05 07:07:26,447 - INFO - [실시간] 요청 122000개 처리 | 현재까지의 RPS: 445.11최근 1000개 request의 p99 TTFT: 0.3752 초 | 
2025-12-05 07:07:28,205 - INFO - [실시간] 요청 123000개 처리 | 현재까지의 RPS: 445.90최근 1000개 request의 p99 TTFT: 0.5817 초 | 
2025-12-05 07:07:29,987 - INFO - [실시간] 요청 124000개 처리 | 현재까지의 RPS: 446.64최근 1000개 request의 p99 TTFT: 0.1853 초 | 
2025-12-05 07:07:31,697 - INFO - [실시간] 요청 125000개 처리 | 현재까지의 RPS: 447.49최근 1000개 request의 p99 TTFT: 0.2080 초 | 
2025-12-05 07:07:33,414 - INFO - [실시간] 요청 126000개 처리 | 현재까지의 RPS: 448.31최근 1000개 request의 p99 TTFT: 0.1941 초 | 
2025-12-05 07:07:35,221 - INFO - [실시간] 요청 127000개 처리 | 현재까지의 RPS: 448.98최근 1000개 request의 p99 TTFT: 0.1993 초 | 
2025-12-05 07:07:37,156 - INFO - [실시간] 요청 128000개 처리 | 현재까지의 RPS: 449.44최근 1000개 request의 p99 TTFT: 0.3936 초 | 
2025-12-05 07:07:38,858 - INFO - [실시간] 요청 129000개 처리 | 현재까지의 RPS: 450.26최근 1000개 request의 p99 TTFT: 0.4505 초 | 
2025-12-05 07:07:40,678 - INFO - [실시간] 요청 130000개 처리 | 현재까지의 RPS: 450.89최근 1000개 request의 p99 TTFT: 0.1945 초 | 
2025-12-05 07:07:42,464 - INFO - [실시간] 요청 131000개 처리 | 현재까지의 RPS: 451.56최근 1000개 request의 p99 TTFT: 0.1941 초 | 
2025-12-05 07:07:44,220 - INFO - [실시간] 요청 132000개 처리 | 현재까지의 RPS: 452.27최근 1000개 request의 p99 TTFT: 0.1892 초 | 
2025-12-05 07:07:46,069 - INFO - [실시간] 요청 133000개 처리 | 현재까지의 RPS: 452.83최근 1000개 request의 p99 TTFT: 0.1951 초 | 
2025-12-05 07:07:47,897 - INFO - [실시간] 요청 134000개 처리 | 현재까지의 RPS: 453.41최근 1000개 request의 p99 TTFT: 0.4363 초 | 
2025-12-05 07:07:49,627 - INFO - [실시간] 요청 135000개 처리 | 현재까지의 RPS: 454.13최근 1000개 request의 p99 TTFT: 0.3629 초 | 
2025-12-05 07:07:51,422 - INFO - [실시간] 요청 136000개 처리 | 현재까지의 RPS: 454.75최근 1000개 request의 p99 TTFT: 0.1886 초 | 
2025-12-05 07:07:53,237 - INFO - [실시간] 요청 137000개 처리 | 현재까지의 RPS: 455.33최근 1000개 request의 p99 TTFT: 0.2151 초 | 
2025-12-05 07:07:54,991 - INFO - [실시간] 요청 138000개 처리 | 현재까지의 RPS: 456.00최근 1000개 request의 p99 TTFT: 0.2265 초 | 
2025-12-05 07:07:56,738 - INFO - [실시간] 요청 139000개 처리 | 현재까지의 RPS: 456.67최근 1000개 request의 p99 TTFT: 0.1920 초 | 
2025-12-05 07:07:58,650 - INFO - [실시간] 요청 140000개 처리 | 현재까지의 RPS: 457.08최근 1000개 request의 p99 TTFT: 0.4088 초 | 
2025-12-05 07:08:00,350 - INFO - [실시간] 요청 141000개 처리 | 현재까지의 RPS: 457.81최근 1000개 request의 p99 TTFT: 0.4698 초 | 
2025-12-05 07:08:02,081 - INFO - [실시간] 요청 142000개 처리 | 현재까지의 RPS: 458.48최근 1000개 request의 p99 TTFT: 0.1934 초 | 
2025-12-05 07:08:03,800 - INFO - [실시간] 요청 143000개 처리 | 현재까지의 RPS: 459.16최근 1000개 request의 p99 TTFT: 0.1928 초 | 
2025-12-05 07:08:05,539 - INFO - [실시간] 요청 144000개 처리 | 현재까지의 RPS: 459.80최근 1000개 request의 p99 TTFT: 0.1856 초 | 
2025-12-05 07:08:07,282 - INFO - [실시간] 요청 145000개 처리 | 현재까지의 RPS: 460.43최근 1000개 request의 p99 TTFT: 0.1827 초 | 
2025-12-05 07:08:09,204 - INFO - [실시간] 요청 146000개 처리 | 현재까지의 RPS: 460.79최근 1000개 request의 p99 TTFT: 0.3592 초 | 
2025-12-05 07:08:10,946 - INFO - [실시간] 요청 147000개 처리 | 현재까지의 RPS: 461.41최근 1000개 request의 p99 TTFT: 0.5018 초 | 
2025-12-05 07:08:12,688 - INFO - [실시간] 요청 148000개 처리 | 현재까지의 RPS: 462.02최근 1000개 request의 p99 TTFT: 0.1894 초 | 
2025-12-05 07:08:14,489 - INFO - [실시간] 요청 149000개 처리 | 현재까지의 RPS: 462.55최근 1000개 request의 p99 TTFT: 0.1881 초 | 
2025-12-05 07:08:16,149 - INFO - [실시간] 요청 150000개 처리 | 현재까지의 RPS: 463.26최근 1000개 request의 p99 TTFT: 0.2325 초 | 
2025-12-05 07:08:17,864 - INFO - [실시간] 요청 151000개 처리 | 현재까지의 RPS: 463.89최근 1000개 request의 p99 TTFT: 0.2037 초 | 
2025-12-05 07:08:19,739 - INFO - [실시간] 요청 152000개 처리 | 현재까지의 RPS: 464.29최근 1000개 request의 p99 TTFT: 0.4364 초 | 
2025-12-05 07:08:21,406 - INFO - [실시간] 요청 153000개 처리 | 현재까지의 RPS: 464.98최근 1000개 request의 p99 TTFT: 0.4611 초 | 
2025-12-05 07:08:23,515 - INFO - [실시간] 요청 154000개 처리 | 현재까지의 RPS: 465.04최근 1000개 request의 p99 TTFT: 0.1937 초 | 
통계에 반영된 요청 인덱스 범위: 3000 ~ 154000 (총 151000개 요청)
통계 반영된 요청 수: 151000, 통계 반영된 시간: 318.99 초

==================================================
 실험 최종 결과 요약
==================================================
 설정 실험 시간: 330 초
 Clients 수: 7000
 통계 반영 시간: 318.99 초
 총 시도된 요청: 161710 개
 총 완료된 요청: 151000 개
 총 실패한 요청: 10710 개
 완료 요청 중 retrieval이 실패한 요청: -3052 개
 요청 성공률: 93.38%
 전체 Requests Per Second (RPS): 473.37
--------------------------------------------------
 Time to First Token (TTFT) Latency:
  - 평균 (Mean): 0.1101 초
  - 중간값 (50%ile): 0.0960 초
  - 최소값 (Min): 0.0184 초
  - 최대값 (Max): 1.9254 초
  - 95%ile Tail: 0.2255 초
  - 99%ile Tail: 0.4065 초
--------------------------------------------------
 Time Per Output Token (TPOT):
  - 평균 (Mean): 16.78 ms/token
--------------------------------------------------
 Embedding Latency:
  - 총 샘플 수: 151000
  - 평균 (Mean): 7.33 ms
  - 중간값 (50%ile): 7.00 ms
  - 95%ile Tail: 11.00 ms
  - 99%ile Tail: 21.00 ms
--------------------------------------------------
 VectorDB Search Latency:
  - 총 샘플 수: 151000
  - 평균 (Mean): 30.07 ms
  - 중간값 (50%ile): 17.00 ms
  - 95%ile Tail: 104.00 ms
  - 99%ile Tail: 266.00 ms
--------------------------------------------------
 Document Search Latency:
  - 총 샘플 수: 151000
  - 평균 (Mean): 7.37 ms
  - 중간값 (50%ile): 6.00 ms
  - 95%ile Tail: 16.00 ms
  - 99%ile Tail: 31.00 ms
--------------------------------------------------
 Total Retrieval Latency:
  - 총 샘플 수: 151000
  - 평균 (Mean): 44.79 ms
  - 중간값 (50%ile): 30.00 ms
  - 95%ile Tail: 124.00 ms
  - 99%ile Tail: 308.01 ms
==================================================
