2025-10-01 23:36:05,678 - INFO - ReqGen 시작: 서버=163.152.48.109:9000, 클라이언트=16, 시간=60초
2025-10-01 23:36:05,678 - INFO - Hugging Face에서 'kroshan/BioASQ' 데이터셋을 로드합니다...
2025-10-01 23:36:12,778 - INFO - 3266개의 질문을 로드했습니다.
2025-10-01 23:36:12,779 - INFO - 부하 테스트 시작, client 수 = 16
2025-10-01 23:36:12,779 - INFO - Zipf 값 1.2에서 상위 20%의 질문이 차지하는 비율: 91.82%
통계에 반영된 요청 인덱스 범위: 0 ~ 110 (총 110개 요청)
통계 반영된 요청 수: 110, 통계 반영된 시간: 87.79 초

==================================================
 실험 최종 결과 요약
==================================================
 설정 실험 시간: 60 초
 Clients 수: 16
 통계 반영 시간: 87.79 초
 총 시도된 요청: 110 개
 총 완료된 요청: 110 개
 총 실패한 요청: 0 개
 완료 요청 중 retrieval이 실패한 요청: 0 개
 요청 성공률: 100.00%
 전체 Requests Per Second (RPS): 1.25
--------------------------------------------------
 Time to First Token (TTFT) Latency:
  - 평균 (Mean): 1.0549 초
  - 중간값 (50%ile): 0.1384 초
  - 최소값 (Min): 0.0453 초
  - 최대값 (Max): 13.4519 초
  - 95%ile Tail: 7.8748 초
  - 99%ile Tail: 12.0852 초
--------------------------------------------------
 Time Per Output Token (TPOT):
  - 평균 (Mean): 16.63 ms/token
--------------------------------------------------
 Embedding Latency:
  - 총 샘플 수: 105
  - 평균 (Mean): 9.77 ms
  - 중간값 (50%ile): 9.00 ms
  - 95%ile Tail: 17.80 ms
  - 99%ile Tail: 21.00 ms
--------------------------------------------------
 VectorDB Search Latency:
  - 총 샘플 수: 105
  - 평균 (Mean): 1005.26 ms
  - 중간값 (50%ile): 22.00 ms
  - 95%ile Tail: 7809.60 ms
  - 99%ile Tail: 12094.84 ms
--------------------------------------------------
 Document Search Latency:
  - 총 샘플 수: 105
  - 평균 (Mean): 13.50 ms
  - 중간값 (50%ile): 8.00 ms
  - 95%ile Tail: 12.00 ms
  - 99%ile Tail: 278.40 ms
--------------------------------------------------
 Total Retrieval Latency:
  - 총 샘플 수: 110
  - 평균 (Mean): 984.22 ms
  - 중간값 (50%ile): 47.50 ms
  - 95%ile Tail: 7795.00 ms
  - 99%ile Tail: 12051.50 ms
==================================================
