2025-11-18 21:11:29,133 - INFO - ReqGen 시작: 서버=163.152.48.109:9000, 클라이언트=8300, 시간=330초
2025-11-18 21:11:29,133 - INFO - Hugging Face에서 'kroshan/BioASQ' 데이터셋을 로드합니다...
2025-11-18 21:11:34,987 - INFO - 3266개의 질문을 로드했습니다.
2025-11-18 21:11:34,987 - INFO - 부하 테스트 시작, client 수 = 8300
2025-11-18 21:11:34,987 - INFO - Zipf 값 1.2에서 상위 20%의 질문이 차지하는 비율: 91.82%
2025-11-18 21:11:39,598 - INFO - [실시간] 요청 1000개 처리 | 현재까지의 RPS: 216.85최근 1000개 request의 p99 TTFT: 0.2535 초 | 
2025-11-18 21:11:42,137 - INFO - [실시간] 요청 2000개 처리 | 현재까지의 RPS: 279.72최근 1000개 request의 p99 TTFT: 0.3002 초 | 
2025-11-18 21:11:44,464 - INFO - [실시간] 요청 3000개 처리 | 현재까지의 RPS: 316.54최근 1000개 request의 p99 TTFT: 0.3312 초 | 
2025-11-18 21:11:46,646 - INFO - [실시간] 요청 4000개 처리 | 현재까지의 RPS: 343.10최근 1000개 request의 p99 TTFT: 0.1998 초 | 
2025-11-18 21:11:48,577 - INFO - [실시간] 요청 5000개 처리 | 현재까지의 RPS: 367.93최근 1000개 request의 p99 TTFT: 0.5850 초 | 
2025-11-18 21:11:50,424 - INFO - [실시간] 요청 6000개 처리 | 현재까지의 RPS: 388.68최근 1000개 request의 p99 TTFT: 0.4402 초 | 
2025-11-18 21:11:52,241 - INFO - [실시간] 요청 7000개 처리 | 현재까지의 RPS: 405.70최근 1000개 request의 p99 TTFT: 0.5516 초 | 
2025-11-18 21:11:53,883 - INFO - [실시간] 요청 8000개 처리 | 현재까지의 RPS: 423.37최근 1000개 request의 p99 TTFT: 0.4642 초 | 
2025-11-18 21:11:55,488 - INFO - [실시간] 요청 9000개 처리 | 현재까지의 RPS: 439.01최근 1000개 request의 p99 TTFT: 0.6421 초 | 
2025-11-18 21:11:57,476 - INFO - [실시간] 요청 10000개 처리 | 현재까지의 RPS: 444.66최근 1000개 request의 p99 TTFT: 0.5379 초 | 
2025-11-18 21:11:59,733 - INFO - [실시간] 요청 11000개 처리 | 현재까지의 RPS: 444.51최근 1000개 request의 p99 TTFT: 0.4211 초 | 
2025-11-18 21:12:01,619 - INFO - [실시간] 요청 12000개 처리 | 현재까지의 RPS: 450.58최근 1000개 request의 p99 TTFT: 0.6164 초 | 
2025-11-18 21:12:03,453 - INFO - [실시간] 요청 13000개 처리 | 현재까지의 RPS: 456.69최근 1000개 request의 p99 TTFT: 0.5635 초 | 
2025-11-18 21:12:05,380 - INFO - [실시간] 요청 14000개 처리 | 현재까지의 RPS: 460.63최근 1000개 request의 p99 TTFT: 0.4931 초 | 
2025-11-18 21:12:07,210 - INFO - [실시간] 요청 15000개 처리 | 현재까지의 RPS: 465.51최근 1000개 request의 p99 TTFT: 0.3857 초 | 
2025-11-18 21:12:09,100 - INFO - [실시간] 요청 16000개 처리 | 현재까지의 RPS: 469.02최근 1000개 request의 p99 TTFT: 0.2026 초 | 
2025-11-18 21:12:10,865 - INFO - [실시간] 요청 17000개 처리 | 현재까지의 RPS: 473.83최근 1000개 request의 p99 TTFT: 0.3248 초 | 
2025-11-18 21:12:12,789 - INFO - [실시간] 요청 18000개 처리 | 현재까지의 RPS: 476.17최근 1000개 request의 p99 TTFT: 0.7955 초 | 
2025-11-18 21:12:14,612 - INFO - [실시간] 요청 19000개 처리 | 현재까지의 RPS: 479.50최근 1000개 request의 p99 TTFT: 0.8414 초 | 
2025-11-18 21:12:16,558 - INFO - [실시간] 요청 20000개 처리 | 현재까지의 RPS: 481.11최근 1000개 request의 p99 TTFT: 0.2576 초 | 
2025-11-18 21:12:18,597 - INFO - [실시간] 요청 21000개 처리 | 현재까지의 RPS: 481.54최근 1000개 request의 p99 TTFT: 0.3396 초 | 
2025-11-18 21:12:20,460 - INFO - [실시간] 요청 22000개 처리 | 현재까지의 RPS: 483.80최근 1000개 request의 p99 TTFT: 0.2600 초 | 
2025-11-18 21:12:22,559 - INFO - [실시간] 요청 23000개 처리 | 현재까지의 RPS: 483.47최근 1000개 request의 p99 TTFT: 0.2131 초 | 
2025-11-18 21:12:24,389 - INFO - [실시간] 요청 24000개 처리 | 현재까지의 RPS: 485.81최근 1000개 request의 p99 TTFT: 0.9001 초 | 
2025-11-18 21:12:26,122 - INFO - [실시간] 요청 25000개 처리 | 현재까지의 RPS: 488.90최근 1000개 request의 p99 TTFT: 0.9574 초 | 
2025-11-18 21:12:28,020 - INFO - [실시간] 요청 26000개 처리 | 현재까지의 RPS: 490.26최근 1000개 request의 p99 TTFT: 0.2118 초 | 
2025-11-18 21:12:30,056 - INFO - [실시간] 요청 27000개 처리 | 현재까지의 RPS: 490.30최근 1000개 request의 p99 TTFT: 0.2097 초 | 
2025-11-18 21:12:31,965 - INFO - [실시간] 요청 28000개 처리 | 현재까지의 RPS: 491.42최근 1000개 request의 p99 TTFT: 0.5273 초 | 
2025-11-18 21:12:33,838 - INFO - [실시간] 요청 29000개 처리 | 현재까지의 RPS: 492.77최근 1000개 request의 p99 TTFT: 0.2439 초 | 
2025-11-18 21:12:35,816 - INFO - [실시간] 요청 30000개 처리 | 현재까지의 RPS: 493.19최근 1000개 request의 p99 TTFT: 0.5322 초 | 
2025-11-18 21:12:37,422 - INFO - [실시간] 요청 31000개 처리 | 현재까지의 RPS: 496.52최근 1000개 request의 p99 TTFT: 0.6013 초 | 
2025-11-18 21:12:38,944 - INFO - [실시간] 요청 32000개 처리 | 현재까지의 RPS: 500.34최근 1000개 request의 p99 TTFT: 0.4524 초 | 
2025-11-18 21:12:40,551 - INFO - [실시간] 요청 33000개 처리 | 현재까지의 RPS: 503.33최근 1000개 request의 p99 TTFT: 0.3056 초 | 
2025-11-18 21:12:42,154 - INFO - [실시간] 요청 34000개 처리 | 현재까지의 RPS: 506.20최근 1000개 request의 p99 TTFT: 0.3175 초 | 
2025-11-18 21:12:43,760 - INFO - [실시간] 요청 35000개 처리 | 현재까지의 RPS: 508.92최근 1000개 request의 p99 TTFT: 0.5266 초 | 
2025-11-18 21:12:45,443 - INFO - [실시간] 요청 36000개 처리 | 현재까지의 RPS: 510.95최근 1000개 request의 p99 TTFT: 0.7403 초 | 
2025-11-18 21:12:46,922 - INFO - [실시간] 요청 37000개 처리 | 현재까지의 RPS: 514.35최근 1000개 request의 p99 TTFT: 0.6765 초 | 
2025-11-18 21:12:48,512 - INFO - [실시간] 요청 38000개 처리 | 현재까지의 RPS: 516.83최근 1000개 request의 p99 TTFT: 0.5945 초 | 
2025-11-18 21:12:50,012 - INFO - [실시간] 요청 39000개 처리 | 현재까지의 RPS: 519.83최근 1000개 request의 p99 TTFT: 0.6047 초 | 
2025-11-18 21:12:51,498 - INFO - [실시간] 요청 40000개 처리 | 현재까지의 RPS: 522.80최근 1000개 request의 p99 TTFT: 0.3542 초 | 
2025-11-18 21:12:53,254 - INFO - [실시간] 요청 41000개 처리 | 현재까지의 RPS: 523.85최근 1000개 request의 p99 TTFT: 0.8500 초 | 
2025-11-18 21:12:54,657 - INFO - [실시간] 요청 42000개 처리 | 현재까지의 RPS: 527.17최근 1000개 request의 p99 TTFT: 1.2086 초 | 
2025-11-18 21:12:55,971 - INFO - [실시간] 요청 43000개 처리 | 현재까지의 RPS: 530.97최근 1000개 request의 p99 TTFT: 0.3378 초 | 
2025-11-18 21:12:57,551 - INFO - [실시간] 요청 44000개 처리 | 현재까지의 RPS: 532.92최근 1000개 request의 p99 TTFT: 0.4405 초 | 
2025-11-18 21:12:59,333 - INFO - [실시간] 요청 45000개 처리 | 현재까지의 RPS: 533.52최근 1000개 request의 p99 TTFT: 0.7782 초 | 
2025-11-18 21:13:00,713 - INFO - [실시간] 요청 46000개 처리 | 현재까지의 RPS: 536.59최근 1000개 request의 p99 TTFT: 0.7303 초 | 
2025-11-18 21:13:02,194 - INFO - [실시간] 요청 47000개 처리 | 현재까지의 RPS: 538.95최근 1000개 request의 p99 TTFT: 0.2811 초 | 
2025-11-18 21:13:03,739 - INFO - [실시간] 요청 48000개 처리 | 현재까지의 RPS: 540.83최근 1000개 request의 p99 TTFT: 0.4884 초 | 
2025-11-18 21:13:05,328 - INFO - [실시간] 요청 49000개 처리 | 현재까지의 RPS: 542.39최근 1000개 request의 p99 TTFT: 0.2177 초 | 
2025-11-18 21:13:07,047 - INFO - [실시간] 요청 50000개 처리 | 현재까지의 RPS: 543.12최근 1000개 request의 p99 TTFT: 0.3446 초 | 
2025-11-18 21:13:08,577 - INFO - [실시간] 요청 51000개 처리 | 현재까지의 RPS: 544.93최근 1000개 request의 p99 TTFT: 0.6707 초 | 
2025-11-18 21:13:09,980 - INFO - [실시간] 요청 52000개 처리 | 현재까지의 RPS: 547.41최근 1000개 request의 p99 TTFT: 0.9062 초 | 
2025-11-18 21:13:11,493 - INFO - [실시간] 요청 53000개 처리 | 현재까지의 RPS: 549.19최근 1000개 request의 p99 TTFT: 0.5039 초 | 
2025-11-18 21:13:13,025 - INFO - [실시간] 요청 54000개 처리 | 현재까지의 RPS: 550.81최근 1000개 request의 p99 TTFT: 0.4044 초 | 
2025-11-18 21:13:14,549 - INFO - [실시간] 요청 55000개 처리 | 현재까지의 RPS: 552.42최근 1000개 request의 p99 TTFT: 0.4135 초 | 
2025-11-18 21:13:16,145 - INFO - [실시간] 요청 56000개 처리 | 현재까지의 RPS: 553.59최근 1000개 request의 p99 TTFT: 0.3047 초 | 
2025-11-18 21:13:17,827 - INFO - [실시간] 요청 57000개 처리 | 현재까지의 RPS: 554.26최근 1000개 request의 p99 TTFT: 1.0834 초 | 
2025-11-18 21:13:19,265 - INFO - [실시간] 요청 58000개 처리 | 현재까지의 RPS: 556.20최근 1000개 request의 p99 TTFT: 1.0799 초 | 
2025-11-18 21:13:20,774 - INFO - [실시간] 요청 59000개 처리 | 현재까지의 RPS: 557.72최근 1000개 request의 p99 TTFT: 0.2304 초 | 
2025-11-18 21:13:22,413 - INFO - [실시간] 요청 60000개 처리 | 현재까지의 RPS: 558.52최근 1000개 request의 p99 TTFT: 0.5559 초 | 
2025-11-18 21:13:23,912 - INFO - [실시간] 요청 61000개 처리 | 현재까지의 RPS: 560.02최근 1000개 request의 p99 TTFT: 0.6199 초 | 
2025-11-18 21:13:25,485 - INFO - [실시간] 요청 62000개 처리 | 현재까지의 RPS: 561.10최근 1000개 request의 p99 TTFT: 0.4928 초 | 
2025-11-18 21:13:26,988 - INFO - [실시간] 요청 63000개 처리 | 현재까지의 RPS: 562.50최근 1000개 request의 p99 TTFT: 0.5489 초 | 
2025-11-18 21:13:28,412 - INFO - [실시간] 요청 64000개 처리 | 현재까지의 RPS: 564.25최근 1000개 request의 p99 TTFT: 0.5270 초 | 
2025-11-18 21:13:29,989 - INFO - [실시간] 요청 65000개 처리 | 현재까지의 RPS: 565.21최근 1000개 request의 p99 TTFT: 0.2539 초 | 
2025-11-18 21:13:31,510 - INFO - [실시간] 요청 66000개 처리 | 현재까지의 RPS: 566.41최근 1000개 request의 p99 TTFT: 0.4237 초 | 
2025-11-18 21:13:33,121 - INFO - [실시간] 요청 67000개 처리 | 현재까지의 RPS: 567.15최근 1000개 request의 p99 TTFT: 0.2168 초 | 
2025-11-18 21:13:34,796 - INFO - [실시간] 요청 68000개 처리 | 현재까지의 RPS: 567.57최근 1000개 request의 p99 TTFT: 0.3625 초 | 
2025-11-18 21:13:36,334 - INFO - [실시간] 요청 69000개 처리 | 현재까지의 RPS: 568.62최근 1000개 request의 p99 TTFT: 0.9307 초 | 
2025-11-18 21:13:37,723 - INFO - [실시간] 요청 70000개 처리 | 현재까지의 RPS: 570.33최근 1000개 request의 p99 TTFT: 0.8507 초 | 
2025-11-18 21:13:39,287 - INFO - [실시간] 요청 71000개 처리 | 현재까지의 RPS: 571.20최근 1000개 request의 p99 TTFT: 0.2489 초 | 
2025-11-18 21:13:40,835 - INFO - [실시간] 요청 72000개 처리 | 현재까지의 RPS: 572.12최근 1000개 request의 p99 TTFT: 0.5002 초 | 
2025-11-18 21:13:42,222 - INFO - [실시간] 요청 73000개 처리 | 현재까지의 RPS: 573.74최근 1000개 request의 p99 TTFT: 0.4363 초 | 
2025-11-18 21:13:43,845 - INFO - [실시간] 요청 74000개 처리 | 현재까지의 RPS: 574.28최근 1000개 request의 p99 TTFT: 0.5693 초 | 
2025-11-18 21:13:45,287 - INFO - [실시간] 요청 75000개 처리 | 현재까지의 RPS: 575.59최근 1000개 request의 p99 TTFT: 0.7771 초 | 
2025-11-18 21:13:46,673 - INFO - [실시간] 요청 76000개 처리 | 현재까지의 RPS: 577.13최근 1000개 request의 p99 TTFT: 0.7089 초 | 
2025-11-18 21:13:48,089 - INFO - [실시간] 요청 77000개 처리 | 현재까지의 RPS: 578.50최근 1000개 request의 p99 TTFT: 0.4130 초 | 
2025-11-18 21:13:49,557 - INFO - [실시간] 요청 78000개 처리 | 현재까지의 RPS: 579.62최근 1000개 request의 p99 TTFT: 0.4140 초 | 
2025-11-18 21:13:51,203 - INFO - [실시간] 요청 79000개 처리 | 현재까지의 RPS: 579.96최근 1000개 request의 p99 TTFT: 0.3480 초 | 
2025-11-18 21:13:52,750 - INFO - [실시간] 요청 80000개 처리 | 현재까지의 RPS: 580.71최근 1000개 request의 p99 TTFT: 0.7071 초 | 
2025-11-18 21:13:54,062 - INFO - [실시간] 요청 81000개 처리 | 현재까지의 RPS: 582.42최근 1000개 request의 p99 TTFT: 0.9525 초 | 
2025-11-18 21:13:55,361 - INFO - [실시간] 요청 82000개 처리 | 현재까지의 RPS: 584.15최근 1000개 request의 p99 TTFT: 0.5254 초 | 
2025-11-18 21:13:56,748 - INFO - [실시간] 요청 83000개 처리 | 현재까지의 RPS: 585.49최근 1000개 request의 p99 TTFT: 0.4541 초 | 
2025-11-18 21:13:58,179 - INFO - [실시간] 요청 84000개 처리 | 현재까지의 RPS: 586.62최근 1000개 request의 p99 TTFT: 0.3271 초 | 
2025-11-18 21:13:59,727 - INFO - [실시간] 요청 85000개 처리 | 현재까지의 RPS: 587.26최근 1000개 request의 p99 TTFT: 0.8786 초 | 
2025-11-18 21:14:01,039 - INFO - [실시간] 요청 86000개 처리 | 현재까지의 RPS: 588.83최근 1000개 request의 p99 TTFT: 0.9890 초 | 
2025-11-18 21:14:02,425 - INFO - [실시간] 요청 87000개 처리 | 현재까지의 RPS: 590.08최근 1000개 request의 p99 TTFT: 0.4797 초 | 
2025-11-18 21:14:03,901 - INFO - [실시간] 요청 88000개 처리 | 현재까지의 RPS: 590.94최근 1000개 request의 p99 TTFT: 0.2413 초 | 
2025-11-18 21:14:05,455 - INFO - [실시간] 요청 89000개 처리 | 현재까지의 RPS: 591.49최근 1000개 request의 p99 TTFT: 0.2416 초 | 
2025-11-18 21:14:07,050 - INFO - [실시간] 요청 90000개 처리 | 현재까지의 RPS: 591.86최근 1000개 request의 p99 TTFT: 0.7147 초 | 
2025-11-18 21:14:08,620 - INFO - [실시간] 요청 91000개 처리 | 현재까지의 RPS: 592.32최근 1000개 request의 p99 TTFT: 0.9934 초 | 
2025-11-18 21:14:09,867 - INFO - [실시간] 요청 92000개 처리 | 현재까지의 RPS: 594.01최근 1000개 request의 p99 TTFT: 0.9331 초 | 
2025-11-18 21:14:11,332 - INFO - [실시간] 요청 93000개 처리 | 현재까지의 RPS: 594.84최근 1000개 request의 p99 TTFT: 0.5499 초 | 
2025-11-18 21:14:12,804 - INFO - [실시간] 요청 94000개 처리 | 현재까지의 RPS: 595.63최근 1000개 request의 p99 TTFT: 0.4022 초 | 
2025-11-18 21:14:14,395 - INFO - [실시간] 요청 95000개 처리 | 현재까지의 RPS: 595.96최근 1000개 request의 p99 TTFT: 0.2681 초 | 
2025-11-18 21:14:15,871 - INFO - [실시간] 요청 96000개 처리 | 현재까지의 RPS: 596.70최근 1000개 request의 p99 TTFT: 0.9152 초 | 
2025-11-18 21:14:17,156 - INFO - [실시간] 요청 97000개 처리 | 현재까지의 RPS: 598.14최근 1000개 request의 p99 TTFT: 1.0006 초 | 
2025-11-18 21:14:18,562 - INFO - [실시간] 요청 98000개 처리 | 현재까지의 RPS: 599.12최근 1000개 request의 p99 TTFT: 0.5255 초 | 
2025-11-18 21:14:19,992 - INFO - [실시간] 요청 99000개 처리 | 현재까지의 RPS: 599.98최근 1000개 request의 p99 TTFT: 0.2278 초 | 
2025-11-18 21:14:21,535 - INFO - [실시간] 요청 100000개 처리 | 현재까지의 RPS: 600.43최근 1000개 request의 p99 TTFT: 0.2966 초 | 
2025-11-18 21:14:23,055 - INFO - [실시간] 요청 101000개 처리 | 현재까지의 RPS: 600.95최근 1000개 request의 p99 TTFT: 0.3764 초 | 
2025-11-18 21:14:24,698 - INFO - [실시간] 요청 102000개 처리 | 현재까지의 RPS: 601.02최근 1000개 request의 p99 TTFT: 0.8154 초 | 
2025-11-18 21:14:25,984 - INFO - [실시간] 요청 103000개 처리 | 현재까지의 RPS: 602.35최근 1000개 request의 p99 TTFT: 0.8867 초 | 
2025-11-18 21:14:27,404 - INFO - [실시간] 요청 104000개 처리 | 현재까지의 RPS: 603.19최근 1000개 request의 p99 TTFT: 0.5611 초 | 
2025-11-18 21:14:28,825 - INFO - [실시간] 요청 105000개 처리 | 현재까지의 RPS: 604.01최근 1000개 request의 p99 TTFT: 0.2382 초 | 
2025-11-18 21:14:30,309 - INFO - [실시간] 요청 106000개 처리 | 현재까지의 RPS: 604.60최근 1000개 request의 p99 TTFT: 0.2273 초 | 
2025-11-18 21:14:31,911 - INFO - [실시간] 요청 107000개 처리 | 현재까지의 RPS: 604.78최근 1000개 request의 p99 TTFT: 0.4163 초 | 
2025-11-18 21:14:33,400 - INFO - [실시간] 요청 108000개 처리 | 현재까지의 RPS: 605.34최근 1000개 request의 p99 TTFT: 1.1507 초 | 
2025-11-18 21:14:34,745 - INFO - [실시간] 요청 109000개 처리 | 현재까지의 RPS: 606.37최근 1000개 request의 p99 TTFT: 1.1800 초 | 
2025-11-18 21:14:36,131 - INFO - [실시간] 요청 110000개 처리 | 현재까지의 RPS: 607.25최근 1000개 request의 p99 TTFT: 0.3571 초 | 
2025-11-18 21:14:37,529 - INFO - [실시간] 요청 111000개 처리 | 현재까지의 RPS: 608.08최근 1000개 request의 p99 TTFT: 0.8206 초 | 
2025-11-18 21:14:38,896 - INFO - [실시간] 요청 112000개 처리 | 현재까지의 RPS: 609.00최근 1000개 request의 p99 TTFT: 0.8901 초 | 
2025-11-18 21:14:40,424 - INFO - [실시간] 요청 113000개 처리 | 현재까지의 RPS: 609.37최근 1000개 request의 p99 TTFT: 0.3654 초 | 
2025-11-18 21:14:41,967 - INFO - [실시간] 요청 114000개 처리 | 현재까지의 RPS: 609.69최근 1000개 request의 p99 TTFT: 0.7221 초 | 
2025-11-18 21:14:43,298 - INFO - [실시간] 요청 115000개 처리 | 현재까지의 RPS: 610.69최근 1000개 request의 p99 TTFT: 0.8813 초 | 
2025-11-18 21:14:44,795 - INFO - [실시간] 요청 116000개 처리 | 현재까지의 RPS: 611.15최근 1000개 request의 p99 TTFT: 0.5753 초 | 
2025-11-18 21:14:46,159 - INFO - [실시간] 요청 117000개 처리 | 현재까지의 RPS: 612.01최근 1000개 request의 p99 TTFT: 0.4799 초 | 
2025-11-18 21:14:47,519 - INFO - [실시간] 요청 118000개 처리 | 현재까지의 RPS: 612.89최근 1000개 request의 p99 TTFT: 0.3583 초 | 
2025-11-18 21:14:49,108 - INFO - [실시간] 요청 119000개 처리 | 현재까지의 RPS: 613.02최근 1000개 request의 p99 TTFT: 0.6698 초 | 
2025-11-18 21:14:50,516 - INFO - [실시간] 요청 120000개 처리 | 현재까지의 RPS: 613.72최근 1000개 request의 p99 TTFT: 1.0178 초 | 
2025-11-18 21:14:51,882 - INFO - [실시간] 요청 121000개 처리 | 현재까지의 RPS: 614.54최근 1000개 request의 p99 TTFT: 0.6304 초 | 
2025-11-18 21:14:53,338 - INFO - [실시간] 요청 122000개 처리 | 현재까지의 RPS: 615.07최근 1000개 request의 p99 TTFT: 0.6557 초 | 
2025-11-18 21:14:54,594 - INFO - [실시간] 요청 123000개 처리 | 현재까지의 RPS: 616.21최근 1000개 request의 p99 TTFT: 0.6871 초 | 
2025-11-18 21:14:56,061 - INFO - [실시간] 요청 124000개 처리 | 현재까지의 RPS: 616.69최근 1000개 request의 p99 TTFT: 0.3990 초 | 
2025-11-18 21:14:57,642 - INFO - [실시간] 요청 125000개 처리 | 현재까지의 RPS: 616.81최근 1000개 request의 p99 TTFT: 0.6854 초 | 
2025-11-18 21:14:58,977 - INFO - [실시간] 요청 126000개 처리 | 현재까지의 RPS: 617.68최근 1000개 request의 p99 TTFT: 1.0930 초 | 
2025-11-18 21:15:00,258 - INFO - [실시간] 요청 127000개 처리 | 현재까지의 RPS: 618.70최근 1000개 request의 p99 TTFT: 0.9865 초 | 
2025-11-18 21:15:01,688 - INFO - [실시간] 요청 128000개 처리 | 현재까지의 RPS: 619.25최근 1000개 request의 p99 TTFT: 0.3100 초 | 
2025-11-18 21:15:03,198 - INFO - [실시간] 요청 129000개 처리 | 현재까지의 RPS: 619.56최근 1000개 request의 p99 TTFT: 0.2407 초 | 
2025-11-18 21:15:04,681 - INFO - [실시간] 요청 130000개 처리 | 현재까지의 RPS: 619.95최근 1000개 request의 p99 TTFT: 0.4974 초 | 
2025-11-18 21:15:06,164 - INFO - [실시간] 요청 131000개 처리 | 현재까지의 RPS: 620.33최근 1000개 request의 p99 TTFT: 0.7192 초 | 
2025-11-18 21:15:07,452 - INFO - [실시간] 요청 132000개 처리 | 현재까지의 RPS: 621.28최근 1000개 request의 p99 TTFT: 0.7230 초 | 
2025-11-18 21:15:08,765 - INFO - [실시간] 요청 133000개 처리 | 현재까지의 RPS: 622.14최근 1000개 request의 p99 TTFT: 0.7080 초 | 
2025-11-18 21:15:10,034 - INFO - [실시간] 요청 134000개 처리 | 현재까지의 RPS: 623.12최근 1000개 request의 p99 TTFT: 0.8440 초 | 
2025-11-18 21:15:11,409 - INFO - [실시간] 요청 135000개 처리 | 현재까지의 RPS: 623.78최근 1000개 request의 p99 TTFT: 0.7117 초 | 
2025-11-18 21:15:12,990 - INFO - [실시간] 요청 136000개 처리 | 현재까지의 RPS: 623.84최근 1000개 request의 p99 TTFT: 0.3239 초 | 
2025-11-18 21:15:14,451 - INFO - [실시간] 요청 137000개 처리 | 현재까지의 RPS: 624.25최근 1000개 request의 p99 TTFT: 0.9058 초 | 
2025-11-18 21:15:15,731 - INFO - [실시간] 요청 138000개 처리 | 현재까지의 RPS: 625.16최근 1000개 request의 p99 TTFT: 0.9080 초 | 
2025-11-18 21:15:17,073 - INFO - [실시간] 요청 139000개 처리 | 현재까지의 RPS: 625.88최근 1000개 request의 p99 TTFT: 0.6480 초 | 
2025-11-18 21:15:18,425 - INFO - [실시간] 요청 140000개 처리 | 현재까지의 RPS: 626.57최근 1000개 request의 p99 TTFT: 0.5503 초 | 
2025-11-18 21:15:19,783 - INFO - [실시간] 요청 141000개 처리 | 현재까지의 RPS: 627.24최근 1000개 request의 p99 TTFT: 0.2390 초 | 
2025-11-18 21:15:21,375 - INFO - [실시간] 요청 142000개 처리 | 현재까지의 RPS: 627.24최근 1000개 request의 p99 TTFT: 0.5925 초 | 
2025-11-18 21:15:22,762 - INFO - [실시간] 요청 143000개 처리 | 현재까지의 RPS: 627.81최근 1000개 request의 p99 TTFT: 1.1679 초 | 
2025-11-18 21:15:24,038 - INFO - [실시간] 요청 144000개 처리 | 현재까지의 RPS: 628.68최근 1000개 request의 p99 TTFT: 1.2406 초 | 
2025-11-18 21:15:25,391 - INFO - [실시간] 요청 145000개 처리 | 현재까지의 RPS: 629.33최근 1000개 request의 p99 TTFT: 0.4134 초 | 
2025-11-18 21:15:26,810 - INFO - [실시간] 요청 146000개 처리 | 현재까지의 RPS: 629.79최근 1000개 request의 p99 TTFT: 0.3506 초 | 
2025-11-18 21:15:28,285 - INFO - [실시간] 요청 147000개 처리 | 현재까지의 RPS: 630.10최근 1000개 request의 p99 TTFT: 0.4264 초 | 
2025-11-18 21:15:29,742 - INFO - [실시간] 요청 148000개 처리 | 현재까지의 RPS: 630.44최근 1000개 request의 p99 TTFT: 0.6972 초 | 
2025-11-18 21:15:31,084 - INFO - [실시간] 요청 149000개 처리 | 현재까지의 RPS: 631.10최근 1000개 request의 p99 TTFT: 0.8251 초 | 
2025-11-18 21:15:32,375 - INFO - [실시간] 요청 150000개 처리 | 현재까지의 RPS: 631.88최근 1000개 request의 p99 TTFT: 0.8510 초 | 
2025-11-18 21:15:33,685 - INFO - [실시간] 요청 151000개 처리 | 현재까지의 RPS: 632.60최근 1000개 request의 p99 TTFT: 0.6673 초 | 
2025-11-18 21:15:35,045 - INFO - [실시간] 요청 152000개 처리 | 현재까지의 RPS: 633.18최근 1000개 request의 p99 TTFT: 0.4364 초 | 
2025-11-18 21:15:36,446 - INFO - [실시간] 요청 153000개 처리 | 현재까지의 RPS: 633.65최근 1000개 request의 p99 TTFT: 0.3025 초 | 
2025-11-18 21:15:38,097 - INFO - [실시간] 요청 154000개 처리 | 현재까지의 RPS: 633.46최근 1000개 request의 p99 TTFT: 1.0026 초 | 
2025-11-18 21:15:39,360 - INFO - [실시간] 요청 155000개 처리 | 현재까지의 RPS: 634.28최근 1000개 request의 p99 TTFT: 1.0667 초 | 
2025-11-18 21:15:40,752 - INFO - [실시간] 요청 156000개 처리 | 현재까지의 RPS: 634.75최근 1000개 request의 p99 TTFT: 1.0087 초 | 
2025-11-18 21:15:42,082 - INFO - [실시간] 요청 157000개 처리 | 현재까지의 RPS: 635.38최근 1000개 request의 p99 TTFT: 0.6149 초 | 
2025-11-18 21:15:43,339 - INFO - [실시간] 요청 158000개 처리 | 현재까지의 RPS: 636.19최근 1000개 request의 p99 TTFT: 0.6382 초 | 
2025-11-18 21:15:44,786 - INFO - [실시간] 요청 159000개 처리 | 현재까지의 RPS: 636.51최근 1000개 request의 p99 TTFT: 0.4707 초 | 
2025-11-18 21:15:46,304 - INFO - [실시간] 요청 160000개 처리 | 현재까지의 RPS: 636.65최근 1000개 request의 p99 TTFT: 1.1719 초 | 
2025-11-18 21:15:47,580 - INFO - [실시간] 요청 161000개 처리 | 현재까지의 RPS: 637.39최근 1000개 request의 p99 TTFT: 1.2102 초 | 
2025-11-18 21:15:48,896 - INFO - [실시간] 요청 162000개 처리 | 현재까지의 RPS: 638.02최근 1000개 request의 p99 TTFT: 0.6852 초 | 
2025-11-18 21:15:50,371 - INFO - [실시간] 요청 163000개 처리 | 현재까지의 RPS: 638.25최근 1000개 request의 p99 TTFT: 0.5104 초 | 
2025-11-18 21:15:51,684 - INFO - [실시간] 요청 164000개 처리 | 현재까지의 RPS: 638.89최근 1000개 request의 p99 TTFT: 0.7120 초 | 
2025-11-18 21:15:53,256 - INFO - [실시간] 요청 165000개 처리 | 현재까지의 RPS: 638.87최근 1000개 request의 p99 TTFT: 0.7067 초 | 
2025-11-18 21:15:54,592 - INFO - [실시간] 요청 166000개 처리 | 현재까지의 RPS: 639.43최근 1000개 request의 p99 TTFT: 1.2718 초 | 
2025-11-18 21:15:55,864 - INFO - [실시간] 요청 167000개 처리 | 현재까지의 RPS: 640.15최근 1000개 request의 p99 TTFT: 1.3732 초 | 
2025-11-18 21:15:57,272 - INFO - [실시간] 요청 168000개 처리 | 현재까지의 RPS: 640.53최근 1000개 request의 p99 TTFT: 0.4344 초 | 
2025-11-18 21:15:58,911 - INFO - [실시간] 요청 169000개 처리 | 현재까지의 RPS: 640.34최근 1000개 request의 p99 TTFT: 0.3722 초 | 
2025-11-18 21:16:00,094 - INFO - [실시간] 요청 170000개 처리 | 현재까지의 RPS: 641.25최근 1000개 request의 p99 TTFT: 0.7709 초 | 
2025-11-18 21:16:01,390 - INFO - [실시간] 요청 171000개 처리 | 현재까지의 RPS: 641.88최근 1000개 request의 p99 TTFT: 0.8706 초 | 
2025-11-18 21:16:02,757 - INFO - [실시간] 요청 172000개 처리 | 현재까지의 RPS: 642.34최근 1000개 request의 p99 TTFT: 1.2014 초 | 
2025-11-18 21:16:04,014 - INFO - [실시간] 요청 173000개 처리 | 현재까지의 RPS: 643.06최근 1000개 request의 p99 TTFT: 0.6060 초 | 
2025-11-18 21:16:05,391 - INFO - [실시간] 요청 174000개 처리 | 현재까지의 RPS: 643.48최근 1000개 request의 p99 TTFT: 0.2843 초 | 
2025-11-18 21:16:06,776 - INFO - [실시간] 요청 175000개 처리 | 현재까지의 RPS: 643.88최근 1000개 request의 p99 TTFT: 0.2208 초 | 
2025-11-18 21:16:08,390 - INFO - [실시간] 요청 176000개 처리 | 현재까지의 RPS: 643.74최근 1000개 request의 p99 TTFT: 0.6943 초 | 
2025-11-18 21:16:09,756 - INFO - [실시간] 요청 177000개 처리 | 현재까지의 RPS: 644.18최근 1000개 request의 p99 TTFT: 1.0983 초 | 
2025-11-18 21:16:11,021 - INFO - [실시간] 요청 178000개 처리 | 현재까지의 RPS: 644.85최근 1000개 request의 p99 TTFT: 1.0695 초 | 
2025-11-18 21:16:12,437 - INFO - [실시간] 요청 179000개 처리 | 현재까지의 RPS: 645.16최근 1000개 request의 p99 TTFT: 0.3455 초 | 
2025-11-18 21:16:13,915 - INFO - [실시간] 요청 180000개 처리 | 현재까지의 RPS: 645.33최근 1000개 request의 p99 TTFT: 0.2370 초 | 
2025-11-18 21:16:15,331 - INFO - [실시간] 요청 181000개 처리 | 현재까지의 RPS: 645.64최근 1000개 request의 p99 TTFT: 0.6628 초 | 
2025-11-18 21:16:16,801 - INFO - [실시간] 요청 182000개 처리 | 현재까지의 RPS: 645.81최근 1000개 request의 p99 TTFT: 0.7974 초 | 
2025-11-18 21:16:18,073 - INFO - [실시간] 요청 183000개 처리 | 현재까지의 RPS: 646.45최근 1000개 request의 p99 TTFT: 0.8343 초 | 
2025-11-18 21:16:19,383 - INFO - [실시간] 요청 184000개 처리 | 현재까지의 RPS: 646.98최근 1000개 request의 p99 TTFT: 0.7577 초 | 
2025-11-18 21:16:20,681 - INFO - [실시간] 요청 185000개 처리 | 현재까지의 RPS: 647.54최근 1000개 request의 p99 TTFT: 0.5199 초 | 
2025-11-18 21:16:22,050 - INFO - [실시간] 요청 186000개 처리 | 현재까지의 RPS: 647.94최근 1000개 request의 p99 TTFT: 0.2489 초 | 
2025-11-18 21:16:23,520 - INFO - [실시간] 요청 187000개 처리 | 현재까지의 RPS: 648.11최근 1000개 request의 p99 TTFT: 0.4327 초 | 
2025-11-18 21:16:25,035 - INFO - [실시간] 요청 188000개 처리 | 현재까지의 RPS: 648.17최근 1000개 request의 p99 TTFT: 0.8648 초 | 
2025-11-18 21:16:26,334 - INFO - [실시간] 요청 189000개 처리 | 현재까지의 RPS: 648.71최근 1000개 request의 p99 TTFT: 0.8308 초 | 
2025-11-18 21:16:27,656 - INFO - [실시간] 요청 190000개 처리 | 현재까지의 RPS: 649.20최근 1000개 request의 p99 TTFT: 0.7408 초 | 
2025-11-18 21:16:28,891 - INFO - [실시간] 요청 191000개 처리 | 현재까지의 RPS: 649.87최근 1000개 request의 p99 TTFT: 0.7359 초 | 
2025-11-18 21:16:30,268 - INFO - [실시간] 요청 192000개 처리 | 현재까지의 RPS: 650.23최근 1000개 request의 p99 TTFT: 0.4021 초 | 
2025-11-18 21:16:31,850 - INFO - [실시간] 요청 193000개 처리 | 현재까지의 RPS: 650.13최근 1000개 request의 p99 TTFT: 0.4700 초 | 
2025-11-18 21:16:33,279 - INFO - [실시간] 요청 194000개 처리 | 현재까지의 RPS: 650.37최근 1000개 request의 p99 TTFT: 1.2268 초 | 
2025-11-18 21:16:34,594 - INFO - [실시간] 요청 195000개 처리 | 현재까지의 RPS: 650.85최근 1000개 request의 p99 TTFT: 1.2235 초 | 
2025-11-18 21:16:35,985 - INFO - [실시간] 요청 196000개 처리 | 현재까지의 RPS: 651.17최근 1000개 request의 p99 TTFT: 0.5532 초 | 
2025-11-18 21:16:37,279 - INFO - [실시간] 요청 197000개 처리 | 현재까지의 RPS: 651.69최근 1000개 request의 p99 TTFT: 0.5789 초 | 
2025-11-18 21:16:38,669 - INFO - [실시간] 요청 198000개 처리 | 현재까지의 RPS: 652.00최근 1000개 request의 p99 TTFT: 0.6052 초 | 
2025-11-18 21:16:40,191 - INFO - [실시간] 요청 199000개 처리 | 현재까지의 RPS: 652.02최근 1000개 request의 p99 TTFT: 0.7546 초 | 
2025-11-18 21:16:41,524 - INFO - [실시간] 요청 200000개 처리 | 현재까지의 RPS: 652.45최근 1000개 request의 p99 TTFT: 1.3558 초 | 
2025-11-18 21:16:42,785 - INFO - [실시간] 요청 201000개 처리 | 현재까지의 RPS: 653.03최근 1000개 request의 p99 TTFT: 1.2835 초 | 
2025-11-18 21:16:44,195 - INFO - [실시간] 요청 202000개 처리 | 현재까지의 RPS: 653.28최근 1000개 request의 p99 TTFT: 0.3415 초 | 
2025-11-18 21:16:45,542 - INFO - [실시간] 요청 203000개 처리 | 현재까지의 RPS: 653.67최근 1000개 request의 p99 TTFT: 0.2735 초 | 
2025-11-18 21:16:46,968 - INFO - [실시간] 요청 204000개 처리 | 현재까지의 RPS: 653.89최근 1000개 request의 p99 TTFT: 0.6000 초 | 
2025-11-18 21:16:48,565 - INFO - [실시간] 요청 205000개 처리 | 현재까지의 RPS: 653.74최근 1000개 request의 p99 TTFT: 0.8125 초 | 
2025-11-18 21:16:49,856 - INFO - [실시간] 요청 206000개 처리 | 현재까지의 RPS: 654.24최근 1000개 request의 p99 TTFT: 0.9166 초 | 
2025-11-18 21:16:51,147 - INFO - [실시간] 요청 207000개 처리 | 현재까지의 RPS: 654.73최근 1000개 request의 p99 TTFT: 0.9182 초 | 
2025-11-18 21:16:52,489 - INFO - [실시간] 요청 208000개 처리 | 현재까지의 RPS: 655.11최근 1000개 request의 p99 TTFT: 0.4430 초 | 
2025-11-18 21:16:53,888 - INFO - [실시간] 요청 209000개 처리 | 현재까지의 RPS: 655.37최근 1000개 request의 p99 TTFT: 0.4165 초 | 
2025-11-18 21:16:55,289 - INFO - [실시간] 요청 210000개 처리 | 현재까지의 RPS: 655.63최근 1000개 request의 p99 TTFT: 0.9299 초 | 
2025-11-18 21:16:56,596 - INFO - [실시간] 요청 211000개 처리 | 현재까지의 RPS: 656.08최근 1000개 request의 p99 TTFT: 0.9424 초 | 
2025-11-18 21:16:57,920 - INFO - [실시간] 요청 212000개 처리 | 현재까지의 RPS: 656.48최근 1000개 request의 p99 TTFT: 0.8535 초 | 
2025-11-18 21:16:59,285 - INFO - [실시간] 요청 213000개 처리 | 현재까지의 RPS: 656.80최근 1000개 request의 p99 TTFT: 0.6502 초 | 
2025-11-18 21:17:00,587 - INFO - [실시간] 요청 214000개 처리 | 현재까지의 RPS: 657.25최근 1000개 request의 p99 TTFT: 0.5806 초 | 
2025-11-18 21:17:01,927 - INFO - [실시간] 요청 215000개 처리 | 현재까지의 RPS: 657.61최근 1000개 request의 p99 TTFT: 0.5288 초 | 
2025-11-18 21:17:03,469 - INFO - [실시간] 요청 216000개 처리 | 현재까지의 RPS: 657.57최근 1000개 request의 p99 TTFT: 0.7213 초 | 
2025-11-18 21:17:04,761 - INFO - [실시간] 요청 217000개 처리 | 현재까지의 RPS: 658.03최근 1000개 request의 p99 TTFT: 1.1010 초 | 
통계에 반영된 요청 인덱스 범위: 0 ~ 217974 (총 217974개 요청)
통계 반영된 요청 수: 217974, 통계 반영된 시간: 389.15 초

==================================================
 실험 최종 결과 요약
==================================================
 설정 실험 시간: 330 초
 Clients 수: 8300
 통계 반영 시간: 389.15 초
 총 시도된 요청: 223884 개
 총 완료된 요청: 217974 개
 총 실패한 요청: 5910 개
 완료 요청 중 retrieval이 실패한 요청: 0 개
 요청 성공률: 97.36%
 전체 Requests Per Second (RPS): 560.13
--------------------------------------------------
 Time to First Token (TTFT) Latency:
  - 평균 (Mean): 0.1737 초
  - 중간값 (50%ile): 0.1318 초
  - 최소값 (Min): 0.0162 초
  - 최대값 (Max): 1.7294 초
  - 95%ile Tail: 0.5008 초
  - 99%ile Tail: 0.8358 초
--------------------------------------------------
 Time Per Output Token (TPOT):
  - 평균 (Mean): 16.98 ms/token
--------------------------------------------------
 Embedding Latency:
  - 총 샘플 수: 217958
  - 평균 (Mean): 9.19 ms
  - 중간값 (50%ile): 6.00 ms
  - 95%ile Tail: 23.00 ms
  - 99%ile Tail: 56.00 ms
--------------------------------------------------
 VectorDB Search Latency:
  - 총 샘플 수: 217958
  - 평균 (Mean): 76.95 ms
  - 중간값 (50%ile): 37.00 ms
  - 95%ile Tail: 290.00 ms
  - 99%ile Tail: 607.00 ms
--------------------------------------------------
 Document Search Latency:
  - 총 샘플 수: 217958
  - 평균 (Mean): 23.75 ms
  - 중간값 (50%ile): 8.00 ms
  - 95%ile Tail: 94.00 ms
  - 99%ile Tail: 246.00 ms
--------------------------------------------------
 Total Retrieval Latency:
  - 총 샘플 수: 217974
  - 평균 (Mean): 109.89 ms
  - 중간값 (50%ile): 60.00 ms
  - 95%ile Tail: 403.00 ms
  - 99%ile Tail: 737.00 ms
==================================================
