2025-11-18 21:18:05,474 - INFO - ReqGen 시작: 서버=163.152.48.109:9000, 클라이언트=8200, 시간=330초
2025-11-18 21:18:05,474 - INFO - Hugging Face에서 'kroshan/BioASQ' 데이터셋을 로드합니다...
2025-11-18 21:18:10,686 - INFO - 3266개의 질문을 로드했습니다.
2025-11-18 21:18:10,687 - INFO - 부하 테스트 시작, client 수 = 8200
2025-11-18 21:18:10,687 - INFO - Zipf 값 1.2에서 상위 20%의 질문이 차지하는 비율: 91.82%
2025-11-18 21:18:15,394 - INFO - [실시간] 요청 1000개 처리 | 현재까지의 RPS: 212.43최근 1000개 request의 p99 TTFT: 0.4021 초 | 
2025-11-18 21:18:17,926 - INFO - [실시간] 요청 2000개 처리 | 현재까지의 RPS: 276.28최근 1000개 request의 p99 TTFT: 0.3995 초 | 
2025-11-18 21:18:20,214 - INFO - [실시간] 요청 3000개 처리 | 현재까지의 RPS: 314.89최근 1000개 request의 p99 TTFT: 0.5893 초 | 
2025-11-18 21:18:22,293 - INFO - [실시간] 요청 4000개 처리 | 현재까지의 RPS: 344.66최근 1000개 request의 p99 TTFT: 0.4339 초 | 
2025-11-18 21:18:24,109 - INFO - [실시간] 요청 5000개 처리 | 현재까지의 RPS: 372.52최근 1000개 request의 p99 TTFT: 0.6589 초 | 
2025-11-18 21:18:25,801 - INFO - [실시간] 요청 6000개 처리 | 현재까지의 RPS: 396.99최근 1000개 request의 p99 TTFT: 0.3232 초 | 
2025-11-18 21:18:27,608 - INFO - [실시간] 요청 7000개 처리 | 현재까지의 RPS: 413.69최근 1000개 request의 p99 TTFT: 0.9630 초 | 
2025-11-18 21:18:29,085 - INFO - [실시간] 요청 8000개 처리 | 현재까지의 RPS: 434.84최근 1000개 request의 p99 TTFT: 1.0867 초 | 
2025-11-18 21:18:30,771 - INFO - [실시간] 요청 9000개 처리 | 현재까지의 RPS: 448.12최근 1000개 request의 p99 TTFT: 0.5287 초 | 
2025-11-18 21:18:32,318 - INFO - [실시간] 요청 10000개 처리 | 현재까지의 RPS: 462.31최근 1000개 request의 p99 TTFT: 0.9644 초 | 
2025-11-18 21:18:34,364 - INFO - [실시간] 요청 11000개 처리 | 현재까지의 RPS: 464.59최근 1000개 request의 p99 TTFT: 0.7913 초 | 
2025-11-18 21:18:36,231 - INFO - [실시간] 요청 12000개 처리 | 현재까지의 RPS: 469.78최근 1000개 request의 p99 TTFT: 0.2101 초 | 
2025-11-18 21:18:38,348 - INFO - [실시간] 요청 13000개 처리 | 현재까지의 RPS: 469.97최근 1000개 request의 p99 TTFT: 0.8150 초 | 
2025-11-18 21:18:40,021 - INFO - [실시간] 요청 14000개 처리 | 현재까지의 RPS: 477.27최근 1000개 request의 p99 TTFT: 0.9771 초 | 
2025-11-18 21:18:41,851 - INFO - [실시간] 요청 15000개 처리 | 현재까지의 RPS: 481.32최근 1000개 request의 p99 TTFT: 0.2638 초 | 
2025-11-18 21:18:43,535 - INFO - [실시간] 요청 16000개 처리 | 현재까지의 RPS: 487.09최근 1000개 request의 p99 TTFT: 0.2441 초 | 
2025-11-18 21:18:45,390 - INFO - [실시간] 요청 17000개 처리 | 현재까지의 RPS: 489.86최근 1000개 request의 p99 TTFT: 0.4808 초 | 
2025-11-18 21:18:47,093 - INFO - [실시간] 요청 18000개 처리 | 현재까지의 RPS: 494.42최근 1000개 request의 p99 TTFT: 0.2758 초 | 
2025-11-18 21:18:48,992 - INFO - [실시간] 요청 19000개 처리 | 현재까지의 RPS: 496.01최근 1000개 request의 p99 TTFT: 0.5647 초 | 
2025-11-18 21:18:50,693 - INFO - [실시간] 요청 20000개 처리 | 현재까지의 RPS: 499.93최근 1000개 request의 p99 TTFT: 0.7021 초 | 
2025-11-18 21:18:52,475 - INFO - [실시간] 요청 21000개 처리 | 현재까지의 RPS: 502.54최근 1000개 request의 p99 TTFT: 0.2705 초 | 
2025-11-18 21:18:54,221 - INFO - [실시간] 요청 22000개 처리 | 현재까지의 RPS: 505.36최근 1000개 request의 p99 TTFT: 0.2068 초 | 
2025-11-18 21:18:55,980 - INFO - [실시간] 요청 23000개 처리 | 현재까지의 RPS: 507.81최근 1000개 request의 p99 TTFT: 0.4962 초 | 
2025-11-18 21:18:57,825 - INFO - [실시간] 요청 24000개 처리 | 현재까지의 RPS: 509.14최근 1000개 request의 p99 TTFT: 0.3862 초 | 
2025-11-18 21:18:59,745 - INFO - [실시간] 요청 25000개 처리 | 현재까지의 RPS: 509.61최근 1000개 request의 p99 TTFT: 0.4599 초 | 
2025-11-18 21:19:01,418 - INFO - [실시간] 요청 26000개 처리 | 현재까지의 RPS: 512.50최근 1000개 request의 p99 TTFT: 0.5687 초 | 
2025-11-18 21:19:03,197 - INFO - [실시간] 요청 27000개 처리 | 현재까지의 RPS: 514.18최근 1000개 request의 p99 TTFT: 0.2200 초 | 
2025-11-18 21:19:04,985 - INFO - [실시간] 요청 28000개 처리 | 현재까지의 RPS: 515.67최근 1000개 request의 p99 TTFT: 0.2177 초 | 
2025-11-18 21:19:06,853 - INFO - [실시간] 요청 29000개 처리 | 현재까지의 RPS: 516.32최근 1000개 request의 p99 TTFT: 0.3433 초 | 
2025-11-18 21:19:08,647 - INFO - [실시간] 요청 30000개 처리 | 현재까지의 RPS: 517.60최근 1000개 request의 p99 TTFT: 0.4013 초 | 
2025-11-18 21:19:10,532 - INFO - [실시간] 요청 31000개 처리 | 현재까지의 RPS: 518.01최근 1000개 request의 p99 TTFT: 0.3298 초 | 
2025-11-18 21:19:12,417 - INFO - [실시간] 요청 32000개 처리 | 현재까지의 RPS: 518.38최근 1000개 request의 p99 TTFT: 0.9018 초 | 
2025-11-18 21:19:13,874 - INFO - [실시간] 요청 33000개 처리 | 현재까지의 RPS: 522.26최근 1000개 request의 p99 TTFT: 0.8529 초 | 
2025-11-18 21:19:15,431 - INFO - [실시간] 요청 34000개 처리 | 현재까지의 RPS: 525.15최근 1000개 request의 p99 TTFT: 0.2808 초 | 
2025-11-18 21:19:16,965 - INFO - [실시간] 요청 35000개 처리 | 현재까지의 RPS: 528.08최근 1000개 request의 p99 TTFT: 0.3298 초 | 
2025-11-18 21:19:18,742 - INFO - [실시간] 요청 36000개 처리 | 현재까지의 RPS: 528.98최근 1000개 request의 p99 TTFT: 0.4915 초 | 
2025-11-18 21:19:20,416 - INFO - [실시간] 요청 37000개 처리 | 현재까지의 RPS: 530.62최근 1000개 request의 p99 TTFT: 0.7252 초 | 
2025-11-18 21:19:21,880 - INFO - [실시간] 요청 38000개 처리 | 현재까지의 RPS: 533.76최근 1000개 request의 p99 TTFT: 0.6125 초 | 
2025-11-18 21:19:23,416 - INFO - [실시간] 요청 39000개 처리 | 현재까지의 RPS: 536.24최근 1000개 request의 p99 TTFT: 0.4438 초 | 
2025-11-18 21:19:24,963 - INFO - [실시간] 요청 40000개 처리 | 현재까지의 RPS: 538.53최근 1000개 request의 p99 TTFT: 0.6053 초 | 
2025-11-18 21:19:26,442 - INFO - [실시간] 요청 41000개 처리 | 현재까지의 RPS: 541.22최근 1000개 request의 p99 TTFT: 0.5823 초 | 
2025-11-18 21:19:28,112 - INFO - [실시간] 요청 42000개 처리 | 현재까지의 RPS: 542.46최근 1000개 request의 p99 TTFT: 0.5538 초 | 
2025-11-18 21:19:29,494 - INFO - [실시간] 요청 43000개 처리 | 현재까지의 RPS: 545.64최근 1000개 request의 p99 TTFT: 1.1093 초 | 
2025-11-18 21:19:30,935 - INFO - [실시간] 요청 44000개 처리 | 현재까지의 RPS: 548.30최근 1000개 request의 p99 TTFT: 0.9815 초 | 
2025-11-18 21:19:32,326 - INFO - [실시간] 요청 45000개 처리 | 현재까지의 RPS: 551.21최근 1000개 request의 p99 TTFT: 0.2894 초 | 
2025-11-18 21:19:33,796 - INFO - [실시간] 요청 46000개 처리 | 현재까지의 RPS: 553.49최근 1000개 request의 p99 TTFT: 0.3581 초 | 
2025-11-18 21:19:35,478 - INFO - [실시간] 요청 47000개 처리 | 현재까지의 RPS: 554.30최근 1000개 request의 p99 TTFT: 0.4841 초 | 
2025-11-18 21:19:36,970 - INFO - [실시간] 요청 48000개 처리 | 현재까지의 RPS: 556.31최근 1000개 request의 p99 TTFT: 0.7960 초 | 
2025-11-18 21:19:38,455 - INFO - [실시간] 요청 49000개 처리 | 현재까지의 RPS: 558.29최근 1000개 request의 p99 TTFT: 0.7144 초 | 
2025-11-18 21:19:39,990 - INFO - [실시간] 요청 50000개 처리 | 현재까지의 RPS: 559.89최근 1000개 request의 p99 TTFT: 0.4181 초 | 
2025-11-18 21:19:41,419 - INFO - [실시간] 요청 51000개 처리 | 현재까지의 RPS: 562.09최근 1000개 request의 p99 TTFT: 0.5267 초 | 
2025-11-18 21:19:42,809 - INFO - [실시간] 요청 52000개 처리 | 현재까지의 RPS: 564.47최근 1000개 request의 p99 TTFT: 0.5254 초 | 
2025-11-18 21:19:44,430 - INFO - [실시간] 요청 53000개 처리 | 현재까지의 RPS: 565.38최근 1000개 request의 p99 TTFT: 0.5180 초 | 
2025-11-18 21:19:45,844 - INFO - [실시간] 요청 54000개 처리 | 현재까지의 RPS: 567.49최근 1000개 request의 p99 TTFT: 0.9172 초 | 
2025-11-18 21:19:47,436 - INFO - [실시간] 요청 55000개 처리 | 현재까지의 RPS: 568.48최근 1000개 request의 p99 TTFT: 0.5036 초 | 
2025-11-18 21:19:48,858 - INFO - [실시간] 요청 56000개 처리 | 현재까지의 RPS: 570.43최근 1000개 request의 p99 TTFT: 0.4974 초 | 
2025-11-18 21:19:50,415 - INFO - [실시간] 요청 57000개 처리 | 현재까지의 RPS: 571.56최근 1000개 request의 p99 TTFT: 0.4436 초 | 
2025-11-18 21:19:51,939 - INFO - [실시간] 요청 58000개 처리 | 현재까지의 RPS: 572.83최근 1000개 request의 p99 TTFT: 0.5006 초 | 
2025-11-18 21:19:53,566 - INFO - [실시간] 요청 59000개 처리 | 현재까지의 RPS: 573.49최근 1000개 request의 p99 TTFT: 0.5141 초 | 
2025-11-18 21:19:55,101 - INFO - [실시간] 요청 60000개 처리 | 현재까지의 RPS: 574.64최근 1000개 request의 p99 TTFT: 0.7545 초 | 
2025-11-18 21:19:56,658 - INFO - [실시간] 요청 61000개 처리 | 현재까지의 RPS: 575.63최근 1000개 request의 p99 TTFT: 0.5224 초 | 
2025-11-18 21:19:58,125 - INFO - [실시간] 요청 62000개 처리 | 현재까지의 RPS: 577.08최근 1000개 request의 p99 TTFT: 0.3858 초 | 
2025-11-18 21:19:59,598 - INFO - [실시간] 요청 63000개 처리 | 현재까지의 RPS: 578.45최근 1000개 request의 p99 TTFT: 0.4385 초 | 
2025-11-18 21:20:01,268 - INFO - [실시간] 요청 64000개 처리 | 현재까지의 RPS: 578.76최근 1000개 request의 p99 TTFT: 0.4141 초 | 
2025-11-18 21:20:02,784 - INFO - [실시간] 요청 65000개 처리 | 현재까지의 RPS: 579.85최근 1000개 request의 p99 TTFT: 0.6007 초 | 
2025-11-18 21:20:04,173 - INFO - [실시간] 요청 66000개 처리 | 현재까지의 RPS: 581.57최근 1000개 request의 p99 TTFT: 0.6244 초 | 
2025-11-18 21:20:05,722 - INFO - [실시간] 요청 67000개 처리 | 현재까지의 RPS: 582.43최근 1000개 request의 p99 TTFT: 0.3340 초 | 
2025-11-18 21:20:07,188 - INFO - [실시간] 요청 68000개 처리 | 현재까지의 RPS: 583.68최근 1000개 request의 p99 TTFT: 0.5016 초 | 
2025-11-18 21:20:08,707 - INFO - [실시간] 요청 69000개 처리 | 현재까지의 RPS: 584.64최근 1000개 request의 p99 TTFT: 0.3016 초 | 
2025-11-18 21:20:10,345 - INFO - [실시간] 요청 70000개 처리 | 현재까지의 RPS: 585.00최근 1000개 request의 p99 TTFT: 0.3298 초 | 
2025-11-18 21:20:11,991 - INFO - [실시간] 요청 71000개 처리 | 현재까지의 RPS: 585.30최근 1000개 request의 p99 TTFT: 1.0522 초 | 
2025-11-18 21:20:13,294 - INFO - [실시간] 요청 72000개 처리 | 현재까지의 RPS: 587.24최근 1000개 request의 p99 TTFT: 1.1394 초 | 
2025-11-18 21:20:14,809 - INFO - [실시간] 요청 73000개 처리 | 현재까지의 RPS: 588.13최근 1000개 request의 p99 TTFT: 0.4669 초 | 
2025-11-18 21:20:16,404 - INFO - [실시간] 요청 74000개 처리 | 현재까지의 RPS: 588.63최근 1000개 request의 p99 TTFT: 0.3214 초 | 
2025-11-18 21:20:17,803 - INFO - [실시간] 요청 75000개 처리 | 현재까지의 RPS: 590.01최근 1000개 request의 p99 TTFT: 0.6184 초 | 
2025-11-18 21:20:19,449 - INFO - [실시간] 요청 76000개 처리 | 현재까지의 RPS: 590.24최근 1000개 request의 p99 TTFT: 0.6272 초 | 
2025-11-18 21:20:20,860 - INFO - [실시간] 요청 77000개 처리 | 현재까지의 RPS: 591.52최근 1000개 request의 p99 TTFT: 0.9283 초 | 
2025-11-18 21:20:22,353 - INFO - [실시간] 요청 78000개 처리 | 현재까지의 RPS: 592.41최근 1000개 request의 p99 TTFT: 0.7886 초 | 
2025-11-18 21:20:23,853 - INFO - [실시간] 요청 79000개 처리 | 현재까지의 RPS: 593.24최근 1000개 request의 p99 TTFT: 0.5030 초 | 
2025-11-18 21:20:25,264 - INFO - [실시간] 요청 80000개 처리 | 현재까지의 RPS: 594.46최근 1000개 request의 p99 TTFT: 0.5157 초 | 
2025-11-18 21:20:26,835 - INFO - [실시간] 요청 81000개 처리 | 현재까지의 RPS: 594.94최근 1000개 request의 p99 TTFT: 0.2515 초 | 
2025-11-18 21:20:28,417 - INFO - [실시간] 요청 82000개 처리 | 현재까지의 RPS: 595.37최근 1000개 request의 p99 TTFT: 0.9272 초 | 
2025-11-18 21:20:29,742 - INFO - [실시간] 요청 83000개 처리 | 현재까지의 RPS: 596.89최근 1000개 request의 p99 TTFT: 1.3791 초 | 
2025-11-18 21:20:31,152 - INFO - [실시간] 요청 84000개 처리 | 현재까지의 RPS: 598.01최근 1000개 request의 p99 TTFT: 1.0650 초 | 
2025-11-18 21:20:32,598 - INFO - [실시간] 요청 85000개 처리 | 현재까지의 RPS: 598.97최근 1000개 request의 p99 TTFT: 0.4719 초 | 
2025-11-18 21:20:34,013 - INFO - [실시간] 요청 86000개 처리 | 현재까지의 RPS: 600.03최근 1000개 request의 p99 TTFT: 0.5317 초 | 
2025-11-18 21:20:35,655 - INFO - [실시간] 요청 87000개 처리 | 현재까지의 RPS: 600.13최근 1000개 request의 p99 TTFT: 0.5534 초 | 
2025-11-18 21:20:36,990 - INFO - [실시간] 요청 88000개 처리 | 현재까지의 RPS: 601.49최근 1000개 request의 p99 TTFT: 0.6453 초 | 
2025-11-18 21:20:38,464 - INFO - [실시간] 요청 89000개 처리 | 현재까지의 RPS: 602.26최근 1000개 request의 p99 TTFT: 0.5003 초 | 
2025-11-18 21:20:39,919 - INFO - [실시간] 요청 90000개 처리 | 현재까지의 RPS: 603.09최근 1000개 request의 p99 TTFT: 0.4866 초 | 
2025-11-18 21:20:41,426 - INFO - [실시간] 요청 91000개 처리 | 현재까지의 RPS: 603.69최근 1000개 request의 p99 TTFT: 0.2065 초 | 
2025-11-18 21:20:43,047 - INFO - [실시간] 요청 92000개 처리 | 현재까지의 RPS: 603.83최근 1000개 request의 p99 TTFT: 0.2133 초 | 
2025-11-18 21:20:44,749 - INFO - [실시간] 요청 93000개 처리 | 현재까지의 RPS: 603.65최근 1000개 request의 p99 TTFT: 0.8740 초 | 
2025-11-18 21:20:46,044 - INFO - [실시간] 요청 94000개 처리 | 현재까지의 RPS: 605.06최근 1000개 request의 p99 TTFT: 1.0695 초 | 
2025-11-18 21:20:47,466 - INFO - [실시간] 요청 95000개 처리 | 현재까지의 RPS: 605.95최근 1000개 request의 p99 TTFT: 0.6278 초 | 
2025-11-18 21:20:48,961 - INFO - [실시간] 요청 96000개 처리 | 현재까지의 RPS: 606.54최근 1000개 request의 p99 TTFT: 0.2615 초 | 
2025-11-18 21:20:50,435 - INFO - [실시간] 요청 97000개 처리 | 현재까지의 RPS: 607.21최근 1000개 request의 p99 TTFT: 0.5080 초 | 
2025-11-18 21:20:52,055 - INFO - [실시간] 요청 98000개 처리 | 현재까지의 RPS: 607.31최근 1000개 request의 p99 TTFT: 0.4790 초 | 
2025-11-18 21:20:53,506 - INFO - [실시간] 요청 99000개 처리 | 현재까지의 RPS: 608.04최근 1000개 request의 p99 TTFT: 0.7779 초 | 
2025-11-18 21:20:54,922 - INFO - [실시간] 요청 100000개 처리 | 현재까지의 RPS: 608.88최근 1000개 request의 p99 TTFT: 0.7111 초 | 
2025-11-18 21:20:56,361 - INFO - [실시간] 요청 101000개 처리 | 현재까지의 RPS: 609.63최근 1000개 request의 p99 TTFT: 0.5289 초 | 
2025-11-18 21:20:57,758 - INFO - [실시간] 요청 102000개 처리 | 현재까지의 RPS: 610.52최근 1000개 request의 p99 TTFT: 0.5668 초 | 
2025-11-18 21:20:59,268 - INFO - [실시간] 요청 103000개 처리 | 현재까지의 RPS: 610.98최근 1000개 request의 p99 TTFT: 0.2269 초 | 
2025-11-18 21:21:00,984 - INFO - [실시간] 요청 104000개 처리 | 현재까지의 RPS: 610.70최근 1000개 request의 p99 TTFT: 0.5056 초 | 
2025-11-18 21:21:02,443 - INFO - [실시간] 요청 105000개 처리 | 현재까지의 RPS: 611.33최근 1000개 request의 p99 TTFT: 1.2283 초 | 
2025-11-18 21:21:03,886 - INFO - [실시간] 요청 106000개 처리 | 현재까지의 RPS: 612.01최근 1000개 request의 p99 TTFT: 0.8379 초 | 
2025-11-18 21:21:05,320 - INFO - [실시간] 요청 107000개 처리 | 현재까지의 RPS: 612.71최근 1000개 request의 p99 TTFT: 0.4055 초 | 
2025-11-18 21:21:06,853 - INFO - [실시간] 요청 108000개 처리 | 현재까지의 RPS: 613.06최근 1000개 request의 p99 TTFT: 0.4397 초 | 
2025-11-18 21:21:08,292 - INFO - [실시간] 요청 109000개 처리 | 현재까지의 RPS: 613.72최근 1000개 request의 p99 TTFT: 0.4376 초 | 
2025-11-18 21:21:10,049 - INFO - [실시간] 요청 110000개 처리 | 현재까지의 RPS: 613.29최근 1000개 request의 p99 TTFT: 0.5961 초 | 
2025-11-18 21:21:11,438 - INFO - [실시간] 요청 111000개 처리 | 현재까지의 RPS: 614.10최근 1000개 request의 p99 TTFT: 1.0333 초 | 
2025-11-18 21:21:12,774 - INFO - [실시간] 요청 112000개 처리 | 현재까지의 RPS: 615.09최근 1000개 request의 p99 TTFT: 0.8504 초 | 
2025-11-18 21:21:14,103 - INFO - [실시간] 요청 113000개 처리 | 현재까지의 RPS: 616.09최근 1000개 request의 p99 TTFT: 0.6305 초 | 
2025-11-18 21:21:15,547 - INFO - [실시간] 요청 114000개 처리 | 현재까지의 RPS: 616.68최근 1000개 request의 p99 TTFT: 0.3113 초 | 
2025-11-18 21:21:17,058 - INFO - [실시간] 요청 115000개 처리 | 현재까지의 RPS: 617.05최근 1000개 request의 p99 TTFT: 0.6301 초 | 
2025-11-18 21:21:18,599 - INFO - [실시간] 요청 116000개 처리 | 현재까지의 RPS: 617.31최근 1000개 request의 p99 TTFT: 0.8432 초 | 
2025-11-18 21:21:19,994 - INFO - [실시간] 요청 117000개 처리 | 현재까지의 RPS: 618.04최근 1000개 request의 p99 TTFT: 0.8532 초 | 
2025-11-18 21:21:21,354 - INFO - [실시간] 요청 118000개 처리 | 현재까지의 RPS: 618.88최근 1000개 request의 p99 TTFT: 0.6257 초 | 
2025-11-18 21:21:22,658 - INFO - [실시간] 요청 119000개 처리 | 현재까지의 RPS: 619.88최근 1000개 request의 p99 TTFT: 0.5548 초 | 
2025-11-18 21:21:24,073 - INFO - [실시간] 요청 120000개 처리 | 현재까지의 RPS: 620.52최근 1000개 request의 p99 TTFT: 0.2360 초 | 
2025-11-18 21:21:25,683 - INFO - [실시간] 요청 121000개 처리 | 현재까지의 RPS: 620.53최근 1000개 request의 p99 TTFT: 0.5933 초 | 
2025-11-18 21:21:27,113 - INFO - [실시간] 요청 122000개 처리 | 현재까지의 RPS: 621.10최근 1000개 request의 p99 TTFT: 0.9367 초 | 
2025-11-18 21:21:28,467 - INFO - [실시간] 요청 123000개 처리 | 현재까지의 RPS: 621.90최근 1000개 request의 p99 TTFT: 1.0027 초 | 
2025-11-18 21:21:29,752 - INFO - [실시간] 요청 124000개 처리 | 현재까지의 RPS: 622.91최근 1000개 request의 p99 TTFT: 0.9949 초 | 
2025-11-18 21:21:31,076 - INFO - [실시간] 요청 125000개 처리 | 현재까지의 RPS: 623.79최근 1000개 request의 p99 TTFT: 0.8743 초 | 
2025-11-18 21:21:32,435 - INFO - [실시간] 요청 126000개 처리 | 현재까지의 RPS: 624.54최근 1000개 request의 p99 TTFT: 0.3485 초 | 
2025-11-18 21:21:34,096 - INFO - [실시간] 요청 127000개 처리 | 현재까지의 RPS: 624.36최근 1000개 request의 p99 TTFT: 0.5612 초 | 
2025-11-18 21:21:35,456 - INFO - [실시간] 요청 128000개 처리 | 현재까지의 RPS: 625.10최근 1000개 request의 p99 TTFT: 1.2318 초 | 
2025-11-18 21:21:36,806 - INFO - [실시간] 요청 129000개 처리 | 현재까지의 RPS: 625.85최근 1000개 request의 p99 TTFT: 1.0470 초 | 
2025-11-18 21:21:38,189 - INFO - [실시간] 요청 130000개 처리 | 현재까지의 RPS: 626.50최근 1000개 request의 p99 TTFT: 0.2753 초 | 
2025-11-18 21:21:39,610 - INFO - [실시간] 요청 131000개 처리 | 현재까지의 RPS: 627.02최근 1000개 request의 p99 TTFT: 0.2931 초 | 
2025-11-18 21:21:41,118 - INFO - [실시간] 요청 132000개 처리 | 현재까지의 RPS: 627.29최근 1000개 request의 p99 TTFT: 0.7412 초 | 
2025-11-18 21:21:42,594 - INFO - [실시간] 요청 133000개 처리 | 현재까지의 RPS: 627.63최근 1000개 request의 p99 TTFT: 0.6411 초 | 
2025-11-18 21:21:43,835 - INFO - [실시간] 요청 134000개 처리 | 현재까지의 RPS: 628.67최근 1000개 request의 p99 TTFT: 0.6081 초 | 
2025-11-18 21:21:45,372 - INFO - [실시간] 요청 135000개 처리 | 현재까지의 RPS: 628.83최근 1000개 request의 p99 TTFT: 0.6382 초 | 
2025-11-18 21:21:46,631 - INFO - [실시간] 요청 136000개 처리 | 현재까지의 RPS: 629.79최근 1000개 request의 p99 TTFT: 0.6207 초 | 
2025-11-18 21:21:47,965 - INFO - [실시간] 요청 137000개 처리 | 현재까지의 RPS: 630.53최근 1000개 request의 p99 TTFT: 0.4764 초 | 
2025-11-18 21:21:49,424 - INFO - [실시간] 요청 138000개 처리 | 현재까지의 RPS: 630.90최근 1000개 request의 p99 TTFT: 0.4686 초 | 
2025-11-18 21:21:50,942 - INFO - [실시간] 요청 139000개 처리 | 현재까지의 RPS: 631.09최근 1000개 request의 p99 TTFT: 0.9492 초 | 
2025-11-18 21:21:52,260 - INFO - [실시간] 요청 140000개 처리 | 현재까지의 RPS: 631.85최근 1000개 request의 p99 TTFT: 1.0316 초 | 
2025-11-18 21:21:53,646 - INFO - [실시간] 요청 141000개 처리 | 현재까지의 RPS: 632.40최근 1000개 request의 p99 TTFT: 0.6108 초 | 
2025-11-18 21:21:55,039 - INFO - [실시간] 요청 142000개 처리 | 현재까지의 RPS: 632.93최근 1000개 request의 p99 TTFT: 0.5573 초 | 
2025-11-18 21:21:56,638 - INFO - [실시간] 요청 143000개 처리 | 현재까지의 RPS: 632.88최근 1000개 request의 p99 TTFT: 0.3418 초 | 
2025-11-18 21:21:58,174 - INFO - [실시간] 요청 144000개 처리 | 현재까지의 RPS: 633.00최근 1000개 request의 p99 TTFT: 0.7576 초 | 
2025-11-18 21:21:59,451 - INFO - [실시간] 요청 145000개 처리 | 현재까지의 RPS: 633.84최근 1000개 request의 p99 TTFT: 1.1328 초 | 
2025-11-18 21:22:00,795 - INFO - [실시간] 요청 146000개 처리 | 현재까지의 RPS: 634.49최근 1000개 request의 p99 TTFT: 1.0508 초 | 
2025-11-18 21:22:02,191 - INFO - [실시간] 요청 147000개 처리 | 현재까지의 RPS: 634.98최근 1000개 request의 p99 TTFT: 0.3075 초 | 
2025-11-18 21:22:03,607 - INFO - [실시간] 요청 148000개 처리 | 현재까지의 RPS: 635.41최근 1000개 request의 p99 TTFT: 0.2945 초 | 
2025-11-18 21:22:05,169 - INFO - [실시간] 요청 149000개 처리 | 현재까지의 RPS: 635.44최근 1000개 request의 p99 TTFT: 0.5343 초 | 
2025-11-18 21:22:06,617 - INFO - [실시간] 요청 150000개 처리 | 현재까지의 RPS: 635.78최근 1000개 request의 p99 TTFT: 0.7275 초 | 
2025-11-18 21:22:07,939 - INFO - [실시간] 요청 151000개 처리 | 현재까지의 RPS: 636.45최근 1000개 request의 p99 TTFT: 0.7174 초 | 
2025-11-18 21:22:09,296 - INFO - [실시간] 요청 152000개 처리 | 현재까지의 RPS: 637.03최근 1000개 request의 p99 TTFT: 0.6208 초 | 
2025-11-18 21:22:10,707 - INFO - [실시간] 요청 153000개 처리 | 현재까지의 RPS: 637.45최근 1000개 request의 p99 TTFT: 0.3296 초 | 
2025-11-18 21:22:12,148 - INFO - [실시간] 요청 154000개 처리 | 현재까지의 RPS: 637.78최근 1000개 request의 p99 TTFT: 0.2770 초 | 
2025-11-18 21:22:13,677 - INFO - [실시간] 요청 155000개 처리 | 현재까지의 RPS: 637.89최근 1000개 request의 p99 TTFT: 0.5122 초 | 
2025-11-18 21:22:15,106 - INFO - [실시간] 요청 156000개 처리 | 현재까지의 RPS: 638.25최근 1000개 request의 p99 TTFT: 1.0375 초 | 
2025-11-18 21:22:16,367 - INFO - [실시간] 요청 157000개 처리 | 현재까지의 RPS: 639.04최근 1000개 request의 p99 TTFT: 0.9888 초 | 
2025-11-18 21:22:17,805 - INFO - [실시간] 요청 158000개 처리 | 현재까지의 RPS: 639.37최근 1000개 request의 p99 TTFT: 0.2384 초 | 
2025-11-18 21:22:19,248 - INFO - [실시간] 요청 159000개 처리 | 현재까지의 RPS: 639.68최근 1000개 request의 p99 TTFT: 0.2639 초 | 
2025-11-18 21:22:20,702 - INFO - [실시간] 요청 160000개 처리 | 현재까지의 RPS: 639.96최근 1000개 request의 p99 TTFT: 0.4206 초 | 
2025-11-18 21:22:22,261 - INFO - [실시간] 요청 161000개 처리 | 현재까지의 RPS: 639.97최근 1000개 request의 p99 TTFT: 0.5079 초 | 
2025-11-18 21:22:23,726 - INFO - [실시간] 요청 162000개 처리 | 현재까지의 RPS: 640.22최근 1000개 request의 p99 TTFT: 0.7681 초 | 
2025-11-18 21:22:25,013 - INFO - [실시간] 요청 163000개 처리 | 현재까지의 RPS: 640.91최근 1000개 request의 p99 TTFT: 0.7207 초 | 
2025-11-18 21:22:26,307 - INFO - [실시간] 요청 164000개 처리 | 현재까지의 RPS: 641.58최근 1000개 request의 p99 TTFT: 0.4486 초 | 
2025-11-18 21:22:27,683 - INFO - [실시간] 요청 165000개 처리 | 현재까지의 RPS: 642.03최근 1000개 request의 p99 TTFT: 0.5744 초 | 
2025-11-18 21:22:28,973 - INFO - [실시간] 요청 166000개 처리 | 현재까지의 RPS: 642.70최근 1000개 request의 p99 TTFT: 0.7274 초 | 
2025-11-18 21:22:30,552 - INFO - [실시간] 요청 167000개 처리 | 현재까지의 RPS: 642.64최근 1000개 request의 p99 TTFT: 0.7036 초 | 
2025-11-18 21:22:31,944 - INFO - [실시간] 요청 168000개 처리 | 현재까지의 RPS: 643.05최근 1000개 request의 p99 TTFT: 0.8228 초 | 
2025-11-18 21:22:33,279 - INFO - [실시간] 요청 169000개 처리 | 현재까지의 RPS: 643.58최근 1000개 request의 p99 TTFT: 0.5317 초 | 
2025-11-18 21:22:34,683 - INFO - [실시간] 요청 170000개 처리 | 현재까지의 RPS: 643.95최근 1000개 request의 p99 TTFT: 0.4217 초 | 
2025-11-18 21:22:36,034 - INFO - [실시간] 요청 171000개 처리 | 현재까지의 RPS: 644.44최근 1000개 request의 p99 TTFT: 0.8329 초 | 
2025-11-18 21:22:37,479 - INFO - [실시간] 요청 172000개 처리 | 현재까지의 RPS: 644.70최근 1000개 request의 p99 TTFT: 0.8120 초 | 
2025-11-18 21:22:39,050 - INFO - [실시간] 요청 173000개 처리 | 현재까지의 RPS: 644.65최근 1000개 request의 p99 TTFT: 0.6920 초 | 
2025-11-18 21:22:40,336 - INFO - [실시간] 요청 174000개 처리 | 현재까지의 RPS: 645.28최근 1000개 request의 p99 TTFT: 1.1817 초 | 
2025-11-18 21:22:41,733 - INFO - [실시간] 요청 175000개 처리 | 현재까지의 RPS: 645.65최근 1000개 request의 p99 TTFT: 1.0084 초 | 
2025-11-18 21:22:43,139 - INFO - [실시간] 요청 176000개 처리 | 현재까지의 RPS: 645.99최근 1000개 request의 p99 TTFT: 0.4404 초 | 
2025-11-18 21:22:44,558 - INFO - [실시간] 요청 177000개 처리 | 현재까지의 RPS: 646.29최근 1000개 request의 p99 TTFT: 0.2575 초 | 
2025-11-18 21:22:46,092 - INFO - [실시간] 요청 178000개 처리 | 현재까지의 RPS: 646.32최근 1000개 request의 p99 TTFT: 0.4480 초 | 
2025-11-18 21:22:47,505 - INFO - [실시간] 요청 179000개 처리 | 현재까지의 RPS: 646.63최근 1000개 request의 p99 TTFT: 1.0581 초 | 
2025-11-18 21:22:48,779 - INFO - [실시간] 요청 180000개 처리 | 현재까지의 RPS: 647.27최근 1000개 request의 p99 TTFT: 1.1011 초 | 
2025-11-18 21:22:50,143 - INFO - [실시간] 요청 181000개 처리 | 현재까지의 RPS: 647.69최근 1000개 request의 p99 TTFT: 0.7999 초 | 
2025-11-18 21:22:51,538 - INFO - [실시간] 요청 182000개 처리 | 현재까지의 RPS: 648.03최근 1000개 request의 p99 TTFT: 0.5940 초 | 
2025-11-18 21:22:52,794 - INFO - [실시간] 요청 183000개 처리 | 현재까지의 RPS: 648.69최근 1000개 request의 p99 TTFT: 0.5387 초 | 
2025-11-18 21:22:54,419 - INFO - [실시간] 요청 184000개 처리 | 현재까지의 RPS: 648.50최근 1000개 request의 p99 TTFT: 0.5403 초 | 
2025-11-18 21:22:55,817 - INFO - [실시간] 요청 185000개 처리 | 현재까지의 RPS: 648.83최근 1000개 request의 p99 TTFT: 1.2069 초 | 
2025-11-18 21:22:57,105 - INFO - [실시간] 요청 186000개 처리 | 현재까지의 RPS: 649.40최근 1000개 request의 p99 TTFT: 1.2762 초 | 
2025-11-18 21:22:58,518 - INFO - [실시간] 요청 187000개 처리 | 현재까지의 RPS: 649.69최근 1000개 request의 p99 TTFT: 0.5297 초 | 
2025-11-18 21:22:59,837 - INFO - [실시간] 요청 188000개 처리 | 현재까지의 RPS: 650.18최근 1000개 request의 p99 TTFT: 0.7703 초 | 
2025-11-18 21:23:01,265 - INFO - [실시간] 요청 189000개 처리 | 현재까지의 RPS: 650.43최근 1000개 request의 p99 TTFT: 0.7937 초 | 
2025-11-18 21:23:02,818 - INFO - [실시간] 요청 190000개 처리 | 현재까지의 RPS: 650.39최근 1000개 request의 p99 TTFT: 0.6839 초 | 
2025-11-18 21:23:04,100 - INFO - [실시간] 요청 191000개 처리 | 현재까지의 RPS: 650.96최근 1000개 request의 p99 TTFT: 0.7780 초 | 
2025-11-18 21:23:05,454 - INFO - [실시간] 요청 192000개 처리 | 현재까지의 RPS: 651.36최근 1000개 request의 p99 TTFT: 0.5716 초 | 
2025-11-18 21:23:06,815 - INFO - [실시간] 요청 193000개 처리 | 현재까지의 RPS: 651.74최근 1000개 request의 p99 TTFT: 0.4767 초 | 
2025-11-18 21:23:08,176 - INFO - [실시간] 요청 194000개 처리 | 현재까지의 RPS: 652.12최근 1000개 request의 p99 TTFT: 0.4303 초 | 
2025-11-18 21:23:09,581 - INFO - [실시간] 요청 195000개 처리 | 현재까지의 RPS: 652.41최근 1000개 request의 p99 TTFT: 0.4019 초 | 
2025-11-18 21:23:11,203 - INFO - [실시간] 요청 196000개 처리 | 현재까지의 RPS: 652.21최근 1000개 request의 p99 TTFT: 0.8310 초 | 
2025-11-18 21:23:12,498 - INFO - [실시간] 요청 197000개 처리 | 현재까지의 RPS: 652.73최근 1000개 request의 p99 TTFT: 1.1931 초 | 
2025-11-18 21:23:13,851 - INFO - [실시간] 요청 198000개 처리 | 현재까지의 RPS: 653.11최근 1000개 request의 p99 TTFT: 1.0066 초 | 
2025-11-18 21:23:15,222 - INFO - [실시간] 요청 199000개 처리 | 현재까지의 RPS: 653.46최근 1000개 request의 p99 TTFT: 0.5546 초 | 
2025-11-18 21:23:16,584 - INFO - [실시간] 요청 200000개 처리 | 현재까지의 RPS: 653.81최근 1000개 request의 p99 TTFT: 0.7919 초 | 
2025-11-18 21:23:18,019 - INFO - [실시간] 요청 201000개 처리 | 현재까지의 RPS: 654.02최근 1000개 request의 p99 TTFT: 0.7363 초 | 
2025-11-18 21:23:19,606 - INFO - [실시간] 요청 202000개 처리 | 현재까지의 RPS: 653.89최근 1000개 request의 p99 TTFT: 0.9533 초 | 
2025-11-18 21:23:20,826 - INFO - [실시간] 요청 203000개 처리 | 현재까지의 RPS: 654.54최근 1000개 request의 p99 TTFT: 1.2841 초 | 
2025-11-18 21:23:22,189 - INFO - [실시간] 요청 204000개 처리 | 현재까지의 RPS: 654.89최근 1000개 request의 p99 TTFT: 1.1206 초 | 
2025-11-18 21:23:23,659 - INFO - [실시간] 요청 205000개 처리 | 현재까지의 RPS: 655.01최근 1000개 request의 p99 TTFT: 0.3162 초 | 
2025-11-18 21:23:25,006 - INFO - [실시간] 요청 206000개 처리 | 현재까지의 RPS: 655.38최근 1000개 request의 p99 TTFT: 0.5272 초 | 
2025-11-18 21:23:26,503 - INFO - [실시간] 요청 207000개 처리 | 현재까지의 RPS: 655.44최근 1000개 request의 p99 TTFT: 0.6948 초 | 
2025-11-18 21:23:27,853 - INFO - [실시간] 요청 208000개 처리 | 현재까지의 RPS: 655.81최근 1000개 request의 p99 TTFT: 1.1423 초 | 
2025-11-18 21:23:29,191 - INFO - [실시간] 요청 209000개 처리 | 현재까지의 RPS: 656.19최근 1000개 request의 p99 TTFT: 1.1196 초 | 
2025-11-18 21:23:30,547 - INFO - [실시간] 요청 210000개 처리 | 현재까지의 RPS: 656.54최근 1000개 request의 p99 TTFT: 0.4159 초 | 
2025-11-18 21:23:31,960 - INFO - [실시간] 요청 211000개 처리 | 현재까지의 RPS: 656.76최근 1000개 request의 p99 TTFT: 0.5005 초 | 
2025-11-18 21:23:33,490 - INFO - [실시간] 요청 212000개 처리 | 현재까지의 RPS: 656.75최근 1000개 request의 p99 TTFT: 0.3978 초 | 
2025-11-18 21:23:34,986 - INFO - [실시간] 요청 213000개 처리 | 현재까지의 RPS: 656.80최근 1000개 request의 p99 TTFT: 0.7687 초 | 
2025-11-18 21:23:36,251 - INFO - [실시간] 요청 214000개 처리 | 현재까지의 RPS: 657.32최근 1000개 request의 p99 TTFT: 1.3063 초 | 
2025-11-18 21:23:37,586 - INFO - [실시간] 요청 215000개 처리 | 현재까지의 RPS: 657.70최근 1000개 request의 p99 TTFT: 1.2778 초 | 
2025-11-18 21:23:38,976 - INFO - [실시간] 요청 216000개 처리 | 현재까지의 RPS: 657.96최근 1000개 request의 p99 TTFT: 0.5417 초 | 
2025-11-18 21:23:40,355 - INFO - [실시간] 요청 217000개 처리 | 현재까지의 RPS: 658.24최근 1000개 request의 p99 TTFT: 0.3437 초 | 
통계에 반영된 요청 인덱스 범위: 0 ~ 217862 (총 217862개 요청)
통계 반영된 요청 수: 217862, 통계 반영된 시간: 388.18 초

==================================================
 실험 최종 결과 요약
==================================================
 설정 실험 시간: 330 초
 Clients 수: 8200
 통계 반영 시간: 388.18 초
 총 시도된 요청: 223137 개
 총 완료된 요청: 217862 개
 총 실패한 요청: 5275 개
 완료 요청 중 retrieval이 실패한 요청: 0 개
 요청 성공률: 97.64%
 전체 Requests Per Second (RPS): 561.24
--------------------------------------------------
 Time to First Token (TTFT) Latency:
  - 평균 (Mean): 0.1693 초
  - 중간값 (50%ile): 0.1304 초
  - 최소값 (Min): 0.0169 초
  - 최대값 (Max): 1.9048 초
  - 95%ile Tail: 0.4834 초
  - 99%ile Tail: 0.8343 초
--------------------------------------------------
 Time Per Output Token (TPOT):
  - 평균 (Mean): 16.96 ms/token
--------------------------------------------------
 Embedding Latency:
  - 총 샘플 수: 217844
  - 평균 (Mean): 9.54 ms
  - 중간값 (50%ile): 7.00 ms
  - 95%ile Tail: 24.00 ms
  - 99%ile Tail: 59.00 ms
--------------------------------------------------
 VectorDB Search Latency:
  - 총 샘플 수: 217844
  - 평균 (Mean): 69.44 ms
  - 중간값 (50%ile): 34.00 ms
  - 95%ile Tail: 266.85 ms
  - 99%ile Tail: 597.00 ms
--------------------------------------------------
 Document Search Latency:
  - 총 샘플 수: 217844
  - 평균 (Mean): 24.70 ms
  - 중간값 (50%ile): 8.00 ms
  - 95%ile Tail: 97.00 ms
  - 99%ile Tail: 255.00 ms
--------------------------------------------------
 Total Retrieval Latency:
  - 총 샘플 수: 217862
  - 평균 (Mean): 103.69 ms
  - 중간값 (50%ile): 56.00 ms
  - 95%ile Tail: 386.00 ms
  - 99%ile Tail: 745.00 ms
==================================================
