2025-11-18 21:24:40,236 - INFO - ReqGen 시작: 서버=163.152.48.109:9000, 클라이언트=8100, 시간=330초
2025-11-18 21:24:40,236 - INFO - Hugging Face에서 'kroshan/BioASQ' 데이터셋을 로드합니다...
2025-11-18 21:24:50,423 - INFO - 3266개의 질문을 로드했습니다.
2025-11-18 21:24:50,423 - INFO - 부하 테스트 시작, client 수 = 8100
2025-11-18 21:24:50,424 - INFO - Zipf 값 1.2에서 상위 20%의 질문이 차지하는 비율: 91.82%
2025-11-18 21:24:55,727 - INFO - [실시간] 요청 1000개 처리 | 현재까지의 RPS: 188.56최근 1000개 request의 p99 TTFT: 0.5427 초 | 
2025-11-18 21:24:58,260 - INFO - [실시간] 요청 2000개 처리 | 현재까지의 RPS: 255.22최근 1000개 request의 p99 TTFT: 0.2038 초 | 
2025-11-18 21:25:00,593 - INFO - [실시간] 요청 3000개 처리 | 현재까지의 RPS: 294.99최근 1000개 request의 p99 TTFT: 0.2669 초 | 
2025-11-18 21:25:02,758 - INFO - [실시간] 요청 4000개 처리 | 현재까지의 RPS: 324.29최근 1000개 request의 p99 TTFT: 0.2898 초 | 
2025-11-18 21:25:04,758 - INFO - [실시간] 요청 5000개 처리 | 현재까지의 RPS: 348.81최근 1000개 request의 p99 TTFT: 0.4205 초 | 
2025-11-18 21:25:06,635 - INFO - [실시간] 요청 6000개 처리 | 현재까지의 RPS: 370.10최근 1000개 request의 p99 TTFT: 0.4214 초 | 
2025-11-18 21:25:08,243 - INFO - [실시간] 요청 7000개 처리 | 현재까지의 RPS: 392.83최근 1000개 request의 p99 TTFT: 0.5124 초 | 
2025-11-18 21:25:10,023 - INFO - [실시간] 요청 8000개 처리 | 현재까지의 RPS: 408.17최근 1000개 request의 p99 TTFT: 0.4059 초 | 
2025-11-18 21:25:11,630 - INFO - [실시간] 요청 9000개 처리 | 현재까지의 RPS: 424.40최근 1000개 request의 p99 TTFT: 1.0182 초 | 
2025-11-18 21:25:13,771 - INFO - [실시간] 요청 10000개 처리 | 현재까지의 RPS: 428.31최근 1000개 request의 p99 TTFT: 0.6615 초 | 
2025-11-18 21:25:15,841 - INFO - [실시간] 요청 11000개 처리 | 현재까지의 RPS: 432.77최근 1000개 request의 p99 TTFT: 0.2212 초 | 
2025-11-18 21:25:17,952 - INFO - [실시간] 요청 12000개 처리 | 현재까지의 RPS: 435.91최근 1000개 request의 p99 TTFT: 0.3994 초 | 
2025-11-18 21:25:19,924 - INFO - [실시간] 요청 13000개 처리 | 현재까지의 RPS: 440.66최근 1000개 request의 p99 TTFT: 0.4992 초 | 
2025-11-18 21:25:21,930 - INFO - [실시간] 요청 14000개 처리 | 현재까지의 RPS: 444.35최근 1000개 request의 p99 TTFT: 0.4283 초 | 
2025-11-18 21:25:23,732 - INFO - [실시간] 요청 15000개 처리 | 현재까지의 RPS: 450.34최근 1000개 request의 p99 TTFT: 0.3205 초 | 
2025-11-18 21:25:25,640 - INFO - [실시간] 요청 16000개 처리 | 현재까지의 RPS: 454.34최근 1000개 request의 p99 TTFT: 0.2282 초 | 
2025-11-18 21:25:27,586 - INFO - [실시간] 요청 17000개 처리 | 현재까지의 RPS: 457.45최근 1000개 request의 p99 TTFT: 0.1889 초 | 
2025-11-18 21:25:29,553 - INFO - [실시간] 요청 18000개 처리 | 현재까지의 RPS: 460.01최근 1000개 request의 p99 TTFT: 0.3999 초 | 
2025-11-18 21:25:31,432 - INFO - [실시간] 요청 19000개 처리 | 현재까지의 RPS: 463.32최근 1000개 request의 p99 TTFT: 0.6907 초 | 
2025-11-18 21:25:33,412 - INFO - [실시간] 요청 20000개 처리 | 현재까지의 RPS: 465.24최근 1000개 request의 p99 TTFT: 0.4180 초 | 
2025-11-18 21:25:35,420 - INFO - [실시간] 요청 21000개 처리 | 현재까지의 RPS: 466.71최근 1000개 request의 p99 TTFT: 0.2475 초 | 
2025-11-18 21:25:37,382 - INFO - [실시간] 요청 22000개 처리 | 현재까지의 RPS: 468.50최근 1000개 request의 p99 TTFT: 0.2162 초 | 
2025-11-18 21:25:39,443 - INFO - [실시간] 요청 23000개 처리 | 현재까지의 RPS: 469.20최근 1000개 request의 p99 TTFT: 0.4385 초 | 
2025-11-18 21:25:41,602 - INFO - [실시간] 요청 24000개 처리 | 현재까지의 RPS: 468.95최근 1000개 request의 p99 TTFT: 0.4295 초 | 
2025-11-18 21:25:43,488 - INFO - [실시간] 요청 25000개 처리 | 현재까지의 RPS: 471.12최근 1000개 request의 p99 TTFT: 0.5545 초 | 
2025-11-18 21:25:45,468 - INFO - [실시간] 요청 26000개 처리 | 현재까지의 RPS: 472.35최근 1000개 request의 p99 TTFT: 0.3321 초 | 
2025-11-18 21:25:47,456 - INFO - [실시간] 요청 27000개 처리 | 현재까지의 RPS: 473.41최근 1000개 request의 p99 TTFT: 0.3752 초 | 
2025-11-18 21:25:49,395 - INFO - [실시간] 요청 28000개 처리 | 현재까지의 RPS: 474.81최근 1000개 request의 p99 TTFT: 0.2148 초 | 
2025-11-18 21:25:51,356 - INFO - [실시간] 요청 29000개 처리 | 현재까지의 RPS: 475.94최근 1000개 request의 p99 TTFT: 0.2413 초 | 
2025-11-18 21:25:53,199 - INFO - [실시간] 요청 30000개 처리 | 현재까지의 RPS: 477.89최근 1000개 request의 p99 TTFT: 0.5434 초 | 
2025-11-18 21:25:54,782 - INFO - [실시간] 요청 31000개 처리 | 현재까지의 RPS: 481.68최근 1000개 request의 p99 TTFT: 0.9755 초 | 
2025-11-18 21:25:56,478 - INFO - [실시간] 요청 32000개 처리 | 현재까지의 RPS: 484.45최근 1000개 request의 p99 TTFT: 0.5290 초 | 
2025-11-18 21:25:58,238 - INFO - [실시간] 요청 33000개 처리 | 현재까지의 RPS: 486.62최근 1000개 request의 p99 TTFT: 0.2568 초 | 
2025-11-18 21:25:59,840 - INFO - [실시간] 요청 34000개 처리 | 현재까지의 RPS: 489.80최근 1000개 request의 p99 TTFT: 0.2502 초 | 
2025-11-18 21:26:01,600 - INFO - [실시간] 요청 35000개 처리 | 현재까지의 RPS: 491.74최근 1000개 request의 p99 TTFT: 0.4210 초 | 
2025-11-18 21:26:03,207 - INFO - [실시간] 요청 36000개 처리 | 현재까지의 RPS: 494.62최근 1000개 request의 p99 TTFT: 0.7773 초 | 
2025-11-18 21:26:04,719 - INFO - [실시간] 요청 37000개 처리 | 현재까지의 RPS: 498.01최근 1000개 request의 p99 TTFT: 0.6360 초 | 
2025-11-18 21:26:06,284 - INFO - [실시간] 요청 38000개 처리 | 현재까지의 RPS: 500.92최근 1000개 request의 p99 TTFT: 0.2644 초 | 
2025-11-18 21:26:07,739 - INFO - [실시간] 요청 39000개 처리 | 현재까지의 RPS: 504.43최근 1000개 request의 p99 TTFT: 0.2380 초 | 
2025-11-18 21:26:09,295 - INFO - [실시간] 요청 40000개 처리 | 현재까지의 RPS: 507.16최근 1000개 request의 p99 TTFT: 0.3720 초 | 
2025-11-18 21:26:10,922 - INFO - [실시간] 요청 41000개 처리 | 현재까지의 RPS: 509.33최근 1000개 request의 p99 TTFT: 0.8317 초 | 
2025-11-18 21:26:12,442 - INFO - [실시간] 요청 42000개 처리 | 현재까지의 RPS: 512.08최근 1000개 request의 p99 TTFT: 0.8333 초 | 
2025-11-18 21:26:14,137 - INFO - [실시간] 요청 43000개 처리 | 현재까지의 RPS: 513.66최근 1000개 request의 p99 TTFT: 0.2120 초 | 
2025-11-18 21:26:15,721 - INFO - [실시간] 요청 44000개 처리 | 현재까지의 RPS: 515.84최근 1000개 request의 p99 TTFT: 0.3735 초 | 
2025-11-18 21:26:17,298 - INFO - [실시간] 요청 45000개 처리 | 현재까지의 RPS: 517.99최근 1000개 request의 p99 TTFT: 0.5591 초 | 
2025-11-18 21:26:19,028 - INFO - [실시간] 요청 46000개 처리 | 현재까지의 RPS: 519.16최근 1000개 request의 p99 TTFT: 0.6969 초 | 
2025-11-18 21:26:20,615 - INFO - [실시간] 요청 47000개 처리 | 현재까지의 RPS: 521.11최근 1000개 request의 p99 TTFT: 0.7096 초 | 
2025-11-18 21:26:22,203 - INFO - [실시간] 요청 48000개 처리 | 현재까지의 RPS: 523.00최근 1000개 request의 p99 TTFT: 0.4019 초 | 
2025-11-18 21:26:23,818 - INFO - [실시간] 요청 49000개 처리 | 현재까지의 RPS: 524.66최근 1000개 request의 p99 TTFT: 0.2071 초 | 
2025-11-18 21:26:25,437 - INFO - [실시간] 요청 50000개 처리 | 현재까지의 RPS: 526.24최근 1000개 request의 p99 TTFT: 0.4572 초 | 
2025-11-18 21:26:27,015 - INFO - [실시간] 요청 51000개 처리 | 현재까지의 RPS: 528.00최근 1000개 request의 p99 TTFT: 0.3516 초 | 
2025-11-18 21:26:28,709 - INFO - [실시간] 요청 52000개 처리 | 현재까지의 RPS: 529.07최근 1000개 request의 p99 TTFT: 0.9055 초 | 
2025-11-18 21:26:30,227 - INFO - [실시간] 요청 53000개 처리 | 현재까지의 RPS: 531.04최근 1000개 request의 p99 TTFT: 0.8811 초 | 
2025-11-18 21:26:31,833 - INFO - [실시간] 요청 54000개 처리 | 현재까지의 RPS: 532.49최근 1000개 request의 p99 TTFT: 0.2130 초 | 
2025-11-18 21:26:33,424 - INFO - [실시간] 요청 55000개 처리 | 현재까지의 RPS: 533.98최근 1000개 request의 p99 TTFT: 0.3479 초 | 
2025-11-18 21:26:35,103 - INFO - [실시간] 요청 56000개 처리 | 현재까지의 RPS: 534.97최근 1000개 request의 p99 TTFT: 0.2658 초 | 
2025-11-18 21:26:36,634 - INFO - [실시간] 요청 57000개 처리 | 현재까지의 RPS: 536.67최근 1000개 request의 p99 TTFT: 0.4954 초 | 
2025-11-18 21:26:38,361 - INFO - [실시간] 요청 58000개 처리 | 현재까지의 RPS: 537.35최근 1000개 request의 p99 TTFT: 0.6020 초 | 
2025-11-18 21:26:39,818 - INFO - [실시간] 요청 59000개 처리 | 현재까지의 RPS: 539.33최근 1000개 request의 p99 TTFT: 0.7590 초 | 
2025-11-18 21:26:41,354 - INFO - [실시간] 요청 60000개 처리 | 현재까지의 RPS: 540.88최근 1000개 request의 p99 TTFT: 0.4260 초 | 
2025-11-18 21:26:42,960 - INFO - [실시간] 요청 61000개 처리 | 현재까지의 RPS: 542.04최근 1000개 request의 p99 TTFT: 0.3844 초 | 
2025-11-18 21:26:44,554 - INFO - [실시간] 요청 62000개 처리 | 현재까지의 RPS: 543.24최근 1000개 request의 p99 TTFT: 0.2666 초 | 
2025-11-18 21:26:46,301 - INFO - [실시간] 요청 63000개 처리 | 현재까지의 RPS: 543.68최근 1000개 request의 p99 TTFT: 0.2545 초 | 
2025-11-18 21:26:47,973 - INFO - [실시간] 요청 64000개 처리 | 현재까지의 RPS: 544.45최근 1000개 request의 p99 TTFT: 0.6864 초 | 
2025-11-18 21:26:49,470 - INFO - [실시간] 요청 65000개 처리 | 현재까지의 RPS: 546.01최근 1000개 request의 p99 TTFT: 1.0762 초 | 
2025-11-18 21:26:51,035 - INFO - [실시간] 요청 66000개 처리 | 현재까지의 RPS: 547.21최근 1000개 request의 p99 TTFT: 0.4420 초 | 
2025-11-18 21:26:52,484 - INFO - [실시간] 요청 67000개 처리 | 현재까지의 RPS: 548.91최근 1000개 request의 p99 TTFT: 0.2842 초 | 
2025-11-18 21:26:53,864 - INFO - [실시간] 요청 68000개 처리 | 현재까지의 RPS: 550.87최근 1000개 request의 p99 TTFT: 0.3496 초 | 
2025-11-18 21:26:55,516 - INFO - [실시간] 요청 69000개 처리 | 현재까지의 RPS: 551.59최근 1000개 request의 p99 TTFT: 0.6332 초 | 
2025-11-18 21:26:56,970 - INFO - [실시간] 요청 70000개 처리 | 현재까지의 RPS: 553.16최근 1000개 request의 p99 TTFT: 0.7487 초 | 
2025-11-18 21:26:58,502 - INFO - [실시간] 요청 71000개 처리 | 현재까지의 RPS: 554.35최근 1000개 request의 p99 TTFT: 0.3329 초 | 
2025-11-18 21:27:00,080 - INFO - [실시간] 요청 72000개 처리 | 현재까지의 RPS: 555.31최근 1000개 request의 p99 TTFT: 0.2299 초 | 
2025-11-18 21:27:01,681 - INFO - [실시간] 요청 73000개 처리 | 현재까지의 RPS: 556.16최근 1000개 request의 p99 TTFT: 0.3492 초 | 
2025-11-18 21:27:03,212 - INFO - [실시간] 요청 74000개 처리 | 현재까지의 RPS: 557.28최근 1000개 request의 p99 TTFT: 0.6375 초 | 
2025-11-18 21:27:04,755 - INFO - [실시간] 요청 75000개 처리 | 현재까지의 RPS: 558.32최근 1000개 request의 p99 TTFT: 0.7264 초 | 
2025-11-18 21:27:06,176 - INFO - [실시간] 요청 76000개 처리 | 현재까지의 RPS: 559.84최근 1000개 request의 p99 TTFT: 0.8145 초 | 
2025-11-18 21:27:07,700 - INFO - [실시간] 요청 77000개 처리 | 현재까지의 RPS: 560.91최근 1000개 request의 p99 TTFT: 0.5178 초 | 
2025-11-18 21:27:09,171 - INFO - [실시간] 요청 78000개 처리 | 현재까지의 RPS: 562.17최근 1000개 request의 p99 TTFT: 0.4923 초 | 
2025-11-18 21:27:10,551 - INFO - [실시간] 요청 79000개 처리 | 현재까지의 RPS: 563.77최근 1000개 request의 p99 TTFT: 0.3139 초 | 
2025-11-18 21:27:12,029 - INFO - [실시간] 요청 80000개 처리 | 현재까지의 RPS: 564.95최근 1000개 request의 p99 TTFT: 0.4243 초 | 
2025-11-18 21:27:13,578 - INFO - [실시간] 요청 81000개 처리 | 현재까지의 RPS: 565.82최근 1000개 request의 p99 TTFT: 0.9212 초 | 
2025-11-18 21:27:15,000 - INFO - [실시간] 요청 82000개 처리 | 현재까지의 RPS: 567.17최근 1000개 request의 p99 TTFT: 0.9031 초 | 
2025-11-18 21:27:16,509 - INFO - [실시간] 요청 83000개 처리 | 현재까지의 RPS: 568.16최근 1000개 request의 p99 TTFT: 0.2437 초 | 
2025-11-18 21:27:17,968 - INFO - [실시간] 요청 84000개 처리 | 현재까지의 RPS: 569.32최근 1000개 request의 p99 TTFT: 0.2394 초 | 
2025-11-18 21:27:19,425 - INFO - [실시간] 요청 85000개 처리 | 현재까지의 RPS: 570.46최근 1000개 request의 p99 TTFT: 0.4007 초 | 
2025-11-18 21:27:21,105 - INFO - [실시간] 요청 86000개 처리 | 현재까지의 RPS: 570.74최근 1000개 request의 p99 TTFT: 0.6177 초 | 
2025-11-18 21:27:22,458 - INFO - [실시간] 요청 87000개 처리 | 현재까지의 RPS: 572.24최근 1000개 request의 p99 TTFT: 1.0207 초 | 
2025-11-18 21:27:23,926 - INFO - [실시간] 요청 88000개 처리 | 현재까지의 RPS: 573.28최근 1000개 request의 p99 TTFT: 0.6480 초 | 
2025-11-18 21:27:25,343 - INFO - [실시간] 요청 89000개 처리 | 현재까지의 RPS: 574.49최근 1000개 request의 p99 TTFT: 0.4412 초 | 
2025-11-18 21:27:26,789 - INFO - [실시간] 요청 90000개 처리 | 현재까지의 RPS: 575.58최근 1000개 request의 p99 TTFT: 0.2675 초 | 
2025-11-18 21:27:28,277 - INFO - [실시간] 요청 91000개 처리 | 현재까지의 RPS: 576.49최근 1000개 request의 p99 TTFT: 0.3405 초 | 
2025-11-18 21:27:29,924 - INFO - [실시간] 요청 92000개 처리 | 현재까지의 RPS: 576.80최근 1000개 request의 p99 TTFT: 0.7968 초 | 
2025-11-18 21:27:31,291 - INFO - [실시간] 요청 93000개 처리 | 현재까지의 RPS: 578.12최근 1000개 request의 p99 TTFT: 0.7803 초 | 
2025-11-18 21:27:32,852 - INFO - [실시간] 요청 94000개 처리 | 현재까지의 RPS: 578.72최근 1000개 request의 p99 TTFT: 0.2731 초 | 
2025-11-18 21:27:34,404 - INFO - [실시간] 요청 95000개 처리 | 현재까지의 RPS: 579.34최근 1000개 request의 p99 TTFT: 0.4846 초 | 
2025-11-18 21:27:35,800 - INFO - [실시간] 요청 96000개 처리 | 현재까지의 RPS: 580.49최근 1000개 request의 p99 TTFT: 0.5445 초 | 
2025-11-18 21:27:37,400 - INFO - [실시간] 요청 97000개 처리 | 현재까지의 RPS: 580.92최근 1000개 request의 p99 TTFT: 0.5544 초 | 
2025-11-18 21:27:38,944 - INFO - [실시간] 요청 98000개 처리 | 현재까지의 RPS: 581.53최근 1000개 request의 p99 TTFT: 0.8441 초 | 
2025-11-18 21:27:40,308 - INFO - [실시간] 요청 99000개 처리 | 현재까지의 RPS: 582.75최근 1000개 request의 p99 TTFT: 0.8177 초 | 
2025-11-18 21:27:41,762 - INFO - [실시간] 요청 100000개 처리 | 현재까지의 RPS: 583.64최근 1000개 request의 p99 TTFT: 0.5581 초 | 
2025-11-18 21:27:43,213 - INFO - [실시간] 요청 101000개 처리 | 현재까지의 RPS: 584.52최근 1000개 request의 p99 TTFT: 0.5589 초 | 
2025-11-18 21:27:44,698 - INFO - [실시간] 요청 102000개 처리 | 현재까지의 RPS: 585.28최근 1000개 request의 p99 TTFT: 0.2367 초 | 
2025-11-18 21:27:46,257 - INFO - [실시간] 요청 103000개 처리 | 현재까지의 RPS: 585.78최근 1000개 request의 p99 TTFT: 0.3083 초 | 
2025-11-18 21:27:47,868 - INFO - [실시간] 요청 104000개 처리 | 현재까지의 RPS: 586.10최근 1000개 request의 p99 TTFT: 1.0930 초 | 
2025-11-18 21:27:49,215 - INFO - [실시간] 요청 105000개 처리 | 현재까지의 RPS: 587.28최근 1000개 request의 p99 TTFT: 1.0779 초 | 
2025-11-18 21:27:50,691 - INFO - [실시간] 요청 106000개 처리 | 현재까지의 RPS: 588.01최근 1000개 request의 p99 TTFT: 0.2890 초 | 
2025-11-18 21:27:52,166 - INFO - [실시간] 요청 107000개 처리 | 현재까지의 RPS: 588.74최근 1000개 request의 p99 TTFT: 0.3066 초 | 
2025-11-18 21:27:53,603 - INFO - [실시간] 요청 108000개 처리 | 현재까지의 RPS: 589.59최근 1000개 request의 p99 TTFT: 0.4689 초 | 
2025-11-18 21:27:55,143 - INFO - [실시간] 요청 109000개 처리 | 현재까지의 RPS: 590.08최근 1000개 request의 p99 TTFT: 0.5564 초 | 
2025-11-18 21:27:56,544 - INFO - [실시간] 요청 110000개 처리 | 현재까지의 RPS: 591.02최근 1000개 request의 p99 TTFT: 0.9484 초 | 
2025-11-18 21:27:58,028 - INFO - [실시간] 요청 111000개 처리 | 현재까지의 RPS: 591.67최근 1000개 request의 p99 TTFT: 0.9016 초 | 
2025-11-18 21:27:59,538 - INFO - [실시간] 요청 112000개 처리 | 현재까지의 RPS: 592.23최근 1000개 request의 p99 TTFT: 0.2252 초 | 
2025-11-18 21:28:01,028 - INFO - [실시간] 요청 113000개 처리 | 현재까지의 RPS: 592.85최근 1000개 request의 p99 TTFT: 0.4543 초 | 
2025-11-18 21:28:02,467 - INFO - [실시간] 요청 114000개 처리 | 현재까지의 RPS: 593.62최근 1000개 request의 p99 TTFT: 0.4489 초 | 
2025-11-18 21:28:03,993 - INFO - [실시간] 요청 115000개 처리 | 현재까지의 RPS: 594.10최근 1000개 request의 p99 TTFT: 0.9025 초 | 
2025-11-18 21:28:05,372 - INFO - [실시간] 요청 116000개 처리 | 현재까지의 RPS: 595.03최근 1000개 request의 p99 TTFT: 0.9227 초 | 
2025-11-18 21:28:06,793 - INFO - [실시간] 요청 117000개 처리 | 현재까지의 RPS: 595.81최근 1000개 request의 p99 TTFT: 0.5984 초 | 
2025-11-18 21:28:08,270 - INFO - [실시간] 요청 118000개 처리 | 현재까지의 RPS: 596.42최근 1000개 request의 p99 TTFT: 0.5030 초 | 
2025-11-18 21:28:09,801 - INFO - [실시간] 요청 119000개 처리 | 현재까지의 RPS: 596.86최근 1000개 request의 p99 TTFT: 0.2177 초 | 
2025-11-18 21:28:11,326 - INFO - [실시간] 요청 120000개 처리 | 현재까지의 RPS: 597.30최근 1000개 request의 p99 TTFT: 0.3808 초 | 
2025-11-18 21:28:12,818 - INFO - [실시간] 요청 121000개 처리 | 현재까지의 RPS: 597.84최근 1000개 request의 p99 TTFT: 0.9940 초 | 
2025-11-18 21:28:14,132 - INFO - [실시간] 요청 122000개 처리 | 현재까지의 RPS: 598.89최근 1000개 request의 p99 TTFT: 0.9985 초 | 
2025-11-18 21:28:15,538 - INFO - [실시간] 요청 123000개 처리 | 현재까지의 RPS: 599.67최근 1000개 request의 p99 TTFT: 0.3897 초 | 
2025-11-18 21:28:16,962 - INFO - [실시간] 요청 124000개 처리 | 현재까지의 RPS: 600.37최근 1000개 request의 p99 TTFT: 0.2045 초 | 
2025-11-18 21:28:18,395 - INFO - [실시간] 요청 125000개 처리 | 현재까지의 RPS: 601.04최근 1000개 request의 p99 TTFT: 0.2195 초 | 
2025-11-18 21:28:20,025 - INFO - [실시간] 요청 126000개 처리 | 현재까지의 RPS: 601.14최근 1000개 request의 p99 TTFT: 0.5977 초 | 
2025-11-18 21:28:21,436 - INFO - [실시간] 요청 127000개 처리 | 현재까지의 RPS: 601.86최근 1000개 request의 p99 TTFT: 0.9804 초 | 
2025-11-18 21:28:22,790 - INFO - [실시간] 요청 128000개 처리 | 현재까지의 RPS: 602.73최근 1000개 request의 p99 TTFT: 0.9714 초 | 
2025-11-18 21:28:24,244 - INFO - [실시간] 요청 129000개 처리 | 현재까지의 RPS: 603.31최근 1000개 request의 p99 TTFT: 0.3035 초 | 
2025-11-18 21:28:25,641 - INFO - [실시간] 요청 130000개 처리 | 현재까지의 RPS: 604.04최근 1000개 request의 p99 TTFT: 0.5831 초 | 
2025-11-18 21:28:27,034 - INFO - [실시간] 요청 131000개 처리 | 현재까지의 RPS: 604.77최근 1000개 request의 p99 TTFT: 0.4825 초 | 
2025-11-18 21:28:28,629 - INFO - [실시간] 요청 132000개 처리 | 현재까지의 RPS: 604.93최근 1000개 request의 p99 TTFT: 0.5260 초 | 
2025-11-18 21:28:30,010 - INFO - [실시간] 요청 133000개 처리 | 현재까지의 RPS: 605.68최근 1000개 request의 p99 TTFT: 0.9824 초 | 
2025-11-18 21:28:31,306 - INFO - [실시간] 요청 134000개 처리 | 현재까지의 RPS: 606.66최근 1000개 request의 p99 TTFT: 0.9559 초 | 
2025-11-18 21:28:32,669 - INFO - [실시간] 요청 135000개 처리 | 현재까지의 RPS: 607.44최근 1000개 request의 p99 TTFT: 0.8428 초 | 
2025-11-18 21:28:34,139 - INFO - [실시간] 요청 136000개 처리 | 현재까지의 RPS: 607.91최근 1000개 request의 p99 TTFT: 0.5265 초 | 
2025-11-18 21:28:35,622 - INFO - [실시간] 요청 137000개 처리 | 현재까지의 RPS: 608.35최근 1000개 request의 p99 TTFT: 0.2413 초 | 
2025-11-18 21:28:37,276 - INFO - [실시간] 요청 138000개 처리 | 현재까지의 RPS: 608.33최근 1000개 request의 p99 TTFT: 0.6809 초 | 
2025-11-18 21:28:38,683 - INFO - [실시간] 요청 139000개 처리 | 현재까지의 RPS: 608.96최근 1000개 request의 p99 TTFT: 1.0894 초 | 
2025-11-18 21:28:40,058 - INFO - [실시간] 요청 140000개 처리 | 현재까지의 RPS: 609.67최근 1000개 request의 p99 TTFT: 1.0304 초 | 
2025-11-18 21:28:41,506 - INFO - [실시간] 요청 141000개 처리 | 현재까지의 RPS: 610.17최근 1000개 request의 p99 TTFT: 0.2314 초 | 
2025-11-18 21:28:42,958 - INFO - [실시간] 요청 142000개 처리 | 현재까지의 RPS: 610.66최근 1000개 request의 p99 TTFT: 0.3560 초 | 
2025-11-18 21:28:44,352 - INFO - [실시간] 요청 143000개 처리 | 현재까지의 RPS: 611.30최근 1000개 request의 p99 TTFT: 0.6335 초 | 
2025-11-18 21:28:45,903 - INFO - [실시간] 요청 144000개 처리 | 현재까지의 RPS: 611.52최근 1000개 request의 p99 TTFT: 0.7065 초 | 
2025-11-18 21:28:47,244 - INFO - [실시간] 요청 145000개 처리 | 현재까지의 RPS: 612.28최근 1000개 request의 p99 TTFT: 0.6723 초 | 
2025-11-18 21:28:48,640 - INFO - [실시간] 요청 146000개 처리 | 현재까지의 RPS: 612.89최근 1000개 request의 p99 TTFT: 0.6550 초 | 
2025-11-18 21:28:50,115 - INFO - [실시간] 요청 147000개 처리 | 현재까지의 RPS: 613.29최근 1000개 request의 p99 TTFT: 0.7123 초 | 
2025-11-18 21:28:51,556 - INFO - [실시간] 요청 148000개 처리 | 현재까지의 RPS: 613.77최근 1000개 request의 p99 TTFT: 0.5362 초 | 
2025-11-18 21:28:53,038 - INFO - [실시간] 요청 149000개 처리 | 현재까지의 RPS: 614.14최근 1000개 request의 p99 TTFT: 0.4180 초 | 
2025-11-18 21:28:54,593 - INFO - [실시간] 요청 150000개 처리 | 현재까지의 RPS: 614.33최근 1000개 request의 p99 TTFT: 1.0267 초 | 
2025-11-18 21:28:55,919 - INFO - [실시간] 요청 151000개 처리 | 현재까지의 RPS: 615.08최근 1000개 request의 p99 TTFT: 1.0774 초 | 
2025-11-18 21:28:57,183 - INFO - [실시간] 요청 152000개 처리 | 현재까지의 RPS: 615.99최근 1000개 request의 p99 TTFT: 0.6071 초 | 
2025-11-18 21:28:58,616 - INFO - [실시간] 요청 153000개 처리 | 현재까지의 RPS: 616.46최근 1000개 request의 p99 TTFT: 0.3337 초 | 
2025-11-18 21:29:00,067 - INFO - [실시간] 요청 154000개 처리 | 현재까지의 RPS: 616.88최근 1000개 request의 p99 TTFT: 0.5006 초 | 
2025-11-18 21:29:01,748 - INFO - [실시간] 요청 155000개 처리 | 현재까지의 RPS: 616.73최근 1000개 request의 p99 TTFT: 0.8883 초 | 
2025-11-18 21:29:03,103 - INFO - [실시간] 요청 156000개 처리 | 현재까지의 RPS: 617.38최근 1000개 request의 p99 TTFT: 1.0280 초 | 
2025-11-18 21:29:04,420 - INFO - [실시간] 요청 157000개 처리 | 현재까지의 RPS: 618.12최근 1000개 request의 p99 TTFT: 0.6774 초 | 
2025-11-18 21:29:05,818 - INFO - [실시간] 요청 158000개 처리 | 현재까지의 RPS: 618.65최근 1000개 request의 p99 TTFT: 0.2985 초 | 
2025-11-18 21:29:07,324 - INFO - [실시간] 요청 159000개 처리 | 현재까지의 RPS: 618.92최근 1000개 request의 p99 TTFT: 0.5599 초 | 
2025-11-18 21:29:08,897 - INFO - [실시간] 요청 160000개 처리 | 현재까지의 RPS: 619.02최근 1000개 request의 p99 TTFT: 0.5541 초 | 
2025-11-18 21:29:10,416 - INFO - [실시간] 요청 161000개 처리 | 현재까지의 RPS: 619.25최근 1000개 request의 p99 TTFT: 0.7052 초 | 
2025-11-18 21:29:11,709 - INFO - [실시간] 요청 162000개 처리 | 현재까지의 RPS: 620.01최근 1000개 request의 p99 TTFT: 1.1336 초 | 
2025-11-18 21:29:13,124 - INFO - [실시간] 요청 163000개 처리 | 현재까지의 RPS: 620.48최근 1000개 request의 p99 TTFT: 0.6744 초 | 
2025-11-18 21:29:14,467 - INFO - [실시간] 요청 164000개 처리 | 현재까지의 RPS: 621.11최근 1000개 request의 p99 TTFT: 0.6049 초 | 
2025-11-18 21:29:15,736 - INFO - [실시간] 요청 165000개 처리 | 현재까지의 RPS: 621.91최근 1000개 request의 p99 TTFT: 0.4595 초 | 
2025-11-18 21:29:17,342 - INFO - [실시간] 요청 166000개 처리 | 현재까지의 RPS: 621.91최근 1000개 request의 p99 TTFT: 0.4066 초 | 
2025-11-18 21:29:18,892 - INFO - [실시간] 요청 167000개 처리 | 현재까지의 RPS: 622.05최근 1000개 request의 p99 TTFT: 1.0854 초 | 
2025-11-18 21:29:20,198 - INFO - [실시간] 요청 168000개 처리 | 현재까지의 RPS: 622.74최근 1000개 request의 p99 TTFT: 1.1117 초 | 
2025-11-18 21:29:21,621 - INFO - [실시간] 요청 169000개 처리 | 현재까지의 RPS: 623.16최근 1000개 request의 p99 TTFT: 0.4599 초 | 
2025-11-18 21:29:22,910 - INFO - [실시간] 요청 170000개 처리 | 현재까지의 RPS: 623.88최근 1000개 request의 p99 TTFT: 0.7270 초 | 
2025-11-18 21:29:24,248 - INFO - [실시간] 요청 171000개 처리 | 현재까지의 RPS: 624.49최근 1000개 request의 p99 TTFT: 0.6326 초 | 
2025-11-18 21:29:25,719 - INFO - [실시간] 요청 172000개 처리 | 현재까지의 RPS: 624.78최근 1000개 request의 p99 TTFT: 0.5531 초 | 
2025-11-18 21:29:27,240 - INFO - [실시간] 요청 173000개 처리 | 현재까지의 RPS: 624.96최근 1000개 request의 p99 TTFT: 1.0595 초 | 
2025-11-18 21:29:28,522 - INFO - [실시간] 요청 174000개 처리 | 현재까지의 RPS: 625.68최근 1000개 request의 p99 TTFT: 1.0956 초 | 
2025-11-18 21:29:29,859 - INFO - [실시간] 요청 175000개 처리 | 현재까지의 RPS: 626.26최근 1000개 request의 p99 TTFT: 0.6247 초 | 
2025-11-18 21:29:31,359 - INFO - [실시간] 요청 176000개 처리 | 현재까지의 RPS: 626.48최근 1000개 request의 p99 TTFT: 0.4454 초 | 
2025-11-18 21:29:32,797 - INFO - [실시간] 요청 177000개 처리 | 현재까지의 RPS: 626.83최근 1000개 request의 p99 TTFT: 0.2716 초 | 
2025-11-18 21:29:34,380 - INFO - [실시간] 요청 178000개 처리 | 현재까지의 RPS: 626.86최근 1000개 request의 p99 TTFT: 0.5932 초 | 
2025-11-18 21:29:35,726 - INFO - [실시간] 요청 179000개 처리 | 현재까지의 RPS: 627.40최근 1000개 request의 p99 TTFT: 0.9047 초 | 
2025-11-18 21:29:37,090 - INFO - [실시간] 요청 180000개 처리 | 현재까지의 RPS: 627.91최근 1000개 request의 p99 TTFT: 0.8874 초 | 
2025-11-18 21:29:38,385 - INFO - [실시간] 요청 181000개 처리 | 현재까지의 RPS: 628.56최근 1000개 request의 p99 TTFT: 0.5557 초 | 
2025-11-18 21:29:39,757 - INFO - [실시간] 요청 182000개 처리 | 현재까지의 RPS: 629.03최근 1000개 request의 p99 TTFT: 0.5510 초 | 
2025-11-18 21:29:41,120 - INFO - [실시간] 요청 183000개 처리 | 현재까지의 RPS: 629.52최근 1000개 request의 p99 TTFT: 0.2913 초 | 
2025-11-18 21:29:42,745 - INFO - [실시간] 요청 184000개 처리 | 현재까지의 RPS: 629.44최근 1000개 request의 p99 TTFT: 0.8605 초 | 
2025-11-18 21:29:44,078 - INFO - [실시간] 요청 185000개 처리 | 현재까지의 RPS: 629.99최근 1000개 request의 p99 TTFT: 1.0630 초 | 
2025-11-18 21:29:45,412 - INFO - [실시간] 요청 186000개 처리 | 현재까지의 RPS: 630.53최근 1000개 request의 p99 TTFT: 0.8830 초 | 
2025-11-18 21:29:46,855 - INFO - [실시간] 요청 187000개 처리 | 현재까지의 RPS: 630.84최근 1000개 request의 p99 TTFT: 0.2478 초 | 
2025-11-18 21:29:48,220 - INFO - [실시간] 요청 188000개 처리 | 현재까지의 RPS: 631.30최근 1000개 request의 p99 TTFT: 0.2332 초 | 
2025-11-18 21:29:49,681 - INFO - [실시간] 요청 189000개 처리 | 현재까지의 RPS: 631.56최근 1000개 request의 p99 TTFT: 0.6070 초 | 
2025-11-18 21:29:51,243 - INFO - [실시간] 요청 190000개 처리 | 현재까지의 RPS: 631.61최근 1000개 request의 p99 TTFT: 0.7583 초 | 
2025-11-18 21:29:52,536 - INFO - [실시간] 요청 191000개 처리 | 현재까지의 RPS: 632.22최근 1000개 request의 p99 TTFT: 0.9616 초 | 
2025-11-18 21:29:53,855 - INFO - [실시간] 요청 192000개 처리 | 현재까지의 RPS: 632.76최근 1000개 request의 p99 TTFT: 0.8621 초 | 
2025-11-18 21:29:55,189 - INFO - [실시간] 요청 193000개 처리 | 현재까지의 RPS: 633.27최근 1000개 request의 p99 TTFT: 0.5434 초 | 
2025-11-18 21:29:56,521 - INFO - [실시간] 요청 194000개 처리 | 현재까지의 RPS: 633.78최근 1000개 request의 p99 TTFT: 0.5471 초 | 
2025-11-18 21:29:57,963 - INFO - [실시간] 요청 195000개 처리 | 현재까지의 RPS: 634.06최근 1000개 request의 p99 TTFT: 0.5037 초 | 
2025-11-18 21:29:59,480 - INFO - [실시간] 요청 196000개 처리 | 현재까지의 RPS: 634.19최근 1000개 request의 p99 TTFT: 0.8376 초 | 
2025-11-18 21:30:00,777 - INFO - [실시간] 요청 197000개 처리 | 현재까지의 RPS: 634.76최근 1000개 request의 p99 TTFT: 0.9467 초 | 
2025-11-18 21:30:02,115 - INFO - [실시간] 요청 198000개 처리 | 현재까지의 RPS: 635.24최근 1000개 request의 p99 TTFT: 0.8310 초 | 
2025-11-18 21:30:03,496 - INFO - [실시간] 요청 199000개 처리 | 현재까지의 RPS: 635.63최근 1000개 request의 p99 TTFT: 0.3173 초 | 
2025-11-18 21:30:04,859 - INFO - [실시간] 요청 200000개 처리 | 현재까지의 RPS: 636.06최근 1000개 request의 p99 TTFT: 0.2733 초 | 
2025-11-18 21:30:06,363 - INFO - [실시간] 요청 201000개 처리 | 현재까지의 RPS: 636.20최근 1000개 request의 p99 TTFT: 0.4433 초 | 
2025-11-18 21:30:07,869 - INFO - [실시간] 요청 202000개 처리 | 현재까지의 RPS: 636.33최근 1000개 request의 p99 TTFT: 0.9544 초 | 
2025-11-18 21:30:09,240 - INFO - [실시간] 요청 203000개 처리 | 현재까지의 RPS: 636.73최근 1000개 request의 p99 TTFT: 0.9997 초 | 
2025-11-18 21:30:10,537 - INFO - [실시간] 요청 204000개 처리 | 현재까지의 RPS: 637.27최근 1000개 request의 p99 TTFT: 0.4937 초 | 
2025-11-18 21:30:11,902 - INFO - [실시간] 요청 205000개 처리 | 현재까지의 RPS: 637.68최근 1000개 request의 p99 TTFT: 0.3752 초 | 
2025-11-18 21:30:13,319 - INFO - [실시간] 요청 206000개 처리 | 현재까지의 RPS: 637.98최근 1000개 request의 p99 TTFT: 0.6290 초 | 
2025-11-18 21:30:14,800 - INFO - [실시간] 요청 207000개 처리 | 현재까지의 RPS: 638.15최근 1000개 request의 p99 TTFT: 0.8227 초 | 
2025-11-18 21:30:16,134 - INFO - [실시간] 요청 208000개 처리 | 현재까지의 RPS: 638.60최근 1000개 request의 p99 TTFT: 1.0072 초 | 
2025-11-18 21:30:17,439 - INFO - [실시간] 요청 209000개 처리 | 현재까지의 RPS: 639.11최근 1000개 request의 p99 TTFT: 0.9009 초 | 
2025-11-18 21:30:18,838 - INFO - [실시간] 요청 210000개 처리 | 현재까지의 RPS: 639.44최근 1000개 request의 p99 TTFT: 0.4315 초 | 
2025-11-18 21:30:20,268 - INFO - [실시간] 요청 211000개 처리 | 현재까지의 RPS: 639.69최근 1000개 request의 p99 TTFT: 0.4416 초 | 
통계에 반영된 요청 인덱스 범위: 0 ~ 211777 (총 211777개 요청)
통계 반영된 요청 수: 211777, 통계 반영된 시간: 387.31 초

==================================================
 실험 최종 결과 요약
==================================================
 설정 실험 시간: 330 초
 Clients 수: 8100
 통계 반영 시간: 387.31 초
 총 시도된 요청: 217704 개
 총 완료된 요청: 211777 개
 총 실패한 요청: 5927 개
 완료 요청 중 retrieval이 실패한 요청: 0 개
 요청 성공률: 97.28%
 전체 Requests Per Second (RPS): 546.78
--------------------------------------------------
 Time to First Token (TTFT) Latency:
  - 평균 (Mean): 0.1712 초
  - 중간값 (50%ile): 0.1416 초
  - 최소값 (Min): 0.0158 초
  - 최대값 (Max): 1.7010 초
  - 95%ile Tail: 0.4436 초
  - 99%ile Tail: 0.7952 초
--------------------------------------------------
 Time Per Output Token (TPOT):
  - 평균 (Mean): 16.92 ms/token
--------------------------------------------------
 Embedding Latency:
  - 총 샘플 수: 211761
  - 평균 (Mean): 8.72 ms
  - 중간값 (50%ile): 6.00 ms
  - 95%ile Tail: 20.00 ms
  - 99%ile Tail: 51.00 ms
--------------------------------------------------
 VectorDB Search Latency:
  - 총 샘플 수: 211761
  - 평균 (Mean): 60.36 ms
  - 중간값 (50%ile): 29.00 ms
  - 95%ile Tail: 222.00 ms
  - 99%ile Tail: 575.00 ms
--------------------------------------------------
 Document Search Latency:
  - 총 샘플 수: 211761
  - 평균 (Mean): 19.90 ms
  - 중간값 (50%ile): 7.00 ms
  - 95%ile Tail: 73.00 ms
  - 99%ile Tail: 175.00 ms
--------------------------------------------------
 Total Retrieval Latency:
  - 총 샘플 수: 211777
  - 평균 (Mean): 88.99 ms
  - 중간값 (50%ile): 49.00 ms
  - 95%ile Tail: 322.00 ms
  - 99%ile Tail: 684.00 ms
==================================================
