2025-11-17 22:25:03,000 - INFO - ReqGen 시작: 서버=163.152.48.109:9000, 클라이언트=2000, 시간=330초
2025-11-17 22:25:03,000 - INFO - Hugging Face에서 'kroshan/BioASQ' 데이터셋을 로드합니다...
2025-11-17 22:25:08,692 - INFO - 3266개의 질문을 로드했습니다.
2025-11-17 22:25:08,693 - INFO - 부하 테스트 시작, client 수 = 2000
2025-11-17 22:25:08,693 - INFO - Zipf 값 1.2에서 상위 20%의 질문이 차지하는 비율: 91.82%
2025-11-17 22:25:20,662 - INFO - [실시간] 요청 1000개 처리 | 현재까지의 RPS: 83.55최근 1000개 request의 p99 TTFT: 0.1767 초 | 
2025-11-17 22:25:27,781 - INFO - [실시간] 요청 2000개 처리 | 현재까지의 RPS: 104.78최근 1000개 request의 p99 TTFT: 0.2191 초 | 
2025-11-17 22:25:36,065 - INFO - [실시간] 요청 3000개 처리 | 현재까지의 RPS: 109.60최근 1000개 request의 p99 TTFT: 0.1927 초 | 
2025-11-17 22:25:44,343 - INFO - [실시간] 요청 4000개 처리 | 현재까지의 RPS: 112.20최근 1000개 request의 p99 TTFT: 0.1900 초 | 
2025-11-17 22:25:52,918 - INFO - [실시간] 요청 5000개 처리 | 현재까지의 RPS: 113.06최근 1000개 request의 p99 TTFT: 0.1931 초 | 
2025-11-17 22:26:01,302 - INFO - [실시간] 요청 6000개 처리 | 현재까지의 RPS: 114.05최근 1000개 request의 p99 TTFT: 0.1863 초 | 
2025-11-17 22:26:09,969 - INFO - [실시간] 요청 7000개 처리 | 현재까지의 RPS: 114.24최근 1000개 request의 p99 TTFT: 0.1899 초 | 
2025-11-17 22:26:16,791 - INFO - [실시간] 요청 8000개 처리 | 현재까지의 RPS: 117.48최근 1000개 request의 p99 TTFT: 0.2082 초 | 
2025-11-17 22:26:23,317 - INFO - [실시간] 요청 9000개 처리 | 현재까지의 RPS: 120.61최근 1000개 request의 p99 TTFT: 0.2103 초 | 
2025-11-17 22:26:29,611 - INFO - [실시간] 요청 10000개 처리 | 현재까지의 RPS: 123.58최근 1000개 request의 p99 TTFT: 0.2499 초 | 
2025-11-17 22:26:36,013 - INFO - [실시간] 요청 11000개 처리 | 현재까지의 RPS: 125.97최근 1000개 request의 p99 TTFT: 0.2147 초 | 
2025-11-17 22:26:42,369 - INFO - [실시간] 요청 12000개 처리 | 현재까지의 RPS: 128.10최근 1000개 request의 p99 TTFT: 0.2689 초 | 
2025-11-17 22:26:48,658 - INFO - [실시간] 요청 13000개 처리 | 현재까지의 RPS: 130.05최근 1000개 request의 p99 TTFT: 0.2142 초 | 
2025-11-17 22:26:55,296 - INFO - [실시간] 요청 14000개 처리 | 현재까지의 RPS: 131.33최근 1000개 request의 p99 TTFT: 0.2098 초 | 
2025-11-17 22:27:02,162 - INFO - [실시간] 요청 15000개 처리 | 현재까지의 RPS: 132.20최근 1000개 request의 p99 TTFT: 0.2779 초 | 
2025-11-17 22:27:08,545 - INFO - [실시간] 요청 16000개 처리 | 현재까지의 RPS: 133.50최근 1000개 request의 p99 TTFT: 0.2182 초 | 
2025-11-17 22:27:14,648 - INFO - [실시간] 요청 17000개 처리 | 현재까지의 RPS: 134.97최근 1000개 request의 p99 TTFT: 0.2257 초 | 
2025-11-17 22:27:20,605 - INFO - [실시간] 요청 18000개 처리 | 현재까지의 RPS: 136.46최근 1000개 request의 p99 TTFT: 0.2454 초 | 
2025-11-17 22:27:26,541 - INFO - [실시간] 요청 19000개 처리 | 현재까지의 RPS: 137.83최근 1000개 request의 p99 TTFT: 0.4450 초 | 
2025-11-17 22:27:32,227 - INFO - [실시간] 요청 20000개 처리 | 현재까지의 RPS: 139.34최근 1000개 request의 p99 TTFT: 0.2807 초 | 
2025-11-17 22:27:38,139 - INFO - [실시간] 요청 21000개 처리 | 현재까지의 RPS: 140.52최근 1000개 request의 p99 TTFT: 0.2245 초 | 
2025-11-17 22:27:44,191 - INFO - [실시간] 요청 22000개 처리 | 현재까지의 RPS: 141.48최근 1000개 request의 p99 TTFT: 0.3112 초 | 
2025-11-17 22:27:49,685 - INFO - [실시간] 요청 23000개 처리 | 현재까지의 RPS: 142.86최근 1000개 request의 p99 TTFT: 0.2756 초 | 
2025-11-17 22:27:55,461 - INFO - [실시간] 요청 24000개 처리 | 현재까지의 RPS: 143.91최근 1000개 request의 p99 TTFT: 0.2304 초 | 
2025-11-17 22:28:01,188 - INFO - [실시간] 요청 25000개 처리 | 현재까지의 RPS: 144.93최근 1000개 request의 p99 TTFT: 0.2771 초 | 
2025-11-17 22:28:06,842 - INFO - [실시간] 요청 26000개 처리 | 현재까지의 RPS: 145.95최근 1000개 request의 p99 TTFT: 0.4522 초 | 
2025-11-17 22:28:12,755 - INFO - [실시간] 요청 27000개 처리 | 현재까지의 RPS: 146.69최근 1000개 request의 p99 TTFT: 0.3271 초 | 
2025-11-17 22:28:18,600 - INFO - [실시간] 요청 28000개 처리 | 현재까지의 RPS: 147.44최근 1000개 request의 p99 TTFT: 0.2799 초 | 
2025-11-17 22:28:24,262 - INFO - [실시간] 요청 29000개 처리 | 현재까지의 RPS: 148.29최근 1000개 request의 p99 TTFT: 0.3896 초 | 
2025-11-17 22:28:29,662 - INFO - [실시간] 요청 30000개 처리 | 현재까지의 RPS: 149.28최근 1000개 request의 p99 TTFT: 0.3005 초 | 
2025-11-17 22:28:35,495 - INFO - [실시간] 요청 31000개 처리 | 현재까지의 RPS: 149.90최근 1000개 request의 p99 TTFT: 0.2697 초 | 
2025-11-17 22:28:40,971 - INFO - [실시간] 요청 32000개 처리 | 현재까지의 RPS: 150.75최근 1000개 request의 p99 TTFT: 0.3865 초 | 
2025-11-17 22:28:46,588 - INFO - [실시간] 요청 33000개 처리 | 현재까지의 RPS: 151.45최근 1000개 request의 p99 TTFT: 0.3318 초 | 
2025-11-17 22:28:52,040 - INFO - [실시간] 요청 34000개 처리 | 현재까지의 RPS: 152.23최근 1000개 request의 p99 TTFT: 0.4348 초 | 
2025-11-17 22:28:57,881 - INFO - [실시간] 요청 35000개 처리 | 현재까지의 RPS: 152.71최근 1000개 request의 p99 TTFT: 0.2537 초 | 
2025-11-17 22:29:03,450 - INFO - [실시간] 요청 36000개 처리 | 현재까지의 RPS: 153.35최근 1000개 request의 p99 TTFT: 0.3407 초 | 
2025-11-17 22:29:09,306 - INFO - [실시간] 요청 37000개 처리 | 현재까지의 RPS: 153.77최근 1000개 request의 p99 TTFT: 0.2357 초 | 
2025-11-17 22:29:15,218 - INFO - [실시간] 요청 38000개 처리 | 현재까지의 RPS: 154.14최근 1000개 request의 p99 TTFT: 0.2517 초 | 
2025-11-17 22:29:20,817 - INFO - [실시간] 요청 39000개 처리 | 현재까지의 RPS: 154.69최근 1000개 request의 p99 TTFT: 0.3044 초 | 
2025-11-17 22:29:26,359 - INFO - [실시간] 요청 40000개 처리 | 현재까지의 RPS: 155.24최근 1000개 request의 p99 TTFT: 0.3156 초 | 
2025-11-17 22:29:31,983 - INFO - [실시간] 요청 41000개 처리 | 현재까지의 RPS: 155.72최근 1000개 request의 p99 TTFT: 0.2783 초 | 
2025-11-17 22:29:37,727 - INFO - [실시간] 요청 42000개 처리 | 현재까지의 RPS: 156.11최근 1000개 request의 p99 TTFT: 0.4497 초 | 
2025-11-17 22:29:43,295 - INFO - [실시간] 요청 43000개 처리 | 현재까지의 RPS: 156.59최근 1000개 request의 p99 TTFT: 0.3355 초 | 
2025-11-17 22:29:48,947 - INFO - [실시간] 요청 44000개 처리 | 현재까지의 RPS: 157.00최근 1000개 request의 p99 TTFT: 0.3194 초 | 
2025-11-17 22:29:54,377 - INFO - [실시간] 요청 45000개 처리 | 현재까지의 RPS: 157.52최근 1000개 request의 p99 TTFT: 0.4109 초 | 
2025-11-17 22:30:00,155 - INFO - [실시간] 요청 46000개 처리 | 현재까지의 RPS: 157.83최근 1000개 request의 p99 TTFT: 0.2533 초 | 
2025-11-17 22:30:05,772 - INFO - [실시간] 요청 47000개 처리 | 현재까지의 RPS: 158.21최근 1000개 request의 p99 TTFT: 0.2892 초 | 
2025-11-17 22:30:11,395 - INFO - [실시간] 요청 48000개 처리 | 현재까지의 RPS: 158.57최근 1000개 request의 p99 TTFT: 0.6284 초 | 
2025-11-17 22:30:16,852 - INFO - [실시간] 요청 49000개 처리 | 현재까지의 RPS: 159.01최근 1000개 request의 p99 TTFT: 0.2811 초 | 
2025-11-17 22:30:22,579 - INFO - [실시간] 요청 50000개 처리 | 현재까지의 RPS: 159.29최근 1000개 request의 p99 TTFT: 0.2922 초 | 
2025-11-17 22:30:28,279 - INFO - [실시간] 요청 51000개 처리 | 현재까지의 RPS: 159.58최근 1000개 request의 p99 TTFT: 0.2276 초 | 
2025-11-17 22:30:34,022 - INFO - [실시간] 요청 52000개 처리 | 현재까지의 RPS: 159.84최근 1000개 request의 p99 TTFT: 0.3924 초 | 
2025-11-17 22:30:39,605 - INFO - [실시간] 요청 53000개 처리 | 현재까지의 RPS: 160.16최근 1000개 request의 p99 TTFT: 0.2815 초 | 
통계에 반영된 요청 인덱스 범위: 0 ~ 53000 (총 53000개 요청)
통계 반영된 요청 수: 53000, 통계 반영된 시간: 389.48 초

==================================================
 실험 최종 결과 요약
==================================================
 설정 실험 시간: 330 초
 Clients 수: 2000
 통계 반영 시간: 389.48 초
 총 시도된 요청: 54309 개
 총 완료된 요청: 53000 개
 총 실패한 요청: 1309 개
 완료 요청 중 retrieval이 실패한 요청: -36 개
 요청 성공률: 97.59%
 전체 Requests Per Second (RPS): 136.08
--------------------------------------------------
 Time to First Token (TTFT) Latency:
  - 평균 (Mean): 0.1317 초
  - 중간값 (50%ile): 0.1261 초
  - 최소값 (Min): 0.0259 초
  - 최대값 (Max): 0.8800 초
  - 95%ile Tail: 0.2311 초
  - 99%ile Tail: 0.3177 초
--------------------------------------------------
 Time Per Output Token (TPOT):
  - 평균 (Mean): 16.73 ms/token
--------------------------------------------------
 Embedding Latency:
  - 총 샘플 수: 53000
  - 평균 (Mean): 8.34 ms
  - 중간값 (50%ile): 7.00 ms
  - 95%ile Tail: 13.00 ms
  - 99%ile Tail: 16.00 ms
--------------------------------------------------
 VectorDB Search Latency:
  - 총 샘플 수: 53000
  - 평균 (Mean): 46.52 ms
  - 중간값 (50%ile): 35.00 ms
  - 95%ile Tail: 122.00 ms
  - 99%ile Tail: 185.00 ms
--------------------------------------------------
 Document Search Latency:
  - 총 샘플 수: 53000
  - 평균 (Mean): 10.21 ms
  - 중간값 (50%ile): 7.00 ms
  - 95%ile Tail: 25.00 ms
  - 99%ile Tail: 49.00 ms
--------------------------------------------------
 Total Retrieval Latency:
  - 총 샘플 수: 53000
  - 평균 (Mean): 65.09 ms
  - 중간값 (50%ile): 53.00 ms
  - 95%ile Tail: 146.00 ms
  - 99%ile Tail: 222.00 ms
==================================================
