2025-11-17 22:18:26,182 - INFO - ReqGen 시작: 서버=163.152.48.109:9000, 클라이언트=2200, 시간=330초
2025-11-17 22:18:26,182 - INFO - Hugging Face에서 'kroshan/BioASQ' 데이터셋을 로드합니다...
2025-11-17 22:18:32,248 - INFO - 3266개의 질문을 로드했습니다.
2025-11-17 22:18:32,249 - INFO - 부하 테스트 시작, client 수 = 2200
2025-11-17 22:18:32,249 - INFO - Zipf 값 1.2에서 상위 20%의 질문이 차지하는 비율: 91.82%
2025-11-17 22:18:43,679 - INFO - [실시간] 요청 1000개 처리 | 현재까지의 RPS: 87.49최근 1000개 request의 p99 TTFT: 0.1791 초 | 
2025-11-17 22:18:50,516 - INFO - [실시간] 요청 2000개 처리 | 현재까지의 RPS: 109.49최근 1000개 request의 p99 TTFT: 0.2077 초 | 
2025-11-17 22:18:57,719 - INFO - [실시간] 요청 3000개 처리 | 현재까지의 RPS: 117.79최근 1000개 request의 p99 TTFT: 0.4088 초 | 
2025-11-17 22:19:05,359 - INFO - [실시간] 요청 4000개 처리 | 현재까지의 RPS: 120.81최근 1000개 request의 p99 TTFT: 0.2279 초 | 
2025-11-17 22:19:12,678 - INFO - [실시간] 요청 5000개 처리 | 현재까지의 RPS: 123.67최근 1000개 request의 p99 TTFT: 0.2841 초 | 
2025-11-17 22:19:20,463 - INFO - [실시간] 요청 6000개 처리 | 현재까지의 RPS: 124.45최근 1000개 request의 p99 TTFT: 0.2058 초 | 
2025-11-17 22:19:27,844 - INFO - [실시간] 요청 7000개 처리 | 현재까지의 RPS: 125.91최근 1000개 request의 p99 TTFT: 0.2159 초 | 
2025-11-17 22:19:34,994 - INFO - [실시간] 요청 8000개 처리 | 현재까지의 RPS: 127.50최근 1000개 request의 p99 TTFT: 0.2157 초 | 
2025-11-17 22:19:40,829 - INFO - [실시간] 요청 9000개 처리 | 현재까지의 RPS: 131.23최근 1000개 request의 p99 TTFT: 0.3734 초 | 
2025-11-17 22:19:46,774 - INFO - [실시간] 요청 10000개 처리 | 현재까지의 RPS: 134.18최근 1000개 request의 p99 TTFT: 0.2771 초 | 
2025-11-17 22:19:52,394 - INFO - [실시간] 요청 11000개 처리 | 현재까지의 RPS: 137.25최근 1000개 request의 p99 TTFT: 0.3947 초 | 
2025-11-17 22:19:58,286 - INFO - [실시간] 요청 12000개 처리 | 현재까지의 RPS: 139.47최근 1000개 request의 p99 TTFT: 0.5754 초 | 
2025-11-17 22:20:04,046 - INFO - [실시간] 요청 13000개 처리 | 현재까지의 RPS: 141.62최근 1000개 request의 p99 TTFT: 0.5416 초 | 
2025-11-17 22:20:09,786 - INFO - [실시간] 요청 14000개 처리 | 현재까지의 RPS: 143.53최근 1000개 request의 p99 TTFT: 0.3597 초 | 
2025-11-17 22:20:15,443 - INFO - [실시간] 요청 15000개 처리 | 현재까지의 RPS: 145.36최근 1000개 request의 p99 TTFT: 0.3548 초 | 
2025-11-17 22:20:21,053 - INFO - [실시간] 요청 16000개 처리 | 현재까지의 RPS: 147.05최근 1000개 request의 p99 TTFT: 0.4869 초 | 
2025-11-17 22:20:26,952 - INFO - [실시간] 요청 17000개 처리 | 현재까지의 RPS: 148.21최근 1000개 request의 p99 TTFT: 0.5255 초 | 
2025-11-17 22:20:32,537 - INFO - [실시간] 요청 18000개 처리 | 현재까지의 RPS: 149.64최근 1000개 request의 p99 TTFT: 0.4333 초 | 
2025-11-17 22:20:38,255 - INFO - [실시간] 요청 19000개 처리 | 현재까지의 RPS: 150.79최근 1000개 request의 p99 TTFT: 0.3613 초 | 
2025-11-17 22:20:43,926 - INFO - [실시간] 요청 20000개 처리 | 현재까지의 RPS: 151.89최근 1000개 request의 p99 TTFT: 0.4700 초 | 
2025-11-17 22:20:49,352 - INFO - [실시간] 요청 21000개 처리 | 현재까지의 RPS: 153.17최근 1000개 request의 p99 TTFT: 0.7048 초 | 
2025-11-17 22:20:54,841 - INFO - [실시간] 요청 22000개 처리 | 현재까지의 RPS: 154.29최근 1000개 request의 p99 TTFT: 0.7857 초 | 
2025-11-17 22:21:00,329 - INFO - [실시간] 요청 23000개 처리 | 현재까지의 RPS: 155.32최근 1000개 request의 p99 TTFT: 0.7020 초 | 
2025-11-17 22:21:05,786 - INFO - [실시간] 요청 24000개 처리 | 현재까지의 RPS: 156.31최근 1000개 request의 p99 TTFT: 0.7564 초 | 
2025-11-17 22:21:11,283 - INFO - [실시간] 요청 25000개 처리 | 현재까지의 RPS: 157.20최근 1000개 request의 p99 TTFT: 0.8959 초 | 
2025-11-17 22:21:16,766 - INFO - [실시간] 요청 26000개 처리 | 현재까지의 RPS: 158.04최근 1000개 request의 p99 TTFT: 0.5838 초 | 
2025-11-17 22:21:22,195 - INFO - [실시간] 요청 27000개 처리 | 현재까지의 RPS: 158.87최근 1000개 request의 p99 TTFT: 0.7220 초 | 
2025-11-17 22:21:27,745 - INFO - [실시간] 요청 28000개 처리 | 현재까지의 RPS: 159.55최근 1000개 request의 p99 TTFT: 0.4958 초 | 
2025-11-17 22:21:33,272 - INFO - [실시간] 요청 29000개 처리 | 현재까지의 RPS: 160.20최근 1000개 request의 p99 TTFT: 0.7656 초 | 
2025-11-17 22:21:38,748 - INFO - [실시간] 요청 30000개 처리 | 현재까지의 RPS: 160.86최근 1000개 request의 p99 TTFT: 0.8126 초 | 
2025-11-17 22:21:44,217 - INFO - [실시간] 요청 31000개 처리 | 현재까지의 RPS: 161.48최근 1000개 request의 p99 TTFT: 0.8266 초 | 
2025-11-17 22:21:49,596 - INFO - [실시간] 요청 32000개 처리 | 현재까지의 RPS: 162.15최근 1000개 request의 p99 TTFT: 0.6412 초 | 
2025-11-17 22:21:55,007 - INFO - [실시간] 요청 33000개 처리 | 현재까지의 RPS: 162.76최근 1000개 request의 p99 TTFT: 0.7192 초 | 
2025-11-17 22:22:00,476 - INFO - [실시간] 요청 34000개 처리 | 현재까지의 RPS: 163.28최근 1000개 request의 p99 TTFT: 1.2688 초 | 
2025-11-17 22:22:05,837 - INFO - [실시간] 요청 35000개 처리 | 현재까지의 RPS: 163.87최근 1000개 request의 p99 TTFT: 1.3353 초 | 
2025-11-17 22:22:11,348 - INFO - [실시간] 요청 36000개 처리 | 현재까지의 RPS: 164.31최근 1000개 request의 p99 TTFT: 0.8835 초 | 
2025-11-17 22:22:16,744 - INFO - [실시간] 요청 37000개 처리 | 현재까지의 RPS: 164.81최근 1000개 request의 p99 TTFT: 1.0780 초 | 
2025-11-17 22:22:22,295 - INFO - [실시간] 요청 38000개 처리 | 현재까지의 RPS: 165.18최근 1000개 request의 p99 TTFT: 1.3392 초 | 
2025-11-17 22:22:27,713 - INFO - [실시간] 요청 39000개 처리 | 현재까지의 RPS: 165.63최근 1000개 request의 p99 TTFT: 1.2396 초 | 
2025-11-17 22:22:33,217 - INFO - [실시간] 요청 40000개 처리 | 현재까지의 RPS: 166.00최근 1000개 request의 p99 TTFT: 1.0633 초 | 
2025-11-17 22:22:38,783 - INFO - [실시간] 요청 41000개 처리 | 현재까지의 RPS: 166.31최근 1000개 request의 p99 TTFT: 0.7645 초 | 
2025-11-17 22:22:44,246 - INFO - [실시간] 요청 42000개 처리 | 현재까지의 RPS: 166.67최근 1000개 request의 p99 TTFT: 1.1542 초 | 
2025-11-17 22:22:49,670 - INFO - [실시간] 요청 43000개 처리 | 현재까지의 RPS: 167.04최근 1000개 request의 p99 TTFT: 1.6553 초 | 
2025-11-17 22:22:55,002 - INFO - [실시간] 요청 44000개 처리 | 현재까지의 RPS: 167.46최근 1000개 request의 p99 TTFT: 1.5320 초 | 
2025-11-17 22:23:00,444 - INFO - [실시간] 요청 45000개 처리 | 현재까지의 RPS: 167.79최근 1000개 request의 p99 TTFT: 1.7070 초 | 
2025-11-17 22:23:05,835 - INFO - [실시간] 요청 46000개 처리 | 현재까지의 RPS: 168.14최근 1000개 request의 p99 TTFT: 1.7710 초 | 
2025-11-17 22:23:11,246 - INFO - [실시간] 요청 47000개 처리 | 현재까지의 RPS: 168.46최근 1000개 request의 p99 TTFT: 1.0480 초 | 
2025-11-17 22:23:16,648 - INFO - [실시간] 요청 48000개 처리 | 현재까지의 RPS: 168.78최근 1000개 request의 p99 TTFT: 0.9202 초 | 
2025-11-17 22:23:22,084 - INFO - [실시간] 요청 49000개 처리 | 현재까지의 RPS: 169.06최근 1000개 request의 p99 TTFT: 0.6163 초 | 
2025-11-17 22:23:27,651 - INFO - [실시간] 요청 50000개 처리 | 현재까지의 RPS: 169.26최근 1000개 request의 p99 TTFT: 1.4703 초 | 
2025-11-17 22:23:33,058 - INFO - [실시간] 요청 51000개 처리 | 현재까지의 RPS: 169.54최근 1000개 request의 p99 TTFT: 1.4097 초 | 
2025-11-17 22:23:38,466 - INFO - [실시간] 요청 52000개 처리 | 현재까지의 RPS: 169.81최근 1000개 request의 p99 TTFT: 0.8853 초 | 
2025-11-17 22:23:43,884 - INFO - [실시간] 요청 53000개 처리 | 현재까지의 RPS: 170.07최근 1000개 request의 p99 TTFT: 0.8492 초 | 
2025-11-17 22:23:49,356 - INFO - [실시간] 요청 54000개 처리 | 현재까지의 RPS: 170.29최근 1000개 request의 p99 TTFT: 1.1220 초 | 
2025-11-17 22:23:54,777 - INFO - [실시간] 요청 55000개 처리 | 현재까지의 RPS: 170.53최근 1000개 request의 p99 TTFT: 1.1994 초 | 
2025-11-17 22:24:00,213 - INFO - [실시간] 요청 56000개 처리 | 현재까지의 RPS: 170.75최근 1000개 request의 p99 TTFT: 1.3849 초 | 
통계에 반영된 요청 인덱스 범위: 0 ~ 56640 (총 56640개 요청)
통계 반영된 요청 수: 56640, 통계 반영된 시간: 389.51 초

==================================================
 실험 최종 결과 요약
==================================================
 설정 실험 시간: 330 초
 Clients 수: 2200
 통계 반영 시간: 389.51 초
 총 시도된 요청: 58276 개
 총 완료된 요청: 56640 개
 총 실패한 요청: 1636 개
 완료 요청 중 retrieval이 실패한 요청: 0 개
 요청 성공률: 97.19%
 전체 Requests Per Second (RPS): 145.41
--------------------------------------------------
 Time to First Token (TTFT) Latency:
  - 평균 (Mean): 0.3241 초
  - 중간값 (50%ile): 0.2174 초
  - 최소값 (Min): 0.0234 초
  - 최대값 (Max): 2.3216 초
  - 95%ile Tail: 0.8863 초
  - 99%ile Tail: 1.3028 초
--------------------------------------------------
 Time Per Output Token (TPOT):
  - 평균 (Mean): 16.75 ms/token
--------------------------------------------------
 Embedding Latency:
  - 총 샘플 수: 56622
  - 평균 (Mean): 8.53 ms
  - 중간값 (50%ile): 8.00 ms
  - 95%ile Tail: 13.00 ms
  - 99%ile Tail: 19.00 ms
--------------------------------------------------
 VectorDB Search Latency:
  - 총 샘플 수: 56622
  - 평균 (Mean): 238.52 ms
  - 중간값 (50%ile): 129.00 ms
  - 95%ile Tail: 771.00 ms
  - 99%ile Tail: 1166.00 ms
--------------------------------------------------
 Document Search Latency:
  - 총 샘플 수: 56622
  - 평균 (Mean): 14.62 ms
  - 중간값 (50%ile): 8.00 ms
  - 95%ile Tail: 46.00 ms
  - 99%ile Tail: 83.00 ms
--------------------------------------------------
 Total Retrieval Latency:
  - 총 샘플 수: 56640
  - 평균 (Mean): 261.70 ms
  - 중간값 (50%ile): 149.00 ms
  - 95%ile Tail: 820.05 ms
  - 99%ile Tail: 1230.00 ms
==================================================
