2025-11-17 12:59:59,441 - INFO - ReqGen 시작: 서버=163.152.48.109:9000, 클라이언트=500, 시간=330초
2025-11-17 12:59:59,442 - INFO - Hugging Face에서 'kroshan/BioASQ' 데이터셋을 로드합니다...
2025-11-17 13:00:05,284 - INFO - 3266개의 질문을 로드했습니다.
2025-11-17 13:00:05,285 - INFO - 부하 테스트 시작, client 수 = 500
2025-11-17 13:00:05,285 - INFO - Zipf 값 1.2에서 상위 20%의 질문이 차지하는 비율: 91.82%
2025-11-17 13:00:43,812 - INFO - [실시간] 요청 1000개 처리 | 현재까지의 RPS: 25.96최근 1000개 request의 p99 TTFT: 0.3677 초 | 
2025-11-17 13:01:27,400 - INFO - [실시간] 요청 2000개 처리 | 현재까지의 RPS: 24.36최근 1000개 request의 p99 TTFT: 0.2254 초 | 
2025-11-17 13:02:08,956 - INFO - [실시간] 요청 3000개 처리 | 현재까지의 RPS: 24.26최근 1000개 request의 p99 TTFT: 0.1793 초 | 
2025-11-17 13:02:51,502 - INFO - [실시간] 요청 4000개 처리 | 현재까지의 RPS: 24.06최근 1000개 request의 p99 TTFT: 0.2098 초 | 
2025-11-17 13:03:36,232 - INFO - [실시간] 요청 5000개 처리 | 현재까지의 RPS: 23.70최근 1000개 request의 p99 TTFT: 0.1746 초 | 
2025-11-17 13:04:18,531 - INFO - [실시간] 요청 6000개 처리 | 현재까지의 RPS: 23.69최근 1000개 request의 p99 TTFT: 0.1742 초 | 
Traceback (most recent call last):
  File "/home/comsys/sungsu/CXLSharedMemGPU/ReqGen/main.py", line 406, in <module>
    main()
  File "/home/comsys/sungsu/CXLSharedMemGPU/ReqGen/main.py", line 403, in main
    asyncio.run(reqgen.run())
  File "/usr/lib/python3.10/asyncio/runners.py", line 44, in run
    return loop.run_until_complete(main)
  File "/usr/lib/python3.10/asyncio/base_events.py", line 636, in run_until_complete
    self.run_forever()
  File "/usr/lib/python3.10/asyncio/base_events.py", line 603, in run_forever
    self._run_once()
  File "/usr/lib/python3.10/asyncio/base_events.py", line 1871, in _run_once
    event_list = self._selector.select(timeout)
  File "/usr/lib/python3.10/selectors.py", line 469, in select
    fd_event_list = self._selector.poll(timeout, max_ev)
KeyboardInterrupt
