2025-12-04 22:37:54,771 - INFO - ReqGen 시작: 서버=163.152.48.109:9000, 클라이언트=8500, 시간=330초
2025-12-04 22:37:54,771 - INFO - Hugging Face에서 'kroshan/BioASQ' 데이터셋을 로드합니다...
2025-12-04 22:38:01,080 - INFO - 3266개의 질문을 로드했습니다.
2025-12-04 22:38:01,080 - INFO - 부하 테스트 시작, client 수 = 8500
2025-12-04 22:38:04,258 - INFO - [실시간] 요청 1000개 처리 | 현재까지의 RPS: 314.71최근 1000개 request의 p99 TTFT: 0.3631 초 | 
2025-12-04 22:38:06,311 - INFO - [실시간] 요청 2000개 처리 | 현재까지의 RPS: 382.38최근 1000개 request의 p99 TTFT: 0.3735 초 | 
2025-12-04 22:38:08,130 - INFO - [실시간] 요청 3000개 처리 | 현재까지의 RPS: 425.55최근 1000개 request의 p99 TTFT: 0.4117 초 | 
2025-12-04 22:38:09,936 - INFO - [실시간] 요청 4000개 처리 | 현재까지의 RPS: 451.71최근 1000개 request의 p99 TTFT: 0.4409 초 | 
2025-12-04 22:38:11,542 - INFO - [실시간] 요청 5000개 처리 | 현재까지의 RPS: 477.94최근 1000개 request의 p99 TTFT: 0.5036 초 | 
2025-12-04 22:38:13,048 - INFO - [실시간] 요청 6000개 처리 | 현재까지의 RPS: 501.34최근 1000개 request의 p99 TTFT: 0.3510 초 | 
2025-12-04 22:38:14,573 - INFO - [실시간] 요청 7000개 처리 | 현재까지의 RPS: 518.82최근 1000개 request의 p99 TTFT: 0.8584 초 | 
2025-12-04 22:38:15,834 - INFO - [실시간] 요청 8000개 처리 | 현재까지의 RPS: 542.24최근 1000개 request의 p99 TTFT: 0.9392 초 | 
2025-12-04 22:38:17,119 - INFO - [실시간] 요청 9000개 처리 | 현재까지의 RPS: 561.13최근 1000개 request의 p99 TTFT: 0.4823 초 | 
2025-12-04 22:38:18,475 - INFO - [실시간] 요청 10000개 처리 | 현재까지의 RPS: 574.90최근 1000개 request의 p99 TTFT: 0.9315 초 | 
2025-12-04 22:38:19,775 - INFO - [실시간] 요청 11000개 처리 | 현재까지의 RPS: 588.40최근 1000개 request의 p99 TTFT: 1.5565 초 | 
2025-12-04 22:38:21,134 - INFO - [실시간] 요청 12000개 처리 | 현재까지의 RPS: 598.39최근 1000개 request의 p99 TTFT: 2.2335 초 | 
2025-12-04 22:38:22,403 - INFO - [실시간] 요청 13000개 처리 | 현재까지의 RPS: 609.70최근 1000개 request의 p99 TTFT: 2.4528 초 | 
2025-12-04 22:38:23,629 - INFO - [실시간] 요청 14000개 처리 | 현재까지의 RPS: 620.87최근 1000개 request의 p99 TTFT: 2.8341 초 | 
2025-12-04 22:38:24,836 - INFO - [실시간] 요청 15000개 처리 | 현재까지의 RPS: 631.42최근 1000개 request의 p99 TTFT: 3.3685 초 | 
2025-12-04 22:38:26,120 - INFO - [실시간] 요청 16000개 처리 | 현재까지의 RPS: 638.98최근 1000개 request의 p99 TTFT: 3.5285 초 | 
2025-12-04 22:38:27,391 - INFO - [실시간] 요청 17000개 처리 | 현재까지의 RPS: 646.14최근 1000개 request의 p99 TTFT: 3.0036 초 | 
2025-12-04 22:38:28,666 - INFO - [실시간] 요청 18000개 처리 | 현재까지의 RPS: 652.51최근 1000개 request의 p99 TTFT: 2.1606 초 | 
2025-12-04 22:38:29,964 - INFO - [실시간] 요청 19000개 처리 | 현재까지의 RPS: 657.82최근 1000개 request의 p99 TTFT: 0.9216 초 | 
2025-12-04 22:38:31,173 - INFO - [실시간] 요청 20000개 처리 | 현재까지의 RPS: 664.61최근 1000개 request의 p99 TTFT: 1.0445 초 | 
2025-12-04 22:38:32,508 - INFO - [실시간] 요청 21000개 처리 | 현재까지의 RPS: 668.20최근 1000개 request의 p99 TTFT: 0.5466 초 | 
2025-12-04 22:38:33,999 - INFO - [실시간] 요청 22000개 처리 | 현재까지의 RPS: 668.31최근 1000개 request의 p99 TTFT: 0.5305 초 | 
2025-12-04 22:38:35,319 - INFO - [실시간] 요청 23000개 처리 | 현재까지의 RPS: 671.76최근 1000개 request의 p99 TTFT: 1.2688 초 | 
2025-12-04 22:38:36,590 - INFO - [실시간] 요청 24000개 처리 | 현재까지의 RPS: 675.87최근 1000개 request의 p99 TTFT: 1.2777 초 | 
2025-12-04 22:38:37,883 - INFO - [실시간] 요청 25000개 처리 | 현재까지의 RPS: 679.31최근 1000개 request의 p99 TTFT: 1.2014 초 | 
2025-12-04 22:38:39,174 - INFO - [실시간] 요청 26000개 처리 | 현재까지의 RPS: 682.52최근 1000개 request의 p99 TTFT: 1.1539 초 | 
2025-12-04 22:38:40,459 - INFO - [실시간] 요청 27000개 처리 | 현재까지의 RPS: 685.66최근 1000개 request의 p99 TTFT: 1.0958 초 | 
2025-12-04 22:38:41,904 - INFO - [실시간] 요청 28000개 처리 | 현재까지의 RPS: 685.88최근 1000개 request의 p99 TTFT: 0.6919 초 | 
2025-12-04 22:38:43,131 - INFO - [실시간] 요청 29000개 처리 | 현재까지의 RPS: 689.64최근 1000개 request의 p99 TTFT: 1.0751 초 | 
2025-12-04 22:38:44,404 - INFO - [실시간] 요청 30000개 처리 | 현재까지의 RPS: 692.47최근 1000개 request의 p99 TTFT: 0.9623 초 | 
2025-12-04 22:38:45,776 - INFO - [실시간] 요청 31000개 처리 | 현재까지의 RPS: 693.59최근 1000개 request의 p99 TTFT: 0.6378 초 | 
2025-12-04 22:38:46,958 - INFO - [실시간] 요청 32000개 처리 | 현재까지의 RPS: 697.51최근 1000개 request의 p99 TTFT: 0.6635 초 | 
2025-12-04 22:38:48,334 - INFO - [실시간] 요청 33000개 처리 | 현재까지의 RPS: 698.35최근 1000개 request의 p99 TTFT: 0.6354 초 | 
2025-12-04 22:38:49,706 - INFO - [실시간] 요청 34000개 처리 | 현재까지의 RPS: 699.22최근 1000개 request의 p99 TTFT: 0.8994 초 | 
2025-12-04 22:38:51,013 - INFO - [실시간] 요청 35000개 처리 | 현재까지의 RPS: 700.95최근 1000개 request의 p99 TTFT: 1.2622 초 | 
2025-12-04 22:38:52,302 - INFO - [실시간] 요청 36000개 처리 | 현재까지의 RPS: 702.83최근 1000개 request의 p99 TTFT: 2.2402 초 | 
2025-12-04 22:38:53,564 - INFO - [실시간] 요청 37000개 처리 | 현재까지의 RPS: 704.99최근 1000개 request의 p99 TTFT: 2.2117 초 | 
2025-12-04 22:38:55,020 - INFO - [실시간] 요청 38000개 처리 | 현재까지의 RPS: 704.49최근 1000개 request의 p99 TTFT: 1.9042 초 | 
2025-12-04 22:38:56,214 - INFO - [실시간] 요청 39000개 처리 | 현재까지의 RPS: 707.37최근 1000개 request의 p99 TTFT: 1.5775 초 | 
2025-12-04 22:38:57,526 - INFO - [실시간] 요청 40000개 처리 | 현재까지의 RPS: 708.64최근 1000개 request의 p99 TTFT: 1.5425 초 | 
2025-12-04 22:38:58,808 - INFO - [실시간] 요청 41000개 처리 | 현재까지의 RPS: 710.23최근 1000개 request의 p99 TTFT: 1.6295 초 | 
2025-12-04 22:39:00,099 - INFO - [실시간] 요청 42000개 처리 | 현재까지의 RPS: 711.64최근 1000개 request의 p99 TTFT: 1.5816 초 | 
2025-12-04 22:39:01,411 - INFO - [실시간] 요청 43000개 처리 | 현재까지의 RPS: 712.74최근 1000개 request의 p99 TTFT: 1.6890 초 | 
2025-12-04 22:39:02,668 - INFO - [실시간] 요청 44000개 처리 | 현재까지의 RPS: 714.43최근 1000개 request의 p99 TTFT: 1.7193 초 | 
2025-12-04 22:39:03,981 - INFO - [실시간] 요청 45000개 처리 | 현재까지의 RPS: 715.42최근 1000개 request의 p99 TTFT: 1.6257 초 | 
2025-12-04 22:39:05,296 - INFO - [실시간] 요청 46000개 처리 | 현재까지의 RPS: 716.34최근 1000개 request의 p99 TTFT: 1.4444 초 | 
2025-12-04 22:39:06,523 - INFO - [실시간] 요청 47000개 처리 | 현재까지의 RPS: 718.19최근 1000개 request의 p99 TTFT: 1.5626 초 | 
2025-12-04 22:39:07,797 - INFO - [실시간] 요청 48000개 처리 | 현재까지의 RPS: 719.46최근 1000개 request의 p99 TTFT: 1.3472 초 | 
2025-12-04 22:39:09,110 - INFO - [실시간] 요청 49000개 처리 | 현재까지의 RPS: 720.28최근 1000개 request의 p99 TTFT: 0.9182 초 | 
2025-12-04 22:39:10,410 - INFO - [실시간] 요청 50000개 처리 | 현재까지의 RPS: 721.20최근 1000개 request의 p99 TTFT: 1.0746 초 | 
2025-12-04 22:39:11,790 - INFO - [실시간] 요청 51000개 처리 | 현재까지의 RPS: 721.26최근 1000개 request의 p99 TTFT: 0.9508 초 | 
2025-12-04 22:39:13,051 - INFO - [실시간] 요청 52000개 처리 | 현재까지의 RPS: 722.52최근 1000개 request의 p99 TTFT: 1.2373 초 | 
2025-12-04 22:39:14,294 - INFO - [실시간] 요청 53000개 처리 | 현재까지의 RPS: 723.91최근 1000개 request의 p99 TTFT: 1.4754 초 | 
2025-12-04 22:39:15,572 - INFO - [실시간] 요청 54000개 처리 | 현재까지의 RPS: 724.91최근 1000개 request의 p99 TTFT: 1.5131 초 | 
2025-12-04 22:39:16,928 - INFO - [실시간] 요청 55000개 처리 | 현재까지의 RPS: 725.13최근 1000개 request의 p99 TTFT: 1.2690 초 | 
2025-12-04 22:39:18,262 - INFO - [실시간] 요청 56000개 처리 | 현재까지의 RPS: 725.56최근 1000개 request의 p99 TTFT: 1.3357 초 | 
2025-12-04 22:39:19,585 - INFO - [실시간] 요청 57000개 처리 | 현재까지의 RPS: 726.08최근 1000개 request의 p99 TTFT: 1.3287 초 | 
2025-12-04 22:39:20,880 - INFO - [실시간] 요청 58000개 처리 | 현재까지의 RPS: 726.82최근 1000개 request의 p99 TTFT: 1.0286 초 | 
2025-12-04 22:39:22,212 - INFO - [실시간] 요청 59000개 처리 | 현재까지의 RPS: 727.22최근 1000개 request의 p99 TTFT: 1.2070 초 | 
2025-12-04 22:39:23,427 - INFO - [실시간] 요청 60000개 처리 | 현재까지의 RPS: 728.63최근 1000개 request의 p99 TTFT: 1.7418 초 | 
2025-12-04 22:39:24,714 - INFO - [실시간] 요청 61000개 처리 | 현재까지의 RPS: 729.37최근 1000개 request의 p99 TTFT: 1.7069 초 | 
2025-12-04 22:39:26,055 - INFO - [실시간] 요청 62000개 처리 | 현재까지의 RPS: 729.63최근 1000개 request의 p99 TTFT: 1.3846 초 | 
2025-12-04 22:39:27,354 - INFO - [실시간] 요청 63000개 처리 | 현재까지의 RPS: 730.23최근 1000개 request의 p99 TTFT: 1.6260 초 | 
2025-12-04 22:39:28,616 - INFO - [실시간] 요청 64000개 처리 | 현재까지의 RPS: 731.13최근 1000개 request의 p99 TTFT: 1.6463 초 | 
2025-12-04 22:39:30,011 - INFO - [실시간] 요청 65000개 처리 | 현재까지의 RPS: 730.91최근 1000개 request의 p99 TTFT: 1.5031 초 | 
2025-12-04 22:39:31,238 - INFO - [실시간] 요청 66000개 처리 | 현재까지의 RPS: 732.05최근 1000개 request의 p99 TTFT: 1.5259 초 | 
2025-12-04 22:39:32,488 - INFO - [실시간] 요청 67000개 처리 | 현재까지의 RPS: 732.98최근 1000개 request의 p99 TTFT: 1.5298 초 | 
2025-12-04 22:39:33,881 - INFO - [실시간] 요청 68000개 처리 | 현재까지의 RPS: 732.76최근 1000개 request의 p99 TTFT: 1.3940 초 | 
2025-12-04 22:39:35,130 - INFO - [실시간] 요청 69000개 처리 | 현재까지의 RPS: 733.65최근 1000개 request의 p99 TTFT: 1.1927 초 | 
2025-12-04 22:39:36,427 - INFO - [실시간] 요청 70000개 처리 | 현재까지의 RPS: 734.16최근 1000개 request의 p99 TTFT: 1.0427 초 | 
2025-12-04 22:39:37,726 - INFO - [실시간] 요청 71000개 처리 | 현재까지의 RPS: 734.64최근 1000개 request의 p99 TTFT: 1.1542 초 | 
2025-12-04 22:39:39,011 - INFO - [실시간] 요청 72000개 처리 | 현재까지의 RPS: 735.22최근 1000개 request의 p99 TTFT: 1.2436 초 | 
2025-12-04 22:39:40,284 - INFO - [실시간] 요청 73000개 처리 | 현재까지의 RPS: 735.86최근 1000개 request의 p99 TTFT: 1.4838 초 | 
2025-12-04 22:39:41,629 - INFO - [실시간] 요청 74000개 처리 | 현재까지의 RPS: 735.96최근 1000개 request의 p99 TTFT: 1.2193 초 | 
2025-12-04 22:39:42,974 - INFO - [실시간] 요청 75000개 처리 | 현재까지의 RPS: 736.06최근 1000개 request의 p99 TTFT: 1.1040 초 | 
2025-12-04 22:39:44,230 - INFO - [실시간] 요청 76000개 처리 | 현재까지의 RPS: 736.79최근 1000개 request의 p99 TTFT: 1.1742 초 | 
2025-12-04 22:39:45,511 - INFO - [실시간] 요청 77000개 처리 | 현재까지의 RPS: 737.34최근 1000개 request의 p99 TTFT: 0.9790 초 | 
2025-12-04 22:39:46,801 - INFO - [실시간] 요청 78000개 처리 | 현재까지의 RPS: 737.79최근 1000개 request의 p99 TTFT: 1.0251 초 | 
2025-12-04 22:39:48,091 - INFO - [실시간] 요청 79000개 처리 | 현재까지의 RPS: 738.24최근 1000개 request의 p99 TTFT: 1.3996 초 | 
2025-12-04 22:39:49,453 - INFO - [실시간] 요청 80000개 처리 | 현재까지의 RPS: 738.20최근 1000개 request의 p99 TTFT: 1.3940 초 | 
2025-12-04 22:39:50,732 - INFO - [실시간] 요청 81000개 처리 | 현재까지의 RPS: 738.70최근 1000개 request의 p99 TTFT: 0.7693 초 | 
2025-12-04 22:39:51,999 - INFO - [실시간] 요청 82000개 처리 | 현재까지의 RPS: 739.28최근 1000개 request의 p99 TTFT: 1.0873 초 | 
2025-12-04 22:39:53,284 - INFO - [실시간] 요청 83000개 처리 | 현재까지의 RPS: 739.73최근 1000개 request의 p99 TTFT: 1.0936 초 | 
2025-12-04 22:39:54,511 - INFO - [실시간] 요청 84000개 처리 | 현재까지의 RPS: 740.54최근 1000개 request의 p99 TTFT: 1.2539 초 | 
2025-12-04 22:39:55,899 - INFO - [실시간] 요청 85000개 처리 | 현재까지의 RPS: 740.30최근 1000개 request의 p99 TTFT: 1.1643 초 | 
2025-12-04 22:39:57,244 - INFO - [실시간] 요청 86000개 처리 | 현재까지의 RPS: 740.33최근 1000개 request의 p99 TTFT: 1.0686 초 | 
2025-12-04 22:39:58,550 - INFO - [실시간] 요청 87000개 처리 | 현재까지의 RPS: 740.62최근 1000개 request의 p99 TTFT: 1.3702 초 | 
2025-12-04 22:39:59,852 - INFO - [실시간] 요청 88000개 처리 | 현재까지의 RPS: 740.92최근 1000개 request의 p99 TTFT: 1.4475 초 | 
2025-12-04 22:40:01,166 - INFO - [실시간] 요청 89000개 처리 | 현재까지의 RPS: 741.14최근 1000개 request의 p99 TTFT: 1.4969 초 | 
2025-12-04 22:40:02,567 - INFO - [실시간] 요청 90000개 처리 | 현재까지의 RPS: 740.83최근 1000개 request의 p99 TTFT: 1.3310 초 | 
2025-12-04 22:40:03,775 - INFO - [실시간] 요청 91000개 처리 | 현재까지의 RPS: 741.68최근 1000개 request의 p99 TTFT: 0.9801 초 | 
2025-12-04 22:40:05,088 - INFO - [실시간] 요청 92000개 처리 | 현재까지의 RPS: 741.89최근 1000개 request의 p99 TTFT: 1.0725 초 | 
2025-12-04 22:40:06,325 - INFO - [실시간] 요청 93000개 처리 | 현재까지의 RPS: 742.55최근 1000개 request의 p99 TTFT: 1.4409 초 | 
2025-12-04 22:40:07,629 - INFO - [실시간] 요청 94000개 처리 | 현재까지의 RPS: 742.80최근 1000개 request의 p99 TTFT: 1.6146 초 | 
2025-12-04 22:40:08,932 - INFO - [실시간] 요청 95000개 처리 | 현재까지의 RPS: 743.05최근 1000개 request의 p99 TTFT: 1.6114 초 | 
2025-12-04 22:40:10,246 - INFO - [실시간] 요청 96000개 처리 | 현재까지의 RPS: 743.23최근 1000개 request의 p99 TTFT: 1.8788 초 | 
2025-12-04 22:40:11,516 - INFO - [실시간] 요청 97000개 처리 | 현재까지의 RPS: 743.66최근 1000개 request의 p99 TTFT: 1.8503 초 | 
2025-12-04 22:40:12,761 - INFO - [실시간] 요청 98000개 처리 | 현재까지의 RPS: 744.23최근 1000개 request의 p99 TTFT: 1.2874 초 | 
2025-12-04 22:40:14,042 - INFO - [실시간] 요청 99000개 처리 | 현재까지의 RPS: 744.57최근 1000개 request의 p99 TTFT: 1.6674 초 | 
2025-12-04 22:40:15,336 - INFO - [실시간] 요청 100000개 처리 | 현재까지의 RPS: 744.85최근 1000개 request의 p99 TTFT: 1.6334 초 | 
2025-12-04 22:40:16,586 - INFO - [실시간] 요청 101000개 처리 | 현재까지의 RPS: 745.36최근 1000개 request의 p99 TTFT: 1.2592 초 | 
2025-12-04 22:40:17,905 - INFO - [실시간] 요청 102000개 처리 | 현재까지의 RPS: 745.48최근 1000개 request의 p99 TTFT: 1.1327 초 | 
2025-12-04 22:40:19,277 - INFO - [실시간] 요청 103000개 처리 | 현재까지의 RPS: 745.31최근 1000개 request의 p99 TTFT: 1.4154 초 | 
2025-12-04 22:40:20,589 - INFO - [실시간] 요청 104000개 처리 | 현재까지의 RPS: 745.48최근 1000개 request의 p99 TTFT: 1.1260 초 | 
2025-12-04 22:40:21,876 - INFO - [실시간] 요청 105000개 처리 | 현재까지의 RPS: 745.76최근 1000개 request의 p99 TTFT: 1.1476 초 | 
2025-12-04 22:40:23,153 - INFO - [실시간] 요청 106000개 처리 | 현재까지의 RPS: 746.10최근 1000개 request의 p99 TTFT: 1.4563 초 | 
2025-12-04 22:40:24,421 - INFO - [실시간] 요청 107000개 처리 | 현재까지의 RPS: 746.48최근 1000개 request의 p99 TTFT: 1.4307 초 | 
2025-12-04 22:40:25,754 - INFO - [실시간] 요청 108000개 처리 | 현재까지의 RPS: 746.51최근 1000개 request의 p99 TTFT: 1.3379 초 | 
2025-12-04 22:40:27,151 - INFO - [실시간] 요청 109000개 처리 | 현재까지의 RPS: 746.21최근 1000개 request의 p99 TTFT: 1.1112 초 | 
2025-12-04 22:40:28,406 - INFO - [실시간] 요청 110000개 처리 | 현재까지의 RPS: 746.64최근 1000개 request의 p99 TTFT: 1.4715 초 | 
2025-12-04 22:40:29,733 - INFO - [실시간] 요청 111000개 처리 | 현재까지의 RPS: 746.71최근 1000개 request의 p99 TTFT: 1.5061 초 | 
2025-12-04 22:40:31,032 - INFO - [실시간] 요청 112000개 처리 | 현재까지의 RPS: 746.91최근 1000개 request의 p99 TTFT: 1.5174 초 | 
2025-12-04 22:40:32,446 - INFO - [실시간] 요청 113000개 처리 | 현재까지의 RPS: 746.54최근 1000개 request의 p99 TTFT: 1.6920 초 | 
2025-12-04 22:40:33,618 - INFO - [실시간] 요청 114000개 처리 | 현재까지의 RPS: 747.36최근 1000개 request의 p99 TTFT: 1.5835 초 | 
2025-12-04 22:40:34,945 - INFO - [실시간] 요청 115000개 처리 | 현재까지의 RPS: 747.41최근 1000개 request의 p99 TTFT: 1.1572 초 | 
2025-12-04 22:40:36,245 - INFO - [실시간] 요청 116000개 처리 | 현재까지의 RPS: 747.59최근 1000개 request의 p99 TTFT: 1.4374 초 | 
2025-12-04 22:40:37,514 - INFO - [실시간] 요청 117000개 처리 | 현재까지의 RPS: 747.92최근 1000개 request의 p99 TTFT: 1.9750 초 | 
2025-12-04 22:40:38,763 - INFO - [실시간] 요청 118000개 처리 | 현재까지의 RPS: 748.34최근 1000개 request의 p99 TTFT: 2.0364 초 | 
2025-12-04 22:40:40,062 - INFO - [실시간] 요청 119000개 처리 | 현재까지의 RPS: 748.51최근 1000개 request의 p99 TTFT: 1.4917 초 | 
2025-12-04 22:40:41,537 - INFO - [실시간] 요청 120000개 처리 | 현재까지의 RPS: 747.87최근 1000개 request의 p99 TTFT: 1.6196 초 | 
2025-12-04 22:40:42,782 - INFO - [실시간] 요청 121000개 처리 | 현재까지의 RPS: 748.29최근 1000개 request의 p99 TTFT: 1.5785 초 | 
2025-12-04 22:40:44,084 - INFO - [실시간] 요청 122000개 처리 | 현재까지의 RPS: 748.45최근 1000개 request의 p99 TTFT: 1.3099 초 | 
2025-12-04 22:40:45,361 - INFO - [실시간] 요청 123000개 처리 | 현재까지의 RPS: 748.72최근 1000개 request의 p99 TTFT: 1.2489 초 | 
2025-12-04 22:40:46,632 - INFO - [실시간] 요청 124000개 처리 | 현재까지의 RPS: 749.01최근 1000개 request의 p99 TTFT: 1.4949 초 | 
2025-12-04 22:40:47,956 - INFO - [실시간] 요청 125000개 처리 | 현재까지의 RPS: 749.06최근 1000개 request의 p99 TTFT: 0.8646 초 | 
2025-12-04 22:40:49,389 - INFO - [실시간] 요청 126000개 처리 | 현재까지의 RPS: 748.63최근 1000개 request의 p99 TTFT: 0.7849 초 | 
2025-12-04 22:40:50,614 - INFO - [실시간] 요청 127000개 처리 | 현재까지의 RPS: 749.12최근 1000개 request의 p99 TTFT: 1.5089 초 | 
2025-12-04 22:40:51,910 - INFO - [실시간] 요청 128000개 처리 | 현재까지의 RPS: 749.29최근 1000개 request의 p99 TTFT: 1.5423 초 | 
2025-12-04 22:40:53,162 - INFO - [실시간] 요청 129000개 처리 | 현재까지의 RPS: 749.64최근 1000개 request의 p99 TTFT: 0.9724 초 | 
2025-12-04 22:40:54,441 - INFO - [실시간] 요청 130000개 처리 | 현재까지의 RPS: 749.88최근 1000개 request의 p99 TTFT: 0.7598 초 | 
2025-12-04 22:40:55,825 - INFO - [실시간] 요청 131000개 처리 | 현재까지의 RPS: 749.66최근 1000개 request의 p99 TTFT: 0.6592 초 | 
2025-12-04 22:40:57,170 - INFO - [실시간] 요청 132000개 처리 | 현재까지의 RPS: 749.62최근 1000개 request의 p99 TTFT: 0.8441 초 | 
2025-12-04 22:40:58,454 - INFO - [실시간] 요청 133000개 처리 | 현재까지의 RPS: 749.83최근 1000개 request의 p99 TTFT: 1.1639 초 | 
2025-12-04 22:40:59,734 - INFO - [실시간] 요청 134000개 처리 | 현재까지의 RPS: 750.06최근 1000개 request의 p99 TTFT: 1.2550 초 | 
2025-12-04 22:41:00,997 - INFO - [실시간] 요청 135000개 처리 | 현재까지의 RPS: 750.35최근 1000개 request의 p99 TTFT: 1.4126 초 | 
2025-12-04 22:41:02,321 - INFO - [실시간] 요청 136000개 처리 | 현재까지의 RPS: 750.39최근 1000개 request의 p99 TTFT: 1.2162 초 | 
2025-12-04 22:41:03,674 - INFO - [실시간] 요청 137000개 처리 | 현재까지의 RPS: 750.30최근 1000개 request의 p99 TTFT: 0.8792 초 | 
2025-12-04 22:41:05,002 - INFO - [실시간] 요청 138000개 처리 | 현재까지의 RPS: 750.32최근 1000개 request의 p99 TTFT: 0.9837 초 | 
2025-12-04 22:41:06,233 - INFO - [실시간] 요청 139000개 처리 | 현재까지의 RPS: 750.73최근 1000개 request의 p99 TTFT: 1.6434 초 | 
2025-12-04 22:41:07,471 - INFO - [실시간] 요청 140000개 처리 | 현재까지의 RPS: 751.11최근 1000개 request의 p99 TTFT: 1.8734 초 | 
2025-12-04 22:41:08,742 - INFO - [실시간] 요청 141000개 처리 | 현재까지의 RPS: 751.35최근 1000개 request의 p99 TTFT: 1.6961 초 | 
2025-12-04 22:41:10,097 - INFO - [실시간] 요청 142000개 처리 | 현재까지의 RPS: 751.26최근 1000개 request의 p99 TTFT: 1.5980 초 | 
2025-12-04 22:41:11,414 - INFO - [실시간] 요청 143000개 처리 | 현재까지의 RPS: 751.31최근 1000개 request의 p99 TTFT: 1.5105 초 | 
2025-12-04 22:41:12,670 - INFO - [실시간] 요청 144000개 처리 | 현재까지의 RPS: 751.61최근 1000개 request의 p99 TTFT: 1.4490 초 | 
2025-12-04 22:41:13,986 - INFO - [실시간] 요청 145000개 처리 | 현재까지의 RPS: 751.66최근 1000개 request의 p99 TTFT: 1.0987 초 | 
2025-12-04 22:41:15,261 - INFO - [실시간] 요청 146000개 처리 | 현재까지의 RPS: 751.88최근 1000개 request의 p99 TTFT: 0.7672 초 | 
2025-12-04 22:41:16,517 - INFO - [실시간] 요청 147000개 처리 | 현재까지의 RPS: 752.16최근 1000개 request의 p99 TTFT: 0.6732 초 | 
2025-12-04 22:41:17,801 - INFO - [실시간] 요청 148000개 처리 | 현재까지의 RPS: 752.33최근 1000개 request의 p99 TTFT: 0.6627 초 | 
2025-12-04 22:41:19,258 - INFO - [실시간] 요청 149000개 처리 | 현재까지의 RPS: 751.85최근 1000개 request의 p99 TTFT: 0.5209 초 | 
2025-12-04 22:41:20,595 - INFO - [실시간] 요청 150000개 처리 | 현재까지의 RPS: 751.82최근 1000개 request의 p99 TTFT: 0.7521 초 | 
2025-12-04 22:41:21,864 - INFO - [실시간] 요청 151000개 처리 | 현재까지의 RPS: 752.06최근 1000개 request의 p99 TTFT: 0.9642 초 | 
2025-12-04 22:41:23,133 - INFO - [실시간] 요청 152000개 처리 | 현재까지의 RPS: 752.28최근 1000개 request의 p99 TTFT: 0.9844 초 | 
2025-12-04 22:41:24,414 - INFO - [실시간] 요청 153000개 처리 | 현재까지의 RPS: 752.46최근 1000개 request의 p99 TTFT: 0.7198 초 | 
2025-12-04 22:41:25,765 - INFO - [실시간] 요청 154000개 처리 | 현재까지의 RPS: 752.38최근 1000개 request의 p99 TTFT: 0.5994 초 | 
2025-12-04 22:41:27,110 - INFO - [실시간] 요청 155000개 처리 | 현재까지의 RPS: 752.32최근 1000개 request의 p99 TTFT: 1.0691 초 | 
2025-12-04 22:41:28,402 - INFO - [실시간] 요청 156000개 처리 | 현재까지의 RPS: 752.46최근 1000개 request의 p99 TTFT: 1.3918 초 | 
2025-12-04 22:41:29,693 - INFO - [실시간] 요청 157000개 처리 | 현재까지의 RPS: 752.59최근 1000개 request의 p99 TTFT: 1.4322 초 | 
2025-12-04 22:41:30,958 - INFO - [실시간] 요청 158000개 처리 | 현재까지의 RPS: 752.82최근 1000개 request의 p99 TTFT: 1.3353 초 | 
2025-12-04 22:41:32,275 - INFO - [실시간] 요청 159000개 처리 | 현재까지의 RPS: 752.86최근 1000개 request의 p99 TTFT: 1.6621 초 | 
2025-12-04 22:41:33,544 - INFO - [실시간] 요청 160000개 처리 | 현재까지의 RPS: 753.07최근 1000개 request의 p99 TTFT: 1.7499 초 | 
2025-12-04 22:41:34,852 - INFO - [실시간] 요청 161000개 처리 | 현재까지의 RPS: 753.14최근 1000개 request의 p99 TTFT: 1.6282 초 | 
2025-12-04 22:41:36,149 - INFO - [실시간] 요청 162000개 처리 | 현재까지의 RPS: 753.25최근 1000개 request의 p99 TTFT: 1.2706 초 | 
2025-12-04 22:41:37,447 - INFO - [실시간] 요청 163000개 처리 | 현재까지의 RPS: 753.35최근 1000개 request의 p99 TTFT: 1.4515 초 | 
2025-12-04 22:41:38,702 - INFO - [실시간] 요청 164000개 처리 | 현재까지의 RPS: 753.60최근 1000개 request의 p99 TTFT: 1.4177 초 | 
2025-12-04 22:41:39,988 - INFO - [실시간] 요청 165000개 처리 | 현재까지의 RPS: 753.74최근 1000개 request의 p99 TTFT: 1.3603 초 | 
2025-12-04 22:41:41,289 - INFO - [실시간] 요청 166000개 처리 | 현재까지의 RPS: 753.83최근 1000개 request의 p99 TTFT: 0.7926 초 | 
2025-12-04 22:41:42,715 - INFO - [실시간] 요청 167000개 처리 | 현재까지의 RPS: 753.49최근 1000개 request의 p99 TTFT: 0.9867 초 | 
2025-12-04 22:41:43,973 - INFO - [실시간] 요청 168000개 처리 | 현재까지의 RPS: 753.72최근 1000개 request의 p99 TTFT: 1.1454 초 | 
2025-12-04 22:41:45,221 - INFO - [실시간] 요청 169000개 처리 | 현재까지의 RPS: 753.99최근 1000개 request의 p99 TTFT: 1.2589 초 | 
2025-12-04 22:41:46,528 - INFO - [실시간] 요청 170000개 처리 | 현재까지의 RPS: 754.06최근 1000개 request의 p99 TTFT: 1.1517 초 | 
2025-12-04 22:41:47,828 - INFO - [실시간] 요청 171000개 처리 | 현재까지의 RPS: 754.14최근 1000개 request의 p99 TTFT: 0.9261 초 | 
2025-12-04 22:41:49,117 - INFO - [실시간] 요청 172000개 처리 | 현재까지의 RPS: 754.26최근 1000개 request의 p99 TTFT: 1.1465 초 | 
2025-12-04 22:41:50,447 - INFO - [실시간] 요청 173000개 처리 | 현재까지의 RPS: 754.25최근 1000개 request의 p99 TTFT: 1.0139 초 | 
2025-12-04 22:41:51,800 - INFO - [실시간] 요청 174000개 처리 | 현재까지의 RPS: 754.16최근 1000개 request의 p99 TTFT: 0.9554 초 | 
2025-12-04 22:41:53,030 - INFO - [실시간] 요청 175000개 처리 | 현재까지의 RPS: 754.48최근 1000개 request의 p99 TTFT: 1.2426 초 | 
2025-12-04 22:41:54,324 - INFO - [실시간] 요청 176000개 처리 | 현재까지의 RPS: 754.58최근 1000개 request의 p99 TTFT: 1.3355 초 | 
2025-12-04 22:41:55,576 - INFO - [실시간] 요청 177000개 처리 | 현재까지의 RPS: 754.81최근 1000개 request의 p99 TTFT: 0.7532 초 | 
2025-12-04 22:41:56,891 - INFO - [실시간] 요청 178000개 처리 | 현재까지의 RPS: 754.84최근 1000개 request의 p99 TTFT: 0.7726 초 | 
2025-12-04 22:41:58,214 - INFO - [실시간] 요청 179000개 처리 | 현재까지의 RPS: 754.85최근 1000개 request의 p99 TTFT: 0.9170 초 | 
2025-12-04 22:41:59,539 - INFO - [실시간] 요청 180000개 처리 | 현재까지의 RPS: 754.85최근 1000개 request의 p99 TTFT: 1.2088 초 | 
2025-12-04 22:42:00,809 - INFO - [실시간] 요청 181000개 처리 | 현재까지의 RPS: 755.02최근 1000개 request의 p99 TTFT: 1.2888 초 | 
2025-12-04 22:42:02,091 - INFO - [실시간] 요청 182000개 처리 | 현재까지의 RPS: 755.15최근 1000개 request의 p99 TTFT: 0.9992 초 | 
2025-12-04 22:42:03,375 - INFO - [실시간] 요청 183000개 처리 | 현재까지의 RPS: 755.28최근 1000개 request의 p99 TTFT: 0.5969 초 | 
2025-12-04 22:42:04,756 - INFO - [실시간] 요청 184000개 처리 | 현재까지의 RPS: 755.10최근 1000개 request의 p99 TTFT: 0.5508 초 | 
2025-12-04 22:42:06,135 - INFO - [실시간] 요청 185000개 처리 | 현재까지의 RPS: 754.93최근 1000개 request의 p99 TTFT: 1.1894 초 | 
2025-12-04 22:42:07,436 - INFO - [실시간] 요청 186000개 처리 | 현재까지의 RPS: 755.01최근 1000개 request의 p99 TTFT: 1.5822 초 | 
2025-12-04 22:42:08,671 - INFO - [실시간] 요청 187000개 처리 | 현재까지의 RPS: 755.28최근 1000개 request의 p99 TTFT: 1.5888 초 | 
2025-12-04 22:42:09,972 - INFO - [실시간] 요청 188000개 처리 | 현재까지의 RPS: 755.35최근 1000개 request의 p99 TTFT: 1.2620 초 | 
2025-12-04 22:42:11,211 - INFO - [실시간] 요청 189000개 처리 | 현재까지의 RPS: 755.60최근 1000개 request의 p99 TTFT: 1.4740 초 | 
2025-12-04 22:42:12,598 - INFO - [실시간] 요청 190000개 처리 | 현재까지의 RPS: 755.42최근 1000개 request의 p99 TTFT: 1.4225 초 | 
2025-12-04 22:42:13,876 - INFO - [실시간] 요청 191000개 처리 | 현재까지의 RPS: 755.55최근 1000개 request의 p99 TTFT: 1.0465 초 | 
2025-12-04 22:42:15,152 - INFO - [실시간] 요청 192000개 처리 | 현재까지의 RPS: 755.69최근 1000개 request의 p99 TTFT: 1.1472 초 | 
2025-12-04 22:42:16,428 - INFO - [실시간] 요청 193000개 처리 | 현재까지의 RPS: 755.83최근 1000개 request의 p99 TTFT: 1.2439 초 | 
2025-12-04 22:42:17,744 - INFO - [실시간] 요청 194000개 처리 | 현재까지의 RPS: 755.85최근 1000개 request의 p99 TTFT: 1.2460 초 | 
2025-12-04 22:42:19,113 - INFO - [실시간] 요청 195000개 처리 | 현재까지의 RPS: 755.72최근 1000개 request의 p99 TTFT: 0.9303 초 | 
2025-12-04 22:42:20,481 - INFO - [실시간] 요청 196000개 처리 | 현재까지의 RPS: 755.59최근 1000개 request의 p99 TTFT: 1.0010 초 | 
2025-12-04 22:42:21,700 - INFO - [실시간] 요청 197000개 처리 | 현재까지의 RPS: 755.89최근 1000개 request의 p99 TTFT: 1.5235 초 | 
2025-12-04 22:42:23,034 - INFO - [실시간] 요청 198000개 처리 | 현재까지의 RPS: 755.86최근 1000개 request의 p99 TTFT: 1.6413 초 | 
2025-12-04 22:42:24,311 - INFO - [실시간] 요청 199000개 처리 | 현재까지의 RPS: 755.99최근 1000개 request의 p99 TTFT: 1.3294 초 | 
2025-12-04 22:42:25,600 - INFO - [실시간] 요청 200000개 처리 | 현재까지의 RPS: 756.09최근 1000개 request의 p99 TTFT: 1.4573 초 | 
2025-12-04 22:42:27,015 - INFO - [실시간] 요청 201000개 처리 | 현재까지의 RPS: 755.82최근 1000개 request의 p99 TTFT: 0.9401 초 | 
2025-12-04 22:42:28,262 - INFO - [실시간] 요청 202000개 처리 | 현재까지의 RPS: 756.04최근 1000개 request의 p99 TTFT: 1.2033 초 | 
2025-12-04 22:42:29,557 - INFO - [실시간] 요청 203000개 처리 | 현재까지의 RPS: 756.12최근 1000개 request의 p99 TTFT: 1.2317 초 | 
2025-12-04 22:42:30,861 - INFO - [실시간] 요청 204000개 처리 | 현재까지의 RPS: 756.17최근 1000개 request의 p99 TTFT: 1.1426 초 | 
2025-12-04 22:42:32,110 - INFO - [실시간] 요청 205000개 처리 | 현재까지의 RPS: 756.38최근 1000개 request의 p99 TTFT: 1.0574 초 | 
2025-12-04 22:42:33,419 - INFO - [실시간] 요청 206000개 처리 | 현재까지의 RPS: 756.41최근 1000개 request의 p99 TTFT: 1.0157 초 | 
2025-12-04 22:42:34,750 - INFO - [실시간] 요청 207000개 처리 | 현재까지의 RPS: 756.39최근 1000개 request의 p99 TTFT: 0.8525 초 | 
2025-12-04 22:42:36,048 - INFO - [실시간] 요청 208000개 처리 | 현재까지의 RPS: 756.45최근 1000개 request의 p99 TTFT: 1.0555 초 | 
2025-12-04 22:42:37,323 - INFO - [실시간] 요청 209000개 처리 | 현재까지의 RPS: 756.58최근 1000개 request의 p99 TTFT: 1.1477 초 | 
2025-12-04 22:42:38,589 - INFO - [실시간] 요청 210000개 처리 | 현재까지의 RPS: 756.73최근 1000개 request의 p99 TTFT: 1.1531 초 | 
2025-12-04 22:42:39,871 - INFO - [실시간] 요청 211000개 처리 | 현재까지의 RPS: 756.84최근 1000개 request의 p99 TTFT: 0.6805 초 | 
2025-12-04 22:42:41,304 - INFO - [실시간] 요청 212000개 처리 | 현재까지의 RPS: 756.54최근 1000개 request의 p99 TTFT: 0.5488 초 | 
2025-12-04 22:42:42,683 - INFO - [실시간] 요청 213000개 처리 | 현재까지의 RPS: 756.38최근 1000개 request의 p99 TTFT: 1.2685 초 | 
2025-12-04 22:42:43,892 - INFO - [실시간] 요청 214000개 처리 | 현재까지의 RPS: 756.69최근 1000개 request의 p99 TTFT: 1.4117 초 | 
2025-12-04 22:42:45,239 - INFO - [실시간] 요청 215000개 처리 | 현재까지의 RPS: 756.62최근 1000개 request의 p99 TTFT: 1.1560 초 | 
2025-12-04 22:42:46,498 - INFO - [실시간] 요청 216000개 처리 | 현재까지의 RPS: 756.79최근 1000개 request의 p99 TTFT: 1.0820 초 | 
2025-12-04 22:42:47,921 - INFO - [실시간] 요청 217000개 처리 | 현재까지의 RPS: 756.52최근 1000개 request의 p99 TTFT: 0.9911 초 | 
2025-12-04 22:42:49,185 - INFO - [실시간] 요청 218000개 처리 | 현재까지의 RPS: 756.67최근 1000개 request의 p99 TTFT: 1.0405 초 | 
2025-12-04 22:42:50,485 - INFO - [실시간] 요청 219000개 처리 | 현재까지의 RPS: 756.73최근 1000개 request의 p99 TTFT: 1.0041 초 | 
2025-12-04 22:42:51,798 - INFO - [실시간] 요청 220000개 처리 | 현재까지의 RPS: 756.75최근 1000개 request의 p99 TTFT: 1.1928 초 | 
2025-12-04 22:42:53,072 - INFO - [실시간] 요청 221000개 처리 | 현재까지의 RPS: 756.87최근 1000개 request의 p99 TTFT: 1.4014 초 | 
2025-12-04 22:42:54,320 - INFO - [실시간] 요청 222000개 처리 | 현재까지의 RPS: 757.06최근 1000개 request의 p99 TTFT: 1.2788 초 | 
2025-12-04 22:42:55,602 - INFO - [실시간] 요청 223000개 처리 | 현재까지의 RPS: 757.16최근 1000개 request의 p99 TTFT: 0.7922 초 | 
2025-12-04 22:42:57,070 - INFO - [실시간] 요청 224000개 처리 | 현재까지의 RPS: 756.78최근 1000개 request의 p99 TTFT: 1.0029 초 | 
2025-12-04 22:42:58,326 - INFO - [실시간] 요청 225000개 처리 | 현재까지의 RPS: 756.95최근 1000개 request의 p99 TTFT: 1.2161 초 | 
2025-12-04 22:42:59,593 - INFO - [실시간] 요청 226000개 처리 | 현재까지의 RPS: 757.09최근 1000개 request의 p99 TTFT: 1.1276 초 | 
2025-12-04 22:43:00,888 - INFO - [실시간] 요청 227000개 처리 | 현재까지의 RPS: 757.15최근 1000개 request의 p99 TTFT: 0.7383 초 | 
2025-12-04 22:43:02,157 - INFO - [실시간] 요청 228000개 처리 | 현재까지의 RPS: 757.28최근 1000개 request의 p99 TTFT: 1.0562 초 | 
2025-12-04 22:43:03,504 - INFO - [실시간] 요청 229000개 처리 | 현재까지의 RPS: 757.22최근 1000개 request의 p99 TTFT: 1.1043 초 | 
2025-12-04 22:43:04,967 - INFO - [실시간] 요청 230000개 처리 | 현재까지의 RPS: 756.86최근 1000개 request의 p99 TTFT: 0.8711 초 | 
2025-12-04 22:43:06,263 - INFO - [실시간] 요청 231000개 처리 | 현재까지의 RPS: 756.92최근 1000개 request의 p99 TTFT: 1.0301 초 | 
2025-12-04 22:43:07,506 - INFO - [실시간] 요청 232000개 처리 | 현재까지의 RPS: 757.12최근 1000개 request의 p99 TTFT: 1.0439 초 | 
2025-12-04 22:43:08,855 - INFO - [실시간] 요청 233000개 처리 | 현재까지의 RPS: 757.05최근 1000개 request의 p99 TTFT: 1.0064 초 | 
2025-12-04 22:43:10,227 - INFO - [실시간] 요청 234000개 처리 | 현재까지의 RPS: 756.92최근 1000개 request의 p99 TTFT: 0.8658 초 | 
2025-12-04 22:43:11,566 - INFO - [실시간] 요청 235000개 처리 | 현재까지의 RPS: 756.88최근 1000개 request의 p99 TTFT: 1.0286 초 | 
2025-12-04 22:43:12,811 - INFO - [실시간] 요청 236000개 처리 | 현재까지의 RPS: 757.06최근 1000개 request의 p99 TTFT: 1.3610 초 | 
2025-12-04 22:43:14,092 - INFO - [실시간] 요청 237000개 처리 | 현재까지의 RPS: 757.16최근 1000개 request의 p99 TTFT: 1.7224 초 | 
2025-12-04 22:43:15,369 - INFO - [실시간] 요청 238000개 처리 | 현재까지의 RPS: 757.27최근 1000개 request의 p99 TTFT: 1.9458 초 | 
2025-12-04 22:43:16,647 - INFO - [실시간] 요청 239000개 처리 | 현재까지의 RPS: 757.37최근 1000개 request의 p99 TTFT: 1.9148 초 | 
2025-12-04 22:43:17,971 - INFO - [실시간] 요청 240000개 처리 | 현재까지의 RPS: 757.36최근 1000개 request의 p99 TTFT: 1.7799 초 | 
2025-12-04 22:43:19,320 - INFO - [실시간] 요청 241000개 처리 | 현재까지의 RPS: 757.29최근 1000개 request의 p99 TTFT: 1.3670 초 | 
2025-12-04 22:43:20,575 - INFO - [실시간] 요청 242000개 처리 | 현재까지의 RPS: 757.45최근 1000개 request의 p99 TTFT: 1.1732 초 | 
2025-12-04 22:43:21,835 - INFO - [실시간] 요청 243000개 처리 | 현재까지의 RPS: 757.59최근 1000개 request의 p99 TTFT: 1.2060 초 | 
2025-12-04 22:43:23,177 - INFO - [실시간] 요청 244000개 처리 | 현재까지의 RPS: 757.54최근 1000개 request의 p99 TTFT: 1.2739 초 | 
2025-12-04 22:43:24,669 - INFO - [실시간] 요청 245000개 처리 | 현재까지의 RPS: 757.13최근 1000개 request의 p99 TTFT: 1.2155 초 | 
2025-12-04 22:43:25,826 - INFO - [실시간] 요청 246000개 처리 | 현재까지의 RPS: 757.52최근 1000개 request의 p99 TTFT: 1.5250 초 | 
2025-12-04 22:43:27,121 - INFO - [실시간] 요청 247000개 처리 | 현재까지의 RPS: 757.57최근 1000개 request의 p99 TTFT: 1.3498 초 | 
2025-12-04 22:43:28,391 - INFO - [실시간] 요청 248000개 처리 | 현재까지의 RPS: 757.69최근 1000개 request의 p99 TTFT: 1.0503 초 | 
2025-12-04 22:43:29,672 - INFO - [실시간] 요청 249000개 처리 | 현재까지의 RPS: 757.78최근 1000개 request의 p99 TTFT: 1.0644 초 | 
2025-12-04 22:43:30,898 - INFO - [실시간] 요청 250000개 처리 | 현재까지의 RPS: 757.99최근 1000개 request의 p99 TTFT: 1.3980 초 | 
통계에 반영된 요청 인덱스 범위: 5000 ~ 250938 (총 245938개 요청)
statistics_end_time이 설정되지 않았습니다.
통계 반영된 요청 수: 245938, 통계 반영된 시간: 351.72 초

==================================================
 실험 최종 결과 요약
==================================================
 설정 실험 시간: 330 초
 Clients 수: 8500
 통계 반영 시간: 351.72 초
 총 시도된 요청: 245938 개
 총 완료된 요청: 245938 개
 총 실패한 요청: 0 개
 완료 요청 중 retrieval이 실패한 요청: -5000 개
 요청 성공률: 100.00%
 전체 Requests Per Second (RPS): 699.25
--------------------------------------------------
 Time to First Token (TTFT) Latency:
  - 평균 (Mean): 0.3783 초
  - 중간값 (50%ile): 0.2953 초
  - 최소값 (Min): 0.0219 초
  - 최대값 (Max): 5.4747 초
  - 95%ile Tail: 0.9982 초
  - 99%ile Tail: 1.5647 초
--------------------------------------------------
 Time Per Output Token (TPOT):
  - 평균 (Mean): 16.93 ms/token
--------------------------------------------------
 Embedding Latency:
  - 총 샘플 수: 245919
  - 평균 (Mean): 7.89 ms
  - 중간값 (50%ile): 6.00 ms
  - 95%ile Tail: 18.00 ms
  - 99%ile Tail: 42.00 ms
--------------------------------------------------
 VectorDB Search Latency:
  - 총 샘플 수: 245919
  - 평균 (Mean): 277.60 ms
  - 중간값 (50%ile): 204.00 ms
  - 95%ile Tail: 840.00 ms
  - 99%ile Tail: 1405.82 ms
--------------------------------------------------
 Document Search Latency:
  - 총 샘플 수: 245919
  - 평균 (Mean): 21.66 ms
  - 중간값 (50%ile): 11.00 ms
  - 95%ile Tail: 70.00 ms
  - 99%ile Tail: 139.00 ms
--------------------------------------------------
 Total Retrieval Latency:
  - 총 샘플 수: 245938
  - 평균 (Mean): 307.15 ms
  - 중간값 (50%ile): 224.00 ms
  - 95%ile Tail: 919.00 ms
  - 99%ile Tail: 1479.00 ms
==================================================
