2025-11-20 18:53:47,097 - INFO - ReqGen 시작: 서버=163.152.48.109:9000, 클라이언트=7900, 시간=330초
2025-11-20 18:53:47,097 - INFO - Hugging Face에서 'kroshan/BioASQ' 데이터셋을 로드합니다...
2025-11-20 18:53:52,717 - INFO - 3266개의 질문을 로드했습니다.
2025-11-20 18:53:52,718 - INFO - 부하 테스트 시작, client 수 = 7900
2025-11-20 18:53:52,718 - INFO - Zipf 값 1.2에서 상위 20%의 질문이 차지하는 비율: 91.82%
2025-11-20 18:53:57,491 - INFO - [실시간] 요청 1000개 처리 | 현재까지의 RPS: 209.52최근 1000개 request의 p99 TTFT: 0.2210 초 | 
2025-11-20 18:54:00,264 - INFO - [실시간] 요청 2000개 처리 | 현재까지의 RPS: 265.04최근 1000개 request의 p99 TTFT: 0.1969 초 | 
2025-11-20 18:54:02,540 - INFO - [실시간] 요청 3000개 처리 | 현재까지의 RPS: 305.45최근 1000개 request의 p99 TTFT: 0.3011 초 | 
2025-11-20 18:54:04,675 - INFO - [실시간] 요청 4000개 처리 | 현재까지의 RPS: 334.52최근 1000개 request의 p99 TTFT: 0.2302 초 | 
2025-11-20 18:54:06,664 - INFO - [실시간] 요청 5000개 처리 | 현재까지의 RPS: 358.53최근 1000개 request의 p99 TTFT: 0.6756 초 | 
2025-11-20 18:54:08,561 - INFO - [실시간] 요청 6000개 처리 | 현재까지의 RPS: 378.72최근 1000개 request의 p99 TTFT: 0.3748 초 | 
2025-11-20 18:54:10,311 - INFO - [실시간] 요청 7000개 처리 | 현재까지의 RPS: 397.89최근 1000개 request의 p99 TTFT: 0.6394 초 | 
2025-11-20 18:54:12,065 - INFO - [실시간] 요청 8000개 처리 | 현재까지의 RPS: 413.50최근 1000개 request의 p99 TTFT: 0.6101 초 | 
2025-11-20 18:54:13,637 - INFO - [실시간] 요청 9000개 처리 | 현재까지의 RPS: 430.23최근 1000개 request의 p99 TTFT: 0.6827 초 | 
2025-11-20 18:54:15,850 - INFO - [실시간] 요청 10000개 처리 | 현재까지의 RPS: 432.30최근 1000개 request의 p99 TTFT: 0.3663 초 | 
2025-11-20 18:54:17,943 - INFO - [실시간] 요청 11000개 처리 | 현재까지의 RPS: 436.08최근 1000개 request의 p99 TTFT: 0.2594 초 | 
2025-11-20 18:54:20,141 - INFO - [실시간] 요청 12000개 처리 | 현재까지의 RPS: 437.59최근 1000개 request의 p99 TTFT: 0.4837 초 | 
2025-11-20 18:54:21,992 - INFO - [실시간] 요청 13000개 처리 | 현재까지의 RPS: 444.08최근 1000개 request의 p99 TTFT: 0.4930 초 | 
2025-11-20 18:54:24,010 - INFO - [실시간] 요청 14000개 처리 | 현재까지의 RPS: 447.39최근 1000개 request의 p99 TTFT: 0.3741 초 | 
2025-11-20 18:54:26,001 - INFO - [실시간] 요청 15000개 처리 | 현재까지의 RPS: 450.67최근 1000개 request의 p99 TTFT: 0.1946 초 | 
2025-11-20 18:54:27,884 - INFO - [실시간] 요청 16000개 처리 | 현재까지의 RPS: 454.99최근 1000개 request의 p99 TTFT: 0.1896 초 | 
2025-11-20 18:54:29,804 - INFO - [실시간] 요청 17000개 처리 | 현재까지의 RPS: 458.40최근 1000개 request의 p99 TTFT: 0.3856 초 | 
2025-11-20 18:54:32,013 - INFO - [실시간] 요청 18000개 처리 | 현재까지의 RPS: 458.07최근 1000개 request의 p99 TTFT: 0.8276 초 | 
2025-11-20 18:54:33,846 - INFO - [실시간] 요청 19000개 처리 | 현재까지의 RPS: 461.97최근 1000개 request의 p99 TTFT: 0.9260 초 | 
2025-11-20 18:54:35,945 - INFO - [실시간] 요청 20000개 처리 | 현재까지의 RPS: 462.68최근 1000개 request의 p99 TTFT: 0.2146 초 | 
2025-11-20 18:54:37,899 - INFO - [실시간] 요청 21000개 처리 | 현재까지의 RPS: 464.80최근 1000개 request의 p99 TTFT: 0.4194 초 | 
2025-11-20 18:54:39,958 - INFO - [실시간] 요청 22000개 처리 | 현재까지의 RPS: 465.71최근 1000개 request의 p99 TTFT: 0.4415 초 | 
2025-11-20 18:54:41,921 - INFO - [실시간] 요청 23000개 처리 | 현재까지의 RPS: 467.45최근 1000개 request의 p99 TTFT: 0.5062 초 | 
2025-11-20 18:54:44,000 - INFO - [실시간] 요청 24000개 처리 | 현재까지의 RPS: 468.00최근 1000개 request의 p99 TTFT: 0.6038 초 | 
2025-11-20 18:54:45,806 - INFO - [실시간] 요청 25000개 처리 | 현재까지의 RPS: 470.92최근 1000개 request의 p99 TTFT: 0.4746 초 | 
2025-11-20 18:54:47,829 - INFO - [실시간] 요청 26000개 처리 | 현재까지의 RPS: 471.78최근 1000개 request의 p99 TTFT: 0.2950 초 | 
2025-11-20 18:54:49,783 - INFO - [실시간] 요청 27000개 처리 | 현재까지의 RPS: 473.14최근 1000개 request의 p99 TTFT: 0.2429 초 | 
2025-11-20 18:54:51,799 - INFO - [실시간] 요청 28000개 처리 | 현재까지의 RPS: 473.92최근 1000개 request의 p99 TTFT: 0.2031 초 | 
2025-11-20 18:54:53,922 - INFO - [실시간] 요청 29000개 처리 | 현재까지의 RPS: 473.83최근 1000개 request의 p99 TTFT: 0.4946 초 | 
2025-11-20 18:54:55,659 - INFO - [실시간] 요청 30000개 처리 | 현재까지의 RPS: 476.64최근 1000개 request의 p99 TTFT: 0.7782 초 | 
2025-11-20 18:54:57,269 - INFO - [실시간] 요청 31000개 처리 | 현재까지의 RPS: 480.24최근 1000개 request의 p99 TTFT: 0.3558 초 | 
2025-11-20 18:54:58,974 - INFO - [실시간] 요청 32000개 처리 | 현재까지의 RPS: 482.98최근 1000개 request의 p99 TTFT: 0.2289 초 | 
2025-11-20 18:55:00,692 - INFO - [실시간] 요청 33000개 처리 | 현재까지의 RPS: 485.48최근 1000개 request의 p99 TTFT: 0.4180 초 | 
2025-11-20 18:55:02,591 - INFO - [실시간] 요청 34000개 처리 | 현재까지의 RPS: 486.60최근 1000개 request의 p99 TTFT: 0.6337 초 | 
2025-11-20 18:55:04,210 - INFO - [실시간] 요청 35000개 처리 | 현재까지의 RPS: 489.56최근 1000개 request의 p99 TTFT: 0.8391 초 | 
2025-11-20 18:55:05,802 - INFO - [실시간] 요청 36000개 처리 | 현재까지의 RPS: 492.59최근 1000개 request의 p99 TTFT: 0.2211 초 | 
2025-11-20 18:55:07,440 - INFO - [실시간] 요청 37000개 처리 | 현재까지의 RPS: 495.17최근 1000개 request의 p99 TTFT: 0.2210 초 | 
2025-11-20 18:55:09,076 - INFO - [실시간] 요청 38000개 처리 | 현재까지의 RPS: 497.66최근 1000개 request의 p99 TTFT: 0.5695 초 | 
2025-11-20 18:55:10,806 - INFO - [실시간] 요청 39000개 처리 | 현재까지의 RPS: 499.43최근 1000개 request의 p99 TTFT: 0.5434 초 | 
2025-11-20 18:55:12,374 - INFO - [실시간] 요청 40000개 처리 | 현재까지의 RPS: 502.16최근 1000개 request의 p99 TTFT: 0.7987 초 | 
2025-11-20 18:55:13,896 - INFO - [실시간] 요청 41000개 처리 | 현재까지의 RPS: 505.07최근 1000개 request의 p99 TTFT: 0.4678 초 | 
2025-11-20 18:55:15,517 - INFO - [실시간] 요청 42000개 처리 | 현재까지의 RPS: 507.25최근 1000개 request의 p99 TTFT: 0.4445 초 | 
2025-11-20 18:55:17,265 - INFO - [실시간] 요청 43000개 처리 | 현재까지의 RPS: 508.59최근 1000개 request의 p99 TTFT: 0.3729 초 | 
2025-11-20 18:55:19,004 - INFO - [실시간] 요청 44000개 처리 | 현재까지의 RPS: 509.93최근 1000개 request의 p99 TTFT: 0.6899 초 | 
2025-11-20 18:55:20,576 - INFO - [실시간] 요청 45000개 처리 | 현재까지의 RPS: 512.19최근 1000개 request의 p99 TTFT: 0.6390 초 | 
2025-11-20 18:55:22,250 - INFO - [실시간] 요청 46000개 처리 | 현재까지의 RPS: 513.78최근 1000개 request의 p99 TTFT: 0.4514 초 | 
2025-11-20 18:55:23,925 - INFO - [실시간] 요청 47000개 처리 | 현재까지의 RPS: 515.31최근 1000개 request의 p99 TTFT: 0.2181 초 | 
2025-11-20 18:55:25,593 - INFO - [실시간] 요청 48000개 처리 | 현재까지의 RPS: 516.82최근 1000개 request의 p99 TTFT: 0.3780 초 | 
2025-11-20 18:55:27,273 - INFO - [실시간] 요청 49000개 처리 | 현재까지의 RPS: 518.22최근 1000개 request의 p99 TTFT: 0.4732 초 | 
2025-11-20 18:55:28,781 - INFO - [실시간] 요청 50000개 처리 | 현재까지의 RPS: 520.49최근 1000개 request의 p99 TTFT: 0.6412 초 | 
2025-11-20 18:55:30,477 - INFO - [실시간] 요청 51000개 처리 | 현재까지의 RPS: 521.69최근 1000개 request의 p99 TTFT: 0.3130 초 | 
2025-11-20 18:55:32,137 - INFO - [실시간] 요청 52000개 처리 | 현재까지의 RPS: 523.04최근 1000개 request의 p99 TTFT: 0.4676 초 | 
2025-11-20 18:55:33,658 - INFO - [실시간] 요청 53000개 처리 | 현재까지의 RPS: 525.06최근 1000개 request의 p99 TTFT: 0.3771 초 | 
2025-11-20 18:55:35,272 - INFO - [실시간] 요청 54000개 처리 | 현재까지의 RPS: 526.55최근 1000개 request의 p99 TTFT: 0.2702 초 | 
2025-11-20 18:55:37,179 - INFO - [실시간] 요청 55000개 처리 | 현재까지의 RPS: 526.51최근 1000개 request의 p99 TTFT: 0.8872 초 | 
2025-11-20 18:55:38,690 - INFO - [실시간] 요청 56000개 처리 | 현재까지의 RPS: 528.44최근 1000개 request의 p99 TTFT: 0.9856 초 | 
2025-11-20 18:55:40,362 - INFO - [실시간] 요청 57000개 처리 | 현재까지의 RPS: 529.52최근 1000개 request의 p99 TTFT: 0.2035 초 | 
2025-11-20 18:55:41,936 - INFO - [실시간] 요청 58000개 처리 | 현재까지의 RPS: 531.05최근 1000개 request의 p99 TTFT: 0.2036 초 | 
2025-11-20 18:55:43,600 - INFO - [실시간] 요청 59000개 처리 | 현재까지의 RPS: 532.10최근 1000개 request의 p99 TTFT: 0.2429 초 | 
2025-11-20 18:55:45,369 - INFO - [실시간] 요청 60000개 처리 | 현재까지의 RPS: 532.62최근 1000개 request의 p99 TTFT: 0.5185 초 | 
2025-11-20 18:55:46,915 - INFO - [실시간] 요청 61000개 처리 | 현재까지의 RPS: 534.17최근 1000개 request의 p99 TTFT: 0.5818 초 | 
2025-11-20 18:55:48,576 - INFO - [실시간] 요청 62000개 처리 | 현재까지의 RPS: 535.14최근 1000개 request의 p99 TTFT: 0.4422 초 | 
2025-11-20 18:55:50,243 - INFO - [실시간] 요청 63000개 처리 | 현재까지의 RPS: 536.06최근 1000개 request의 p99 TTFT: 0.2169 초 | 
2025-11-20 18:55:51,861 - INFO - [실시간] 요청 64000개 처리 | 현재까지의 RPS: 537.17최근 1000개 request의 p99 TTFT: 0.4491 초 | 
2025-11-20 18:55:53,478 - INFO - [실시간] 요청 65000개 처리 | 현재까지의 RPS: 538.26최근 1000개 request의 p99 TTFT: 0.2553 초 | 
2025-11-20 18:55:55,181 - INFO - [실시간] 요청 66000개 처리 | 현재까지의 RPS: 538.94최근 1000개 request의 p99 TTFT: 0.5821 초 | 
2025-11-20 18:55:56,629 - INFO - [실시간] 요청 67000개 처리 | 현재까지의 RPS: 540.71최근 1000개 request의 p99 TTFT: 0.6518 초 | 
2025-11-20 18:55:58,180 - INFO - [실시간] 요청 68000개 처리 | 현재까지의 RPS: 542.00최근 1000개 request의 p99 TTFT: 0.5763 초 | 
2025-11-20 18:55:59,727 - INFO - [실시간] 요청 69000개 처리 | 현재까지의 RPS: 543.27최근 1000개 request의 p99 TTFT: 0.4452 초 | 
2025-11-20 18:56:01,322 - INFO - [실시간] 요청 70000개 처리 | 현재까지의 RPS: 544.31최근 1000개 request의 p99 TTFT: 0.2945 초 | 
2025-11-20 18:56:03,101 - INFO - [실시간] 요청 71000개 처리 | 현재까지의 RPS: 544.55최근 1000개 request의 p99 TTFT: 0.4723 초 | 
2025-11-20 18:56:04,640 - INFO - [실시간] 요청 72000개 처리 | 현재까지의 RPS: 545.78최근 1000개 request의 p99 TTFT: 0.9381 초 | 
2025-11-20 18:56:06,145 - INFO - [실시간] 요청 73000개 처리 | 현재까지의 RPS: 547.11최근 1000개 request의 p99 TTFT: 0.8629 초 | 
2025-11-20 18:56:07,652 - INFO - [실시간] 요청 74000개 처리 | 현재까지의 RPS: 548.42최근 1000개 request의 p99 TTFT: 0.2385 초 | 
2025-11-20 18:56:09,189 - INFO - [실시간] 요청 75000개 처리 | 현재까지의 RPS: 549.57최근 1000개 request의 p99 TTFT: 0.2121 초 | 
2025-11-20 18:56:10,668 - INFO - [실시간] 요청 76000개 처리 | 현재까지의 RPS: 550.92최근 1000개 request의 p99 TTFT: 0.5916 초 | 
2025-11-20 18:56:12,227 - INFO - [실시간] 요청 77000개 처리 | 현재까지의 RPS: 551.94최근 1000개 request의 p99 TTFT: 0.8750 초 | 
2025-11-20 18:56:13,520 - INFO - [실시간] 요청 78000개 처리 | 현재까지의 RPS: 553.97최근 1000개 request의 p99 TTFT: 0.8460 초 | 
2025-11-20 18:56:15,000 - INFO - [실시간] 요청 79000개 처리 | 현재까지의 RPS: 555.24최근 1000개 request의 p99 TTFT: 0.2664 초 | 
2025-11-20 18:56:16,494 - INFO - [실시간] 요청 80000개 처리 | 현재까지의 RPS: 556.42최근 1000개 request의 p99 TTFT: 0.4507 초 | 
2025-11-20 18:56:18,177 - INFO - [실시간] 요청 81000개 처리 | 현재까지의 RPS: 556.86최근 1000개 request의 p99 TTFT: 0.6467 초 | 
2025-11-20 18:56:19,549 - INFO - [실시간] 요청 82000개 처리 | 현재까지의 RPS: 558.47최근 1000개 request의 p99 TTFT: 0.6742 초 | 
2025-11-20 18:56:21,039 - INFO - [실시간] 요청 83000개 처리 | 현재까지의 RPS: 559.60최근 1000개 request의 p99 TTFT: 0.3887 초 | 
2025-11-20 18:56:22,633 - INFO - [실시간] 요청 84000개 처리 | 현재까지의 RPS: 560.32최근 1000개 request의 p99 TTFT: 0.5506 초 | 
2025-11-20 18:56:24,164 - INFO - [실시간] 요청 85000개 처리 | 현재까지의 RPS: 561.26최근 1000개 request의 p99 TTFT: 0.4807 초 | 
2025-11-20 18:56:25,744 - INFO - [실시간] 요청 86000개 처리 | 현재까지의 RPS: 562.00최근 1000개 request의 p99 TTFT: 0.3839 초 | 
2025-11-20 18:56:27,381 - INFO - [실시간] 요청 87000개 처리 | 현재까지의 RPS: 562.51최근 1000개 request의 p99 TTFT: 0.7218 초 | 
2025-11-20 18:56:28,745 - INFO - [실시간] 요청 88000개 처리 | 현재까지의 RPS: 564.01최근 1000개 request의 p99 TTFT: 0.7271 초 | 
2025-11-20 18:56:30,341 - INFO - [실시간] 요청 89000개 처리 | 현재까지의 RPS: 564.64최근 1000개 request의 p99 TTFT: 0.4057 초 | 
2025-11-20 18:56:31,780 - INFO - [실시간] 요청 90000개 처리 | 현재까지의 RPS: 565.82최근 1000개 request의 p99 TTFT: 0.2338 초 | 
2025-11-20 18:56:33,307 - INFO - [실시간] 요청 91000개 처리 | 현재까지의 RPS: 566.66최근 1000개 request의 p99 TTFT: 0.2266 초 | 
2025-11-20 18:56:35,066 - INFO - [실시간] 요청 92000개 처리 | 현재까지의 RPS: 566.69최근 1000개 request의 p99 TTFT: 0.5618 초 | 
2025-11-20 18:56:36,547 - INFO - [실시간] 요청 93000개 처리 | 현재까지의 RPS: 567.66최근 1000개 request의 p99 TTFT: 1.3916 초 | 
2025-11-20 18:56:37,868 - INFO - [실시간] 요청 94000개 처리 | 현재까지의 RPS: 569.18최근 1000개 request의 p99 TTFT: 1.3297 초 | 
2025-11-20 18:56:39,337 - INFO - [실시간] 요청 95000개 처리 | 현재까지의 RPS: 570.16최근 1000개 request의 p99 TTFT: 0.2817 초 | 
2025-11-20 18:56:40,818 - INFO - [실시간] 요청 96000개 처리 | 현재까지의 RPS: 571.09최근 1000개 request의 p99 TTFT: 0.2183 초 | 
2025-11-20 18:56:42,503 - INFO - [실시간] 요청 97000개 처리 | 현재까지의 RPS: 571.31최근 1000개 request의 p99 TTFT: 0.6579 초 | 
2025-11-20 18:56:44,009 - INFO - [실시간] 요청 98000개 처리 | 현재까지의 RPS: 572.13최근 1000개 request의 p99 TTFT: 0.9848 초 | 
2025-11-20 18:56:45,445 - INFO - [실시간] 요청 99000개 처리 | 현재까지의 RPS: 573.16최근 1000개 request의 p99 TTFT: 0.7761 초 | 
2025-11-20 18:56:46,877 - INFO - [실시간] 요청 100000개 처리 | 현재까지의 RPS: 574.19최근 1000개 request의 p99 TTFT: 0.2222 초 | 
2025-11-20 18:56:48,535 - INFO - [실시간] 요청 101000개 처리 | 현재까지의 RPS: 574.46최근 1000개 request의 p99 TTFT: 0.2022 초 | 
2025-11-20 18:56:50,231 - INFO - [실시간] 요청 102000개 처리 | 현재까지의 RPS: 574.60최근 1000개 request의 p99 TTFT: 0.5616 초 | 
2025-11-20 18:56:51,746 - INFO - [실시간] 요청 103000개 처리 | 현재까지의 RPS: 575.33최근 1000개 request의 p99 TTFT: 0.7742 초 | 
2025-11-20 18:56:53,126 - INFO - [실시간] 요청 104000개 처리 | 현재까지의 RPS: 576.47최근 1000개 request의 p99 TTFT: 1.0498 초 | 
2025-11-20 18:56:54,732 - INFO - [실시간] 요청 105000개 처리 | 현재까지의 RPS: 576.88최근 1000개 request의 p99 TTFT: 0.2689 초 | 
2025-11-20 18:56:56,058 - INFO - [실시간] 요청 106000개 처리 | 현재까지의 RPS: 578.16최근 1000개 request의 p99 TTFT: 0.6832 초 | 
2025-11-20 18:56:57,465 - INFO - [실시간] 요청 107000개 처리 | 현재까지의 RPS: 579.17최근 1000개 request의 p99 TTFT: 0.6395 초 | 
2025-11-20 18:56:59,151 - INFO - [실시간] 요청 108000개 처리 | 현재까지의 RPS: 579.30최근 1000개 request의 p99 TTFT: 0.6151 초 | 
2025-11-20 18:57:00,508 - INFO - [실시간] 요청 109000개 처리 | 현재까지의 RPS: 580.44최근 1000개 request의 p99 TTFT: 1.0801 초 | 
2025-11-20 18:57:02,031 - INFO - [실시간] 요청 110000개 처리 | 현재까지의 RPS: 581.05최근 1000개 request의 p99 TTFT: 0.6513 초 | 
2025-11-20 18:57:03,513 - INFO - [실시간] 요청 111000개 처리 | 현재까지의 RPS: 581.78최근 1000개 request의 p99 TTFT: 0.4434 초 | 
2025-11-20 18:57:04,906 - INFO - [실시간] 요청 112000개 처리 | 현재까지의 RPS: 582.76최근 1000개 request의 p99 TTFT: 0.2937 초 | 
2025-11-20 18:57:06,532 - INFO - [실시간] 요청 113000개 처리 | 현재까지의 RPS: 583.03최근 1000개 request의 p99 TTFT: 0.4005 초 | 
2025-11-20 18:57:08,083 - INFO - [실시간] 요청 114000개 처리 | 현재까지의 RPS: 583.52최근 1000개 request의 p99 TTFT: 0.8945 초 | 
2025-11-20 18:57:09,503 - INFO - [실시간] 요청 115000개 처리 | 현재까지의 RPS: 584.39최근 1000개 request의 p99 TTFT: 0.9753 초 | 
2025-11-20 18:57:10,922 - INFO - [실시간] 요청 116000개 처리 | 현재까지의 RPS: 585.26최근 1000개 request의 p99 TTFT: 0.2497 초 | 
2025-11-20 18:57:12,301 - INFO - [실시간] 요청 117000개 처리 | 현재까지의 RPS: 586.22최근 1000개 request의 p99 TTFT: 0.5853 초 | 
2025-11-20 18:57:13,861 - INFO - [실시간] 요청 118000개 처리 | 현재까지의 RPS: 586.65최근 1000개 request의 p99 TTFT: 0.7478 초 | 
2025-11-20 18:57:15,277 - INFO - [실시간] 요청 119000개 처리 | 현재까지의 RPS: 587.48최근 1000개 request의 p99 TTFT: 0.8536 초 | 
2025-11-20 18:57:16,632 - INFO - [실시간] 요청 120000개 처리 | 현재까지의 RPS: 588.48최근 1000개 request의 p99 TTFT: 0.7922 초 | 
2025-11-20 18:57:18,106 - INFO - [실시간] 요청 121000개 처리 | 현재까지의 RPS: 589.13최근 1000개 request의 p99 TTFT: 0.2415 초 | 
2025-11-20 18:57:19,624 - INFO - [실시간] 요청 122000개 처리 | 현재까지의 RPS: 589.64최근 1000개 request의 p99 TTFT: 0.4572 초 | 
2025-11-20 18:57:21,132 - INFO - [실시간] 요청 123000개 처리 | 현재까지의 RPS: 590.17최근 1000개 request의 p99 TTFT: 0.5399 초 | 
2025-11-20 18:57:22,673 - INFO - [실시간] 요청 124000개 처리 | 현재까지의 RPS: 590.60최근 1000개 request의 p99 TTFT: 0.9757 초 | 
2025-11-20 18:57:23,976 - INFO - [실시간] 요청 125000개 처리 | 현재까지의 RPS: 591.69최근 1000개 request의 p99 TTFT: 0.9712 초 | 
2025-11-20 18:57:25,538 - INFO - [실시간] 요청 126000개 처리 | 현재까지의 RPS: 592.05최근 1000개 request의 p99 TTFT: 0.4675 초 | 
2025-11-20 18:57:27,007 - INFO - [실시간] 요청 127000개 처리 | 현재까지의 RPS: 592.66최근 1000개 request의 p99 TTFT: 0.4989 초 | 
2025-11-20 18:57:28,437 - INFO - [실시간] 요청 128000개 처리 | 현재까지의 RPS: 593.37최근 1000개 request의 p99 TTFT: 0.3784 초 | 
2025-11-20 18:57:30,019 - INFO - [실시간] 요청 129000개 처리 | 현재까지의 RPS: 593.65최근 1000개 request의 p99 TTFT: 0.8431 초 | 
2025-11-20 18:57:31,385 - INFO - [실시간] 요청 130000개 처리 | 현재까지의 RPS: 594.51최근 1000개 request의 p99 TTFT: 0.8506 초 | 
2025-11-20 18:57:32,855 - INFO - [실시간] 요청 131000개 처리 | 현재까지의 RPS: 595.08최근 1000개 request의 p99 TTFT: 0.5373 초 | 
2025-11-20 18:57:34,294 - INFO - [실시간] 요청 132000개 처리 | 현재까지의 RPS: 595.73최근 1000개 request의 p99 TTFT: 0.2355 초 | 
2025-11-20 18:57:35,686 - INFO - [실시간] 요청 133000개 처리 | 현재까지의 RPS: 596.50최근 1000개 request의 p99 TTFT: 0.2630 초 | 
2025-11-20 18:57:37,438 - INFO - [실시간] 요청 134000개 처리 | 현재까지의 RPS: 596.30최근 1000개 request의 p99 TTFT: 0.5326 초 | 
2025-11-20 18:57:38,797 - INFO - [실시간] 요청 135000개 처리 | 현재까지의 RPS: 597.14최근 1000개 request의 p99 TTFT: 1.1416 초 | 
2025-11-20 18:57:40,177 - INFO - [실시간] 요청 136000개 처리 | 현재까지의 RPS: 597.91최근 1000개 request의 p99 TTFT: 1.1499 초 | 
2025-11-20 18:57:41,683 - INFO - [실시간] 요청 137000개 처리 | 현재까지의 RPS: 598.35최근 1000개 request의 p99 TTFT: 0.2686 초 | 
2025-11-20 18:57:43,204 - INFO - [실시간] 요청 138000개 처리 | 현재까지의 RPS: 598.73최근 1000개 request의 p99 TTFT: 0.2275 초 | 
2025-11-20 18:57:45,002 - INFO - [실시간] 요청 139000개 처리 | 현재까지의 RPS: 598.40최근 1000개 request의 p99 TTFT: 0.7909 초 | 
2025-11-20 18:57:46,326 - INFO - [실시간] 요청 140000개 처리 | 현재까지의 RPS: 599.30최근 1000개 request의 p99 TTFT: 1.2099 초 | 
2025-11-20 18:57:47,790 - INFO - [실시간] 요청 141000개 처리 | 현재까지의 RPS: 599.82최근 1000개 request의 p99 TTFT: 0.8887 초 | 
2025-11-20 18:57:49,261 - INFO - [실시간] 요청 142000개 처리 | 현재까지의 RPS: 600.31최근 1000개 request의 p99 TTFT: 0.3742 초 | 
2025-11-20 18:57:51,156 - INFO - [실시간] 요청 143000개 처리 | 현재까지의 RPS: 599.74최근 1000개 request의 p99 TTFT: 0.2642 초 | 
2025-11-20 18:57:52,655 - INFO - [실시간] 요청 144000개 처리 | 현재까지의 RPS: 600.16최근 1000개 request의 p99 TTFT: 0.8430 초 | 
2025-11-20 18:57:53,891 - INFO - [실시간] 요청 145000개 처리 | 현재까지의 RPS: 601.23최근 1000개 request의 p99 TTFT: 1.1132 초 | 
2025-11-20 18:57:55,362 - INFO - [실시간] 요청 146000개 처리 | 현재까지의 RPS: 601.71최근 1000개 request의 p99 TTFT: 0.7644 초 | 
2025-11-20 18:57:56,855 - INFO - [실시간] 요청 147000개 처리 | 현재까지의 RPS: 602.12최근 1000개 request의 p99 TTFT: 0.2459 초 | 
2025-11-20 18:57:58,390 - INFO - [실시간] 요청 148000개 처리 | 현재까지의 RPS: 602.43최근 1000개 request의 p99 TTFT: 0.4875 초 | 
2025-11-20 18:58:00,028 - INFO - [실시간] 요청 149000개 처리 | 현재까지의 RPS: 602.48최근 1000개 request의 p99 TTFT: 1.1404 초 | 
2025-11-20 18:58:01,319 - INFO - [실시간] 요청 150000개 처리 | 현재까지의 RPS: 603.38최근 1000개 request의 p99 TTFT: 1.2085 초 | 
2025-11-20 18:58:02,888 - INFO - [실시간] 요청 151000개 처리 | 현재까지의 RPS: 603.59최근 1000개 request의 p99 TTFT: 0.6847 초 | 
2025-11-20 18:58:04,424 - INFO - [실시간] 요청 152000개 처리 | 현재까지의 RPS: 603.88최근 1000개 request의 p99 TTFT: 0.4543 초 | 
2025-11-20 18:58:05,926 - INFO - [실시간] 요청 153000개 처리 | 현재까지의 RPS: 604.25최근 1000개 request의 p99 TTFT: 0.5176 초 | 
2025-11-20 18:58:07,640 - INFO - [실시간] 요청 154000개 처리 | 현재까지의 RPS: 604.11최근 1000개 request의 p99 TTFT: 0.8984 초 | 
2025-11-20 18:58:08,966 - INFO - [실시간] 요청 155000개 처리 | 현재까지의 RPS: 604.88최근 1000개 request의 p99 TTFT: 0.9989 초 | 
2025-11-20 18:58:10,410 - INFO - [실시간] 요청 156000개 처리 | 현재까지의 RPS: 605.37최근 1000개 request의 p99 TTFT: 0.6232 초 | 
2025-11-20 18:58:11,960 - INFO - [실시간] 요청 157000개 처리 | 현재까지의 RPS: 605.61최근 1000개 request의 p99 TTFT: 0.4154 초 | 
2025-11-20 18:58:13,400 - INFO - [실시간] 요청 158000개 처리 | 현재까지의 RPS: 606.10최근 1000개 request의 p99 TTFT: 0.4607 초 | 
2025-11-20 18:58:15,017 - INFO - [실시간] 요청 159000개 처리 | 현재까지의 RPS: 606.18최근 1000개 request의 p99 TTFT: 0.7114 초 | 
2025-11-20 18:58:16,249 - INFO - [실시간] 요청 160000개 처리 | 현재까지의 RPS: 607.14최근 1000개 request의 p99 TTFT: 1.1548 초 | 
2025-11-20 18:58:17,697 - INFO - [실시간] 요청 161000개 처리 | 현재까지의 RPS: 607.60최근 1000개 request의 p99 TTFT: 0.7841 초 | 
2025-11-20 18:58:19,173 - INFO - [실시간] 요청 162000개 처리 | 현재까지의 RPS: 607.98최근 1000개 request의 p99 TTFT: 0.4314 초 | 
2025-11-20 18:58:20,757 - INFO - [실시간] 요청 163000개 처리 | 현재까지의 RPS: 608.12최근 1000개 request의 p99 TTFT: 0.3140 초 | 
2025-11-20 18:58:22,486 - INFO - [실시간] 요청 164000개 처리 | 현재까지의 RPS: 607.93최근 1000개 request의 p99 TTFT: 0.5664 초 | 
2025-11-20 18:58:23,899 - INFO - [실시간] 요청 165000개 처리 | 현재까지의 RPS: 608.45최근 1000개 request의 p99 TTFT: 1.4516 초 | 
2025-11-20 18:58:25,182 - INFO - [실시간] 요청 166000개 처리 | 현재까지의 RPS: 609.26최근 1000개 request의 p99 TTFT: 1.4979 초 | 
2025-11-20 18:58:26,613 - INFO - [실시간] 요청 167000개 처리 | 현재까지의 RPS: 609.72최근 1000개 request의 p99 TTFT: 0.2315 초 | 
2025-11-20 18:58:28,081 - INFO - [실시간] 요청 168000개 처리 | 현재까지의 RPS: 610.10최근 1000개 request의 p99 TTFT: 0.2841 초 | 
2025-11-20 18:58:29,821 - INFO - [실시간] 요청 169000개 처리 | 현재까지의 RPS: 609.88최근 1000개 request의 p99 TTFT: 0.7935 초 | 
2025-11-20 18:58:31,185 - INFO - [실시간] 요청 170000개 처리 | 현재까지의 RPS: 610.49최근 1000개 request의 p99 TTFT: 1.0246 초 | 
2025-11-20 18:58:32,735 - INFO - [실시간] 요청 171000개 처리 | 현재까지의 RPS: 610.68최근 1000개 request의 p99 TTFT: 0.9087 초 | 
2025-11-20 18:58:34,236 - INFO - [실시간] 요청 172000개 처리 | 현재까지의 RPS: 610.97최근 1000개 request의 p99 TTFT: 0.2378 초 | 
2025-11-20 18:58:35,775 - INFO - [실시간] 요청 173000개 처리 | 현재까지의 RPS: 611.19최근 1000개 request의 p99 TTFT: 0.2251 초 | 
2025-11-20 18:58:37,351 - INFO - [실시간] 요청 174000개 처리 | 현재까지의 RPS: 611.31최근 1000개 request의 p99 TTFT: 0.4773 초 | 
2025-11-20 18:58:38,980 - INFO - [실시간] 요청 175000개 처리 | 현재까지의 RPS: 611.33최근 1000개 request의 p99 TTFT: 1.2191 초 | 
2025-11-20 18:58:40,238 - INFO - [실시간] 요청 176000개 처리 | 현재까지의 RPS: 612.13최근 1000개 request의 p99 TTFT: 1.2568 초 | 
2025-11-20 18:58:41,655 - INFO - [실시간] 요청 177000개 처리 | 현재까지의 RPS: 612.59최근 1000개 request의 p99 TTFT: 0.9764 초 | 
2025-11-20 18:58:43,126 - INFO - [실시간] 요청 178000개 처리 | 현재까지의 RPS: 612.93최근 1000개 request의 p99 TTFT: 0.4091 초 | 
2025-11-20 18:58:44,684 - INFO - [실시간] 요청 179000개 처리 | 현재까지의 RPS: 613.09최근 1000개 request의 p99 TTFT: 0.4957 초 | 
2025-11-20 18:58:46,370 - INFO - [실시간] 요청 180000개 처리 | 현재까지의 RPS: 612.97최근 1000개 request의 p99 TTFT: 0.9231 초 | 
2025-11-20 18:58:47,648 - INFO - [실시간] 요청 181000개 처리 | 현재까지의 RPS: 613.71최근 1000개 request의 p99 TTFT: 1.2478 초 | 
2025-11-20 18:58:49,154 - INFO - [실시간] 요청 182000개 처리 | 현재까지의 RPS: 613.96최근 1000개 request의 p99 TTFT: 0.5592 초 | 
2025-11-20 18:58:50,695 - INFO - [실시간] 요청 183000개 처리 | 현재까지의 RPS: 614.14최근 1000개 request의 p99 TTFT: 0.5368 초 | 
2025-11-20 18:58:52,273 - INFO - [실시간] 요청 184000개 처리 | 현재까지의 RPS: 614.25최근 1000개 request의 p99 TTFT: 0.4702 초 | 
2025-11-20 18:58:53,857 - INFO - [실시간] 요청 185000개 처리 | 현재까지의 RPS: 614.33최근 1000개 request의 p99 TTFT: 1.0862 초 | 
2025-11-20 18:58:55,169 - INFO - [실시간] 요청 186000개 처리 | 현재까지의 RPS: 614.98최근 1000개 request의 p99 TTFT: 1.1942 초 | 
2025-11-20 18:58:56,609 - INFO - [실시간] 요청 187000개 처리 | 현재까지의 RPS: 615.35최근 1000개 request의 p99 TTFT: 0.6068 초 | 
2025-11-20 18:58:58,076 - INFO - [실시간] 요청 188000개 처리 | 현재까지의 RPS: 615.67최근 1000개 request의 p99 TTFT: 0.3565 초 | 
2025-11-20 18:58:59,609 - INFO - [실시간] 요청 189000개 처리 | 현재까지의 RPS: 615.85최근 1000개 request의 p99 TTFT: 0.4234 초 | 
2025-11-20 18:59:01,304 - INFO - [실시간] 요청 190000개 처리 | 현재까지의 RPS: 615.71최근 1000개 request의 p99 TTFT: 1.0892 초 | 
2025-11-20 18:59:02,575 - INFO - [실시간] 요청 191000개 처리 | 현재까지의 RPS: 616.41최근 1000개 request의 p99 TTFT: 1.2842 초 | 
2025-11-20 18:59:04,002 - INFO - [실시간] 요청 192000개 처리 | 현재까지의 RPS: 616.80최근 1000개 request의 p99 TTFT: 1.1743 초 | 
2025-11-20 18:59:05,448 - INFO - [실시간] 요청 193000개 처리 | 현재까지의 RPS: 617.15최근 1000개 request의 p99 TTFT: 0.3795 초 | 
2025-11-20 18:59:07,208 - INFO - [실시간] 요청 194000개 처리 | 현재까지의 RPS: 616.87최근 1000개 request의 p99 TTFT: 0.6056 초 | 
2025-11-20 18:59:08,601 - INFO - [실시간] 요청 195000개 처리 | 현재까지의 RPS: 617.32최근 1000개 request의 p99 TTFT: 0.9476 초 | 
2025-11-20 18:59:09,923 - INFO - [실시간] 요청 196000개 처리 | 현재까지의 RPS: 617.90최근 1000개 request의 p99 TTFT: 0.9334 초 | 
2025-11-20 18:59:11,298 - INFO - [실시간] 요청 197000개 처리 | 현재까지의 RPS: 618.37최근 1000개 request의 p99 TTFT: 0.4402 초 | 
2025-11-20 18:59:12,773 - INFO - [실시간] 요청 198000개 처리 | 현재까지의 RPS: 618.64최근 1000개 request의 p99 TTFT: 0.2025 초 | 
2025-11-20 18:59:14,471 - INFO - [실시간] 요청 199000개 처리 | 현재까지의 RPS: 618.49최근 1000개 request의 p99 TTFT: 0.4137 초 | 
2025-11-20 18:59:16,056 - INFO - [실시간] 요청 200000개 처리 | 현재까지의 RPS: 618.55최근 1000개 request의 p99 TTFT: 1.1815 초 | 
2025-11-20 18:59:17,366 - INFO - [실시간] 요청 201000개 처리 | 현재까지의 RPS: 619.13최근 1000개 request의 p99 TTFT: 1.2554 초 | 
2025-11-20 18:59:18,757 - INFO - [실시간] 요청 202000개 처리 | 현재까지의 RPS: 619.56최근 1000개 request의 p99 TTFT: 0.4972 초 | 
2025-11-20 18:59:20,158 - INFO - [실시간] 요청 203000개 처리 | 현재까지의 RPS: 619.96최근 1000개 request의 p99 TTFT: 0.2854 초 | 
2025-11-20 18:59:21,919 - INFO - [실시간] 요청 204000개 처리 | 현재까지의 RPS: 619.68최근 1000개 request의 p99 TTFT: 0.7157 초 | 
2025-11-20 18:59:23,276 - INFO - [실시간] 요청 205000개 처리 | 현재까지의 RPS: 620.16최근 1000개 request의 p99 TTFT: 1.2130 초 | 
통계에 반영된 요청 인덱스 범위: 0 ~ 205000 (총 205000개 요청)
통계 반영된 요청 수: 205000, 통계 반영된 시간: 390.09 초

==================================================
 실험 최종 결과 요약
==================================================
 설정 실험 시간: 330 초
 Clients 수: 7900
 통계 반영 시간: 390.09 초
 총 시도된 요청: 211027 개
 총 완료된 요청: 205000 개
 총 실패한 요청: 6027 개
 완료 요청 중 retrieval이 실패한 요청: -389 개
 요청 성공률: 97.14%
 전체 Requests Per Second (RPS): 525.51
--------------------------------------------------
 Time to First Token (TTFT) Latency:
  - 평균 (Mean): 0.1626 초
  - 중간값 (50%ile): 0.1165 초
  - 최소값 (Min): 0.0186 초
  - 최대값 (Max): 2.0726 초
  - 95%ile Tail: 0.4815 초
  - 99%ile Tail: 0.8587 초
--------------------------------------------------
 Time Per Output Token (TPOT):
  - 평균 (Mean): 17.00 ms/token
--------------------------------------------------
 Embedding Latency:
  - 총 샘플 수: 205000
  - 평균 (Mean): 9.92 ms
  - 중간값 (50%ile): 7.00 ms
  - 95%ile Tail: 24.00 ms
  - 99%ile Tail: 65.00 ms
--------------------------------------------------
 VectorDB Search Latency:
  - 총 샘플 수: 205000
  - 평균 (Mean): 67.54 ms
  - 중간값 (50%ile): 29.00 ms
  - 95%ile Tail: 278.00 ms
  - 99%ile Tail: 654.00 ms
--------------------------------------------------
 Document Search Latency:
  - 총 샘플 수: 205000
  - 평균 (Mean): 20.23 ms
  - 중간값 (50%ile): 8.00 ms
  - 95%ile Tail: 72.00 ms
  - 99%ile Tail: 168.00 ms
--------------------------------------------------
 Total Retrieval Latency:
  - 총 샘플 수: 205000
  - 평균 (Mean): 97.70 ms
  - 중간값 (50%ile): 50.00 ms
  - 95%ile Tail: 381.00 ms
  - 99%ile Tail: 762.00 ms
==================================================
