2025-11-20 19:00:24,264 - INFO - ReqGen 시작: 서버=163.152.48.109:9000, 클라이언트=7800, 시간=330초
2025-11-20 19:00:24,264 - INFO - Hugging Face에서 'kroshan/BioASQ' 데이터셋을 로드합니다...
2025-11-20 19:00:29,981 - INFO - 3266개의 질문을 로드했습니다.
2025-11-20 19:00:29,982 - INFO - 부하 테스트 시작, client 수 = 7800
2025-11-20 19:00:29,982 - INFO - Zipf 값 1.2에서 상위 20%의 질문이 차지하는 비율: 91.82%
2025-11-20 19:00:35,185 - INFO - [실시간] 요청 1000개 처리 | 현재까지의 RPS: 192.21최근 1000개 request의 p99 TTFT: 0.2628 초 | 
2025-11-20 19:00:37,775 - INFO - [실시간] 요청 2000개 처리 | 현재까지의 RPS: 256.62최근 1000개 request의 p99 TTFT: 0.3002 초 | 
2025-11-20 19:00:40,097 - INFO - [실시간] 요청 3000개 처리 | 현재까지의 RPS: 296.60최근 1000개 request의 p99 TTFT: 0.3901 초 | 
2025-11-20 19:00:42,257 - INFO - [실시간] 요청 4000개 처리 | 현재까지의 RPS: 325.87최근 1000개 request의 p99 TTFT: 0.3117 초 | 
2025-11-20 19:00:44,342 - INFO - [실시간] 요청 5000개 처리 | 현재까지의 RPS: 348.19최근 1000개 request의 p99 TTFT: 0.4889 초 | 
2025-11-20 19:00:46,289 - INFO - [실시간] 요청 6000개 처리 | 현재까지의 RPS: 367.93최근 1000개 request의 p99 TTFT: 0.4933 초 | 
2025-11-20 19:00:48,014 - INFO - [실시간] 요청 7000개 처리 | 현재까지의 RPS: 388.21최근 1000개 request의 p99 TTFT: 0.5467 초 | 
2025-11-20 19:00:49,851 - INFO - [실시간] 요청 8000개 처리 | 현재까지의 RPS: 402.64최근 1000개 request의 p99 TTFT: 0.6626 초 | 
2025-11-20 19:00:51,628 - INFO - [실시간] 요청 9000개 처리 | 현재까지의 RPS: 415.78최근 1000개 request의 p99 TTFT: 0.9114 초 | 
2025-11-20 19:00:54,011 - INFO - [실시간] 요청 10000개 처리 | 현재까지의 RPS: 416.16최근 1000개 request의 p99 TTFT: 0.1961 초 | 
2025-11-20 19:00:56,076 - INFO - [실시간] 요청 11000개 처리 | 현재까지의 RPS: 421.55최근 1000개 request의 p99 TTFT: 0.2131 초 | 
2025-11-20 19:00:58,328 - INFO - [실시간] 요청 12000개 처리 | 현재까지의 RPS: 423.34최근 1000개 request의 p99 TTFT: 0.5826 초 | 
2025-11-20 19:01:00,234 - INFO - [실시간] 요청 13000개 처리 | 현재까지의 RPS: 429.73최근 1000개 request의 p99 TTFT: 0.8802 초 | 
2025-11-20 19:01:02,334 - INFO - [실시간] 요청 14000개 처리 | 현재까지의 RPS: 432.74최근 1000개 request의 p99 TTFT: 0.2105 초 | 
2025-11-20 19:01:04,276 - INFO - [실시간] 요청 15000개 처리 | 현재까지의 RPS: 437.41최근 1000개 request의 p99 TTFT: 0.2234 초 | 
2025-11-20 19:01:06,263 - INFO - [실시간] 요청 16000개 처리 | 현재까지의 RPS: 441.01최근 1000개 request의 p99 TTFT: 0.2113 초 | 
2025-11-20 19:01:08,348 - INFO - [실시간] 요청 17000개 처리 | 현재까지의 RPS: 443.11최근 1000개 request의 p99 TTFT: 0.2100 초 | 
2025-11-20 19:01:10,385 - INFO - [실시간] 요청 18000개 처리 | 현재까지의 RPS: 445.51최근 1000개 request의 p99 TTFT: 0.6248 초 | 
2025-11-20 19:01:12,410 - INFO - [실시간] 요청 19000개 처리 | 현재까지의 RPS: 447.82최근 1000개 request의 p99 TTFT: 0.5196 초 | 
2025-11-20 19:01:14,503 - INFO - [실시간] 요청 20000개 처리 | 현재까지의 RPS: 449.23최근 1000개 request의 p99 TTFT: 0.2054 초 | 
2025-11-20 19:01:16,471 - INFO - [실시간] 요청 21000개 처리 | 현재까지의 RPS: 451.72최근 1000개 request의 p99 TTFT: 0.1950 초 | 
2025-11-20 19:01:18,623 - INFO - [실시간] 요청 22000개 처리 | 현재까지의 RPS: 452.29최근 1000개 request의 p99 TTFT: 0.3366 초 | 
2025-11-20 19:01:20,513 - INFO - [실시간] 요청 23000개 처리 | 현재까지의 RPS: 455.17최근 1000개 request의 p99 TTFT: 0.3920 초 | 
2025-11-20 19:01:22,659 - INFO - [실시간] 요청 24000개 처리 | 현재까지의 RPS: 455.61최근 1000개 request의 p99 TTFT: 0.4357 초 | 
2025-11-20 19:01:24,622 - INFO - [실시간] 요청 25000개 처리 | 현재까지의 RPS: 457.54최근 1000개 request의 p99 TTFT: 0.3259 초 | 
2025-11-20 19:01:26,719 - INFO - [실시간] 요청 26000개 처리 | 현재까지의 RPS: 458.26최근 1000개 request의 p99 TTFT: 0.2086 초 | 
2025-11-20 19:01:28,778 - INFO - [실시간] 요청 27000개 처리 | 현재까지의 RPS: 459.22최근 1000개 request의 p99 TTFT: 0.4062 초 | 
2025-11-20 19:01:30,722 - INFO - [실시간] 요청 28000개 처리 | 현재까지의 RPS: 460.98최근 1000개 request의 p99 TTFT: 0.1967 초 | 
2025-11-20 19:01:32,518 - INFO - [실시간] 요청 29000개 처리 | 현재까지의 RPS: 463.74최근 1000개 request의 p99 TTFT: 0.4407 초 | 
2025-11-20 19:01:34,274 - INFO - [실시간] 요청 30000개 처리 | 현재까지의 RPS: 466.62최근 1000개 request의 p99 TTFT: 0.7397 초 | 
2025-11-20 19:01:35,964 - INFO - [실시간] 요청 31000개 처리 | 현재까지의 RPS: 469.83최근 1000개 request의 p99 TTFT: 0.4549 초 | 
2025-11-20 19:01:37,683 - INFO - [실시간] 요청 32000개 처리 | 현재까지의 RPS: 472.66최근 1000개 request의 p99 TTFT: 0.4837 초 | 
2025-11-20 19:01:39,300 - INFO - [실시간] 요청 33000개 처리 | 현재까지의 RPS: 476.07최근 1000개 request의 p99 TTFT: 0.3353 초 | 
2025-11-20 19:01:41,056 - INFO - [실시간] 요청 34000개 처리 | 현재까지의 RPS: 478.38최근 1000개 request의 p99 TTFT: 0.2088 초 | 
2025-11-20 19:01:42,870 - INFO - [실시간] 요청 35000개 처리 | 현재까지의 RPS: 480.19최근 1000개 request의 p99 TTFT: 0.6076 초 | 
2025-11-20 19:01:44,577 - INFO - [실시간] 요청 36000개 처리 | 현재까지의 RPS: 482.61최근 1000개 request의 p99 TTFT: 0.5685 초 | 
2025-11-20 19:01:46,132 - INFO - [실시간] 요청 37000개 처리 | 현재까지의 RPS: 485.88최근 1000개 request의 p99 TTFT: 0.5050 초 | 
2025-11-20 19:01:47,675 - INFO - [실시간] 요청 38000개 처리 | 현재까지의 RPS: 489.11최근 1000개 request의 p99 TTFT: 0.2550 초 | 
2025-11-20 19:01:49,380 - INFO - [실시간] 요청 39000개 처리 | 현재까지의 RPS: 491.20최근 1000개 request의 p99 TTFT: 0.4465 초 | 
2025-11-20 19:01:51,022 - INFO - [실시간] 요청 40000개 처리 | 현재까지의 RPS: 493.58최근 1000개 request의 p99 TTFT: 1.2171 초 | 
2025-11-20 19:01:52,603 - INFO - [실시간] 요청 41000개 처리 | 현재까지의 RPS: 496.24최근 1000개 request의 p99 TTFT: 0.9803 초 | 
2025-11-20 19:01:54,262 - INFO - [실시간] 요청 42000개 처리 | 현재까지의 RPS: 498.34최근 1000개 request의 p99 TTFT: 0.2283 초 | 
2025-11-20 19:01:56,113 - INFO - [실시간] 요청 43000개 처리 | 현재까지의 RPS: 499.24최근 1000개 request의 p99 TTFT: 0.4876 초 | 
2025-11-20 19:01:57,745 - INFO - [실시간] 요청 44000개 처리 | 현재까지의 RPS: 501.35최근 1000개 request의 p99 TTFT: 1.0047 초 | 
2025-11-20 19:01:59,396 - INFO - [실시간] 요청 45000개 처리 | 현재까지의 RPS: 503.28최근 1000개 request의 p99 TTFT: 0.5090 초 | 
2025-11-20 19:02:01,129 - INFO - [실시간] 요청 46000개 처리 | 현재까지의 RPS: 504.68최근 1000개 request의 p99 TTFT: 0.3275 초 | 
2025-11-20 19:02:02,793 - INFO - [실시간] 요청 47000개 처리 | 현재까지의 RPS: 506.40최근 1000개 request의 p99 TTFT: 0.2036 초 | 
2025-11-20 19:02:04,628 - INFO - [실시간] 요청 48000개 처리 | 현재까지의 RPS: 507.15최근 1000개 request의 p99 TTFT: 0.3145 초 | 
2025-11-20 19:02:06,346 - INFO - [실시간] 요청 49000개 처리 | 현재까지의 RPS: 508.49최근 1000개 request의 p99 TTFT: 0.8514 초 | 
2025-11-20 19:02:07,905 - INFO - [실시간] 요청 50000개 처리 | 현재까지의 RPS: 510.60최근 1000개 request의 p99 TTFT: 0.7830 초 | 
2025-11-20 19:02:09,646 - INFO - [실시간] 요청 51000개 처리 | 현재까지의 RPS: 511.72최근 1000개 request의 p99 TTFT: 0.4226 초 | 
2025-11-20 19:02:11,307 - INFO - [실시간] 요청 52000개 처리 | 현재까지의 RPS: 513.20최근 1000개 request의 p99 TTFT: 0.2167 초 | 
2025-11-20 19:02:12,922 - INFO - [실시간] 요청 53000개 처리 | 현재까지의 RPS: 514.86최근 1000개 request의 p99 TTFT: 0.1939 초 | 
2025-11-20 19:02:14,761 - INFO - [실시간] 요청 54000개 처리 | 현재까지의 RPS: 515.37최근 1000개 request의 p99 TTFT: 0.3412 초 | 
2025-11-20 19:02:16,474 - INFO - [실시간] 요청 55000개 처리 | 현재까지의 RPS: 516.47최근 1000개 request의 p99 TTFT: 0.7754 초 | 
2025-11-20 19:02:18,209 - INFO - [실시간] 요청 56000개 처리 | 현재까지의 RPS: 517.43최근 1000개 request의 p99 TTFT: 0.6888 초 | 
2025-11-20 19:02:19,896 - INFO - [실시간] 요청 57000개 처리 | 현재까지의 RPS: 518.59최근 1000개 request의 p99 TTFT: 0.4695 초 | 
2025-11-20 19:02:21,592 - INFO - [실시간] 요청 58000개 처리 | 현재까지의 RPS: 519.67최근 1000개 request의 p99 TTFT: 0.2111 초 | 
2025-11-20 19:02:23,336 - INFO - [실시간] 요청 59000개 처리 | 현재까지의 RPS: 520.49최근 1000개 request의 p99 TTFT: 0.4147 초 | 
2025-11-20 19:02:25,238 - INFO - [실시간] 요청 60000개 처리 | 현재까지의 RPS: 520.58최근 1000개 request의 p99 TTFT: 0.7760 초 | 
2025-11-20 19:02:26,733 - INFO - [실시간] 요청 61000개 처리 | 현재까지의 RPS: 522.48최근 1000개 request의 p99 TTFT: 0.8441 초 | 
2025-11-20 19:02:28,412 - INFO - [실시간] 요청 62000개 처리 | 현재까지의 RPS: 523.52최근 1000개 request의 p99 TTFT: 0.2135 초 | 
2025-11-20 19:02:30,228 - INFO - [실시간] 요청 63000개 처리 | 현재까지의 RPS: 523.93최근 1000개 request의 p99 TTFT: 0.3521 초 | 
2025-11-20 19:02:31,757 - INFO - [실시간] 요청 64000개 처리 | 현재까지의 RPS: 525.56최근 1000개 request의 p99 TTFT: 0.5104 초 | 
2025-11-20 19:02:33,397 - INFO - [실시간] 요청 65000개 처리 | 현재까지의 RPS: 526.68최근 1000개 request의 p99 TTFT: 0.4990 초 | 
2025-11-20 19:02:34,914 - INFO - [실시간] 요청 66000개 처리 | 현재까지의 RPS: 528.29최근 1000개 request의 p99 TTFT: 0.9674 초 | 
2025-11-20 19:02:36,532 - INFO - [실시간] 요청 67000개 처리 | 현재까지의 RPS: 529.43최근 1000개 request의 p99 TTFT: 0.6567 초 | 
2025-11-20 19:02:38,124 - INFO - [실시간] 요청 68000개 처리 | 현재까지의 RPS: 530.66최근 1000개 request의 p99 TTFT: 0.4759 초 | 
2025-11-20 19:02:39,812 - INFO - [실시간] 요청 69000개 처리 | 현재까지의 RPS: 531.46최근 1000개 request의 p99 TTFT: 0.2137 초 | 
2025-11-20 19:02:41,680 - INFO - [실시간] 요청 70000개 처리 | 현재까지의 RPS: 531.52최근 1000개 request의 p99 TTFT: 0.4907 초 | 
2025-11-20 19:02:43,317 - INFO - [실시간] 요청 71000개 처리 | 현재까지의 RPS: 532.49최근 1000개 request의 p99 TTFT: 0.8535 초 | 
2025-11-20 19:02:44,813 - INFO - [실시간] 요청 72000개 처리 | 현재까지의 RPS: 534.00최근 1000개 request의 p99 TTFT: 0.6000 초 | 
2025-11-20 19:02:46,367 - INFO - [실시간] 요청 73000개 처리 | 현재까지의 RPS: 535.25최근 1000개 request의 p99 TTFT: 0.2493 초 | 
2025-11-20 19:02:47,818 - INFO - [실시간] 요청 74000개 처리 | 현재까지의 RPS: 536.87최근 1000개 request의 p99 TTFT: 0.4744 초 | 
2025-11-20 19:02:49,607 - INFO - [실시간] 요청 75000개 처리 | 현재까지의 RPS: 537.15최근 1000개 request의 p99 TTFT: 0.4630 초 | 
2025-11-20 19:02:51,408 - INFO - [실시간] 요청 76000개 처리 | 현재까지의 RPS: 537.38최근 1000개 request의 p99 TTFT: 1.1029 초 | 
2025-11-20 19:02:52,811 - INFO - [실시간] 요청 77000개 처리 | 현재까지의 RPS: 539.11최근 1000개 request의 p99 TTFT: 1.5496 초 | 
2025-11-20 19:02:54,537 - INFO - [실시간] 요청 78000개 처리 | 현재까지의 RPS: 539.59최근 1000개 request의 p99 TTFT: 0.4334 초 | 
2025-11-20 19:02:56,208 - INFO - [실시간] 요청 79000개 처리 | 현재까지의 RPS: 540.26최근 1000개 request의 p99 TTFT: 0.9783 초 | 
2025-11-20 19:02:57,613 - INFO - [실시간] 요청 80000개 처리 | 현재까지의 RPS: 541.89최근 1000개 request의 p99 TTFT: 0.9662 초 | 
2025-11-20 19:02:59,256 - INFO - [실시간] 요청 81000개 처리 | 현재까지의 RPS: 542.63최근 1000개 request의 p99 TTFT: 0.2545 초 | 
2025-11-20 19:03:00,871 - INFO - [실시간] 요청 82000개 처리 | 현재까지의 RPS: 543.45최근 1000개 request의 p99 TTFT: 0.2887 초 | 
2025-11-20 19:03:02,541 - INFO - [실시간] 요청 83000개 처리 | 현재까지의 RPS: 544.05최근 1000개 request의 p99 TTFT: 0.3412 초 | 
2025-11-20 19:03:04,352 - INFO - [실시간] 요청 84000개 처리 | 현재까지의 RPS: 544.15최근 1000개 request의 p99 TTFT: 0.6222 초 | 
2025-11-20 19:03:05,770 - INFO - [실시간] 요청 85000개 처리 | 현재까지의 RPS: 545.61최근 1000개 request의 p99 TTFT: 0.8838 초 | 
2025-11-20 19:03:07,224 - INFO - [실시간] 요청 86000개 처리 | 현재까지의 RPS: 546.93최근 1000개 request의 p99 TTFT: 0.9138 초 | 
2025-11-20 19:03:08,776 - INFO - [실시간] 요청 87000개 처리 | 현재까지의 RPS: 547.88최근 1000개 request의 p99 TTFT: 0.2522 초 | 
2025-11-20 19:03:10,390 - INFO - [실시간] 요청 88000개 처리 | 현재까지의 RPS: 548.60최근 1000개 request의 p99 TTFT: 0.3038 초 | 
2025-11-20 19:03:12,237 - INFO - [실시간] 요청 89000개 처리 | 현재까지의 RPS: 548.52최근 1000개 request의 p99 TTFT: 0.4440 초 | 
2025-11-20 19:03:13,852 - INFO - [실시간] 요청 90000개 처리 | 현재까지의 RPS: 549.22최근 1000개 request의 p99 TTFT: 0.7615 초 | 
2025-11-20 19:03:15,279 - INFO - [실시간] 요청 91000개 처리 | 현재까지의 RPS: 550.52최근 1000개 request의 p99 TTFT: 0.7389 초 | 
2025-11-20 19:03:16,748 - INFO - [실시간] 요청 92000개 처리 | 현재까지의 RPS: 551.67최근 1000개 request의 p99 TTFT: 0.4486 초 | 
2025-11-20 19:03:18,344 - INFO - [실시간] 요청 93000개 처리 | 현재까지의 RPS: 552.38최근 1000개 request의 p99 TTFT: 0.2066 초 | 
2025-11-20 19:03:19,895 - INFO - [실시간] 요청 94000개 처리 | 현재까지의 RPS: 553.22최근 1000개 request의 p99 TTFT: 0.4165 초 | 
2025-11-20 19:03:21,696 - INFO - [실시간] 요청 95000개 처리 | 현재까지의 RPS: 553.25최근 1000개 request의 p99 TTFT: 0.6462 초 | 
2025-11-20 19:03:23,145 - INFO - [실시간] 요청 96000개 처리 | 현재까지의 RPS: 554.39최근 1000개 request의 p99 TTFT: 0.9182 초 | 
2025-11-20 19:03:24,763 - INFO - [실시간] 요청 97000개 처리 | 현재까지의 RPS: 554.98최근 1000개 request의 p99 TTFT: 0.5211 초 | 
2025-11-20 19:03:26,327 - INFO - [실시간] 요청 98000개 처리 | 현재까지의 RPS: 555.73최근 1000개 request의 p99 TTFT: 0.2019 초 | 
2025-11-20 19:03:27,867 - INFO - [실시간] 요청 99000개 처리 | 현재까지의 RPS: 556.54최근 1000개 request의 p99 TTFT: 0.2135 초 | 
2025-11-20 19:03:29,561 - INFO - [실시간] 요청 100000개 처리 | 현재까지의 RPS: 556.86최근 1000개 request의 p99 TTFT: 0.4554 초 | 
2025-11-20 19:03:31,190 - INFO - [실시간] 요청 101000개 처리 | 현재까지의 RPS: 557.37최근 1000개 request의 p99 TTFT: 0.8433 초 | 
2025-11-20 19:03:32,592 - INFO - [실시간] 요청 102000개 처리 | 현재까지의 RPS: 558.57최근 1000개 request의 p99 TTFT: 0.8379 초 | 
2025-11-20 19:03:34,051 - INFO - [실시간] 요청 103000개 처리 | 현재까지의 RPS: 559.57최근 1000개 request의 p99 TTFT: 0.2801 초 | 
2025-11-20 19:03:35,505 - INFO - [실시간] 요청 104000개 처리 | 현재까지의 RPS: 560.58최근 1000개 request의 p99 TTFT: 0.2803 초 | 
2025-11-20 19:03:37,398 - INFO - [실시간] 요청 105000개 처리 | 현재까지의 RPS: 560.25최근 1000개 request의 p99 TTFT: 0.4677 초 | 
2025-11-20 19:03:38,993 - INFO - [실시간] 요청 106000개 처리 | 현재까지의 RPS: 560.81최근 1000개 request의 p99 TTFT: 0.9031 초 | 
2025-11-20 19:03:40,374 - INFO - [실시간] 요청 107000개 처리 | 현재까지의 RPS: 562.00최근 1000개 request의 p99 TTFT: 1.0323 초 | 
2025-11-20 19:03:41,902 - INFO - [실시간] 요청 108000개 처리 | 현재까지의 RPS: 562.74최근 1000개 request의 p99 TTFT: 0.5375 초 | 
2025-11-20 19:03:43,356 - INFO - [실시간] 요청 109000개 처리 | 현재까지의 RPS: 563.67최근 1000개 request의 p99 TTFT: 0.4946 초 | 
2025-11-20 19:03:44,798 - INFO - [실시간] 요청 110000개 처리 | 현재까지의 RPS: 564.64최근 1000개 request의 p99 TTFT: 0.4189 초 | 
2025-11-20 19:03:46,688 - INFO - [실시간] 요청 111000개 처리 | 현재까지의 RPS: 564.29최근 1000개 request의 p99 TTFT: 0.6013 초 | 
2025-11-20 19:03:48,108 - INFO - [실시간] 요청 112000개 처리 | 현재까지의 RPS: 565.30최근 1000개 request의 p99 TTFT: 0.9562 초 | 
2025-11-20 19:03:49,511 - INFO - [실시간] 요청 113000개 처리 | 현재까지의 RPS: 566.34최근 1000개 request의 p99 TTFT: 0.7550 초 | 
2025-11-20 19:03:50,956 - INFO - [실시간] 요청 114000개 처리 | 현재까지의 RPS: 567.24최근 1000개 request의 p99 TTFT: 0.5334 초 | 
2025-11-20 19:03:52,388 - INFO - [실시간] 요청 115000개 처리 | 현재까지의 RPS: 568.16최근 1000개 request의 p99 TTFT: 1.0421 초 | 
2025-11-20 19:03:54,007 - INFO - [실시간] 요청 116000개 처리 | 현재까지의 RPS: 568.56최근 1000개 request의 p99 TTFT: 1.0038 초 | 
2025-11-20 19:03:55,431 - INFO - [실시간] 요청 117000개 처리 | 현재까지의 RPS: 569.48최근 1000개 request의 p99 TTFT: 1.0425 초 | 
2025-11-20 19:03:57,048 - INFO - [실시간] 요청 118000개 처리 | 현재까지의 RPS: 569.87최근 1000개 request의 p99 TTFT: 0.3937 초 | 
2025-11-20 19:03:58,624 - INFO - [실시간] 요청 119000개 처리 | 현재까지의 RPS: 570.36최근 1000개 request의 p99 TTFT: 0.4121 초 | 
2025-11-20 19:04:00,126 - INFO - [실시간] 요청 120000개 처리 | 현재까지의 RPS: 571.04최근 1000개 request의 p99 TTFT: 0.4485 초 | 
2025-11-20 19:04:01,889 - INFO - [실시간] 요청 121000개 처리 | 현재까지의 RPS: 571.01최근 1000개 request의 p99 TTFT: 0.7119 초 | 
2025-11-20 19:04:03,225 - INFO - [실시간] 요청 122000개 처리 | 현재까지의 RPS: 572.12최근 1000개 request의 p99 TTFT: 1.0503 초 | 
2025-11-20 19:04:04,638 - INFO - [실시간] 요청 123000개 처리 | 현재까지의 RPS: 573.01최근 1000개 request의 p99 TTFT: 0.7706 초 | 
2025-11-20 19:04:06,172 - INFO - [실시간] 요청 124000개 처리 | 현재까지의 RPS: 573.57최근 1000개 request의 p99 TTFT: 0.4283 초 | 
2025-11-20 19:04:07,629 - INFO - [실시간] 요청 125000개 처리 | 현재까지의 RPS: 574.32최근 1000개 request의 p99 TTFT: 0.5285 초 | 
2025-11-20 19:04:09,274 - INFO - [실시간] 요청 126000개 처리 | 현재까지의 RPS: 574.58최근 1000개 request의 p99 TTFT: 0.6209 초 | 
2025-11-20 19:04:10,655 - INFO - [실시간] 요청 127000개 처리 | 현재까지의 RPS: 575.51최근 1000개 request의 p99 TTFT: 1.0605 초 | 
2025-11-20 19:04:12,063 - INFO - [실시간] 요청 128000개 처리 | 현재까지의 RPS: 576.37최근 1000개 request의 p99 TTFT: 1.1598 초 | 
2025-11-20 19:04:13,583 - INFO - [실시간] 요청 129000개 처리 | 현재까지의 RPS: 576.92최근 1000개 request의 p99 TTFT: 0.2582 초 | 
2025-11-20 19:04:15,133 - INFO - [실시간] 요청 130000개 처리 | 현재까지의 RPS: 577.39최근 1000개 request의 p99 TTFT: 0.2645 초 | 
2025-11-20 19:04:16,819 - INFO - [실시간] 요청 131000개 처리 | 현재까지의 RPS: 577.51최근 1000개 request의 p99 TTFT: 0.5240 초 | 
2025-11-20 19:04:18,391 - INFO - [실시간] 요청 132000개 처리 | 현재까지의 RPS: 577.91최근 1000개 request의 p99 TTFT: 1.1681 초 | 
2025-11-20 19:04:19,810 - INFO - [실시간] 요청 133000개 처리 | 현재까지의 RPS: 578.69최근 1000개 request의 p99 TTFT: 1.2170 초 | 
2025-11-20 19:04:21,435 - INFO - [실시간] 요청 134000개 처리 | 현재까지의 RPS: 578.95최근 1000개 request의 p99 TTFT: 0.2025 초 | 
2025-11-20 19:04:22,906 - INFO - [실시간] 요청 135000개 처리 | 현재까지의 RPS: 579.59최근 1000개 request의 p99 TTFT: 0.2370 초 | 
2025-11-20 19:04:24,416 - INFO - [실시간] 요청 136000개 처리 | 현재까지의 RPS: 580.12최근 1000개 request의 p99 TTFT: 0.4251 초 | 
2025-11-20 19:04:26,206 - INFO - [실시간] 요청 137000개 처리 | 현재까지의 RPS: 579.96최근 1000개 request의 p99 TTFT: 0.8768 초 | 
2025-11-20 19:04:27,511 - INFO - [실시간] 요청 138000개 처리 | 현재까지의 RPS: 580.98최근 1000개 request의 p99 TTFT: 1.2360 초 | 
2025-11-20 19:04:28,981 - INFO - [실시간] 요청 139000개 처리 | 현재까지의 RPS: 581.59최근 1000개 request의 p99 TTFT: 0.7520 초 | 
2025-11-20 19:04:30,469 - INFO - [실시간] 요청 140000개 처리 | 현재까지의 RPS: 582.15최근 1000개 request의 p99 TTFT: 0.2579 초 | 
2025-11-20 19:04:31,998 - INFO - [실시간] 요청 141000개 처리 | 현재까지의 RPS: 582.61최근 1000개 request의 p99 TTFT: 0.3795 초 | 
2025-11-20 19:04:33,673 - INFO - [실시간] 요청 142000개 처리 | 현재까지의 RPS: 582.71최근 1000개 request의 p99 TTFT: 0.9170 초 | 
2025-11-20 19:04:35,031 - INFO - [실시간] 요청 143000개 처리 | 현재까지의 RPS: 583.56최근 1000개 request의 p99 TTFT: 1.0505 초 | 
2025-11-20 19:04:36,562 - INFO - [실시간] 요청 144000개 처리 | 현재까지의 RPS: 583.99최근 1000개 request의 p99 TTFT: 0.5406 초 | 
2025-11-20 19:04:38,045 - INFO - [실시간] 요청 145000개 처리 | 현재까지의 RPS: 584.53최근 1000개 request의 p99 TTFT: 0.4250 초 | 
2025-11-20 19:04:39,620 - INFO - [실시간] 요청 146000개 처리 | 현재까지의 RPS: 584.85최근 1000개 request의 p99 TTFT: 0.4517 초 | 
2025-11-20 19:04:41,136 - INFO - [실시간] 요청 147000개 처리 | 현재까지의 RPS: 585.30최근 1000개 request의 p99 TTFT: 0.8043 초 | 
2025-11-20 19:04:42,477 - INFO - [실시간] 요청 148000개 처리 | 현재까지의 RPS: 586.15최근 1000개 request의 p99 TTFT: 1.2068 초 | 
2025-11-20 19:04:43,906 - INFO - [실시간] 요청 149000개 처리 | 현재까지의 RPS: 586.79최근 1000개 request의 p99 TTFT: 1.0557 초 | 
2025-11-20 19:04:45,438 - INFO - [실시간] 요청 150000개 처리 | 현재까지의 RPS: 587.19최근 1000개 request의 p99 TTFT: 0.5463 초 | 
2025-11-20 19:04:46,859 - INFO - [실시간] 요청 151000개 처리 | 현재까지의 RPS: 587.83최근 1000개 request의 p99 TTFT: 0.4339 초 | 
2025-11-20 19:04:48,512 - INFO - [실시간] 요청 152000개 처리 | 현재까지의 RPS: 587.94최근 1000개 request의 p99 TTFT: 0.4648 초 | 
2025-11-20 19:04:50,050 - INFO - [실시간] 요청 153000개 처리 | 현재까지의 RPS: 588.31최근 1000개 request의 p99 TTFT: 0.9777 초 | 
2025-11-20 19:04:51,431 - INFO - [실시간] 요청 154000개 처리 | 현재까지의 RPS: 589.03최근 1000개 request의 p99 TTFT: 0.9604 초 | 
2025-11-20 19:04:52,787 - INFO - [실시간] 요청 155000개 처리 | 현재까지의 RPS: 589.79최근 1000개 request의 p99 TTFT: 0.7796 초 | 
2025-11-20 19:04:54,277 - INFO - [실시간] 요청 156000개 처리 | 현재까지의 RPS: 590.25최근 1000개 request의 p99 TTFT: 0.4665 초 | 
2025-11-20 19:04:55,997 - INFO - [실시간] 요청 157000개 처리 | 현재까지의 RPS: 590.19최근 1000개 request의 p99 TTFT: 0.7034 초 | 
2025-11-20 19:04:57,407 - INFO - [실시간] 요청 158000개 처리 | 현재까지의 RPS: 590.82최근 1000개 request의 p99 TTFT: 0.8152 초 | 
2025-11-20 19:04:58,824 - INFO - [실시간] 요청 159000개 처리 | 현재까지의 RPS: 591.42최근 1000개 request의 p99 TTFT: 0.6171 초 | 
2025-11-20 19:05:00,387 - INFO - [실시간] 요청 160000개 처리 | 현재까지의 RPS: 591.71최근 1000개 request의 p99 TTFT: 0.4537 초 | 
2025-11-20 19:05:01,835 - INFO - [실시간] 요청 161000개 처리 | 현재까지의 RPS: 592.23최근 1000개 request의 p99 TTFT: 0.4582 초 | 
2025-11-20 19:05:03,431 - INFO - [실시간] 요청 162000개 처리 | 현재까지의 RPS: 592.43최근 1000개 request의 p99 TTFT: 0.4985 초 | 
2025-11-20 19:05:04,881 - INFO - [실시간] 요청 163000개 처리 | 현재까지의 RPS: 592.95최근 1000개 request의 p99 TTFT: 1.1488 초 | 
2025-11-20 19:05:06,270 - INFO - [실시간] 요청 164000개 처리 | 현재까지의 RPS: 593.58최근 1000개 request의 p99 TTFT: 1.1797 초 | 
2025-11-20 19:05:07,676 - INFO - [실시간] 요청 165000개 처리 | 현재까지의 RPS: 594.18최근 1000개 request의 p99 TTFT: 0.7300 초 | 
2025-11-20 19:05:09,137 - INFO - [실시간] 요청 166000개 처리 | 현재까지의 RPS: 594.65최근 1000개 request의 p99 TTFT: 0.2281 초 | 
2025-11-20 19:05:10,644 - INFO - [실시간] 요청 167000개 처리 | 현재까지의 RPS: 595.02최근 1000개 request의 p99 TTFT: 0.2924 초 | 
2025-11-20 19:05:12,346 - INFO - [실시간] 요청 168000개 처리 | 현재까지의 RPS: 594.98최근 1000개 request의 p99 TTFT: 1.1442 초 | 
2025-11-20 19:05:13,697 - INFO - [실시간] 요청 169000개 처리 | 현재까지의 RPS: 595.67최근 1000개 request의 p99 TTFT: 1.1894 초 | 
2025-11-20 19:05:15,169 - INFO - [실시간] 요청 170000개 처리 | 현재까지의 RPS: 596.10최근 1000개 request의 p99 TTFT: 0.6142 초 | 
2025-11-20 19:05:16,598 - INFO - [실시간] 요청 171000개 처리 | 현재까지의 RPS: 596.62최근 1000개 request의 p99 TTFT: 0.2346 초 | 
2025-11-20 19:05:18,143 - INFO - [실시간] 요청 172000개 처리 | 현재까지의 RPS: 596.89최근 1000개 request의 p99 TTFT: 0.4565 초 | 
2025-11-20 19:05:19,785 - INFO - [실시간] 요청 173000개 처리 | 현재까지의 RPS: 596.96최근 1000개 request의 p99 TTFT: 1.0122 초 | 
2025-11-20 19:05:21,080 - INFO - [실시간] 요청 174000개 처리 | 현재까지의 RPS: 597.74최근 1000개 request의 p99 TTFT: 1.1998 초 | 
2025-11-20 19:05:22,587 - INFO - [실시간] 요청 175000개 처리 | 현재까지의 RPS: 598.08최근 1000개 request의 p99 TTFT: 0.8780 초 | 
2025-11-20 19:05:24,054 - INFO - [실시간] 요청 176000개 처리 | 현재까지의 RPS: 598.49최근 1000개 request의 p99 TTFT: 0.4044 초 | 
2025-11-20 19:05:25,544 - INFO - [실시간] 요청 177000개 처리 | 현재까지의 RPS: 598.86최근 1000개 request의 p99 TTFT: 0.4767 초 | 
2025-11-20 19:05:27,290 - INFO - [실시간] 요청 178000개 처리 | 현재까지의 RPS: 598.71최근 1000개 request의 p99 TTFT: 0.8528 초 | 
2025-11-20 19:05:28,652 - INFO - [실시간] 요청 179000개 처리 | 현재까지의 RPS: 599.32최근 1000개 request의 p99 TTFT: 0.9065 초 | 
2025-11-20 19:05:29,997 - INFO - [실시간] 요청 180000개 처리 | 현재까지의 RPS: 599.97최근 1000개 request의 p99 TTFT: 0.7732 초 | 
2025-11-20 19:05:31,429 - INFO - [실시간] 요청 181000개 처리 | 현재까지의 RPS: 600.44최근 1000개 request의 p99 TTFT: 0.5668 초 | 
2025-11-20 19:05:32,952 - INFO - [실시간] 요청 182000개 처리 | 현재까지의 RPS: 600.72최근 1000개 request의 p99 TTFT: 0.3530 초 | 
2025-11-20 19:05:34,535 - INFO - [실시간] 요청 183000개 처리 | 현재까지의 RPS: 600.88최근 1000개 request의 p99 TTFT: 0.4692 초 | 
2025-11-20 19:05:36,123 - INFO - [실시간] 요청 184000개 처리 | 현재까지의 RPS: 601.03최근 1000개 request의 p99 TTFT: 1.2437 초 | 
2025-11-20 19:05:37,464 - INFO - [실시간] 요청 185000개 처리 | 현재까지의 RPS: 601.66최근 1000개 request의 p99 TTFT: 1.2889 초 | 
2025-11-20 19:05:38,903 - INFO - [실시간] 요청 186000개 처리 | 현재까지의 RPS: 602.10최근 1000개 request의 p99 TTFT: 0.8211 초 | 
2025-11-20 19:05:40,420 - INFO - [실시간] 요청 187000개 처리 | 현재까지의 RPS: 602.37최근 1000개 request의 p99 TTFT: 0.2890 초 | 
2025-11-20 19:05:42,231 - INFO - [실시간] 요청 188000개 처리 | 현재까지의 RPS: 602.08최근 1000개 request의 p99 TTFT: 0.2009 초 | 
2025-11-20 19:05:43,652 - INFO - [실시간] 요청 189000개 처리 | 현재까지의 RPS: 602.54최근 1000개 request의 p99 TTFT: 0.7054 초 | 
2025-11-20 19:05:45,046 - INFO - [실시간] 요청 190000개 처리 | 현재까지의 RPS: 603.05최근 1000개 request의 p99 TTFT: 0.9394 초 | 
2025-11-20 19:05:46,394 - INFO - [실시간] 요청 191000개 처리 | 현재까지의 RPS: 603.64최근 1000개 request의 p99 TTFT: 0.8351 초 | 
2025-11-20 19:05:47,765 - INFO - [실시간] 요청 192000개 처리 | 현재까지의 RPS: 604.19최근 1000개 request의 p99 TTFT: 0.6747 초 | 
2025-11-20 19:05:49,357 - INFO - [실시간] 요청 193000개 처리 | 현재까지의 RPS: 604.31최근 1000개 request의 p99 TTFT: 0.4315 초 | 
2025-11-20 19:05:50,889 - INFO - [실시간] 요청 194000개 처리 | 현재까지의 RPS: 604.54최근 1000개 request의 p99 TTFT: 0.5676 초 | 
2025-11-20 19:05:52,427 - INFO - [실시간] 요청 195000개 처리 | 현재까지의 RPS: 604.76최근 1000개 request의 p99 TTFT: 0.9313 초 | 
2025-11-20 19:05:53,738 - INFO - [실시간] 요청 196000개 처리 | 현재까지의 RPS: 605.39최근 1000개 request의 p99 TTFT: 1.1699 초 | 
2025-11-20 19:05:55,233 - INFO - [실시간] 요청 197000개 처리 | 현재까지의 RPS: 605.69최근 1000개 request의 p99 TTFT: 0.5847 초 | 
2025-11-20 19:05:56,565 - INFO - [실시간] 요청 198000개 처리 | 현재까지의 RPS: 606.28최근 1000개 request의 p99 TTFT: 0.5560 초 | 
2025-11-20 19:05:58,231 - INFO - [실시간] 요청 199000개 처리 | 현재까지의 RPS: 606.25최근 1000개 request의 p99 TTFT: 0.5576 초 | 
2025-11-20 19:05:59,797 - INFO - [실시간] 요청 200000개 처리 | 현재까지의 RPS: 606.40최근 1000개 request의 p99 TTFT: 0.7084 초 | 
통계에 반영된 요청 인덱스 범위: 0 ~ 200872 (총 200872개 요청)
통계 반영된 요청 수: 200872, 통계 반영된 시간: 382.91 초

==================================================
 실험 최종 결과 요약
==================================================
 설정 실험 시간: 330 초
 Clients 수: 7800
 통계 반영 시간: 382.91 초
 총 시도된 요청: 207015 개
 총 완료된 요청: 200872 개
 총 실패한 요청: 6143 개
 완료 요청 중 retrieval이 실패한 요청: 0 개
 요청 성공률: 97.03%
 전체 Requests Per Second (RPS): 524.59
--------------------------------------------------
 Time to First Token (TTFT) Latency:
  - 평균 (Mean): 0.1589 초
  - 중간값 (50%ile): 0.1140 초
  - 최소값 (Min): 0.0191 초
  - 최대값 (Max): 1.9899 초
  - 95%ile Tail: 0.4755 초
  - 99%ile Tail: 0.8214 초
--------------------------------------------------
 Time Per Output Token (TPOT):
  - 평균 (Mean): 16.99 ms/token
--------------------------------------------------
 Embedding Latency:
  - 총 샘플 수: 200856
  - 평균 (Mean): 9.59 ms
  - 중간값 (50%ile): 7.00 ms
  - 95%ile Tail: 22.00 ms
  - 99%ile Tail: 63.00 ms
--------------------------------------------------
 VectorDB Search Latency:
  - 총 샘플 수: 200856
  - 평균 (Mean): 73.55 ms
  - 중간값 (50%ile): 33.00 ms
  - 95%ile Tail: 296.00 ms
  - 99%ile Tail: 654.00 ms
--------------------------------------------------
 Document Search Latency:
  - 총 샘플 수: 200856
  - 평균 (Mean): 18.58 ms
  - 중간값 (50%ile): 8.00 ms
  - 95%ile Tail: 64.00 ms
  - 99%ile Tail: 129.00 ms
--------------------------------------------------
 Total Retrieval Latency:
  - 총 샘플 수: 200872
  - 평균 (Mean): 101.74 ms
  - 중간값 (50%ile): 55.00 ms
  - 95%ile Tail: 383.00 ms
  - 99%ile Tail: 736.00 ms
==================================================
