2025-11-21 02:47:53,555 - INFO - ReqGen 시작: 서버=163.152.48.109:9000, 클라이언트=2, 시간=330초
2025-11-21 02:47:53,555 - INFO - Hugging Face에서 'kroshan/BioASQ' 데이터셋을 로드합니다...
2025-11-21 02:47:59,142 - INFO - 3266개의 질문을 로드했습니다.
2025-11-21 02:47:59,142 - INFO - 부하 테스트 시작, client 수 = 2
통계에 반영된 요청 인덱스 범위: 0 ~ 22 (총 22개 요청)
statistics_start_time이 설정되지 않았습니다.
statistics_end_time이 설정되지 않았습니다.
통계 반영된 요청 수: 22, 통계 반영된 시간: 351.28 초

==================================================
 실험 최종 결과 요약
==================================================
 설정 실험 시간: 330 초
 Clients 수: 2
 통계 반영 시간: 351.28 초
 총 시도된 요청: 22 개
 총 완료된 요청: 22 개
 총 실패한 요청: 0 개
 완료 요청 중 retrieval이 실패한 요청: 22 개
 요청 성공률: 100.00%
 전체 Requests Per Second (RPS): 0.06
--------------------------------------------------
 Time to First Token (TTFT) Latency:
  - 평균 (Mean): 30.7688 초
  - 중간값 (50%ile): 30.9144 초
  - 최소값 (Min): 30.1484 초
  - 최대값 (Max): 31.0012 초
  - 95%ile Tail: 31.0005 초
  - 99%ile Tail: 31.0011 초
--------------------------------------------------
 Time Per Output Token (TPOT):
  - 평균 (Mean): 18.20 ms/token
--------------------------------------------------
 Embedding Latency:
  - 총 샘플 수: 11
  - 평균 (Mean): 11.36 ms
  - 중간값 (50%ile): 10.00 ms
  - 95%ile Tail: 16.00 ms
  - 99%ile Tail: 17.60 ms
--------------------------------------------------
 VectorDB Search Latency:
  - 총 샘플 수: 0
  - (측정된 샘플이 없습니다.)
--------------------------------------------------
 Document Search Latency:
  - 총 샘플 수: 0
  - (측정된 샘플이 없습니다.)
--------------------------------------------------
 Total Retrieval Latency:
  - 총 샘플 수: 0
  - (측정된 샘플이 없습니다.)
==================================================
