2025-12-05 01:27:36,266 - INFO - ReqGen 시작: 서버=163.152.48.109:9000, 클라이언트=2, 시간=330초
2025-12-05 01:27:36,266 - INFO - Hugging Face에서 'kroshan/BioASQ' 데이터셋을 로드합니다...
2025-12-05 01:27:41,571 - INFO - 3266개의 질문을 로드했습니다.
2025-12-05 01:27:41,571 - INFO - 부하 테스트 시작, client 수 = 2
2025-12-05 01:27:41,571 - INFO - 클라이언트 0 시작
2025-12-05 01:27:41,571 - INFO - 클라이언트 0 요청: 질문 인덱스 29
2025-12-05 01:27:41,572 - INFO - 클라이언트 1 시작
2025-12-05 01:27:41,572 - INFO - 클라이언트 1 요청: 질문 인덱스 3098
2025-12-05 01:27:48,051 - INFO - 클라이언트 0 요청: 질문 인덱스 1538
2025-12-05 01:28:01,208 - INFO - 클라이언트 0 요청: 질문 인덱스 1066
2025-12-05 01:28:02,665 - INFO - 클라이언트 1 요청: 질문 인덱스 2266
2025-12-05 01:28:17,944 - INFO - 클라이언트 1 요청: 질문 인덱스 109
2025-12-05 01:28:18,661 - INFO - 클라이언트 0 요청: 질문 인덱스 1384
2025-12-05 01:28:37,776 - INFO - 클라이언트 1 요청: 질문 인덱스 372
2025-12-05 01:28:45,753 - INFO - 클라이언트 0 요청: 질문 인덱스 2468
2025-12-05 01:28:56,761 - INFO - 클라이언트 1 요청: 질문 인덱스 2207
2025-12-05 01:29:06,122 - INFO - 클라이언트 0 요청: 질문 인덱스 2998
2025-12-05 01:29:07,798 - INFO - 클라이언트 1 요청: 질문 인덱스 841
2025-12-05 01:29:11,250 - INFO - 클라이언트 0 요청: 질문 인덱스 1787
2025-12-05 01:29:24,223 - INFO - 클라이언트 0 요청: 질문 인덱스 974
2025-12-05 01:29:24,554 - INFO - 클라이언트 1 요청: 질문 인덱스 59
2025-12-05 01:29:34,414 - INFO - 클라이언트 0 요청: 질문 인덱스 1241
2025-12-05 01:29:49,253 - INFO - 클라이언트 1 요청: 질문 인덱스 1417
2025-12-05 01:29:50,354 - INFO - 클라이언트 0 요청: 질문 인덱스 1289
2025-12-05 01:30:05,560 - INFO - 클라이언트 1 요청: 질문 인덱스 2043
2025-12-05 01:30:14,707 - INFO - 클라이언트 0 요청: 질문 인덱스 858
2025-12-05 01:30:18,903 - INFO - 클라이언트 1 요청: 질문 인덱스 1939
2025-12-05 01:30:24,596 - INFO - 클라이언트 0 요청: 질문 인덱스 3237
2025-12-05 01:30:35,538 - INFO - 클라이언트 1 요청: 질문 인덱스 262
2025-12-05 01:30:47,035 - INFO - 클라이언트 1 요청: 질문 인덱스 1169
2025-12-05 01:30:48,735 - INFO - 클라이언트 0 요청: 질문 인덱스 1482
2025-12-05 01:31:01,120 - INFO - 클라이언트 1 요청: 질문 인덱스 2026
2025-12-05 01:31:04,594 - INFO - 클라이언트 0 요청: 질문 인덱스 762
2025-12-05 01:31:15,029 - INFO - 클라이언트 0 요청: 질문 인덱스 2375
2025-12-05 01:31:15,241 - INFO - 클라이언트 1 요청: 질문 인덱스 1476
2025-12-05 01:31:22,455 - INFO - 클라이언트 0 요청: 질문 인덱스 1209
2025-12-05 01:31:30,572 - INFO - 클라이언트 0 요청: 질문 인덱스 3092
2025-12-05 01:31:39,841 - INFO - 클라이언트 0 요청: 질문 인덱스 1063
2025-12-05 01:31:41,233 - INFO - 클라이언트 1 요청: 질문 인덱스 800
2025-12-05 01:31:57,837 - INFO - 클라이언트 1 요청: 질문 인덱스 1996
2025-12-05 01:32:04,163 - INFO - 클라이언트 0 요청: 질문 인덱스 2939
2025-12-05 01:32:16,873 - INFO - 클라이언트 0 요청: 질문 인덱스 2045
2025-12-05 01:32:18,356 - INFO - 클라이언트 1 요청: 질문 인덱스 199
2025-12-05 01:32:29,992 - INFO - 클라이언트 0 요청: 질문 인덱스 315
2025-12-05 01:32:36,596 - INFO - 클라이언트 0 요청: 질문 인덱스 1501
2025-12-05 01:32:43,036 - INFO - 클라이언트 1 요청: 질문 인덱스 2211
2025-12-05 01:32:48,898 - INFO - 클라이언트 1 요청: 질문 인덱스 868
2025-12-05 01:32:58,051 - INFO - 클라이언트 0 요청: 질문 인덱스 2288
2025-12-05 01:33:01,831 - INFO - 클라이언트 1 요청: 질문 인덱스 1353
2025-12-05 01:33:03,634 - INFO - 클라이언트 0 요청: 질문 인덱스 84
통계에 반영된 요청 인덱스 범위: 0 ~ 44 (총 44개 요청)
statistics_start_time이 설정되지 않았습니다.
statistics_end_time이 설정되지 않았습니다.
통계 반영된 요청 수: 44, 통계 반영된 시간: 345.70 초

==================================================
 실험 최종 결과 요약
==================================================
 설정 실험 시간: 330 초
 Clients 수: 2
 통계 반영 시간: 345.70 초
 총 시도된 요청: 44 개
 총 완료된 요청: 44 개
 총 실패한 요청: 0 개
 완료 요청 중 retrieval이 실패한 요청: 0 개
 요청 성공률: 100.00%
 전체 Requests Per Second (RPS): 0.13
--------------------------------------------------
 Time to First Token (TTFT) Latency:
  - 평균 (Mean): 5.6191 초
  - 중간값 (50%ile): 5.4556 초
  - 최소값 (Min): 2.8773 초
  - 최대값 (Max): 8.7366 초
  - 95%ile Tail: 8.3505 초
  - 99%ile Tail: 8.6908 초
--------------------------------------------------
 Time Per Output Token (TPOT):
  - 평균 (Mean): 17.22 ms/token
--------------------------------------------------
 Embedding Latency:
  - 총 샘플 수: 44
  - 평균 (Mean): 11.66 ms
  - 중간값 (50%ile): 11.00 ms
  - 95%ile Tail: 17.55 ms
  - 99%ile Tail: 19.00 ms
--------------------------------------------------
 VectorDB Search Latency:
  - 총 샘플 수: 44
  - 평균 (Mean): 5526.34 ms
  - 중간값 (50%ile): 5364.50 ms
  - 95%ile Tail: 8245.95 ms
  - 99%ile Tail: 8653.54 ms
--------------------------------------------------
 Document Search Latency:
  - 총 샘플 수: 44
  - 평균 (Mean): 10.23 ms
  - 중간값 (50%ile): 9.00 ms
  - 95%ile Tail: 21.00 ms
  - 99%ile Tail: 25.42 ms
--------------------------------------------------
 Total Retrieval Latency:
  - 총 샘플 수: 44
  - 평균 (Mean): 5548.27 ms
  - 중간값 (50%ile): 5390.00 ms
  - 95%ile Tail: 8264.10 ms
  - 99%ile Tail: 8676.25 ms
==================================================
