2025-12-05 00:57:55,488 - INFO - ReqGen 시작: 서버=163.152.48.109:9000, 클라이언트=2, 시간=330초
2025-12-05 00:57:55,488 - INFO - Hugging Face에서 'kroshan/BioASQ' 데이터셋을 로드합니다...
2025-12-05 00:58:00,776 - INFO - 3266개의 질문을 로드했습니다.
2025-12-05 00:58:00,776 - INFO - 부하 테스트 시작, client 수 = 2
2025-12-05 00:58:00,777 - INFO - 클라이언트 0 시작
2025-12-05 00:58:00,777 - INFO - 클라이언트 0 요청: 질문 인덱스 1822
2025-12-05 00:58:00,777 - INFO - 클라이언트 1 시작
2025-12-05 00:58:00,777 - INFO - 클라이언트 1 요청: 질문 인덱스 1548
2025-12-05 00:58:05,363 - INFO - 클라이언트 1 요청: 질문 인덱스 2260
2025-12-05 00:58:10,406 - INFO - 클라이언트 1 요청: 질문 인덱스 303
2025-12-05 00:58:16,035 - INFO - 클라이언트 1 요청: 질문 인덱스 2421
2025-12-05 00:58:23,715 - INFO - 클라이언트 1 요청: 질문 인덱스 2943
2025-12-05 00:58:24,055 - INFO - 클라이언트 0 요청: 질문 인덱스 2451
2025-12-05 00:58:29,297 - INFO - 클라이언트 1 요청: 질문 인덱스 2931
2025-12-05 00:58:29,822 - INFO - 클라이언트 0 요청: 질문 인덱스 2569
2025-12-05 00:58:48,113 - INFO - 클라이언트 0 요청: 질문 인덱스 1920
2025-12-05 00:58:53,155 - INFO - 클라이언트 1 요청: 질문 인덱스 85
2025-12-05 00:59:06,248 - INFO - 클라이언트 0 요청: 질문 인덱스 527
2025-12-05 00:59:08,920 - INFO - 클라이언트 1 요청: 질문 인덱스 2793
2025-12-05 00:59:22,173 - INFO - 클라이언트 1 요청: 질문 인덱스 1898
2025-12-05 00:59:28,320 - INFO - 클라이언트 0 요청: 질문 인덱스 2134
2025-12-05 00:59:36,404 - INFO - 클라이언트 1 요청: 질문 인덱스 236
2025-12-05 00:59:43,373 - INFO - 클라이언트 1 요청: 질문 인덱스 2521
2025-12-05 00:59:43,656 - INFO - 클라이언트 0 요청: 질문 인덱스 2441
2025-12-05 00:59:48,929 - INFO - 클라이언트 1 요청: 질문 인덱스 1725
2025-12-05 01:00:03,923 - INFO - 클라이언트 0 요청: 질문 인덱스 289
2025-12-05 01:00:04,380 - INFO - 클라이언트 1 요청: 질문 인덱스 669
2025-12-05 01:00:19,142 - INFO - 클라이언트 0 요청: 질문 인덱스 11
2025-12-05 01:00:20,070 - INFO - 클라이언트 1 요청: 질문 인덱스 969
2025-12-05 01:00:29,869 - INFO - 클라이언트 1 요청: 질문 인덱스 44
2025-12-05 01:00:35,683 - INFO - 클라이언트 1 요청: 질문 인덱스 476
2025-12-05 01:00:39,010 - INFO - 클라이언트 0 요청: 질문 인덱스 2943
2025-12-05 01:00:42,346 - INFO - 클라이언트 0 요청: 질문 인덱스 1390
2025-12-05 01:00:53,387 - INFO - 클라이언트 1 요청: 질문 인덱스 1920
2025-12-05 01:00:57,830 - INFO - 클라이언트 0 요청: 질문 인덱스 161
2025-12-05 01:01:03,433 - INFO - 클라이언트 0 요청: 질문 인덱스 2405
2025-12-05 01:01:12,860 - INFO - 클라이언트 0 요청: 질문 인덱스 1483
2025-12-05 01:01:14,915 - INFO - 클라이언트 1 요청: 질문 인덱스 269
2025-12-05 01:01:18,734 - INFO - 클라이언트 1 요청: 질문 인덱스 1488
2025-12-05 01:01:34,076 - INFO - 클라이언트 0 요청: 질문 인덱스 2612
2025-12-05 01:01:36,541 - INFO - 클라이언트 1 요청: 질문 인덱스 384
2025-12-05 01:01:49,183 - INFO - 클라이언트 1 요청: 질문 인덱스 3083
2025-12-05 01:01:52,335 - INFO - 클라이언트 0 요청: 질문 인덱스 1960
2025-12-05 01:02:02,883 - INFO - 클라이언트 1 요청: 질문 인덱스 770
2025-12-05 01:02:10,267 - INFO - 클라이언트 0 요청: 질문 인덱스 415
2025-12-05 01:02:13,102 - INFO - 클라이언트 0 요청: 질문 인덱스 2269
2025-12-05 01:02:14,412 - INFO - 클라이언트 1 요청: 질문 인덱스 291
2025-12-05 01:02:26,331 - INFO - 클라이언트 0 요청: 질문 인덱스 172
2025-12-05 01:02:31,018 - INFO - 클라이언트 1 요청: 질문 인덱스 1679
2025-12-05 01:02:38,873 - INFO - 클라이언트 1 요청: 질문 인덱스 1018
2025-12-05 01:02:50,496 - INFO - 클라이언트 1 요청: 질문 인덱스 2253
2025-12-05 01:02:51,180 - INFO - 클라이언트 0 요청: 질문 인덱스 2538
2025-12-05 01:02:54,560 - INFO - 클라이언트 1 요청: 질문 인덱스 1145
2025-12-05 01:02:55,957 - INFO - 클라이언트 1 요청: 질문 인덱스 238
2025-12-05 01:03:01,818 - INFO - 클라이언트 1 요청: 질문 인덱스 3201
2025-12-05 01:03:08,743 - INFO - 클라이언트 0 요청: 질문 인덱스 2982
2025-12-05 01:03:16,698 - INFO - 클라이언트 0 요청: 질문 인덱스 1823
2025-12-05 01:03:16,796 - INFO - 클라이언트 1 요청: 질문 인덱스 2067
2025-12-05 01:03:23,772 - INFO - 클라이언트 1 요청: 질문 인덱스 1185
통계에 반영된 요청 인덱스 범위: 0 ~ 53 (총 53개 요청)
statistics_start_time이 설정되지 않았습니다.
statistics_end_time이 설정되지 않았습니다.
통계 반영된 요청 수: 53, 통계 반영된 시간: 332.13 초

==================================================
 실험 최종 결과 요약
==================================================
 설정 실험 시간: 330 초
 Clients 수: 2
 통계 반영 시간: 332.13 초
 총 시도된 요청: 53 개
 총 완료된 요청: 53 개
 총 실패한 요청: 0 개
 완료 요청 중 retrieval이 실패한 요청: 0 개
 요청 성공률: 100.00%
 전체 Requests Per Second (RPS): 0.16
--------------------------------------------------
 Time to First Token (TTFT) Latency:
  - 평균 (Mean): 3.1572 초
  - 중간값 (50%ile): 2.9186 초
  - 최소값 (Min): 0.2995 초
  - 최대값 (Max): 6.2728 초
  - 95%ile Tail: 5.2424 초
  - 99%ile Tail: 5.8881 초
--------------------------------------------------
 Time Per Output Token (TPOT):
  - 평균 (Mean): 17.45 ms/token
--------------------------------------------------
 Embedding Latency:
  - 총 샘플 수: 53
  - 평균 (Mean): 11.09 ms
  - 중간값 (50%ile): 11.00 ms
  - 95%ile Tail: 14.00 ms
  - 99%ile Tail: 18.48 ms
--------------------------------------------------
 VectorDB Search Latency:
  - 총 샘플 수: 53
  - 평균 (Mean): 3067.32 ms
  - 중간값 (50%ile): 2783.00 ms
  - 95%ile Tail: 5136.40 ms
  - 99%ile Tail: 5786.72 ms
--------------------------------------------------
 Document Search Latency:
  - 총 샘플 수: 53
  - 평균 (Mean): 10.57 ms
  - 중간값 (50%ile): 9.00 ms
  - 95%ile Tail: 27.40 ms
  - 99%ile Tail: 28.48 ms
--------------------------------------------------
 Total Retrieval Latency:
  - 총 샘플 수: 53
  - 평균 (Mean): 3089.00 ms
  - 중간값 (50%ile): 2803.00 ms
  - 95%ile Tail: 5154.40 ms
  - 99%ile Tail: 5806.24 ms
==================================================
