2025-11-21 10:45:07,571 - INFO - ReqGen 시작: 서버=163.152.48.109:9000, 클라이언트=2, 시간=330초
2025-11-21 10:45:07,572 - INFO - Hugging Face에서 'kroshan/BioASQ' 데이터셋을 로드합니다...
2025-11-21 10:45:13,273 - INFO - 3266개의 질문을 로드했습니다.
2025-11-21 10:45:13,274 - INFO - 부하 테스트 시작, client 수 = 2
통계에 반영된 요청 인덱스 범위: 0 ~ 501 (총 501개 요청)
statistics_start_time이 설정되지 않았습니다.
statistics_end_time이 설정되지 않았습니다.
통계 반영된 요청 수: 501, 통계 반영된 시간: 330.18 초

==================================================
 실험 최종 결과 요약
==================================================
 설정 실험 시간: 330 초
 Clients 수: 2
 통계 반영 시간: 330.18 초
 총 시도된 요청: 501 개
 총 완료된 요청: 501 개
 총 실패한 요청: 0 개
 완료 요청 중 retrieval이 실패한 요청: 0 개
 요청 성공률: 100.00%
 전체 Requests Per Second (RPS): 1.52
--------------------------------------------------
 Time to First Token (TTFT) Latency:
  - 평균 (Mean): 0.1277 초
  - 중간값 (50%ile): 0.1194 초
  - 최소값 (Min): 0.0273 초
  - 최대값 (Max): 0.3870 초
  - 95%ile Tail: 0.2485 초
  - 99%ile Tail: 0.3052 초
--------------------------------------------------
 Time Per Output Token (TPOT):
  - 평균 (Mean): 17.17 ms/token
--------------------------------------------------
 Embedding Latency:
  - 총 샘플 수: 313
  - 평균 (Mean): 6.02 ms
  - 중간값 (50%ile): 6.00 ms
  - 95%ile Tail: 8.00 ms
  - 99%ile Tail: 10.00 ms
--------------------------------------------------
 VectorDB Search Latency:
  - 총 샘플 수: 313
  - 평균 (Mean): 38.34 ms
  - 중간값 (50%ile): 14.00 ms
  - 95%ile Tail: 124.60 ms
  - 99%ile Tail: 158.28 ms
--------------------------------------------------
 Document Search Latency:
  - 총 샘플 수: 313
  - 평균 (Mean): 6.71 ms
  - 중간값 (50%ile): 7.00 ms
  - 95%ile Tail: 8.00 ms
  - 99%ile Tail: 8.00 ms
--------------------------------------------------
 Total Retrieval Latency:
  - 총 샘플 수: 501
  - 평균 (Mean): 57.94 ms
  - 중간값 (50%ile): 28.00 ms
  - 95%ile Tail: 153.00 ms
  - 99%ile Tail: 189.00 ms
==================================================
