2025-12-05 04:27:26,130 - INFO - ReqGen 시작: 서버=163.152.48.109:9000, 클라이언트=8000, 시간=330초
2025-12-05 04:27:26,130 - INFO - Hugging Face에서 'kroshan/BioASQ' 데이터셋을 로드합니다...
2025-12-05 04:27:31,432 - INFO - 3266개의 질문을 로드했습니다.
2025-12-05 04:27:31,432 - INFO - 부하 테스트 시작, client 수 = 8000
2025-12-05 04:27:34,755 - INFO - [실시간] 요청 1000개 처리 | 현재까지의 RPS: 300.97최근 1000개 request의 p99 TTFT: 0.2332 초 | 
2025-12-05 04:27:36,822 - INFO - [실시간] 요청 2000개 처리 | 현재까지의 RPS: 371.07최근 1000개 request의 p99 TTFT: 0.4120 초 | 
2025-12-05 04:27:38,855 - INFO - [실시간] 요청 3000개 처리 | 현재까지의 RPS: 404.14최근 1000개 request의 p99 TTFT: 0.1893 초 | 
2025-12-05 04:27:40,576 - INFO - [실시간] 요청 4000개 처리 | 현재까지의 RPS: 437.45최근 1000개 request의 p99 TTFT: 0.3844 초 | 
2025-12-05 04:27:42,179 - INFO - [실시간] 요청 5000개 처리 | 현재까지의 RPS: 465.26최근 1000개 request의 p99 TTFT: 0.3437 초 | 
2025-12-05 04:27:43,683 - INFO - [실시간] 요청 6000개 처리 | 현재까지의 RPS: 489.75최근 1000개 request의 p99 TTFT: 0.3528 초 | 
2025-12-05 04:27:45,227 - INFO - [실시간] 요청 7000개 처리 | 현재까지의 RPS: 507.44최근 1000개 request의 p99 TTFT: 0.5726 초 | 
2025-12-05 04:27:46,663 - INFO - [실시간] 요청 8000개 처리 | 현재까지의 RPS: 525.25최근 1000개 request의 p99 TTFT: 0.9547 초 | 
2025-12-05 04:27:48,084 - INFO - [실시간] 요청 9000개 처리 | 현재까지의 RPS: 540.47최근 1000개 request의 p99 TTFT: 1.9815 초 | 
2025-12-05 04:27:49,408 - INFO - [실시간] 요청 10000개 처리 | 현재까지의 RPS: 556.30최근 1000개 request의 p99 TTFT: 2.1454 초 | 
2025-12-05 04:27:50,793 - INFO - [실시간] 요청 11000개 처리 | 현재까지의 RPS: 568.15최근 1000개 request의 p99 TTFT: 2.4095 초 | 
2025-12-05 04:27:52,189 - INFO - [실시간] 요청 12000개 처리 | 현재까지의 RPS: 578.11최근 1000개 request의 p99 TTFT: 2.0511 초 | 
2025-12-05 04:27:53,498 - INFO - [실시간] 요청 13000개 처리 | 현재까지의 RPS: 589.13최근 1000개 request의 p99 TTFT: 4.5679 초 | 
2025-12-05 04:27:53,499 - WARNING - 최근 1000개의 p99 TTFT 4.5679 초가 SLO 의 4배 (4.0 초)를 초과했습니다. 부하 테스트를 조기 종료합니다.
2025-12-05 04:27:55,097 - INFO - [실시간] 요청 14000개 처리 | 현재까지의 RPS: 591.60최근 1000개 request의 p99 TTFT: 6.8878 초 | 
통계에 반영된 요청 인덱스 범위: 5000 ~ 13000 (총 8000개 요청)
통계 반영된 요청 수: 8000, 통계 반영된 시간: 11.32 초

==================================================
 실험 최종 결과 요약
==================================================
 부하 테스트가 조기 종료되었습니다! (SLO 위반)
 Client 수를 낮추어 다시 시도하세요.
 설정 실험 시간: 330 초
 Clients 수: 8000
 통계 반영 시간: 11.32 초
 총 시도된 요청: 8000 개
 총 완료된 요청: 8000 개
 총 실패한 요청: 0 개
 완료 요청 중 retrieval이 실패한 요청: -6277 개
 요청 성공률: 100.00%
 전체 Requests Per Second (RPS): 706.74
--------------------------------------------------
 Time to First Token (TTFT) Latency:
  - 평균 (Mean): 0.4147 초
  - 중간값 (50%ile): 0.2921 초
  - 최소값 (Min): 0.0230 초
  - 최대값 (Max): 7.4347 초
  - 95%ile Tail: 1.1885 초
  - 99%ile Tail: 2.3372 초
--------------------------------------------------
 Time Per Output Token (TPOT):
  - 평균 (Mean): 16.96 ms/token
--------------------------------------------------
 Embedding Latency:
  - 총 샘플 수: 8000
  - 평균 (Mean): 7.54 ms
  - 중간값 (50%ile): 6.00 ms
  - 95%ile Tail: 18.00 ms
  - 99%ile Tail: 36.00 ms
--------------------------------------------------
 VectorDB Search Latency:
  - 총 샘플 수: 8000
  - 평균 (Mean): 314.50 ms
  - 중간값 (50%ile): 196.00 ms
  - 95%ile Tail: 1046.00 ms
  - 99%ile Tail: 2237.13 ms
--------------------------------------------------
 Document Search Latency:
  - 총 샘플 수: 8000
  - 평균 (Mean): 21.40 ms
  - 중간값 (50%ile): 11.00 ms
  - 95%ile Tail: 68.00 ms
  - 99%ile Tail: 134.00 ms
--------------------------------------------------
 Total Retrieval Latency:
  - 총 샘플 수: 8000
  - 평균 (Mean): 343.46 ms
  - 중간값 (50%ile): 228.00 ms
  - 95%ile Tail: 1108.10 ms
  - 99%ile Tail: 2263.07 ms
==================================================
