2025-12-05 04:26:34,419 - INFO - ReqGen 시작: 서버=163.152.48.109:9000, 클라이언트=7500, 시간=330초
2025-12-05 04:26:34,419 - INFO - Hugging Face에서 'kroshan/BioASQ' 데이터셋을 로드합니다...
2025-12-05 04:26:39,864 - INFO - 3266개의 질문을 로드했습니다.
2025-12-05 04:26:39,864 - INFO - 부하 테스트 시작, client 수 = 7500
2025-12-05 04:26:43,272 - INFO - [실시간] 요청 1000개 처리 | 현재까지의 RPS: 293.47최근 1000개 request의 p99 TTFT: 0.2448 초 | 
2025-12-05 04:26:45,636 - INFO - [실시간] 요청 2000개 처리 | 현재까지의 RPS: 346.50최근 1000개 request의 p99 TTFT: 0.3845 초 | 
2025-12-05 04:26:47,663 - INFO - [실시간] 요청 3000개 처리 | 현재까지의 RPS: 384.66최근 1000개 request의 p99 TTFT: 0.3853 초 | 
2025-12-05 04:26:49,533 - INFO - [실시간] 요청 4000개 처리 | 현재까지의 RPS: 413.72최근 1000개 request의 p99 TTFT: 0.2444 초 | 
2025-12-05 04:26:51,191 - INFO - [실시간] 요청 5000개 처리 | 현재까지의 RPS: 441.44최근 1000개 request의 p99 TTFT: 0.4071 초 | 
2025-12-05 04:26:52,791 - INFO - [실시간] 요청 6000개 처리 | 현재까지의 RPS: 464.14최근 1000개 request의 p99 TTFT: 0.2231 초 | 
2025-12-05 04:26:54,378 - INFO - [실시간] 요청 7000개 처리 | 현재까지의 RPS: 482.31최근 1000개 request의 p99 TTFT: 0.4553 초 | 
2025-12-05 04:26:55,823 - INFO - [실시간] 요청 8000개 처리 | 현재까지의 RPS: 501.31최근 1000개 request의 p99 TTFT: 0.7962 초 | 
2025-12-05 04:26:57,172 - INFO - [실시간] 요청 9000개 처리 | 현재까지의 RPS: 519.99최근 1000개 request의 p99 TTFT: 1.0174 초 | 
2025-12-05 04:26:58,579 - INFO - [실시간] 요청 10000개 처리 | 현재까지의 RPS: 534.35최근 1000개 request의 p99 TTFT: 2.0013 초 | 
2025-12-05 04:26:59,960 - INFO - [실시간] 요청 11000개 처리 | 현재까지의 RPS: 547.37최근 1000개 request의 p99 TTFT: 2.3982 초 | 
2025-12-05 04:27:01,323 - INFO - [실시간] 요청 12000개 처리 | 현재까지의 RPS: 559.22최근 1000개 request의 p99 TTFT: 2.0959 초 | 
2025-12-05 04:27:02,680 - INFO - [실시간] 요청 13000개 처리 | 현재까지의 RPS: 569.78최근 1000개 request의 p99 TTFT: 4.9151 초 | 
2025-12-05 04:27:02,680 - WARNING - 최근 1000개의 p99 TTFT 4.9151 초가 SLO 의 4배 (4.0 초)를 초과했습니다. 부하 테스트를 조기 종료합니다.
통계에 반영된 요청 인덱스 범위: 5000 ~ 13000 (총 8000개 요청)
통계 반영된 요청 수: 8000, 통계 반영된 시간: 11.49 초

==================================================
 실험 최종 결과 요약
==================================================
 부하 테스트가 조기 종료되었습니다! (SLO 위반)
 Client 수를 낮추어 다시 시도하세요.
 설정 실험 시간: 330 초
 Clients 수: 7500
 통계 반영 시간: 11.49 초
 총 시도된 요청: 8000 개
 총 완료된 요청: 8000 개
 총 실패한 요청: 0 개
 완료 요청 중 retrieval이 실패한 요청: -5865 개
 요청 성공률: 100.00%
 전체 Requests Per Second (RPS): 696.30
--------------------------------------------------
 Time to First Token (TTFT) Latency:
  - 평균 (Mean): 0.3252 초
  - 중간값 (50%ile): 0.2063 초
  - 최소값 (Min): 0.0211 초
  - 최대값 (Max): 5.0219 초
  - 95%ile Tail: 0.9503 초
  - 99%ile Tail: 2.3498 초
--------------------------------------------------
 Time Per Output Token (TPOT):
  - 평균 (Mean): 16.96 ms/token
--------------------------------------------------
 Embedding Latency:
  - 총 샘플 수: 8000
  - 평균 (Mean): 7.25 ms
  - 중간값 (50%ile): 6.00 ms
  - 95%ile Tail: 16.00 ms
  - 99%ile Tail: 31.00 ms
--------------------------------------------------
 VectorDB Search Latency:
  - 총 샘플 수: 8000
  - 평균 (Mean): 231.15 ms
  - 중간값 (50%ile): 106.00 ms
  - 95%ile Tail: 842.05 ms
  - 99%ile Tail: 2261.09 ms
--------------------------------------------------
 Document Search Latency:
  - 총 샘플 수: 8000
  - 평균 (Mean): 18.63 ms
  - 중간값 (50%ile): 9.00 ms
  - 95%ile Tail: 58.05 ms
  - 99%ile Tail: 142.01 ms
--------------------------------------------------
 Total Retrieval Latency:
  - 총 샘플 수: 8000
  - 평균 (Mean): 257.04 ms
  - 중간값 (50%ile): 127.00 ms
  - 95%ile Tail: 882.05 ms
  - 99%ile Tail: 2317.12 ms
==================================================
