2025-12-04 22:05:36,861 - INFO - ReqGen 시작: 서버=163.152.48.109:9000, 클라이언트=4, 시간=330초
2025-12-04 22:05:36,861 - INFO - Hugging Face에서 'kroshan/BioASQ' 데이터셋을 로드합니다...
2025-12-04 22:05:46,555 - INFO - 3266개의 질문을 로드했습니다.
2025-12-04 22:05:46,556 - INFO - 부하 테스트 시작, client 수 = 4
통계에 반영된 요청 인덱스 범위: 0 ~ 585 (총 585개 요청)
statistics_start_time이 설정되지 않았습니다.
statistics_end_time이 설정되지 않았습니다.
통계 반영된 요청 수: 585, 통계 반영된 시간: 355.39 초

==================================================
 실험 최종 결과 요약
==================================================
 설정 실험 시간: 330 초
 Clients 수: 4
 통계 반영 시간: 355.39 초
 총 시도된 요청: 585 개
 총 완료된 요청: 585 개
 총 실패한 요청: 0 개
 완료 요청 중 retrieval이 실패한 요청: 22 개
 요청 성공률: 100.00%
 전체 Requests Per Second (RPS): 1.65
--------------------------------------------------
 Time to First Token (TTFT) Latency:
  - 평균 (Mean): 1.2496 초
  - 중간값 (50%ile): 0.0868 초
  - 최소값 (Min): 0.0211 초
  - 최대값 (Max): 31.0004 초
  - 95%ile Tail: 0.1648 초
  - 99%ile Tail: 30.9996 초
--------------------------------------------------
 Time Per Output Token (TPOT):
  - 평균 (Mean): 17.08 ms/token
--------------------------------------------------
 Embedding Latency:
  - 총 샘플 수: 357
  - 평균 (Mean): 6.23 ms
  - 중간값 (50%ile): 6.00 ms
  - 95%ile Tail: 8.00 ms
  - 99%ile Tail: 10.00 ms
--------------------------------------------------
 VectorDB Search Latency:
  - 총 샘플 수: 335
  - 평균 (Mean): 7.78 ms
  - 중간값 (50%ile): 7.00 ms
  - 95%ile Tail: 9.00 ms
  - 99%ile Tail: 11.00 ms
--------------------------------------------------
 Document Search Latency:
  - 총 샘플 수: 335
  - 평균 (Mean): 6.05 ms
  - 중간값 (50%ile): 6.00 ms
  - 95%ile Tail: 9.00 ms
  - 99%ile Tail: 12.00 ms
--------------------------------------------------
 Total Retrieval Latency:
  - 총 샘플 수: 563
  - 평균 (Mean): 20.83 ms
  - 중간값 (50%ile): 20.00 ms
  - 95%ile Tail: 26.00 ms
  - 99%ile Tail: 37.28 ms
==================================================
