2025-10-01 21:29:58,185 - INFO - ReqGen 시작: 서버=163.152.48.109:9000, 클라이언트=2, 시간=600초
2025-10-01 21:29:58,185 - INFO - Hugging Face에서 'kroshan/BioASQ' 데이터셋을 로드합니다...
2025-10-01 21:30:05,219 - INFO - 3266개의 질문을 로드했습니다.
2025-10-01 21:30:05,220 - INFO - 부하 테스트 시작, client 수 = 2
2025-10-01 21:30:05,221 - INFO - Zipf 값 1.2에서 상위 20%의 질문이 차지하는 비율: 91.82%
통계에 반영된 요청 인덱스 범위: 0 ~ 77 (총 77개 요청)
통계 반영된 요청 수: 77, 통계 반영된 시간: 622.24 초

==================================================
 실험 최종 결과 요약
==================================================
 설정 실험 시간: 600 초
 Clients 수: 2
 통계 반영 시간: 622.24 초
 총 시도된 요청: 77 개
 총 완료된 요청: 77 개
 총 실패한 요청: 0 개
 요청 성공률: 100.00%
 전체 Requests Per Second (RPS): 0.12
--------------------------------------------------
 Time to First Token (TTFT) Latency:
  - 평균 (Mean): 5.4131 초
  - 중간값 (50%ile): 5.0965 초
  - 95%ile Tail: 11.2031 초
  - 99%ile Tail: 14.2580 초
--------------------------------------------------
 Time Per Output Token (TPOT):
  - 평균 (Mean): 16.97 ms/token
--------------------------------------------------
 Embedding Latency:
  - 총 샘플 수: 48
  - 평균 (Mean): 12.08 ms
  - 중간값 (50%ile): 11.00 ms
  - 95%ile Tail: 18.65 ms
  - 99%ile Tail: 24.06 ms
--------------------------------------------------
 VectorDB Search Latency:
  - 총 샘플 수: 48
  - 평균 (Mean): 5001.77 ms
  - 중간값 (50%ile): 4646.00 ms
  - 95%ile Tail: 10765.00 ms
  - 99%ile Tail: 11600.76 ms
--------------------------------------------------
 Document Search Latency:
  - 총 샘플 수: 48
  - 평균 (Mean): 15.73 ms
  - 중간값 (50%ile): 8.00 ms
  - 95%ile Tail: 22.60 ms
  - 99%ile Tail: 175.99 ms
--------------------------------------------------
 Total Retrieval Latency:
  - 총 샘플 수: 77
  - 평균 (Mean): 5320.09 ms
  - 중간값 (50%ile): 4964.00 ms
  - 95%ile Tail: 11082.80 ms
  - 99%ile Tail: 14178.68 ms
==================================================
