2025-10-02 04:32:03,480 - INFO - ReqGen 시작: 서버=163.152.48.109:9000, 클라이언트=8, 시간=60초
2025-10-02 04:32:03,480 - INFO - Hugging Face에서 'kroshan/BioASQ' 데이터셋을 로드합니다...
2025-10-02 04:32:10,474 - INFO - 3266개의 질문을 로드했습니다.
2025-10-02 04:32:10,475 - INFO - 부하 테스트 시작, client 수 = 8
2025-10-02 04:32:10,476 - INFO - Zipf 값 1.2에서 상위 20%의 질문이 차지하는 비율: 91.82%
통계에 반영된 요청 인덱스 범위: 0 ~ 29 (총 29개 요청)
통계 반영된 요청 수: 29, 통계 반영된 시간: 87.85 초

==================================================
 실험 최종 결과 요약
==================================================
 설정 실험 시간: 60 초
 Clients 수: 8
 통계 반영 시간: 87.85 초
 총 시도된 요청: 29 개
 총 완료된 요청: 29 개
 총 실패한 요청: 0 개
 완료 요청 중 retrieval이 실패한 요청: 5 개
 요청 성공률: 100.00%
 전체 Requests Per Second (RPS): 0.33
--------------------------------------------------
 Time to First Token (TTFT) Latency:
  - 평균 (Mean): 11.6036 초
  - 중간값 (50%ile): 9.4427 초
  - 최소값 (Min): 0.0502 초
  - 최대값 (Max): 30.6340 초
  - 95%ile Tail: 30.5606 초
  - 99%ile Tail: 30.6338 초
--------------------------------------------------
 Time Per Output Token (TPOT):
  - 평균 (Mean): 16.56 ms/token
--------------------------------------------------
 Embedding Latency:
  - 총 샘플 수: 25
  - 평균 (Mean): 12.36 ms
  - 중간값 (50%ile): 11.00 ms
  - 95%ile Tail: 20.60 ms
  - 99%ile Tail: 25.80 ms
--------------------------------------------------
 VectorDB Search Latency:
  - 총 샘플 수: 21
  - 평균 (Mean): 8071.67 ms
  - 중간값 (50%ile): 9189.00 ms
  - 95%ile Tail: 14369.00 ms
  - 99%ile Tail: 15833.00 ms
--------------------------------------------------
 Document Search Latency:
  - 총 샘플 수: 21
  - 평균 (Mean): 26.10 ms
  - 중간값 (50%ile): 9.00 ms
  - 95%ile Tail: 40.00 ms
  - 99%ile Tail: 258.40 ms
--------------------------------------------------
 Total Retrieval Latency:
  - 총 샘플 수: 24
  - 평균 (Mean): 7615.79 ms
  - 중간값 (50%ile): 8668.50 ms
  - 95%ile Tail: 14293.80 ms
  - 99%ile Tail: 15810.88 ms
==================================================
