2025-10-02 04:33:40,088 - INFO - ReqGen 시작: 서버=163.152.48.109:9000, 클라이언트=4, 시간=60초
2025-10-02 04:33:40,088 - INFO - Hugging Face에서 'kroshan/BioASQ' 데이터셋을 로드합니다...
2025-10-02 04:33:47,474 - INFO - 3266개의 질문을 로드했습니다.
2025-10-02 04:33:47,475 - INFO - 부하 테스트 시작, client 수 = 4
2025-10-02 04:33:47,476 - INFO - Zipf 값 1.2에서 상위 20%의 질문이 차지하는 비율: 91.82%
통계에 반영된 요청 인덱스 범위: 0 ~ 24 (총 24개 요청)
통계 반영된 요청 수: 24, 통계 반영된 시간: 65.54 초

==================================================
 실험 최종 결과 요약
==================================================
 설정 실험 시간: 60 초
 Clients 수: 4
 통계 반영 시간: 65.54 초
 총 시도된 요청: 24 개
 총 완료된 요청: 24 개
 총 실패한 요청: 0 개
 완료 요청 중 retrieval이 실패한 요청: 0 개
 요청 성공률: 100.00%
 전체 Requests Per Second (RPS): 0.37
--------------------------------------------------
 Time to First Token (TTFT) Latency:
  - 평균 (Mean): 0.8322 초
  - 중간값 (50%ile): 0.2893 초
  - 최소값 (Min): 0.0496 초
  - 최대값 (Max): 6.7564 초
  - 95%ile Tail: 2.9117 초
  - 99%ile Tail: 5.9209 초
--------------------------------------------------
 Time Per Output Token (TPOT):
  - 평균 (Mean): 16.40 ms/token
--------------------------------------------------
 Embedding Latency:
  - 총 샘플 수: 21
  - 평균 (Mean): 11.62 ms
  - 중간값 (50%ile): 11.00 ms
  - 95%ile Tail: 17.00 ms
  - 99%ile Tail: 18.60 ms
--------------------------------------------------
 VectorDB Search Latency:
  - 총 샘플 수: 21
  - 평균 (Mean): 385.67 ms
  - 중간값 (50%ile): 75.00 ms
  - 95%ile Tail: 1609.00 ms
  - 99%ile Tail: 1651.40 ms
--------------------------------------------------
 Document Search Latency:
  - 총 샘플 수: 21
  - 평균 (Mean): 8.24 ms
  - 중간값 (50%ile): 8.00 ms
  - 95%ile Tail: 9.00 ms
  - 99%ile Tail: 11.40 ms
--------------------------------------------------
 Total Retrieval Latency:
  - 총 샘플 수: 24
  - 평균 (Mean): 762.17 ms
  - 중간값 (50%ile): 209.00 ms
  - 95%ile Tail: 2827.50 ms
  - 99%ile Tail: 5761.96 ms
==================================================
