2025-11-17 17:29:33,422 - INFO - ReqGen 시작: 서버=163.152.48.109:9000, 클라이언트=5700, 시간=330초
2025-11-17 17:29:33,422 - INFO - Hugging Face에서 'kroshan/BioASQ' 데이터셋을 로드합니다...
2025-11-17 17:29:39,250 - INFO - 3266개의 질문을 로드했습니다.
2025-11-17 17:29:39,251 - INFO - 부하 테스트 시작, client 수 = 5700
2025-11-17 17:29:39,251 - INFO - Zipf 값 1.2에서 상위 20%의 질문이 차지하는 비율: 91.82%
2025-11-17 17:29:41,859 - INFO - [실시간] 요청 1000개 처리 | 현재까지의 RPS: 383.39최근 1000개 request의 p99 TTFT: 0.4024 초 | 
2025-11-17 17:29:43,510 - INFO - [실시간] 요청 2000개 처리 | 현재까지의 RPS: 469.55최근 1000개 request의 p99 TTFT: 0.3851 초 | 
2025-11-17 17:29:44,988 - INFO - [실시간] 요청 3000개 처리 | 현재까지의 RPS: 522.90최근 1000개 request의 p99 TTFT: 0.4359 초 | 
2025-11-17 17:29:46,323 - INFO - [실시간] 요청 4000개 처리 | 현재까지의 RPS: 565.61최근 1000개 request의 p99 TTFT: 0.4571 초 | 
2025-11-17 17:29:47,869 - INFO - [실시간] 요청 5000개 처리 | 현재까지의 RPS: 580.17최근 1000개 request의 p99 TTFT: 0.2630 초 | 
2025-11-17 17:29:49,112 - INFO - [실시간] 요청 6000개 처리 | 현재까지의 RPS: 608.46최근 1000개 request의 p99 TTFT: 0.6857 초 | 
2025-11-17 17:29:50,460 - INFO - [실시간] 요청 7000개 처리 | 현재까지의 RPS: 624.50최근 1000개 request의 p99 TTFT: 1.0487 초 | 
2025-11-17 17:29:52,505 - INFO - [실시간] 요청 8000개 처리 | 현재까지의 RPS: 603.57최근 1000개 request의 p99 TTFT: 1.0346 초 | 
2025-11-17 17:29:55,147 - INFO - [실시간] 요청 9000개 처리 | 현재까지의 RPS: 566.16최근 1000개 request의 p99 TTFT: 0.2066 초 | 
2025-11-17 17:29:57,390 - INFO - [실시간] 요청 10000개 처리 | 현재까지의 RPS: 551.28최근 1000개 request의 p99 TTFT: 0.1970 초 | 
2025-11-17 17:29:59,484 - INFO - [실시간] 요청 11000개 처리 | 현재까지의 RPS: 543.66최근 1000개 request의 p99 TTFT: 0.4153 초 | 
2025-11-17 17:30:01,327 - INFO - [실시간] 요청 12000개 처리 | 현재까지의 RPS: 543.57최근 1000개 request의 p99 TTFT: 0.1996 초 | 
2025-11-17 17:30:03,143 - INFO - [실시간] 요청 13000개 처리 | 현재까지의 RPS: 544.11최근 1000개 request의 p99 TTFT: 0.1929 초 | 
2025-11-17 17:30:04,809 - INFO - [실시간] 요청 14000개 처리 | 현재까지의 RPS: 547.77최근 1000개 request의 p99 TTFT: 0.2154 초 | 
2025-11-17 17:30:06,646 - INFO - [실시간] 요청 15000개 처리 | 현재까지의 RPS: 547.53최근 1000개 request의 p99 TTFT: 0.2215 초 | 
2025-11-17 17:30:08,561 - INFO - [실시간] 요청 16000개 처리 | 현재까지의 RPS: 545.88최근 1000개 request의 p99 TTFT: 0.2786 초 | 
2025-11-17 17:30:10,372 - INFO - [실시간] 요청 17000개 처리 | 현재까지의 RPS: 546.26최근 1000개 request의 p99 TTFT: 0.7254 초 | 
2025-11-17 17:30:12,268 - INFO - [실시간] 요청 18000개 처리 | 현재까지의 RPS: 545.16최근 1000개 request의 p99 TTFT: 0.3762 초 | 
2025-11-17 17:30:14,273 - INFO - [실시간] 요청 19000개 처리 | 현재까지의 RPS: 542.51최근 1000개 request의 p99 TTFT: 0.2193 초 | 
2025-11-17 17:30:16,233 - INFO - [실시간] 요청 20000개 처리 | 현재까지의 RPS: 540.80최근 1000개 request의 p99 TTFT: 0.1900 초 | 
2025-11-17 17:30:18,148 - INFO - [실시간] 요청 21000개 처리 | 현재까지의 RPS: 539.88최근 1000개 request의 p99 TTFT: 0.1989 초 | 
2025-11-17 17:30:20,061 - INFO - [실시간] 요청 22000개 처리 | 현재까지의 RPS: 539.08최근 1000개 request의 p99 TTFT: 0.3778 초 | 
2025-11-17 17:30:22,005 - INFO - [실시간] 요청 23000개 처리 | 현재까지의 RPS: 537.96최근 1000개 request의 p99 TTFT: 0.1997 초 | 
2025-11-17 17:30:23,909 - INFO - [실시간] 요청 24000개 처리 | 현재까지의 RPS: 537.42최근 1000개 request의 p99 TTFT: 0.4779 초 | 
2025-11-17 17:30:25,692 - INFO - [실시간] 요청 25000개 처리 | 현재까지의 RPS: 538.31최근 1000개 request의 p99 TTFT: 0.2033 초 | 
2025-11-17 17:30:27,572 - INFO - [실시간] 요청 26000개 처리 | 현재까지의 RPS: 538.07최근 1000개 request의 p99 TTFT: 0.2076 초 | 
2025-11-17 17:30:29,460 - INFO - [실시간] 요청 27000개 처리 | 현재까지의 RPS: 537.75최근 1000개 request의 p99 TTFT: 0.2003 초 | 
2025-11-17 17:30:31,367 - INFO - [실시간] 요청 28000개 처리 | 현재까지의 RPS: 537.26최근 1000개 request의 p99 TTFT: 0.3844 초 | 
2025-11-17 17:30:33,298 - INFO - [실시간] 요청 29000개 처리 | 현재까지의 RPS: 536.57최근 1000개 request의 p99 TTFT: 0.2136 초 | 
2025-11-17 17:30:35,124 - INFO - [실시간] 요청 30000개 처리 | 현재까지의 RPS: 536.93최근 1000개 request의 p99 TTFT: 0.5148 초 | 
2025-11-17 17:30:36,990 - INFO - [실시간] 요청 31000개 처리 | 현재까지의 RPS: 536.89최근 1000개 request의 p99 TTFT: 0.1954 초 | 
2025-11-17 17:30:38,852 - INFO - [실시간] 요청 32000개 처리 | 현재까지의 RPS: 536.90최근 1000개 request의 p99 TTFT: 0.4004 초 | 
2025-11-17 17:30:40,716 - INFO - [실시간] 요청 33000개 처리 | 현재까지의 RPS: 536.89최근 1000개 request의 p99 TTFT: 0.2072 초 | 
2025-11-17 17:30:42,634 - INFO - [실시간] 요청 34000개 처리 | 현재까지의 RPS: 536.42최근 1000개 request의 p99 TTFT: 0.3857 초 | 
2025-11-17 17:30:44,550 - INFO - [실시간] 요청 35000개 처리 | 현재까지의 RPS: 535.99최근 1000개 request의 p99 TTFT: 0.1978 초 | 
2025-11-17 17:30:46,421 - INFO - [실시간] 요청 36000개 처리 | 현재까지의 RPS: 535.95최근 1000개 request의 p99 TTFT: 0.2341 초 | 
2025-11-17 17:30:48,325 - INFO - [실시간] 요청 37000개 처리 | 현재까지의 RPS: 535.66최근 1000개 request의 p99 TTFT: 0.4082 초 | 
2025-11-17 17:30:50,299 - INFO - [실시간] 요청 38000개 처리 | 현재까지의 RPS: 534.84최근 1000개 request의 p99 TTFT: 0.1859 초 | 
2025-11-17 17:30:52,217 - INFO - [실시간] 요청 39000개 처리 | 현재까지의 RPS: 534.49최근 1000개 request의 p99 TTFT: 0.2898 초 | 
2025-11-17 17:30:54,104 - INFO - [실시간] 요청 40000개 처리 | 현재까지의 RPS: 534.38최근 1000개 request의 p99 TTFT: 0.1956 초 | 
2025-11-17 17:30:55,890 - INFO - [실시간] 요청 41000개 처리 | 현재까지의 RPS: 534.97최근 1000개 request의 p99 TTFT: 0.2162 초 | 
2025-11-17 17:30:57,764 - INFO - [실시간] 요청 42000개 처리 | 현재까지의 RPS: 534.94최근 1000개 request의 p99 TTFT: 0.3757 초 | 
2025-11-17 17:30:59,610 - INFO - [실시간] 요청 43000개 처리 | 현재까지의 RPS: 535.10최근 1000개 request의 p99 TTFT: 0.2052 초 | 
2025-11-17 17:31:01,459 - INFO - [실시간] 요청 44000개 처리 | 현재까지의 RPS: 535.22최근 1000개 request의 p99 TTFT: 0.3762 초 | 
2025-11-17 17:31:03,305 - INFO - [실시간] 요청 45000개 처리 | 현재까지의 RPS: 535.37최근 1000개 request의 p99 TTFT: 0.4734 초 | 
2025-11-17 17:31:05,176 - INFO - [실시간] 요청 46000개 처리 | 현재까지의 RPS: 535.35최근 1000개 request의 p99 TTFT: 0.2211 초 | 
2025-11-17 17:31:07,230 - INFO - [실시간] 요청 47000개 처리 | 현재까지의 RPS: 534.22최근 1000개 request의 p99 TTFT: 0.9796 초 | 
2025-11-17 17:31:09,049 - INFO - [실시간] 요청 48000개 처리 | 현재까지의 RPS: 534.53최근 1000개 request의 p99 TTFT: 0.8615 초 | 
2025-11-17 17:31:10,993 - INFO - [실시간] 요청 49000개 처리 | 현재까지의 RPS: 534.11최근 1000개 request의 p99 TTFT: 0.2111 초 | 
2025-11-17 17:31:12,874 - INFO - [실시간] 요청 50000개 처리 | 현재까지의 RPS: 534.06최근 1000개 request의 p99 TTFT: 0.4439 초 | 
2025-11-17 17:31:14,738 - INFO - [실시간] 요청 51000개 처리 | 현재까지의 RPS: 534.10최근 1000개 request의 p99 TTFT: 0.2041 초 | 
2025-11-17 17:31:16,511 - INFO - [실시간] 요청 52000개 처리 | 현재까지의 RPS: 534.65최근 1000개 request의 p99 TTFT: 0.2046 초 | 
2025-11-17 17:31:18,402 - INFO - [실시간] 요청 53000개 처리 | 현재까지의 RPS: 534.54최근 1000개 request의 p99 TTFT: 0.2432 초 | 
2025-11-17 17:31:20,304 - INFO - [실시간] 요청 54000개 처리 | 현재까지의 RPS: 534.37최근 1000개 request의 p99 TTFT: 0.2192 초 | 
2025-11-17 17:31:22,150 - INFO - [실시간] 요청 55000개 처리 | 현재까지의 RPS: 534.50최근 1000개 request의 p99 TTFT: 0.4257 초 | 
2025-11-17 17:31:24,018 - INFO - [실시간] 요청 56000개 처리 | 현재까지의 RPS: 534.52최근 1000개 request의 p99 TTFT: 0.2174 초 | 
2025-11-17 17:31:26,067 - INFO - [실시간] 요청 57000개 처리 | 현재까지의 RPS: 533.62최근 1000개 request의 p99 TTFT: 0.2061 초 | 
2025-11-17 17:31:28,036 - INFO - [실시간] 요청 58000개 처리 | 현재까지의 RPS: 533.16최근 1000개 request의 p99 TTFT: 0.3379 초 | 
2025-11-17 17:31:29,845 - INFO - [실시간] 요청 59000개 처리 | 현재까지의 RPS: 533.48최근 1000개 request의 p99 TTFT: 0.7509 초 | 
2025-11-17 17:31:31,734 - INFO - [실시간] 요청 60000개 처리 | 현재까지의 RPS: 533.41최근 1000개 request의 p99 TTFT: 0.2052 초 | 
2025-11-17 17:31:33,680 - INFO - [실시간] 요청 61000개 처리 | 현재까지의 RPS: 533.08최근 1000개 request의 p99 TTFT: 0.4588 초 | 
2025-11-17 17:31:35,679 - INFO - [실시간] 요청 62000개 처리 | 현재까지의 RPS: 532.52최근 1000개 request의 p99 TTFT: 0.4140 초 | 
2025-11-17 17:31:37,642 - INFO - [실시간] 요청 63000개 처리 | 현재까지의 RPS: 532.13최근 1000개 request의 p99 TTFT: 0.2129 초 | 
2025-11-17 17:31:39,469 - INFO - [실시간] 요청 64000개 처리 | 현재까지의 RPS: 532.37최근 1000개 request의 p99 TTFT: 0.2108 초 | 
2025-11-17 17:31:41,364 - INFO - [실시간] 요청 65000개 처리 | 현재까지의 RPS: 532.29최근 1000개 request의 p99 TTFT: 0.2099 초 | 
2025-11-17 17:31:43,256 - INFO - [실시간] 요청 66000개 처리 | 현재까지의 RPS: 532.24최근 1000개 request의 p99 TTFT: 0.2285 초 | 
2025-11-17 17:31:45,294 - INFO - [실시간] 요청 67000개 처리 | 현재까지의 RPS: 531.56최근 1000개 request의 p99 TTFT: 0.2155 초 | 
2025-11-17 17:31:47,201 - INFO - [실시간] 요청 68000개 처리 | 현재까지의 RPS: 531.46최근 1000개 request의 p99 TTFT: 0.4781 초 | 
2025-11-17 17:31:49,096 - INFO - [실시간] 요청 69000개 처리 | 현재까지의 RPS: 531.40최근 1000개 request의 p99 TTFT: 0.4786 초 | 
2025-11-17 17:31:51,084 - INFO - [실시간] 요청 70000개 처리 | 현재까지의 RPS: 530.98최근 1000개 request의 p99 TTFT: 0.2348 초 | 
2025-11-17 17:31:53,067 - INFO - [실시간] 요청 71000개 처리 | 현재까지의 RPS: 530.58최근 1000개 request의 p99 TTFT: 0.2417 초 | 
2025-11-17 17:31:54,907 - INFO - [실시간] 요청 72000개 처리 | 현재까지의 RPS: 530.75최근 1000개 request의 p99 TTFT: 0.2387 초 | 
2025-11-17 17:31:56,792 - INFO - [실시간] 요청 73000개 처리 | 현재까지의 RPS: 530.75최근 1000개 request의 p99 TTFT: 0.2752 초 | 
2025-11-17 17:31:58,644 - INFO - [실시간] 요청 74000개 처리 | 현재까지의 RPS: 530.87최근 1000개 request의 p99 TTFT: 0.2645 초 | 
2025-11-17 17:32:00,599 - INFO - [실시간] 요청 75000개 처리 | 현재까지의 RPS: 530.61최근 1000개 request의 p99 TTFT: 0.2367 초 | 
2025-11-17 17:32:02,512 - INFO - [실시간] 요청 76000개 처리 | 현재까지의 RPS: 530.50최근 1000개 request의 p99 TTFT: 0.4896 초 | 
2025-11-17 17:32:04,389 - INFO - [실시간] 요청 77000개 처리 | 현재까지의 RPS: 530.53최근 1000개 request의 p99 TTFT: 0.4109 초 | 
2025-11-17 17:32:06,225 - INFO - [실시간] 요청 78000개 처리 | 현재까지의 RPS: 530.71최근 1000개 request의 p99 TTFT: 0.2350 초 | 
2025-11-17 17:32:08,197 - INFO - [실시간] 요청 79000개 처리 | 현재까지의 RPS: 530.39최근 1000개 request의 p99 TTFT: 0.6581 초 | 
2025-11-17 17:32:10,021 - INFO - [실시간] 요청 80000개 처리 | 현재까지의 RPS: 530.61최근 1000개 request의 p99 TTFT: 0.4806 초 | 
2025-11-17 17:32:11,981 - INFO - [실시간] 요청 81000개 처리 | 현재까지의 RPS: 530.35최근 1000개 request의 p99 TTFT: 0.2386 초 | 
2025-11-17 17:32:13,785 - INFO - [실시간] 요청 82000개 처리 | 현재까지의 RPS: 530.63최근 1000개 request의 p99 TTFT: 0.2713 초 | 
2025-11-17 17:32:15,737 - INFO - [실시간] 요청 83000개 처리 | 현재까지의 RPS: 530.40최근 1000개 request의 p99 TTFT: 0.2440 초 | 
2025-11-17 17:32:17,741 - INFO - [실시간] 요청 84000개 처리 | 현재까지의 RPS: 530.00최근 1000개 request의 p99 TTFT: 0.4878 초 | 
2025-11-17 17:32:19,666 - INFO - [실시간] 요청 85000개 처리 | 현재까지의 RPS: 529.88최근 1000개 request의 p99 TTFT: 0.2409 초 | 
2025-11-17 17:32:21,493 - INFO - [실시간] 요청 86000개 처리 | 현재까지의 RPS: 530.07최근 1000개 request의 p99 TTFT: 0.2300 초 | 
2025-11-17 17:32:23,412 - INFO - [실시간] 요청 87000개 처리 | 현재까지의 RPS: 529.97최근 1000개 request의 p99 TTFT: 0.3994 초 | 
2025-11-17 17:32:25,354 - INFO - [실시간] 요청 88000개 처리 | 현재까지의 RPS: 529.79최근 1000개 request의 p99 TTFT: 0.2313 초 | 
2025-11-17 17:32:27,367 - INFO - [실시간] 요청 89000개 처리 | 현재까지의 RPS: 529.40최근 1000개 request의 p99 TTFT: 0.2271 초 | 
2025-11-17 17:32:29,256 - INFO - [실시간] 요청 90000개 처리 | 현재까지의 RPS: 529.39최근 1000개 request의 p99 TTFT: 0.4234 초 | 
2025-11-17 17:32:31,132 - INFO - [실시간] 요청 91000개 처리 | 현재까지의 RPS: 529.43최근 1000개 request의 p99 TTFT: 0.2275 초 | 
2025-11-17 17:32:33,027 - INFO - [실시간] 요청 92000개 처리 | 현재까지의 RPS: 529.42최근 1000개 request의 p99 TTFT: 0.2752 초 | 
2025-11-17 17:32:34,953 - INFO - [실시간] 요청 93000개 처리 | 현재까지의 RPS: 529.30최근 1000개 request의 p99 TTFT: 0.4085 초 | 
2025-11-17 17:32:36,786 - INFO - [실시간] 요청 94000개 처리 | 현재까지의 RPS: 529.47최근 1000개 request의 p99 TTFT: 0.2333 초 | 
2025-11-17 17:32:38,694 - INFO - [실시간] 요청 95000개 처리 | 현재까지의 RPS: 529.42최근 1000개 request의 p99 TTFT: 0.4581 초 | 
2025-11-17 17:32:40,605 - INFO - [실시간] 요청 96000개 처리 | 현재까지의 RPS: 529.35최근 1000개 request의 p99 TTFT: 0.4411 초 | 
2025-11-17 17:32:42,455 - INFO - [실시간] 요청 97000개 처리 | 현재까지의 RPS: 529.46최근 1000개 request의 p99 TTFT: 0.2472 초 | 
2025-11-17 17:32:44,292 - INFO - [실시간] 요청 98000개 처리 | 현재까지의 RPS: 529.61최근 1000개 request의 p99 TTFT: 0.2685 초 | 
2025-11-17 17:32:46,321 - INFO - [실시간] 요청 99000개 처리 | 현재까지의 RPS: 529.21최근 1000개 request의 p99 TTFT: 0.4312 초 | 
2025-11-17 17:32:48,210 - INFO - [실시간] 요청 100000개 처리 | 현재까지의 RPS: 529.22최근 1000개 request의 p99 TTFT: 0.5288 초 | 
2025-11-17 17:32:50,109 - INFO - [실시간] 요청 101000개 처리 | 현재까지의 RPS: 529.19최근 1000개 request의 p99 TTFT: 0.4045 초 | 
2025-11-17 17:32:52,022 - INFO - [실시간] 요청 102000개 처리 | 현재까지의 RPS: 529.12최근 1000개 request의 p99 TTFT: 0.4503 초 | 
2025-11-17 17:32:53,942 - INFO - [실시간] 요청 103000개 처리 | 현재까지의 RPS: 529.04최근 1000개 request의 p99 TTFT: 0.2596 초 | 
2025-11-17 17:32:55,840 - INFO - [실시간] 요청 104000개 처리 | 현재까지의 RPS: 529.02최근 1000개 request의 p99 TTFT: 0.2310 초 | 
2025-11-17 17:32:57,750 - INFO - [실시간] 요청 105000개 처리 | 현재까지의 RPS: 528.97최근 1000개 request의 p99 TTFT: 0.2883 초 | 
2025-11-17 17:32:59,581 - INFO - [실시간] 요청 106000개 처리 | 현재까지의 RPS: 529.13최근 1000개 request의 p99 TTFT: 0.3190 초 | 
2025-11-17 17:33:01,550 - INFO - [실시간] 요청 107000개 처리 | 현재까지의 RPS: 528.92최근 1000개 request의 p99 TTFT: 0.2220 초 | 
2025-11-17 17:33:03,541 - INFO - [실시간] 요청 108000개 처리 | 현재까지의 RPS: 528.66최근 1000개 request의 p99 TTFT: 0.2329 초 | 
2025-11-17 17:33:05,418 - INFO - [실시간] 요청 109000개 처리 | 현재까지의 RPS: 528.70최근 1000개 request의 p99 TTFT: 0.3065 초 | 
2025-11-17 17:33:07,456 - INFO - [실시간] 요청 110000개 처리 | 현재까지의 RPS: 528.32최근 1000개 request의 p99 TTFT: 1.1072 초 | 
2025-11-17 17:33:09,123 - INFO - [실시간] 요청 111000개 처리 | 현재까지의 RPS: 528.89최근 1000개 request의 p99 TTFT: 1.1823 초 | 
2025-11-17 17:33:10,970 - INFO - [실시간] 요청 112000개 처리 | 현재까지의 RPS: 529.00최근 1000개 request의 p99 TTFT: 0.2022 초 | 
2025-11-17 17:33:12,962 - INFO - [실시간] 요청 113000개 처리 | 현재까지의 RPS: 528.75최근 1000개 request의 p99 TTFT: 0.2029 초 | 
2025-11-17 17:33:14,821 - INFO - [실시간] 요청 114000개 처리 | 현재까지의 RPS: 528.83최근 1000개 request의 p99 TTFT: 0.2006 초 | 
2025-11-17 17:33:16,659 - INFO - [실시간] 요청 115000개 처리 | 현재까지의 RPS: 528.96최근 1000개 request의 p99 TTFT: 0.3339 초 | 
2025-11-17 17:33:18,610 - INFO - [실시간] 요청 116000개 처리 | 현재까지의 RPS: 528.81최근 1000개 request의 p99 TTFT: 0.3300 초 | 
2025-11-17 17:33:20,527 - INFO - [실시간] 요청 117000개 처리 | 현재까지의 RPS: 528.75최근 1000개 request의 p99 TTFT: 0.2118 초 | 
2025-11-17 17:33:22,484 - INFO - [실시간] 요청 118000개 처리 | 현재까지의 RPS: 528.60최근 1000개 request의 p99 TTFT: 0.4000 초 | 
2025-11-17 17:33:24,420 - INFO - [실시간] 요청 119000개 처리 | 현재까지의 RPS: 528.49최근 1000개 request의 p99 TTFT: 0.3856 초 | 
2025-11-17 17:33:26,295 - INFO - [실시간] 요청 120000개 처리 | 현재까지의 RPS: 528.53최근 1000개 request의 p99 TTFT: 0.2068 초 | 
2025-11-17 17:33:28,173 - INFO - [실시간] 요청 121000개 처리 | 현재까지의 RPS: 528.56최근 1000개 request의 p99 TTFT: 0.1994 초 | 
2025-11-17 17:33:30,076 - INFO - [실시간] 요청 122000개 처리 | 현재까지의 RPS: 528.54최근 1000개 request의 p99 TTFT: 0.4825 초 | 
2025-11-17 17:33:31,988 - INFO - [실시간] 요청 123000개 처리 | 현재까지의 RPS: 528.49최근 1000개 request의 p99 TTFT: 0.2270 초 | 
2025-11-17 17:33:33,860 - INFO - [실시간] 요청 124000개 처리 | 현재까지의 RPS: 528.54최근 1000개 request의 p99 TTFT: 0.2268 초 | 
2025-11-17 17:33:35,736 - INFO - [실시간] 요청 125000개 처리 | 현재까지의 RPS: 528.57최근 1000개 request의 p99 TTFT: 0.2048 초 | 
2025-11-17 17:33:37,632 - INFO - [실시간] 요청 126000개 처리 | 현재까지의 RPS: 528.57최근 1000개 request의 p99 TTFT: 0.3468 초 | 
2025-11-17 17:33:39,564 - INFO - [실시간] 요청 127000개 처리 | 현재까지의 RPS: 528.48최근 1000개 request의 p99 TTFT: 0.2106 초 | 
2025-11-17 17:33:41,466 - INFO - [실시간] 요청 128000개 처리 | 현재까지의 RPS: 528.46최근 1000개 request의 p99 TTFT: 0.2291 초 | 
2025-11-17 17:33:43,385 - INFO - [실시간] 요청 129000개 처리 | 현재까지의 RPS: 528.40최근 1000개 request의 p99 TTFT: 0.2021 초 | 
2025-11-17 17:33:45,234 - INFO - [실시간] 요청 130000개 처리 | 현재까지의 RPS: 528.49최근 1000개 request의 p99 TTFT: 0.2072 초 | 
2025-11-17 17:33:47,096 - INFO - [실시간] 요청 131000개 처리 | 현재까지의 RPS: 528.56최근 1000개 request의 p99 TTFT: 0.1905 초 | 
2025-11-17 17:33:48,939 - INFO - [실시간] 요청 132000개 처리 | 현재까지의 RPS: 528.66최근 1000개 request의 p99 TTFT: 0.2300 초 | 
2025-11-17 17:33:50,879 - INFO - [실시간] 요청 133000개 처리 | 현재까지의 RPS: 528.56최근 1000개 request의 p99 TTFT: 0.2138 초 | 
2025-11-17 17:33:52,766 - INFO - [실시간] 요청 134000개 처리 | 현재까지의 RPS: 528.57최근 1000개 request의 p99 TTFT: 0.4119 초 | 
2025-11-17 17:33:54,720 - INFO - [실시간] 요청 135000개 처리 | 현재까지의 RPS: 528.44최근 1000개 request의 p99 TTFT: 0.4114 초 | 
2025-11-17 17:33:56,569 - INFO - [실시간] 요청 136000개 처리 | 현재까지의 RPS: 528.53최근 1000개 request의 p99 TTFT: 0.2295 초 | 
2025-11-17 17:33:58,483 - INFO - [실시간] 요청 137000개 처리 | 현재까지의 RPS: 528.48최근 1000개 request의 p99 TTFT: 0.1972 초 | 
2025-11-17 17:34:00,379 - INFO - [실시간] 요청 138000개 처리 | 현재까지의 RPS: 528.48최근 1000개 request의 p99 TTFT: 0.2031 초 | 
2025-11-17 17:34:02,323 - INFO - [실시간] 요청 139000개 처리 | 현재까지의 RPS: 528.37최근 1000개 request의 p99 TTFT: 0.3585 초 | 
2025-11-17 17:34:04,066 - INFO - [실시간] 요청 140000개 처리 | 현재까지의 RPS: 528.67최근 1000개 request의 p99 TTFT: 0.4408 초 | 
2025-11-17 17:34:05,928 - INFO - [실시간] 요청 141000개 처리 | 현재까지의 RPS: 528.73최근 1000개 request의 p99 TTFT: 0.5038 초 | 
2025-11-17 17:34:07,818 - INFO - [실시간] 요청 142000개 처리 | 현재까지의 RPS: 528.73최근 1000개 request의 p99 TTFT: 0.4033 초 | 
2025-11-17 17:34:09,659 - INFO - [실시간] 요청 143000개 처리 | 현재까지의 RPS: 528.83최근 1000개 request의 p99 TTFT: 0.2108 초 | 
2025-11-17 17:34:11,598 - INFO - [실시간] 요청 144000개 처리 | 현재까지의 RPS: 528.74최근 1000개 request의 p99 TTFT: 0.2073 초 | 
2025-11-17 17:34:13,445 - INFO - [실시간] 요청 145000개 처리 | 현재까지의 RPS: 528.82최근 1000개 request의 p99 TTFT: 0.2005 초 | 
2025-11-17 17:34:15,339 - INFO - [실시간] 요청 146000개 처리 | 현재까지의 RPS: 528.82최근 1000개 request의 p99 TTFT: 0.2206 초 | 
2025-11-17 17:34:17,223 - INFO - [실시간] 요청 147000개 처리 | 현재까지의 RPS: 528.83최근 1000개 request의 p99 TTFT: 0.2137 초 | 
2025-11-17 17:34:19,019 - INFO - [실시간] 요청 148000개 처리 | 현재까지의 RPS: 529.01최근 1000개 request의 p99 TTFT: 0.2080 초 | 
2025-11-17 17:34:20,871 - INFO - [실시간] 요청 149000개 처리 | 현재까지의 RPS: 529.08최근 1000개 request의 p99 TTFT: 0.2147 초 | 
2025-11-17 17:34:22,896 - INFO - [실시간] 요청 150000개 처리 | 현재까지의 RPS: 528.83최근 1000개 request의 p99 TTFT: 0.4701 초 | 
2025-11-17 17:34:24,762 - INFO - [실시간] 요청 151000개 처리 | 현재까지의 RPS: 528.88최근 1000개 request의 p99 TTFT: 0.1963 초 | 
2025-11-17 17:34:26,632 - INFO - [실시간] 요청 152000개 처리 | 현재까지의 RPS: 528.91최근 1000개 request의 p99 TTFT: 0.5254 초 | 
2025-11-17 17:34:28,542 - INFO - [실시간] 요청 153000개 처리 | 현재까지의 RPS: 528.88최근 1000개 request의 p99 TTFT: 0.2414 초 | 
2025-11-17 17:34:30,443 - INFO - [실시간] 요청 154000개 처리 | 현재까지의 RPS: 528.86최근 1000개 request의 p99 TTFT: 0.2384 초 | 
2025-11-17 17:34:32,290 - INFO - [실시간] 요청 155000개 처리 | 현재까지의 RPS: 528.94최근 1000개 request의 p99 TTFT: 0.2192 초 | 
2025-11-17 17:34:34,201 - INFO - [실시간] 요청 156000개 처리 | 현재까지의 RPS: 528.90최근 1000개 request의 p99 TTFT: 0.2194 초 | 
2025-11-17 17:34:36,095 - INFO - [실시간] 요청 157000개 처리 | 현재까지의 RPS: 528.90최근 1000개 request의 p99 TTFT: 0.2594 초 | 
2025-11-17 17:34:38,037 - INFO - [실시간] 요청 158000개 처리 | 현재까지의 RPS: 528.81최근 1000개 request의 p99 TTFT: 0.4457 초 | 
2025-11-17 17:34:39,894 - INFO - [실시간] 요청 159000개 처리 | 현재까지의 RPS: 528.87최근 1000개 request의 p99 TTFT: 0.2190 초 | 
2025-11-17 17:34:41,949 - INFO - [실시간] 요청 160000개 처리 | 현재까지의 RPS: 528.58최근 1000개 request의 p99 TTFT: 0.5039 초 | 
2025-11-17 17:34:43,711 - INFO - [실시간] 요청 161000개 처리 | 현재까지의 RPS: 528.80최근 1000개 request의 p99 TTFT: 0.4911 초 | 
2025-11-17 17:34:45,541 - INFO - [실시간] 요청 162000개 처리 | 현재까지의 RPS: 528.91최근 1000개 request의 p99 TTFT: 0.2096 초 | 
2025-11-17 17:34:47,333 - INFO - [실시간] 요청 163000개 처리 | 현재까지의 RPS: 529.08최근 1000개 request의 p99 TTFT: 0.2121 초 | 
2025-11-17 17:34:49,183 - INFO - [실시간] 요청 164000개 처리 | 현재까지의 RPS: 529.15최근 1000개 request의 p99 TTFT: 0.3445 초 | 
2025-11-17 17:34:51,172 - INFO - [실시간] 요청 165000개 처리 | 현재까지의 RPS: 528.98최근 1000개 request의 p99 TTFT: 0.2236 초 | 
2025-11-17 17:34:53,117 - INFO - [실시간] 요청 166000개 처리 | 현재까지의 RPS: 528.89최근 1000개 request의 p99 TTFT: 0.2233 초 | 
2025-11-17 17:34:55,090 - INFO - [실시간] 요청 167000개 처리 | 현재까지의 RPS: 528.75최근 1000개 request의 p99 TTFT: 0.2246 초 | 
2025-11-17 17:34:56,926 - INFO - [실시간] 요청 168000개 처리 | 현재까지의 RPS: 528.84최근 1000개 request의 p99 TTFT: 0.2023 초 | 
2025-11-17 17:34:58,845 - INFO - [실시간] 요청 169000개 처리 | 현재까지의 RPS: 528.79최근 1000개 request의 p99 TTFT: 0.2058 초 | 
2025-11-17 17:35:00,741 - INFO - [실시간] 요청 170000개 처리 | 현재까지의 RPS: 528.79최근 1000개 request의 p99 TTFT: 0.2241 초 | 
2025-11-17 17:35:02,690 - INFO - [실시간] 요청 171000개 처리 | 현재까지의 RPS: 528.69최근 1000개 request의 p99 TTFT: 0.2127 초 | 
2025-11-17 17:35:04,545 - INFO - [실시간] 요청 172000개 처리 | 현재까지의 RPS: 528.75최근 1000개 request의 p99 TTFT: 0.2038 초 | 
2025-11-17 17:35:06,534 - INFO - [실시간] 요청 173000개 처리 | 현재까지의 RPS: 528.59최근 1000개 request의 p99 TTFT: 0.6830 초 | 
2025-11-17 17:35:08,213 - INFO - [실시간] 요청 174000개 처리 | 현재까지의 RPS: 528.94최근 1000개 request의 p99 TTFT: 0.7716 초 | 
2025-11-17 17:35:10,494 - INFO - [실시간] 요청 175000개 처리 | 현재까지의 RPS: 528.31최근 1000개 request의 p99 TTFT: 0.4491 초 | 
통계에 반영된 요청 인덱스 범위: 0 ~ 175000 (총 175000개 요청)
통계 반영된 요청 수: 175000, 통계 반영된 시간: 351.50 초

==================================================
 실험 최종 결과 요약
==================================================
 설정 실험 시간: 330 초
 Clients 수: 5700
 통계 반영 시간: 351.50 초
 총 시도된 요청: 175000 개
 총 완료된 요청: 175000 개
 총 실패한 요청: 0 개
 완료 요청 중 retrieval이 실패한 요청: -46 개
 요청 성공률: 100.00%
 전체 Requests Per Second (RPS): 497.86
--------------------------------------------------
 Time to First Token (TTFT) Latency:
  - 평균 (Mean): 0.1140 초
  - 중간값 (50%ile): 0.0980 초
  - 최소값 (Min): 0.0180 초
  - 최대값 (Max): 1.5780 초
  - 95%ile Tail: 0.2194 초
  - 99%ile Tail: 0.4911 초
--------------------------------------------------
 Time Per Output Token (TPOT):
  - 평균 (Mean): 16.80 ms/token
--------------------------------------------------
 Embedding Latency:
  - 총 샘플 수: 175000
  - 평균 (Mean): 7.98 ms
  - 중간값 (50%ile): 7.00 ms
  - 95%ile Tail: 13.00 ms
  - 99%ile Tail: 21.00 ms
--------------------------------------------------
 VectorDB Search Latency:
  - 총 샘플 수: 175000
  - 평균 (Mean): 34.78 ms
  - 중간값 (50%ile): 20.00 ms
  - 95%ile Tail: 92.00 ms
  - 99%ile Tail: 303.00 ms
--------------------------------------------------
 Document Search Latency:
  - 총 샘플 수: 175000
  - 평균 (Mean): 11.77 ms
  - 중간값 (50%ile): 7.00 ms
  - 95%ile Tail: 33.00 ms
  - 99%ile Tail: 63.00 ms
--------------------------------------------------
 Total Retrieval Latency:
  - 총 샘플 수: 175000
  - 평균 (Mean): 54.55 ms
  - 중간값 (50%ile): 38.00 ms
  - 95%ile Tail: 122.00 ms
  - 99%ile Tail: 400.00 ms
==================================================
