2025-11-21 01:51:22,933 - INFO - ReqGen 시작: 서버=163.152.48.109:9000, 클라이언트=2, 시간=330초
2025-11-21 01:51:22,933 - INFO - Hugging Face에서 'kroshan/BioASQ' 데이터셋을 로드합니다...
2025-11-21 01:51:28,443 - INFO - 3266개의 질문을 로드했습니다.
2025-11-21 01:51:28,444 - INFO - 부하 테스트 시작, client 수 = 2
통계에 반영된 요청 인덱스 범위: 0 ~ 311 (총 311개 요청)
statistics_start_time이 설정되지 않았습니다.
statistics_end_time이 설정되지 않았습니다.
통계 반영된 요청 수: 311, 통계 반영된 시간: 330.53 초

==================================================
 실험 최종 결과 요약
==================================================
 설정 실험 시간: 330 초
 Clients 수: 2
 통계 반영 시간: 330.53 초
 총 시도된 요청: 311 개
 총 완료된 요청: 311 개
 총 실패한 요청: 0 개
 완료 요청 중 retrieval이 실패한 요청: 4 개
 요청 성공률: 100.00%
 전체 Requests Per Second (RPS): 0.94
--------------------------------------------------
 Time to First Token (TTFT) Latency:
  - 평균 (Mean): 0.8356 초
  - 중간값 (50%ile): 0.1093 초
  - 최소값 (Min): 0.0235 초
  - 최대값 (Max): 30.9985 초
  - 95%ile Tail: 1.7183 초
  - 99%ile Tail: 29.9770 초
--------------------------------------------------
 Time Per Output Token (TPOT):
  - 평균 (Mean): 16.94 ms/token
--------------------------------------------------
 Embedding Latency:
  - 총 샘플 수: 198
  - 평균 (Mean): 6.29 ms
  - 중간값 (50%ile): 6.00 ms
  - 95%ile Tail: 10.00 ms
  - 99%ile Tail: 12.03 ms
--------------------------------------------------
 VectorDB Search Latency:
  - 총 샘플 수: 196
  - 평균 (Mean): 264.13 ms
  - 중간값 (50%ile): 9.00 ms
  - 95%ile Tail: 469.00 ms
  - 99%ile Tail: 4261.65 ms
--------------------------------------------------
 Document Search Latency:
  - 총 샘플 수: 196
  - 평균 (Mean): 6.76 ms
  - 중간값 (50%ile): 7.00 ms
  - 95%ile Tail: 8.00 ms
  - 99%ile Tail: 10.05 ms
--------------------------------------------------
 Total Retrieval Latency:
  - 총 샘플 수: 307
  - 평균 (Mean): 380.62 ms
  - 중간값 (50%ile): 24.00 ms
  - 95%ile Tail: 870.00 ms
  - 99%ile Tail: 8897.52 ms
==================================================
