2025-11-17 17:53:55,734 - INFO - ReqGen 시작: 서버=163.152.48.109:9000, 클라이언트=7200, 시간=330초
2025-11-17 17:53:55,734 - INFO - Hugging Face에서 'kroshan/BioASQ' 데이터셋을 로드합니다...
2025-11-17 17:54:02,620 - INFO - 3266개의 질문을 로드했습니다.
2025-11-17 17:54:02,621 - INFO - 부하 테스트 시작, client 수 = 7200
2025-11-17 17:54:02,621 - INFO - Zipf 값 1.2에서 상위 20%의 질문이 차지하는 비율: 91.82%
2025-11-17 17:54:06,158 - INFO - [실시간] 요청 1000개 처리 | 현재까지의 RPS: 282.71최근 1000개 request의 p99 TTFT: 0.3805 초 | 
2025-11-17 17:54:08,452 - INFO - [실시간] 요청 2000개 처리 | 현재까지의 RPS: 342.98최근 1000개 request의 p99 TTFT: 0.1967 초 | 
2025-11-17 17:54:10,613 - INFO - [실시간] 요청 3000개 처리 | 현재까지의 RPS: 375.36최근 1000개 request의 p99 TTFT: 0.3326 초 | 
2025-11-17 17:54:12,492 - INFO - [실시간] 요청 4000개 처리 | 현재까지의 RPS: 405.22최근 1000개 request의 p99 TTFT: 0.2068 초 | 
2025-11-17 17:54:14,240 - INFO - [실시간] 요청 5000개 처리 | 현재까지의 RPS: 430.32최근 1000개 request의 p99 TTFT: 0.1953 초 | 
2025-11-17 17:54:15,987 - INFO - [실시간] 요청 6000개 처리 | 현재까지의 RPS: 448.91최근 1000개 request의 p99 TTFT: 0.2823 초 | 
2025-11-17 17:54:17,548 - INFO - [실시간] 요청 7000개 처리 | 현재까지의 RPS: 468.94최근 1000개 request의 p99 TTFT: 0.8426 초 | 
2025-11-17 17:54:18,915 - INFO - [실시간] 요청 8000개 처리 | 현재까지의 RPS: 490.97최근 1000개 request의 p99 TTFT: 0.7663 초 | 
2025-11-17 17:54:20,243 - INFO - [실시간] 요청 9000개 처리 | 현재까지의 RPS: 510.71최근 1000개 request의 p99 TTFT: 0.2518 초 | 
2025-11-17 17:54:21,658 - INFO - [실시간] 요청 10000개 처리 | 현재까지의 RPS: 525.28최근 1000개 request의 p99 TTFT: 0.5244 초 | 
2025-11-17 17:54:23,201 - INFO - [실시간] 요청 11000개 처리 | 현재까지의 RPS: 534.48최근 1000개 request의 p99 TTFT: 1.0321 초 | 
2025-11-17 17:54:24,522 - INFO - [실시간] 요청 12000개 처리 | 현재까지의 RPS: 547.92최근 1000개 request의 p99 TTFT: 1.5255 초 | 
2025-11-17 17:54:25,829 - INFO - [실시간] 요청 13000개 처리 | 현재까지의 RPS: 560.15최근 1000개 request의 p99 TTFT: 1.5015 초 | 
2025-11-17 17:54:27,308 - INFO - [실시간] 요청 14000개 처리 | 현재까지의 RPS: 567.10최근 1000개 request의 p99 TTFT: 0.6768 초 | 
2025-11-17 17:54:28,975 - INFO - [실시간] 요청 15000개 처리 | 현재까지의 RPS: 569.18최근 1000개 request의 p99 TTFT: 0.2409 초 | 
2025-11-17 17:54:30,497 - INFO - [실시간] 요청 16000개 처리 | 현재까지의 RPS: 573.98최근 1000개 request의 p99 TTFT: 0.3641 초 | 
2025-11-17 17:54:31,975 - INFO - [실시간] 요청 17000개 처리 | 현재까지의 RPS: 579.13최근 1000개 request의 p99 TTFT: 0.4180 초 | 
2025-11-17 17:54:33,532 - INFO - [실시간] 요청 18000개 처리 | 현재까지의 RPS: 582.31최근 1000개 request의 p99 TTFT: 0.4005 초 | 
2025-11-17 17:54:35,051 - INFO - [실시간] 요청 19000개 처리 | 현재까지의 RPS: 585.87최근 1000개 request의 p99 TTFT: 0.2163 초 | 
2025-11-17 17:54:36,784 - INFO - [실시간] 요청 20000개 처리 | 현재까지의 RPS: 585.42최근 1000개 request의 p99 TTFT: 0.5159 초 | 
2025-11-17 17:54:38,344 - INFO - [실시간] 요청 21000개 처리 | 현재까지의 RPS: 587.86최근 1000개 request의 p99 TTFT: 0.6892 초 | 
2025-11-17 17:54:39,652 - INFO - [실시간] 요청 22000개 처리 | 현재까지의 RPS: 594.11최근 1000개 request의 p99 TTFT: 0.7424 초 | 
2025-11-17 17:54:41,040 - INFO - [실시간] 요청 23000개 처리 | 현재까지의 RPS: 598.65최근 1000개 request의 p99 TTFT: 0.4503 초 | 
2025-11-17 17:54:42,514 - INFO - [실시간] 요청 24000개 처리 | 현재까지의 RPS: 601.61최근 1000개 request의 p99 TTFT: 0.2275 초 | 
2025-11-17 17:54:44,083 - INFO - [실시간] 요청 25000개 처리 | 현재까지의 RPS: 602.96최근 1000개 request의 p99 TTFT: 0.6041 초 | 
2025-11-17 17:54:45,483 - INFO - [실시간] 요청 26000개 처리 | 현재까지의 RPS: 606.60최근 1000개 request의 p99 TTFT: 0.3742 초 | 
2025-11-17 17:54:47,009 - INFO - [실시간] 요청 27000개 처리 | 현재까지의 RPS: 608.27최근 1000개 request의 p99 TTFT: 0.2341 초 | 
2025-11-17 17:54:48,483 - INFO - [실시간] 요청 28000개 처리 | 현재까지의 RPS: 610.53최근 1000개 request의 p99 TTFT: 0.5329 초 | 
2025-11-17 17:54:49,969 - INFO - [실시간] 요청 29000개 처리 | 현재까지의 RPS: 612.48최근 1000개 request의 p99 TTFT: 0.2390 초 | 
2025-11-17 17:54:51,571 - INFO - [실시간] 요청 30000개 처리 | 현재까지의 RPS: 612.87최근 1000개 request의 p99 TTFT: 0.5097 초 | 
2025-11-17 17:54:52,979 - INFO - [실시간] 요청 31000개 처리 | 현재까지의 RPS: 615.59최근 1000개 request의 p99 TTFT: 0.5423 초 | 
2025-11-17 17:54:54,604 - INFO - [실시간] 요청 32000개 처리 | 현재까지의 RPS: 615.59최근 1000개 request의 p99 TTFT: 0.3363 초 | 
2025-11-17 17:54:56,130 - INFO - [실시간] 요청 33000개 처리 | 현재까지의 RPS: 616.72최근 1000개 request의 p99 TTFT: 0.2232 초 | 
2025-11-17 17:54:57,608 - INFO - [실시간] 요청 34000개 처리 | 현재까지의 RPS: 618.33최근 1000개 request의 p99 TTFT: 0.2318 초 | 
2025-11-17 17:54:59,094 - INFO - [실시간] 요청 35000개 처리 | 현재까지의 RPS: 619.76최근 1000개 request의 p99 TTFT: 0.2354 초 | 
2025-11-17 17:55:00,663 - INFO - [실시간] 요청 36000개 처리 | 현재까지의 RPS: 620.24최근 1000개 request의 p99 TTFT: 0.3417 초 | 
2025-11-17 17:55:02,349 - INFO - [실시간] 요청 37000개 처리 | 현재까지의 RPS: 619.47최근 1000개 request의 p99 TTFT: 0.8212 초 | 
2025-11-17 17:55:03,669 - INFO - [실시간] 요청 38000개 처리 | 현재까지의 RPS: 622.46최근 1000개 request의 p99 TTFT: 0.8177 초 | 
2025-11-17 17:55:05,196 - INFO - [실시간] 요청 39000개 처리 | 현재까지의 RPS: 623.25최근 1000개 request의 p99 TTFT: 0.2589 초 | 
2025-11-17 17:55:07,005 - INFO - [실시간] 요청 40000개 처리 | 현재까지의 RPS: 621.27최근 1000개 request의 p99 TTFT: 1.1565 초 | 
2025-11-17 17:55:08,427 - INFO - [실시간] 요청 41000개 처리 | 현재까지의 RPS: 623.04최근 1000개 request의 p99 TTFT: 1.2990 초 | 
2025-11-17 17:55:09,865 - INFO - [실시간] 요청 42000개 처리 | 현재까지의 RPS: 624.59최근 1000개 request의 p99 TTFT: 1.4404 초 | 
2025-11-17 17:55:11,276 - INFO - [실시간] 요청 43000개 처리 | 현재까지의 RPS: 626.32최근 1000개 request의 p99 TTFT: 0.7149 초 | 
2025-11-17 17:55:12,807 - INFO - [실시간] 요청 44000개 처리 | 현재까지의 RPS: 626.91최근 1000개 request의 p99 TTFT: 0.3835 초 | 
2025-11-17 17:55:14,288 - INFO - [실시간] 요청 45000개 처리 | 현재까지의 RPS: 627.90최근 1000개 request의 p99 TTFT: 0.5289 초 | 
2025-11-17 17:55:15,786 - INFO - [실시간] 요청 46000개 처리 | 현재까지의 RPS: 628.71최근 1000개 request의 p99 TTFT: 0.4980 초 | 
2025-11-17 17:55:17,346 - INFO - [실시간] 요청 47000개 처리 | 현재까지의 RPS: 628.97최근 1000개 request의 p99 TTFT: 0.4195 초 | 
2025-11-17 17:55:18,827 - INFO - [실시간] 요청 48000개 처리 | 현재까지의 RPS: 629.87최근 1000개 request의 p99 TTFT: 0.5261 초 | 
2025-11-17 17:55:20,267 - INFO - [실시간] 요청 49000개 처리 | 현재까지의 RPS: 631.07최근 1000개 request의 p99 TTFT: 0.3792 초 | 
2025-11-17 17:55:21,822 - INFO - [실시간] 요청 50000개 처리 | 현재까지의 RPS: 631.30최근 1000개 request의 p99 TTFT: 0.3373 초 | 
2025-11-17 17:55:23,277 - INFO - [실시간] 요청 51000개 처리 | 현재까지의 RPS: 632.31최근 1000개 request의 p99 TTFT: 0.3490 초 | 
2025-11-17 17:55:25,035 - INFO - [실시간] 요청 52000개 처리 | 현재까지의 RPS: 630.96최근 1000개 request의 p99 TTFT: 0.5926 초 | 
2025-11-17 17:55:26,397 - INFO - [실시간] 요청 53000개 처리 | 현재까지의 RPS: 632.64최근 1000개 request의 p99 TTFT: 0.6119 초 | 
2025-11-17 17:55:27,962 - INFO - [실시간] 요청 54000개 처리 | 현재까지의 RPS: 632.75최근 1000개 request의 p99 TTFT: 0.2402 초 | 
2025-11-17 17:55:29,439 - INFO - [실시간] 요청 55000개 처리 | 현재까지의 RPS: 633.51최근 1000개 request의 p99 TTFT: 0.2315 초 | 
2025-11-17 17:55:30,942 - INFO - [실시간] 요청 56000개 처리 | 현재까지의 RPS: 634.05최근 1000개 request의 p99 TTFT: 0.3818 초 | 
2025-11-17 17:55:32,470 - INFO - [실시간] 요청 57000개 처리 | 현재까지의 RPS: 634.40최근 1000개 request의 p99 TTFT: 0.3733 초 | 
2025-11-17 17:55:33,894 - INFO - [실시간] 요청 58000개 처리 | 현재까지의 RPS: 635.45최근 1000개 request의 p99 TTFT: 0.2604 초 | 
2025-11-17 17:55:35,405 - INFO - [실시간] 요청 59000개 처리 | 현재까지의 RPS: 635.88최근 1000개 request의 p99 TTFT: 0.3881 초 | 
2025-11-17 17:55:36,882 - INFO - [실시간] 요청 60000개 처리 | 현재까지의 RPS: 636.53최근 1000개 request의 p99 TTFT: 0.2723 초 | 
2025-11-17 17:55:38,429 - INFO - [실시간] 요청 61000개 처리 | 현재까지의 RPS: 636.69최근 1000개 request의 p99 TTFT: 0.2437 초 | 
2025-11-17 17:55:40,038 - INFO - [실시간] 요청 62000개 처리 | 현재까지의 RPS: 636.44최근 1000개 request의 p99 TTFT: 0.2277 초 | 
2025-11-17 17:55:41,532 - INFO - [실시간] 요청 63000개 처리 | 현재까지의 RPS: 636.93최근 1000개 request의 p99 TTFT: 0.3797 초 | 
2025-11-17 17:55:43,011 - INFO - [실시간] 요청 64000개 처리 | 현재까지의 RPS: 637.51최근 1000개 request의 p99 TTFT: 0.2677 초 | 
2025-11-17 17:55:44,418 - INFO - [실시간] 요청 65000개 처리 | 현재까지의 RPS: 638.53최근 1000개 request의 p99 TTFT: 0.2494 초 | 
2025-11-17 17:55:45,920 - INFO - [실시간] 요청 66000개 처리 | 현재까지의 RPS: 638.92최근 1000개 request의 p99 TTFT: 0.4094 초 | 
2025-11-17 17:55:47,542 - INFO - [실시간] 요청 67000개 처리 | 현재까지의 RPS: 638.58최근 1000개 request의 p99 TTFT: 0.5591 초 | 
2025-11-17 17:55:49,063 - INFO - [실시간] 요청 68000개 처리 | 현재까지의 RPS: 638.84최근 1000개 request의 p99 TTFT: 0.6016 초 | 
2025-11-17 17:55:50,450 - INFO - [실시간] 요청 69000개 처리 | 현재까지의 RPS: 639.90최근 1000개 request의 p99 TTFT: 0.3944 초 | 
2025-11-17 17:55:51,994 - INFO - [실시간] 요청 70000개 처리 | 현재까지의 RPS: 640.01최근 1000개 request의 p99 TTFT: 0.2274 초 | 
2025-11-17 17:55:53,510 - INFO - [실시간] 요청 71000개 처리 | 현재까지의 RPS: 640.28최근 1000개 request의 p99 TTFT: 0.3576 초 | 
2025-11-17 17:55:54,991 - INFO - [실시간] 요청 72000개 처리 | 현재까지의 RPS: 640.74최근 1000개 request의 p99 TTFT: 0.2389 초 | 
2025-11-17 17:55:56,475 - INFO - [실시간] 요청 73000개 처리 | 현재까지의 RPS: 641.17최근 1000개 request의 p99 TTFT: 0.4021 초 | 
2025-11-17 17:55:57,988 - INFO - [실시간] 요청 74000개 처리 | 현재까지의 RPS: 641.43최근 1000개 request의 p99 TTFT: 0.2404 초 | 
2025-11-17 17:55:59,465 - INFO - [실시간] 요청 75000개 처리 | 현재까지의 RPS: 641.88최근 1000개 request의 p99 TTFT: 0.2735 초 | 
2025-11-17 17:56:00,914 - INFO - [실시간] 요청 76000개 처리 | 현재까지의 RPS: 642.47최근 1000개 request의 p99 TTFT: 0.2481 초 | 
2025-11-17 17:56:02,448 - INFO - [실시간] 요청 77000개 처리 | 현재까지의 RPS: 642.59최근 1000개 request의 p99 TTFT: 0.2416 초 | 
2025-11-17 17:56:03,914 - INFO - [실시간] 요청 78000개 처리 | 현재까지의 RPS: 643.07최근 1000개 request의 p99 TTFT: 0.4108 초 | 
2025-11-17 17:56:05,475 - INFO - [실시간] 요청 79000개 처리 | 현재까지의 RPS: 643.04최근 1000개 request의 p99 TTFT: 0.2584 초 | 
2025-11-17 17:56:06,966 - INFO - [실시간] 요청 80000개 처리 | 현재까지의 RPS: 643.37최근 1000개 request의 p99 TTFT: 0.3780 초 | 
2025-11-17 17:56:08,459 - INFO - [실시간] 요청 81000개 처리 | 현재까지의 RPS: 643.68최근 1000개 request의 p99 TTFT: 0.2531 초 | 
2025-11-17 17:56:09,936 - INFO - [실시간] 요청 82000개 처리 | 현재까지의 RPS: 644.07최근 1000개 request의 p99 TTFT: 0.2450 초 | 
2025-11-17 17:56:11,415 - INFO - [실시간] 요청 83000개 처리 | 현재까지의 RPS: 644.44최근 1000개 request의 p99 TTFT: 0.2604 초 | 
2025-11-17 17:56:12,932 - INFO - [실시간] 요청 84000개 처리 | 현재까지의 RPS: 644.61최근 1000개 request의 p99 TTFT: 0.4603 초 | 
2025-11-17 17:56:14,770 - INFO - [실시간] 요청 85000개 처리 | 현재까지의 RPS: 643.21최근 1000개 request의 p99 TTFT: 0.7353 초 | 
2025-11-17 17:56:16,046 - INFO - [실시간] 요청 86000개 처리 | 현재까지의 RPS: 644.55최근 1000개 request의 p99 TTFT: 1.0380 초 | 
2025-11-17 17:56:17,429 - INFO - [실시간] 요청 87000개 처리 | 현재까지의 RPS: 645.36최근 1000개 request의 p99 TTFT: 0.3244 초 | 
2025-11-17 17:56:18,958 - INFO - [실시간] 요청 88000개 처리 | 현재까지의 RPS: 645.46최근 1000개 request의 p99 TTFT: 0.2450 초 | 
2025-11-17 17:56:20,513 - INFO - [실시간] 요청 89000개 처리 | 현재까지의 RPS: 645.43최근 1000개 request의 p99 TTFT: 0.2588 초 | 
2025-11-17 17:56:22,036 - INFO - [실시간] 요청 90000개 처리 | 현재까지의 RPS: 645.55최근 1000개 request의 p99 TTFT: 0.2762 초 | 
2025-11-17 17:56:23,560 - INFO - [실시간] 요청 91000개 처리 | 현재까지의 RPS: 645.67최근 1000개 request의 p99 TTFT: 0.2125 초 | 
2025-11-17 17:56:25,060 - INFO - [실시간] 요청 92000개 처리 | 현재까지의 RPS: 645.89최근 1000개 request의 p99 TTFT: 0.2496 초 | 
2025-11-17 17:56:26,601 - INFO - [실시간] 요청 93000개 처리 | 현재까지의 RPS: 645.92최근 1000개 request의 p99 TTFT: 0.4201 초 | 
2025-11-17 17:56:28,041 - INFO - [실시간] 요청 94000개 처리 | 현재까지의 RPS: 646.40최근 1000개 request의 p99 TTFT: 0.4735 초 | 
2025-11-17 17:56:29,575 - INFO - [실시간] 요청 95000개 처리 | 현재까지의 RPS: 646.46최근 1000개 request의 p99 TTFT: 0.2496 초 | 
2025-11-17 17:56:31,027 - INFO - [실시간] 요청 96000개 처리 | 현재까지의 RPS: 646.87최근 1000개 request의 p99 TTFT: 0.2287 초 | 
2025-11-17 17:56:32,566 - INFO - [실시간] 요청 97000개 처리 | 현재까지의 RPS: 646.90최근 1000개 request의 p99 TTFT: 0.2140 초 | 
2025-11-17 17:56:34,137 - INFO - [실시간] 요청 98000개 처리 | 현재까지의 RPS: 646.80최근 1000개 request의 p99 TTFT: 0.2098 초 | 
2025-11-17 17:56:35,602 - INFO - [실시간] 요청 99000개 처리 | 현재까지의 RPS: 647.14최근 1000개 request의 p99 TTFT: 0.3969 초 | 
2025-11-17 17:56:37,223 - INFO - [실시간] 요청 100000개 처리 | 현재까지의 RPS: 646.82최근 1000개 request의 p99 TTFT: 0.5705 초 | 
2025-11-17 17:56:38,638 - INFO - [실시간] 요청 101000개 처리 | 현재까지의 RPS: 647.36최근 1000개 request의 p99 TTFT: 0.6238 초 | 
2025-11-17 17:56:40,082 - INFO - [실시간] 요청 102000개 처리 | 현재까지의 RPS: 647.78최근 1000개 request의 p99 TTFT: 0.5542 초 | 
2025-11-17 17:56:41,556 - INFO - [실시간] 요청 103000개 처리 | 현재까지의 RPS: 648.06최근 1000개 request의 p99 TTFT: 0.2738 초 | 
2025-11-17 17:56:42,964 - INFO - [실시간] 요청 104000개 처리 | 현재까지의 RPS: 648.61최근 1000개 request의 p99 TTFT: 0.2575 초 | 
2025-11-17 17:56:44,489 - INFO - [실시간] 요청 105000개 처리 | 현재까지의 RPS: 648.68최근 1000개 request의 p99 TTFT: 0.2110 초 | 
2025-11-17 17:56:46,007 - INFO - [실시간] 요청 106000개 처리 | 현재까지의 RPS: 648.77최근 1000개 request의 p99 TTFT: 0.4036 초 | 
2025-11-17 17:56:47,498 - INFO - [실시간] 요청 107000개 처리 | 현재까지의 RPS: 648.97최근 1000개 request의 p99 TTFT: 0.2485 초 | 
2025-11-17 17:56:49,020 - INFO - [실시간] 요청 108000개 처리 | 현재까지의 RPS: 649.04최근 1000개 request의 p99 TTFT: 0.2319 초 | 
2025-11-17 17:56:50,602 - INFO - [실시간] 요청 109000개 처리 | 현재까지의 RPS: 648.88최근 1000개 request의 p99 TTFT: 0.2232 초 | 
2025-11-17 17:56:52,010 - INFO - [실시간] 요청 110000개 처리 | 현재까지의 RPS: 649.39최근 1000개 request의 p99 TTFT: 0.4647 초 | 
2025-11-17 17:56:53,435 - INFO - [실시간] 요청 111000개 처리 | 현재까지의 RPS: 649.83최근 1000개 request의 p99 TTFT: 0.3332 초 | 
2025-11-17 17:56:54,893 - INFO - [실시간] 요청 112000개 처리 | 현재까지의 RPS: 650.13최근 1000개 request의 p99 TTFT: 0.2235 초 | 
2025-11-17 17:56:56,474 - INFO - [실시간] 요청 113000개 처리 | 현재까지의 RPS: 649.97최근 1000개 request의 p99 TTFT: 0.3644 초 | 
2025-11-17 17:56:57,917 - INFO - [실시간] 요청 114000개 처리 | 현재까지의 RPS: 650.33최근 1000개 request의 p99 TTFT: 0.4621 초 | 
2025-11-17 17:56:59,393 - INFO - [실시간] 요청 115000개 처리 | 현재까지의 RPS: 650.56최근 1000개 request의 p99 TTFT: 0.2145 초 | 
2025-11-17 17:57:01,012 - INFO - [실시간] 요청 116000개 처리 | 현재까지의 RPS: 650.26최근 1000개 request의 p99 TTFT: 0.3883 초 | 
2025-11-17 17:57:02,645 - INFO - [실시간] 요청 117000개 처리 | 현재까지의 RPS: 649.91최근 1000개 request의 p99 TTFT: 0.7201 초 | 
2025-11-17 17:57:03,970 - INFO - [실시간] 요청 118000개 처리 | 현재까지의 RPS: 650.68최근 1000개 request의 p99 TTFT: 0.6502 초 | 
2025-11-17 17:57:05,423 - INFO - [실시간] 요청 119000개 처리 | 현재까지의 RPS: 650.98최근 1000개 request의 p99 TTFT: 0.5217 초 | 
2025-11-17 17:57:07,273 - INFO - [실시간] 요청 120000개 처리 | 현재까지의 RPS: 649.87최근 1000개 request의 p99 TTFT: 1.2141 초 | 
2025-11-17 17:57:08,636 - INFO - [실시간] 요청 121000개 처리 | 현재까지의 RPS: 650.48최근 1000개 request의 p99 TTFT: 1.2669 초 | 
2025-11-17 17:57:10,097 - INFO - [실시간] 요청 122000개 처리 | 현재까지의 RPS: 650.75최근 1000개 request의 p99 TTFT: 0.8918 초 | 
2025-11-17 17:57:11,596 - INFO - [실시간] 요청 123000개 처리 | 현재까지의 RPS: 650.88최근 1000개 request의 p99 TTFT: 0.3035 초 | 
2025-11-17 17:57:13,087 - INFO - [실시간] 요청 124000개 처리 | 현재까지의 RPS: 651.03최근 1000개 request의 p99 TTFT: 0.3011 초 | 
2025-11-17 17:57:14,547 - INFO - [실시간] 요청 125000개 처리 | 현재까지의 RPS: 651.29최근 1000개 request의 p99 TTFT: 0.5854 초 | 
2025-11-17 17:57:15,957 - INFO - [실시간] 요청 126000개 처리 | 현재까지의 RPS: 651.72최근 1000개 request의 p99 TTFT: 0.5539 초 | 
2025-11-17 17:57:17,459 - INFO - [실시간] 요청 127000개 처리 | 현재까지의 RPS: 651.82최근 1000개 request의 p99 TTFT: 0.3075 초 | 
2025-11-17 17:57:18,965 - INFO - [실시간] 요청 128000개 처리 | 현재까지의 RPS: 651.92최근 1000개 request의 p99 TTFT: 0.2482 초 | 
2025-11-17 17:57:20,583 - INFO - [실시간] 요청 129000개 처리 | 현재까지의 RPS: 651.64최근 1000개 request의 p99 TTFT: 0.2498 초 | 
2025-11-17 17:57:22,145 - INFO - [실시간] 요청 130000개 처리 | 현재까지의 RPS: 651.55최근 1000개 request의 p99 TTFT: 0.4393 초 | 
2025-11-17 17:57:23,618 - INFO - [실시간] 요청 131000개 처리 | 현재까지의 RPS: 651.75최근 1000개 request의 p99 TTFT: 0.4835 초 | 
2025-11-17 17:57:25,321 - INFO - [실시간] 요청 132000개 처리 | 현재까지의 RPS: 651.21최근 1000개 request의 p99 TTFT: 0.5593 초 | 
2025-11-17 17:57:26,885 - INFO - [실시간] 요청 133000개 처리 | 현재까지의 RPS: 651.12최근 1000개 request의 p99 TTFT: 0.8811 초 | 
2025-11-17 17:57:28,322 - INFO - [실시간] 요청 134000개 처리 | 현재까지의 RPS: 651.43최근 1000개 request의 p99 TTFT: 0.9468 초 | 
2025-11-17 17:57:29,708 - INFO - [실시간] 요청 135000개 처리 | 현재까지의 RPS: 651.90최근 1000개 request의 p99 TTFT: 1.0044 초 | 
2025-11-17 17:57:31,205 - INFO - [실시간] 요청 136000개 처리 | 현재까지의 RPS: 652.01최근 1000개 request의 p99 TTFT: 0.4546 초 | 
2025-11-17 17:57:32,672 - INFO - [실시간] 요청 137000개 처리 | 현재까지의 RPS: 652.22최근 1000개 request의 p99 TTFT: 0.6305 초 | 
2025-11-17 17:57:34,195 - INFO - [실시간] 요청 138000개 처리 | 현재까지의 RPS: 652.25최근 1000개 request의 p99 TTFT: 0.4457 초 | 
2025-11-17 17:57:35,624 - INFO - [실시간] 요청 139000개 처리 | 현재까지의 RPS: 652.57최근 1000개 request의 p99 TTFT: 0.4963 초 | 
2025-11-17 17:57:37,081 - INFO - [실시간] 요청 140000개 처리 | 현재까지의 RPS: 652.80최근 1000개 request의 p99 TTFT: 0.3552 초 | 
2025-11-17 17:57:38,627 - INFO - [실시간] 요청 141000개 처리 | 현재까지의 RPS: 652.76최근 1000개 request의 p99 TTFT: 0.2299 초 | 
2025-11-17 17:57:40,113 - INFO - [실시간] 요청 142000개 처리 | 현재까지의 RPS: 652.90최근 1000개 request의 p99 TTFT: 0.2573 초 | 
2025-11-17 17:57:41,661 - INFO - [실시간] 요청 143000개 처리 | 현재까지의 RPS: 652.85최근 1000개 request의 p99 TTFT: 0.4401 초 | 
2025-11-17 17:57:43,210 - INFO - [실시간] 요청 144000개 처리 | 현재까지의 RPS: 652.80최근 1000개 request의 p99 TTFT: 0.4936 초 | 
2025-11-17 17:57:44,670 - INFO - [실시간] 요청 145000개 처리 | 현재까지의 RPS: 653.01최근 1000개 request의 p99 TTFT: 0.6216 초 | 
2025-11-17 17:57:46,132 - INFO - [실시간] 요청 146000개 처리 | 현재까지의 RPS: 653.21최근 1000개 request의 p99 TTFT: 0.4781 초 | 
2025-11-17 17:57:47,668 - INFO - [실시간] 요청 147000개 처리 | 현재까지의 RPS: 653.19최근 1000개 request의 p99 TTFT: 0.4171 초 | 
2025-11-17 17:57:49,382 - INFO - [실시간] 요청 148000개 처리 | 현재까지의 RPS: 652.67최근 1000개 request의 p99 TTFT: 0.7162 초 | 
2025-11-17 17:57:50,962 - INFO - [실시간] 요청 149000개 처리 | 현재까지의 RPS: 652.53최근 1000개 request의 p99 TTFT: 1.0705 초 | 
2025-11-17 17:57:52,563 - INFO - [실시간] 요청 150000개 처리 | 현재까지의 RPS: 652.34최근 1000개 request의 p99 TTFT: 1.1935 초 | 
2025-11-17 17:57:54,124 - INFO - [실시간] 요청 151000개 처리 | 현재까지의 RPS: 652.26최근 1000개 request의 p99 TTFT: 1.1341 초 | 
2025-11-17 17:57:55,684 - INFO - [실시간] 요청 152000개 처리 | 현재까지의 RPS: 652.18최근 1000개 request의 p99 TTFT: 1.3564 초 | 
2025-11-17 17:57:57,172 - INFO - [실시간] 요청 153000개 처리 | 현재까지의 RPS: 652.31최근 1000개 request의 p99 TTFT: 1.7467 초 | 
2025-11-17 17:57:58,738 - INFO - [실시간] 요청 154000개 처리 | 현재까지의 RPS: 652.22최근 1000개 request의 p99 TTFT: 1.8463 초 | 
2025-11-17 17:58:00,250 - INFO - [실시간] 요청 155000개 처리 | 현재까지의 RPS: 652.28최근 1000개 request의 p99 TTFT: 2.0091 초 | 
2025-11-17 17:58:00,251 - WARNING - 최근 1000개의 p99 TTFT 2.0091 초가 SLO 의 2배 (2.0 초)를 초과했습니다. 부하 테스트를 조기 종료합니다.
통계에 반영된 요청 인덱스 범위: 0 ~ 155000 (총 155000개 요청)
통계 반영된 요청 수: 155000, 통계 반영된 시간: 259.64 초

==================================================
 실험 최종 결과 요약
==================================================
 부하 테스트가 조기 종료되었습니다! (SLO 위반)
 Client 수를 낮추어 다시 시도하세요.
 설정 실험 시간: 330 초
 Clients 수: 7200
 통계 반영 시간: 259.64 초
 총 시도된 요청: 155000 개
 총 완료된 요청: 155000 개
 총 실패한 요청: 0 개
 완료 요청 중 retrieval이 실패한 요청: -839 개
 요청 성공률: 100.00%
 전체 Requests Per Second (RPS): 596.98
--------------------------------------------------
 Time to First Token (TTFT) Latency:
  - 평균 (Mean): 0.1743 초
  - 중간값 (50%ile): 0.1282 초
  - 최소값 (Min): 0.0184 초
  - 최대값 (Max): 2.9084 초
  - 95%ile Tail: 0.4668 초
  - 99%ile Tail: 0.9685 초
--------------------------------------------------
 Time Per Output Token (TPOT):
  - 평균 (Mean): 16.88 ms/token
--------------------------------------------------
 Embedding Latency:
  - 총 샘플 수: 155000
  - 평균 (Mean): 7.63 ms
  - 중간값 (50%ile): 6.00 ms
  - 95%ile Tail: 13.00 ms
  - 99%ile Tail: 34.00 ms
--------------------------------------------------
 VectorDB Search Latency:
  - 총 샘플 수: 155000
  - 평균 (Mean): 87.62 ms
  - 중간값 (50%ile): 37.00 ms
  - 95%ile Tail: 325.00 ms
  - 99%ile Tail: 842.00 ms
--------------------------------------------------
 Document Search Latency:
  - 총 샘플 수: 155000
  - 평균 (Mean): 13.66 ms
  - 중간값 (50%ile): 7.00 ms
  - 95%ile Tail: 40.00 ms
  - 99%ile Tail: 82.00 ms
--------------------------------------------------
 Total Retrieval Latency:
  - 총 샘플 수: 155000
  - 평균 (Mean): 108.92 ms
  - 중간값 (50%ile): 56.00 ms
  - 95%ile Tail: 381.00 ms
  - 99%ile Tail: 894.00 ms
==================================================
