2025-11-17 20:50:47,403 - INFO - ReqGen 시작: 서버=163.152.48.109:9000, 클라이언트=6500, 시간=330초
2025-11-17 20:50:47,403 - INFO - Hugging Face에서 'kroshan/BioASQ' 데이터셋을 로드합니다...
2025-11-17 20:50:53,210 - INFO - 3266개의 질문을 로드했습니다.
2025-11-17 20:50:53,211 - INFO - 부하 테스트 시작, client 수 = 6500
2025-11-17 20:50:53,211 - INFO - Zipf 값 1.2에서 상위 20%의 질문이 차지하는 비율: 91.82%
2025-11-17 20:50:59,245 - INFO - [실시간] 요청 1000개 처리 | 현재까지의 RPS: 165.72최근 1000개 request의 p99 TTFT: 0.3497 초 | 
2025-11-17 20:51:03,326 - INFO - [실시간] 요청 2000개 처리 | 현재까지의 RPS: 197.72최근 1000개 request의 p99 TTFT: 0.2126 초 | 
2025-11-17 20:51:06,496 - INFO - [실시간] 요청 3000개 처리 | 현재까지의 RPS: 225.83최근 1000개 request의 p99 TTFT: 0.2816 초 | 
2025-11-17 20:51:09,351 - INFO - [실시간] 요청 4000개 처리 | 현재까지의 RPS: 247.83최근 1000개 request의 p99 TTFT: 0.4790 초 | 
2025-11-17 20:51:11,944 - INFO - [실시간] 요청 5000개 처리 | 현재까지의 RPS: 266.92최근 1000개 request의 p99 TTFT: 0.2646 초 | 
2025-11-17 20:51:14,391 - INFO - [실시간] 요청 6000개 처리 | 현재까지의 RPS: 283.28최근 1000개 request의 p99 TTFT: 0.5280 초 | 
2025-11-17 20:51:17,747 - INFO - [실시간] 요청 7000개 처리 | 현재까지의 RPS: 285.29최근 1000개 request의 p99 TTFT: 0.1895 초 | 
2025-11-17 20:51:21,113 - INFO - [실시간] 요청 8000개 처리 | 현재까지의 RPS: 286.72최근 1000개 request의 p99 TTFT: 0.1725 초 | 
2025-11-17 20:51:24,465 - INFO - [실시간] 요청 9000개 처리 | 현재까지의 RPS: 287.97최근 1000개 request의 p99 TTFT: 0.3954 초 | 
2025-11-17 20:51:27,604 - INFO - [실시간] 요청 10000개 처리 | 현재까지의 RPS: 290.76최근 1000개 request의 p99 TTFT: 0.3699 초 | 
2025-11-17 20:51:30,703 - INFO - [실시간] 요청 11000개 처리 | 현재까지의 RPS: 293.40최근 1000개 request의 p99 TTFT: 0.2113 초 | 
2025-11-17 20:51:33,907 - INFO - [실시간] 요청 12000개 처리 | 현재까지의 RPS: 294.87최근 1000개 request의 p99 TTFT: 0.1877 초 | 
2025-11-17 20:51:37,105 - INFO - [실시간] 요청 13000개 처리 | 현재까지의 RPS: 296.17최근 1000개 request의 p99 TTFT: 0.2004 초 | 
2025-11-17 20:51:40,321 - INFO - [실시간] 요청 14000개 처리 | 현재까지의 RPS: 297.18최근 1000개 request의 p99 TTFT: 0.2156 초 | 
2025-11-17 20:51:43,701 - INFO - [실시간] 요청 15000개 처리 | 현재까지의 RPS: 297.09최근 1000개 request의 p99 TTFT: 0.5076 초 | 
2025-11-17 20:51:47,035 - INFO - [실시간] 요청 16000개 처리 | 현재까지의 RPS: 297.27최근 1000개 request의 p99 TTFT: 0.2353 초 | 
2025-11-17 20:51:50,258 - INFO - [실시간] 요청 17000개 처리 | 현재까지의 RPS: 298.00최근 1000개 request의 p99 TTFT: 0.1850 초 | 
2025-11-17 20:51:53,505 - INFO - [실시간] 요청 18000개 처리 | 현재까지의 RPS: 298.54최근 1000개 request의 p99 TTFT: 0.1772 초 | 
2025-11-17 20:51:56,263 - INFO - [실시간] 요청 19000개 처리 | 현재까지의 RPS: 301.34최근 1000개 request의 p99 TTFT: 0.1864 초 | 
2025-11-17 20:51:59,064 - INFO - [실시간] 요청 20000개 처리 | 현재까지의 RPS: 303.71최근 1000개 request의 p99 TTFT: 0.4614 초 | 
2025-11-17 20:52:01,615 - INFO - [실시간] 요청 21000개 처리 | 현재까지의 RPS: 307.00최근 1000개 request의 p99 TTFT: 0.4513 초 | 
2025-11-17 20:52:04,253 - INFO - [실시간] 요청 22000개 처리 | 현재까지의 RPS: 309.68최근 1000개 request의 p99 TTFT: 0.1818 초 | 
2025-11-17 20:52:06,811 - INFO - [실시간] 요청 23000개 처리 | 현재까지의 RPS: 312.50최근 1000개 request의 p99 TTFT: 0.2047 초 | 
2025-11-17 20:52:09,589 - INFO - [실시간] 요청 24000개 처리 | 현재까지의 RPS: 314.23최근 1000개 request의 p99 TTFT: 0.6584 초 | 
2025-11-17 20:52:11,854 - INFO - [실시간] 요청 25000개 처리 | 현재까지의 RPS: 317.89최근 1000개 request의 p99 TTFT: 0.6593 초 | 
2025-11-17 20:52:14,267 - INFO - [실시간] 요청 26000개 처리 | 현재까지의 RPS: 320.77최근 1000개 request의 p99 TTFT: 0.2369 초 | 
2025-11-17 20:52:16,983 - INFO - [실시간] 요청 27000개 처리 | 현재까지의 RPS: 322.30최근 1000개 request의 p99 TTFT: 0.2077 초 | 
2025-11-17 20:52:19,866 - INFO - [실시간] 요청 28000개 처리 | 현재까지의 RPS: 323.12최근 1000개 request의 p99 TTFT: 0.4509 초 | 
2025-11-17 20:52:22,487 - INFO - [실시간] 요청 29000개 처리 | 현재까지의 RPS: 324.84최근 1000개 request의 p99 TTFT: 0.6302 초 | 
2025-11-17 20:52:25,200 - INFO - [실시간] 요청 30000개 처리 | 현재까지의 RPS: 326.13최근 1000개 request의 p99 TTFT: 0.1898 초 | 
2025-11-17 20:52:27,938 - INFO - [실시간] 요청 31000개 처리 | 현재까지의 RPS: 327.26최근 1000개 request의 p99 TTFT: 0.1898 초 | 
2025-11-17 20:52:30,696 - INFO - [실시간] 요청 32000개 처리 | 현재까지의 RPS: 328.26최근 1000개 request의 p99 TTFT: 0.2204 초 | 
2025-11-17 20:52:33,599 - INFO - [실시간] 요청 33000개 처리 | 현재까지의 RPS: 328.72최근 1000개 request의 p99 TTFT: 0.4803 초 | 
2025-11-17 20:52:36,420 - INFO - [실시간] 요청 34000개 처리 | 현재까지의 RPS: 329.43최근 1000개 request의 p99 TTFT: 0.5253 초 | 
2025-11-17 20:52:39,194 - INFO - [실시간] 요청 35000개 처리 | 현재까지의 RPS: 330.24최근 1000개 request의 p99 TTFT: 0.1818 초 | 
2025-11-17 20:52:41,939 - INFO - [실시간] 요청 36000개 처리 | 현재까지의 RPS: 331.10최근 1000개 request의 p99 TTFT: 0.2142 초 | 
2025-11-17 20:52:44,766 - INFO - [실시간] 요청 37000개 처리 | 현재까지의 RPS: 331.68최근 1000개 request의 p99 TTFT: 0.2305 초 | 
2025-11-17 20:52:47,581 - INFO - [실시간] 요청 38000개 처리 | 현재까지의 RPS: 332.26최근 1000개 request의 p99 TTFT: 0.1868 초 | 
2025-11-17 20:52:50,423 - INFO - [실시간] 요청 39000개 처리 | 현재까지의 RPS: 332.73최근 1000개 request의 p99 TTFT: 0.5012 초 | 
2025-11-17 20:52:53,150 - INFO - [실시간] 요청 40000개 처리 | 현재까지의 RPS: 333.50최근 1000개 request의 p99 TTFT: 0.1967 초 | 
2025-11-17 20:52:55,799 - INFO - [실시간] 요청 41000개 처리 | 현재까지의 RPS: 334.45최근 1000개 request의 p99 TTFT: 0.1961 초 | 
2025-11-17 20:52:58,230 - INFO - [실시간] 요청 42000개 처리 | 현재까지의 RPS: 335.95최근 1000개 request의 p99 TTFT: 0.2050 초 | 
2025-11-17 20:53:00,727 - INFO - [실시간] 요청 43000개 처리 | 현재까지의 RPS: 337.21최근 1000개 request의 p99 TTFT: 0.2153 초 | 
2025-11-17 20:53:03,361 - INFO - [실시간] 요청 44000개 처리 | 현재까지의 RPS: 338.07최근 1000개 request의 p99 TTFT: 0.6146 초 | 
2025-11-17 20:53:05,652 - INFO - [실시간] 요청 45000개 처리 | 현재까지의 RPS: 339.77최근 1000개 request의 p99 TTFT: 0.5675 초 | 
2025-11-17 20:53:07,993 - INFO - [실시간] 요청 46000개 처리 | 현재까지의 RPS: 341.29최근 1000개 request의 p99 TTFT: 0.2077 초 | 
2025-11-17 20:53:10,238 - INFO - [실시간] 요청 47000개 처리 | 현재까지의 RPS: 343.00최근 1000개 request의 p99 TTFT: 0.2154 초 | 
2025-11-17 20:53:12,622 - INFO - [실시간] 요청 48000개 처리 | 현재까지의 RPS: 344.31최근 1000개 request의 p99 TTFT: 0.4453 초 | 
2025-11-17 20:53:14,954 - INFO - [실시간] 요청 49000개 처리 | 현재까지의 RPS: 345.70최근 1000개 request의 p99 TTFT: 0.7300 초 | 
2025-11-17 20:53:17,344 - INFO - [실시간] 요청 50000개 처리 | 현재까지의 RPS: 346.90최근 1000개 request의 p99 TTFT: 0.1883 초 | 
2025-11-17 20:53:19,765 - INFO - [실시간] 요청 51000개 처리 | 현재까지의 RPS: 348.00최근 1000개 request의 p99 TTFT: 0.2060 초 | 
2025-11-17 20:53:22,059 - INFO - [실시간] 요청 52000개 처리 | 현재까지의 RPS: 349.35최근 1000개 request의 p99 TTFT: 0.2084 초 | 
2025-11-17 20:53:24,605 - INFO - [실시간] 요청 53000개 처리 | 현재까지의 RPS: 350.08최근 1000개 request의 p99 TTFT: 0.6216 초 | 
2025-11-17 20:53:26,915 - INFO - [실시간] 요청 54000개 처리 | 현재까지의 RPS: 351.32최근 1000개 request의 p99 TTFT: 0.6354 초 | 
2025-11-17 20:53:29,334 - INFO - [실시간] 요청 55000개 처리 | 현재까지의 RPS: 352.29최근 1000개 request의 p99 TTFT: 0.2039 초 | 
2025-11-17 20:53:31,662 - INFO - [실시간] 요청 56000개 처리 | 현재까지의 RPS: 353.42최근 1000개 request의 p99 TTFT: 0.2120 초 | 
2025-11-17 20:53:34,123 - INFO - [실시간] 요청 57000개 처리 | 현재까지의 RPS: 354.23최근 1000개 request의 p99 TTFT: 0.2104 초 | 
2025-11-17 20:53:36,789 - INFO - [실시간] 요청 58000개 처리 | 현재까지의 RPS: 354.57최근 1000개 request의 p99 TTFT: 0.5274 초 | 
2025-11-17 20:53:39,043 - INFO - [실시간] 요청 59000개 처리 | 현재까지의 RPS: 355.78최근 1000개 request의 p99 TTFT: 0.5662 초 | 
2025-11-17 20:53:41,474 - INFO - [실시간] 요청 60000개 처리 | 현재까지의 RPS: 356.59최근 1000개 request의 p99 TTFT: 0.3638 초 | 
2025-11-17 20:53:43,848 - INFO - [실시간] 요청 61000개 처리 | 현재까지의 RPS: 357.48최근 1000개 request의 p99 TTFT: 0.1936 초 | 
2025-11-17 20:53:46,305 - INFO - [실시간] 요청 62000개 처리 | 현재까지의 RPS: 358.19최근 1000개 request의 p99 TTFT: 0.1863 초 | 
2025-11-17 20:53:48,896 - INFO - [실시간] 요청 63000개 처리 | 현재까지의 RPS: 358.60최근 1000개 request의 p99 TTFT: 0.3948 초 | 
2025-11-17 20:53:51,331 - INFO - [실시간] 요청 64000개 처리 | 현재까지의 RPS: 359.31최근 1000개 request의 p99 TTFT: 0.6826 초 | 
2025-11-17 20:53:53,836 - INFO - [실시간] 요청 65000개 처리 | 현재까지의 RPS: 359.86최근 1000개 request의 p99 TTFT: 0.2130 초 | 
2025-11-17 20:53:56,164 - INFO - [실시간] 요청 66000개 처리 | 현재까지의 RPS: 360.75최근 1000개 request의 p99 TTFT: 0.2241 초 | 
2025-11-17 20:53:58,461 - INFO - [실시간] 요청 67000개 처리 | 현재까지의 RPS: 361.67최근 1000개 request의 p99 TTFT: 0.4684 초 | 
2025-11-17 20:54:00,817 - INFO - [실시간] 요청 68000개 처리 | 현재까지의 RPS: 362.46최근 1000개 request의 p99 TTFT: 0.2089 초 | 
2025-11-17 20:54:03,299 - INFO - [실시간] 요청 69000개 처리 | 현재까지의 RPS: 362.99최근 1000개 request의 p99 TTFT: 0.7160 초 | 
2025-11-17 20:54:05,592 - INFO - [실시간] 요청 70000개 처리 | 현재까지의 RPS: 363.86최근 1000개 request의 p99 TTFT: 0.4369 초 | 
2025-11-17 20:54:07,806 - INFO - [실시간] 요청 71000개 처리 | 현재까지의 RPS: 364.86최근 1000개 request의 p99 TTFT: 0.2082 초 | 
2025-11-17 20:54:10,094 - INFO - [실시간] 요청 72000개 처리 | 현재까지의 RPS: 365.70최근 1000개 request의 p99 TTFT: 0.2133 초 | 
2025-11-17 20:54:12,359 - INFO - [실시간] 요청 73000개 처리 | 현재까지의 RPS: 366.56최근 1000개 request의 p99 TTFT: 0.2100 초 | 
2025-11-17 20:54:14,765 - INFO - [실시간] 요청 74000개 처리 | 현재까지의 RPS: 367.15최근 1000개 request의 p99 TTFT: 0.8008 초 | 
2025-11-17 20:54:16,854 - INFO - [실시간] 요청 75000개 처리 | 현재까지의 RPS: 368.29최근 1000개 request의 p99 TTFT: 0.7218 초 | 
2025-11-17 20:54:19,154 - INFO - [실시간] 요청 76000개 처리 | 현재까지의 RPS: 369.03최근 1000개 request의 p99 TTFT: 0.1915 초 | 
2025-11-17 20:54:21,367 - INFO - [실시간] 요청 77000개 처리 | 현재까지의 RPS: 369.91최근 1000개 request의 p99 TTFT: 0.1995 초 | 
2025-11-17 20:54:23,844 - INFO - [실시간] 요청 78000개 처리 | 현재까지의 RPS: 370.31최근 1000개 request의 p99 TTFT: 0.2226 초 | 
2025-11-17 20:54:26,025 - INFO - [실시간] 요청 79000개 처리 | 현재까지의 RPS: 371.22최근 1000개 request의 p99 TTFT: 0.5573 초 | 
2025-11-17 20:54:28,132 - INFO - [실시간] 요청 80000개 처리 | 현재까지의 RPS: 372.23최근 1000개 request의 p99 TTFT: 0.3870 초 | 
2025-11-17 20:54:30,309 - INFO - [실시간] 요청 81000개 처리 | 현재까지의 RPS: 373.10최근 1000개 request의 p99 TTFT: 0.2066 초 | 
2025-11-17 20:54:32,611 - INFO - [실시간] 요청 82000개 처리 | 현재까지의 RPS: 373.75최근 1000개 request의 p99 TTFT: 0.2061 초 | 
2025-11-17 20:54:34,894 - INFO - [실시간] 요청 83000개 처리 | 현재까지의 RPS: 374.41최근 1000개 request의 p99 TTFT: 0.2127 초 | 
2025-11-17 20:54:37,311 - INFO - [실시간] 요청 84000개 처리 | 현재까지의 RPS: 374.83최근 1000개 request의 p99 TTFT: 0.5955 초 | 
2025-11-17 20:54:39,475 - INFO - [실시간] 요청 85000개 처리 | 현재까지의 RPS: 375.67최근 1000개 request의 p99 TTFT: 0.5922 초 | 
2025-11-17 20:54:41,694 - INFO - [실시간] 요청 86000개 처리 | 현재까지의 RPS: 376.40최근 1000개 request의 p99 TTFT: 0.2288 초 | 
2025-11-17 20:54:43,975 - INFO - [실시간] 요청 87000개 처리 | 현재까지의 RPS: 377.01최근 1000개 request의 p99 TTFT: 0.2256 초 | 
2025-11-17 20:54:46,178 - INFO - [실시간] 요청 88000개 처리 | 현재까지의 RPS: 377.74최근 1000개 request의 p99 TTFT: 0.2043 초 | 
2025-11-17 20:54:48,554 - INFO - [실시간] 요청 89000개 처리 | 현재까지의 RPS: 378.17최근 1000개 request의 p99 TTFT: 0.4126 초 | 
2025-11-17 20:54:50,681 - INFO - [실시간] 요청 90000개 처리 | 현재까지의 RPS: 379.00최근 1000개 request의 p99 TTFT: 0.5173 초 | 
2025-11-17 20:54:52,934 - INFO - [실시간] 요청 91000개 처리 | 현재까지의 RPS: 379.60최근 1000개 request의 p99 TTFT: 0.2645 초 | 
2025-11-17 20:54:55,031 - INFO - [실시간] 요청 92000개 처리 | 현재까지의 RPS: 380.45최근 1000개 request의 p99 TTFT: 0.2198 초 | 
2025-11-17 20:54:57,249 - INFO - [실시간] 요청 93000개 처리 | 현재까지의 RPS: 381.09최근 1000개 request의 p99 TTFT: 0.3852 초 | 
2025-11-17 20:54:59,472 - INFO - [실시간] 요청 94000개 처리 | 현재까지의 RPS: 381.71최근 1000개 request의 p99 TTFT: 0.2136 초 | 
2025-11-17 20:55:01,834 - INFO - [실시간] 요청 95000개 처리 | 현재까지의 RPS: 382.10최근 1000개 request의 p99 TTFT: 0.8097 초 | 
2025-11-17 20:55:03,882 - INFO - [실시간] 요청 96000개 처리 | 현재까지의 RPS: 382.97최근 1000개 request의 p99 TTFT: 0.7368 초 | 
2025-11-17 20:55:06,067 - INFO - [실시간] 요청 97000개 처리 | 현재까지의 RPS: 383.62최근 1000개 request의 p99 TTFT: 0.4267 초 | 
2025-11-17 20:55:08,212 - INFO - [실시간] 요청 98000개 처리 | 현재까지의 RPS: 384.31최근 1000개 request의 p99 TTFT: 0.2240 초 | 
2025-11-17 20:55:10,260 - INFO - [실시간] 요청 99000개 처리 | 현재까지의 RPS: 385.14최근 1000개 request의 p99 TTFT: 0.2303 초 | 
2025-11-17 20:55:12,640 - INFO - [실시간] 요청 100000개 처리 | 현재까지의 RPS: 385.46최근 1000개 request의 p99 TTFT: 0.4484 초 | 
2025-11-17 20:55:14,659 - INFO - [실시간] 요청 101000개 처리 | 현재까지의 RPS: 386.31최근 1000개 request의 p99 TTFT: 0.5732 초 | 
2025-11-17 20:55:16,763 - INFO - [실시간] 요청 102000개 처리 | 현재까지의 RPS: 387.02최근 1000개 request의 p99 TTFT: 0.2084 초 | 
2025-11-17 20:55:18,973 - INFO - [실시간] 요청 103000개 처리 | 현재까지의 RPS: 387.56최근 1000개 request의 p99 TTFT: 0.4551 초 | 
2025-11-17 20:55:21,049 - INFO - [실시간] 요청 104000개 처리 | 현재까지의 RPS: 388.30최근 1000개 request의 p99 TTFT: 0.2244 초 | 
2025-11-17 20:55:23,279 - INFO - [실시간] 요청 105000개 처리 | 현재까지의 RPS: 388.79최근 1000개 request의 p99 TTFT: 0.2224 초 | 
2025-11-17 20:55:25,404 - INFO - [실시간] 요청 106000개 처리 | 현재까지의 RPS: 389.43최근 1000개 request의 p99 TTFT: 0.8506 초 | 
2025-11-17 20:55:27,519 - INFO - [실시간] 요청 107000개 처리 | 현재까지의 RPS: 390.07최근 1000개 request의 p99 TTFT: 0.7356 초 | 
2025-11-17 20:55:29,651 - INFO - [실시간] 요청 108000개 처리 | 현재까지의 RPS: 390.68최근 1000개 request의 p99 TTFT: 0.2227 초 | 
2025-11-17 20:55:31,718 - INFO - [실시간] 요청 109000개 처리 | 현재까지의 RPS: 391.37최근 1000개 request의 p99 TTFT: 0.4161 초 | 
2025-11-17 20:55:33,851 - INFO - [실시간] 요청 110000개 처리 | 현재까지의 RPS: 391.96최근 1000개 request의 p99 TTFT: 0.2054 초 | 
2025-11-17 20:55:36,149 - INFO - [실시간] 요청 111000개 처리 | 현재까지의 RPS: 392.31최근 1000개 request의 p99 TTFT: 0.5997 초 | 
2025-11-17 20:55:38,052 - INFO - [실시간] 요청 112000개 처리 | 현재까지의 RPS: 393.20최근 1000개 request의 p99 TTFT: 0.7584 초 | 
2025-11-17 20:55:40,200 - INFO - [실시간] 요청 113000개 처리 | 현재까지의 RPS: 393.74최근 1000개 request의 p99 TTFT: 0.2609 초 | 
2025-11-17 20:55:42,232 - INFO - [실시간] 요청 114000개 처리 | 현재까지의 RPS: 394.43최근 1000개 request의 p99 TTFT: 0.4542 초 | 
2025-11-17 20:55:44,269 - INFO - [실시간] 요청 115000개 처리 | 현재까지의 RPS: 395.11최근 1000개 request의 p99 TTFT: 0.2133 초 | 
2025-11-17 20:55:46,482 - INFO - [실시간] 요청 116000개 처리 | 현재까지의 RPS: 395.54최근 1000개 request의 p99 TTFT: 0.4566 초 | 
2025-11-17 20:55:48,557 - INFO - [실시간] 요청 117000개 처리 | 현재까지의 RPS: 396.15최근 1000개 request의 p99 TTFT: 1.1052 초 | 
2025-11-17 20:55:50,589 - INFO - [실시간] 요청 118000개 처리 | 현재까지의 RPS: 396.80최근 1000개 request의 p99 TTFT: 0.5867 초 | 
2025-11-17 20:55:52,606 - INFO - [실시간] 요청 119000개 처리 | 현재까지의 RPS: 397.47최근 1000개 request의 p99 TTFT: 0.2894 초 | 
2025-11-17 20:55:54,680 - INFO - [실시간] 요청 120000개 처리 | 현재까지의 RPS: 398.05최근 1000개 request의 p99 TTFT: 0.5196 초 | 
2025-11-17 20:55:57,100 - INFO - [실시간] 요청 121000개 처리 | 현재까지의 RPS: 398.17최근 1000개 request의 p99 TTFT: 0.2136 초 | 
2025-11-17 20:55:59,077 - INFO - [실시간] 요청 122000개 처리 | 현재까지의 RPS: 398.87최근 1000개 request의 p99 TTFT: 0.7909 초 | 
2025-11-17 20:56:00,995 - INFO - [실시간] 요청 123000개 처리 | 현재까지의 RPS: 399.63최근 1000개 request의 p99 TTFT: 0.7757 초 | 
2025-11-17 20:56:02,990 - INFO - [실시간] 요청 124000개 처리 | 현재까지의 RPS: 400.29최근 1000개 request의 p99 TTFT: 0.2127 초 | 
2025-11-17 20:56:04,991 - INFO - [실시간] 요청 125000개 처리 | 현재까지의 RPS: 400.92최근 1000개 request의 p99 TTFT: 0.4156 초 | 
2025-11-17 20:56:07,088 - INFO - [실시간] 요청 126000개 처리 | 현재까지의 RPS: 401.43최근 1000개 request의 p99 TTFT: 0.4168 초 | 
2025-11-17 20:56:09,151 - INFO - [실시간] 요청 127000개 처리 | 현재까지의 RPS: 401.97최근 1000개 request의 p99 TTFT: 0.4805 초 | 
2025-11-17 20:56:11,209 - INFO - [실시간] 요청 128000개 처리 | 현재까지의 RPS: 402.52최근 1000개 request의 p99 TTFT: 1.2423 초 | 
2025-11-17 20:56:13,151 - INFO - [실시간] 요청 129000개 처리 | 현재까지의 RPS: 403.20최근 1000개 request의 p99 TTFT: 0.8966 초 | 
2025-11-17 20:56:15,059 - INFO - [실시간] 요청 130000개 처리 | 현재까지의 RPS: 403.92최근 1000개 request의 p99 TTFT: 0.2593 초 | 
2025-11-17 20:56:17,054 - INFO - [실시간] 요청 131000개 처리 | 현재까지의 RPS: 404.52최근 1000개 request의 p99 TTFT: 0.3856 초 | 
2025-11-17 20:56:19,199 - INFO - [실시간] 요청 132000개 처리 | 현재까지의 RPS: 404.92최근 1000개 request의 p99 TTFT: 0.3711 초 | 
2025-11-17 20:56:21,319 - INFO - [실시간] 요청 133000개 처리 | 현재까지의 RPS: 405.36최근 1000개 request의 p99 TTFT: 0.6864 초 | 
2025-11-17 20:56:23,309 - INFO - [실시간] 요청 134000개 처리 | 현재까지의 RPS: 405.94최근 1000개 request의 p99 TTFT: 0.4614 초 | 
통계에 반영된 요청 인덱스 범위: 0 ~ 134000 (총 134000개 요청)
통계 반영된 요청 수: 134000, 통계 반영된 시간: 389.79 초

==================================================
 실험 최종 결과 요약
==================================================
 설정 실험 시간: 330 초
 Clients 수: 6500
 통계 반영 시간: 389.79 초
 총 시도된 요청: 145620 개
 총 완료된 요청: 134000 개
 총 실패한 요청: 11620 개
 완료 요청 중 retrieval이 실패한 요청: -404 개
 요청 성공률: 92.02%
 전체 Requests Per Second (RPS): 343.78
--------------------------------------------------
 Time to First Token (TTFT) Latency:
  - 평균 (Mean): 0.1181 초
  - 중간값 (50%ile): 0.0882 초
  - 최소값 (Min): 0.0186 초
  - 최대값 (Max): 1.5381 초
  - 95%ile Tail: 0.3131 초
  - 99%ile Tail: 0.5498 초
--------------------------------------------------
 Time Per Output Token (TPOT):
  - 평균 (Mean): 16.82 ms/token
--------------------------------------------------
 Embedding Latency:
  - 총 샘플 수: 134000
  - 평균 (Mean): 8.52 ms
  - 중간값 (50%ile): 8.00 ms
  - 95%ile Tail: 13.00 ms
  - 99%ile Tail: 29.00 ms
--------------------------------------------------
 VectorDB Search Latency:
  - 총 샘플 수: 134000
  - 평균 (Mean): 43.72 ms
  - 중간값 (50%ile): 20.00 ms
  - 95%ile Tail: 190.00 ms
  - 99%ile Tail: 421.00 ms
--------------------------------------------------
 Document Search Latency:
  - 총 샘플 수: 134000
  - 평균 (Mean): 9.23 ms
  - 중간값 (50%ile): 6.00 ms
  - 95%ile Tail: 26.00 ms
  - 99%ile Tail: 54.00 ms
--------------------------------------------------
 Total Retrieval Latency:
  - 총 샘플 수: 134000
  - 평균 (Mean): 61.49 ms
  - 중간값 (50%ile): 36.00 ms
  - 95%ile Tail: 215.00 ms
  - 99%ile Tail: 480.00 ms
==================================================
