2025-11-17 20:44:11,245 - INFO - ReqGen 시작: 서버=163.152.48.109:9000, 클라이언트=7000, 시간=330초
2025-11-17 20:44:11,245 - INFO - Hugging Face에서 'kroshan/BioASQ' 데이터셋을 로드합니다...
2025-11-17 20:44:16,978 - INFO - 3266개의 질문을 로드했습니다.
2025-11-17 20:44:16,979 - INFO - 부하 테스트 시작, client 수 = 7000
2025-11-17 20:44:16,979 - INFO - Zipf 값 1.2에서 상위 20%의 질문이 차지하는 비율: 91.82%
2025-11-17 20:44:22,695 - INFO - [실시간] 요청 1000개 처리 | 현재까지의 RPS: 174.93최근 1000개 request의 p99 TTFT: 0.3795 초 | 
2025-11-17 20:44:26,567 - INFO - [실시간] 요청 2000개 처리 | 현재까지의 RPS: 208.60최근 1000개 request의 p99 TTFT: 0.3437 초 | 
2025-11-17 20:44:29,731 - INFO - [실시간] 요청 3000개 처리 | 현재까지의 RPS: 235.26최근 1000개 request의 p99 TTFT: 0.2267 초 | 
2025-11-17 20:44:32,526 - INFO - [실시간] 요청 4000개 처리 | 현재까지의 RPS: 257.28최근 1000개 request의 p99 TTFT: 0.6946 초 | 
2025-11-17 20:44:35,157 - INFO - [실시간] 요청 5000개 처리 | 현재까지의 RPS: 275.05최근 1000개 request의 p99 TTFT: 0.5602 초 | 
2025-11-17 20:44:37,425 - INFO - [실시간] 요청 6000개 처리 | 현재까지의 RPS: 293.45최근 1000개 request의 p99 TTFT: 0.5316 초 | 
2025-11-17 20:44:40,077 - INFO - [실시간] 요청 7000개 처리 | 현재까지의 RPS: 303.05최근 1000개 request의 p99 TTFT: 0.4470 초 | 
2025-11-17 20:44:43,257 - INFO - [실시간] 요청 8000개 처리 | 현재까지의 RPS: 304.44최근 1000개 request의 p99 TTFT: 0.1978 초 | 
2025-11-17 20:44:46,430 - INFO - [실시간] 요청 9000개 처리 | 현재까지의 RPS: 305.59최근 1000개 request의 p99 TTFT: 0.1760 초 | 
2025-11-17 20:44:49,402 - INFO - [실시간] 요청 10000개 처리 | 현재까지의 RPS: 308.42최근 1000개 request의 p99 TTFT: 0.1860 초 | 
2025-11-17 20:44:52,339 - INFO - [실시간] 요청 11000개 처리 | 현재까지의 RPS: 311.08최근 1000개 request의 p99 TTFT: 0.2102 초 | 
2025-11-17 20:44:55,441 - INFO - [실시간] 요청 12000개 처리 | 현재까지의 RPS: 312.00최근 1000개 request의 p99 TTFT: 0.4263 초 | 
2025-11-17 20:44:58,283 - INFO - [실시간] 요청 13000개 처리 | 현재까지의 RPS: 314.74최근 1000개 request의 p99 TTFT: 0.5194 초 | 
2025-11-17 20:45:01,313 - INFO - [실시간] 요청 14000개 처리 | 현재까지의 RPS: 315.79최근 1000개 request의 p99 TTFT: 0.1763 초 | 
2025-11-17 20:45:04,355 - INFO - [실시간] 요청 15000개 처리 | 현재까지의 RPS: 316.62최근 1000개 request의 p99 TTFT: 0.1749 초 | 
2025-11-17 20:45:07,520 - INFO - [실시간] 요청 16000개 처리 | 현재까지의 RPS: 316.57최근 1000개 request의 p99 TTFT: 0.1745 초 | 
2025-11-17 20:45:10,559 - INFO - [실시간] 요청 17000개 처리 | 현재까지의 RPS: 317.28최근 1000개 request의 p99 TTFT: 0.1795 초 | 
2025-11-17 20:45:13,699 - INFO - [실시간] 요청 18000개 처리 | 현재까지의 RPS: 317.35최근 1000개 request의 p99 TTFT: 0.3558 초 | 
2025-11-17 20:45:16,758 - INFO - [실시간] 요청 19000개 처리 | 현재까지의 RPS: 317.84최근 1000개 request의 p99 TTFT: 0.4120 초 | 
2025-11-17 20:45:19,586 - INFO - [실시간] 요청 20000개 처리 | 현재까지의 RPS: 319.45최근 1000개 request의 p99 TTFT: 0.1740 초 | 
2025-11-17 20:45:22,357 - INFO - [실시간] 요청 21000개 처리 | 현재까지의 RPS: 321.21최근 1000개 request의 p99 TTFT: 0.1823 초 | 
2025-11-17 20:45:24,849 - INFO - [실시간] 요청 22000개 처리 | 현재까지의 RPS: 324.15최근 1000개 request의 p99 TTFT: 0.2397 초 | 
2025-11-17 20:45:27,378 - INFO - [실시간] 요청 23000개 처리 | 현재까지의 RPS: 326.71최근 1000개 request의 p99 TTFT: 0.7551 초 | 
2025-11-17 20:45:29,905 - INFO - [실시간] 요청 24000개 처리 | 현재까지의 RPS: 329.10최근 1000개 request의 p99 TTFT: 0.2149 초 | 
2025-11-17 20:45:32,425 - INFO - [실시간] 요청 25000개 처리 | 현재까지의 RPS: 331.36최근 1000개 request의 p99 TTFT: 0.1853 초 | 
2025-11-17 20:45:35,219 - INFO - [실시간] 요청 26000개 처리 | 현재까지의 RPS: 332.31최근 1000개 request의 p99 TTFT: 0.7886 초 | 
2025-11-17 20:45:37,432 - INFO - [실시간] 요청 27000개 처리 | 현재까지의 RPS: 335.60최근 1000개 request의 p99 TTFT: 0.7487 초 | 
2025-11-17 20:45:39,946 - INFO - [실시간] 요청 28000개 처리 | 현재까지의 RPS: 337.48최근 1000개 request의 p99 TTFT: 0.2013 초 | 
2025-11-17 20:45:42,790 - INFO - [실시간] 요청 29000개 처리 | 현재까지의 RPS: 337.95최근 1000개 request의 p99 TTFT: 0.2602 초 | 
2025-11-17 20:45:45,596 - INFO - [실시간] 요청 30000개 처리 | 현재까지의 RPS: 338.54최근 1000개 request의 p99 TTFT: 0.4784 초 | 
2025-11-17 20:45:48,154 - INFO - [실시간] 요청 31000개 처리 | 현재까지의 RPS: 340.01최근 1000개 request의 p99 TTFT: 0.4287 초 | 
2025-11-17 20:45:50,890 - INFO - [실시간] 요청 32000개 처리 | 현재까지의 RPS: 340.75최근 1000개 request의 p99 TTFT: 0.2323 초 | 
2025-11-17 20:45:53,719 - INFO - [실시간] 요청 33000개 처리 | 현재까지의 RPS: 341.12최근 1000개 request의 p99 TTFT: 0.1844 초 | 
2025-11-17 20:45:56,440 - INFO - [실시간] 요청 34000개 처리 | 현재까지의 RPS: 341.84최근 1000개 request의 p99 TTFT: 0.1789 초 | 
2025-11-17 20:45:59,302 - INFO - [실시간] 요청 35000개 처리 | 현재까지의 RPS: 342.05최근 1000개 request의 p99 TTFT: 0.4667 초 | 
2025-11-17 20:46:01,989 - INFO - [실시간] 요청 36000개 처리 | 현재까지의 RPS: 342.82최근 1000개 request의 p99 TTFT: 0.3931 초 | 
2025-11-17 20:46:04,833 - INFO - [실시간] 요청 37000개 처리 | 현재까지의 RPS: 343.06최근 1000개 request의 p99 TTFT: 0.1903 초 | 
2025-11-17 20:46:07,598 - INFO - [실시간] 요청 38000개 처리 | 현재까지의 RPS: 343.52최근 1000개 request의 p99 TTFT: 0.1996 초 | 
2025-11-17 20:46:10,410 - INFO - [실시간] 요청 39000개 처리 | 현재까지의 RPS: 343.82최근 1000개 request의 p99 TTFT: 0.2060 초 | 
2025-11-17 20:46:13,682 - INFO - [실시간] 요청 40000개 처리 | 현재까지의 RPS: 342.75최근 1000개 request의 p99 TTFT: 0.2271 초 | 
2025-11-17 20:46:16,232 - INFO - [실시간] 요청 41000개 처리 | 현재까지의 RPS: 343.81최근 1000개 request의 p99 TTFT: 0.5811 초 | 
2025-11-17 20:46:18,969 - INFO - [실시간] 요청 42000개 처리 | 현재까지의 RPS: 344.29최근 1000개 request의 p99 TTFT: 0.1855 초 | 
2025-11-17 20:46:21,438 - INFO - [실시간] 요청 43000개 처리 | 현재까지의 RPS: 345.49최근 1000개 request의 p99 TTFT: 0.1931 초 | 
2025-11-17 20:46:23,807 - INFO - [실시간] 요청 44000개 처리 | 현재까지의 RPS: 346.93최근 1000개 request의 p99 TTFT: 0.1932 초 | 
2025-11-17 20:46:26,416 - INFO - [실시간] 요청 45000개 처리 | 현재까지의 RPS: 347.66최근 1000개 request의 p99 TTFT: 0.4586 초 | 
2025-11-17 20:46:28,567 - INFO - [실시간] 요청 46000개 처리 | 현재까지의 RPS: 349.58최근 1000개 request의 p99 TTFT: 0.7335 초 | 
2025-11-17 20:46:30,849 - INFO - [실시간] 요청 47000개 처리 | 현재까지의 RPS: 351.09최근 1000개 request의 p99 TTFT: 0.2122 초 | 
2025-11-17 20:46:33,117 - INFO - [실시간] 요청 48000개 처리 | 현재까지의 RPS: 352.58최근 1000개 request의 p99 TTFT: 0.1972 초 | 
2025-11-17 20:46:35,530 - INFO - [실시간] 요청 49000개 처리 | 현재까지의 RPS: 353.66최근 1000개 request의 p99 TTFT: 0.2450 초 | 
2025-11-17 20:46:37,849 - INFO - [실시간] 요청 50000개 처리 | 현재까지의 RPS: 354.94최근 1000개 request의 p99 TTFT: 1.1023 초 | 
2025-11-17 20:46:40,082 - INFO - [실시간] 요청 51000개 처리 | 현재까지의 RPS: 356.39최근 1000개 request의 p99 TTFT: 0.8351 초 | 
2025-11-17 20:46:42,449 - INFO - [실시간] 요청 52000개 처리 | 현재까지의 RPS: 357.46최근 1000개 request의 p99 TTFT: 0.1902 초 | 
2025-11-17 20:46:44,727 - INFO - [실시간] 요청 53000개 처리 | 현재까지의 RPS: 358.72최근 1000개 request의 p99 TTFT: 0.2015 초 | 
2025-11-17 20:46:47,473 - INFO - [실시간] 요청 54000개 처리 | 현재까지의 RPS: 358.82최근 1000개 request의 p99 TTFT: 0.7423 초 | 
2025-11-17 20:46:49,522 - INFO - [실시간] 요청 55000개 처리 | 현재까지의 RPS: 360.55최근 1000개 request의 p99 TTFT: 0.9021 초 | 
2025-11-17 20:46:51,821 - INFO - [실시간] 요청 56000개 처리 | 현재까지의 RPS: 361.66최근 1000개 request의 p99 TTFT: 0.1937 초 | 
2025-11-17 20:46:54,165 - INFO - [실시간] 요청 57000개 처리 | 현재까지의 RPS: 362.63최근 1000개 request의 p99 TTFT: 0.1982 초 | 
2025-11-17 20:46:56,494 - INFO - [실시간] 요청 58000개 처리 | 현재까지의 RPS: 363.60최근 1000개 request의 p99 TTFT: 0.1885 초 | 
2025-11-17 20:46:59,158 - INFO - [실시간] 요청 59000개 처리 | 현재까지의 RPS: 363.79최근 1000개 request의 p99 TTFT: 1.1420 초 | 
2025-11-17 20:47:01,312 - INFO - [실시간] 요청 60000개 처리 | 현재까지의 RPS: 365.11최근 1000개 request의 p99 TTFT: 1.1627 초 | 
2025-11-17 20:47:03,730 - INFO - [실시간] 요청 61000개 처리 | 현재까지의 RPS: 365.82최근 1000개 request의 p99 TTFT: 0.1851 초 | 
2025-11-17 20:47:06,057 - INFO - [실시간] 요청 62000개 처리 | 현재까지의 RPS: 366.69최근 1000개 request의 p99 TTFT: 0.4191 초 | 
2025-11-17 20:47:08,386 - INFO - [실시간] 요청 63000개 처리 | 현재까지의 RPS: 367.55최근 1000개 request의 p99 TTFT: 0.1907 초 | 
2025-11-17 20:47:11,060 - INFO - [실시간] 요청 64000개 처리 | 현재까지의 RPS: 367.64최근 1000개 request의 p99 TTFT: 0.8400 초 | 
2025-11-17 20:47:13,269 - INFO - [실시간] 요청 65000개 처리 | 현재까지의 RPS: 368.71최근 1000개 request의 p99 TTFT: 0.8218 초 | 
2025-11-17 20:47:15,610 - INFO - [실시간] 요청 66000개 처리 | 현재까지의 RPS: 369.48최근 1000개 request의 p99 TTFT: 0.1991 초 | 
2025-11-17 20:47:17,985 - INFO - [실시간] 요청 67000개 처리 | 현재까지의 RPS: 370.15최근 1000개 request의 p99 TTFT: 0.1945 초 | 
2025-11-17 20:47:20,345 - INFO - [실시간] 요청 68000개 처리 | 현재까지의 RPS: 370.84최근 1000개 request의 p99 TTFT: 0.2080 초 | 
2025-11-17 20:47:22,819 - INFO - [실시간] 요청 69000개 처리 | 현재까지의 RPS: 371.29최근 1000개 request의 p99 TTFT: 0.5622 초 | 
2025-11-17 20:47:24,905 - INFO - [실시간] 요청 70000개 처리 | 현재까지의 RPS: 372.49최근 1000개 request의 p99 TTFT: 0.7600 초 | 
2025-11-17 20:47:27,073 - INFO - [실시간] 요청 71000개 처리 | 현재까지의 RPS: 373.50최근 1000개 request의 p99 TTFT: 0.2462 초 | 
2025-11-17 20:47:29,102 - INFO - [실시간] 요청 72000개 처리 | 현재까지의 RPS: 374.76최근 1000개 request의 p99 TTFT: 0.2091 초 | 
2025-11-17 20:47:31,195 - INFO - [실시간] 요청 73000개 처리 | 현재까지의 RPS: 375.87최근 1000개 request의 p99 TTFT: 0.4208 초 | 
2025-11-17 20:47:33,459 - INFO - [실시간] 요청 74000개 처리 | 현재까지의 RPS: 376.63최근 1000개 request의 p99 TTFT: 0.4818 초 | 
2025-11-17 20:47:35,628 - INFO - [실시간] 요청 75000개 처리 | 현재까지의 RPS: 377.55최근 1000개 request의 p99 TTFT: 1.3410 초 | 
2025-11-17 20:47:37,653 - INFO - [실시간] 요청 76000개 처리 | 현재까지의 RPS: 378.72최근 1000개 request의 p99 TTFT: 1.2656 초 | 
2025-11-17 20:47:39,678 - INFO - [실시간] 요청 77000개 처리 | 현재까지의 RPS: 379.87최근 1000개 request의 p99 TTFT: 0.3824 초 | 
2025-11-17 20:47:42,143 - INFO - [실시간] 요청 78000개 처리 | 현재까지의 RPS: 380.18최근 1000개 request의 p99 TTFT: 0.4286 초 | 
2025-11-17 20:47:44,289 - INFO - [실시간] 요청 79000개 처리 | 현재까지의 RPS: 381.07최근 1000개 request의 p99 TTFT: 1.1238 초 | 
2025-11-17 20:47:46,152 - INFO - [실시간] 요청 80000개 처리 | 현재까지의 RPS: 382.46최근 1000개 request의 p99 TTFT: 1.1212 초 | 
2025-11-17 20:47:48,243 - INFO - [실시간] 요청 81000개 처리 | 현재까지의 RPS: 383.41최근 1000개 request의 p99 TTFT: 0.4297 초 | 
2025-11-17 20:47:50,231 - INFO - [실시간] 요청 82000개 처리 | 현재까지의 RPS: 384.52최근 1000개 request의 p99 TTFT: 0.2777 초 | 
2025-11-17 20:47:52,273 - INFO - [실시간] 요청 83000개 처리 | 현재까지의 RPS: 385.52최근 1000개 request의 p99 TTFT: 0.4745 초 | 
2025-11-17 20:47:54,462 - INFO - [실시간] 요청 84000개 처리 | 현재까지의 RPS: 386.24최근 1000개 request의 p99 TTFT: 1.0598 초 | 
2025-11-17 20:47:56,590 - INFO - [실시간] 요청 85000개 처리 | 현재까지의 RPS: 387.05최근 1000개 request의 p99 TTFT: 0.8041 초 | 
2025-11-17 20:47:58,659 - INFO - [실시간] 요청 86000개 처리 | 현재까지의 RPS: 387.95최근 1000개 request의 p99 TTFT: 0.3140 초 | 
2025-11-17 20:48:00,653 - INFO - [실시간] 요청 87000개 처리 | 현재까지의 RPS: 388.96최근 1000개 request의 p99 TTFT: 0.2193 초 | 
2025-11-17 20:48:02,740 - INFO - [실시간] 요청 88000개 처리 | 현재까지의 RPS: 389.79최근 1000개 request의 p99 TTFT: 0.1977 초 | 
2025-11-17 20:48:05,034 - INFO - [실시간] 요청 89000개 처리 | 현재까지의 RPS: 390.26최근 1000개 request의 p99 TTFT: 0.9764 초 | 
2025-11-17 20:48:07,093 - INFO - [실시간] 요청 90000개 처리 | 현재까지의 RPS: 391.11최근 1000개 request의 p99 TTFT: 0.7719 초 | 
2025-11-17 20:48:09,246 - INFO - [실시간] 요청 91000개 처리 | 현재까지의 RPS: 391.79최근 1000개 request의 p99 TTFT: 0.2167 초 | 
2025-11-17 20:48:11,335 - INFO - [실시간] 요청 92000개 처리 | 현재까지의 RPS: 392.57최근 1000개 request의 p99 TTFT: 0.2080 초 | 
2025-11-17 20:48:13,367 - INFO - [실시간] 요청 93000개 처리 | 현재까지의 RPS: 393.42최근 1000개 request의 p99 TTFT: 0.2013 초 | 
2025-11-17 20:48:15,856 - INFO - [실시간] 요청 94000개 처리 | 현재까지의 RPS: 393.51최근 1000개 request의 p99 TTFT: 0.9824 초 | 
2025-11-17 20:48:17,738 - INFO - [실시간] 요청 95000개 처리 | 현재까지의 RPS: 394.59최근 1000개 request의 p99 TTFT: 1.1529 초 | 
2025-11-17 20:48:19,910 - INFO - [실시간] 요청 96000개 처리 | 현재까지의 RPS: 395.17최근 1000개 request의 p99 TTFT: 0.2131 초 | 
2025-11-17 20:48:21,929 - INFO - [실시간] 요청 97000개 처리 | 현재까지의 RPS: 396.00최근 1000개 request의 p99 TTFT: 0.2726 초 | 
2025-11-17 20:48:23,961 - INFO - [실시간] 요청 98000개 처리 | 현재까지의 RPS: 396.79최근 1000개 request의 p99 TTFT: 0.2136 초 | 
2025-11-17 20:48:26,291 - INFO - [실시간] 요청 99000개 처리 | 현재까지의 RPS: 397.09최근 1000개 request의 p99 TTFT: 0.6303 초 | 
2025-11-17 20:48:28,208 - INFO - [실시간] 요청 100000개 처리 | 현재까지의 RPS: 398.04최근 1000개 request의 p99 TTFT: 1.1393 초 | 
2025-11-17 20:48:30,237 - INFO - [실시간] 요청 101000개 처리 | 현재까지의 RPS: 398.80최근 1000개 request의 p99 TTFT: 0.2522 초 | 
2025-11-17 20:48:32,325 - INFO - [실시간] 요청 102000개 처리 | 현재까지의 RPS: 399.46최근 1000개 request의 p99 TTFT: 0.2571 초 | 
2025-11-17 20:48:34,227 - INFO - [실시간] 요청 103000개 처리 | 현재까지의 RPS: 400.39최근 1000개 request의 p99 TTFT: 0.4958 초 | 
2025-11-17 20:48:36,486 - INFO - [실시간] 요청 104000개 처리 | 현재까지의 RPS: 400.76최근 1000개 request의 p99 TTFT: 0.9861 초 | 
2025-11-17 20:48:38,378 - INFO - [실시간] 요청 105000개 처리 | 현재까지의 RPS: 401.68최근 1000개 request의 p99 TTFT: 1.5174 초 | 
2025-11-17 20:48:40,259 - INFO - [실시간] 요청 106000개 처리 | 현재까지의 RPS: 402.61최근 1000개 request의 p99 TTFT: 1.3340 초 | 
2025-11-17 20:48:42,387 - INFO - [실시간] 요청 107000개 처리 | 현재까지의 RPS: 403.15최근 1000개 request의 p99 TTFT: 0.2008 초 | 
2025-11-17 20:48:44,405 - INFO - [실시간] 요청 108000개 처리 | 현재까지의 RPS: 403.85최근 1000개 request의 p99 TTFT: 0.4815 초 | 
2025-11-17 20:48:46,633 - INFO - [실시간] 요청 109000개 처리 | 현재까지의 RPS: 404.22최근 1000개 request의 p99 TTFT: 0.8495 초 | 
2025-11-17 20:48:48,516 - INFO - [실시간] 요청 110000개 처리 | 현재까지의 RPS: 405.10최근 1000개 request의 p99 TTFT: 1.2601 초 | 
2025-11-17 20:48:50,381 - INFO - [실시간] 요청 111000개 처리 | 현재까지의 RPS: 406.00최근 1000개 request의 p99 TTFT: 0.4451 초 | 
2025-11-17 20:48:52,364 - INFO - [실시간] 요청 112000개 처리 | 현재까지의 RPS: 406.70최근 1000개 request의 p99 TTFT: 0.3613 초 | 
2025-11-17 20:48:54,276 - INFO - [실시간] 요청 113000개 처리 | 현재까지의 RPS: 407.51최근 1000개 request의 p99 TTFT: 0.3974 초 | 
2025-11-17 20:48:56,504 - INFO - [실시간] 요청 114000개 처리 | 현재까지의 RPS: 407.83최근 1000개 request의 p99 TTFT: 0.8456 초 | 
2025-11-17 20:48:58,334 - INFO - [실시간] 요청 115000개 처리 | 현재까지의 RPS: 408.74최근 1000개 request의 p99 TTFT: 1.5883 초 | 
2025-11-17 20:49:00,315 - INFO - [실시간] 요청 116000개 처리 | 현재까지의 RPS: 409.41최근 1000개 request의 p99 TTFT: 1.1408 초 | 
2025-11-17 20:49:02,266 - INFO - [실시간] 요청 117000개 처리 | 현재까지의 RPS: 410.11최근 1000개 request의 p99 TTFT: 0.5624 초 | 
2025-11-17 20:49:04,340 - INFO - [실시간] 요청 118000개 처리 | 현재까지의 RPS: 410.63최근 1000개 request의 p99 TTFT: 0.3029 초 | 
2025-11-17 20:49:06,602 - INFO - [실시간] 요청 119000개 처리 | 현재까지의 RPS: 410.88최근 1000개 request의 p99 TTFT: 0.7713 초 | 
2025-11-17 20:49:08,362 - INFO - [실시간] 요청 120000개 처리 | 현재까지의 RPS: 411.83최근 1000개 request의 p99 TTFT: 1.5225 초 | 
2025-11-17 20:49:10,347 - INFO - [실시간] 요청 121000개 처리 | 현재까지의 RPS: 412.45최근 1000개 request의 p99 TTFT: 0.9812 초 | 
2025-11-17 20:49:12,398 - INFO - [실시간] 요청 122000개 처리 | 현재까지의 RPS: 412.97최근 1000개 request의 p99 TTFT: 0.3473 초 | 
2025-11-17 20:49:14,389 - INFO - [실시간] 요청 123000개 처리 | 현재까지의 RPS: 413.57최근 1000개 request의 p99 TTFT: 0.2450 초 | 
2025-11-17 20:49:16,488 - INFO - [실시간] 요청 124000개 처리 | 현재까지의 RPS: 414.01최근 1000개 request의 p99 TTFT: 0.6108 초 | 
2025-11-17 20:49:18,488 - INFO - [실시간] 요청 125000개 처리 | 현재까지의 RPS: 414.58최근 1000개 request의 p99 TTFT: 1.3384 초 | 
2025-11-17 20:49:20,302 - INFO - [실시간] 요청 126000개 처리 | 현재까지의 RPS: 415.40최근 1000개 request의 p99 TTFT: 1.2707 초 | 
2025-11-17 20:49:22,240 - INFO - [실시간] 요청 127000개 처리 | 현재까지의 RPS: 416.04최근 1000개 request의 p99 TTFT: 0.3290 초 | 
2025-11-17 20:49:24,174 - INFO - [실시간] 요청 128000개 처리 | 현재까지의 RPS: 416.67최근 1000개 request의 p99 TTFT: 0.2313 초 | 
2025-11-17 20:49:26,120 - INFO - [실시간] 요청 129000개 처리 | 현재까지의 RPS: 417.28최근 1000개 request의 p99 TTFT: 0.5507 초 | 
2025-11-17 20:49:28,480 - INFO - [실시간] 요청 130000개 처리 | 현재까지의 RPS: 417.33최근 1000개 request의 p99 TTFT: 1.4790 초 | 
2025-11-17 20:49:30,234 - INFO - [실시간] 요청 131000개 처리 | 현재까지의 RPS: 418.19최근 1000개 request의 p99 TTFT: 1.8612 초 | 
2025-11-17 20:49:32,284 - INFO - [실시간] 요청 132000개 처리 | 현재까지의 RPS: 418.64최근 1000개 request의 p99 TTFT: 1.1625 초 | 
2025-11-17 20:49:34,189 - INFO - [실시간] 요청 133000개 처리 | 현재까지의 RPS: 419.28최근 1000개 request의 p99 TTFT: 0.3077 초 | 
2025-11-17 20:49:36,070 - INFO - [실시간] 요청 134000개 처리 | 현재까지의 RPS: 419.94최근 1000개 request의 p99 TTFT: 0.5126 초 | 
2025-11-17 20:49:38,403 - INFO - [실시간] 요청 135000개 처리 | 현재까지의 RPS: 420.01최근 1000개 request의 p99 TTFT: 1.3096 초 | 
2025-11-17 20:49:40,169 - INFO - [실시간] 요청 136000개 처리 | 현재까지의 RPS: 420.80최근 1000개 request의 p99 TTFT: 2.3585 초 | 
2025-11-17 20:49:40,170 - WARNING - 최근 1000개의 p99 TTFT 2.3585 초가 SLO 의 2배 (2.0 초)를 초과했습니다. 부하 테스트를 조기 종료합니다.
통계에 반영된 요청 인덱스 범위: 0 ~ 136000 (총 136000개 요청)
통계 반영된 요청 수: 136000, 통계 반영된 시간: 388.95 초

==================================================
 실험 최종 결과 요약
==================================================
 부하 테스트가 조기 종료되었습니다! (SLO 위반)
 Client 수를 낮추어 다시 시도하세요.
 설정 실험 시간: 330 초
 Clients 수: 7000
 통계 반영 시간: 388.95 초
 총 시도된 요청: 149207 개
 총 완료된 요청: 136000 개
 총 실패한 요청: 13207 개
 완료 요청 중 retrieval이 실패한 요청: -674 개
 요청 성공률: 91.15%
 전체 Requests Per Second (RPS): 349.66
--------------------------------------------------
 Time to First Token (TTFT) Latency:
  - 평균 (Mean): 0.1591 초
  - 중간값 (50%ile): 0.1068 초
  - 최소값 (Min): 0.0192 초
  - 최대값 (Max): 2.7941 초
  - 95%ile Tail: 0.4912 초
  - 99%ile Tail: 0.9690 초
--------------------------------------------------
 Time Per Output Token (TPOT):
  - 평균 (Mean): 16.88 ms/token
--------------------------------------------------
 Embedding Latency:
  - 총 샘플 수: 136000
  - 평균 (Mean): 8.66 ms
  - 중간값 (50%ile): 7.00 ms
  - 95%ile Tail: 14.00 ms
  - 99%ile Tail: 36.00 ms
--------------------------------------------------
 VectorDB Search Latency:
  - 총 샘플 수: 136000
  - 평균 (Mean): 80.42 ms
  - 중간값 (50%ile): 25.00 ms
  - 95%ile Tail: 364.00 ms
  - 99%ile Tail: 843.00 ms
--------------------------------------------------
 Document Search Latency:
  - 총 샘플 수: 136000
  - 평균 (Mean): 10.58 ms
  - 중간값 (50%ile): 6.00 ms
  - 95%ile Tail: 32.00 ms
  - 99%ile Tail: 66.00 ms
--------------------------------------------------
 Total Retrieval Latency:
  - 총 샘플 수: 136000
  - 평균 (Mean): 99.65 ms
  - 중간값 (50%ile): 42.00 ms
  - 95%ile Tail: 403.00 ms
  - 99%ile Tail: 905.00 ms
==================================================
