2025-11-17 20:37:35,411 - INFO - ReqGen 시작: 서버=163.152.48.109:9000, 클라이언트=7500, 시간=330초
2025-11-17 20:37:35,411 - INFO - Hugging Face에서 'kroshan/BioASQ' 데이터셋을 로드합니다...
2025-11-17 20:37:41,096 - INFO - 3266개의 질문을 로드했습니다.
2025-11-17 20:37:41,096 - INFO - 부하 테스트 시작, client 수 = 7500
2025-11-17 20:37:41,096 - INFO - Zipf 값 1.2에서 상위 20%의 질문이 차지하는 비율: 91.82%
2025-11-17 20:37:46,452 - INFO - [실시간] 요청 1000개 처리 | 현재까지의 RPS: 186.72최근 1000개 request의 p99 TTFT: 0.4573 초 | 
2025-11-17 20:37:50,176 - INFO - [실시간] 요청 2000개 처리 | 현재까지의 RPS: 220.26최근 1000개 request의 p99 TTFT: 0.4060 초 | 
2025-11-17 20:37:53,292 - INFO - [실시간] 요청 3000개 처리 | 현재까지의 RPS: 245.99최근 1000개 request의 p99 TTFT: 0.4119 초 | 
2025-11-17 20:37:55,924 - INFO - [실시간] 요청 4000개 처리 | 현재까지의 RPS: 269.77최근 1000개 request의 p99 TTFT: 0.3548 초 | 
2025-11-17 20:37:58,416 - INFO - [실시간] 요청 5000개 처리 | 현재까지의 RPS: 288.68최근 1000개 request의 p99 TTFT: 0.7791 초 | 
2025-11-17 20:38:00,773 - INFO - [실시간] 요청 6000개 처리 | 현재까지의 RPS: 304.92최근 1000개 request의 p99 TTFT: 0.5226 초 | 
2025-11-17 20:38:02,967 - INFO - [실시간] 요청 7000개 처리 | 현재까지의 RPS: 320.06최근 1000개 request의 p99 TTFT: 1.3168 초 | 
2025-11-17 20:38:05,860 - INFO - [실시간] 요청 8000개 처리 | 현재까지의 RPS: 323.05최근 1000개 request의 p99 TTFT: 1.1615 초 | 
2025-11-17 20:38:08,696 - INFO - [실시간] 요청 9000개 처리 | 현재까지의 RPS: 326.09최근 1000개 request의 p99 TTFT: 0.2212 초 | 
2025-11-17 20:38:11,745 - INFO - [실시간] 요청 10000개 처리 | 현재까지의 RPS: 326.28최근 1000개 request의 p99 TTFT: 0.5834 초 | 
2025-11-17 20:38:14,401 - INFO - [실시간] 요청 11000개 처리 | 현재까지의 RPS: 330.28최근 1000개 request의 p99 TTFT: 0.5681 초 | 
2025-11-17 20:38:17,203 - INFO - [실시간] 요청 12000개 처리 | 현재까지의 RPS: 332.35최근 1000개 request의 p99 TTFT: 0.2024 초 | 
2025-11-17 20:38:19,985 - INFO - [실시간] 요청 13000개 처리 | 현재까지의 RPS: 334.29최근 1000개 request의 p99 TTFT: 0.1992 초 | 
2025-11-17 20:38:22,812 - INFO - [실시간] 요청 14000개 처리 | 현재까지의 RPS: 335.60최근 1000개 request의 p99 TTFT: 0.1873 초 | 
2025-11-17 20:38:25,635 - INFO - [실시간] 요청 15000개 처리 | 현재까지의 RPS: 336.78최근 1000개 request의 p99 TTFT: 0.1980 초 | 
2025-11-17 20:38:28,391 - INFO - [실시간] 요청 16000개 처리 | 현재까지의 RPS: 338.30최근 1000개 request의 p99 TTFT: 0.6701 초 | 
2025-11-17 20:38:31,186 - INFO - [실시간] 요청 17000개 처리 | 현재까지의 RPS: 339.39최근 1000개 request의 p99 TTFT: 0.1821 초 | 
2025-11-17 20:38:34,085 - INFO - [실시간] 요청 18000개 처리 | 현재까지의 RPS: 339.69최근 1000개 request의 p99 TTFT: 0.1794 초 | 
2025-11-17 20:38:36,918 - INFO - [실시간] 요청 19000개 처리 | 현재까지의 RPS: 340.37최근 1000개 request의 p99 TTFT: 0.1882 초 | 
2025-11-17 20:38:39,938 - INFO - [실시간] 요청 20000개 처리 | 현재까지의 RPS: 339.89최근 1000개 request의 p99 TTFT: 0.1721 초 | 
2025-11-17 20:38:42,708 - INFO - [실시간] 요청 21000개 처리 | 현재까지의 RPS: 340.84최근 1000개 request의 p99 TTFT: 0.2144 초 | 
2025-11-17 20:38:45,182 - INFO - [실시간] 요청 22000개 처리 | 현재까지의 RPS: 343.29최근 1000개 request의 p99 TTFT: 0.8491 초 | 
2025-11-17 20:38:47,559 - INFO - [실시간] 요청 23000개 처리 | 현재까지의 RPS: 346.06최근 1000개 request의 p99 TTFT: 0.3993 초 | 
2025-11-17 20:38:49,919 - INFO - [실시간] 요청 24000개 처리 | 현재까지의 RPS: 348.72최근 1000개 request의 p99 TTFT: 0.1907 초 | 
2025-11-17 20:38:52,614 - INFO - [실시간] 요청 25000개 처리 | 현재까지의 RPS: 349.56최근 1000개 request의 p99 TTFT: 0.7733 초 | 
2025-11-17 20:38:54,598 - INFO - [실시간] 요청 26000개 처리 | 현재까지의 RPS: 353.73최근 1000개 request의 p99 TTFT: 1.1970 초 | 
2025-11-17 20:38:56,805 - INFO - [실시간] 요청 27000개 처리 | 현재까지의 RPS: 356.63최근 1000개 request의 p99 TTFT: 0.2058 초 | 
2025-11-17 20:38:59,304 - INFO - [실시간] 요청 28000개 처리 | 현재까지의 RPS: 358.02최근 1000개 request의 p99 TTFT: 0.5364 초 | 
2025-11-17 20:39:01,479 - INFO - [실시간] 요청 29000개 처리 | 현재까지의 RPS: 360.77최근 1000개 request의 p99 TTFT: 0.9894 초 | 
2025-11-17 20:39:03,804 - INFO - [실시간] 요청 30000개 처리 | 현재까지의 RPS: 362.72최근 1000개 request의 p99 TTFT: 0.2334 초 | 
2025-11-17 20:39:06,230 - INFO - [실시간] 요청 31000개 처리 | 현재까지의 RPS: 364.13최근 1000개 request의 p99 TTFT: 0.2125 초 | 
2025-11-17 20:39:08,945 - INFO - [실시간] 요청 32000개 처리 | 현재까지의 RPS: 364.26최근 1000개 request의 p99 TTFT: 0.5520 초 | 
2025-11-17 20:39:11,339 - INFO - [실시간] 요청 33000개 처리 | 현재까지의 RPS: 365.68최근 1000개 request의 p99 TTFT: 0.6864 초 | 
2025-11-17 20:39:13,827 - INFO - [실시간] 요청 34000개 처리 | 현재까지의 RPS: 366.65최근 1000개 request의 p99 TTFT: 0.4068 초 | 
2025-11-17 20:39:16,278 - INFO - [실시간] 요청 35000개 처리 | 현재까지의 RPS: 367.72최근 1000개 request의 p99 TTFT: 0.1841 초 | 
2025-11-17 20:39:18,820 - INFO - [실시간] 요청 36000개 처리 | 현재까지의 RPS: 368.39최근 1000개 request의 p99 TTFT: 0.1899 초 | 
2025-11-17 20:39:21,531 - INFO - [실시간] 요청 37000개 처리 | 현재까지의 RPS: 368.40최근 1000개 request의 p99 TTFT: 0.5800 초 | 
2025-11-17 20:39:23,771 - INFO - [실시간] 요청 38000개 처리 | 현재까지의 RPS: 370.10최근 1000개 request의 p99 TTFT: 0.5826 초 | 
2025-11-17 20:39:26,426 - INFO - [실시간] 요청 39000개 처리 | 현재까지의 RPS: 370.26최근 1000개 request의 p99 TTFT: 0.1872 초 | 
2025-11-17 20:39:29,034 - INFO - [실시간] 요청 40000개 처리 | 현재까지의 RPS: 370.58최근 1000개 request의 p99 TTFT: 0.3569 초 | 
2025-11-17 20:39:31,681 - INFO - [실시간] 요청 41000개 처리 | 현재까지의 RPS: 370.76최근 1000개 request의 p99 TTFT: 0.1945 초 | 
2025-11-17 20:39:34,394 - INFO - [실시간] 요청 42000개 처리 | 현재까지의 RPS: 370.70최근 1000개 request의 p99 TTFT: 0.4621 초 | 
2025-11-17 20:39:36,854 - INFO - [실시간] 요청 43000개 처리 | 현재까지의 RPS: 371.46최근 1000개 request의 p99 TTFT: 0.7666 초 | 
2025-11-17 20:39:39,457 - INFO - [실시간] 요청 44000개 처리 | 현재까지의 RPS: 371.74최근 1000개 request의 p99 TTFT: 0.2814 초 | 
2025-11-17 20:39:42,136 - INFO - [실시간] 요청 45000개 처리 | 현재까지의 RPS: 371.78최근 1000개 request의 p99 TTFT: 0.1950 초 | 
2025-11-17 20:39:44,373 - INFO - [실시간] 요청 46000개 처리 | 현재까지의 RPS: 373.14최근 1000개 request의 p99 TTFT: 0.3487 초 | 
2025-11-17 20:39:46,806 - INFO - [실시간] 요청 47000개 처리 | 현재까지의 RPS: 373.88최근 1000개 request의 p99 TTFT: 0.4598 초 | 
2025-11-17 20:39:48,950 - INFO - [실시간] 요청 48000개 처리 | 현재까지의 RPS: 375.43최근 1000개 request의 p99 TTFT: 1.3033 초 | 
2025-11-17 20:39:51,227 - INFO - [실시간] 요청 49000개 처리 | 현재까지의 RPS: 376.54최근 1000개 request의 p99 TTFT: 0.5150 초 | 
2025-11-17 20:39:53,412 - INFO - [실시간] 요청 50000개 처리 | 현재까지의 RPS: 377.88최근 1000개 request의 p99 TTFT: 0.2100 초 | 
2025-11-17 20:39:55,778 - INFO - [실시간] 요청 51000개 처리 | 현재까지의 RPS: 378.67최근 1000개 request의 p99 TTFT: 0.2165 초 | 
2025-11-17 20:39:58,028 - INFO - [실시간] 요청 52000개 처리 | 현재까지의 RPS: 379.75최근 1000개 request의 p99 TTFT: 1.0736 초 | 
2025-11-17 20:40:00,104 - INFO - [실시간] 요청 53000개 처리 | 현재까지의 RPS: 381.27최근 1000개 request의 p99 TTFT: 1.1539 초 | 
2025-11-17 20:40:02,149 - INFO - [실시간] 요청 54000개 처리 | 현재까지의 RPS: 382.83최근 1000개 request의 p99 TTFT: 0.2421 초 | 
2025-11-17 20:40:04,513 - INFO - [실시간] 요청 55000개 처리 | 현재까지의 RPS: 383.50최근 1000개 request의 p99 TTFT: 0.2318 초 | 
2025-11-17 20:40:06,744 - INFO - [실시간] 요청 56000개 처리 | 현재까지의 RPS: 384.49최근 1000개 request의 p99 TTFT: 1.0340 초 | 
2025-11-17 20:40:08,706 - INFO - [실시간] 요청 57000개 처리 | 현재까지의 RPS: 386.15최근 1000개 request의 p99 TTFT: 1.0199 초 | 
2025-11-17 20:40:10,833 - INFO - [실시간] 요청 58000개 처리 | 현재까지의 RPS: 387.35최근 1000개 request의 p99 TTFT: 0.3799 초 | 
2025-11-17 20:40:13,034 - INFO - [실시간] 요청 59000개 처리 | 현재까지의 RPS: 388.32최근 1000개 request의 p99 TTFT: 0.1904 초 | 
2025-11-17 20:40:15,246 - INFO - [실시간] 요청 60000개 처리 | 현재까지의 RPS: 389.23최근 1000개 request의 p99 TTFT: 0.3666 초 | 
2025-11-17 20:40:17,543 - INFO - [실시간] 요청 61000개 처리 | 현재까지의 RPS: 389.91최근 1000개 request의 p99 TTFT: 0.9367 초 | 
2025-11-17 20:40:19,646 - INFO - [실시간] 요청 62000개 처리 | 현재까지의 RPS: 391.04최근 1000개 request의 p99 TTFT: 0.7376 초 | 
2025-11-17 20:40:21,780 - INFO - [실시간] 요청 63000개 처리 | 현재까지의 RPS: 392.07최근 1000개 request의 p99 TTFT: 0.3530 초 | 
2025-11-17 20:40:23,935 - INFO - [실시간] 요청 64000개 처리 | 현재까지의 RPS: 393.03최근 1000개 request의 p99 TTFT: 0.2295 초 | 
2025-11-17 20:40:26,249 - INFO - [실시간] 요청 65000개 처리 | 현재까지의 RPS: 393.57최근 1000개 request의 p99 TTFT: 0.3401 초 | 
2025-11-17 20:40:28,503 - INFO - [실시간] 요청 66000개 처리 | 현재까지의 RPS: 394.25최근 1000개 request의 p99 TTFT: 0.9272 초 | 
2025-11-17 20:40:30,764 - INFO - [실시간] 요청 67000개 처리 | 현재까지의 RPS: 394.89최근 1000개 request의 p99 TTFT: 0.8269 초 | 
2025-11-17 20:40:33,013 - INFO - [실시간] 요청 68000개 처리 | 현재까지의 RPS: 395.54최근 1000개 request의 p99 TTFT: 0.3165 초 | 
2025-11-17 20:40:35,279 - INFO - [실시간] 요청 69000개 처리 | 현재까지의 RPS: 396.14최근 1000개 request의 p99 TTFT: 0.2046 초 | 
2025-11-17 20:40:37,474 - INFO - [실시간] 요청 70000개 처리 | 현재까지의 RPS: 396.87최근 1000개 request의 p99 TTFT: 0.2053 초 | 
2025-11-17 20:40:40,044 - INFO - [실시간] 요청 71000개 처리 | 현재까지의 RPS: 396.76최근 1000개 request의 p99 TTFT: 0.8775 초 | 
2025-11-17 20:40:41,986 - INFO - [실시간] 요청 72000개 처리 | 현재까지의 RPS: 398.03최근 1000개 request의 p99 TTFT: 1.1629 초 | 
2025-11-17 20:40:44,127 - INFO - [실시간] 요청 73000개 처리 | 현재까지의 RPS: 398.84최근 1000개 request의 p99 TTFT: 0.4799 초 | 
2025-11-17 20:40:46,174 - INFO - [실시간] 요청 74000개 처리 | 현재까지의 RPS: 399.83최근 1000개 request의 p99 TTFT: 0.2417 초 | 
2025-11-17 20:40:48,260 - INFO - [실시간] 요청 75000개 처리 | 현재까지의 RPS: 400.72최근 1000개 request의 p99 TTFT: 0.2637 초 | 
2025-11-17 20:40:50,741 - INFO - [실시간] 요청 76000개 처리 | 현재까지의 RPS: 400.75최근 1000개 request의 p99 TTFT: 0.9699 초 | 
2025-11-17 20:40:52,658 - INFO - [실시간] 요청 77000개 처리 | 현재까지의 RPS: 401.96최근 1000개 request의 p99 TTFT: 1.1461 초 | 
2025-11-17 20:40:54,669 - INFO - [실시간] 요청 78000개 처리 | 현재까지의 RPS: 402.95최근 1000개 request의 p99 TTFT: 0.4038 초 | 
2025-11-17 20:40:56,715 - INFO - [실시간] 요청 79000개 처리 | 현재까지의 RPS: 403.85최근 1000개 request의 p99 TTFT: 0.2420 초 | 
2025-11-17 20:40:58,769 - INFO - [실시간] 요청 80000개 처리 | 현재까지의 RPS: 404.71최근 1000개 request의 p99 TTFT: 0.3307 초 | 
2025-11-17 20:41:00,961 - INFO - [실시간] 요청 81000개 처리 | 현재까지의 RPS: 405.27최근 1000개 request의 p99 TTFT: 1.1153 초 | 
2025-11-17 20:41:02,803 - INFO - [실시간] 요청 82000개 처리 | 현재까지의 RPS: 406.53최근 1000개 request의 p99 TTFT: 1.2946 초 | 
2025-11-17 20:41:04,850 - INFO - [실시간] 요청 83000개 처리 | 현재까지의 RPS: 407.35최근 1000개 request의 p99 TTFT: 0.5372 초 | 
2025-11-17 20:41:06,825 - INFO - [실시간] 요청 84000개 처리 | 현재까지의 RPS: 408.30최근 1000개 request의 p99 TTFT: 0.2400 초 | 
2025-11-17 20:41:08,993 - INFO - [실시간] 요청 85000개 처리 | 현재까지의 RPS: 408.86최근 1000개 request의 p99 TTFT: 0.6676 초 | 
2025-11-17 20:41:10,923 - INFO - [실시간] 요청 86000개 처리 | 현재까지의 RPS: 409.86최근 1000개 request의 p99 TTFT: 1.3228 초 | 
2025-11-17 20:41:12,949 - INFO - [실시간] 요청 87000개 처리 | 현재까지의 RPS: 410.66최근 1000개 request의 p99 TTFT: 0.6977 초 | 
2025-11-17 20:41:14,953 - INFO - [실시간] 요청 88000개 처리 | 현재까지의 RPS: 411.49최근 1000개 request의 p99 TTFT: 0.4114 초 | 
2025-11-17 20:41:16,923 - INFO - [실시간] 요청 89000개 처리 | 현재까지의 RPS: 412.37최근 1000개 request의 p99 TTFT: 0.2426 초 | 
2025-11-17 20:41:19,158 - INFO - [실시간] 요청 90000개 처리 | 현재까지의 RPS: 412.73최근 1000개 request의 p99 TTFT: 0.5207 초 | 
2025-11-17 20:41:21,175 - INFO - [실시간] 요청 91000개 처리 | 현재까지의 RPS: 413.49최근 1000개 request의 p99 TTFT: 1.2256 초 | 
2025-11-17 20:41:23,086 - INFO - [실시간] 요청 92000개 처리 | 현재까지의 RPS: 414.43최근 1000개 request의 p99 TTFT: 0.9252 초 | 
2025-11-17 20:41:25,089 - INFO - [실시간] 요청 93000개 처리 | 현재까지의 RPS: 415.19최근 1000개 request의 p99 TTFT: 0.2361 초 | 
2025-11-17 20:41:27,033 - INFO - [실시간] 요청 94000개 처리 | 현재까지의 RPS: 416.05최근 1000개 request의 p99 TTFT: 0.2353 초 | 
2025-11-17 20:41:29,130 - INFO - [실시간] 요청 95000개 처리 | 현재까지의 RPS: 416.60최근 1000개 request의 p99 TTFT: 0.4179 초 | 
2025-11-17 20:41:31,299 - INFO - [실시간] 요청 96000개 처리 | 현재까지의 RPS: 417.02최근 1000개 request의 p99 TTFT: 1.3279 초 | 
2025-11-17 20:41:33,270 - INFO - [실시간] 요청 97000개 처리 | 현재까지의 RPS: 417.79최근 1000개 request의 p99 TTFT: 1.2231 초 | 
2025-11-17 20:41:35,347 - INFO - [실시간] 요청 98000개 처리 | 현재까지의 RPS: 418.36최근 1000개 request의 p99 TTFT: 0.2001 초 | 
2025-11-17 20:41:37,356 - INFO - [실시간] 요청 99000개 처리 | 현재까지의 RPS: 419.03최근 1000개 request의 p99 TTFT: 0.2193 초 | 
2025-11-17 20:41:39,454 - INFO - [실시간] 요청 100000개 처리 | 현재까지의 RPS: 419.54최근 1000개 request의 p99 TTFT: 0.5018 초 | 
2025-11-17 20:41:41,889 - INFO - [실시간] 요청 101000개 처리 | 현재까지의 RPS: 419.45최근 1000개 request의 p99 TTFT: 1.8126 초 | 
2025-11-17 20:41:43,570 - INFO - [실시간] 요청 102000개 처리 | 현재까지의 RPS: 420.66최근 1000개 request의 p99 TTFT: 1.9005 초 | 
2025-11-17 20:41:45,588 - INFO - [실시간] 요청 103000개 처리 | 현재까지의 RPS: 421.28최근 1000개 request의 p99 TTFT: 0.4509 초 | 
2025-11-17 20:41:47,550 - INFO - [실시간] 요청 104000개 처리 | 현재까지의 RPS: 421.99최근 1000개 request의 p99 TTFT: 0.2370 초 | 
2025-11-17 20:41:49,755 - INFO - [실시간] 요청 105000개 처리 | 현재까지의 RPS: 422.26최근 1000개 request의 p99 TTFT: 0.7855 초 | 
2025-11-17 20:41:51,637 - INFO - [실시간] 요청 106000개 처리 | 현재까지의 RPS: 423.08최근 1000개 request의 p99 TTFT: 1.3062 초 | 
2025-11-17 20:41:53,526 - INFO - [실시간] 요청 107000개 처리 | 현재까지의 RPS: 423.88최근 1000개 request의 p99 TTFT: 0.6705 초 | 
2025-11-17 20:41:55,394 - INFO - [실시간] 요청 108000개 처리 | 현재까지의 RPS: 424.70최근 1000개 request의 p99 TTFT: 0.7243 초 | 
2025-11-17 20:41:57,388 - INFO - [실시간] 요청 109000개 처리 | 현재까지의 RPS: 425.30최근 1000개 request의 p99 TTFT: 0.2685 초 | 
2025-11-17 20:41:59,421 - INFO - [실시간] 요청 110000개 처리 | 현재까지의 RPS: 425.82최근 1000개 request의 p99 TTFT: 0.4215 초 | 
2025-11-17 20:42:01,609 - INFO - [실시간] 요청 111000개 처리 | 현재까지의 RPS: 426.08최근 1000개 request의 p99 TTFT: 1.4970 초 | 
2025-11-17 20:42:03,426 - INFO - [실시간] 요청 112000개 처리 | 현재까지의 RPS: 426.94최근 1000개 request의 p99 TTFT: 1.9202 초 | 
2025-11-17 20:42:05,281 - INFO - [실시간] 요청 113000개 처리 | 현재까지의 RPS: 427.73최근 1000개 request의 p99 TTFT: 1.8039 초 | 
2025-11-17 20:42:07,116 - INFO - [실시간] 요청 114000개 처리 | 현재까지의 RPS: 428.54최근 1000개 request의 p99 TTFT: 0.9286 초 | 
2025-11-17 20:42:09,312 - INFO - [실시간] 요청 115000개 처리 | 현재까지의 RPS: 428.76최근 1000개 request의 p99 TTFT: 0.6494 초 | 
2025-11-17 20:42:11,233 - INFO - [실시간] 요청 116000개 처리 | 현재까지의 RPS: 429.41최근 1000개 request의 p99 TTFT: 1.5452 초 | 
2025-11-17 20:42:13,107 - INFO - [실시간] 요청 117000개 처리 | 현재까지의 RPS: 430.13최근 1000개 request의 p99 TTFT: 1.7170 초 | 
2025-11-17 20:42:15,031 - INFO - [실시간] 요청 118000개 처리 | 현재까지의 RPS: 430.76최근 1000개 request의 p99 TTFT: 0.8891 초 | 
2025-11-17 20:42:16,868 - INFO - [실시간] 요청 119000개 처리 | 현재까지의 RPS: 431.52최근 1000개 request의 p99 TTFT: 0.3351 초 | 
2025-11-17 20:42:18,968 - INFO - [실시간] 요청 120000개 처리 | 현재까지의 RPS: 431.85최근 1000개 request의 p99 TTFT: 0.5100 초 | 
2025-11-17 20:42:21,097 - INFO - [실시간] 요청 121000개 처리 | 현재까지의 RPS: 432.14최근 1000개 request의 p99 TTFT: 1.8221 초 | 
2025-11-17 20:42:22,907 - INFO - [실시간] 요청 122000개 처리 | 현재까지의 RPS: 432.91최근 1000개 request의 p99 TTFT: 1.8698 초 | 
2025-11-17 20:42:24,714 - INFO - [실시간] 요청 123000개 처리 | 현재까지의 RPS: 433.68최근 1000개 request의 p99 TTFT: 0.7130 초 | 
2025-11-17 20:42:26,554 - INFO - [실시간] 요청 124000개 처리 | 현재까지의 RPS: 434.39최근 1000개 request의 p99 TTFT: 0.5970 초 | 
2025-11-17 20:42:28,657 - INFO - [실시간] 요청 125000개 처리 | 현재까지의 RPS: 434.69최근 1000개 request의 p99 TTFT: 0.5641 초 | 
2025-11-17 20:42:30,703 - INFO - [실시간] 요청 126000개 처리 | 현재까지의 RPS: 435.07최근 1000개 request의 p99 TTFT: 1.6541 초 | 
2025-11-17 20:42:32,563 - INFO - [실시간] 요청 127000개 처리 | 현재까지의 RPS: 435.73최근 1000개 request의 p99 TTFT: 1.8366 초 | 
2025-11-17 20:42:34,417 - INFO - [실시간] 요청 128000개 처리 | 현재까지의 RPS: 436.38최근 1000개 request의 p99 TTFT: 0.9702 초 | 
2025-11-17 20:42:36,257 - INFO - [실시간] 요청 129000개 처리 | 현재까지의 RPS: 437.05최근 1000개 request의 p99 TTFT: 0.8617 초 | 
2025-11-17 20:42:38,215 - INFO - [실시간] 요청 130000개 처리 | 현재까지의 RPS: 437.54최근 1000개 request의 p99 TTFT: 0.7233 초 | 
2025-11-17 20:42:40,387 - INFO - [실시간] 요청 131000개 처리 | 현재까지의 RPS: 437.70최근 1000개 request의 p99 TTFT: 1.1490 초 | 
2025-11-17 20:42:42,230 - INFO - [실시간] 요청 132000개 처리 | 현재까지의 RPS: 438.34최근 1000개 request의 p99 TTFT: 2.1468 초 | 
2025-11-17 20:42:42,230 - WARNING - 최근 1000개의 p99 TTFT 2.1468 초가 SLO 의 2배 (2.0 초)를 초과했습니다. 부하 테스트를 조기 종료합니다.
2025-11-17 20:43:00,353 - INFO - [실시간] 요청 133000개 처리 | 현재까지의 RPS: 416.59최근 1000개 request의 p99 TTFT: 2.2854 초 | 
통계에 반영된 요청 인덱스 범위: 0 ~ 132000 (총 132000개 요청)
통계 반영된 요청 수: 132000, 통계 반영된 시간: 388.70 초

==================================================
 실험 최종 결과 요약
==================================================
 부하 테스트가 조기 종료되었습니다! (SLO 위반)
 Client 수를 낮추어 다시 시도하세요.
 설정 실험 시간: 330 초
 Clients 수: 7500
 통계 반영 시간: 388.70 초
 총 시도된 요청: 146016 개
 총 완료된 요청: 132000 개
 총 실패한 요청: 14016 개
 완료 요청 중 retrieval이 실패한 요청: -1441 개
 요청 성공률: 90.40%
 전체 Requests Per Second (RPS): 339.59
--------------------------------------------------
 Time to First Token (TTFT) Latency:
  - 평균 (Mean): 0.1938 초
  - 중간값 (50%ile): 0.1372 초
  - 최소값 (Min): 0.0200 초
  - 최대값 (Max): 2.9021 초
  - 95%ile Tail: 0.5757 초
  - 99%ile Tail: 1.0862 초
--------------------------------------------------
 Time Per Output Token (TPOT):
  - 평균 (Mean): 16.86 ms/token
--------------------------------------------------
 Embedding Latency:
  - 총 샘플 수: 132000
  - 평균 (Mean): 8.61 ms
  - 중간값 (50%ile): 7.00 ms
  - 95%ile Tail: 15.00 ms
  - 99%ile Tail: 38.00 ms
--------------------------------------------------
 VectorDB Search Latency:
  - 총 샘플 수: 132000
  - 평균 (Mean): 99.71 ms
  - 중간값 (50%ile): 28.00 ms
  - 95%ile Tail: 446.05 ms
  - 99%ile Tail: 931.02 ms
--------------------------------------------------
 Document Search Latency:
  - 총 샘플 수: 132000
  - 평균 (Mean): 10.61 ms
  - 중간값 (50%ile): 6.00 ms
  - 95%ile Tail: 33.00 ms
  - 99%ile Tail: 65.00 ms
--------------------------------------------------
 Total Retrieval Latency:
  - 총 샘플 수: 132000
  - 평균 (Mean): 118.94 ms
  - 중간값 (50%ile): 45.00 ms
  - 95%ile Tail: 488.00 ms
  - 99%ile Tail: 994.01 ms
==================================================
