2025-11-17 20:31:06,851 - INFO - ReqGen 시작: 서버=163.152.48.109:9000, 클라이언트=8000, 시간=330초
2025-11-17 20:31:06,851 - INFO - Hugging Face에서 'kroshan/BioASQ' 데이터셋을 로드합니다...
2025-11-17 20:31:13,799 - INFO - 3266개의 질문을 로드했습니다.
2025-11-17 20:31:13,799 - INFO - 부하 테스트 시작, client 수 = 8000
2025-11-17 20:31:13,800 - INFO - Zipf 값 1.2에서 상위 20%의 질문이 차지하는 비율: 91.82%
2025-11-17 20:31:19,218 - INFO - [실시간] 요청 1000개 처리 | 현재까지의 RPS: 184.55최근 1000개 request의 p99 TTFT: 0.3235 초 | 
2025-11-17 20:31:22,757 - INFO - [실시간] 요청 2000개 처리 | 현재까지의 RPS: 223.28최근 1000개 request의 p99 TTFT: 0.2491 초 | 
2025-11-17 20:31:25,822 - INFO - [실시간] 요청 3000개 처리 | 현재까지의 RPS: 249.54최근 1000개 request의 p99 TTFT: 0.3473 초 | 
2025-11-17 20:31:28,434 - INFO - [실시간] 요청 4000개 처리 | 현재까지의 RPS: 273.32최근 1000개 request의 p99 TTFT: 0.6388 초 | 
2025-11-17 20:31:30,715 - INFO - [실시간] 요청 5000개 처리 | 현재까지의 RPS: 295.58최근 1000개 request의 p99 TTFT: 0.7274 초 | 
2025-11-17 20:31:33,084 - INFO - [실시간] 요청 6000개 처리 | 현재까지의 RPS: 311.13최근 1000개 request의 p99 TTFT: 0.7120 초 | 
2025-11-17 20:31:34,844 - INFO - [실시간] 요청 7000개 처리 | 현재까지의 RPS: 332.62최근 1000개 request의 p99 TTFT: 0.8176 초 | 
2025-11-17 20:31:37,757 - INFO - [실시간] 요청 8000개 처리 | 현재까지의 RPS: 333.92최근 1000개 request의 p99 TTFT: 0.5048 초 | 
2025-11-17 20:31:40,518 - INFO - [실시간] 요청 9000개 처리 | 현재까지의 RPS: 336.85최근 1000개 request의 p99 TTFT: 0.4649 초 | 
2025-11-17 20:31:43,290 - INFO - [실시간] 요청 10000개 처리 | 현재까지의 RPS: 339.10최근 1000개 request의 p99 TTFT: 0.2384 초 | 
2025-11-17 20:31:45,906 - INFO - [실시간] 요청 11000개 처리 | 현재까지의 RPS: 342.61최근 1000개 request의 p99 TTFT: 0.2139 초 | 
2025-11-17 20:31:48,464 - INFO - [실시간] 요청 12000개 처리 | 현재까지의 RPS: 346.17최근 1000개 request의 p99 TTFT: 0.1883 초 | 
2025-11-17 20:31:51,114 - INFO - [실시간] 요청 13000개 처리 | 현재까지의 RPS: 348.39최근 1000개 request의 p99 TTFT: 0.3780 초 | 
2025-11-17 20:31:53,732 - INFO - [실시간] 요청 14000개 처리 | 현재까지의 RPS: 350.59최근 1000개 request의 p99 TTFT: 0.5248 초 | 
2025-11-17 20:31:56,373 - INFO - [실시간] 요청 15000개 처리 | 현재까지의 RPS: 352.33최근 1000개 request의 p99 TTFT: 0.2110 초 | 
2025-11-17 20:31:59,144 - INFO - [실시간] 요청 16000개 처리 | 현재까지의 RPS: 352.85최근 1000개 request의 p99 TTFT: 0.1880 초 | 
2025-11-17 20:32:01,991 - INFO - [실시간] 요청 17000개 처리 | 현재까지의 RPS: 352.76최근 1000개 request의 p99 TTFT: 0.1832 초 | 
2025-11-17 20:32:04,676 - INFO - [실시간] 요청 18000개 처리 | 현재까지의 RPS: 353.80최근 1000개 request의 p99 TTFT: 0.1895 초 | 
2025-11-17 20:32:07,484 - INFO - [실시간] 요청 19000개 처리 | 현재까지의 RPS: 353.92최근 1000개 request의 p99 TTFT: 0.2171 초 | 
2025-11-17 20:32:10,075 - INFO - [실시간] 요청 20000개 처리 | 현재까지의 RPS: 355.40최근 1000개 request의 p99 TTFT: 0.5489 초 | 
2025-11-17 20:32:12,742 - INFO - [실시간] 요청 21000개 처리 | 현재까지의 RPS: 356.28최근 1000개 request의 p99 TTFT: 0.2237 초 | 
2025-11-17 20:32:15,405 - INFO - [실시간] 요청 22000개 처리 | 현재까지의 RPS: 357.11최근 1000개 request의 p99 TTFT: 0.1865 초 | 
2025-11-17 20:32:17,698 - INFO - [실시간] 요청 23000개 처리 | 현재까지의 RPS: 359.95최근 1000개 request의 p99 TTFT: 0.2087 초 | 
2025-11-17 20:32:20,439 - INFO - [실시간] 요청 24000개 처리 | 현재까지의 RPS: 360.15최근 1000개 request의 p99 TTFT: 0.8161 초 | 
2025-11-17 20:32:22,402 - INFO - [실시간] 요청 25000개 처리 | 현재까지의 RPS: 364.42최근 1000개 request의 p99 TTFT: 1.0871 초 | 
2025-11-17 20:32:24,574 - INFO - [실시간] 요청 26000개 처리 | 현재까지의 RPS: 367.36최근 1000개 request의 p99 TTFT: 0.2067 초 | 
2025-11-17 20:32:27,203 - INFO - [실시간] 요청 27000개 처리 | 현재까지의 RPS: 367.83최근 1000개 request의 p99 TTFT: 0.7466 초 | 
2025-11-17 20:32:29,108 - INFO - [실시간] 요청 28000개 처리 | 현재까지의 RPS: 371.81최근 1000개 request의 p99 TTFT: 0.9763 초 | 
2025-11-17 20:32:31,164 - INFO - [실시간] 요청 29000개 처리 | 현재까지의 RPS: 374.85최근 1000개 request의 p99 TTFT: 0.5736 초 | 
2025-11-17 20:32:33,748 - INFO - [실시간] 요청 30000개 처리 | 현재까지의 RPS: 375.24최근 1000개 request의 p99 TTFT: 0.6136 초 | 
2025-11-17 20:32:35,691 - INFO - [실시간] 요청 31000개 처리 | 현재까지의 RPS: 378.55최근 1000개 request의 p99 TTFT: 1.2651 초 | 
2025-11-17 20:32:38,103 - INFO - [실시간] 요청 32000개 처리 | 현재까지의 RPS: 379.58최근 1000개 request의 p99 TTFT: 0.4855 초 | 
2025-11-17 20:32:40,643 - INFO - [실시간] 요청 33000개 처리 | 현재까지의 RPS: 379.99최근 1000개 request의 p99 TTFT: 0.1914 초 | 
2025-11-17 20:32:43,299 - INFO - [실시간] 요청 34000개 처리 | 현재까지의 RPS: 379.89최근 1000개 request의 p99 TTFT: 0.6989 초 | 
2025-11-17 20:32:45,527 - INFO - [실시간] 요청 35000개 처리 | 현재까지의 RPS: 381.56최근 1000개 request의 p99 TTFT: 0.8020 초 | 
2025-11-17 20:32:47,890 - INFO - [실시간] 요청 36000개 처리 | 현재까지의 RPS: 382.61최근 1000개 request의 p99 TTFT: 0.4837 초 | 
2025-11-17 20:32:50,238 - INFO - [실시간] 요청 37000개 처리 | 현재까지의 RPS: 383.66최근 1000개 request의 p99 TTFT: 0.1927 초 | 
2025-11-17 20:32:52,712 - INFO - [실시간] 요청 38000개 처리 | 현재까지의 RPS: 384.18최근 1000개 request의 p99 TTFT: 0.2118 초 | 
2025-11-17 20:32:55,366 - INFO - [실시간] 요청 39000개 처리 | 현재까지의 RPS: 383.98최근 1000개 request의 p99 TTFT: 0.7147 초 | 
2025-11-17 20:32:57,602 - INFO - [실시간] 요청 40000개 처리 | 현재까지의 RPS: 385.35최근 1000개 request의 p99 TTFT: 0.7033 초 | 
2025-11-17 20:33:00,065 - INFO - [실시간] 요청 41000개 처리 | 현재까지의 RPS: 385.82최근 1000개 request의 p99 TTFT: 0.1955 초 | 
2025-11-17 20:33:02,642 - INFO - [실시간] 요청 42000개 처리 | 현재까지의 RPS: 385.88최근 1000개 request의 p99 TTFT: 0.3944 초 | 
2025-11-17 20:33:05,083 - INFO - [실시간] 요청 43000개 처리 | 현재까지의 RPS: 386.40최근 1000개 request의 p99 TTFT: 0.2108 초 | 
2025-11-17 20:33:07,949 - INFO - [실시간] 요청 44000개 처리 | 현재까지의 RPS: 385.46최근 1000개 request의 p99 TTFT: 0.6908 초 | 
2025-11-17 20:33:10,203 - INFO - [실시간] 요청 45000개 처리 | 현재까지의 RPS: 386.59최근 1000개 request의 p99 TTFT: 0.8726 초 | 
2025-11-17 20:33:12,769 - INFO - [실시간] 요청 46000개 처리 | 현재까지의 RPS: 386.65최근 1000개 request의 p99 TTFT: 0.1900 초 | 
2025-11-17 20:33:15,127 - INFO - [실시간] 요청 47000개 처리 | 현재까지의 RPS: 387.38최근 1000개 request의 p99 TTFT: 0.1909 초 | 
2025-11-17 20:33:17,213 - INFO - [실시간] 요청 48000개 처리 | 현재까지의 RPS: 388.94최근 1000개 request의 p99 TTFT: 0.3951 초 | 
2025-11-17 20:33:19,879 - INFO - [실시간] 요청 49000개 처리 | 현재까지의 RPS: 388.64최근 1000개 request의 p99 TTFT: 0.9171 초 | 
2025-11-17 20:33:21,646 - INFO - [실시간] 요청 50000개 처리 | 현재까지의 RPS: 391.09최근 1000개 request의 p99 TTFT: 1.0401 초 | 
2025-11-17 20:33:23,688 - INFO - [실시간] 요청 51000개 처리 | 현재까지의 RPS: 392.64최근 1000개 request의 p99 TTFT: 0.2387 초 | 
2025-11-17 20:33:25,789 - INFO - [실시간] 요청 52000개 처리 | 현재까지의 RPS: 393.97최근 1000개 request의 p99 TTFT: 0.2039 초 | 
2025-11-17 20:33:28,429 - INFO - [실시간] 요청 53000개 처리 | 현재까지의 RPS: 393.67최근 1000개 request의 p99 TTFT: 1.0327 초 | 
2025-11-17 20:33:30,042 - INFO - [실시간] 요청 54000개 처리 | 현재까지의 RPS: 396.35최근 1000개 request의 p99 TTFT: 1.8488 초 | 
2025-11-17 20:33:32,046 - INFO - [실시간] 요청 55000개 처리 | 현재까지의 RPS: 397.84최근 1000개 request의 p99 TTFT: 1.4699 초 | 
2025-11-17 20:33:34,274 - INFO - [실시간] 요청 56000개 처리 | 현재까지의 RPS: 398.65최근 1000개 request의 p99 TTFT: 0.5794 초 | 
2025-11-17 20:33:36,190 - INFO - [실시간] 요청 57000개 처리 | 현재까지의 RPS: 400.31최근 1000개 request의 p99 TTFT: 1.1639 초 | 
2025-11-17 20:33:38,258 - INFO - [실시간] 요청 58000개 처리 | 현재까지의 RPS: 401.50최근 1000개 request의 p99 TTFT: 1.1019 초 | 
2025-11-17 20:33:40,408 - INFO - [실시간] 요청 59000개 처리 | 현재까지의 RPS: 402.43최근 1000개 request의 p99 TTFT: 0.3133 초 | 
2025-11-17 20:33:42,616 - INFO - [실시간] 요청 60000개 처리 | 현재까지의 RPS: 403.18최근 1000개 request의 p99 TTFT: 0.4291 초 | 
2025-11-17 20:33:44,740 - INFO - [실시간] 요청 61000개 처리 | 현재까지의 RPS: 404.13최근 1000개 request의 p99 TTFT: 0.8736 초 | 
2025-11-17 20:33:46,703 - INFO - [실시간] 요청 62000개 처리 | 현재까지의 RPS: 405.48최근 1000개 request의 p99 TTFT: 0.5700 초 | 
2025-11-17 20:33:48,796 - INFO - [실시간] 요청 63000개 처리 | 현재까지의 RPS: 406.46최근 1000개 request의 p99 TTFT: 0.2166 초 | 
2025-11-17 20:33:50,722 - INFO - [실시간] 요청 64000개 처리 | 현재까지의 RPS: 407.85최근 1000개 request의 p99 TTFT: 0.2076 초 | 
2025-11-17 20:33:52,975 - INFO - [실시간] 요청 65000개 처리 | 현재까지의 RPS: 408.35최근 1000개 request의 p99 TTFT: 0.4861 초 | 
2025-11-17 20:33:54,979 - INFO - [실시간] 요청 66000개 처리 | 현재까지의 RPS: 409.48최근 1000개 request의 p99 TTFT: 0.8390 초 | 
2025-11-17 20:33:57,009 - INFO - [실시간] 요청 67000개 처리 | 현재까지의 RPS: 410.52최근 1000개 request의 p99 TTFT: 0.2117 초 | 
2025-11-17 20:33:59,106 - INFO - [실시간] 요청 68000개 처리 | 현재까지의 RPS: 411.36최근 1000개 request의 p99 TTFT: 0.2012 초 | 
2025-11-17 20:34:01,179 - INFO - [실시간] 요청 69000개 처리 | 현재까지의 RPS: 412.24최근 1000개 request의 p99 TTFT: 0.2038 초 | 
2025-11-17 20:34:03,472 - INFO - [실시간] 요청 70000개 처리 | 현재까지의 RPS: 412.56최근 1000개 request의 p99 TTFT: 0.4481 초 | 
2025-11-17 20:34:05,618 - INFO - [실시간] 요청 71000개 처리 | 현재까지의 RPS: 413.23최근 1000개 request의 p99 TTFT: 1.1086 초 | 
2025-11-17 20:34:07,586 - INFO - [실시간] 요청 72000개 처리 | 현재까지의 RPS: 414.30최근 1000개 request의 p99 TTFT: 1.1006 초 | 
2025-11-17 20:34:09,773 - INFO - [실시간] 요청 73000개 처리 | 현재까지의 RPS: 414.84최근 1000개 request의 p99 TTFT: 0.1992 초 | 
2025-11-17 20:34:11,995 - INFO - [실시간] 요청 74000개 처리 | 현재까지의 RPS: 415.27최근 1000개 request의 p99 TTFT: 0.2039 초 | 
2025-11-17 20:34:14,183 - INFO - [실시간] 요청 75000개 처리 | 현재까지의 RPS: 415.78최근 1000개 request의 p99 TTFT: 0.2360 초 | 
2025-11-17 20:34:16,318 - INFO - [실시간] 요청 76000개 처리 | 현재까지의 RPS: 416.40최근 1000개 request의 p99 TTFT: 1.0983 초 | 
2025-11-17 20:34:18,139 - INFO - [실시간] 요청 77000개 처리 | 현재까지의 RPS: 417.71최근 1000개 request의 p99 TTFT: 1.2578 초 | 
2025-11-17 20:34:20,088 - INFO - [실시간] 요청 78000개 처리 | 현재까지의 RPS: 418.71최근 1000개 request의 p99 TTFT: 0.2795 초 | 
2025-11-17 20:34:21,874 - INFO - [실시간] 요청 79000개 처리 | 현재까지의 RPS: 420.05최근 1000개 request의 p99 TTFT: 0.2392 초 | 
2025-11-17 20:34:23,961 - INFO - [실시간] 요청 80000개 처리 | 현재까지의 RPS: 420.69최근 1000개 request의 p99 TTFT: 0.4588 초 | 
2025-11-17 20:34:26,018 - INFO - [실시간] 요청 81000개 처리 | 현재까지의 RPS: 421.39최근 1000개 request의 p99 TTFT: 1.1642 초 | 
2025-11-17 20:34:27,934 - INFO - [실시간] 요청 82000개 처리 | 현재까지의 RPS: 422.39최근 1000개 request의 p99 TTFT: 0.9947 초 | 
2025-11-17 20:34:29,689 - INFO - [실시간] 요청 83000개 처리 | 현재까지의 RPS: 423.71최근 1000개 request의 p99 TTFT: 0.2893 초 | 
2025-11-17 20:34:31,479 - INFO - [실시간] 요청 84000개 처리 | 현재까지의 RPS: 424.93최근 1000개 request의 p99 TTFT: 0.2323 초 | 
2025-11-17 20:34:33,826 - INFO - [실시간] 요청 85000개 처리 | 현재까지의 RPS: 424.94최근 1000개 request의 p99 TTFT: 1.0462 초 | 
2025-11-17 20:34:35,461 - INFO - [실시간] 요청 86000개 처리 | 현재까지의 RPS: 426.46최근 1000개 request의 p99 TTFT: 1.1541 초 | 
2025-11-17 20:34:37,368 - INFO - [실시간] 요청 87000개 처리 | 현재까지의 RPS: 427.37최근 1000개 request의 p99 TTFT: 0.3392 초 | 
2025-11-17 20:34:39,108 - INFO - [실시간] 요청 88000개 처리 | 현재까지의 RPS: 428.62최근 1000개 request의 p99 TTFT: 0.4939 초 | 
2025-11-17 20:34:41,230 - INFO - [실시간] 요청 89000개 처리 | 현재까지의 RPS: 429.06최근 1000개 request의 p99 TTFT: 0.5450 초 | 
2025-11-17 20:34:43,058 - INFO - [실시간] 요청 90000개 처리 | 현재까지의 RPS: 430.09최근 1000개 request의 p99 TTFT: 1.0818 초 | 
2025-11-17 20:34:44,944 - INFO - [실시간] 요청 91000개 처리 | 현재까지의 RPS: 430.98최근 1000개 request의 p99 TTFT: 0.3232 초 | 
2025-11-17 20:34:46,728 - INFO - [실시간] 요청 92000개 처리 | 현재까지의 RPS: 432.07최근 1000개 request의 p99 TTFT: 0.5740 초 | 
2025-11-17 20:34:48,544 - INFO - [실시간] 요청 93000개 처리 | 현재까지의 RPS: 433.07최근 1000개 request의 p99 TTFT: 0.2496 초 | 
2025-11-17 20:34:50,768 - INFO - [실시간] 요청 94000개 처리 | 현재까지의 RPS: 433.24최근 1000개 request의 p99 TTFT: 0.5687 초 | 
2025-11-17 20:34:52,512 - INFO - [실시간] 요청 95000개 처리 | 현재까지의 RPS: 434.36최근 1000개 request의 p99 TTFT: 1.3413 초 | 
2025-11-17 20:34:54,326 - INFO - [실시간] 요청 96000개 처리 | 현재까지의 RPS: 435.32최근 1000개 request의 p99 TTFT: 1.1251 초 | 
2025-11-17 20:34:56,163 - INFO - [실시간] 요청 97000개 처리 | 현재까지의 RPS: 436.22최근 1000개 request의 p99 TTFT: 0.2464 초 | 
2025-11-17 20:34:58,078 - INFO - [실시간] 요청 98000개 처리 | 현재까지의 RPS: 436.96최근 1000개 request의 p99 TTFT: 0.4308 초 | 
2025-11-17 20:35:00,211 - INFO - [실시간] 요청 99000개 처리 | 현재까지의 RPS: 437.26최근 1000개 request의 p99 TTFT: 0.5890 초 | 
2025-11-17 20:35:02,037 - INFO - [실시간] 요청 100000개 처리 | 현재까지의 RPS: 438.14최근 1000개 request의 p99 TTFT: 1.3100 초 | 
2025-11-17 20:35:03,771 - INFO - [실시간] 요청 101000개 처리 | 현재까지의 RPS: 439.19최근 1000개 request의 p99 TTFT: 0.9692 초 | 
2025-11-17 20:35:05,580 - INFO - [실시간] 요청 102000개 처리 | 현재까지의 RPS: 440.07최근 1000개 request의 p99 TTFT: 0.4453 초 | 
2025-11-17 20:35:07,414 - INFO - [실시간] 요청 103000개 처리 | 현재까지의 RPS: 440.90최근 1000개 request의 p99 TTFT: 0.2957 초 | 
2025-11-17 20:35:09,557 - INFO - [실시간] 요청 104000개 처리 | 현재까지의 RPS: 441.13최근 1000개 request의 p99 TTFT: 0.7592 초 | 
2025-11-17 20:35:11,331 - INFO - [실시간] 요청 105000개 처리 | 현재까지의 RPS: 442.05최근 1000개 request의 p99 TTFT: 1.5130 초 | 
2025-11-17 20:35:13,148 - INFO - [실시간] 요청 106000개 처리 | 현재까지의 RPS: 442.87최근 1000개 request의 p99 TTFT: 1.3640 초 | 
2025-11-17 20:35:15,103 - INFO - [실시간] 요청 107000개 처리 | 현재까지의 RPS: 443.42최근 1000개 request의 p99 TTFT: 0.4835 초 | 
2025-11-17 20:35:16,821 - INFO - [실시간] 요청 108000개 처리 | 현재까지의 RPS: 444.41최근 1000개 request의 p99 TTFT: 0.2978 초 | 
2025-11-17 20:35:18,802 - INFO - [실시간] 요청 109000개 처리 | 현재까지의 RPS: 444.89최근 1000개 request의 p99 TTFT: 0.5308 초 | 
2025-11-17 20:35:20,504 - INFO - [실시간] 요청 110000개 처리 | 현재까지의 RPS: 445.88최근 1000개 request의 p99 TTFT: 1.2323 초 | 
2025-11-17 20:35:22,240 - INFO - [실시간] 요청 111000개 처리 | 현재까지의 RPS: 446.79최근 1000개 request의 p99 TTFT: 0.7963 초 | 
2025-11-17 20:35:24,016 - INFO - [실시간] 요청 112000개 처리 | 현재까지의 RPS: 447.61최근 1000개 request의 p99 TTFT: 0.3812 초 | 
2025-11-17 20:35:25,768 - INFO - [실시간] 요청 113000개 처리 | 현재까지의 RPS: 448.47최근 1000개 request의 p99 TTFT: 0.2492 초 | 
2025-11-17 20:35:27,612 - INFO - [실시간] 요청 114000개 처리 | 현재까지의 RPS: 449.15최근 1000개 request의 p99 TTFT: 0.3835 초 | 
2025-11-17 20:35:29,625 - INFO - [실시간] 요청 115000개 처리 | 현재까지의 RPS: 449.53최근 1000개 request의 p99 TTFT: 1.3800 초 | 
2025-11-17 20:35:31,244 - INFO - [실시간] 요청 116000개 처리 | 현재까지의 RPS: 450.58최근 1000개 request의 p99 TTFT: 1.5020 초 | 
2025-11-17 20:35:33,157 - INFO - [실시간] 요청 117000개 처리 | 현재까지의 RPS: 451.11최근 1000개 request의 p99 TTFT: 0.4611 초 | 
2025-11-17 20:35:35,129 - INFO - [실시간] 요청 118000개 처리 | 현재까지의 RPS: 451.54최근 1000개 request의 p99 TTFT: 0.3713 초 | 
2025-11-17 20:35:36,878 - INFO - [실시간] 요청 119000개 처리 | 현재까지의 RPS: 452.34최근 1000개 request의 p99 TTFT: 1.1088 초 | 
2025-11-17 20:35:38,573 - INFO - [실시간] 요청 120000개 처리 | 현재까지의 RPS: 453.22최근 1000개 request의 p99 TTFT: 1.4934 초 | 
2025-11-17 20:35:40,234 - INFO - [실시간] 요청 121000개 처리 | 현재까지의 RPS: 454.15최근 1000개 request의 p99 TTFT: 1.1856 초 | 
2025-11-17 20:35:42,010 - INFO - [실시간] 요청 122000개 처리 | 현재까지의 RPS: 454.87최근 1000개 request의 p99 TTFT: 0.3918 초 | 
2025-11-17 20:35:43,865 - INFO - [실시간] 요청 123000개 처리 | 현재까지의 RPS: 455.44최근 1000개 request의 p99 TTFT: 0.4078 초 | 
2025-11-17 20:35:45,775 - INFO - [실시간] 요청 124000개 처리 | 현재까지의 RPS: 455.92최근 1000개 request의 p99 TTFT: 1.1837 초 | 
2025-11-17 20:35:47,337 - INFO - [실시간] 요청 125000개 처리 | 현재까지의 RPS: 456.98최근 1000개 request의 p99 TTFT: 1.5283 초 | 
2025-11-17 20:35:49,084 - INFO - [실시간] 요청 126000개 처리 | 현재까지의 RPS: 457.71최근 1000개 request의 p99 TTFT: 1.0194 초 | 
2025-11-17 20:35:50,875 - INFO - [실시간] 요청 127000개 처리 | 현재까지의 RPS: 458.36최근 1000개 request의 p99 TTFT: 0.4332 초 | 
2025-11-17 20:35:52,589 - INFO - [실시간] 요청 128000개 처리 | 현재까지의 RPS: 459.13최근 1000개 request의 p99 TTFT: 0.4773 초 | 
2025-11-17 20:35:54,593 - INFO - [실시간] 요청 129000개 처리 | 현재까지의 RPS: 459.41최근 1000개 request의 p99 TTFT: 0.8933 초 | 
2025-11-17 20:35:56,239 - INFO - [실시간] 요청 130000개 처리 | 현재까지의 RPS: 460.28최근 1000개 request의 p99 TTFT: 1.8026 초 | 
2025-11-17 20:35:57,919 - INFO - [실시간] 요청 131000개 처리 | 현재까지의 RPS: 461.07최근 1000개 request의 p99 TTFT: 1.4971 초 | 
2025-11-17 20:35:59,598 - INFO - [실시간] 요청 132000개 처리 | 현재까지의 RPS: 461.86최근 1000개 request의 p99 TTFT: 0.3581 초 | 
2025-11-17 20:36:01,358 - INFO - [실시간] 요청 133000개 처리 | 현재까지의 RPS: 462.51최근 1000개 request의 p99 TTFT: 0.3031 초 | 
2025-11-17 20:36:03,355 - INFO - [실시간] 요청 134000개 처리 | 현재까지의 RPS: 462.78최근 1000개 request의 p99 TTFT: 0.8927 초 | 
2025-11-17 20:36:05,063 - INFO - [실시간] 요청 135000개 처리 | 현재까지의 RPS: 463.50최근 1000개 request의 p99 TTFT: 1.5636 초 | 
2025-11-17 20:36:06,770 - INFO - [실시간] 요청 136000개 처리 | 현재까지의 RPS: 464.21최근 1000개 request의 p99 TTFT: 1.3112 초 | 
2025-11-17 20:36:08,467 - INFO - [실시간] 요청 137000개 처리 | 현재까지의 RPS: 464.93최근 1000개 request의 p99 TTFT: 0.5046 초 | 
2025-11-17 20:36:10,237 - INFO - [실시간] 요청 138000개 처리 | 현재까지의 RPS: 465.53최근 1000개 request의 p99 TTFT: 0.3311 초 | 
2025-11-17 20:36:12,177 - INFO - [실시간] 요청 139000개 처리 | 현재까지의 RPS: 465.85최근 1000개 request의 p99 TTFT: 0.7143 초 | 
2025-11-17 20:36:14,143 - INFO - [실시간] 요청 140000개 처리 | 현재까지의 RPS: 466.13최근 1000개 request의 p99 TTFT: 1.8989 초 | 
2025-11-17 20:36:15,617 - INFO - [실시간] 요청 141000개 처리 | 현재까지의 RPS: 467.17최근 1000개 request의 p99 TTFT: 2.1272 초 | 
2025-11-17 20:36:15,618 - WARNING - 최근 1000개의 p99 TTFT 2.1272 초가 SLO 의 2배 (2.0 초)를 초과했습니다. 부하 테스트를 조기 종료합니다.
2025-11-17 20:36:30,835 - INFO - [실시간] 요청 142000개 처리 | 현재까지의 RPS: 447.90최근 1000개 request의 p99 TTFT: 0.7396 초 | 
통계에 반영된 요청 인덱스 범위: 0 ~ 141000 (총 141000개 요청)
통계 반영된 요청 수: 141000, 통계 반영된 시간: 380.09 초

==================================================
 실험 최종 결과 요약
==================================================
 부하 테스트가 조기 종료되었습니다! (SLO 위반)
 Client 수를 낮추어 다시 시도하세요.
 설정 실험 시간: 330 초
 Clients 수: 8000
 통계 반영 시간: 380.09 초
 총 시도된 요청: 155836 개
 총 완료된 요청: 141000 개
 총 실패한 요청: 14836 개
 완료 요청 중 retrieval이 실패한 요청: -1521 개
 요청 성공률: 90.48%
 전체 Requests Per Second (RPS): 370.97
--------------------------------------------------
 Time to First Token (TTFT) Latency:
  - 평균 (Mean): 0.1882 초
  - 중간값 (50%ile): 0.1265 초
  - 최소값 (Min): 0.0202 초
  - 최대값 (Max): 2.4564 초
  - 95%ile Tail: 0.5960 초
  - 99%ile Tail: 1.0531 초
--------------------------------------------------
 Time Per Output Token (TPOT):
  - 평균 (Mean): 16.88 ms/token
--------------------------------------------------
 Embedding Latency:
  - 총 샘플 수: 141000
  - 평균 (Mean): 8.41 ms
  - 중간값 (50%ile): 7.00 ms
  - 95%ile Tail: 15.00 ms
  - 99%ile Tail: 38.00 ms
--------------------------------------------------
 VectorDB Search Latency:
  - 총 샘플 수: 141000
  - 평균 (Mean): 94.14 ms
  - 중간값 (50%ile): 27.00 ms
  - 95%ile Tail: 467.00 ms
  - 99%ile Tail: 906.00 ms
--------------------------------------------------
 Document Search Latency:
  - 총 샘플 수: 141000
  - 평균 (Mean): 10.43 ms
  - 중간값 (50%ile): 6.00 ms
  - 95%ile Tail: 32.00 ms
  - 99%ile Tail: 63.00 ms
--------------------------------------------------
 Total Retrieval Latency:
  - 총 샘플 수: 141000
  - 평균 (Mean): 113.01 ms
  - 중간값 (50%ile): 43.00 ms
  - 95%ile Tail: 502.05 ms
  - 99%ile Tail: 963.00 ms
==================================================
