2025-12-04 23:21:18,378 - INFO - ReqGen 시작: 서버=163.152.48.109:9000, 클라이언트=100, 시간=330초
2025-12-04 23:21:18,378 - INFO - Hugging Face에서 'kroshan/BioASQ' 데이터셋을 로드합니다...
2025-12-04 23:21:23,802 - INFO - 3266개의 질문을 로드했습니다.
2025-12-04 23:21:23,803 - INFO - 부하 테스트 시작, client 수 = 100
2025-12-04 23:21:23,803 - INFO - 클라이언트 0 시작
2025-12-04 23:21:23,803 - INFO - 클라이언트 1 시작
2025-12-04 23:21:23,804 - INFO - 클라이언트 2 시작
2025-12-04 23:21:23,804 - INFO - 클라이언트 3 시작
2025-12-04 23:21:23,804 - INFO - 클라이언트 4 시작
2025-12-04 23:21:23,804 - INFO - 클라이언트 5 시작
2025-12-04 23:21:23,804 - INFO - 클라이언트 6 시작
2025-12-04 23:21:23,804 - INFO - 클라이언트 7 시작
2025-12-04 23:21:23,804 - INFO - 클라이언트 8 시작
2025-12-04 23:21:23,804 - INFO - 클라이언트 9 시작
2025-12-04 23:21:23,804 - INFO - 클라이언트 10 시작
2025-12-04 23:21:23,804 - INFO - 클라이언트 11 시작
2025-12-04 23:21:23,804 - INFO - 클라이언트 12 시작
2025-12-04 23:21:23,804 - INFO - 클라이언트 13 시작
2025-12-04 23:21:23,804 - INFO - 클라이언트 14 시작
2025-12-04 23:21:23,804 - INFO - 클라이언트 15 시작
2025-12-04 23:21:23,804 - INFO - 클라이언트 16 시작
2025-12-04 23:21:23,804 - INFO - 클라이언트 17 시작
2025-12-04 23:21:23,804 - INFO - 클라이언트 18 시작
2025-12-04 23:21:23,804 - INFO - 클라이언트 19 시작
2025-12-04 23:21:23,804 - INFO - 클라이언트 20 시작
2025-12-04 23:21:23,804 - INFO - 클라이언트 21 시작
2025-12-04 23:21:23,804 - INFO - 클라이언트 22 시작
2025-12-04 23:21:23,804 - INFO - 클라이언트 23 시작
2025-12-04 23:21:23,804 - INFO - 클라이언트 24 시작
2025-12-04 23:21:23,804 - INFO - 클라이언트 25 시작
2025-12-04 23:21:23,804 - INFO - 클라이언트 26 시작
2025-12-04 23:21:23,804 - INFO - 클라이언트 27 시작
2025-12-04 23:21:23,804 - INFO - 클라이언트 28 시작
2025-12-04 23:21:23,804 - INFO - 클라이언트 29 시작
2025-12-04 23:21:23,804 - INFO - 클라이언트 30 시작
2025-12-04 23:21:23,804 - INFO - 클라이언트 31 시작
2025-12-04 23:21:23,804 - INFO - 클라이언트 32 시작
2025-12-04 23:21:23,804 - INFO - 클라이언트 33 시작
2025-12-04 23:21:23,804 - INFO - 클라이언트 34 시작
2025-12-04 23:21:23,804 - INFO - 클라이언트 35 시작
2025-12-04 23:21:23,804 - INFO - 클라이언트 36 시작
2025-12-04 23:21:23,804 - INFO - 클라이언트 37 시작
2025-12-04 23:21:23,804 - INFO - 클라이언트 38 시작
2025-12-04 23:21:23,804 - INFO - 클라이언트 39 시작
2025-12-04 23:21:23,804 - INFO - 클라이언트 40 시작
2025-12-04 23:21:23,804 - INFO - 클라이언트 41 시작
2025-12-04 23:21:23,804 - INFO - 클라이언트 42 시작
2025-12-04 23:21:23,804 - INFO - 클라이언트 43 시작
2025-12-04 23:21:23,805 - INFO - 클라이언트 44 시작
2025-12-04 23:21:23,805 - INFO - 클라이언트 45 시작
2025-12-04 23:21:23,805 - INFO - 클라이언트 46 시작
2025-12-04 23:21:23,805 - INFO - 클라이언트 47 시작
2025-12-04 23:21:23,805 - INFO - 클라이언트 48 시작
2025-12-04 23:21:23,805 - INFO - 클라이언트 49 시작
2025-12-04 23:21:23,805 - INFO - 클라이언트 50 시작
2025-12-04 23:21:23,805 - INFO - 클라이언트 51 시작
2025-12-04 23:21:23,805 - INFO - 클라이언트 52 시작
2025-12-04 23:21:23,805 - INFO - 클라이언트 53 시작
2025-12-04 23:21:23,805 - INFO - 클라이언트 54 시작
2025-12-04 23:21:23,805 - INFO - 클라이언트 55 시작
2025-12-04 23:21:23,805 - INFO - 클라이언트 56 시작
2025-12-04 23:21:23,805 - INFO - 클라이언트 57 시작
2025-12-04 23:21:23,805 - INFO - 클라이언트 58 시작
2025-12-04 23:21:23,805 - INFO - 클라이언트 59 시작
2025-12-04 23:21:23,805 - INFO - 클라이언트 60 시작
2025-12-04 23:21:23,805 - INFO - 클라이언트 61 시작
2025-12-04 23:21:23,805 - INFO - 클라이언트 62 시작
2025-12-04 23:21:23,805 - INFO - 클라이언트 63 시작
2025-12-04 23:21:23,805 - INFO - 클라이언트 64 시작
2025-12-04 23:21:23,805 - INFO - 클라이언트 65 시작
2025-12-04 23:21:23,805 - INFO - 클라이언트 66 시작
2025-12-04 23:21:23,805 - INFO - 클라이언트 67 시작
2025-12-04 23:21:23,805 - INFO - 클라이언트 68 시작
2025-12-04 23:21:23,805 - INFO - 클라이언트 69 시작
2025-12-04 23:21:23,805 - INFO - 클라이언트 70 시작
2025-12-04 23:21:23,805 - INFO - 클라이언트 71 시작
2025-12-04 23:21:23,805 - INFO - 클라이언트 72 시작
2025-12-04 23:21:23,805 - INFO - 클라이언트 73 시작
2025-12-04 23:21:23,805 - INFO - 클라이언트 74 시작
2025-12-04 23:21:23,805 - INFO - 클라이언트 75 시작
2025-12-04 23:21:23,805 - INFO - 클라이언트 76 시작
2025-12-04 23:21:23,805 - INFO - 클라이언트 77 시작
2025-12-04 23:21:23,805 - INFO - 클라이언트 78 시작
2025-12-04 23:21:23,805 - INFO - 클라이언트 79 시작
2025-12-04 23:21:23,805 - INFO - 클라이언트 80 시작
2025-12-04 23:21:23,805 - INFO - 클라이언트 81 시작
2025-12-04 23:21:23,805 - INFO - 클라이언트 82 시작
2025-12-04 23:21:23,805 - INFO - 클라이언트 83 시작
2025-12-04 23:21:23,805 - INFO - 클라이언트 84 시작
2025-12-04 23:21:23,805 - INFO - 클라이언트 85 시작
2025-12-04 23:21:23,805 - INFO - 클라이언트 86 시작
2025-12-04 23:21:23,805 - INFO - 클라이언트 87 시작
2025-12-04 23:21:23,805 - INFO - 클라이언트 88 시작
2025-12-04 23:21:23,805 - INFO - 클라이언트 89 시작
2025-12-04 23:21:23,805 - INFO - 클라이언트 90 시작
2025-12-04 23:21:23,806 - INFO - 클라이언트 91 시작
2025-12-04 23:21:23,806 - INFO - 클라이언트 92 시작
2025-12-04 23:21:23,806 - INFO - 클라이언트 93 시작
2025-12-04 23:21:23,806 - INFO - 클라이언트 94 시작
2025-12-04 23:21:23,806 - INFO - 클라이언트 95 시작
2025-12-04 23:21:23,806 - INFO - 클라이언트 96 시작
2025-12-04 23:21:23,806 - INFO - 클라이언트 97 시작
2025-12-04 23:21:23,806 - INFO - 클라이언트 98 시작
2025-12-04 23:21:23,806 - INFO - 클라이언트 99 시작
2025-12-04 23:25:56,109 - INFO - [실시간] 요청 1000개 처리 | 현재까지의 RPS: 3.67최근 1000개 request의 p99 TTFT: 31.0017 초 | 
2025-12-04 23:25:56,110 - WARNING - 최근 1000개의 p99 TTFT 31.0017 초가 SLO 의 4배 (4.0 초)를 초과했습니다. 부하 테스트를 조기 종료합니다.
/home/comsys/.local/lib/python3.10/site-packages/numpy/core/fromnumeric.py:3504: RuntimeWarning: Mean of empty slice.
  return _methods._mean(a, axis=axis, dtype=dtype,
/home/comsys/.local/lib/python3.10/site-packages/numpy/core/_methods.py:129: RuntimeWarning: invalid value encountered in scalar divide
  ret = ret.dtype.type(ret / rcount)
통계에 반영된 요청 인덱스 범위: 1000 ~ 1000 (총 0개 요청)
통계 반영된 요청 수: 0, 통계 반영된 시간: 0.00 초

==================================================
 실험 최종 결과 요약
==================================================
 부하 테스트가 조기 종료되었습니다! (SLO 위반)
 Client 수를 낮추어 다시 시도하세요.
 설정 실험 시간: 330 초
 Clients 수: 100
 통계 반영 시간: 0.00 초
 총 시도된 요청: 136 개
 총 완료된 요청: 0 개
 총 실패한 요청: 136 개
 완료 요청 중 retrieval이 실패한 요청: -783 개
 요청 성공률: 0.00%
 전체 Requests Per Second (RPS): 0.00
--------------------------------------------------
 Time to First Token (TTFT) Latency:
  - 평균 (Mean): nan 초
Traceback (most recent call last):
  File "/home/comsys/sungsu/CXLSharedMemGPU/ReqGen/main.py", line 418, in <module>
    main()
  File "/home/comsys/sungsu/CXLSharedMemGPU/ReqGen/main.py", line 415, in main
    asyncio.run(reqgen.run())
  File "/usr/lib/python3.10/asyncio/runners.py", line 44, in run
    return loop.run_until_complete(main)
  File "/usr/lib/python3.10/asyncio/base_events.py", line 649, in run_until_complete
    return future.result()
  File "/home/comsys/sungsu/CXLSharedMemGPU/ReqGen/main.py", line 395, in run
    self._print_final_summary()
  File "/home/comsys/sungsu/CXLSharedMemGPU/ReqGen/main.py", line 322, in _print_final_summary
    print(f"  - 중간값 (50%ile): {np.percentile(ttfts, 50):.4f} 초")
  File "/home/comsys/.local/lib/python3.10/site-packages/numpy/lib/function_base.py", line 4283, in percentile
    return _quantile_unchecked(
  File "/home/comsys/.local/lib/python3.10/site-packages/numpy/lib/function_base.py", line 4555, in _quantile_unchecked
    return _ureduce(a,
  File "/home/comsys/.local/lib/python3.10/site-packages/numpy/lib/function_base.py", line 3823, in _ureduce
    r = func(a, **kwargs)
  File "/home/comsys/.local/lib/python3.10/site-packages/numpy/lib/function_base.py", line 4722, in _quantile_ureduce_func
    result = _quantile(arr,
  File "/home/comsys/.local/lib/python3.10/site-packages/numpy/lib/function_base.py", line 4831, in _quantile
    slices_having_nans = np.isnan(arr[-1, ...])
IndexError: index -1 is out of bounds for axis 0 with size 0
