2025-10-02 10:48:26,357 - INFO - ReqGen 시작: 서버=163.152.48.109:9000, 클라이언트=4800, 시간=330초
2025-10-02 10:48:26,357 - INFO - Hugging Face에서 'kroshan/BioASQ' 데이터셋을 로드합니다...
2025-10-02 10:48:33,214 - INFO - 3266개의 질문을 로드했습니다.
2025-10-02 10:48:33,215 - INFO - 부하 테스트 시작, client 수 = 4800
2025-10-02 10:48:33,216 - INFO - Zipf 값 1.2에서 상위 20%의 질문이 차지하는 비율: 91.82%
2025-10-02 10:48:35,970 - INFO - [실시간] 요청 1000개 처리 | 현재까지의 RPS: 363.03최근 1000개 request의 p99 TTFT: 0.4796 초 | 
2025-10-02 10:48:38,189 - INFO - [실시간] 요청 2000개 처리 | 현재까지의 RPS: 402.09최근 1000개 request의 p99 TTFT: 0.3975 초 | 
2025-10-02 10:48:39,878 - INFO - [실시간] 요청 3000개 처리 | 현재까지의 RPS: 450.29최근 1000개 request의 p99 TTFT: 0.6945 초 | 
2025-10-02 10:48:41,305 - INFO - [실시간] 요청 4000개 처리 | 현재까지의 RPS: 494.45최근 1000개 request의 p99 TTFT: 0.5100 초 | 
2025-10-02 10:48:42,625 - INFO - [실시간] 요청 5000개 처리 | 현재까지의 RPS: 531.39최근 1000개 request의 p99 TTFT: 0.3267 초 | 
2025-10-02 10:48:44,147 - INFO - [실시간] 요청 6000개 처리 | 현재까지의 RPS: 548.86최근 1000개 request의 p99 TTFT: 0.8563 초 | 
2025-10-02 10:48:45,408 - INFO - [실시간] 요청 7000개 처리 | 현재까지의 RPS: 574.14최근 1000개 request의 p99 TTFT: 1.0300 초 | 
2025-10-02 10:48:47,173 - INFO - [실시간] 요청 8000개 처리 | 현재까지의 RPS: 573.15최근 1000개 request의 p99 TTFT: 0.2435 초 | 
2025-10-02 10:48:48,714 - INFO - [실시간] 요청 9000개 처리 | 현재까지의 RPS: 580.68최근 1000개 request의 p99 TTFT: 0.2441 초 | 
2025-10-02 10:48:50,109 - INFO - [실시간] 요청 10000개 처리 | 현재까지의 RPS: 591.92최근 1000개 request의 p99 TTFT: 0.3723 초 | 
2025-10-02 10:48:51,578 - INFO - [실시간] 요청 11000개 처리 | 현재까지의 RPS: 599.04최근 1000개 request의 p99 TTFT: 0.2602 초 | 
2025-10-02 10:48:53,059 - INFO - [실시간] 요청 12000개 처리 | 현재까지의 RPS: 604.74최근 1000개 request의 p99 TTFT: 0.2415 초 | 
2025-10-02 10:48:54,631 - INFO - [실시간] 요청 13000개 처리 | 현재까지의 RPS: 607.03최근 1000개 request의 p99 TTFT: 0.2258 초 | 
2025-10-02 10:48:56,108 - INFO - [실시간] 요청 14000개 처리 | 현재까지의 RPS: 611.55최근 1000개 request의 p99 TTFT: 0.4894 초 | 
2025-10-02 10:48:57,596 - INFO - [실시간] 요청 15000개 처리 | 현재까지의 RPS: 615.25최근 1000개 request의 p99 TTFT: 0.3028 초 | 
2025-10-02 10:48:59,003 - INFO - [실시간] 요청 16000개 처리 | 현재까지의 RPS: 620.46최근 1000개 request의 p99 TTFT: 0.3721 초 | 
2025-10-02 10:49:00,553 - INFO - [실시간] 요청 17000개 처리 | 현재까지의 RPS: 621.86최근 1000개 request의 p99 TTFT: 0.2150 초 | 
2025-10-02 10:49:02,032 - INFO - [실시간] 요청 18000개 처리 | 현재까지의 RPS: 624.64최근 1000개 request의 p99 TTFT: 0.6045 초 | 
2025-10-02 10:49:03,867 - INFO - [실시간] 요청 19000개 처리 | 현재까지의 RPS: 619.86최근 1000개 request의 p99 TTFT: 0.6578 초 | 
2025-10-02 10:49:05,092 - INFO - [실시간] 요청 20000개 처리 | 현재까지의 RPS: 627.41최근 1000개 request의 p99 TTFT: 1.1197 초 | 
2025-10-02 10:49:06,562 - INFO - [실시간] 요청 21000개 처리 | 현재까지의 RPS: 629.75최근 1000개 request의 p99 TTFT: 0.4156 초 | 
2025-10-02 10:49:08,125 - INFO - [실시간] 요청 22000개 처리 | 현재까지의 RPS: 630.20최근 1000개 request의 p99 TTFT: 0.4755 초 | 
2025-10-02 10:49:09,579 - INFO - [실시간] 요청 23000개 처리 | 현재까지의 RPS: 632.50최근 1000개 request의 p99 TTFT: 0.6933 초 | 
2025-10-02 10:49:11,107 - INFO - [실시간] 요청 24000개 처리 | 현재까지의 RPS: 633.39최근 1000개 request의 p99 TTFT: 0.2579 초 | 
2025-10-02 10:49:12,631 - INFO - [실시간] 요청 25000개 처리 | 현재까지의 RPS: 634.27최근 1000개 request의 p99 TTFT: 0.2451 초 | 
2025-10-02 10:49:14,119 - INFO - [실시간] 요청 26000개 처리 | 현재까지의 RPS: 635.64최근 1000개 request의 p99 TTFT: 0.4136 초 | 
2025-10-02 10:49:15,554 - INFO - [실시간] 요청 27000개 처리 | 현재까지의 RPS: 637.71최근 1000개 request의 p99 TTFT: 0.6530 초 | 
2025-10-02 10:49:17,090 - INFO - [실시간] 요청 28000개 처리 | 현재까지의 RPS: 638.18최근 1000개 request의 p99 TTFT: 0.3203 초 | 
2025-10-02 10:49:18,611 - INFO - [실시간] 요청 29000개 처리 | 현재까지의 RPS: 638.82최근 1000개 request의 p99 TTFT: 0.2952 초 | 
2025-10-02 10:49:20,057 - INFO - [실시간] 요청 30000개 처리 | 현재까지의 RPS: 640.45최근 1000개 request의 p99 TTFT: 0.2361 초 | 
2025-10-02 10:49:21,539 - INFO - [실시간] 요청 31000개 처리 | 현재까지의 RPS: 641.52최근 1000개 request의 p99 TTFT: 0.4547 초 | 
2025-10-02 10:49:23,096 - INFO - [실시간] 요청 32000개 처리 | 현재까지의 RPS: 641.52최근 1000개 request의 p99 TTFT: 0.2356 초 | 
2025-10-02 10:49:24,775 - INFO - [실시간] 요청 33000개 처리 | 현재까지의 RPS: 640.03최근 1000개 request의 p99 TTFT: 0.9863 초 | 
2025-10-02 10:49:26,025 - INFO - [실시간] 요청 34000개 처리 | 현재까지의 RPS: 643.82최근 1000개 request의 p99 TTFT: 1.1882 초 | 
2025-10-02 10:49:27,563 - INFO - [실시간] 요청 35000개 처리 | 현재까지의 RPS: 644.00최근 1000개 request의 p99 TTFT: 0.2979 초 | 
2025-10-02 10:49:29,053 - INFO - [실시간] 요청 36000개 처리 | 현재까지의 RPS: 644.73최근 1000개 request의 p99 TTFT: 0.2767 초 | 
2025-10-02 10:49:30,612 - INFO - [실시간] 요청 37000개 처리 | 현재까지의 RPS: 644.63최근 1000개 request의 p99 TTFT: 0.2212 초 | 
2025-10-02 10:49:32,155 - INFO - [실시간] 요청 38000개 처리 | 현재까지의 RPS: 644.73최근 1000개 request의 p99 TTFT: 0.2984 초 | 
2025-10-02 10:49:33,599 - INFO - [실시간] 요청 39000개 처리 | 현재까지의 RPS: 645.87최근 1000개 request의 p99 TTFT: 0.2872 초 | 
2025-10-02 10:49:35,127 - INFO - [실시간] 요청 40000개 처리 | 현재까지의 RPS: 646.08최근 1000개 request의 p99 TTFT: 0.4418 초 | 
2025-10-02 10:49:36,576 - INFO - [실시간] 요청 41000개 처리 | 현재까지의 RPS: 647.09최근 1000개 request의 p99 TTFT: 0.2443 초 | 
2025-10-02 10:49:38,050 - INFO - [실시간] 요청 42000개 처리 | 현재까지의 RPS: 647.80최근 1000개 request의 p99 TTFT: 0.2265 초 | 
2025-10-02 10:49:39,595 - INFO - [실시간] 요청 43000개 처리 | 현재까지의 RPS: 647.78최근 1000개 request의 p99 TTFT: 0.3619 초 | 
2025-10-02 10:49:41,101 - INFO - [실시간] 요청 44000개 처리 | 현재까지의 RPS: 648.15최근 1000개 request의 p99 TTFT: 0.2210 초 | 
2025-10-02 10:49:42,633 - INFO - [실시간] 요청 45000개 처리 | 현재까지의 RPS: 648.25최근 1000개 request의 p99 TTFT: 0.2406 초 | 
Traceback (most recent call last):
  File "/home/cloud_cxl/CXLSharedMemGPU/ReqGen/main.py", line 404, in <module>
    main()
  File "/home/cloud_cxl/CXLSharedMemGPU/ReqGen/main.py", line 401, in main
    asyncio.run(reqgen.run())
  File "/usr/lib/python3.10/asyncio/runners.py", line 47, in run
    _cancel_all_tasks(loop)
  File "/usr/lib/python3.10/asyncio/runners.py", line 63, in _cancel_all_tasks
    loop.run_until_complete(tasks.gather(*to_cancel, return_exceptions=True))
  File "/usr/lib/python3.10/asyncio/base_events.py", line 636, in run_until_complete
    self.run_forever()
  File "/usr/lib/python3.10/asyncio/base_events.py", line 603, in run_forever
    self._run_once()
  File "/usr/lib/python3.10/asyncio/base_events.py", line 1909, in _run_once
    handle._run()
  File "/usr/lib/python3.10/asyncio/events.py", line 80, in _run
    self._context.run(self._callback, *self._args)
  File "/home/cloud_cxl/CXLSharedMemGPU/ReqGen/main.py", line 380, in run
    await asyncio.gather(*tasks)
  File "/usr/lib/python3.10/asyncio/runners.py", line 44, in run
    return loop.run_until_complete(main)
  File "/usr/lib/python3.10/asyncio/base_events.py", line 636, in run_until_complete
    self.run_forever()
  File "/usr/lib/python3.10/asyncio/base_events.py", line 603, in run_forever
    self._run_once()
  File "/usr/lib/python3.10/asyncio/base_events.py", line 1909, in _run_once
    handle._run()
  File "/usr/lib/python3.10/asyncio/events.py", line 80, in _run
    self._context.run(self._callback, *self._args)
  File "/home/cloud_cxl/CXLSharedMemGPU/ReqGen/main.py", line 131, in _run_client
    async with session.post(self.server_url, json={"client_id": client_id, "user_input": question}) as response:
  File "/home/cloud_cxl/.local/lib/python3.10/site-packages/aiohttp/client.py", line 1359, in __aenter__
    self._resp: _RetType = await self._coro
  File "/home/cloud_cxl/.local/lib/python3.10/site-packages/aiohttp/client.py", line 663, in _request
    conn = await self._connector.connect(
  File "/home/cloud_cxl/.local/lib/python3.10/site-packages/aiohttp/connector.py", line 594, in connect
    return Connection(self, key, proto, self._loop)
  File "/home/cloud_cxl/.local/lib/python3.10/site-packages/aiohttp/connector.py", line 115, in __init__
    def __init__(
KeyboardInterrupt
2025-10-02 10:49:44,975 - ERROR - Task exception was never retrieved
future: <Task finished name='Task-1' coro=<ReqGen.run() done, defined at /home/cloud_cxl/CXLSharedMemGPU/ReqGen/main.py:370> exception=KeyboardInterrupt()>
Traceback (most recent call last):
  File "/home/cloud_cxl/CXLSharedMemGPU/ReqGen/main.py", line 404, in <module>
    main()
  File "/home/cloud_cxl/CXLSharedMemGPU/ReqGen/main.py", line 401, in main
    asyncio.run(reqgen.run())
  File "/usr/lib/python3.10/asyncio/runners.py", line 47, in run
    _cancel_all_tasks(loop)
  File "/usr/lib/python3.10/asyncio/runners.py", line 63, in _cancel_all_tasks
    loop.run_until_complete(tasks.gather(*to_cancel, return_exceptions=True))
  File "/usr/lib/python3.10/asyncio/base_events.py", line 636, in run_until_complete
    self.run_forever()
  File "/usr/lib/python3.10/asyncio/base_events.py", line 603, in run_forever
    self._run_once()
  File "/usr/lib/python3.10/asyncio/base_events.py", line 1909, in _run_once
    handle._run()
  File "/usr/lib/python3.10/asyncio/events.py", line 80, in _run
    self._context.run(self._callback, *self._args)
  File "/home/cloud_cxl/CXLSharedMemGPU/ReqGen/main.py", line 380, in run
    await asyncio.gather(*tasks)
  File "/usr/lib/python3.10/asyncio/runners.py", line 44, in run
    return loop.run_until_complete(main)
  File "/usr/lib/python3.10/asyncio/base_events.py", line 636, in run_until_complete
    self.run_forever()
  File "/usr/lib/python3.10/asyncio/base_events.py", line 603, in run_forever
    self._run_once()
  File "/usr/lib/python3.10/asyncio/base_events.py", line 1909, in _run_once
    handle._run()
  File "/usr/lib/python3.10/asyncio/events.py", line 80, in _run
    self._context.run(self._callback, *self._args)
  File "/home/cloud_cxl/CXLSharedMemGPU/ReqGen/main.py", line 131, in _run_client
    async with session.post(self.server_url, json={"client_id": client_id, "user_input": question}) as response:
  File "/home/cloud_cxl/.local/lib/python3.10/site-packages/aiohttp/client.py", line 1359, in __aenter__
    self._resp: _RetType = await self._coro
  File "/home/cloud_cxl/.local/lib/python3.10/site-packages/aiohttp/client.py", line 663, in _request
    conn = await self._connector.connect(
  File "/home/cloud_cxl/.local/lib/python3.10/site-packages/aiohttp/connector.py", line 594, in connect
    return Connection(self, key, proto, self._loop)
  File "/home/cloud_cxl/.local/lib/python3.10/site-packages/aiohttp/connector.py", line 115, in __init__
    def __init__(
KeyboardInterrupt
Exception ignored in: <function Connection.__del__ at 0x7fa7e79d7880>
Traceback (most recent call last):
  File "/home/cloud_cxl/.local/lib/python3.10/site-packages/aiohttp/connector.py", line 135, in __del__
AttributeError: 'Connection' object has no attribute '_protocol'
