2025-10-02 08:20:51,673 - INFO - ReqGen 시작: 서버=163.152.48.109:9000, 클라이언트=2, 시간=330초
2025-10-02 08:20:51,673 - INFO - Hugging Face에서 'kroshan/BioASQ' 데이터셋을 로드합니다...
2025-10-02 08:20:58,435 - INFO - 3266개의 질문을 로드했습니다.
2025-10-02 08:20:58,436 - INFO - 부하 테스트 시작, client 수 = 2
2025-10-02 08:20:58,437 - INFO - Zipf 값 1.2에서 상위 20%의 질문이 차지하는 비율: 91.82%
통계에 반영된 요청 인덱스 범위: 0 ~ 65 (총 65개 요청)
통계 반영된 요청 수: 65, 통계 반영된 시간: 338.10 초

==================================================
 실험 최종 결과 요약
==================================================
 설정 실험 시간: 330 초
 Clients 수: 2
 통계 반영 시간: 338.10 초
 총 시도된 요청: 65 개
 총 완료된 요청: 65 개
 총 실패한 요청: 0 개
 완료 요청 중 retrieval이 실패한 요청: 0 개
 요청 성공률: 100.00%
 전체 Requests Per Second (RPS): 0.19
--------------------------------------------------
 Time to First Token (TTFT) Latency:
  - 평균 (Mean): 0.1168 초
  - 중간값 (50%ile): 0.1028 초
  - 최소값 (Min): 0.0473 초
  - 최대값 (Max): 0.6162 초
  - 95%ile Tail: 0.2029 초
  - 99%ile Tail: 0.5546 초
--------------------------------------------------
 Time Per Output Token (TPOT):
  - 평균 (Mean): 16.77 ms/token
--------------------------------------------------
 Embedding Latency:
  - 총 샘플 수: 47
  - 평균 (Mean): 12.34 ms
  - 중간값 (50%ile): 10.00 ms
  - 95%ile Tail: 24.70 ms
  - 99%ile Tail: 25.54 ms
--------------------------------------------------
 VectorDB Search Latency:
  - 총 샘플 수: 47
  - 평균 (Mean): 9.83 ms
  - 중간값 (50%ile): 9.00 ms
  - 95%ile Tail: 11.70 ms
  - 99%ile Tail: 29.18 ms
--------------------------------------------------
 Document Search Latency:
  - 총 샘플 수: 47
  - 평균 (Mean): 7.98 ms
  - 중간값 (50%ile): 8.00 ms
  - 95%ile Tail: 9.00 ms
  - 99%ile Tail: 11.16 ms
--------------------------------------------------
 Total Retrieval Latency:
  - 총 샘플 수: 65
  - 평균 (Mean): 45.63 ms
  - 중간값 (50%ile): 28.00 ms
  - 95%ile Tail: 66.20 ms
  - 99%ile Tail: 458.88 ms
==================================================
