2025-10-02 08:26:38,191 - INFO - ReqGen 시작: 서버=163.152.48.109:9000, 클라이언트=8, 시간=330초
2025-10-02 08:26:38,191 - INFO - Hugging Face에서 'kroshan/BioASQ' 데이터셋을 로드합니다...
2025-10-02 08:26:45,081 - INFO - 3266개의 질문을 로드했습니다.
2025-10-02 08:26:45,082 - INFO - 부하 테스트 시작, client 수 = 8
2025-10-02 08:26:45,082 - INFO - Zipf 값 1.2에서 상위 20%의 질문이 차지하는 비율: 91.82%
통계에 반영된 요청 인덱스 범위: 0 ~ 336 (총 336개 요청)
통계 반영된 요청 수: 336, 통계 반영된 시간: 343.53 초

==================================================
 실험 최종 결과 요약
==================================================
 설정 실험 시간: 330 초
 Clients 수: 8
 통계 반영 시간: 343.53 초
 총 시도된 요청: 336 개
 총 완료된 요청: 336 개
 총 실패한 요청: 0 개
 완료 요청 중 retrieval이 실패한 요청: 0 개
 요청 성공률: 100.00%
 전체 Requests Per Second (RPS): 0.98
--------------------------------------------------
 Time to First Token (TTFT) Latency:
  - 평균 (Mean): 0.1006 초
  - 중간값 (50%ile): 0.0977 초
  - 최소값 (Min): 0.0444 초
  - 최대값 (Max): 0.4140 초
  - 95%ile Tail: 0.1800 초
  - 99%ile Tail: 0.2578 초
--------------------------------------------------
 Time Per Output Token (TPOT):
  - 평균 (Mean): 16.47 ms/token
--------------------------------------------------
 Embedding Latency:
  - 총 샘플 수: 319
  - 평균 (Mean): 10.05 ms
  - 중간값 (50%ile): 10.00 ms
  - 95%ile Tail: 19.00 ms
  - 99%ile Tail: 21.82 ms
--------------------------------------------------
 VectorDB Search Latency:
  - 총 샘플 수: 319
  - 평균 (Mean): 13.34 ms
  - 중간값 (50%ile): 9.00 ms
  - 95%ile Tail: 32.10 ms
  - 99%ile Tail: 90.10 ms
--------------------------------------------------
 Document Search Latency:
  - 총 샘플 수: 319
  - 평균 (Mean): 9.70 ms
  - 중간값 (50%ile): 8.00 ms
  - 95%ile Tail: 9.10 ms
  - 99%ile Tail: 21.82 ms
--------------------------------------------------
 Total Retrieval Latency:
  - 총 샘플 수: 336
  - 평균 (Mean): 33.83 ms
  - 중간값 (50%ile): 27.00 ms
  - 95%ile Tail: 65.50 ms
  - 99%ile Tail: 171.65 ms
==================================================
