2025-11-20 19:25:38,139 - INFO - ReqGen 시작: 서버=163.152.48.109:9000, 클라이언트=8000, 시간=330초
2025-11-20 19:25:38,139 - INFO - Hugging Face에서 'kroshan/BioASQ' 데이터셋을 로드합니다...
2025-11-20 19:25:43,718 - INFO - 3266개의 질문을 로드했습니다.
2025-11-20 19:25:43,718 - INFO - 부하 테스트 시작, client 수 = 8000
2025-11-20 19:25:43,718 - INFO - Zipf 값 1.2에서 상위 20%의 질문이 차지하는 비율: 91.82%
2025-11-20 19:25:49,311 - INFO - [실시간] 요청 1000개 처리 | 현재까지의 RPS: 178.79최근 1000개 request의 p99 TTFT: 0.2272 초 | 
2025-11-20 19:25:52,398 - INFO - [실시간] 요청 2000개 처리 | 현재까지의 RPS: 230.40최근 1000개 request의 p99 TTFT: 0.2521 초 | 
2025-11-20 19:25:55,135 - INFO - [실시간] 요청 3000개 처리 | 현재까지의 RPS: 262.77최근 1000개 request의 p99 TTFT: 0.3076 초 | 
2025-11-20 19:25:57,580 - INFO - [실시간] 요청 4000개 처리 | 현재까지의 RPS: 288.56최근 1000개 request의 p99 TTFT: 0.4603 초 | 
2025-11-20 19:26:00,000 - INFO - [실시간] 요청 5000개 처리 | 현재까지의 RPS: 307.08최근 1000개 request의 p99 TTFT: 0.9390 초 | 
2025-11-20 19:26:02,125 - INFO - [실시간] 요청 6000개 처리 | 현재까지의 RPS: 325.97최근 1000개 request의 p99 TTFT: 0.9054 초 | 
2025-11-20 19:26:04,107 - INFO - [실시간] 요청 7000개 처리 | 현재까지의 RPS: 343.33최근 1000개 request의 p99 TTFT: 0.5726 초 | 
2025-11-20 19:26:06,660 - INFO - [실시간] 요청 8000개 처리 | 현재까지의 RPS: 348.70최근 1000개 request의 p99 TTFT: 0.2997 초 | 
2025-11-20 19:26:09,129 - INFO - [실시간] 요청 9000개 처리 | 현재까지의 RPS: 354.18최근 1000개 request의 p99 TTFT: 0.6496 초 | 
2025-11-20 19:26:11,587 - INFO - [실시간] 요청 10000개 처리 | 현재까지의 RPS: 358.82최근 1000개 request의 p99 TTFT: 0.5874 초 | 
2025-11-20 19:26:13,982 - INFO - [실시간] 요청 11000개 처리 | 현재까지의 RPS: 363.47최근 1000개 request의 p99 TTFT: 0.2273 초 | 
2025-11-20 19:26:16,333 - INFO - [실시간] 요청 12000개 처리 | 현재까지의 RPS: 367.94최근 1000개 request의 p99 TTFT: 0.2278 초 | 
2025-11-20 19:26:18,776 - INFO - [실시간] 요청 13000개 처리 | 현재까지의 RPS: 370.82최근 1000개 request의 p99 TTFT: 0.4767 초 | 
2025-11-20 19:26:21,180 - INFO - [실시간] 요청 14000개 처리 | 현재까지의 RPS: 373.71최근 1000개 request의 p99 TTFT: 0.4170 초 | 
2025-11-20 19:26:23,552 - INFO - [실시간] 요청 15000개 처리 | 현재까지의 RPS: 376.56최근 1000개 request의 p99 TTFT: 0.5557 초 | 
2025-11-20 19:26:25,939 - INFO - [실시간] 요청 16000개 처리 | 현재까지의 RPS: 378.96최근 1000개 request의 p99 TTFT: 0.4144 초 | 
2025-11-20 19:26:28,436 - INFO - [실시간] 요청 17000개 처리 | 현재까지의 RPS: 380.16최근 1000개 request의 p99 TTFT: 0.4301 초 | 
2025-11-20 19:26:30,807 - INFO - [실시간] 요청 18000개 처리 | 현재까지의 RPS: 382.26최근 1000개 request의 p99 TTFT: 0.2343 초 | 
2025-11-20 19:26:33,243 - INFO - [실시간] 요청 19000개 처리 | 현재까지의 RPS: 383.65최근 1000개 request의 p99 TTFT: 0.2059 초 | 
2025-11-20 19:26:35,773 - INFO - [실시간] 요청 20000개 처리 | 현재까지의 RPS: 384.21최근 1000개 request의 p99 TTFT: 0.2208 초 | 
2025-11-20 19:26:38,219 - INFO - [실시간] 요청 21000개 처리 | 현재까지의 RPS: 385.31최근 1000개 request의 p99 TTFT: 0.8359 초 | 
2025-11-20 19:26:40,552 - INFO - [실시간] 요청 22000개 처리 | 현재까지의 RPS: 387.09최근 1000개 request의 p99 TTFT: 0.2183 초 | 
2025-11-20 19:26:42,914 - INFO - [실시간] 요청 23000개 처리 | 현재까지의 RPS: 388.54최근 1000개 request의 p99 TTFT: 0.1895 초 | 
2025-11-20 19:26:45,193 - INFO - [실시간] 요청 24000개 처리 | 현재까지의 RPS: 390.40최근 1000개 request의 p99 TTFT: 0.2427 초 | 
2025-11-20 19:26:47,255 - INFO - [실시간] 요청 25000개 처리 | 현재까지의 RPS: 393.47최근 1000개 request의 p99 TTFT: 0.4029 초 | 
2025-11-20 19:26:49,345 - INFO - [실시간] 요청 26000개 처리 | 현재까지의 RPS: 396.18최근 1000개 request의 p99 TTFT: 0.5674 초 | 
2025-11-20 19:26:51,345 - INFO - [실시간] 요청 27000개 처리 | 현재까지의 RPS: 399.25최근 1000개 request의 p99 TTFT: 0.2141 초 | 
2025-11-20 19:26:53,301 - INFO - [실시간] 요청 28000개 처리 | 현재까지의 RPS: 402.40최근 1000개 request의 p99 TTFT: 0.4470 초 | 
2025-11-20 19:26:55,179 - INFO - [실시간] 요청 29000개 처리 | 현재까지의 RPS: 405.82최근 1000개 request의 p99 TTFT: 0.2298 초 | 
2025-11-20 19:26:57,332 - INFO - [실시간] 요청 30000개 처리 | 현재까지의 RPS: 407.53최근 1000개 request의 p99 TTFT: 0.5754 초 | 
2025-11-20 19:26:59,091 - INFO - [실시간] 요청 31000개 처리 | 현재까지의 RPS: 411.29최근 1000개 request의 p99 TTFT: 0.6251 초 | 
2025-11-20 19:27:00,988 - INFO - [실시간] 요청 32000개 처리 | 현재까지의 RPS: 414.13최근 1000개 request의 p99 TTFT: 0.4821 초 | 
2025-11-20 19:27:02,924 - INFO - [실시간] 요청 33000개 처리 | 현재까지의 RPS: 416.64최근 1000개 request의 p99 TTFT: 0.5175 초 | 
2025-11-20 19:27:04,756 - INFO - [실시간] 요청 34000개 처리 | 현재까지의 RPS: 419.56최근 1000개 request의 p99 TTFT: 0.7327 초 | 
2025-11-20 19:27:06,706 - INFO - [실시간] 요청 35000개 처리 | 현재까지의 RPS: 421.75최근 1000개 request의 p99 TTFT: 0.3311 초 | 
2025-11-20 19:27:08,537 - INFO - [실시간] 요청 36000개 처리 | 현재까지의 RPS: 424.44최근 1000개 request의 p99 TTFT: 0.3931 초 | 
2025-11-20 19:27:10,460 - INFO - [실시간] 요청 37000개 처리 | 현재까지의 RPS: 426.55최근 1000개 request의 p99 TTFT: 0.2232 초 | 
2025-11-20 19:27:12,666 - INFO - [실시간] 요청 38000개 처리 | 현재까지의 RPS: 427.22최근 1000개 request의 p99 TTFT: 0.7972 초 | 
2025-11-20 19:27:14,452 - INFO - [실시간] 요청 39000개 처리 | 현재까지의 RPS: 429.83최근 1000개 request의 p99 TTFT: 0.8081 초 | 
2025-11-20 19:27:16,360 - INFO - [실시간] 요청 40000개 처리 | 현재까지의 RPS: 431.77최근 1000개 request의 p99 TTFT: 0.6235 초 | 
2025-11-20 19:27:18,186 - INFO - [실시간] 요청 41000개 처리 | 현재까지의 RPS: 434.01최근 1000개 request의 p99 TTFT: 0.2076 초 | 
2025-11-20 19:27:20,039 - INFO - [실시간] 요청 42000개 처리 | 현재까지의 RPS: 436.04최근 1000개 request의 p99 TTFT: 0.2125 초 | 
2025-11-20 19:27:22,016 - INFO - [실시간] 요청 43000개 처리 | 현재까지의 RPS: 437.44최근 1000개 request의 p99 TTFT: 0.4127 초 | 
2025-11-20 19:27:24,041 - INFO - [실시간] 요청 44000개 처리 | 현재까지의 RPS: 438.58최근 1000개 request의 p99 TTFT: 0.9315 초 | 
2025-11-20 19:27:25,962 - INFO - [실시간] 요청 45000개 처리 | 현재까지의 RPS: 440.12최근 1000개 request의 p99 TTFT: 0.8618 초 | 
2025-11-20 19:27:27,792 - INFO - [실시간] 요청 46000개 처리 | 현재까지의 RPS: 442.00최근 1000개 request의 p99 TTFT: 0.2268 초 | 
2025-11-20 19:27:29,801 - INFO - [실시간] 요청 47000개 처리 | 현재까지의 RPS: 443.05최근 1000개 request의 p99 TTFT: 0.2104 초 | 
2025-11-20 19:27:31,709 - INFO - [실시간] 요청 48000개 처리 | 현재까지의 RPS: 444.48최근 1000개 request의 p99 TTFT: 0.1968 초 | 
2025-11-20 19:27:33,828 - INFO - [실시간] 요청 49000개 처리 | 현재까지의 RPS: 445.01최근 1000개 request의 p99 TTFT: 0.4842 초 | 
2025-11-20 19:27:35,589 - INFO - [실시간] 요청 50000개 처리 | 현재까지의 RPS: 446.94최근 1000개 request의 p99 TTFT: 0.9056 초 | 
2025-11-20 19:27:37,454 - INFO - [실시간] 요청 51000개 처리 | 현재까지의 RPS: 448.41최근 1000개 request의 p99 TTFT: 0.3885 초 | 
2025-11-20 19:27:39,364 - INFO - [실시간] 요청 52000개 처리 | 현재까지의 RPS: 449.65최근 1000개 request의 p99 TTFT: 0.2296 초 | 
2025-11-20 19:27:41,269 - INFO - [실시간] 요청 53000개 처리 | 현재까지의 RPS: 450.87최근 1000개 request의 p99 TTFT: 0.5746 초 | 
2025-11-20 19:27:43,291 - INFO - [실시간] 요청 54000개 처리 | 현재까지의 RPS: 451.61최근 1000개 request의 p99 TTFT: 0.2113 초 | 
2025-11-20 19:27:45,370 - INFO - [실시간] 요청 55000개 처리 | 현재까지의 RPS: 452.11최근 1000개 request의 p99 TTFT: 0.6108 초 | 
2025-11-20 19:27:47,102 - INFO - [실시간] 요청 56000개 처리 | 현재까지의 RPS: 453.87최근 1000개 request의 p99 TTFT: 0.9707 초 | 
2025-11-20 19:27:48,710 - INFO - [실시간] 요청 57000개 처리 | 현재까지의 RPS: 456.03최근 1000개 request의 p99 TTFT: 0.3664 초 | 
2025-11-20 19:27:50,370 - INFO - [실시간] 요청 58000개 처리 | 현재까지의 RPS: 457.95최근 1000개 request의 p99 TTFT: 0.2411 초 | 
2025-11-20 19:27:52,026 - INFO - [실시간] 요청 59000개 처리 | 현재까지의 RPS: 459.83최근 1000개 request의 p99 TTFT: 0.2675 초 | 
2025-11-20 19:27:53,931 - INFO - [실시간] 요청 60000개 처리 | 현재까지의 RPS: 460.78최근 1000개 request의 p99 TTFT: 0.7256 초 | 
2025-11-20 19:27:55,545 - INFO - [실시간] 요청 61000개 처리 | 현재까지의 RPS: 462.73최근 1000개 request의 p99 TTFT: 0.7459 초 | 
2025-11-20 19:27:57,188 - INFO - [실시간] 요청 62000개 처리 | 현재까지의 RPS: 464.52최근 1000개 request의 p99 TTFT: 0.2730 초 | 
2025-11-20 19:27:58,770 - INFO - [실시간] 요청 63000개 처리 | 현재까지의 RPS: 466.49최근 1000개 request의 p99 TTFT: 0.2534 초 | 
2025-11-20 19:28:00,592 - INFO - [실시간] 요청 64000개 처리 | 현재까지의 RPS: 467.58최근 1000개 request의 p99 TTFT: 0.6890 초 | 
2025-11-20 19:28:02,319 - INFO - [실시간] 요청 65000개 처리 | 현재까지의 RPS: 468.97최근 1000개 request의 p99 TTFT: 0.8992 초 | 
2025-11-20 19:28:03,874 - INFO - [실시간] 요청 66000개 처리 | 현재까지의 RPS: 470.90최근 1000개 request의 p99 TTFT: 0.7723 초 | 
2025-11-20 19:28:05,365 - INFO - [실시간] 요청 67000개 처리 | 현재까지의 RPS: 473.01최근 1000개 request의 p99 TTFT: 0.5954 초 | 
2025-11-20 19:28:07,105 - INFO - [실시간] 요청 68000개 처리 | 현재까지의 RPS: 474.24최근 1000개 request의 p99 TTFT: 0.6857 초 | 
2025-11-20 19:28:08,802 - INFO - [실시간] 요청 69000개 처리 | 현재까지의 RPS: 475.59최근 1000개 request의 p99 TTFT: 0.6962 초 | 
2025-11-20 19:28:10,511 - INFO - [실시간] 요청 70000개 처리 | 현재까지의 RPS: 476.86최근 1000개 request의 p99 TTFT: 0.4698 초 | 
2025-11-20 19:28:12,128 - INFO - [실시간] 요청 71000개 처리 | 현재까지의 RPS: 478.40최근 1000개 request의 p99 TTFT: 0.2290 초 | 
2025-11-20 19:28:13,904 - INFO - [실시간] 요청 72000개 처리 | 현재까지의 RPS: 479.41최근 1000개 request의 p99 TTFT: 0.3897 초 | 
2025-11-20 19:28:15,626 - INFO - [실시간] 요청 73000개 처리 | 현재까지의 RPS: 480.56최근 1000개 request의 p99 TTFT: 0.5228 초 | 
2025-11-20 19:28:17,448 - INFO - [실시간] 요청 74000개 처리 | 현재까지의 RPS: 481.36최근 1000개 request의 p99 TTFT: 0.4780 초 | 
2025-11-20 19:28:19,004 - INFO - [실시간] 요청 75000개 처리 | 현재까지의 RPS: 482.98최근 1000개 request의 p99 TTFT: 0.7605 초 | 
2025-11-20 19:28:20,763 - INFO - [실시간] 요청 76000개 처리 | 현재까지의 RPS: 483.94최근 1000개 request의 p99 TTFT: 0.2684 초 | 
2025-11-20 19:28:22,490 - INFO - [실시간] 요청 77000개 처리 | 현재까지의 RPS: 484.97최근 1000개 request의 p99 TTFT: 0.3182 초 | 
2025-11-20 19:28:24,149 - INFO - [실시간] 요청 78000개 처리 | 현재까지의 RPS: 486.19최근 1000개 request의 p99 TTFT: 0.4706 초 | 
2025-11-20 19:28:25,777 - INFO - [실시간] 요청 79000개 처리 | 현재까지의 RPS: 487.48최근 1000개 request의 p99 TTFT: 0.2456 초 | 
2025-11-20 19:28:27,749 - INFO - [실시간] 요청 80000개 처리 | 현재까지의 RPS: 487.71최근 1000개 request의 p99 TTFT: 0.7133 초 | 
2025-11-20 19:28:29,310 - INFO - [실시간] 요청 81000개 처리 | 현재까지의 RPS: 489.15최근 1000개 request의 p99 TTFT: 0.7344 초 | 
2025-11-20 19:28:31,047 - INFO - [실시간] 요청 82000개 처리 | 현재까지의 RPS: 490.05최근 1000개 request의 p99 TTFT: 0.2242 초 | 
2025-11-20 19:28:32,711 - INFO - [실시간] 요청 83000개 처리 | 현재까지의 RPS: 491.15최근 1000개 request의 p99 TTFT: 0.4610 초 | 
2025-11-20 19:28:34,498 - INFO - [실시간] 요청 84000개 처리 | 현재까지의 RPS: 491.86최근 1000개 request의 p99 TTFT: 0.2161 초 | 
2025-11-20 19:28:36,431 - INFO - [실시간] 요청 85000개 처리 | 현재까지의 RPS: 492.15최근 1000개 request의 p99 TTFT: 0.5674 초 | 
2025-11-20 19:28:38,024 - INFO - [실시간] 요청 86000개 처리 | 현재까지의 RPS: 493.38최근 1000개 request의 p99 TTFT: 0.5899 초 | 
2025-11-20 19:28:39,669 - INFO - [실시간] 요청 87000개 처리 | 현재까지의 RPS: 494.46최근 1000개 request의 p99 TTFT: 0.2431 초 | 
2025-11-20 19:28:41,316 - INFO - [실시간] 요청 88000개 처리 | 현재까지의 RPS: 495.50최근 1000개 request의 p99 TTFT: 0.2472 초 | 
2025-11-20 19:28:43,031 - INFO - [실시간] 요청 89000개 처리 | 현재까지의 RPS: 496.34최근 1000개 request의 p99 TTFT: 0.2843 초 | 
2025-11-20 19:28:44,863 - INFO - [실시간] 요청 90000개 처리 | 현재까지의 RPS: 496.84최근 1000개 request의 p99 TTFT: 0.4315 초 | 
2025-11-20 19:28:46,599 - INFO - [실시간] 요청 91000개 처리 | 현재까지의 RPS: 497.59최근 1000개 request의 p99 TTFT: 1.0724 초 | 
2025-11-20 19:28:48,239 - INFO - [실시간] 요청 92000개 처리 | 현재까지의 RPS: 498.59최근 1000개 request의 p99 TTFT: 1.0785 초 | 
2025-11-20 19:28:49,870 - INFO - [실시간] 요청 93000개 처리 | 현재까지의 RPS: 499.59최근 1000개 request의 p99 TTFT: 0.2720 초 | 
2025-11-20 19:28:51,571 - INFO - [실시간] 요청 94000개 처리 | 현재까지의 RPS: 500.39최근 1000개 request의 p99 TTFT: 0.3004 초 | 
2025-11-20 19:28:53,464 - INFO - [실시간] 요청 95000개 처리 | 현재까지의 RPS: 500.67최근 1000개 request의 p99 TTFT: 0.4635 초 | 
2025-11-20 19:28:55,121 - INFO - [실시간] 요청 96000개 처리 | 현재까지의 RPS: 501.56최근 1000개 request의 p99 TTFT: 0.9999 초 | 
2025-11-20 19:28:56,690 - INFO - [실시간] 요청 97000개 처리 | 현재까지의 RPS: 502.66최근 1000개 request의 p99 TTFT: 0.9498 초 | 
2025-11-20 19:28:58,248 - INFO - [실시간] 요청 98000개 처리 | 현재까지의 RPS: 503.78최근 1000개 request의 p99 TTFT: 0.2472 초 | 
2025-11-20 19:28:59,800 - INFO - [실시간] 요청 99000개 처리 | 현재까지의 RPS: 504.89최근 1000개 request의 p99 TTFT: 0.3918 초 | 
2025-11-20 19:29:01,553 - INFO - [실시간] 요청 100000개 처리 | 현재까지의 RPS: 505.47최근 1000개 request의 p99 TTFT: 0.6126 초 | 
2025-11-20 19:29:03,172 - INFO - [실시간] 요청 101000개 처리 | 현재까지의 RPS: 506.38최근 1000개 request의 p99 TTFT: 0.9674 초 | 
2025-11-20 19:29:04,584 - INFO - [실시간] 요청 102000개 처리 | 현재까지의 RPS: 507.80최근 1000개 request의 p99 TTFT: 0.8234 초 | 
2025-11-20 19:29:06,298 - INFO - [실시간] 요청 103000개 처리 | 현재까지의 RPS: 508.44최근 1000개 request의 p99 TTFT: 0.2320 초 | 
2025-11-20 19:29:08,060 - INFO - [실시간] 요청 104000개 처리 | 현재까지의 RPS: 508.95최근 1000개 request의 p99 TTFT: 0.4627 초 | 
2025-11-20 19:29:09,741 - INFO - [실시간] 요청 105000개 처리 | 현재까지의 RPS: 509.65최근 1000개 request의 p99 TTFT: 1.0784 초 | 
2025-11-20 19:29:11,238 - INFO - [실시간] 요청 106000개 처리 | 현재까지의 RPS: 510.79최근 1000개 request의 p99 TTFT: 1.0735 초 | 
2025-11-20 19:29:12,927 - INFO - [실시간] 요청 107000개 처리 | 현재까지의 RPS: 511.45최근 1000개 request의 p99 TTFT: 0.4072 초 | 
2025-11-20 19:29:14,552 - INFO - [실시간] 요청 108000개 처리 | 현재까지의 RPS: 512.25최근 1000개 request의 p99 TTFT: 0.4122 초 | 
2025-11-20 19:29:16,511 - INFO - [실시간] 요청 109000개 처리 | 현재까지의 RPS: 512.24최근 1000개 request의 p99 TTFT: 0.2232 초 | 
2025-11-20 19:29:18,096 - INFO - [실시간] 요청 110000개 처리 | 현재까지의 RPS: 513.11최근 1000개 request의 p99 TTFT: 0.7780 초 | 
2025-11-20 19:29:19,558 - INFO - [실시간] 요청 111000개 처리 | 현재까지의 RPS: 514.27최근 1000개 request의 p99 TTFT: 0.8165 초 | 
2025-11-20 19:29:21,156 - INFO - [실시간] 요청 112000개 처리 | 현재까지의 RPS: 515.09최근 1000개 request의 p99 TTFT: 0.4846 초 | 
2025-11-20 19:29:22,749 - INFO - [실시간] 요청 113000개 처리 | 현재까지의 RPS: 515.91최근 1000개 request의 p99 TTFT: 0.4832 초 | 
2025-11-20 19:29:24,324 - INFO - [실시간] 요청 114000개 처리 | 현재까지의 RPS: 516.76최근 1000개 request의 p99 TTFT: 0.2220 초 | 
2025-11-20 19:29:26,134 - INFO - [실시간] 요청 115000개 처리 | 현재까지의 RPS: 517.05최근 1000개 request의 p99 TTFT: 0.5586 초 | 
2025-11-20 19:29:27,745 - INFO - [실시간] 요청 116000개 처리 | 현재까지의 RPS: 517.80최근 1000개 request의 p99 TTFT: 0.8382 초 | 
2025-11-20 19:29:29,221 - INFO - [실시간] 요청 117000개 처리 | 현재까지의 RPS: 518.84최근 1000개 request의 p99 TTFT: 0.8634 초 | 
2025-11-20 19:29:30,884 - INFO - [실시간] 요청 118000개 처리 | 현재까지의 RPS: 519.44최근 1000개 request의 p99 TTFT: 0.2458 초 | 
2025-11-20 19:29:32,584 - INFO - [실시간] 요청 119000개 처리 | 현재까지의 RPS: 519.95최근 1000개 request의 p99 TTFT: 0.2122 초 | 
2025-11-20 19:29:34,468 - INFO - [실시간] 요청 120000개 처리 | 현재까지의 RPS: 520.04최근 1000개 request의 p99 TTFT: 0.4487 초 | 
2025-11-20 19:29:36,020 - INFO - [실시간] 요청 121000개 처리 | 현재까지의 RPS: 520.87최근 1000개 request의 p99 TTFT: 1.0419 초 | 
2025-11-20 19:29:37,654 - INFO - [실시간] 요청 122000개 처리 | 현재까지의 RPS: 521.51최근 1000개 request의 p99 TTFT: 0.9714 초 | 
2025-11-20 19:29:39,259 - INFO - [실시간] 요청 123000개 처리 | 현재까지의 RPS: 522.20최근 1000개 request의 p99 TTFT: 0.5103 초 | 
2025-11-20 19:29:40,839 - INFO - [실시간] 요청 124000개 처리 | 현재까지의 RPS: 522.94최근 1000개 request의 p99 TTFT: 0.2365 초 | 
2025-11-20 19:29:42,522 - INFO - [실시간] 요청 125000개 처리 | 현재까지의 RPS: 523.44최근 1000개 request의 p99 TTFT: 0.5275 초 | 
2025-11-20 19:29:44,210 - INFO - [실시간] 요청 126000개 처리 | 현재까지의 RPS: 523.93최근 1000개 request의 p99 TTFT: 0.6326 초 | 
2025-11-20 19:29:45,670 - INFO - [실시간] 요청 127000개 처리 | 현재까지의 RPS: 524.90최근 1000개 request의 p99 TTFT: 0.6379 초 | 
2025-11-20 19:29:47,113 - INFO - [실시간] 요청 128000개 처리 | 현재까지의 RPS: 525.89최근 1000개 request의 p99 TTFT: 0.6870 초 | 
2025-11-20 19:29:48,709 - INFO - [실시간] 요청 129000개 처리 | 현재까지의 RPS: 526.55최근 1000개 request의 p99 TTFT: 0.4925 초 | 
2025-11-20 19:29:50,313 - INFO - [실시간] 요청 130000개 처리 | 현재까지의 RPS: 527.18최근 1000개 request의 p99 TTFT: 0.2127 초 | 
2025-11-20 19:29:52,229 - INFO - [실시간] 요청 131000개 처리 | 현재까지의 RPS: 527.14최근 1000개 request의 p99 TTFT: 0.5544 초 | 
2025-11-20 19:29:53,843 - INFO - [실시간] 요청 132000개 처리 | 현재까지의 RPS: 527.74최근 1000개 request의 p99 TTFT: 0.7398 초 | 
2025-11-20 19:29:55,277 - INFO - [실시간] 요청 133000개 처리 | 현재까지의 RPS: 528.70최근 1000개 request의 p99 TTFT: 0.6155 초 | 
2025-11-20 19:29:56,742 - INFO - [실시간] 요청 134000개 처리 | 현재까지의 RPS: 529.59최근 1000개 request의 p99 TTFT: 0.5761 초 | 
2025-11-20 19:29:58,311 - INFO - [실시간] 요청 135000개 처리 | 현재까지의 RPS: 530.26최근 1000개 request의 p99 TTFT: 0.3161 초 | 
2025-11-20 19:30:00,069 - INFO - [실시간] 요청 136000개 처리 | 현재까지의 RPS: 530.52최근 1000개 request의 p99 TTFT: 0.5947 초 | 
2025-11-20 19:30:01,588 - INFO - [실시간] 요청 137000개 처리 | 현재까지의 RPS: 531.28최근 1000개 request의 p99 TTFT: 0.8442 초 | 
2025-11-20 19:30:02,999 - INFO - [실시간] 요청 138000개 처리 | 현재까지의 RPS: 532.24최근 1000개 request의 p99 TTFT: 0.6417 초 | 
2025-11-20 19:30:04,402 - INFO - [실시간] 요청 139000개 처리 | 현재까지의 RPS: 533.21최근 1000개 request의 p99 TTFT: 0.5668 초 | 
2025-11-20 19:30:05,925 - INFO - [실시간] 요청 140000개 처리 | 현재까지의 RPS: 533.93최근 1000개 request의 p99 TTFT: 0.3020 초 | 
2025-11-20 19:30:07,860 - INFO - [실시간] 요청 141000개 처리 | 현재까지의 RPS: 533.80최근 1000개 request의 p99 TTFT: 0.7681 초 | 
2025-11-20 19:30:09,221 - INFO - [실시간] 요청 142000개 처리 | 현재까지의 RPS: 534.83최근 1000개 request의 p99 TTFT: 1.1308 초 | 
2025-11-20 19:30:10,770 - INFO - [실시간] 요청 143000개 처리 | 현재까지의 RPS: 535.48최근 1000개 request의 p99 TTFT: 0.3703 초 | 
2025-11-20 19:30:12,264 - INFO - [실시간] 요청 144000개 처리 | 현재까지의 RPS: 536.22최근 1000개 request의 p99 TTFT: 0.3494 초 | 
2025-11-20 19:30:13,848 - INFO - [실시간] 요청 145000개 처리 | 현재까지의 RPS: 536.78최근 1000개 request의 p99 TTFT: 0.2294 초 | 
2025-11-20 19:30:15,580 - INFO - [실시간] 요청 146000개 처리 | 현재까지의 RPS: 537.04최근 1000개 request의 p99 TTFT: 0.4668 초 | 
2025-11-20 19:30:17,227 - INFO - [실시간] 요청 147000개 처리 | 현재까지의 RPS: 537.46최근 1000개 request의 p99 TTFT: 0.9457 초 | 
2025-11-20 19:30:18,635 - INFO - [실시간] 요청 148000개 처리 | 현재까지의 RPS: 538.34최근 1000개 request의 p99 TTFT: 0.8946 초 | 
2025-11-20 19:30:20,131 - INFO - [실시간] 요청 149000개 처리 | 현재까지의 RPS: 539.05최근 1000개 request의 p99 TTFT: 0.4888 초 | 
2025-11-20 19:30:21,733 - INFO - [실시간] 요청 150000개 처리 | 현재까지의 RPS: 539.54최근 1000개 request의 p99 TTFT: 0.3545 초 | 
2025-11-20 19:30:23,546 - INFO - [실시간] 요청 151000개 처리 | 현재까지의 RPS: 539.62최근 1000개 request의 p99 TTFT: 0.5634 초 | 
2025-11-20 19:30:25,115 - INFO - [실시간] 요청 152000개 처리 | 현재까지의 RPS: 540.16최근 1000개 request의 p99 TTFT: 1.0032 초 | 
2025-11-20 19:30:26,614 - INFO - [실시간] 요청 153000개 처리 | 현재까지의 RPS: 540.84최근 1000개 request의 p99 TTFT: 0.9173 초 | 
2025-11-20 19:30:28,193 - INFO - [실시간] 요청 154000개 처리 | 현재까지의 RPS: 541.35최근 1000개 request의 p99 TTFT: 0.4508 초 | 
2025-11-20 19:30:29,618 - INFO - [실시간] 요청 155000개 처리 | 현재까지의 RPS: 542.15최근 1000개 request의 p99 TTFT: 0.6586 초 | 
2025-11-20 19:30:31,379 - INFO - [실시간] 요청 156000개 처리 | 현재까지의 RPS: 542.31최근 1000개 request의 p99 TTFT: 0.4892 초 | 
2025-11-20 19:30:32,970 - INFO - [실시간] 요청 157000개 처리 | 현재까지의 RPS: 542.78최근 1000개 request의 p99 TTFT: 0.9021 초 | 
2025-11-20 19:30:34,452 - INFO - [실시간] 요청 158000개 처리 | 현재까지의 RPS: 543.45최근 1000개 request의 p99 TTFT: 0.8804 초 | 
2025-11-20 19:30:35,966 - INFO - [실시간] 요청 159000개 처리 | 현재까지의 RPS: 544.06최근 1000개 request의 p99 TTFT: 0.4791 초 | 
2025-11-20 19:30:37,524 - INFO - [실시간] 요청 160000개 처리 | 현재까지의 RPS: 544.58최근 1000개 request의 p99 TTFT: 0.2514 초 | 
2025-11-20 19:30:39,254 - INFO - [실시간] 요청 161000개 처리 | 현재까지의 RPS: 544.77최근 1000개 request의 p99 TTFT: 0.5368 초 | 
2025-11-20 19:30:40,799 - INFO - [실시간] 요청 162000개 처리 | 현재까지의 RPS: 545.31최근 1000개 request의 p99 TTFT: 1.0212 초 | 
2025-11-20 19:30:42,272 - INFO - [실시간] 요청 163000개 처리 | 현재까지의 RPS: 545.97최근 1000개 request의 p99 TTFT: 1.0048 초 | 
2025-11-20 19:30:43,926 - INFO - [실시간] 요청 164000개 처리 | 현재까지의 RPS: 546.29최근 1000개 request의 p99 TTFT: 0.2118 초 | 
2025-11-20 19:30:45,525 - INFO - [실시간] 요청 165000개 처리 | 현재까지의 RPS: 546.71최근 1000개 request의 p99 TTFT: 0.4107 초 | 
2025-11-20 19:30:47,142 - INFO - [실시간] 요청 166000개 처리 | 현재까지의 RPS: 547.09최근 1000개 request의 p99 TTFT: 0.6066 초 | 
2025-11-20 19:30:48,718 - INFO - [실시간] 요청 167000개 처리 | 현재까지의 RPS: 547.54최근 1000개 request의 p99 TTFT: 0.9788 초 | 
2025-11-20 19:30:50,126 - INFO - [실시간] 요청 168000개 처리 | 현재까지의 RPS: 548.29최근 1000개 request의 p99 TTFT: 1.3609 초 | 
2025-11-20 19:30:51,802 - INFO - [실시간] 요청 169000개 처리 | 현재까지의 RPS: 548.55최근 1000개 request의 p99 TTFT: 0.2324 초 | 
2025-11-20 19:30:53,390 - INFO - [실시간] 요청 170000개 처리 | 현재까지의 RPS: 548.97최근 1000개 request의 p99 TTFT: 0.2297 초 | 
2025-11-20 19:30:55,278 - INFO - [실시간] 요청 171000개 처리 | 현재까지의 RPS: 548.85최근 1000개 request의 p99 TTFT: 0.8183 초 | 
2025-11-20 19:30:56,730 - INFO - [실시간] 요청 172000개 처리 | 현재까지의 RPS: 549.50최근 1000개 request의 p99 TTFT: 1.2536 초 | 
2025-11-20 19:30:58,287 - INFO - [실시간] 요청 173000개 처리 | 현재까지의 RPS: 549.96최근 1000개 request의 p99 TTFT: 1.2194 초 | 
2025-11-20 19:30:59,881 - INFO - [실시간] 요청 174000개 처리 | 현재까지의 RPS: 550.35최근 1000개 request의 p99 TTFT: 0.2364 초 | 
2025-11-20 19:31:01,513 - INFO - [실시간] 요청 175000개 처리 | 현재까지의 RPS: 550.67최근 1000개 request의 p99 TTFT: 0.5595 초 | 
2025-11-20 19:31:03,140 - INFO - [실시간] 요청 176000개 처리 | 현재까지의 RPS: 550.99최근 1000개 request의 p99 TTFT: 1.0080 초 | 
2025-11-20 19:31:04,472 - INFO - [실시간] 요청 177000개 처리 | 현재까지의 RPS: 551.82최근 1000개 request의 p99 TTFT: 1.1168 초 | 
2025-11-20 19:31:06,008 - INFO - [실시간] 요청 178000개 처리 | 현재까지의 RPS: 552.30최근 1000개 request의 p99 TTFT: 0.4508 초 | 
2025-11-20 19:31:07,794 - INFO - [실시간] 요청 179000개 처리 | 현재까지의 RPS: 552.34최근 1000개 request의 p99 TTFT: 0.4753 초 | 
2025-11-20 19:31:09,603 - INFO - [실시간] 요청 180000개 처리 | 현재까지의 RPS: 552.34최근 1000개 request의 p99 TTFT: 1.0897 초 | 
2025-11-20 19:31:11,073 - INFO - [실시간] 요청 181000개 처리 | 현재까지의 RPS: 552.92최근 1000개 request의 p99 TTFT: 1.3959 초 | 
2025-11-20 19:31:12,582 - INFO - [실시간] 요청 182000개 처리 | 현재까지의 RPS: 553.42최근 1000개 request의 p99 TTFT: 0.5855 초 | 
2025-11-20 19:31:14,123 - INFO - [실시간] 요청 183000개 처리 | 현재까지의 RPS: 553.86최근 1000개 request의 p99 TTFT: 0.3874 초 | 
통계에 반영된 요청 인덱스 범위: 3000 ~ 183000 (총 180000개 요청)
통계 반영된 요청 수: 180000, 통계 반영된 시간: 318.99 초

==================================================
 실험 최종 결과 요약
==================================================
 설정 실험 시간: 330 초
 Clients 수: 8000
 통계 반영 시간: 318.99 초
 총 시도된 요청: 190793 개
 총 완료된 요청: 180000 개
 총 실패한 요청: 10793 개
 완료 요청 중 retrieval이 실패한 요청: -3367 개
 요청 성공률: 94.34%
 전체 Requests Per Second (RPS): 564.28
--------------------------------------------------
 Time to First Token (TTFT) Latency:
  - 평균 (Mean): 0.1744 초
  - 중간값 (50%ile): 0.1449 초
  - 최소값 (Min): 0.0184 초
  - 최대값 (Max): 1.6663 초
  - 95%ile Tail: 0.4726 초
  - 99%ile Tail: 0.7895 초
--------------------------------------------------
 Time Per Output Token (TPOT):
  - 평균 (Mean): 16.93 ms/token
--------------------------------------------------
 Embedding Latency:
  - 총 샘플 수: 180000
  - 평균 (Mean): 9.11 ms
  - 중간값 (50%ile): 7.00 ms
  - 95%ile Tail: 19.00 ms
  - 99%ile Tail: 60.00 ms
--------------------------------------------------
 VectorDB Search Latency:
  - 총 샘플 수: 180000
  - 평균 (Mean): 65.31 ms
  - 중간값 (50%ile): 28.00 ms
  - 95%ile Tail: 258.00 ms
  - 99%ile Tail: 566.00 ms
--------------------------------------------------
 Document Search Latency:
  - 총 샘플 수: 180000
  - 평균 (Mean): 15.83 ms
  - 중간값 (50%ile): 7.00 ms
  - 95%ile Tail: 55.00 ms
  - 99%ile Tail: 125.00 ms
--------------------------------------------------
 Total Retrieval Latency:
  - 총 샘플 수: 180000
  - 평균 (Mean): 90.27 ms
  - 중간값 (50%ile): 47.00 ms
  - 95%ile Tail: 345.00 ms
  - 99%ile Tail: 676.00 ms
==================================================
