2025-11-20 19:32:12,423 - INFO - ReqGen 시작: 서버=163.152.48.109:9000, 클라이언트=8100, 시간=330초
2025-11-20 19:32:12,424 - INFO - Hugging Face에서 'kroshan/BioASQ' 데이터셋을 로드합니다...
2025-11-20 19:32:18,244 - INFO - 3266개의 질문을 로드했습니다.
2025-11-20 19:32:18,244 - INFO - 부하 테스트 시작, client 수 = 8100
2025-11-20 19:32:18,245 - INFO - Zipf 값 1.2에서 상위 20%의 질문이 차지하는 비율: 91.82%
2025-11-20 19:32:24,001 - INFO - [실시간] 요청 1000개 처리 | 현재까지의 RPS: 173.71최근 1000개 request의 p99 TTFT: 0.2468 초 | 
2025-11-20 19:32:27,158 - INFO - [실시간] 요청 2000개 처리 | 현재까지의 RPS: 224.39최근 1000개 request의 p99 TTFT: 0.3785 초 | 
2025-11-20 19:32:29,892 - INFO - [실시간] 요청 3000개 처리 | 현재까지의 RPS: 257.58최근 1000개 request의 p99 TTFT: 0.3589 초 | 
2025-11-20 19:32:32,344 - INFO - [실시간] 요청 4000개 처리 | 현재까지의 RPS: 283.71최근 1000개 request의 p99 TTFT: 0.3718 초 | 
2025-11-20 19:32:34,771 - INFO - [실시간] 요청 5000개 처리 | 현재까지의 RPS: 302.55최근 1000개 request의 p99 TTFT: 0.6377 초 | 
2025-11-20 19:32:37,023 - INFO - [실시간] 요청 6000개 처리 | 현재까지의 RPS: 319.52최근 1000개 request의 p99 TTFT: 0.5305 초 | 
2025-11-20 19:32:39,136 - INFO - [실시간] 요청 7000개 처리 | 현재까지의 RPS: 335.06최근 1000개 request의 p99 TTFT: 0.5099 초 | 
2025-11-20 19:32:41,812 - INFO - [실시간] 요청 8000개 처리 | 현재까지의 RPS: 339.46최근 1000개 request의 p99 TTFT: 0.5842 초 | 
2025-11-20 19:32:44,475 - INFO - [실시간] 요청 9000개 처리 | 현재까지의 RPS: 343.11최근 1000개 request의 p99 TTFT: 0.4183 초 | 
2025-11-20 19:32:46,967 - INFO - [실시간] 요청 10000개 처리 | 현재까지의 RPS: 348.16최근 1000개 request의 p99 TTFT: 0.1926 초 | 
2025-11-20 19:32:49,389 - INFO - [실시간] 요청 11000개 처리 | 현재까지의 RPS: 353.20최근 1000개 request의 p99 TTFT: 0.3628 초 | 
2025-11-20 19:32:51,961 - INFO - [실시간] 요청 12000개 처리 | 현재까지의 RPS: 355.91최근 1000개 request의 p99 TTFT: 0.4567 초 | 
2025-11-20 19:32:54,631 - INFO - [실시간] 요청 13000개 처리 | 현재까지의 RPS: 357.28최근 1000개 request의 p99 TTFT: 0.6063 초 | 
2025-11-20 19:32:56,983 - INFO - [실시간] 요청 14000개 처리 | 현재까지의 RPS: 361.40최근 1000개 request의 p99 TTFT: 0.6891 초 | 
2025-11-20 19:32:59,527 - INFO - [실시간] 요청 15000개 처리 | 현재까지의 RPS: 363.35최근 1000개 request의 p99 TTFT: 0.2721 초 | 
2025-11-20 19:33:02,058 - INFO - [실시간] 요청 16000개 처리 | 현재까지의 RPS: 365.19최근 1000개 request의 p99 TTFT: 0.4866 초 | 
2025-11-20 19:33:04,635 - INFO - [실시간] 요청 17000개 처리 | 현재까지의 RPS: 366.46최근 1000개 request의 p99 TTFT: 0.2662 초 | 
2025-11-20 19:33:07,100 - INFO - [실시간] 요청 18000개 처리 | 현재까지의 RPS: 368.44최근 1000개 request의 p99 TTFT: 0.2049 초 | 
2025-11-20 19:33:09,727 - INFO - [실시간] 요청 19000개 처리 | 현재까지의 RPS: 369.06최근 1000개 request의 p99 TTFT: 0.6257 초 | 
2025-11-20 19:33:12,061 - INFO - [실시간] 요청 20000개 처리 | 현재까지의 RPS: 371.63최근 1000개 request의 p99 TTFT: 0.5652 초 | 
2025-11-20 19:33:14,587 - INFO - [실시간] 요청 21000개 처리 | 현재까지의 RPS: 372.73최근 1000개 request의 p99 TTFT: 0.3888 초 | 
2025-11-20 19:33:17,252 - INFO - [실시간] 요청 22000개 처리 | 현재까지의 RPS: 372.84최근 1000개 request의 p99 TTFT: 0.3663 초 | 
2025-11-20 19:33:19,541 - INFO - [실시간] 요청 23000개 처리 | 현재까지의 RPS: 375.23최근 1000개 request의 p99 TTFT: 0.2558 초 | 
2025-11-20 19:33:21,646 - INFO - [실시간] 요청 24000개 처리 | 현재까지의 RPS: 378.54최근 1000개 request의 p99 TTFT: 0.5785 초 | 
2025-11-20 19:33:23,616 - INFO - [실시간] 요청 25000개 처리 | 현재까지의 RPS: 382.43최근 1000개 request의 p99 TTFT: 0.7177 초 | 
2025-11-20 19:33:25,472 - INFO - [실시간] 요청 26000개 처리 | 현재까지의 RPS: 386.75최근 1000개 request의 p99 TTFT: 0.2718 초 | 
2025-11-20 19:33:27,245 - INFO - [실시간] 요청 27000개 처리 | 현재까지의 RPS: 391.30최근 1000개 request의 p99 TTFT: 0.3224 초 | 
2025-11-20 19:33:29,079 - INFO - [실시간] 요청 28000개 처리 | 현재까지의 RPS: 395.29최근 1000개 request의 p99 TTFT: 0.4161 초 | 
2025-11-20 19:33:31,170 - INFO - [실시간] 요청 29000개 처리 | 현재까지의 RPS: 397.67최근 1000개 request의 p99 TTFT: 1.0845 초 | 
2025-11-20 19:33:32,884 - INFO - [실시간] 요청 30000개 처리 | 현재까지의 RPS: 401.93최근 1000개 request의 p99 TTFT: 1.0832 초 | 
2025-11-20 19:33:34,541 - INFO - [실시간] 요청 31000개 처리 | 현재까지의 RPS: 406.31최근 1000개 request의 p99 TTFT: 0.2929 초 | 
2025-11-20 19:33:36,362 - INFO - [실시간] 요청 32000개 처리 | 현재까지의 RPS: 409.64최근 1000개 request의 p99 TTFT: 0.4832 초 | 
2025-11-20 19:33:38,055 - INFO - [실시간] 요청 33000개 처리 | 현재까지의 RPS: 413.48최근 1000개 request의 p99 TTFT: 0.8418 초 | 
2025-11-20 19:33:39,664 - INFO - [실시간] 요청 34000개 처리 | 현재까지의 RPS: 417.59최근 1000개 request의 p99 TTFT: 0.5021 초 | 
2025-11-20 19:33:41,423 - INFO - [실시간] 요청 35000개 처리 | 현재까지의 RPS: 420.78최근 1000개 request의 p99 TTFT: 0.2444 초 | 
2025-11-20 19:33:43,436 - INFO - [실시간] 요청 36000개 처리 | 현재까지의 RPS: 422.58최근 1000개 request의 p99 TTFT: 0.4151 초 | 
2025-11-20 19:33:45,305 - INFO - [실시간] 요청 37000개 처리 | 현재까지의 RPS: 424.99최근 1000개 request의 p99 TTFT: 0.9700 초 | 
2025-11-20 19:33:47,035 - INFO - [실시간] 요청 38000개 처리 | 현재까지의 RPS: 427.97최근 1000개 request의 p99 TTFT: 0.7825 초 | 
2025-11-20 19:33:48,936 - INFO - [실시간] 요청 39000개 처리 | 현재까지의 RPS: 430.03최근 1000개 request의 p99 TTFT: 0.2068 초 | 
2025-11-20 19:33:50,749 - INFO - [실시간] 요청 40000개 처리 | 현재까지의 RPS: 432.41최근 1000개 request의 p99 TTFT: 0.2268 초 | 
2025-11-20 19:33:52,794 - INFO - [실시간] 요청 41000개 처리 | 현재까지의 RPS: 433.64최근 1000개 request의 p99 TTFT: 0.4028 초 | 
2025-11-20 19:33:54,546 - INFO - [실시간] 요청 42000개 처리 | 현재까지의 RPS: 436.13최근 1000개 request의 p99 TTFT: 0.6770 초 | 
2025-11-20 19:33:56,256 - INFO - [실시간] 요청 43000개 처리 | 현재까지의 RPS: 438.72최근 1000개 request의 p99 TTFT: 0.6876 초 | 
2025-11-20 19:33:58,083 - INFO - [실시간] 요청 44000개 처리 | 현재까지의 RPS: 440.72최근 1000개 request의 p99 TTFT: 0.3776 초 | 
2025-11-20 19:33:59,861 - INFO - [실시간] 요청 45000개 처리 | 현재까지의 RPS: 442.84최근 1000개 request의 p99 TTFT: 0.2765 초 | 
2025-11-20 19:34:01,744 - INFO - [실시간] 요청 46000개 처리 | 현재까지의 RPS: 444.45최근 1000개 request의 p99 TTFT: 0.2180 초 | 
2025-11-20 19:34:04,015 - INFO - [실시간] 요청 47000개 처리 | 현재까지의 RPS: 444.36최근 1000개 request의 p99 TTFT: 0.7643 초 | 
2025-11-20 19:34:05,664 - INFO - [실시간] 요청 48000개 처리 | 현재까지의 RPS: 446.85최근 1000개 request의 p99 TTFT: 1.4539 초 | 
2025-11-20 19:34:07,512 - INFO - [실시간] 요청 49000개 처리 | 현재까지의 RPS: 448.44최근 1000개 request의 p99 TTFT: 0.2960 초 | 
2025-11-20 19:34:09,368 - INFO - [실시간] 요청 50000개 처리 | 현재까지의 RPS: 449.95최근 1000개 request의 p99 TTFT: 0.2350 초 | 
2025-11-20 19:34:11,185 - INFO - [실시간] 요청 51000개 처리 | 현재까지의 RPS: 451.57최근 1000개 request의 p99 TTFT: 0.3318 초 | 
2025-11-20 19:34:13,276 - INFO - [실시간] 요청 52000개 처리 | 현재까지의 RPS: 452.05최근 1000개 request의 p99 TTFT: 0.6425 초 | 
2025-11-20 19:34:15,022 - INFO - [실시간] 요청 53000개 처리 | 현재까지의 RPS: 453.86최근 1000개 request의 p99 TTFT: 0.6431 초 | 
2025-11-20 19:34:16,840 - INFO - [실시간] 요청 54000개 처리 | 현재까지의 RPS: 455.33최근 1000개 request의 p99 TTFT: 0.2147 초 | 
2025-11-20 19:34:18,723 - INFO - [실시간] 요청 55000개 처리 | 현재까지의 RPS: 456.52최근 1000개 request의 p99 TTFT: 0.3515 초 | 
2025-11-20 19:34:20,479 - INFO - [실시간] 요청 56000개 처리 | 현재까지의 RPS: 458.13최근 1000개 request의 p99 TTFT: 0.5369 초 | 
2025-11-20 19:34:22,254 - INFO - [실시간] 요청 57000개 처리 | 현재까지의 RPS: 459.64최근 1000개 request의 p99 TTFT: 0.6254 초 | 
2025-11-20 19:34:23,961 - INFO - [실시간] 요청 58000개 처리 | 현재까지의 RPS: 461.36최근 1000개 request의 p99 TTFT: 0.7937 초 | 
2025-11-20 19:34:25,657 - INFO - [실시간] 요청 59000개 처리 | 현재까지의 RPS: 463.06최근 1000개 request의 p99 TTFT: 0.7596 초 | 
2025-11-20 19:34:27,266 - INFO - [실시간] 요청 60000개 처리 | 현재까지의 RPS: 465.04최근 1000개 request의 p99 TTFT: 0.2658 초 | 
2025-11-20 19:34:28,872 - INFO - [실시간] 요청 61000개 처리 | 현재까지의 RPS: 466.98최근 1000개 request의 p99 TTFT: 0.4164 초 | 
2025-11-20 19:34:30,739 - INFO - [실시간] 요청 62000개 처리 | 현재까지의 RPS: 467.95최근 1000개 request의 p99 TTFT: 0.5640 초 | 
2025-11-20 19:34:32,293 - INFO - [실시간] 요청 63000개 처리 | 현재까지의 RPS: 469.98최근 1000개 request의 p99 TTFT: 0.9540 초 | 
2025-11-20 19:34:34,005 - INFO - [실시간] 요청 64000개 처리 | 현재까지의 RPS: 471.42최근 1000개 request의 p99 TTFT: 0.8161 초 | 
2025-11-20 19:34:35,505 - INFO - [실시간] 요청 65000개 처리 | 현재까지의 RPS: 473.55최근 1000개 request의 p99 TTFT: 0.3932 초 | 
2025-11-20 19:34:37,307 - INFO - [실시간] 요청 66000개 처리 | 현재까지의 RPS: 474.61최근 1000개 request의 p99 TTFT: 0.6055 초 | 
2025-11-20 19:34:38,880 - INFO - [실시간] 요청 67000개 처리 | 현재까지의 RPS: 476.41최근 1000개 request의 p99 TTFT: 0.8517 초 | 
2025-11-20 19:34:40,381 - INFO - [실시간] 요청 68000개 처리 | 현재까지의 RPS: 478.41최근 1000개 request의 p99 TTFT: 0.7591 초 | 
2025-11-20 19:34:42,007 - INFO - [실시간] 요청 69000개 처리 | 현재까지의 RPS: 479.96최근 1000개 request의 p99 TTFT: 0.2255 초 | 
2025-11-20 19:34:43,719 - INFO - [실시간] 요청 70000개 처리 | 현재까지의 RPS: 481.18최근 1000개 request의 p99 TTFT: 0.4382 초 | 
2025-11-20 19:34:45,558 - INFO - [실시간] 요청 71000개 처리 | 현재까지의 RPS: 481.96최근 1000개 request의 p99 TTFT: 1.0051 초 | 
2025-11-20 19:34:47,125 - INFO - [실시간] 요청 72000개 처리 | 현재까지의 RPS: 483.61최근 1000개 request의 p99 TTFT: 0.9681 초 | 
2025-11-20 19:34:48,783 - INFO - [실시간] 요청 73000개 처리 | 현재까지의 RPS: 484.93최근 1000개 request의 p99 TTFT: 0.2937 초 | 
2025-11-20 19:34:50,357 - INFO - [실시간] 요청 74000개 처리 | 현재까지의 RPS: 486.48최근 1000개 request의 p99 TTFT: 0.3760 초 | 
2025-11-20 19:34:52,056 - INFO - [실시간] 요청 75000개 처리 | 현재까지의 RPS: 487.61최근 1000개 request의 p99 TTFT: 0.2364 초 | 
2025-11-20 19:34:53,852 - INFO - [실시간] 요청 76000개 처리 | 현재까지의 RPS: 488.41최근 1000개 request의 p99 TTFT: 0.6716 초 | 
2025-11-20 19:34:55,415 - INFO - [실시간] 요청 77000개 처리 | 현재까지의 RPS: 489.91최근 1000개 request의 p99 TTFT: 0.6345 초 | 
2025-11-20 19:34:57,022 - INFO - [실시간] 요청 78000개 처리 | 현재까지의 RPS: 491.25최근 1000개 request의 p99 TTFT: 0.5625 초 | 
2025-11-20 19:34:58,691 - INFO - [실시간] 요청 79000개 처리 | 현재까지의 RPS: 492.38최근 1000개 request의 p99 TTFT: 0.2133 초 | 
2025-11-20 19:35:00,557 - INFO - [실시간] 요청 80000개 처리 | 현재까지의 RPS: 492.88최근 1000개 request의 p99 TTFT: 0.2552 초 | 
2025-11-20 19:35:02,306 - INFO - [실시간] 요청 81000개 처리 | 현재까지의 RPS: 493.72최근 1000개 request의 p99 TTFT: 0.8345 초 | 
2025-11-20 19:35:03,734 - INFO - [실시간] 요청 82000개 처리 | 현재까지의 RPS: 495.50최근 1000개 request의 p99 TTFT: 0.9515 초 | 
2025-11-20 19:35:05,204 - INFO - [실시간] 요청 83000개 처리 | 현재까지의 RPS: 497.13최근 1000개 request의 p99 TTFT: 0.5527 초 | 
2025-11-20 19:35:06,870 - INFO - [실시간] 요청 84000개 처리 | 현재까지의 RPS: 498.15최근 1000개 request의 p99 TTFT: 0.2941 초 | 
2025-11-20 19:35:08,527 - INFO - [실시간] 요청 85000개 처리 | 현재까지의 RPS: 499.17최근 1000개 request의 p99 TTFT: 0.2211 초 | 
2025-11-20 19:35:10,549 - INFO - [실시간] 요청 86000개 처리 | 현재까지의 RPS: 499.12최근 1000개 request의 p99 TTFT: 0.8569 초 | 
2025-11-20 19:35:12,063 - INFO - [실시간] 요청 87000개 처리 | 현재까지의 RPS: 500.52최근 1000개 request의 p99 TTFT: 0.8888 초 | 
2025-11-20 19:35:13,649 - INFO - [실시간] 요청 88000개 처리 | 현재까지의 RPS: 501.70최근 1000개 request의 p99 TTFT: 0.2293 초 | 
2025-11-20 19:35:15,284 - INFO - [실시간] 요청 89000개 처리 | 현재까지의 RPS: 502.71최근 1000개 request의 p99 TTFT: 0.2178 초 | 
2025-11-20 19:35:16,924 - INFO - [실시간] 요청 90000개 처리 | 현재까지의 RPS: 503.70최근 1000개 request의 p99 TTFT: 0.4490 초 | 
2025-11-20 19:35:18,613 - INFO - [실시간] 요청 91000개 처리 | 현재까지의 RPS: 504.52최근 1000개 request의 p99 TTFT: 0.4292 초 | 
2025-11-20 19:35:20,458 - INFO - [실시간] 요청 92000개 처리 | 현재까지의 RPS: 504.90최근 1000개 request의 p99 TTFT: 0.7435 초 | 
2025-11-20 19:35:21,975 - INFO - [실시간] 요청 93000개 처리 | 현재까지의 RPS: 506.18최근 1000개 request의 p99 TTFT: 0.8164 초 | 
2025-11-20 19:35:23,439 - INFO - [실시간] 요청 94000개 처리 | 현재까지의 RPS: 507.57최근 1000개 request의 p99 TTFT: 0.6155 초 | 
2025-11-20 19:35:24,923 - INFO - [실시간] 요청 95000개 처리 | 현재까지의 RPS: 508.90최근 1000개 request의 p99 TTFT: 0.7256 초 | 
2025-11-20 19:35:26,553 - INFO - [실시간] 요청 96000개 처리 | 현재까지의 RPS: 509.80최근 1000개 request의 p99 TTFT: 0.2693 초 | 
2025-11-20 19:35:28,485 - INFO - [실시간] 요청 97000개 처리 | 현재까지의 RPS: 509.88최근 1000개 request의 p99 TTFT: 0.8568 초 | 
2025-11-20 19:35:29,937 - INFO - [실시간] 요청 98000개 처리 | 현재까지의 RPS: 511.24최근 1000개 request의 p99 TTFT: 0.9542 초 | 
2025-11-20 19:35:31,475 - INFO - [실시간] 요청 99000개 처리 | 현재까지의 RPS: 512.34최근 1000개 request의 p99 TTFT: 0.3427 초 | 
2025-11-20 19:35:32,916 - INFO - [실시간] 요청 100000개 처리 | 현재까지의 RPS: 513.69최근 1000개 request의 p99 TTFT: 0.4631 초 | 
2025-11-20 19:35:34,483 - INFO - [실시간] 요청 101000개 처리 | 현재까지의 RPS: 514.68최근 1000개 request의 p99 TTFT: 0.5061 초 | 
2025-11-20 19:35:36,222 - INFO - [실시간] 요청 102000개 처리 | 현재까지의 RPS: 515.21최근 1000개 request의 p99 TTFT: 0.7724 초 | 
2025-11-20 19:35:37,649 - INFO - [실시간] 요청 103000개 처리 | 현재까지의 RPS: 516.54최근 1000개 request의 p99 TTFT: 0.8210 초 | 
2025-11-20 19:35:39,105 - INFO - [실시간] 요청 104000개 처리 | 현재까지의 RPS: 517.77최근 1000개 request의 p99 TTFT: 0.6188 초 | 
2025-11-20 19:35:40,576 - INFO - [실시간] 요청 105000개 처리 | 현재까지의 RPS: 518.95최근 1000개 request의 p99 TTFT: 0.7108 초 | 
2025-11-20 19:35:42,232 - INFO - [실시간] 요청 106000개 처리 | 현재까지의 RPS: 519.64최근 1000개 request의 p99 TTFT: 0.3890 초 | 
2025-11-20 19:35:43,962 - INFO - [실시간] 요청 107000개 처리 | 현재까지의 RPS: 520.13최근 1000개 request의 p99 TTFT: 0.8233 초 | 
2025-11-20 19:35:45,345 - INFO - [실시간] 요청 108000개 처리 | 현재까지의 RPS: 521.49최근 1000개 request의 p99 TTFT: 0.8136 초 | 
2025-11-20 19:35:46,767 - INFO - [실시간] 요청 109000개 처리 | 현재까지의 RPS: 522.73최근 1000개 request의 p99 TTFT: 0.4941 초 | 
2025-11-20 19:35:48,283 - INFO - [실시간] 요청 110000개 처리 | 현재까지의 RPS: 523.71최근 1000개 request의 p99 TTFT: 0.3511 초 | 
2025-11-20 19:35:49,858 - INFO - [실시간] 요청 111000개 처리 | 현재까지의 RPS: 524.54최근 1000개 request의 p99 TTFT: 0.4767 초 | 
2025-11-20 19:35:51,527 - INFO - [실시간] 요청 112000개 처리 | 현재까지의 RPS: 525.12최근 1000개 request의 p99 TTFT: 0.9859 초 | 
2025-11-20 19:35:53,001 - INFO - [실시간] 요청 113000개 처리 | 현재까지의 RPS: 526.18최근 1000개 request의 p99 TTFT: 1.0270 초 | 
2025-11-20 19:35:54,597 - INFO - [실시간] 요청 114000개 처리 | 현재까지의 RPS: 526.92최근 1000개 request의 p99 TTFT: 0.2422 초 | 
2025-11-20 19:35:56,003 - INFO - [실시간] 요청 115000개 처리 | 현재까지의 RPS: 528.11최근 1000개 request의 p99 TTFT: 0.3173 초 | 
2025-11-20 19:35:57,567 - INFO - [실시간] 요청 116000개 처리 | 현재까지의 RPS: 528.90최근 1000개 request의 p99 TTFT: 0.3972 초 | 
2025-11-20 19:35:59,383 - INFO - [실시간] 요청 117000개 처리 | 현재까지의 RPS: 529.08최근 1000개 request의 p99 TTFT: 0.7586 초 | 
2025-11-20 19:36:00,860 - INFO - [실시간] 요청 118000개 처리 | 현재까지의 RPS: 530.06최근 1000개 request의 p99 TTFT: 1.0546 초 | 
2025-11-20 19:36:02,331 - INFO - [실시간] 요청 119000개 처리 | 현재까지의 RPS: 531.04최근 1000개 request의 p99 TTFT: 0.8743 초 | 
2025-11-20 19:36:03,791 - INFO - [실시간] 요청 120000개 처리 | 현재까지의 RPS: 532.04최근 1000개 request의 p99 TTFT: 0.5270 초 | 
2025-11-20 19:36:05,278 - INFO - [실시간] 요청 121000개 처리 | 현재까지의 RPS: 532.96최근 1000개 request의 p99 TTFT: 0.3166 초 | 
2025-11-20 19:36:07,011 - INFO - [실시간] 요청 122000개 처리 | 현재까지의 RPS: 533.30최근 1000개 request의 p99 TTFT: 0.6157 초 | 
2025-11-20 19:36:08,584 - INFO - [실시간] 요청 123000개 처리 | 현재까지의 RPS: 534.00최근 1000개 request의 p99 TTFT: 1.0024 초 | 
2025-11-20 19:36:10,022 - INFO - [실시간] 요청 124000개 처리 | 현재까지의 RPS: 535.00최근 1000개 request의 p99 TTFT: 1.2997 초 | 
2025-11-20 19:36:11,563 - INFO - [실시간] 요청 125000개 처리 | 현재까지의 RPS: 535.75최근 1000개 request의 p99 TTFT: 0.4171 초 | 
2025-11-20 19:36:13,003 - INFO - [실시간] 요청 126000개 처리 | 현재까지의 RPS: 536.72최근 1000개 request의 p99 TTFT: 0.3111 초 | 
2025-11-20 19:36:14,861 - INFO - [실시간] 요청 127000개 처리 | 현재까지의 RPS: 536.73최근 1000개 request의 p99 TTFT: 0.6000 초 | 
2025-11-20 19:36:16,338 - INFO - [실시간] 요청 128000개 처리 | 현재까지의 RPS: 537.60최근 1000개 request의 p99 TTFT: 1.0084 초 | 
2025-11-20 19:36:17,874 - INFO - [실시간] 요청 129000개 처리 | 현재까지의 RPS: 538.33최근 1000개 request의 p99 TTFT: 0.7711 초 | 
2025-11-20 19:36:19,483 - INFO - [실시간] 요청 130000개 처리 | 현재까지의 RPS: 538.89최근 1000개 request의 p99 TTFT: 0.2839 초 | 
2025-11-20 19:36:20,964 - INFO - [실시간] 요청 131000개 처리 | 현재까지의 RPS: 539.72최근 1000개 request의 p99 TTFT: 0.4365 초 | 
2025-11-20 19:36:22,635 - INFO - [실시간] 요청 132000개 처리 | 현재까지의 RPS: 540.12최근 1000개 request의 p99 TTFT: 0.7896 초 | 
2025-11-20 19:36:24,096 - INFO - [실시간] 요청 133000개 처리 | 현재까지의 RPS: 540.98최근 1000개 request의 p99 TTFT: 0.6830 초 | 
2025-11-20 19:36:25,582 - INFO - [실시간] 요청 134000개 처리 | 현재까지의 RPS: 541.77최근 1000개 request의 p99 TTFT: 0.5713 초 | 
2025-11-20 19:36:27,194 - INFO - [실시간] 요청 135000개 처리 | 현재까지의 RPS: 542.28최근 1000개 request의 p99 TTFT: 0.4627 초 | 
2025-11-20 19:36:28,680 - INFO - [실시간] 요청 136000개 처리 | 현재까지의 RPS: 543.05최근 1000개 request의 p99 TTFT: 0.3687 초 | 
2025-11-20 19:36:30,280 - INFO - [실시간] 요청 137000개 처리 | 현재까지의 RPS: 543.57최근 1000개 request의 p99 TTFT: 0.3958 초 | 
2025-11-20 19:36:31,886 - INFO - [실시간] 요청 138000개 처리 | 현재까지의 RPS: 544.07최근 1000개 request의 p99 TTFT: 0.8694 초 | 
2025-11-20 19:36:33,303 - INFO - [실시간] 요청 139000개 처리 | 현재까지의 RPS: 544.97최근 1000개 request의 p99 TTFT: 1.5501 초 | 
2025-11-20 19:36:34,733 - INFO - [실시간] 요청 140000개 처리 | 현재까지의 RPS: 545.83최근 1000개 request의 p99 TTFT: 1.0830 초 | 
2025-11-20 19:36:36,236 - INFO - [실시간] 요청 141000개 처리 | 현재까지의 RPS: 546.53최근 1000개 request의 p99 TTFT: 0.3050 초 | 
2025-11-20 19:36:37,761 - INFO - [실시간] 요청 142000개 처리 | 현재까지의 RPS: 547.17최근 1000개 request의 p99 TTFT: 0.5682 초 | 
2025-11-20 19:36:39,336 - INFO - [실시간] 요청 143000개 처리 | 현재까지의 RPS: 547.70최근 1000개 request의 p99 TTFT: 0.8802 초 | 
2025-11-20 19:36:40,753 - INFO - [실시간] 요청 144000개 처리 | 현재까지의 RPS: 548.55최근 1000개 request의 p99 TTFT: 0.8790 초 | 
2025-11-20 19:36:42,268 - INFO - [실시간] 요청 145000개 처리 | 현재까지의 RPS: 549.19최근 1000개 request의 p99 TTFT: 0.3461 초 | 
2025-11-20 19:36:43,872 - INFO - [실시간] 요청 146000개 처리 | 현재까지의 RPS: 549.64최근 1000개 request의 p99 TTFT: 0.6282 초 | 
2025-11-20 19:36:45,453 - INFO - [실시간] 요청 147000개 처리 | 현재까지의 RPS: 550.13최근 1000개 request의 p99 TTFT: 0.7995 초 | 
2025-11-20 19:36:46,829 - INFO - [실시간] 요청 148000개 처리 | 현재까지의 RPS: 551.04최근 1000개 request의 p99 TTFT: 0.8210 초 | 
2025-11-20 19:36:48,366 - INFO - [실시간] 요청 149000개 처리 | 현재까지의 RPS: 551.60최근 1000개 request의 p99 TTFT: 0.5580 초 | 
2025-11-20 19:36:49,781 - INFO - [실시간] 요청 150000개 처리 | 현재까지의 RPS: 552.41최근 1000개 request의 p99 TTFT: 0.5900 초 | 
2025-11-20 19:36:51,281 - INFO - [실시간] 요청 151000개 처리 | 현재까지의 RPS: 553.04최근 1000개 request의 p99 TTFT: 0.5471 초 | 
2025-11-20 19:36:52,859 - INFO - [실시간] 요청 152000개 처리 | 현재까지의 RPS: 553.50최근 1000개 request의 p99 TTFT: 0.4774 초 | 
2025-11-20 19:36:54,439 - INFO - [실시간] 요청 153000개 처리 | 현재까지의 RPS: 553.96최근 1000개 request의 p99 TTFT: 1.2375 초 | 
2025-11-20 19:36:55,849 - INFO - [실시간] 요청 154000개 처리 | 현재까지의 RPS: 554.75최근 1000개 request의 p99 TTFT: 1.2583 초 | 
2025-11-20 19:36:57,310 - INFO - [실시간] 요청 155000개 처리 | 현재까지의 RPS: 555.42최근 1000개 request의 p99 TTFT: 0.2882 초 | 
2025-11-20 19:36:58,833 - INFO - [실시간] 요청 156000개 처리 | 현재까지의 RPS: 555.97최근 1000개 request의 p99 TTFT: 0.2989 초 | 
2025-11-20 19:37:00,348 - INFO - [실시간] 요청 157000개 처리 | 현재까지의 RPS: 556.53최근 1000개 request의 p99 TTFT: 0.5821 초 | 
2025-11-20 19:37:02,031 - INFO - [실시간] 요청 158000개 처리 | 현재까지의 RPS: 556.76최근 1000개 request의 p99 TTFT: 0.9030 초 | 
2025-11-20 19:37:03,386 - INFO - [실시간] 요청 159000개 처리 | 현재까지의 RPS: 557.62최근 1000개 request의 p99 TTFT: 0.9431 초 | 
2025-11-20 19:37:04,802 - INFO - [실시간] 요청 160000개 처리 | 현재까지의 RPS: 558.35최근 1000개 request의 p99 TTFT: 0.5077 초 | 
2025-11-20 19:37:06,234 - INFO - [실시간] 요청 161000개 처리 | 현재까지의 RPS: 559.05최근 1000개 request의 p99 TTFT: 0.5371 초 | 
2025-11-20 19:37:07,823 - INFO - [실시간] 요청 162000개 처리 | 현재까지의 RPS: 559.43최근 1000개 request의 p99 TTFT: 0.4500 초 | 
2025-11-20 19:37:09,434 - INFO - [실시간] 요청 163000개 처리 | 현재까지의 RPS: 559.77최근 1000개 request의 p99 TTFT: 0.7399 초 | 
2025-11-20 19:37:10,825 - INFO - [실시간] 요청 164000개 처리 | 현재까지의 RPS: 560.53최근 1000개 request의 p99 TTFT: 0.9423 초 | 
2025-11-20 19:37:12,278 - INFO - [실시간] 요청 165000개 처리 | 현재까지의 RPS: 561.16최근 1000개 request의 p99 TTFT: 0.8486 초 | 
2025-11-20 19:37:13,739 - INFO - [실시간] 요청 166000개 처리 | 현재까지의 RPS: 561.77최근 1000개 request의 p99 TTFT: 0.2680 초 | 
2025-11-20 19:37:15,315 - INFO - [실시간] 요청 167000개 처리 | 현재까지의 RPS: 562.16최근 1000개 request의 p99 TTFT: 0.2511 초 | 
2025-11-20 19:37:16,997 - INFO - [실시간] 요청 168000개 처리 | 현재까지의 RPS: 562.34최근 1000개 request의 p99 TTFT: 0.8535 초 | 
2025-11-20 19:37:18,391 - INFO - [실시간] 요청 169000개 처리 | 현재까지의 RPS: 563.06최근 1000개 request의 p99 TTFT: 1.1068 초 | 
2025-11-20 19:37:19,794 - INFO - [실시간] 요청 170000개 처리 | 현재까지의 RPS: 563.76최근 1000개 request의 p99 TTFT: 0.9078 초 | 
2025-11-20 19:37:21,320 - INFO - [실시간] 요청 171000개 처리 | 현재까지의 RPS: 564.22최근 1000개 request의 p99 TTFT: 0.2631 초 | 
2025-11-20 19:37:22,892 - INFO - [실시간] 요청 172000개 처리 | 현재까지의 RPS: 564.59최근 1000개 request의 p99 TTFT: 0.2657 초 | 
2025-11-20 19:37:24,480 - INFO - [실시간] 요청 173000개 처리 | 현재까지의 RPS: 564.93최근 1000개 request의 p99 TTFT: 0.6438 초 | 
2025-11-20 19:37:25,979 - INFO - [실시간] 요청 174000개 처리 | 현재까지의 RPS: 565.42최근 1000개 request의 p99 TTFT: 0.8912 초 | 
2025-11-20 19:37:27,416 - INFO - [실시간] 요청 175000개 처리 | 현재까지의 RPS: 566.03최근 1000개 request의 p99 TTFT: 0.7488 초 | 
2025-11-20 19:37:28,838 - INFO - [실시간] 요청 176000개 처리 | 현재까지의 RPS: 566.66최근 1000개 request의 p99 TTFT: 0.4212 초 | 
2025-11-20 19:37:30,372 - INFO - [실시간] 요청 177000개 처리 | 현재까지의 RPS: 567.08최근 1000개 request의 p99 TTFT: 0.4232 초 | 
2025-11-20 19:37:31,829 - INFO - [실시간] 요청 178000개 처리 | 현재까지의 RPS: 567.63최근 1000개 request의 p99 TTFT: 0.5445 초 | 
2025-11-20 19:37:33,346 - INFO - [실시간] 요청 179000개 처리 | 현재까지의 RPS: 568.07최근 1000개 request의 p99 TTFT: 0.8089 초 | 
2025-11-20 19:37:34,726 - INFO - [실시간] 요청 180000개 처리 | 현재까지의 RPS: 568.75최근 1000개 request의 p99 TTFT: 1.2616 초 | 
2025-11-20 19:37:36,208 - INFO - [실시간] 요청 181000개 처리 | 현재까지의 RPS: 569.25최근 1000개 request의 p99 TTFT: 1.0839 초 | 
2025-11-20 19:37:37,663 - INFO - [실시간] 요청 182000개 처리 | 현재까지의 RPS: 569.79최근 1000개 request의 p99 TTFT: 0.4429 초 | 
2025-11-20 19:37:39,116 - INFO - [실시간] 요청 183000개 처리 | 현재까지의 RPS: 570.32최근 1000개 request의 p99 TTFT: 0.6293 초 | 
2025-11-20 19:37:40,584 - INFO - [실시간] 요청 184000개 처리 | 현재까지의 RPS: 570.83최근 1000개 request의 p99 TTFT: 0.8395 초 | 
2025-11-20 19:37:41,946 - INFO - [실시간] 요청 185000개 처리 | 현재까지의 RPS: 571.51최근 1000개 request의 p99 TTFT: 0.8492 초 | 
2025-11-20 19:37:43,377 - INFO - [실시간] 요청 186000개 처리 | 현재까지의 RPS: 572.07최근 1000개 request의 p99 TTFT: 0.3651 초 | 
2025-11-20 19:37:44,849 - INFO - [실시간] 요청 187000개 처리 | 현재까지의 RPS: 572.56최근 1000개 request의 p99 TTFT: 0.4321 초 | 
2025-11-20 19:37:46,283 - INFO - [실시간] 요청 188000개 처리 | 현재까지의 RPS: 573.10최근 1000개 request의 p99 TTFT: 0.6942 초 | 
2025-11-20 19:37:47,913 - INFO - [실시간] 요청 189000개 처리 | 현재까지의 RPS: 573.30최근 1000개 request의 p99 TTFT: 0.8973 초 | 
2025-11-20 19:37:49,828 - INFO - [실시간] 요청 190000개 처리 | 현재까지의 RPS: 573.01최근 1000개 request의 p99 TTFT: 1.0158 초 | 
통계에 반영된 요청 인덱스 범위: 3000 ~ 190000 (총 187000개 요청)
통계 반영된 요청 수: 187000, 통계 반영된 시간: 319.94 초

==================================================
 실험 최종 결과 요약
==================================================
 설정 실험 시간: 330 초
 Clients 수: 8100
 통계 반영 시간: 319.94 초
 총 시도된 요청: 196944 개
 총 완료된 요청: 187000 개
 총 실패한 요청: 9944 개
 완료 요청 중 retrieval이 실패한 요청: -3019 개
 요청 성공률: 94.95%
 전체 Requests Per Second (RPS): 584.49
--------------------------------------------------
 Time to First Token (TTFT) Latency:
  - 평균 (Mean): 0.1713 초
  - 중간값 (50%ile): 0.1309 초
  - 최소값 (Min): 0.0190 초
  - 최대값 (Max): 1.8528 초
  - 95%ile Tail: 0.4818 초
  - 99%ile Tail: 0.7916 초
--------------------------------------------------
 Time Per Output Token (TPOT):
  - 평균 (Mean): 16.94 ms/token
--------------------------------------------------
 Embedding Latency:
  - 총 샘플 수: 187000
  - 평균 (Mean): 8.83 ms
  - 중간값 (50%ile): 7.00 ms
  - 95%ile Tail: 19.00 ms
  - 99%ile Tail: 52.00 ms
--------------------------------------------------
 VectorDB Search Latency:
  - 총 샘플 수: 187000
  - 평균 (Mean): 83.69 ms
  - 중간값 (50%ile): 42.00 ms
  - 95%ile Tail: 291.00 ms
  - 99%ile Tail: 595.00 ms
--------------------------------------------------
 Document Search Latency:
  - 총 샘플 수: 187000
  - 평균 (Mean): 16.62 ms
  - 중간값 (50%ile): 6.00 ms
  - 95%ile Tail: 61.00 ms
  - 99%ile Tail: 133.00 ms
--------------------------------------------------
 Total Retrieval Latency:
  - 총 샘플 수: 187000
  - 평균 (Mean): 109.13 ms
  - 중간값 (50%ile): 63.00 ms
  - 95%ile Tail: 376.00 ms
  - 99%ile Tail: 700.00 ms
==================================================
