2025-10-02 07:13:56,360 - INFO - ReqGen 시작: 서버=163.152.48.109:9000, 클라이언트=2, 시간=630초
2025-10-02 07:13:56,361 - INFO - Hugging Face에서 'kroshan/BioASQ' 데이터셋을 로드합니다...
2025-10-02 07:14:03,343 - INFO - 3266개의 질문을 로드했습니다.
2025-10-02 07:14:03,344 - INFO - 부하 테스트 시작, client 수 = 2
2025-10-02 07:14:03,344 - INFO - Zipf 값 1.2에서 상위 20%의 질문이 차지하는 비율: 91.82%
통계에 반영된 요청 인덱스 범위: 0 ~ 108 (총 108개 요청)
통계 반영된 요청 수: 108, 통계 반영된 시간: 635.35 초

==================================================
 실험 최종 결과 요약
==================================================
 설정 실험 시간: 630 초
 Clients 수: 2
 통계 반영 시간: 635.35 초
 총 시도된 요청: 108 개
 총 완료된 요청: 108 개
 총 실패한 요청: 0 개
 완료 요청 중 retrieval이 실패한 요청: 0 개
 요청 성공률: 100.00%
 전체 Requests Per Second (RPS): 0.17
--------------------------------------------------
 Time to First Token (TTFT) Latency:
  - 평균 (Mean): 0.3125 초
  - 중간값 (50%ile): 0.2146 초
  - 최소값 (Min): 0.0502 초
  - 최대값 (Max): 1.2795 초
  - 95%ile Tail: 0.7150 초
  - 99%ile Tail: 1.1669 초
--------------------------------------------------
 Time Per Output Token (TPOT):
  - 평균 (Mean): 16.74 ms/token
--------------------------------------------------
 Embedding Latency:
  - 총 샘플 수: 80
  - 평균 (Mean): 12.51 ms
  - 중간값 (50%ile): 11.00 ms
  - 95%ile Tail: 22.10 ms
  - 99%ile Tail: 24.21 ms
--------------------------------------------------
 VectorDB Search Latency:
  - 총 샘플 수: 80
  - 평균 (Mean): 242.12 ms
  - 중간값 (50%ile): 164.00 ms
  - 95%ile Tail: 728.30 ms
  - 99%ile Tail: 1064.69 ms
--------------------------------------------------
 Document Search Latency:
  - 총 샘플 수: 80
  - 평균 (Mean): 8.34 ms
  - 중간값 (50%ile): 8.00 ms
  - 95%ile Tail: 10.15 ms
  - 99%ile Tail: 15.84 ms
--------------------------------------------------
 Total Retrieval Latency:
  - 총 샘플 수: 108
  - 평균 (Mean): 234.50 ms
  - 중간값 (50%ile): 131.50 ms
  - 95%ile Tail: 619.05 ms
  - 99%ile Tail: 1044.95 ms
==================================================
