2025-12-05 04:13:06,109 - INFO - ReqGen 시작: 서버=163.152.48.109:9000, 클라이언트=1000, 시간=330초
2025-12-05 04:13:06,109 - INFO - Hugging Face에서 'kroshan/BioASQ' 데이터셋을 로드합니다...
2025-12-05 04:13:11,441 - INFO - 3266개의 질문을 로드했습니다.
2025-12-05 04:13:11,441 - INFO - 부하 테스트 시작, client 수 = 1000
2025-12-05 04:13:11,452 - INFO - 클라이언트 0 요청: 질문 인덱스 101
2025-12-05 04:13:11,467 - INFO - 클라이언트 1 요청: 질문 인덱스 43
2025-12-05 04:13:11,487 - INFO - 클라이언트 2 요청: 질문 인덱스 581
2025-12-05 04:13:11,508 - INFO - 클라이언트 3 요청: 질문 인덱스 734
2025-12-05 04:13:11,528 - INFO - 클라이언트 4 요청: 질문 인덱스 1715
2025-12-05 04:13:11,547 - INFO - 클라이언트 5 요청: 질문 인덱스 2697
2025-12-05 04:13:11,567 - INFO - 클라이언트 6 요청: 질문 인덱스 2369
2025-12-05 04:13:11,587 - INFO - 클라이언트 7 요청: 질문 인덱스 1317
2025-12-05 04:13:11,607 - INFO - 클라이언트 8 요청: 질문 인덱스 1276
2025-12-05 04:13:11,627 - INFO - 클라이언트 9 요청: 질문 인덱스 575
2025-12-05 04:13:11,647 - INFO - 클라이언트 10 요청: 질문 인덱스 927
2025-12-05 04:13:11,667 - INFO - 클라이언트 11 요청: 질문 인덱스 1028
2025-12-05 04:13:11,687 - INFO - 클라이언트 12 요청: 질문 인덱스 116
2025-12-05 04:13:11,708 - INFO - 클라이언트 13 요청: 질문 인덱스 2592
2025-12-05 04:13:11,728 - INFO - 클라이언트 14 요청: 질문 인덱스 1457
2025-12-05 04:13:11,747 - INFO - 클라이언트 15 요청: 질문 인덱스 714
2025-12-05 04:13:11,748 - INFO - 클라이언트 7 요청: 질문 인덱스 1328
2025-12-05 04:13:11,767 - INFO - 클라이언트 16 요청: 질문 인덱스 2190
2025-12-05 04:13:11,787 - INFO - 클라이언트 17 요청: 질문 인덱스 216
2025-12-05 04:13:11,807 - INFO - 클라이언트 18 요청: 질문 인덱스 1708
2025-12-05 04:13:11,827 - INFO - 클라이언트 19 요청: 질문 인덱스 2784
2025-12-05 04:13:11,847 - INFO - 클라이언트 20 요청: 질문 인덱스 156
2025-12-05 04:13:11,867 - INFO - 클라이언트 21 요청: 질문 인덱스 962
2025-12-05 04:13:11,887 - INFO - 클라이언트 22 요청: 질문 인덱스 1188
2025-12-05 04:13:11,907 - INFO - 클라이언트 23 요청: 질문 인덱스 2491
2025-12-05 04:13:11,913 - INFO - 클라이언트 6 요청: 질문 인덱스 914
2025-12-05 04:13:11,927 - INFO - 클라이언트 24 요청: 질문 인덱스 2758
2025-12-05 04:13:11,947 - INFO - 클라이언트 25 요청: 질문 인덱스 536
2025-12-05 04:13:11,967 - INFO - 클라이언트 26 요청: 질문 인덱스 1705
2025-12-05 04:13:11,987 - INFO - 클라이언트 27 요청: 질문 인덱스 776
2025-12-05 04:13:12,008 - INFO - 클라이언트 28 요청: 질문 인덱스 1601
2025-12-05 04:13:12,027 - INFO - 클라이언트 29 요청: 질문 인덱스 3206
2025-12-05 04:13:12,047 - INFO - 클라이언트 30 요청: 질문 인덱스 715
2025-12-05 04:13:12,067 - INFO - 클라이언트 31 요청: 질문 인덱스 1154
2025-12-05 04:13:12,087 - INFO - 클라이언트 32 요청: 질문 인덱스 1303
2025-12-05 04:13:12,107 - INFO - 클라이언트 33 요청: 질문 인덱스 3018
2025-12-05 04:13:12,127 - INFO - 클라이언트 34 요청: 질문 인덱스 2272
2025-12-05 04:13:12,147 - INFO - 클라이언트 35 요청: 질문 인덱스 2900
2025-12-05 04:13:12,167 - INFO - 클라이언트 36 요청: 질문 인덱스 1445
2025-12-05 04:13:12,187 - INFO - 클라이언트 37 요청: 질문 인덱스 1535
2025-12-05 04:13:12,207 - INFO - 클라이언트 38 요청: 질문 인덱스 1640
2025-12-05 04:13:12,227 - INFO - 클라이언트 39 요청: 질문 인덱스 2238
2025-12-05 04:13:12,248 - INFO - 클라이언트 40 요청: 질문 인덱스 793
2025-12-05 04:13:12,267 - INFO - 클라이언트 41 요청: 질문 인덱스 1102
2025-12-05 04:13:12,287 - INFO - 클라이언트 42 요청: 질문 인덱스 1363
2025-12-05 04:13:12,307 - INFO - 클라이언트 43 요청: 질문 인덱스 3257
2025-12-05 04:13:12,327 - INFO - 클라이언트 44 요청: 질문 인덱스 820
2025-12-05 04:13:12,347 - INFO - 클라이언트 45 요청: 질문 인덱스 1456
2025-12-05 04:13:12,368 - INFO - 클라이언트 46 요청: 질문 인덱스 459
2025-12-05 04:13:12,387 - INFO - 클라이언트 47 요청: 질문 인덱스 2399
2025-12-05 04:13:12,407 - INFO - 클라이언트 48 요청: 질문 인덱스 2914
2025-12-05 04:13:12,416 - INFO - 클라이언트 0 요청: 질문 인덱스 3198
2025-12-05 04:13:12,427 - INFO - 클라이언트 49 요청: 질문 인덱스 2204
2025-12-05 04:13:12,447 - INFO - 클라이언트 50 요청: 질문 인덱스 1315
2025-12-05 04:13:12,467 - INFO - 클라이언트 51 요청: 질문 인덱스 2233
2025-12-05 04:13:12,487 - INFO - 클라이언트 52 요청: 질문 인덱스 2778
2025-12-05 04:13:12,507 - INFO - 클라이언트 53 요청: 질문 인덱스 314
2025-12-05 04:13:12,527 - INFO - 클라이언트 54 요청: 질문 인덱스 2240
2025-12-05 04:13:12,547 - INFO - 클라이언트 55 요청: 질문 인덱스 1501
2025-12-05 04:13:12,567 - INFO - 클라이언트 56 요청: 질문 인덱스 2522
2025-12-05 04:13:12,588 - INFO - 클라이언트 57 요청: 질문 인덱스 734
2025-12-05 04:13:12,607 - INFO - 클라이언트 58 요청: 질문 인덱스 2631
2025-12-05 04:13:12,627 - INFO - 클라이언트 59 요청: 질문 인덱스 620
2025-12-05 04:13:12,648 - INFO - 클라이언트 60 요청: 질문 인덱스 2782
2025-12-05 04:13:12,650 - INFO - 클라이언트 32 요청: 질문 인덱스 2129
2025-12-05 04:13:12,668 - INFO - 클라이언트 61 요청: 질문 인덱스 267
2025-12-05 04:13:12,688 - INFO - 클라이언트 62 요청: 질문 인덱스 2111
2025-12-05 04:13:12,708 - INFO - 클라이언트 63 요청: 질문 인덱스 2985
2025-12-05 04:13:12,727 - INFO - 클라이언트 64 요청: 질문 인덱스 1646
2025-12-05 04:13:12,747 - INFO - 클라이언트 65 요청: 질문 인덱스 2981
2025-12-05 04:13:12,768 - INFO - 클라이언트 66 요청: 질문 인덱스 2499
2025-12-05 04:13:12,788 - INFO - 클라이언트 67 요청: 질문 인덱스 277
2025-12-05 04:13:12,807 - INFO - 클라이언트 68 요청: 질문 인덱스 835
2025-12-05 04:13:12,827 - INFO - 클라이언트 69 요청: 질문 인덱스 914
2025-12-05 04:13:12,848 - INFO - 클라이언트 70 요청: 질문 인덱스 659
2025-12-05 04:13:12,867 - INFO - 클라이언트 71 요청: 질문 인덱스 521
2025-12-05 04:13:12,887 - INFO - 클라이언트 72 요청: 질문 인덱스 2753
2025-12-05 04:13:12,908 - INFO - 클라이언트 73 요청: 질문 인덱스 2193
2025-12-05 04:13:12,927 - INFO - 클라이언트 74 요청: 질문 인덱스 1942
2025-12-05 04:13:12,947 - INFO - 클라이언트 75 요청: 질문 인덱스 341
2025-12-05 04:13:12,968 - INFO - 클라이언트 76 요청: 질문 인덱스 2691
2025-12-05 04:13:12,987 - INFO - 클라이언트 77 요청: 질문 인덱스 2472
2025-12-05 04:13:13,007 - INFO - 클라이언트 78 요청: 질문 인덱스 2198
2025-12-05 04:13:13,028 - INFO - 클라이언트 79 요청: 질문 인덱스 885
2025-12-05 04:13:13,047 - INFO - 클라이언트 80 요청: 질문 인덱스 1933
2025-12-05 04:13:13,060 - INFO - 클라이언트 45 요청: 질문 인덱스 481
2025-12-05 04:13:13,067 - INFO - 클라이언트 81 요청: 질문 인덱스 3146
2025-12-05 04:13:13,088 - INFO - 클라이언트 82 요청: 질문 인덱스 1262
2025-12-05 04:13:13,107 - INFO - 클라이언트 83 요청: 질문 인덱스 816
2025-12-05 04:13:13,129 - INFO - 클라이언트 84 요청: 질문 인덱스 2018
2025-12-05 04:13:13,147 - INFO - 클라이언트 85 요청: 질문 인덱스 899
2025-12-05 04:13:13,168 - INFO - 클라이언트 86 요청: 질문 인덱스 2872
2025-12-05 04:13:13,187 - INFO - 클라이언트 87 요청: 질문 인덱스 2899
2025-12-05 04:13:13,207 - INFO - 클라이언트 88 요청: 질문 인덱스 2758
2025-12-05 04:13:13,227 - INFO - 클라이언트 89 요청: 질문 인덱스 713
2025-12-05 04:13:13,242 - INFO - 클라이언트 74 요청: 질문 인덱스 1765
2025-12-05 04:13:13,248 - INFO - 클라이언트 90 요청: 질문 인덱스 113
2025-12-05 04:13:13,268 - INFO - 클라이언트 91 요청: 질문 인덱스 1504
2025-12-05 04:13:13,287 - INFO - 클라이언트 92 요청: 질문 인덱스 3136
2025-12-05 04:13:13,308 - INFO - 클라이언트 93 요청: 질문 인덱스 281
2025-12-05 04:13:13,328 - INFO - 클라이언트 94 요청: 질문 인덱스 60
2025-12-05 04:13:13,348 - INFO - 클라이언트 95 요청: 질문 인덱스 1147
2025-12-05 04:13:13,353 - INFO - 클라이언트 90 요청: 질문 인덱스 2893
2025-12-05 04:13:13,367 - INFO - 클라이언트 96 요청: 질문 인덱스 2341
2025-12-05 04:13:13,388 - INFO - 클라이언트 97 요청: 질문 인덱스 148
2025-12-05 04:13:13,408 - INFO - 클라이언트 98 요청: 질문 인덱스 238
2025-12-05 04:13:13,427 - INFO - 클라이언트 99 요청: 질문 인덱스 2263
2025-12-05 04:13:13,447 - INFO - 클라이언트 100 요청: 질문 인덱스 1137
2025-12-05 04:13:13,468 - INFO - 클라이언트 101 요청: 질문 인덱스 671
2025-12-05 04:13:13,487 - INFO - 클라이언트 102 요청: 질문 인덱스 3147
2025-12-05 04:13:13,507 - INFO - 클라이언트 103 요청: 질문 인덱스 172
2025-12-05 04:13:13,528 - INFO - 클라이언트 104 요청: 질문 인덱스 1985
2025-12-05 04:13:13,547 - INFO - 클라이언트 105 요청: 질문 인덱스 2885
2025-12-05 04:13:13,568 - INFO - 클라이언트 106 요청: 질문 인덱스 1501
2025-12-05 04:13:13,588 - INFO - 클라이언트 107 요청: 질문 인덱스 789
2025-12-05 04:13:13,607 - INFO - 클라이언트 108 요청: 질문 인덱스 865
2025-12-05 04:13:13,628 - INFO - 클라이언트 109 요청: 질문 인덱스 1862
2025-12-05 04:13:13,648 - INFO - 클라이언트 110 요청: 질문 인덱스 2978
2025-12-05 04:13:13,667 - INFO - 클라이언트 111 요청: 질문 인덱스 31
2025-12-05 04:13:13,687 - INFO - 클라이언트 112 요청: 질문 인덱스 1581
2025-12-05 04:13:13,708 - INFO - 클라이언트 113 요청: 질문 인덱스 2024
2025-12-05 04:13:13,727 - INFO - 클라이언트 114 요청: 질문 인덱스 415
2025-12-05 04:13:13,748 - INFO - 클라이언트 115 요청: 질문 인덱스 1198
2025-12-05 04:13:13,767 - INFO - 클라이언트 116 요청: 질문 인덱스 738
2025-12-05 04:13:13,787 - INFO - 클라이언트 117 요청: 질문 인덱스 1532
2025-12-05 04:13:13,808 - INFO - 클라이언트 118 요청: 질문 인덱스 281
2025-12-05 04:13:13,818 - INFO - 클라이언트 102 요청: 질문 인덱스 149
2025-12-05 04:13:13,821 - INFO - 클라이언트 114 요청: 질문 인덱스 307
2025-12-05 04:13:13,828 - INFO - 클라이언트 119 요청: 질문 인덱스 2838
2025-12-05 04:13:13,849 - INFO - 클라이언트 120 요청: 질문 인덱스 2529
2025-12-05 04:13:13,868 - INFO - 클라이언트 121 요청: 질문 인덱스 2990
2025-12-05 04:13:13,887 - INFO - 클라이언트 122 요청: 질문 인덱스 393
2025-12-05 04:13:13,907 - INFO - 클라이언트 123 요청: 질문 인덱스 3226
2025-12-05 04:13:13,928 - INFO - 클라이언트 124 요청: 질문 인덱스 1875
2025-12-05 04:13:13,948 - INFO - 클라이언트 125 요청: 질문 인덱스 1033
2025-12-05 04:13:13,968 - INFO - 클라이언트 126 요청: 질문 인덱스 2628
2025-12-05 04:13:13,988 - INFO - 클라이언트 127 요청: 질문 인덱스 861
2025-12-05 04:13:14,007 - INFO - 클라이언트 128 요청: 질문 인덱스 591
2025-12-05 04:13:14,028 - INFO - 클라이언트 129 요청: 질문 인덱스 3260
2025-12-05 04:13:14,048 - INFO - 클라이언트 130 요청: 질문 인덱스 214
2025-12-05 04:13:14,068 - INFO - 클라이언트 131 요청: 질문 인덱스 303
2025-12-05 04:13:14,088 - INFO - 클라이언트 132 요청: 질문 인덱스 1495
2025-12-05 04:13:14,109 - INFO - 클라이언트 133 요청: 질문 인덱스 2797
2025-12-05 04:13:14,128 - INFO - 클라이언트 134 요청: 질문 인덱스 2683
2025-12-05 04:13:14,147 - INFO - 클라이언트 135 요청: 질문 인덱스 1592
2025-12-05 04:13:14,168 - INFO - 클라이언트 136 요청: 질문 인덱스 2123
2025-12-05 04:13:14,187 - INFO - 클라이언트 137 요청: 질문 인덱스 146
2025-12-05 04:13:14,207 - INFO - 클라이언트 138 요청: 질문 인덱스 524
2025-12-05 04:13:14,228 - INFO - 클라이언트 139 요청: 질문 인덱스 250
2025-12-05 04:13:14,249 - INFO - 클라이언트 140 요청: 질문 인덱스 1729
2025-12-05 04:13:14,268 - INFO - 클라이언트 141 요청: 질문 인덱스 945
2025-12-05 04:13:14,288 - INFO - 클라이언트 142 요청: 질문 인덱스 2980
2025-12-05 04:13:14,301 - INFO - 클라이언트 28 요청: 질문 인덱스 1294
2025-12-05 04:13:14,308 - INFO - 클라이언트 143 요청: 질문 인덱스 3204
2025-12-05 04:13:14,310 - INFO - 클라이언트 19 요청: 질문 인덱스 1472
2025-12-05 04:13:14,328 - INFO - 클라이언트 144 요청: 질문 인덱스 1033
2025-12-05 04:13:14,348 - INFO - 클라이언트 145 요청: 질문 인덱스 2205
2025-12-05 04:13:14,360 - INFO - 클라이언트 110 요청: 질문 인덱스 534
2025-12-05 04:13:14,368 - INFO - 클라이언트 146 요청: 질문 인덱스 1900
2025-12-05 04:13:14,388 - INFO - 클라이언트 147 요청: 질문 인덱스 80
2025-12-05 04:13:14,409 - INFO - 클라이언트 148 요청: 질문 인덱스 1778
2025-12-05 04:13:14,427 - INFO - 클라이언트 149 요청: 질문 인덱스 1107
2025-12-05 04:13:14,447 - INFO - 클라이언트 150 요청: 질문 인덱스 2931
2025-12-05 04:13:14,468 - INFO - 클라이언트 151 요청: 질문 인덱스 687
2025-12-05 04:13:14,488 - INFO - 클라이언트 152 요청: 질문 인덱스 2529
2025-12-05 04:13:14,507 - INFO - 클라이언트 153 요청: 질문 인덱스 174
2025-12-05 04:13:14,529 - INFO - 클라이언트 154 요청: 질문 인덱스 316
2025-12-05 04:13:14,548 - INFO - 클라이언트 155 요청: 질문 인덱스 1635
2025-12-05 04:13:14,568 - INFO - 클라이언트 156 요청: 질문 인덱스 1909
2025-12-05 04:13:14,588 - INFO - 클라이언트 157 요청: 질문 인덱스 2586
2025-12-05 04:13:14,607 - INFO - 클라이언트 158 요청: 질문 인덱스 2027
2025-12-05 04:13:14,627 - INFO - 클라이언트 159 요청: 질문 인덱스 154
2025-12-05 04:13:14,648 - INFO - 클라이언트 160 요청: 질문 인덱스 1035
2025-12-05 04:13:14,668 - INFO - 클라이언트 161 요청: 질문 인덱스 587
2025-12-05 04:13:14,687 - INFO - 클라이언트 162 요청: 질문 인덱스 2713
2025-12-05 04:13:14,709 - INFO - 클라이언트 163 요청: 질문 인덱스 2414
2025-12-05 04:13:14,728 - INFO - 클라이언트 164 요청: 질문 인덱스 3205
2025-12-05 04:13:14,749 - INFO - 클라이언트 165 요청: 질문 인덱스 899
2025-12-05 04:13:14,768 - INFO - 클라이언트 166 요청: 질문 인덱스 1581
2025-12-05 04:13:14,788 - INFO - 클라이언트 167 요청: 질문 인덱스 2754
2025-12-05 04:13:14,807 - INFO - 클라이언트 168 요청: 질문 인덱스 3227
2025-12-05 04:13:14,827 - INFO - 클라이언트 169 요청: 질문 인덱스 181
2025-12-05 04:13:14,848 - INFO - 클라이언트 170 요청: 질문 인덱스 2868
2025-12-05 04:13:14,852 - INFO - 클라이언트 27 요청: 질문 인덱스 2769
2025-12-05 04:13:14,868 - INFO - 클라이언트 171 요청: 질문 인덱스 1679
2025-12-05 04:13:14,888 - INFO - 클라이언트 172 요청: 질문 인덱스 2795
2025-12-05 04:13:14,907 - INFO - 클라이언트 173 요청: 질문 인덱스 1948
2025-12-05 04:13:14,928 - INFO - 클라이언트 174 요청: 질문 인덱스 1018
2025-12-05 04:13:14,930 - INFO - 클라이언트 90 요청: 질문 인덱스 2803
2025-12-05 04:13:14,947 - INFO - 클라이언트 175 요청: 질문 인덱스 1263
2025-12-05 04:13:14,967 - INFO - 클라이언트 176 요청: 질문 인덱스 2842
2025-12-05 04:13:14,988 - INFO - 클라이언트 177 요청: 질문 인덱스 122
2025-12-05 04:13:15,008 - INFO - 클라이언트 178 요청: 질문 인덱스 287
2025-12-05 04:13:15,028 - INFO - 클라이언트 179 요청: 질문 인덱스 2769
2025-12-05 04:13:15,048 - INFO - 클라이언트 180 요청: 질문 인덱스 337
2025-12-05 04:13:15,068 - INFO - 클라이언트 181 요청: 질문 인덱스 576
2025-12-05 04:13:15,089 - INFO - 클라이언트 182 요청: 질문 인덱스 3029
2025-12-05 04:13:15,108 - INFO - 클라이언트 183 요청: 질문 인덱스 1169
2025-12-05 04:13:15,113 - INFO - 클라이언트 81 요청: 질문 인덱스 2652
2025-12-05 04:13:15,129 - INFO - 클라이언트 184 요청: 질문 인덱스 1147
2025-12-05 04:13:15,148 - INFO - 클라이언트 185 요청: 질문 인덱스 1300
2025-12-05 04:13:15,168 - INFO - 클라이언트 186 요청: 질문 인덱스 1521
2025-12-05 04:13:15,175 - INFO - 클라이언트 76 요청: 질문 인덱스 3009
2025-12-05 04:13:15,184 - INFO - 클라이언트 118 요청: 질문 인덱스 1360
2025-12-05 04:13:15,188 - INFO - 클라이언트 187 요청: 질문 인덱스 3167
2025-12-05 04:13:15,208 - INFO - 클라이언트 188 요청: 질문 인덱스 3089
2025-12-05 04:13:15,213 - INFO - 클라이언트 172 요청: 질문 인덱스 1764
2025-12-05 04:13:15,228 - INFO - 클라이언트 189 요청: 질문 인덱스 760
2025-12-05 04:13:15,248 - INFO - 클라이언트 190 요청: 질문 인덱스 3202
2025-12-05 04:13:15,268 - INFO - 클라이언트 191 요청: 질문 인덱스 221
2025-12-05 04:13:15,288 - INFO - 클라이언트 192 요청: 질문 인덱스 3239
2025-12-05 04:13:15,308 - INFO - 클라이언트 193 요청: 질문 인덱스 503
2025-12-05 04:13:15,328 - INFO - 클라이언트 194 요청: 질문 인덱스 1222
2025-12-05 04:13:15,348 - INFO - 클라이언트 195 요청: 질문 인덱스 2464
2025-12-05 04:13:15,349 - INFO - 클라이언트 27 요청: 질문 인덱스 2706
2025-12-05 04:13:15,357 - INFO - 클라이언트 148 요청: 질문 인덱스 1700
2025-12-05 04:13:15,368 - INFO - 클라이언트 196 요청: 질문 인덱스 2902
2025-12-05 04:13:15,389 - INFO - 클라이언트 197 요청: 질문 인덱스 1291
2025-12-05 04:13:15,408 - INFO - 클라이언트 198 요청: 질문 인덱스 1969
2025-12-05 04:13:15,428 - INFO - 클라이언트 199 요청: 질문 인덱스 2420
2025-12-05 04:13:15,448 - INFO - 클라이언트 200 요청: 질문 인덱스 2236
2025-12-05 04:13:15,468 - INFO - 클라이언트 201 요청: 질문 인덱스 918
2025-12-05 04:13:15,488 - INFO - 클라이언트 202 요청: 질문 인덱스 2883
2025-12-05 04:13:15,508 - INFO - 클라이언트 203 요청: 질문 인덱스 1163
2025-12-05 04:13:15,528 - INFO - 클라이언트 204 요청: 질문 인덱스 1999
2025-12-05 04:13:15,548 - INFO - 클라이언트 205 요청: 질문 인덱스 1213
2025-12-05 04:13:15,568 - INFO - 클라이언트 206 요청: 질문 인덱스 879
2025-12-05 04:13:15,588 - INFO - 클라이언트 207 요청: 질문 인덱스 2670
2025-12-05 04:13:15,608 - INFO - 클라이언트 208 요청: 질문 인덱스 1209
2025-12-05 04:13:15,623 - INFO - 클라이언트 9 요청: 질문 인덱스 1942
2025-12-05 04:13:15,628 - INFO - 클라이언트 209 요청: 질문 인덱스 1365
2025-12-05 04:13:15,648 - INFO - 클라이언트 210 요청: 질문 인덱스 2218
2025-12-05 04:13:15,668 - INFO - 클라이언트 211 요청: 질문 인덱스 44
2025-12-05 04:13:15,669 - INFO - 클라이언트 114 요청: 질문 인덱스 2538
2025-12-05 04:13:15,688 - INFO - 클라이언트 212 요청: 질문 인덱스 3027
2025-12-05 04:13:15,708 - INFO - 클라이언트 213 요청: 질문 인덱스 1941
2025-12-05 04:13:15,728 - INFO - 클라이언트 214 요청: 질문 인덱스 3198
2025-12-05 04:13:15,748 - INFO - 클라이언트 215 요청: 질문 인덱스 138
2025-12-05 04:13:15,768 - INFO - 클라이언트 216 요청: 질문 인덱스 3154
2025-12-05 04:13:15,788 - INFO - 클라이언트 217 요청: 질문 인덱스 1076
2025-12-05 04:13:15,790 - INFO - 클라이언트 73 요청: 질문 인덱스 2930
2025-12-05 04:13:15,808 - INFO - 클라이언트 218 요청: 질문 인덱스 394
2025-12-05 04:13:15,828 - INFO - 클라이언트 219 요청: 질문 인덱스 2766
2025-12-05 04:13:15,846 - INFO - 클라이언트 27 요청: 질문 인덱스 1223
2025-12-05 04:13:15,848 - INFO - 클라이언트 220 요청: 질문 인덱스 577
2025-12-05 04:13:15,868 - INFO - 클라이언트 221 요청: 질문 인덱스 3005
2025-12-05 04:13:15,889 - INFO - 클라이언트 222 요청: 질문 인덱스 3133
2025-12-05 04:13:15,909 - INFO - 클라이언트 223 요청: 질문 인덱스 2218
2025-12-05 04:13:15,928 - INFO - 클라이언트 224 요청: 질문 인덱스 1606
2025-12-05 04:13:15,933 - INFO - 클라이언트 184 요청: 질문 인덱스 567
2025-12-05 04:13:15,935 - INFO - 클라이언트 16 요청: 질문 인덱스 1096
2025-12-05 04:13:15,941 - INFO - 클라이언트 46 요청: 질문 인덱스 2858
2025-12-05 04:13:15,949 - INFO - 클라이언트 225 요청: 질문 인덱스 2104
2025-12-05 04:13:15,968 - INFO - 클라이언트 226 요청: 질문 인덱스 853
2025-12-05 04:13:15,988 - INFO - 클라이언트 227 요청: 질문 인덱스 1470
2025-12-05 04:13:16,008 - INFO - 클라이언트 228 요청: 질문 인덱스 3252
2025-12-05 04:13:16,028 - INFO - 클라이언트 229 요청: 질문 인덱스 2793
2025-12-05 04:13:16,048 - INFO - 클라이언트 230 요청: 질문 인덱스 1381
2025-12-05 04:13:16,068 - INFO - 클라이언트 231 요청: 질문 인덱스 2228
2025-12-05 04:13:16,088 - INFO - 클라이언트 232 요청: 질문 인덱스 1133
2025-12-05 04:13:16,108 - INFO - 클라이언트 233 요청: 질문 인덱스 2176
2025-12-05 04:13:16,129 - INFO - 클라이언트 234 요청: 질문 인덱스 1961
2025-12-05 04:13:16,148 - INFO - 클라이언트 235 요청: 질문 인덱스 1444
2025-12-05 04:13:16,169 - INFO - 클라이언트 236 요청: 질문 인덱스 2805
2025-12-05 04:13:16,181 - INFO - 클라이언트 13 요청: 질문 인덱스 1446
2025-12-05 04:13:16,188 - INFO - 클라이언트 237 요청: 질문 인덱스 65
2025-12-05 04:13:16,204 - INFO - 클라이언트 79 요청: 질문 인덱스 800
2025-12-05 04:13:16,209 - INFO - 클라이언트 238 요청: 질문 인덱스 341
2025-12-05 04:13:16,228 - INFO - 클라이언트 239 요청: 질문 인덱스 2909
2025-12-05 04:13:16,248 - INFO - 클라이언트 240 요청: 질문 인덱스 2182
2025-12-05 04:13:16,269 - INFO - 클라이언트 241 요청: 질문 인덱스 3070
2025-12-05 04:13:16,274 - INFO - 클라이언트 54 요청: 질문 인덱스 126
2025-12-05 04:13:16,289 - INFO - 클라이언트 242 요청: 질문 인덱스 2900
2025-12-05 04:13:16,308 - INFO - 클라이언트 243 요청: 질문 인덱스 1130
2025-12-05 04:13:16,329 - INFO - 클라이언트 244 요청: 질문 인덱스 182
2025-12-05 04:13:16,348 - INFO - 클라이언트 245 요청: 질문 인덱스 2824
2025-12-05 04:13:16,368 - INFO - 클라이언트 246 요청: 질문 인덱스 2089
2025-12-05 04:13:16,388 - INFO - 클라이언트 247 요청: 질문 인덱스 2861
2025-12-05 04:13:16,407 - INFO - 클라이언트 120 요청: 질문 인덱스 2218
2025-12-05 04:13:16,409 - INFO - 클라이언트 248 요청: 질문 인덱스 2963
2025-12-05 04:13:16,428 - INFO - 클라이언트 249 요청: 질문 인덱스 2245
2025-12-05 04:13:16,449 - INFO - 클라이언트 250 요청: 질문 인덱스 1901
2025-12-05 04:13:16,464 - INFO - 클라이언트 11 요청: 질문 인덱스 1511
2025-12-05 04:13:16,468 - INFO - 클라이언트 251 요청: 질문 인덱스 1561
2025-12-05 04:13:16,488 - INFO - 클라이언트 252 요청: 질문 인덱스 217
2025-12-05 04:13:16,509 - INFO - 클라이언트 253 요청: 질문 인덱스 2488
2025-12-05 04:13:16,514 - INFO - 클라이언트 207 요청: 질문 인덱스 1898
2025-12-05 04:13:16,529 - INFO - 클라이언트 254 요청: 질문 인덱스 1906
2025-12-05 04:13:16,548 - INFO - 클라이언트 86 요청: 질문 인덱스 2663
2025-12-05 04:13:16,549 - INFO - 클라이언트 255 요청: 질문 인덱스 2679
2025-12-05 04:13:16,568 - INFO - 클라이언트 256 요청: 질문 인덱스 1241
2025-12-05 04:13:16,589 - INFO - 클라이언트 257 요청: 질문 인덱스 1317
2025-12-05 04:13:16,608 - INFO - 클라이언트 258 요청: 질문 인덱스 3033
2025-12-05 04:13:16,628 - INFO - 클라이언트 213 요청: 질문 인덱스 1270
2025-12-05 04:13:16,628 - INFO - 클라이언트 259 요청: 질문 인덱스 947
2025-12-05 04:13:16,649 - INFO - 클라이언트 260 요청: 질문 인덱스 2014
2025-12-05 04:13:16,668 - INFO - 클라이언트 261 요청: 질문 인덱스 2065
2025-12-05 04:13:16,688 - INFO - 클라이언트 262 요청: 질문 인덱스 1884
2025-12-05 04:13:16,708 - INFO - 클라이언트 263 요청: 질문 인덱스 2312
2025-12-05 04:13:16,728 - INFO - 클라이언트 264 요청: 질문 인덱스 2380
2025-12-05 04:13:16,749 - INFO - 클라이언트 265 요청: 질문 인덱스 143
2025-12-05 04:13:16,768 - INFO - 클라이언트 208 요청: 질문 인덱스 3128
2025-12-05 04:13:16,769 - INFO - 클라이언트 266 요청: 질문 인덱스 3157
2025-12-05 04:13:16,789 - INFO - 클라이언트 267 요청: 질문 인덱스 256
2025-12-05 04:13:16,808 - INFO - 클라이언트 268 요청: 질문 인덱스 3079
2025-12-05 04:13:16,825 - INFO - 클라이언트 74 요청: 질문 인덱스 793
2025-12-05 04:13:16,828 - INFO - 클라이언트 269 요청: 질문 인덱스 1328
2025-12-05 04:13:16,848 - INFO - 클라이언트 270 요청: 질문 인덱스 1081
2025-12-05 04:13:16,855 - INFO - 클라이언트 158 요청: 질문 인덱스 2211
2025-12-05 04:13:16,869 - INFO - 클라이언트 271 요청: 질문 인덱스 517
2025-12-05 04:13:16,889 - INFO - 클라이언트 272 요청: 질문 인덱스 2562
2025-12-05 04:13:16,902 - INFO - 클라이언트 46 요청: 질문 인덱스 1476
2025-12-05 04:13:16,908 - INFO - 클라이언트 273 요청: 질문 인덱스 2385
2025-12-05 04:13:16,929 - INFO - 클라이언트 274 요청: 질문 인덱스 1904
2025-12-05 04:13:16,948 - INFO - 클라이언트 275 요청: 질문 인덱스 1120
2025-12-05 04:13:16,968 - INFO - 클라이언트 276 요청: 질문 인덱스 1758
2025-12-05 04:13:16,974 - INFO - 클라이언트 55 요청: 질문 인덱스 2529
2025-12-05 04:13:16,988 - INFO - 클라이언트 277 요청: 질문 인덱스 2795
2025-12-05 04:13:17,008 - INFO - 클라이언트 278 요청: 질문 인덱스 2319
2025-12-05 04:13:17,028 - INFO - 클라이언트 279 요청: 질문 인덱스 2252
2025-12-05 04:13:17,050 - INFO - 클라이언트 280 요청: 질문 인덱스 2975
2025-12-05 04:13:17,058 - INFO - 클라이언트 83 요청: 질문 인덱스 496
2025-12-05 04:13:17,068 - INFO - 클라이언트 281 요청: 질문 인덱스 235
2025-12-05 04:13:17,074 - INFO - 클라이언트 54 요청: 질문 인덱스 416
2025-12-05 04:13:17,089 - INFO - 클라이언트 282 요청: 질문 인덱스 2445
2025-12-05 04:13:17,094 - INFO - 클라이언트 122 요청: 질문 인덱스 2160
2025-12-05 04:13:17,108 - INFO - 클라이언트 283 요청: 질문 인덱스 1702
2025-12-05 04:13:17,126 - INFO - 클라이언트 248 요청: 질문 인덱스 1881
2025-12-05 04:13:17,128 - INFO - 클라이언트 284 요청: 질문 인덱스 1804
2025-12-05 04:13:17,148 - INFO - 클라이언트 285 요청: 질문 인덱스 211
2025-12-05 04:13:17,169 - INFO - 클라이언트 286 요청: 질문 인덱스 2687
2025-12-05 04:13:17,188 - INFO - 클라이언트 287 요청: 질문 인덱스 75
2025-12-05 04:13:17,191 - INFO - 클라이언트 209 요청: 질문 인덱스 236
2025-12-05 04:13:17,208 - INFO - 클라이언트 288 요청: 질문 인덱스 2119
2025-12-05 04:13:17,229 - INFO - 클라이언트 289 요청: 질문 인덱스 338
2025-12-05 04:13:17,240 - INFO - 클라이언트 157 요청: 질문 인덱스 1950
2025-12-05 04:13:17,248 - INFO - 클라이언트 290 요청: 질문 인덱스 3030
2025-12-05 04:13:17,250 - INFO - 클라이언트 58 요청: 질문 인덱스 1306
2025-12-05 04:13:17,267 - INFO - 클라이언트 187 요청: 질문 인덱스 3253
2025-12-05 04:13:17,268 - INFO - 클라이언트 291 요청: 질문 인덱스 2071
2025-12-05 04:13:17,288 - INFO - 클라이언트 292 요청: 질문 인덱스 1569
2025-12-05 04:13:17,308 - INFO - 클라이언트 293 요청: 질문 인덱스 271
2025-12-05 04:13:17,329 - INFO - 클라이언트 294 요청: 질문 인덱스 853
2025-12-05 04:13:17,334 - INFO - 클라이언트 235 요청: 질문 인덱스 233
2025-12-05 04:13:17,336 - INFO - 클라이언트 87 요청: 질문 인덱스 2244
2025-12-05 04:13:17,349 - INFO - 클라이언트 295 요청: 질문 인덱스 1863
2025-12-05 04:13:17,368 - INFO - 클라이언트 283 요청: 질문 인덱스 183
2025-12-05 04:13:17,369 - INFO - 클라이언트 296 요청: 질문 인덱스 2274
2025-12-05 04:13:17,388 - INFO - 클라이언트 297 요청: 질문 인덱스 2720
2025-12-05 04:13:17,394 - INFO - 클라이언트 257 요청: 질문 인덱스 542
2025-12-05 04:13:17,408 - INFO - 클라이언트 298 요청: 질문 인덱스 1521
2025-12-05 04:13:17,429 - INFO - 클라이언트 299 요청: 질문 인덱스 3252
2025-12-05 04:13:17,435 - INFO - 클라이언트 119 요청: 질문 인덱스 3081
2025-12-05 04:13:17,444 - INFO - 클라이언트 222 요청: 질문 인덱스 1298
2025-12-05 04:13:17,449 - INFO - 클라이언트 300 요청: 질문 인덱스 3149
2025-12-05 04:13:17,468 - INFO - 클라이언트 301 요청: 질문 인덱스 2831
2025-12-05 04:13:17,488 - INFO - 클라이언트 302 요청: 질문 인덱스 201
2025-12-05 04:13:17,509 - INFO - 클라이언트 303 요청: 질문 인덱스 358
2025-12-05 04:13:17,530 - INFO - 클라이언트 304 요청: 질문 인덱스 2483
2025-12-05 04:13:17,548 - INFO - 클라이언트 305 요청: 질문 인덱스 904
2025-12-05 04:13:17,564 - INFO - 클라이언트 21 요청: 질문 인덱스 1269
2025-12-05 04:13:17,568 - INFO - 클라이언트 306 요청: 질문 인덱스 1584
2025-12-05 04:13:17,589 - INFO - 클라이언트 307 요청: 질문 인덱스 2132
2025-12-05 04:13:17,609 - INFO - 클라이언트 308 요청: 질문 인덱스 2221
2025-12-05 04:13:17,629 - INFO - 클라이언트 309 요청: 질문 인덱스 111
2025-12-05 04:13:17,641 - INFO - 클라이언트 251 요청: 질문 인덱스 2890
2025-12-05 04:13:17,649 - INFO - 클라이언트 310 요청: 질문 인덱스 146
2025-12-05 04:13:17,649 - INFO - 클라이언트 185 요청: 질문 인덱스 1532
2025-12-05 04:13:17,669 - INFO - 클라이언트 311 요청: 질문 인덱스 150
2025-12-05 04:13:17,689 - INFO - 클라이언트 312 요청: 질문 인덱스 2
2025-12-05 04:13:17,703 - INFO - 클라이언트 252 요청: 질문 인덱스 769
2025-12-05 04:13:17,709 - INFO - 클라이언트 313 요청: 질문 인덱스 1104
2025-12-05 04:13:17,729 - INFO - 클라이언트 314 요청: 질문 인덱스 1615
2025-12-05 04:13:17,749 - INFO - 클라이언트 315 요청: 질문 인덱스 567
2025-12-05 04:13:17,766 - INFO - 클라이언트 234 요청: 질문 인덱스 3036
2025-12-05 04:13:17,769 - INFO - 클라이언트 316 요청: 질문 인덱스 3226
2025-12-05 04:13:17,789 - INFO - 클라이언트 317 요청: 질문 인덱스 2940
2025-12-05 04:13:17,808 - INFO - 클라이언트 318 요청: 질문 인덱스 2243
2025-12-05 04:13:17,828 - INFO - 클라이언트 319 요청: 질문 인덱스 1450
2025-12-05 04:13:17,848 - INFO - 클라이언트 312 요청: 질문 인덱스 1633
2025-12-05 04:13:17,848 - INFO - 클라이언트 320 요청: 질문 인덱스 2543
2025-12-05 04:13:17,868 - INFO - 클라이언트 321 요청: 질문 인덱스 3027
2025-12-05 04:13:17,876 - INFO - 클라이언트 135 요청: 질문 인덱스 196
2025-12-05 04:13:17,888 - INFO - 클라이언트 322 요청: 질문 인덱스 2182
2025-12-05 04:13:17,909 - INFO - 클라이언트 323 요청: 질문 인덱스 1452
2025-12-05 04:13:17,925 - INFO - 클라이언트 45 요청: 질문 인덱스 595
2025-12-05 04:13:17,929 - INFO - 클라이언트 324 요청: 질문 인덱스 2676
2025-12-05 04:13:17,948 - INFO - 클라이언트 325 요청: 질문 인덱스 1010
2025-12-05 04:13:17,952 - INFO - 클라이언트 234 요청: 질문 인덱스 1463
2025-12-05 04:13:17,969 - INFO - 클라이언트 326 요청: 질문 인덱스 873
2025-12-05 04:13:17,985 - INFO - 클라이언트 221 요청: 질문 인덱스 3256
2025-12-05 04:13:17,988 - INFO - 클라이언트 327 요청: 질문 인덱스 1229
2025-12-05 04:13:18,009 - INFO - 클라이언트 328 요청: 질문 인덱스 1316
2025-12-05 04:13:18,030 - INFO - 클라이언트 329 요청: 질문 인덱스 2457
2025-12-05 04:13:18,034 - INFO - 클라이언트 150 요청: 질문 인덱스 1583
2025-12-05 04:13:18,048 - INFO - 클라이언트 330 요청: 질문 인덱스 445
2025-12-05 04:13:18,068 - INFO - 클라이언트 331 요청: 질문 인덱스 1928
2025-12-05 04:13:18,088 - INFO - 클라이언트 332 요청: 질문 인덱스 346
2025-12-05 04:13:18,108 - INFO - 클라이언트 333 요청: 질문 인덱스 1468
2025-12-05 04:13:18,118 - INFO - 클라이언트 303 요청: 질문 인덱스 2844
2025-12-05 04:13:18,129 - INFO - 클라이언트 334 요청: 질문 인덱스 158
2025-12-05 04:13:18,149 - INFO - 클라이언트 335 요청: 질문 인덱스 1305
2025-12-05 04:13:18,154 - INFO - 클라이언트 243 요청: 질문 인덱스 1016
2025-12-05 04:13:18,154 - INFO - 클라이언트 275 요청: 질문 인덱스 1519
2025-12-05 04:13:18,158 - INFO - 클라이언트 38 요청: 질문 인덱스 3110
2025-12-05 04:13:18,169 - INFO - 클라이언트 336 요청: 질문 인덱스 885
2025-12-05 04:13:18,189 - INFO - 클라이언트 337 요청: 질문 인덱스 519
2025-12-05 04:13:18,208 - INFO - 클라이언트 338 요청: 질문 인덱스 1833
2025-12-05 04:13:18,229 - INFO - 클라이언트 339 요청: 질문 인덱스 1248
2025-12-05 04:13:18,246 - INFO - 클라이언트 324 요청: 질문 인덱스 2329
2025-12-05 04:13:18,248 - INFO - 클라이언트 340 요청: 질문 인덱스 161
2025-12-05 04:13:18,262 - INFO - 클라이언트 12 요청: 질문 인덱스 1723
2025-12-05 04:13:18,269 - INFO - 클라이언트 341 요청: 질문 인덱스 2931
2025-12-05 04:13:18,289 - INFO - 클라이언트 342 요청: 질문 인덱스 125
2025-12-05 04:13:18,308 - INFO - 클라이언트 343 요청: 질문 인덱스 2621
2025-12-05 04:13:18,322 - INFO - 클라이언트 238 요청: 질문 인덱스 125
2025-12-05 04:13:18,329 - INFO - 클라이언트 344 요청: 질문 인덱스 1776
2025-12-05 04:13:18,345 - INFO - 클라이언트 34 요청: 질문 인덱스 1509
2025-12-05 04:13:18,348 - INFO - 클라이언트 345 요청: 질문 인덱스 899
2025-12-05 04:13:18,368 - INFO - 클라이언트 346 요청: 질문 인덱스 3172
2025-12-05 04:13:18,389 - INFO - 클라이언트 347 요청: 질문 인덱스 1298
2025-12-05 04:13:18,408 - INFO - 클라이언트 348 요청: 질문 인덱스 954
2025-12-05 04:13:18,429 - INFO - 클라이언트 349 요청: 질문 인덱스 2682
2025-12-05 04:13:18,448 - INFO - 클라이언트 350 요청: 질문 인덱스 272
2025-12-05 04:13:18,468 - INFO - 클라이언트 351 요청: 질문 인덱스 771
2025-12-05 04:13:18,488 - INFO - 클라이언트 352 요청: 질문 인덱스 491
2025-12-05 04:13:18,502 - INFO - 클라이언트 27 요청: 질문 인덱스 2286
2025-12-05 04:13:18,509 - INFO - 클라이언트 353 요청: 질문 인덱스 1945
2025-12-05 04:13:18,529 - INFO - 클라이언트 354 요청: 질문 인덱스 775
2025-12-05 04:13:18,538 - INFO - 클라이언트 57 요청: 질문 인덱스 2713
2025-12-05 04:13:18,550 - INFO - 클라이언트 355 요청: 질문 인덱스 1586
2025-12-05 04:13:18,569 - INFO - 클라이언트 356 요청: 질문 인덱스 2513
2025-12-05 04:13:18,588 - INFO - 클라이언트 357 요청: 질문 인덱스 2629
2025-12-05 04:13:18,609 - INFO - 클라이언트 358 요청: 질문 인덱스 18
2025-12-05 04:13:18,629 - INFO - 클라이언트 359 요청: 질문 인덱스 2847
2025-12-05 04:13:18,649 - INFO - 클라이언트 360 요청: 질문 인덱스 921
2025-12-05 04:13:18,667 - INFO - 클라이언트 81 요청: 질문 인덱스 1833
2025-12-05 04:13:18,669 - INFO - 클라이언트 361 요청: 질문 인덱스 2744
2025-12-05 04:13:18,685 - INFO - 클라이언트 25 요청: 질문 인덱스 2579
2025-12-05 04:13:18,688 - INFO - 클라이언트 362 요청: 질문 인덱스 2913
2025-12-05 04:13:18,709 - INFO - 클라이언트 363 요청: 질문 인덱스 3053
2025-12-05 04:13:18,717 - INFO - 클라이언트 5 요청: 질문 인덱스 1073
2025-12-05 04:13:18,730 - INFO - 클라이언트 364 요청: 질문 인덱스 2930
2025-12-05 04:13:18,749 - INFO - 클라이언트 365 요청: 질문 인덱스 2255
2025-12-05 04:13:18,769 - INFO - 클라이언트 366 요청: 질문 인덱스 8
2025-12-05 04:13:18,789 - INFO - 클라이언트 367 요청: 질문 인덱스 787
2025-12-05 04:13:18,809 - INFO - 클라이언트 368 요청: 질문 인덱스 2223
2025-12-05 04:13:18,829 - INFO - 클라이언트 369 요청: 질문 인덱스 2543
2025-12-05 04:13:18,848 - INFO - 클라이언트 370 요청: 질문 인덱스 2153
2025-12-05 04:13:18,869 - INFO - 클라이언트 371 요청: 질문 인덱스 2294
2025-12-05 04:13:18,890 - INFO - 클라이언트 372 요청: 질문 인덱스 1421
2025-12-05 04:13:18,909 - INFO - 클라이언트 373 요청: 질문 인덱스 1825
2025-12-05 04:13:18,910 - INFO - 클라이언트 219 요청: 질문 인덱스 1188
2025-12-05 04:13:18,929 - INFO - 클라이언트 374 요청: 질문 인덱스 71
2025-12-05 04:13:18,942 - INFO - 클라이언트 38 요청: 질문 인덱스 1270
2025-12-05 04:13:18,949 - INFO - 클라이언트 375 요청: 질문 인덱스 1691
2025-12-05 04:13:18,968 - INFO - 클라이언트 376 요청: 질문 인덱스 282
2025-12-05 04:13:18,989 - INFO - 클라이언트 377 요청: 질문 인덱스 2282
2025-12-05 04:13:19,009 - INFO - 클라이언트 378 요청: 질문 인덱스 591
2025-12-05 04:13:19,024 - INFO - 클라이언트 332 요청: 질문 인덱스 2501
2025-12-05 04:13:19,029 - INFO - 클라이언트 379 요청: 질문 인덱스 2832
2025-12-05 04:13:19,049 - INFO - 클라이언트 380 요청: 질문 인덱스 3145
2025-12-05 04:13:19,056 - INFO - 클라이언트 183 요청: 질문 인덱스 1583
2025-12-05 04:13:19,065 - INFO - 클라이언트 45 요청: 질문 인덱스 3261
2025-12-05 04:13:19,069 - INFO - 클라이언트 381 요청: 질문 인덱스 301
2025-12-05 04:13:19,089 - INFO - 클라이언트 382 요청: 질문 인덱스 1958
2025-12-05 04:13:19,107 - INFO - 클라이언트 44 요청: 질문 인덱스 2245
2025-12-05 04:13:19,109 - INFO - 클라이언트 383 요청: 질문 인덱스 51
2025-12-05 04:13:19,129 - INFO - 클라이언트 384 요청: 질문 인덱스 2040
2025-12-05 04:13:19,149 - INFO - 클라이언트 385 요청: 질문 인덱스 2570
2025-12-05 04:13:19,170 - INFO - 클라이언트 386 요청: 질문 인덱스 945
2025-12-05 04:13:19,187 - INFO - 클라이언트 12 요청: 질문 인덱스 1820
2025-12-05 04:13:19,188 - INFO - 클라이언트 387 요청: 질문 인덱스 2956
2025-12-05 04:13:19,192 - INFO - 클라이언트 248 요청: 질문 인덱스 2416
2025-12-05 04:13:19,209 - INFO - 클라이언트 388 요청: 질문 인덱스 170
2025-12-05 04:13:19,229 - INFO - 클라이언트 389 요청: 질문 인덱스 398
2025-12-05 04:13:19,249 - INFO - 클라이언트 390 요청: 질문 인덱스 2125
2025-12-05 04:13:19,250 - INFO - 클라이언트 317 요청: 질문 인덱스 1490
2025-12-05 04:13:19,266 - INFO - 클라이언트 244 요청: 질문 인덱스 1308
2025-12-05 04:13:19,269 - INFO - 클라이언트 391 요청: 질문 인덱스 2772
2025-12-05 04:13:19,289 - INFO - 클라이언트 392 요청: 질문 인덱스 1171
2025-12-05 04:13:19,309 - INFO - 클라이언트 393 요청: 질문 인덱스 1752
2025-12-05 04:13:19,329 - INFO - 클라이언트 394 요청: 질문 인덱스 439
2025-12-05 04:13:19,349 - INFO - 클라이언트 395 요청: 질문 인덱스 1806
2025-12-05 04:13:19,355 - INFO - 클라이언트 142 요청: 질문 인덱스 1488
2025-12-05 04:13:19,369 - INFO - 클라이언트 396 요청: 질문 인덱스 2338
2025-12-05 04:13:19,389 - INFO - 클라이언트 397 요청: 질문 인덱스 202
2025-12-05 04:13:19,409 - INFO - 클라이언트 398 요청: 질문 인덱스 2140
2025-12-05 04:13:19,430 - INFO - 클라이언트 399 요청: 질문 인덱스 3227
2025-12-05 04:13:19,435 - INFO - 클라이언트 30 요청: 질문 인덱스 2126
2025-12-05 04:13:19,449 - INFO - 클라이언트 400 요청: 질문 인덱스 2376
2025-12-05 04:13:19,469 - INFO - 클라이언트 401 요청: 질문 인덱스 452
2025-12-05 04:13:19,489 - INFO - 클라이언트 402 요청: 질문 인덱스 593
2025-12-05 04:13:19,509 - INFO - 클라이언트 403 요청: 질문 인덱스 1437
2025-12-05 04:13:19,529 - INFO - 클라이언트 404 요청: 질문 인덱스 3174
2025-12-05 04:13:19,549 - INFO - 클라이언트 405 요청: 질문 인덱스 1153
2025-12-05 04:13:19,569 - INFO - 클라이언트 406 요청: 질문 인덱스 654
2025-12-05 04:13:19,573 - INFO - 클라이언트 131 요청: 질문 인덱스 1628
2025-12-05 04:13:19,581 - INFO - 클라이언트 156 요청: 질문 인덱스 2114
2025-12-05 04:13:19,589 - INFO - 클라이언트 407 요청: 질문 인덱스 1256
2025-12-05 04:13:19,609 - INFO - 클라이언트 408 요청: 질문 인덱스 819
2025-12-05 04:13:19,629 - INFO - 클라이언트 409 요청: 질문 인덱스 2261
2025-12-05 04:13:19,647 - INFO - 클라이언트 70 요청: 질문 인덱스 3076
2025-12-05 04:13:19,649 - INFO - 클라이언트 410 요청: 질문 인덱스 1947
2025-12-05 04:13:19,669 - INFO - 클라이언트 411 요청: 질문 인덱스 1742
2025-12-05 04:13:19,689 - INFO - 클라이언트 412 요청: 질문 인덱스 159
2025-12-05 04:13:19,709 - INFO - 클라이언트 413 요청: 질문 인덱스 642
2025-12-05 04:13:19,729 - INFO - 클라이언트 414 요청: 질문 인덱스 3122
2025-12-05 04:13:19,749 - INFO - 클라이언트 415 요청: 질문 인덱스 2591
2025-12-05 04:13:19,769 - INFO - 클라이언트 416 요청: 질문 인덱스 2753
2025-12-05 04:13:19,789 - INFO - 클라이언트 417 요청: 질문 인덱스 1801
2025-12-05 04:13:19,809 - INFO - 클라이언트 418 요청: 질문 인덱스 1873
2025-12-05 04:13:19,827 - INFO - 클라이언트 151 요청: 질문 인덱스 1869
2025-12-05 04:13:19,829 - INFO - 클라이언트 419 요청: 질문 인덱스 1125
2025-12-05 04:13:19,849 - INFO - 클라이언트 420 요청: 질문 인덱스 14
2025-12-05 04:13:19,869 - INFO - 클라이언트 421 요청: 질문 인덱스 679
2025-12-05 04:13:19,871 - INFO - 클라이언트 416 요청: 질문 인덱스 1559
2025-12-05 04:13:19,886 - INFO - 클라이언트 166 요청: 질문 인덱스 110
2025-12-05 04:13:19,889 - INFO - 클라이언트 422 요청: 질문 인덱스 970
2025-12-05 04:13:19,910 - INFO - 클라이언트 423 요청: 질문 인덱스 563
2025-12-05 04:13:19,929 - INFO - 클라이언트 424 요청: 질문 인덱스 757
2025-12-05 04:13:19,950 - INFO - 클라이언트 425 요청: 질문 인덱스 524
2025-12-05 04:13:19,952 - INFO - 클라이언트 363 요청: 질문 인덱스 2385
2025-12-05 04:13:19,969 - INFO - 클라이언트 426 요청: 질문 인덱스 1627
2025-12-05 04:13:19,989 - INFO - 클라이언트 427 요청: 질문 인덱스 1403
2025-12-05 04:13:20,009 - INFO - 클라이언트 428 요청: 질문 인덱스 2509
2025-12-05 04:13:20,029 - INFO - 클라이언트 429 요청: 질문 인덱스 1220
2025-12-05 04:13:20,049 - INFO - 클라이언트 430 요청: 질문 인덱스 552
2025-12-05 04:13:20,069 - INFO - 클라이언트 431 요청: 질문 인덱스 2380
2025-12-05 04:13:20,088 - INFO - 클라이언트 192 요청: 질문 인덱스 1152
2025-12-05 04:13:20,089 - INFO - 클라이언트 432 요청: 질문 인덱스 1900
2025-12-05 04:13:20,109 - INFO - 클라이언트 433 요청: 질문 인덱스 1399
2025-12-05 04:13:20,129 - INFO - 클라이언트 434 요청: 질문 인덱스 1135
2025-12-05 04:13:20,149 - INFO - 클라이언트 435 요청: 질문 인덱스 86
2025-12-05 04:13:20,169 - INFO - 클라이언트 436 요청: 질문 인덱스 2714
2025-12-05 04:13:20,189 - INFO - 클라이언트 437 요청: 질문 인덱스 2624
2025-12-05 04:13:20,209 - INFO - 클라이언트 438 요청: 질문 인덱스 2744
2025-12-05 04:13:20,211 - INFO - 클라이언트 260 요청: 질문 인덱스 315
2025-12-05 04:13:20,229 - INFO - 클라이언트 439 요청: 질문 인덱스 397
2025-12-05 04:13:20,246 - INFO - 클라이언트 195 요청: 질문 인덱스 48
2025-12-05 04:13:20,249 - INFO - 클라이언트 440 요청: 질문 인덱스 694
2025-12-05 04:13:20,265 - INFO - 클라이언트 9 요청: 질문 인덱스 1912
2025-12-05 04:13:20,269 - INFO - 클라이언트 441 요청: 질문 인덱스 1105
2025-12-05 04:13:20,289 - INFO - 클라이언트 442 요청: 질문 인덱스 2153
2025-12-05 04:13:20,301 - INFO - 클라이언트 17 요청: 질문 인덱스 1864
2025-12-05 04:13:20,304 - INFO - 클라이언트 435 요청: 질문 인덱스 3008
2025-12-05 04:13:20,310 - INFO - 클라이언트 443 요청: 질문 인덱스 730
2025-12-05 04:13:20,329 - INFO - 클라이언트 444 요청: 질문 인덱스 2412
2025-12-05 04:13:20,334 - INFO - 클라이언트 349 요청: 질문 인덱스 2213
2025-12-05 04:13:20,343 - INFO - 클라이언트 128 요청: 질문 인덱스 557
2025-12-05 04:13:20,343 - INFO - 클라이언트 364 요청: 질문 인덱스 1926
2025-12-05 04:13:20,349 - INFO - 클라이언트 445 요청: 질문 인덱스 3131
2025-12-05 04:13:20,353 - INFO - 클라이언트 157 요청: 질문 인덱스 2679
2025-12-05 04:13:20,357 - INFO - 클라이언트 320 요청: 질문 인덱스 1984
2025-12-05 04:13:20,369 - INFO - 클라이언트 446 요청: 질문 인덱스 354
2025-12-05 04:13:20,389 - INFO - 클라이언트 447 요청: 질문 인덱스 227
2025-12-05 04:13:20,410 - INFO - 클라이언트 448 요청: 질문 인덱스 180
2025-12-05 04:13:20,429 - INFO - 클라이언트 449 요청: 질문 인덱스 2244
2025-12-05 04:13:20,450 - INFO - 클라이언트 450 요청: 질문 인덱스 553
2025-12-05 04:13:20,469 - INFO - 클라이언트 451 요청: 질문 인덱스 2846
2025-12-05 04:13:20,479 - INFO - 클라이언트 336 요청: 질문 인덱스 3074
2025-12-05 04:13:20,487 - INFO - 클라이언트 61 요청: 질문 인덱스 2420
2025-12-05 04:13:20,489 - INFO - 클라이언트 452 요청: 질문 인덱스 2898
2025-12-05 04:13:20,497 - INFO - 클라이언트 351 요청: 질문 인덱스 1280
2025-12-05 04:13:20,509 - INFO - 클라이언트 453 요청: 질문 인덱스 2654
2025-12-05 04:13:20,530 - INFO - 클라이언트 454 요청: 질문 인덱스 548
2025-12-05 04:13:20,536 - INFO - 클라이언트 338 요청: 질문 인덱스 1493
2025-12-05 04:13:20,549 - INFO - 클라이언트 455 요청: 질문 인덱스 3193
2025-12-05 04:13:20,569 - INFO - 클라이언트 456 요청: 질문 인덱스 1237
2025-12-05 04:13:20,586 - INFO - 클라이언트 237 요청: 질문 인덱스 1840
2025-12-05 04:13:20,589 - INFO - 클라이언트 457 요청: 질문 인덱스 2987
2025-12-05 04:13:20,592 - INFO - 클라이언트 239 요청: 질문 인덱스 400
2025-12-05 04:13:20,604 - INFO - 클라이언트 279 요청: 질문 인덱스 299
2025-12-05 04:13:20,610 - INFO - 클라이언트 458 요청: 질문 인덱스 1346
2025-12-05 04:13:20,630 - INFO - 클라이언트 459 요청: 질문 인덱스 2519
2025-12-05 04:13:20,649 - INFO - 클라이언트 460 요청: 질문 인덱스 1985
2025-12-05 04:13:20,658 - INFO - 클라이언트 98 요청: 질문 인덱스 2598
2025-12-05 04:13:20,669 - INFO - 클라이언트 461 요청: 질문 인덱스 3221
2025-12-05 04:13:20,681 - INFO - 클라이언트 59 요청: 질문 인덱스 357
2025-12-05 04:13:20,685 - INFO - 클라이언트 437 요청: 질문 인덱스 3055
2025-12-05 04:13:20,690 - INFO - 클라이언트 462 요청: 질문 인덱스 539
2025-12-05 04:13:20,694 - INFO - 클라이언트 237 요청: 질문 인덱스 2404
2025-12-05 04:13:20,709 - INFO - 클라이언트 463 요청: 질문 인덱스 1164
2025-12-05 04:13:20,710 - INFO - 클라이언트 152 요청: 질문 인덱스 2776
2025-12-05 04:13:20,729 - INFO - 클라이언트 464 요청: 질문 인덱스 566
2025-12-05 04:13:20,740 - INFO - 클라이언트 200 요청: 질문 인덱스 1738
2025-12-05 04:13:20,750 - INFO - 클라이언트 465 요청: 질문 인덱스 1280
2025-12-05 04:13:20,751 - INFO - 클라이언트 375 요청: 질문 인덱스 1720
2025-12-05 04:13:20,769 - INFO - 클라이언트 466 요청: 질문 인덱스 2505
2025-12-05 04:13:20,790 - INFO - 클라이언트 467 요청: 질문 인덱스 2466
2025-12-05 04:13:20,809 - INFO - 클라이언트 468 요청: 질문 인덱스 2156
2025-12-05 04:13:20,829 - INFO - 클라이언트 469 요청: 질문 인덱스 3121
2025-12-05 04:13:20,849 - INFO - 클라이언트 186 요청: 질문 인덱스 2729
2025-12-05 04:13:20,849 - INFO - 클라이언트 470 요청: 질문 인덱스 401
2025-12-05 04:13:20,856 - INFO - 클라이언트 258 요청: 질문 인덱스 646
2025-12-05 04:13:20,861 - INFO - 클라이언트 4 요청: 질문 인덱스 2982
2025-12-05 04:13:20,869 - INFO - 클라이언트 471 요청: 질문 인덱스 742
2025-12-05 04:13:20,889 - INFO - 클라이언트 472 요청: 질문 인덱스 354
2025-12-05 04:13:20,900 - INFO - 클라이언트 369 요청: 질문 인덱스 805
2025-12-05 04:13:20,910 - INFO - 클라이언트 473 요청: 질문 인덱스 1821
2025-12-05 04:13:20,929 - INFO - 클라이언트 474 요청: 질문 인덱스 174
2025-12-05 04:13:20,941 - INFO - 클라이언트 358 요청: 질문 인덱스 1903
2025-12-05 04:13:20,948 - INFO - 클라이언트 352 요청: 질문 인덱스 2723
2025-12-05 04:13:20,950 - INFO - 클라이언트 475 요청: 질문 인덱스 1659
2025-12-05 04:13:20,970 - INFO - 클라이언트 476 요청: 질문 인덱스 2036
2025-12-05 04:13:20,989 - INFO - 클라이언트 477 요청: 질문 인덱스 2688
2025-12-05 04:13:21,010 - INFO - 클라이언트 478 요청: 질문 인덱스 1166
2025-12-05 04:13:21,030 - INFO - 클라이언트 479 요청: 질문 인덱스 965
2025-12-05 04:13:21,050 - INFO - 클라이언트 480 요청: 질문 인덱스 1177
2025-12-05 04:13:21,069 - INFO - 클라이언트 481 요청: 질문 인덱스 1635
2025-12-05 04:13:21,081 - INFO - 클라이언트 396 요청: 질문 인덱스 1289
2025-12-05 04:13:21,088 - INFO - 클라이언트 269 요청: 질문 인덱스 103
2025-12-05 04:13:21,089 - INFO - 클라이언트 482 요청: 질문 인덱스 426
2025-12-05 04:13:21,110 - INFO - 클라이언트 483 요청: 질문 인덱스 1084
2025-12-05 04:13:21,129 - INFO - 클라이언트 484 요청: 질문 인덱스 681
2025-12-05 04:13:21,142 - INFO - 클라이언트 362 요청: 질문 인덱스 1379
2025-12-05 04:13:21,149 - INFO - 클라이언트 485 요청: 질문 인덱스 4
2025-12-05 04:13:21,154 - INFO - 클라이언트 177 요청: 질문 인덱스 266
2025-12-05 04:13:21,171 - INFO - 클라이언트 486 요청: 질문 인덱스 779
2025-12-05 04:13:21,189 - INFO - 클라이언트 487 요청: 질문 인덱스 2375
2025-12-05 04:13:21,197 - INFO - 클라이언트 2 요청: 질문 인덱스 2147
2025-12-05 04:13:21,200 - INFO - 클라이언트 27 요청: 질문 인덱스 842
2025-12-05 04:13:21,209 - INFO - 클라이언트 488 요청: 질문 인덱스 926
2025-12-05 04:13:21,229 - INFO - 클라이언트 489 요청: 질문 인덱스 647
2025-12-05 04:13:21,233 - INFO - 클라이언트 124 요청: 질문 인덱스 1781
2025-12-05 04:13:21,235 - INFO - 클라이언트 60 요청: 질문 인덱스 1212
2025-12-05 04:13:21,249 - INFO - 클라이언트 490 요청: 질문 인덱스 2424
2025-12-05 04:13:21,270 - INFO - 클라이언트 491 요청: 질문 인덱스 379
2025-12-05 04:13:21,289 - INFO - 클라이언트 492 요청: 질문 인덱스 2632
2025-12-05 04:13:21,289 - INFO - 클라이언트 141 요청: 질문 인덱스 2350
2025-12-05 04:13:21,306 - INFO - 클라이언트 327 요청: 질문 인덱스 707
2025-12-05 04:13:21,309 - INFO - 클라이언트 493 요청: 질문 인덱스 3021
2025-12-05 04:13:21,310 - INFO - 클라이언트 489 요청: 질문 인덱스 80
2025-12-05 04:13:21,330 - INFO - 클라이언트 494 요청: 질문 인덱스 1587
2025-12-05 04:13:21,343 - INFO - 클라이언트 32 요청: 질문 인덱스 173
2025-12-05 04:13:21,349 - INFO - 클라이언트 495 요청: 질문 인덱스 1358
2025-12-05 04:13:21,359 - INFO - 클라이언트 239 요청: 질문 인덱스 2962
2025-12-05 04:13:21,369 - INFO - 클라이언트 496 요청: 질문 인덱스 46
2025-12-05 04:13:21,375 - INFO - 클라이언트 374 요청: 질문 인덱스 855
2025-12-05 04:13:21,390 - INFO - 클라이언트 497 요청: 질문 인덱스 2019
2025-12-05 04:13:21,403 - INFO - 클라이언트 324 요청: 질문 인덱스 2707
2025-12-05 04:13:21,404 - INFO - 클라이언트 232 요청: 질문 인덱스 441
2025-12-05 04:13:21,410 - INFO - 클라이언트 498 요청: 질문 인덱스 2327
2025-12-05 04:13:21,430 - INFO - 클라이언트 499 요청: 질문 인덱스 2600
2025-12-05 04:13:21,450 - INFO - 클라이언트 500 요청: 질문 인덱스 2429
2025-12-05 04:13:21,469 - INFO - 클라이언트 501 요청: 질문 인덱스 3176
2025-12-05 04:13:21,478 - INFO - 클라이언트 455 요청: 질문 인덱스 1500
2025-12-05 04:13:21,489 - INFO - 클라이언트 502 요청: 질문 인덱스 1074
2025-12-05 04:13:21,491 - INFO - 클라이언트 351 요청: 질문 인덱스 624
2025-12-05 04:13:21,510 - INFO - 클라이언트 503 요청: 질문 인덱스 726
2025-12-05 04:13:21,510 - INFO - 클라이언트 246 요청: 질문 인덱스 2020
2025-12-05 04:13:21,519 - INFO - 클라이언트 17 요청: 질문 인덱스 1808
2025-12-05 04:13:21,520 - INFO - 클라이언트 264 요청: 질문 인덱스 1535
2025-12-05 04:13:21,529 - INFO - 클라이언트 504 요청: 질문 인덱스 2261
2025-12-05 04:13:21,534 - INFO - 클라이언트 75 요청: 질문 인덱스 637
2025-12-05 04:13:21,550 - INFO - 클라이언트 505 요청: 질문 인덱스 1378
2025-12-05 04:13:21,570 - INFO - 클라이언트 506 요청: 질문 인덱스 1324
2025-12-05 04:13:21,589 - INFO - 클라이언트 507 요청: 질문 인덱스 1709
2025-12-05 04:13:21,610 - INFO - 클라이언트 508 요청: 질문 인덱스 2826
2025-12-05 04:13:21,616 - INFO - 클라이언트 15 요청: 질문 인덱스 3155
2025-12-05 04:13:21,630 - INFO - 클라이언트 509 요청: 질문 인덱스 1864
2025-12-05 04:13:21,649 - INFO - 클라이언트 471 요청: 질문 인덱스 2854
2025-12-05 04:13:21,649 - INFO - 클라이언트 510 요청: 질문 인덱스 1641
2025-12-05 04:13:21,669 - INFO - 클라이언트 511 요청: 질문 인덱스 873
2025-12-05 04:13:21,685 - INFO - 클라이언트 444 요청: 질문 인덱스 1535
2025-12-05 04:13:21,690 - INFO - 클라이언트 512 요청: 질문 인덱스 1810
2025-12-05 04:13:21,711 - INFO - 클라이언트 513 요청: 질문 인덱스 1006
2025-12-05 04:13:21,730 - INFO - 클라이언트 514 요청: 질문 인덱스 2793
2025-12-05 04:13:21,750 - INFO - 클라이언트 515 요청: 질문 인덱스 164
2025-12-05 04:13:21,769 - INFO - 클라이언트 516 요청: 질문 인덱스 1640
2025-12-05 04:13:21,791 - INFO - 클라이언트 517 요청: 질문 인덱스 178
2025-12-05 04:13:21,809 - INFO - 클라이언트 518 요청: 질문 인덱스 300
2025-12-05 04:13:21,820 - INFO - 클라이언트 311 요청: 질문 인덱스 2923
2025-12-05 04:13:21,826 - INFO - 클라이언트 229 요청: 질문 인덱스 59
2025-12-05 04:13:21,829 - INFO - 클라이언트 519 요청: 질문 인덱스 3197
2025-12-05 04:13:21,843 - INFO - 클라이언트 289 요청: 질문 인덱스 2275
2025-12-05 04:13:21,850 - INFO - 클라이언트 520 요청: 질문 인덱스 2607
2025-12-05 04:13:21,871 - INFO - 클라이언트 521 요청: 질문 인덱스 1243
2025-12-05 04:13:21,890 - INFO - 클라이언트 522 요청: 질문 인덱스 820
2025-12-05 04:13:21,910 - INFO - 클라이언트 523 요청: 질문 인덱스 1578
2025-12-05 04:13:21,929 - INFO - 클라이언트 524 요청: 질문 인덱스 524
2025-12-05 04:13:21,946 - INFO - 클라이언트 467 요청: 질문 인덱스 1250
2025-12-05 04:13:21,949 - INFO - 클라이언트 525 요청: 질문 인덱스 1715
2025-12-05 04:13:21,954 - INFO - 클라이언트 149 요청: 질문 인덱스 253
2025-12-05 04:13:21,969 - INFO - 클라이언트 526 요청: 질문 인덱스 1989
2025-12-05 04:13:21,989 - INFO - 클라이언트 25 요청: 질문 인덱스 2236
2025-12-05 04:13:21,989 - INFO - 클라이언트 527 요청: 질문 인덱스 2964
2025-12-05 04:13:22,010 - INFO - 클라이언트 528 요청: 질문 인덱스 3080
2025-12-05 04:13:22,030 - INFO - 클라이언트 529 요청: 질문 인덱스 519
2025-12-05 04:13:22,050 - INFO - 클라이언트 530 요청: 질문 인덱스 233
2025-12-05 04:13:22,057 - INFO - 클라이언트 460 요청: 질문 인덱스 160
2025-12-05 04:13:22,069 - INFO - 클라이언트 531 요청: 질문 인덱스 3117
2025-12-05 04:13:22,090 - INFO - 클라이언트 532 요청: 질문 인덱스 762
2025-12-05 04:13:22,110 - INFO - 클라이언트 533 요청: 질문 인덱스 3160
2025-12-05 04:13:22,125 - INFO - 클라이언트 379 요청: 질문 인덱스 1037
2025-12-05 04:13:22,130 - INFO - 클라이언트 534 요청: 질문 인덱스 1141
2025-12-05 04:13:22,131 - INFO - 클라이언트 227 요청: 질문 인덱스 1841
2025-12-05 04:13:22,149 - INFO - 클라이언트 535 요청: 질문 인덱스 1011
2025-12-05 04:13:22,151 - INFO - 클라이언트 205 요청: 질문 인덱스 1550
2025-12-05 04:13:22,169 - INFO - 클라이언트 536 요청: 질문 인덱스 1327
2025-12-05 04:13:22,190 - INFO - 클라이언트 537 요청: 질문 인덱스 1410
2025-12-05 04:13:22,209 - INFO - 클라이언트 538 요청: 질문 인덱스 2855
2025-12-05 04:13:22,226 - INFO - 클라이언트 480 요청: 질문 인덱스 1131
2025-12-05 04:13:22,229 - INFO - 클라이언트 539 요청: 질문 인덱스 1491
2025-12-05 04:13:22,249 - INFO - 클라이언트 540 요청: 질문 인덱스 937
2025-12-05 04:13:22,270 - INFO - 클라이언트 541 요청: 질문 인덱스 1995
2025-12-05 04:13:22,290 - INFO - 클라이언트 542 요청: 질문 인덱스 1917
2025-12-05 04:13:22,302 - INFO - 클라이언트 470 요청: 질문 인덱스 1068
2025-12-05 04:13:22,304 - INFO - 클라이언트 421 요청: 질문 인덱스 1976
2025-12-05 04:13:22,310 - INFO - 클라이언트 543 요청: 질문 인덱스 850
2025-12-05 04:13:22,310 - INFO - 클라이언트 192 요청: 질문 인덱스 558
2025-12-05 04:13:22,329 - INFO - 클라이언트 544 요청: 질문 인덱스 1850
2025-12-05 04:13:22,331 - INFO - 클라이언트 33 요청: 질문 인덱스 304
2025-12-05 04:13:22,336 - INFO - 클라이언트 397 요청: 질문 인덱스 2394
2025-12-05 04:13:22,350 - INFO - 클라이언트 545 요청: 질문 인덱스 3047
2025-12-05 04:13:22,370 - INFO - 클라이언트 546 요청: 질문 인덱스 2705
2025-12-05 04:13:22,374 - INFO - 클라이언트 479 요청: 질문 인덱스 428
2025-12-05 04:13:22,389 - INFO - 클라이언트 547 요청: 질문 인덱스 1522
2025-12-05 04:13:22,409 - INFO - 클라이언트 548 요청: 질문 인덱스 1494
2025-12-05 04:13:22,430 - INFO - 클라이언트 549 요청: 질문 인덱스 2762
2025-12-05 04:13:22,450 - INFO - 클라이언트 550 요청: 질문 인덱스 229
2025-12-05 04:13:22,453 - INFO - 클라이언트 169 요청: 질문 인덱스 2816
2025-12-05 04:13:22,470 - INFO - 클라이언트 551 요청: 질문 인덱스 348
2025-12-05 04:13:22,471 - INFO - 클라이언트 136 요청: 질문 인덱스 2410
2025-12-05 04:13:22,490 - INFO - 클라이언트 552 요청: 질문 인덱스 1848
2025-12-05 04:13:22,490 - INFO - 클라이언트 226 요청: 질문 인덱스 214
2025-12-05 04:13:22,497 - INFO - 클라이언트 156 요청: 질문 인덱스 2690
2025-12-05 04:13:22,500 - INFO - 클라이언트 82 요청: 질문 인덱스 2369
2025-12-05 04:13:22,510 - INFO - 클라이언트 553 요청: 질문 인덱스 1984
2025-12-05 04:13:22,512 - INFO - 클라이언트 181 요청: 질문 인덱스 2171
2025-12-05 04:13:22,530 - INFO - 클라이언트 554 요청: 질문 인덱스 3212
2025-12-05 04:13:22,541 - INFO - 클라이언트 163 요청: 질문 인덱스 614
2025-12-05 04:13:22,548 - INFO - 클라이언트 149 요청: 질문 인덱스 913
2025-12-05 04:13:22,550 - INFO - 클라이언트 555 요청: 질문 인덱스 511
2025-12-05 04:13:22,552 - INFO - 클라이언트 24 요청: 질문 인덱스 641
2025-12-05 04:13:22,570 - INFO - 클라이언트 556 요청: 질문 인덱스 1097
2025-12-05 04:13:22,590 - INFO - 클라이언트 557 요청: 질문 인덱스 3138
2025-12-05 04:13:22,610 - INFO - 클라이언트 558 요청: 질문 인덱스 3122
2025-12-05 04:13:22,630 - INFO - 클라이언트 559 요청: 질문 인덱스 2285
2025-12-05 04:13:22,650 - INFO - 클라이언트 560 요청: 질문 인덱스 941
2025-12-05 04:13:22,670 - INFO - 클라이언트 561 요청: 질문 인덱스 2530
2025-12-05 04:13:22,680 - INFO - 클라이언트 331 요청: 질문 인덱스 2215
2025-12-05 04:13:22,690 - INFO - 클라이언트 562 요청: 질문 인덱스 491
2025-12-05 04:13:22,709 - INFO - 클라이언트 563 요청: 질문 인덱스 2530
2025-12-05 04:13:22,729 - INFO - 클라이언트 564 요청: 질문 인덱스 2539
2025-12-05 04:13:22,731 - INFO - 클라이언트 356 요청: 질문 인덱스 1978
2025-12-05 04:13:22,751 - INFO - 클라이언트 565 요청: 질문 인덱스 2829
2025-12-05 04:13:22,769 - INFO - 클라이언트 566 요청: 질문 인덱스 2765
2025-12-05 04:13:22,775 - INFO - 클라이언트 169 요청: 질문 인덱스 3097
2025-12-05 04:13:22,789 - INFO - 클라이언트 567 요청: 질문 인덱스 3181
2025-12-05 04:13:22,799 - INFO - 클라이언트 231 요청: 질문 인덱스 755
2025-12-05 04:13:22,810 - INFO - 클라이언트 568 요청: 질문 인덱스 2310
2025-12-05 04:13:22,830 - INFO - 클라이언트 569 요청: 질문 인덱스 328
2025-12-05 04:13:22,850 - INFO - 클라이언트 570 요청: 질문 인덱스 970
2025-12-05 04:13:22,851 - INFO - 클라이언트 316 요청: 질문 인덱스 1770
2025-12-05 04:13:22,855 - INFO - 클라이언트 114 요청: 질문 인덱스 1319
2025-12-05 04:13:22,861 - INFO - 클라이언트 382 요청: 질문 인덱스 7
2025-12-05 04:13:22,862 - INFO - 클라이언트 128 요청: 질문 인덱스 2615
2025-12-05 04:13:22,870 - INFO - 클라이언트 571 요청: 질문 인덱스 428
2025-12-05 04:13:22,882 - INFO - 클라이언트 18 요청: 질문 인덱스 2107
2025-12-05 04:13:22,890 - INFO - 클라이언트 572 요청: 질문 인덱스 3117
2025-12-05 04:13:22,910 - INFO - 클라이언트 573 요청: 질문 인덱스 68
2025-12-05 04:13:22,920 - INFO - 클라이언트 64 요청: 질문 인덱스 2564
2025-12-05 04:13:22,930 - INFO - 클라이언트 574 요청: 질문 인덱스 3106
2025-12-05 04:13:22,935 - INFO - 클라이언트 159 요청: 질문 인덱스 1995
2025-12-05 04:13:22,942 - INFO - 클라이언트 34 요청: 질문 인덱스 1131
2025-12-05 04:13:22,950 - INFO - 클라이언트 575 요청: 질문 인덱스 695
2025-12-05 04:13:22,960 - INFO - 클라이언트 15 요청: 질문 인덱스 2836
2025-12-05 04:13:22,960 - INFO - 클라이언트 50 요청: 질문 인덱스 1206
2025-12-05 04:13:22,970 - INFO - 클라이언트 576 요청: 질문 인덱스 1773
2025-12-05 04:13:22,990 - INFO - 클라이언트 577 요청: 질문 인덱스 2222
2025-12-05 04:13:23,010 - INFO - 클라이언트 578 요청: 질문 인덱스 331
2025-12-05 04:13:23,030 - INFO - 클라이언트 579 요청: 질문 인덱스 1600
2025-12-05 04:13:23,034 - INFO - 클라이언트 306 요청: 질문 인덱스 2723
2025-12-05 04:13:23,050 - INFO - 클라이언트 580 요청: 질문 인덱스 528
2025-12-05 04:13:23,070 - INFO - 클라이언트 581 요청: 질문 인덱스 937
2025-12-05 04:13:23,084 - INFO - 클라이언트 327 요청: 질문 인덱스 1017
2025-12-05 04:13:23,090 - INFO - 클라이언트 582 요청: 질문 인덱스 1715
2025-12-05 04:13:23,110 - INFO - 클라이언트 583 요청: 질문 인덱스 461
2025-12-05 04:13:23,130 - INFO - 클라이언트 584 요청: 질문 인덱스 1877
2025-12-05 04:13:23,150 - INFO - 클라이언트 585 요청: 질문 인덱스 3076
2025-12-05 04:13:23,166 - INFO - 클라이언트 353 요청: 질문 인덱스 2597
2025-12-05 04:13:23,170 - INFO - 클라이언트 586 요청: 질문 인덱스 2870
2025-12-05 04:13:23,190 - INFO - 클라이언트 587 요청: 질문 인덱스 1171
2025-12-05 04:13:23,194 - INFO - 클라이언트 114 요청: 질문 인덱스 2720
2025-12-05 04:13:23,204 - INFO - 클라이언트 546 요청: 질문 인덱스 18
2025-12-05 04:13:23,210 - INFO - 클라이언트 588 요청: 질문 인덱스 2989
2025-12-05 04:13:23,230 - INFO - 클라이언트 589 요청: 질문 인덱스 1812
2025-12-05 04:13:23,250 - INFO - 클라이언트 590 요청: 질문 인덱스 675
2025-12-05 04:13:23,258 - INFO - 클라이언트 313 요청: 질문 인덱스 3043
2025-12-05 04:13:23,270 - INFO - 클라이언트 591 요청: 질문 인덱스 1065
2025-12-05 04:13:23,287 - INFO - 클라이언트 454 요청: 질문 인덱스 1106
2025-12-05 04:13:23,289 - INFO - 클라이언트 592 요청: 질문 인덱스 40
2025-12-05 04:13:23,310 - INFO - 클라이언트 593 요청: 질문 인덱스 15
2025-12-05 04:13:23,328 - INFO - 클라이언트 450 요청: 질문 인덱스 1336
2025-12-05 04:13:23,330 - INFO - 클라이언트 594 요청: 질문 인덱스 43
2025-12-05 04:13:23,350 - INFO - 클라이언트 595 요청: 질문 인덱스 428
2025-12-05 04:13:23,370 - INFO - 클라이언트 596 요청: 질문 인덱스 1168
2025-12-05 04:13:23,390 - INFO - 클라이언트 597 요청: 질문 인덱스 2317
2025-12-05 04:13:23,395 - INFO - 클라이언트 557 요청: 질문 인덱스 1142
2025-12-05 04:13:23,410 - INFO - 클라이언트 598 요청: 질문 인덱스 3105
2025-12-05 04:13:23,413 - INFO - 클라이언트 272 요청: 질문 인덱스 1206
2025-12-05 04:13:23,425 - INFO - 클라이언트 584 요청: 질문 인덱스 787
2025-12-05 04:13:23,430 - INFO - 클라이언트 599 요청: 질문 인덱스 3004
2025-12-05 04:13:23,450 - INFO - 클라이언트 600 요청: 질문 인덱스 1688
2025-12-05 04:13:23,470 - INFO - 클라이언트 601 요청: 질문 인덱스 407
2025-12-05 04:13:23,480 - INFO - 클라이언트 502 요청: 질문 인덱스 1669
2025-12-05 04:13:23,490 - INFO - 클라이언트 602 요청: 질문 인덱스 1886
2025-12-05 04:13:23,493 - INFO - 클라이언트 26 요청: 질문 인덱스 1780
2025-12-05 04:13:23,510 - INFO - 클라이언트 603 요청: 질문 인덱스 37
2025-12-05 04:13:23,513 - INFO - 클라이언트 101 요청: 질문 인덱스 1654
2025-12-05 04:13:23,530 - INFO - 클라이언트 604 요청: 질문 인덱스 2747
2025-12-05 04:13:23,536 - INFO - 클라이언트 574 요청: 질문 인덱스 2055
2025-12-05 04:13:23,546 - INFO - 클라이언트 238 요청: 질문 인덱스 3241
2025-12-05 04:13:23,550 - INFO - 클라이언트 605 요청: 질문 인덱스 1787
2025-12-05 04:13:23,560 - INFO - 클라이언트 62 요청: 질문 인덱스 1908
2025-12-05 04:13:23,570 - INFO - 클라이언트 606 요청: 질문 인덱스 1840
2025-12-05 04:13:23,582 - INFO - 클라이언트 26 요청: 질문 인덱스 3216
2025-12-05 04:13:23,590 - INFO - 클라이언트 607 요청: 질문 인덱스 521
2025-12-05 04:13:23,610 - INFO - 클라이언트 608 요청: 질문 인덱스 2857
2025-12-05 04:13:23,630 - INFO - 클라이언트 609 요청: 질문 인덱스 1874
2025-12-05 04:13:23,650 - INFO - 클라이언트 610 요청: 질문 인덱스 2584
2025-12-05 04:13:23,660 - INFO - 클라이언트 478 요청: 질문 인덱스 2282
2025-12-05 04:13:23,670 - INFO - 클라이언트 611 요청: 질문 인덱스 3100
2025-12-05 04:13:23,671 - INFO - 클라이언트 206 요청: 질문 인덱스 1571
2025-12-05 04:13:23,690 - INFO - 클라이언트 612 요청: 질문 인덱스 2945
2025-12-05 04:13:23,704 - INFO - 클라이언트 167 요청: 질문 인덱스 2080
2025-12-05 04:13:23,711 - INFO - 클라이언트 613 요청: 질문 인덱스 2450
2025-12-05 04:13:23,730 - INFO - 클라이언트 614 요청: 질문 인덱스 2982
2025-12-05 04:13:23,750 - INFO - 클라이언트 615 요청: 질문 인덱스 2308
2025-12-05 04:13:23,770 - INFO - 클라이언트 616 요청: 질문 인덱스 2270
2025-12-05 04:13:23,782 - INFO - 클라이언트 104 요청: 질문 인덱스 1612
2025-12-05 04:13:23,790 - INFO - 클라이언트 617 요청: 질문 인덱스 2627
2025-12-05 04:13:23,800 - INFO - 클라이언트 204 요청: 질문 인덱스 469
2025-12-05 04:13:23,810 - INFO - 클라이언트 618 요청: 질문 인덱스 1619
2025-12-05 04:13:23,827 - INFO - 클라이언트 127 요청: 질문 인덱스 2898
2025-12-05 04:13:23,830 - INFO - 클라이언트 619 요청: 질문 인덱스 1693
2025-12-05 04:13:23,846 - INFO - 클라이언트 175 요청: 질문 인덱스 1937
2025-12-05 04:13:23,850 - INFO - 클라이언트 620 요청: 질문 인덱스 1534
2025-12-05 04:13:23,870 - INFO - 클라이언트 621 요청: 질문 인덱스 913
2025-12-05 04:13:23,881 - INFO - 클라이언트 399 요청: 질문 인덱스 699
2025-12-05 04:13:23,890 - INFO - 클라이언트 622 요청: 질문 인덱스 2542
2025-12-05 04:13:23,906 - INFO - 클라이언트 317 요청: 질문 인덱스 2269
2025-12-05 04:13:23,910 - INFO - 클라이언트 623 요청: 질문 인덱스 606
2025-12-05 04:13:23,930 - INFO - 클라이언트 624 요청: 질문 인덱스 3070
2025-12-05 04:13:23,931 - INFO - 클라이언트 545 요청: 질문 인덱스 2487
2025-12-05 04:13:23,950 - INFO - 클라이언트 625 요청: 질문 인덱스 1383
2025-12-05 04:13:23,965 - INFO - 클라이언트 222 요청: 질문 인덱스 1098
2025-12-05 04:13:23,970 - INFO - 클라이언트 626 요청: 질문 인덱스 680
2025-12-05 04:13:23,981 - INFO - 클라이언트 276 요청: 질문 인덱스 1152
2025-12-05 04:13:23,990 - INFO - 클라이언트 627 요청: 질문 인덱스 2634
2025-12-05 04:13:24,010 - INFO - 클라이언트 628 요청: 질문 인덱스 1887
2025-12-05 04:13:24,017 - INFO - 클라이언트 147 요청: 질문 인덱스 2611
2025-12-05 04:13:24,017 - INFO - 클라이언트 528 요청: 질문 인덱스 1243
2025-12-05 04:13:24,026 - INFO - 클라이언트 411 요청: 질문 인덱스 914
2025-12-05 04:13:24,030 - INFO - 클라이언트 629 요청: 질문 인덱스 1191
2025-12-05 04:13:24,047 - INFO - 클라이언트 63 요청: 질문 인덱스 22
2025-12-05 04:13:24,051 - INFO - 클라이언트 630 요청: 질문 인덱스 770
2025-12-05 04:13:24,056 - INFO - 클라이언트 406 요청: 질문 인덱스 1946
2025-12-05 04:13:24,070 - INFO - 클라이언트 631 요청: 질문 인덱스 1425
2025-12-05 04:13:24,072 - INFO - 클라이언트 320 요청: 질문 인덱스 978
2025-12-05 04:13:24,090 - INFO - 클라이언트 632 요청: 질문 인덱스 4
2025-12-05 04:13:24,110 - INFO - 클라이언트 633 요청: 질문 인덱스 3144
2025-12-05 04:13:24,111 - INFO - 클라이언트 480 요청: 질문 인덱스 1258
2025-12-05 04:13:24,131 - INFO - 클라이언트 634 요청: 질문 인덱스 852
2025-12-05 04:13:24,142 - INFO - 클라이언트 370 요청: 질문 인덱스 2722
2025-12-05 04:13:24,150 - INFO - 클라이언트 635 요청: 질문 인덱스 2888
2025-12-05 04:13:24,165 - INFO - 클라이언트 439 요청: 질문 인덱스 1400
2025-12-05 04:13:24,170 - INFO - 클라이언트 636 요청: 질문 인덱스 1364
2025-12-05 04:13:24,177 - INFO - 클라이언트 209 요청: 질문 인덱스 1294
2025-12-05 04:13:24,190 - INFO - 클라이언트 637 요청: 질문 인덱스 2631
2025-12-05 04:13:24,197 - INFO - 클라이언트 440 요청: 질문 인덱스 1012
2025-12-05 04:13:24,210 - INFO - 클라이언트 638 요청: 질문 인덱스 1041
2025-12-05 04:13:24,219 - INFO - 클라이언트 549 요청: 질문 인덱스 2507
2025-12-05 04:13:24,230 - INFO - 클라이언트 639 요청: 질문 인덱스 2461
2025-12-05 04:13:24,238 - INFO - 클라이언트 177 요청: 질문 인덱스 1910
2025-12-05 04:13:24,250 - INFO - 클라이언트 640 요청: 질문 인덱스 1101
2025-12-05 04:13:24,261 - INFO - 클라이언트 551 요청: 질문 인덱스 3022
2025-12-05 04:13:24,261 - INFO - 클라이언트 453 요청: 질문 인덱스 478
2025-12-05 04:13:24,270 - INFO - 클라이언트 641 요청: 질문 인덱스 822
2025-12-05 04:13:24,277 - INFO - 클라이언트 476 요청: 질문 인덱스 3192
2025-12-05 04:13:24,290 - INFO - 클라이언트 642 요청: 질문 인덱스 3058
2025-12-05 04:13:24,295 - INFO - 클라이언트 562 요청: 질문 인덱스 894
2025-12-05 04:13:24,310 - INFO - 클라이언트 643 요청: 질문 인덱스 263
2025-12-05 04:13:24,313 - INFO - 클라이언트 157 요청: 질문 인덱스 1594
2025-12-05 04:13:24,323 - INFO - 클라이언트 457 요청: 질문 인덱스 1991
2025-12-05 04:13:24,330 - INFO - 클라이언트 644 요청: 질문 인덱스 1152
2025-12-05 04:13:24,348 - INFO - 클라이언트 459 요청: 질문 인덱스 89
2025-12-05 04:13:24,350 - INFO - 클라이언트 645 요청: 질문 인덱스 2145
2025-12-05 04:13:24,355 - INFO - 클라이언트 287 요청: 질문 인덱스 3209
2025-12-05 04:13:24,364 - INFO - 클라이언트 46 요청: 질문 인덱스 814
2025-12-05 04:13:24,370 - INFO - 클라이언트 646 요청: 질문 인덱스 2103
2025-12-05 04:13:24,390 - INFO - 클라이언트 647 요청: 질문 인덱스 1780
2025-12-05 04:13:24,410 - INFO - 클라이언트 648 요청: 질문 인덱스 1628
2025-12-05 04:13:24,430 - INFO - 클라이언트 649 요청: 질문 인덱스 1995
2025-12-05 04:13:24,441 - INFO - 클라이언트 420 요청: 질문 인덱스 1977
2025-12-05 04:13:24,450 - INFO - 클라이언트 650 요청: 질문 인덱스 1999
2025-12-05 04:13:24,471 - INFO - 클라이언트 651 요청: 질문 인덱스 1367
2025-12-05 04:13:24,488 - INFO - 클라이언트 25 요청: 질문 인덱스 2288
2025-12-05 04:13:24,490 - INFO - 클라이언트 652 요청: 질문 인덱스 719
2025-12-05 04:13:24,510 - INFO - 클라이언트 653 요청: 질문 인덱스 1276
2025-12-05 04:13:24,531 - INFO - 클라이언트 654 요청: 질문 인덱스 2378
2025-12-05 04:13:24,545 - INFO - 클라이언트 469 요청: 질문 인덱스 216
2025-12-05 04:13:24,550 - INFO - 클라이언트 655 요청: 질문 인덱스 580
2025-12-05 04:13:24,571 - INFO - 클라이언트 656 요청: 질문 인덱스 1619
2025-12-05 04:13:24,583 - INFO - 클라이언트 196 요청: 질문 인덱스 2098
2025-12-05 04:13:24,591 - INFO - 클라이언트 657 요청: 질문 인덱스 1996
2025-12-05 04:13:24,610 - INFO - 클라이언트 658 요청: 질문 인덱스 1590
2025-12-05 04:13:24,630 - INFO - 클라이언트 659 요청: 질문 인덱스 2875
2025-12-05 04:13:24,650 - INFO - 클라이언트 660 요청: 질문 인덱스 1777
2025-12-05 04:13:24,672 - INFO - 클라이언트 661 요청: 질문 인덱스 3098
2025-12-05 04:13:24,691 - INFO - 클라이언트 662 요청: 질문 인덱스 1810
2025-12-05 04:13:24,711 - INFO - 클라이언트 663 요청: 질문 인덱스 69
2025-12-05 04:13:24,720 - INFO - 클라이언트 268 요청: 질문 인덱스 830
2025-12-05 04:13:24,725 - INFO - 클라이언트 304 요청: 질문 인덱스 240
2025-12-05 04:13:24,730 - INFO - 클라이언트 664 요청: 질문 인덱스 67
2025-12-05 04:13:24,738 - INFO - 클라이언트 228 요청: 질문 인덱스 170
2025-12-05 04:13:24,751 - INFO - 클라이언트 665 요청: 질문 인덱스 2508
2025-12-05 04:13:24,771 - INFO - 클라이언트 666 요청: 질문 인덱스 3074
2025-12-05 04:13:24,781 - INFO - 클라이언트 134 요청: 질문 인덱스 2676
2025-12-05 04:13:24,791 - INFO - 클라이언트 667 요청: 질문 인덱스 3166
2025-12-05 04:13:24,796 - INFO - 클라이언트 567 요청: 질문 인덱스 2076
2025-12-05 04:13:24,812 - INFO - 클라이언트 668 요청: 질문 인덱스 3060
2025-12-05 04:13:24,830 - INFO - 클라이언트 669 요청: 질문 인덱스 1348
2025-12-05 04:13:24,843 - INFO - 클라이언트 579 요청: 질문 인덱스 10
2025-12-05 04:13:24,846 - INFO - 클라이언트 0 요청: 질문 인덱스 2783
2025-12-05 04:13:24,850 - INFO - 클라이언트 670 요청: 질문 인덱스 2173
2025-12-05 04:13:24,852 - INFO - 클라이언트 170 요청: 질문 인덱스 546
2025-12-05 04:13:24,871 - INFO - 클라이언트 671 요청: 질문 인덱스 3159
2025-12-05 04:13:24,871 - INFO - 클라이언트 310 요청: 질문 인덱스 2629
2025-12-05 04:13:24,872 - INFO - 클라이언트 225 요청: 질문 인덱스 2162
2025-12-05 04:13:24,877 - INFO - 클라이언트 535 요청: 질문 인덱스 3234
2025-12-05 04:13:24,891 - INFO - 클라이언트 672 요청: 질문 인덱스 180
2025-12-05 04:13:24,904 - INFO - 클라이언트 256 요청: 질문 인덱스 426
2025-12-05 04:13:24,910 - INFO - 클라이언트 673 요청: 질문 인덱스 738
2025-12-05 04:13:24,914 - INFO - 클라이언트 593 요청: 질문 인덱스 3032
2025-12-05 04:13:24,930 - INFO - 클라이언트 674 요청: 질문 인덱스 1421
2025-12-05 04:13:24,950 - INFO - 클라이언트 675 요청: 질문 인덱스 219
2025-12-05 04:13:24,950 - INFO - 클라이언트 402 요청: 질문 인덱스 1391
2025-12-05 04:13:24,959 - INFO - 클라이언트 128 요청: 질문 인덱스 326
2025-12-05 04:13:24,970 - INFO - 클라이언트 26 요청: 질문 인덱스 1456
2025-12-05 04:13:24,970 - INFO - 클라이언트 676 요청: 질문 인덱스 1566
2025-12-05 04:13:24,973 - INFO - 클라이언트 69 요청: 질문 인덱스 3200
2025-12-05 04:13:24,980 - INFO - 클라이언트 608 요청: 질문 인덱스 1481
2025-12-05 04:13:24,990 - INFO - 클라이언트 677 요청: 질문 인덱스 2191
2025-12-05 04:13:24,992 - INFO - 클라이언트 544 요청: 질문 인덱스 2884
2025-12-05 04:13:24,992 - INFO - 클라이언트 111 요청: 질문 인덱스 2100
2025-12-05 04:13:24,995 - INFO - 클라이언트 192 요청: 질문 인덱스 2046
2025-12-05 04:13:25,009 - INFO - 클라이언트 27 요청: 질문 인덱스 3168
2025-12-05 04:13:25,011 - INFO - 클라이언트 678 요청: 질문 인덱스 109
2025-12-05 04:13:25,029 - INFO - 클라이언트 123 요청: 질문 인덱스 1336
2025-12-05 04:13:25,030 - INFO - 클라이언트 679 요청: 질문 인덱스 2179
2025-12-05 04:13:25,032 - INFO - 클라이언트 75 요청: 질문 인덱스 2196
2025-12-05 04:13:25,033 - INFO - 클라이언트 414 요청: 질문 인덱스 599
2025-12-05 04:13:25,045 - INFO - 클라이언트 494 요청: 질문 인덱스 2453
2025-12-05 04:13:25,045 - INFO - 클라이언트 25 요청: 질문 인덱스 345
2025-12-05 04:13:25,050 - INFO - 클라이언트 680 요청: 질문 인덱스 2544
2025-12-05 04:13:25,071 - INFO - 클라이언트 681 요청: 질문 인덱스 750
2025-12-05 04:13:25,090 - INFO - 클라이언트 682 요청: 질문 인덱스 2682
2025-12-05 04:13:25,091 - INFO - 클라이언트 652 요청: 질문 인덱스 2242
2025-12-05 04:13:25,111 - INFO - 클라이언트 683 요청: 질문 인덱스 1660
2025-12-05 04:13:25,124 - INFO - 클라이언트 544 요청: 질문 인덱스 2053
2025-12-05 04:13:25,131 - INFO - 클라이언트 684 요청: 질문 인덱스 3131
2025-12-05 04:13:25,151 - INFO - 클라이언트 685 요청: 질문 인덱스 720
2025-12-05 04:13:25,170 - INFO - 클라이언트 686 요청: 질문 인덱스 2130
2025-12-05 04:13:25,191 - INFO - 클라이언트 687 요청: 질문 인덱스 1783
2025-12-05 04:13:25,210 - INFO - 클라이언트 688 요청: 질문 인덱스 603
2025-12-05 04:13:25,218 - INFO - 클라이언트 82 요청: 질문 인덱스 2462
2025-12-05 04:13:25,228 - INFO - 클라이언트 169 요청: 질문 인덱스 1732
2025-12-05 04:13:25,231 - INFO - 클라이언트 689 요청: 질문 인덱스 2292
2025-12-05 04:13:25,231 - INFO - 클라이언트 1 요청: 질문 인덱스 1786
2025-12-05 04:13:25,239 - INFO - 클라이언트 37 요청: 질문 인덱스 3145
2025-12-05 04:13:25,250 - INFO - 클라이언트 690 요청: 질문 인덱스 1632
2025-12-05 04:13:25,251 - INFO - 클라이언트 26 요청: 질문 인덱스 2210
2025-12-05 04:13:25,271 - INFO - 클라이언트 691 요청: 질문 인덱스 409
2025-12-05 04:13:25,278 - INFO - 클라이언트 94 요청: 질문 인덱스 2214
2025-12-05 04:13:25,291 - INFO - 클라이언트 692 요청: 질문 인덱스 1046
2025-12-05 04:13:25,295 - INFO - 클라이언트 582 요청: 질문 인덱스 2421
2025-12-05 04:13:25,304 - INFO - 클라이언트 384 요청: 질문 인덱스 2922
2025-12-05 04:13:25,306 - INFO - 클라이언트 125 요청: 질문 인덱스 1850
2025-12-05 04:13:25,311 - INFO - 클라이언트 693 요청: 질문 인덱스 746
2025-12-05 04:13:25,318 - INFO - 클라이언트 602 요청: 질문 인덱스 1324
2025-12-05 04:13:25,327 - INFO - 클라이언트 668 요청: 질문 인덱스 1305
2025-12-05 04:13:25,331 - INFO - 클라이언트 694 요청: 질문 인덱스 1571
2025-12-05 04:13:25,350 - INFO - 클라이언트 695 요청: 질문 인덱스 597
2025-12-05 04:13:25,370 - INFO - 클라이언트 696 요청: 질문 인덱스 1161
2025-12-05 04:13:25,371 - INFO - 클라이언트 282 요청: 질문 인덱스 2325
2025-12-05 04:13:25,391 - INFO - 클라이언트 697 요청: 질문 인덱스 1473
2025-12-05 04:13:25,411 - INFO - 클라이언트 698 요청: 질문 인덱스 2281
2025-12-05 04:13:25,419 - INFO - 클라이언트 486 요청: 질문 인덱스 86
2025-12-05 04:13:25,430 - INFO - 클라이언트 699 요청: 질문 인덱스 416
2025-12-05 04:13:25,436 - INFO - 클라이언트 586 요청: 질문 인덱스 1450
2025-12-05 04:13:25,451 - INFO - 클라이언트 700 요청: 질문 인덱스 637
2025-12-05 04:13:25,470 - INFO - 클라이언트 701 요청: 질문 인덱스 259
2025-12-05 04:13:25,473 - INFO - 클라이언트 351 요청: 질문 인덱스 2367
2025-12-05 04:13:25,491 - INFO - 클라이언트 702 요청: 질문 인덱스 3227
2025-12-05 04:13:25,503 - INFO - 클라이언트 137 요청: 질문 인덱스 2613
2025-12-05 04:13:25,510 - INFO - 클라이언트 703 요청: 질문 인덱스 1633
2025-12-05 04:13:25,515 - INFO - 클라이언트 20 요청: 질문 인덱스 520
2025-12-05 04:13:25,531 - INFO - 클라이언트 704 요청: 질문 인덱스 1501
2025-12-05 04:13:25,539 - INFO - 클라이언트 247 요청: 질문 인덱스 590
2025-12-05 04:13:25,540 - INFO - 클라이언트 558 요청: 질문 인덱스 262
2025-12-05 04:13:25,543 - INFO - 클라이언트 626 요청: 질문 인덱스 2378
2025-12-05 04:13:25,550 - INFO - 클라이언트 705 요청: 질문 인덱스 358
2025-12-05 04:13:25,570 - INFO - 클라이언트 706 요청: 질문 인덱스 833
2025-12-05 04:13:25,584 - INFO - 클라이언트 191 요청: 질문 인덱스 329
2025-12-05 04:13:25,591 - INFO - 클라이언트 707 요청: 질문 인덱스 648
2025-12-05 04:13:25,602 - INFO - 클라이언트 147 요청: 질문 인덱스 3016
2025-12-05 04:13:25,606 - INFO - 클라이언트 558 요청: 질문 인덱스 2984
2025-12-05 04:13:25,610 - INFO - 클라이언트 708 요청: 질문 인덱스 1917
2025-12-05 04:13:25,619 - INFO - 클라이언트 348 요청: 질문 인덱스 1553
2025-12-05 04:13:25,631 - INFO - 클라이언트 709 요청: 질문 인덱스 3016
2025-12-05 04:13:25,647 - INFO - 클라이언트 270 요청: 질문 인덱스 2062
2025-12-05 04:13:25,650 - INFO - 클라이언트 710 요청: 질문 인덱스 1810
2025-12-05 04:13:25,668 - INFO - 클라이언트 403 요청: 질문 인덱스 2799
2025-12-05 04:13:25,671 - INFO - 클라이언트 711 요청: 질문 인덱스 2288
2025-12-05 04:13:25,681 - INFO - 클라이언트 202 요청: 질문 인덱스 2358
2025-12-05 04:13:25,690 - INFO - 클라이언트 712 요청: 질문 인덱스 2671
2025-12-05 04:13:25,699 - INFO - 클라이언트 365 요청: 질문 인덱스 2805
2025-12-05 04:13:25,707 - INFO - 클라이언트 48 요청: 질문 인덱스 2158
2025-12-05 04:13:25,708 - INFO - 클라이언트 612 요청: 질문 인덱스 1629
2025-12-05 04:13:25,710 - INFO - 클라이언트 713 요청: 질문 인덱스 1144
2025-12-05 04:13:25,731 - INFO - 클라이언트 714 요청: 질문 인덱스 1837
2025-12-05 04:13:25,750 - INFO - 클라이언트 715 요청: 질문 인덱스 537
2025-12-05 04:13:25,756 - INFO - 클라이언트 216 요청: 질문 인덱스 63
2025-12-05 04:13:25,770 - INFO - 클라이언트 716 요청: 질문 인덱스 3167
2025-12-05 04:13:25,774 - INFO - 클라이언트 687 요청: 질문 인덱스 2546
2025-12-05 04:13:25,791 - INFO - 클라이언트 717 요청: 질문 인덱스 2834
2025-12-05 04:13:25,807 - INFO - 클라이언트 420 요청: 질문 인덱스 143
2025-12-05 04:13:25,811 - INFO - 클라이언트 718 요청: 질문 인덱스 1102
2025-12-05 04:13:25,831 - INFO - 클라이언트 719 요청: 질문 인덱스 399
2025-12-05 04:13:25,838 - INFO - 클라이언트 90 요청: 질문 인덱스 2756
2025-12-05 04:13:25,850 - INFO - 클라이언트 720 요청: 질문 인덱스 273
2025-12-05 04:13:25,869 - INFO - 클라이언트 360 요청: 질문 인덱스 1138
2025-12-05 04:13:25,870 - INFO - 클라이언트 721 요청: 질문 인덱스 1402
2025-12-05 04:13:25,876 - INFO - 클라이언트 28 요청: 질문 인덱스 3257
2025-12-05 04:13:25,881 - INFO - 클라이언트 282 요청: 질문 인덱스 1956
2025-12-05 04:13:25,890 - INFO - 클라이언트 157 요청: 질문 인덱스 434
2025-12-05 04:13:25,891 - INFO - 클라이언트 722 요청: 질문 인덱스 3074
2025-12-05 04:13:25,899 - INFO - 클라이언트 619 요청: 질문 인덱스 2316
2025-12-05 04:13:25,911 - INFO - 클라이언트 723 요청: 질문 인덱스 724
2025-12-05 04:13:25,911 - INFO - 클라이언트 142 요청: 질문 인덱스 1983
2025-12-05 04:13:25,913 - INFO - 클라이언트 566 요청: 질문 인덱스 1224
2025-12-05 04:13:25,930 - INFO - 클라이언트 724 요청: 질문 인덱스 3204
2025-12-05 04:13:25,934 - INFO - 클라이언트 287 요청: 질문 인덱스 2214
2025-12-05 04:13:25,950 - INFO - 클라이언트 725 요청: 질문 인덱스 811
2025-12-05 04:13:25,970 - INFO - 클라이언트 726 요청: 질문 인덱스 2870
2025-12-05 04:13:25,974 - INFO - 클라이언트 698 요청: 질문 인덱스 2087
2025-12-05 04:13:25,987 - INFO - 클라이언트 276 요청: 질문 인덱스 778
2025-12-05 04:13:25,991 - INFO - 클라이언트 727 요청: 질문 인덱스 2134
2025-12-05 04:13:26,011 - INFO - 클라이언트 728 요청: 질문 인덱스 771
2025-12-05 04:13:26,030 - INFO - 클라이언트 729 요청: 질문 인덱스 2389
2025-12-05 04:13:26,050 - INFO - 클라이언트 392 요청: 질문 인덱스 290
2025-12-05 04:13:26,051 - INFO - 클라이언트 730 요청: 질문 인덱스 1765
2025-12-05 04:13:26,071 - INFO - 클라이언트 731 요청: 질문 인덱스 1010
2025-12-05 04:13:26,091 - INFO - 클라이언트 732 요청: 질문 인덱스 1228
2025-12-05 04:13:26,103 - INFO - 클라이언트 165 요청: 질문 인덱스 2736
2025-12-05 04:13:26,111 - INFO - 클라이언트 733 요청: 질문 인덱스 991
2025-12-05 04:13:26,111 - INFO - 클라이언트 132 요청: 질문 인덱스 2563
2025-12-05 04:13:26,113 - INFO - 클라이언트 405 요청: 질문 인덱스 2588
2025-12-05 04:13:26,132 - INFO - 클라이언트 734 요청: 질문 인덱스 2436
2025-12-05 04:13:26,151 - INFO - 클라이언트 735 요청: 질문 인덱스 69
2025-12-05 04:13:26,154 - INFO - 클라이언트 268 요청: 질문 인덱스 1641
2025-12-05 04:13:26,170 - INFO - 클라이언트 736 요청: 질문 인덱스 1212
2025-12-05 04:13:26,191 - INFO - 클라이언트 737 요청: 질문 인덱스 1769
2025-12-05 04:13:26,193 - INFO - 클라이언트 173 요청: 질문 인덱스 3252
2025-12-05 04:13:26,210 - INFO - 클라이언트 738 요청: 질문 인덱스 219
2025-12-05 04:13:26,231 - INFO - 클라이언트 739 요청: 질문 인덱스 2383
2025-12-05 04:13:26,245 - INFO - 클라이언트 194 요청: 질문 인덱스 295
2025-12-05 04:13:26,251 - INFO - 클라이언트 740 요청: 질문 인덱스 3121
2025-12-05 04:13:26,259 - INFO - 클라이언트 535 요청: 질문 인덱스 208
2025-12-05 04:13:26,272 - INFO - 클라이언트 741 요청: 질문 인덱스 336
2025-12-05 04:13:26,274 - INFO - 클라이언트 188 요청: 질문 인덱스 797
2025-12-05 04:13:26,291 - INFO - 클라이언트 742 요청: 질문 인덱스 1657
2025-12-05 04:13:26,310 - INFO - 클라이언트 743 요청: 질문 인덱스 1048
2025-12-05 04:13:26,331 - INFO - 클라이언트 744 요청: 질문 인덱스 1339
2025-12-05 04:13:26,333 - INFO - 클라이언트 295 요청: 질문 인덱스 158
2025-12-05 04:13:26,351 - INFO - 클라이언트 745 요청: 질문 인덱스 1064
2025-12-05 04:13:26,371 - INFO - 클라이언트 746 요청: 질문 인덱스 1717
2025-12-05 04:13:26,390 - INFO - 클라이언트 747 요청: 질문 인덱스 1178
2025-12-05 04:13:26,395 - INFO - 클라이언트 208 요청: 질문 인덱스 3119
2025-12-05 04:13:26,401 - INFO - [실시간] 요청 1000개 처리 | 현재까지의 RPS: 66.85최근 1000개 request의 p99 TTFT: 0.1711 초 | 
2025-12-05 04:13:26,411 - INFO - 클라이언트 748 요청: 질문 인덱스 2578
2025-12-05 04:13:26,415 - INFO - 클라이언트 665 요청: 질문 인덱스 2976
2025-12-05 04:13:26,420 - INFO - 클라이언트 2 요청: 질문 인덱스 3211
2025-12-05 04:13:26,431 - INFO - 클라이언트 749 요청: 질문 인덱스 1447
2025-12-05 04:13:26,436 - INFO - 클라이언트 120 요청: 질문 인덱스 458
2025-12-05 04:13:26,451 - INFO - 클라이언트 750 요청: 질문 인덱스 3054
2025-12-05 04:13:26,460 - INFO - 클라이언트 721 요청: 질문 인덱스 1742
2025-12-05 04:13:26,471 - INFO - 클라이언트 751 요청: 질문 인덱스 2003
2025-12-05 04:13:26,478 - INFO - 클라이언트 435 요청: 질문 인덱스 2821
2025-12-05 04:13:26,481 - INFO - 클라이언트 468 요청: 질문 인덱스 2035
2025-12-05 04:13:26,486 - INFO - 클라이언트 607 요청: 질문 인덱스 1203
2025-12-05 04:13:26,491 - INFO - 클라이언트 376 요청: 질문 인덱스 2005
2025-12-05 04:13:26,491 - INFO - 클라이언트 446 요청: 질문 인덱스 1146
2025-12-05 04:13:26,491 - INFO - 클라이언트 752 요청: 질문 인덱스 2885
2025-12-05 04:13:26,510 - INFO - 클라이언트 753 요청: 질문 인덱스 1005
2025-12-05 04:13:26,531 - INFO - 클라이언트 754 요청: 질문 인덱스 14
2025-12-05 04:13:26,552 - INFO - 클라이언트 755 요청: 질문 인덱스 2904
2025-12-05 04:13:26,564 - INFO - 클라이언트 379 요청: 질문 인덱스 2539
2025-12-05 04:13:26,571 - INFO - 클라이언트 756 요청: 질문 인덱스 2223
2025-12-05 04:13:26,582 - INFO - 클라이언트 418 요청: 질문 인덱스 2916
2025-12-05 04:13:26,587 - INFO - 클라이언트 593 요청: 질문 인덱스 2066
2025-12-05 04:13:26,591 - INFO - 클라이언트 757 요청: 질문 인덱스 1092
2025-12-05 04:13:26,592 - INFO - 클라이언트 190 요청: 질문 인덱스 478
2025-12-05 04:13:26,594 - INFO - 클라이언트 470 요청: 질문 인덱스 1859
2025-12-05 04:13:26,611 - INFO - 클라이언트 758 요청: 질문 인덱스 198
2025-12-05 04:13:26,623 - INFO - 클라이언트 495 요청: 질문 인덱스 411
2025-12-05 04:13:26,631 - INFO - 클라이언트 759 요청: 질문 인덱스 1980
2025-12-05 04:13:26,636 - INFO - 클라이언트 347 요청: 질문 인덱스 2017
2025-12-05 04:13:26,637 - INFO - 클라이언트 569 요청: 질문 인덱스 138
2025-12-05 04:13:26,651 - INFO - 클라이언트 760 요청: 질문 인덱스 2771
2025-12-05 04:13:26,651 - INFO - 클라이언트 322 요청: 질문 인덱스 744
2025-12-05 04:13:26,671 - INFO - 클라이언트 761 요청: 질문 인덱스 1714
2025-12-05 04:13:26,682 - INFO - 클라이언트 305 요청: 질문 인덱스 3158
2025-12-05 04:13:26,684 - INFO - 클라이언트 12 요청: 질문 인덱스 814
2025-12-05 04:13:26,690 - INFO - 클라이언트 762 요청: 질문 인덱스 2510
2025-12-05 04:13:26,702 - INFO - 클라이언트 758 요청: 질문 인덱스 2434
2025-12-05 04:13:26,711 - INFO - 클라이언트 763 요청: 질문 인덱스 1602
2025-12-05 04:13:26,716 - INFO - 클라이언트 747 요청: 질문 인덱스 655
2025-12-05 04:13:26,726 - INFO - 클라이언트 384 요청: 질문 인덱스 2292
2025-12-05 04:13:26,730 - INFO - 클라이언트 764 요청: 질문 인덱스 1761
2025-12-05 04:13:26,746 - INFO - 클라이언트 385 요청: 질문 인덱스 2708
2025-12-05 04:13:26,751 - INFO - 클라이언트 765 요청: 질문 인덱스 1543
2025-12-05 04:13:26,754 - INFO - 클라이언트 273 요청: 질문 인덱스 735
2025-12-05 04:13:26,771 - INFO - 클라이언트 766 요청: 질문 인덱스 1586
2025-12-05 04:13:26,772 - INFO - 클라이언트 406 요청: 질문 인덱스 698
2025-12-05 04:13:26,781 - INFO - 클라이언트 613 요청: 질문 인덱스 1522
2025-12-05 04:13:26,790 - INFO - 클라이언트 767 요청: 질문 인덱스 960
2025-12-05 04:13:26,792 - INFO - 클라이언트 688 요청: 질문 인덱스 1343
2025-12-05 04:13:26,811 - INFO - 클라이언트 768 요청: 질문 인덱스 444
2025-12-05 04:13:26,832 - INFO - 클라이언트 769 요청: 질문 인덱스 3026
2025-12-05 04:13:26,851 - INFO - 클라이언트 770 요청: 질문 인덱스 2097
2025-12-05 04:13:26,871 - INFO - 클라이언트 771 요청: 질문 인덱스 1378
2025-12-05 04:13:26,879 - INFO - 클라이언트 232 요청: 질문 인덱스 768
2025-12-05 04:13:26,891 - INFO - 클라이언트 772 요청: 질문 인덱스 2927
2025-12-05 04:13:26,899 - INFO - 클라이언트 182 요청: 질문 인덱스 2901
2025-12-05 04:13:26,907 - INFO - 클라이언트 324 요청: 질문 인덱스 3013
2025-12-05 04:13:26,911 - INFO - 클라이언트 773 요청: 질문 인덱스 487
2025-12-05 04:13:26,925 - INFO - 클라이언트 422 요청: 질문 인덱스 1848
2025-12-05 04:13:26,927 - INFO - 클라이언트 596 요청: 질문 인덱스 2453
2025-12-05 04:13:26,931 - INFO - 클라이언트 774 요청: 질문 인덱스 2416
2025-12-05 04:13:26,935 - INFO - 클라이언트 199 요청: 질문 인덱스 1498
2025-12-05 04:13:26,946 - INFO - 클라이언트 97 요청: 질문 인덱스 3079
2025-12-05 04:13:26,951 - INFO - 클라이언트 775 요청: 질문 인덱스 1961
2025-12-05 04:13:26,951 - INFO - 클라이언트 719 요청: 질문 인덱스 1057
2025-12-05 04:13:26,971 - INFO - 클라이언트 776 요청: 질문 인덱스 702
2025-12-05 04:13:26,982 - INFO - 클라이언트 235 요청: 질문 인덱스 2496
2025-12-05 04:13:26,984 - INFO - 클라이언트 255 요청: 질문 인덱스 1395
2025-12-05 04:13:26,991 - INFO - 클라이언트 777 요청: 질문 인덱스 1615
2025-12-05 04:13:27,011 - INFO - 클라이언트 778 요청: 질문 인덱스 1960
2025-12-05 04:13:27,020 - INFO - 클라이언트 473 요청: 질문 인덱스 862
2025-12-05 04:13:27,031 - INFO - 클라이언트 779 요청: 질문 인덱스 1986
2025-12-05 04:13:27,051 - INFO - 클라이언트 780 요청: 질문 인덱스 1061
2025-12-05 04:13:27,066 - INFO - 클라이언트 16 요청: 질문 인덱스 3053
2025-12-05 04:13:27,071 - INFO - 클라이언트 781 요청: 질문 인덱스 1755
2025-12-05 04:13:27,074 - INFO - 클라이언트 131 요청: 질문 인덱스 2313
2025-12-05 04:13:27,091 - INFO - 클라이언트 782 요청: 질문 인덱스 3138
2025-12-05 04:13:27,111 - INFO - 클라이언트 783 요청: 질문 인덱스 948
2025-12-05 04:13:27,122 - INFO - 클라이언트 89 요청: 질문 인덱스 1281
2025-12-05 04:13:27,124 - INFO - 클라이언트 618 요청: 질문 인덱스 531
2025-12-05 04:13:27,131 - INFO - 클라이언트 784 요청: 질문 인덱스 3013
2025-12-05 04:13:27,136 - INFO - 클라이언트 285 요청: 질문 인덱스 2626
2025-12-05 04:13:27,151 - INFO - 클라이언트 785 요청: 질문 인덱스 2589
2025-12-05 04:13:27,162 - INFO - 클라이언트 67 요청: 질문 인덱스 1397
2025-12-05 04:13:27,164 - INFO - 클라이언트 197 요청: 질문 인덱스 1066
2025-12-05 04:13:27,171 - INFO - 클라이언트 786 요청: 질문 인덱스 3009
2025-12-05 04:13:27,178 - INFO - 클라이언트 98 요청: 질문 인덱스 2682
2025-12-05 04:13:27,191 - INFO - 클라이언트 787 요청: 질문 인덱스 1560
2025-12-05 04:13:27,202 - INFO - 클라이언트 773 요청: 질문 인덱스 480
2025-12-05 04:13:27,210 - INFO - 클라이언트 788 요청: 질문 인덱스 1365
2025-12-05 04:13:27,227 - INFO - 클라이언트 7 요청: 질문 인덱스 756
2025-12-05 04:13:27,229 - INFO - 클라이언트 437 요청: 질문 인덱스 1370
2025-12-05 04:13:27,231 - INFO - 클라이언트 789 요청: 질문 인덱스 2916
2025-12-05 04:13:27,237 - INFO - 클라이언트 333 요청: 질문 인덱스 2163
2025-12-05 04:13:27,250 - INFO - 클라이언트 463 요청: 질문 인덱스 963
2025-12-05 04:13:27,251 - INFO - 클라이언트 790 요청: 질문 인덱스 3118
2025-12-05 04:13:27,257 - INFO - 클라이언트 81 요청: 질문 인덱스 3016
2025-12-05 04:13:27,271 - INFO - 클라이언트 791 요청: 질문 인덱스 3234
2025-12-05 04:13:27,287 - INFO - 클라이언트 84 요청: 질문 인덱스 2492
2025-12-05 04:13:27,291 - INFO - 클라이언트 792 요청: 질문 인덱스 1988
2025-12-05 04:13:27,301 - INFO - 클라이언트 542 요청: 질문 인덱스 992
2025-12-05 04:13:27,311 - INFO - 클라이언트 793 요청: 질문 인덱스 86
2025-12-05 04:13:27,324 - INFO - 클라이언트 680 요청: 질문 인덱스 2162
2025-12-05 04:13:27,327 - INFO - 클라이언트 78 요청: 질문 인덱스 2931
2025-12-05 04:13:27,329 - INFO - 클라이언트 118 요청: 질문 인덱스 2082
2025-12-05 04:13:27,331 - INFO - 클라이언트 794 요청: 질문 인덱스 1568
2025-12-05 04:13:27,351 - INFO - 클라이언트 795 요청: 질문 인덱스 872
2025-12-05 04:13:27,356 - INFO - 클라이언트 739 요청: 질문 인덱스 581
2025-12-05 04:13:27,371 - INFO - 클라이언트 796 요청: 질문 인덱스 1828
2025-12-05 04:13:27,373 - INFO - 클라이언트 216 요청: 질문 인덱스 2241
2025-12-05 04:13:27,391 - INFO - 클라이언트 797 요청: 질문 인덱스 1520
2025-12-05 04:13:27,411 - INFO - 클라이언트 798 요청: 질문 인덱스 675
2025-12-05 04:13:27,431 - INFO - 클라이언트 799 요청: 질문 인덱스 254
2025-12-05 04:13:27,433 - INFO - 클라이언트 28 요청: 질문 인덱스 649
2025-12-05 04:13:27,434 - INFO - 클라이언트 163 요청: 질문 인덱스 2226
2025-12-05 04:13:27,452 - INFO - 클라이언트 800 요청: 질문 인덱스 876
2025-12-05 04:13:27,464 - INFO - 클라이언트 291 요청: 질문 인덱스 199
2025-12-05 04:13:27,471 - INFO - 클라이언트 801 요청: 질문 인덱스 855
2025-12-05 04:13:27,482 - INFO - 클라이언트 106 요청: 질문 인덱스 1777
2025-12-05 04:13:27,491 - INFO - 클라이언트 802 요청: 질문 인덱스 2073
2025-12-05 04:13:27,499 - INFO - 클라이언트 333 요청: 질문 인덱스 1309
2025-12-05 04:13:27,501 - INFO - 클라이언트 6 요청: 질문 인덱스 1165
2025-12-05 04:13:27,508 - INFO - 클라이언트 203 요청: 질문 인덱스 154
2025-12-05 04:13:27,511 - INFO - 클라이언트 803 요청: 질문 인덱스 911
2025-12-05 04:13:27,512 - INFO - 클라이언트 544 요청: 질문 인덱스 2922
2025-12-05 04:13:27,520 - INFO - 클라이언트 583 요청: 질문 인덱스 1830
2025-12-05 04:13:27,521 - INFO - 클라이언트 332 요청: 질문 인덱스 2191
2025-12-05 04:13:27,521 - INFO - 클라이언트 85 요청: 질문 인덱스 2869
2025-12-05 04:13:27,531 - INFO - 클라이언트 804 요청: 질문 인덱스 1086
2025-12-05 04:13:27,531 - INFO - 클라이언트 323 요청: 질문 인덱스 2966
2025-12-05 04:13:27,551 - INFO - 클라이언트 805 요청: 질문 인덱스 3093
2025-12-05 04:13:27,571 - INFO - 클라이언트 806 요청: 질문 인덱스 2580
2025-12-05 04:13:27,587 - INFO - 클라이언트 566 요청: 질문 인덱스 1997
2025-12-05 04:13:27,591 - INFO - 클라이언트 250 요청: 질문 인덱스 1994
2025-12-05 04:13:27,591 - INFO - 클라이언트 807 요청: 질문 인덱스 2196
2025-12-05 04:13:27,611 - INFO - 클라이언트 808 요청: 질문 인덱스 1838
2025-12-05 04:13:27,615 - INFO - 클라이언트 503 요청: 질문 인덱스 311
2025-12-05 04:13:27,628 - INFO - 클라이언트 19 요청: 질문 인덱스 3193
2025-12-05 04:13:27,631 - INFO - 클라이언트 809 요청: 질문 인덱스 2360
2025-12-05 04:13:27,636 - INFO - 클라이언트 51 요청: 질문 인덱스 2245
2025-12-05 04:13:27,652 - INFO - 클라이언트 810 요청: 질문 인덱스 629
2025-12-05 04:13:27,661 - INFO - 클라이언트 248 요청: 질문 인덱스 177
2025-12-05 04:13:27,662 - INFO - 클라이언트 72 요청: 질문 인덱스 232
2025-12-05 04:13:27,665 - INFO - 클라이언트 795 요청: 질문 인덱스 2554
2025-12-05 04:13:27,671 - INFO - 클라이언트 811 요청: 질문 인덱스 1120
2025-12-05 04:13:27,677 - INFO - 클라이언트 185 요청: 질문 인덱스 1687
2025-12-05 04:13:27,691 - INFO - 클라이언트 129 요청: 질문 인덱스 2992
2025-12-05 04:13:27,691 - INFO - 클라이언트 812 요청: 질문 인덱스 2118
2025-12-05 04:13:27,711 - INFO - 클라이언트 813 요청: 질문 인덱스 2754
2025-12-05 04:13:27,731 - INFO - 클라이언트 814 요청: 질문 인덱스 2524
2025-12-05 04:13:27,739 - INFO - 클라이언트 690 요청: 질문 인덱스 416
2025-12-05 04:13:27,746 - INFO - 클라이언트 244 요청: 질문 인덱스 998
2025-12-05 04:13:27,751 - INFO - 클라이언트 815 요청: 질문 인덱스 1349
2025-12-05 04:13:27,751 - INFO - 클라이언트 364 요청: 질문 인덱스 1601
2025-12-05 04:13:27,767 - INFO - 클라이언트 614 요청: 질문 인덱스 1426
2025-12-05 04:13:27,771 - INFO - 클라이언트 816 요청: 질문 인덱스 2345
2025-12-05 04:13:27,789 - INFO - 클라이언트 296 요청: 질문 인덱스 2545
2025-12-05 04:13:27,791 - INFO - 클라이언트 817 요청: 질문 인덱스 3175
2025-12-05 04:13:27,811 - INFO - 클라이언트 818 요청: 질문 인덱스 1889
2025-12-05 04:13:27,816 - INFO - 클라이언트 396 요청: 질문 인덱스 1494
2025-12-05 04:13:27,828 - INFO - 클라이언트 153 요청: 질문 인덱스 1981
2025-12-05 04:13:27,831 - INFO - 클라이언트 819 요청: 질문 인덱스 367
2025-12-05 04:13:27,852 - INFO - 클라이언트 820 요청: 질문 인덱스 1558
2025-12-05 04:13:27,869 - INFO - 클라이언트 535 요청: 질문 인덱스 2824
2025-12-05 04:13:27,869 - INFO - 클라이언트 793 요청: 질문 인덱스 2087
2025-12-05 04:13:27,871 - INFO - 클라이언트 821 요청: 질문 인덱스 3042
2025-12-05 04:13:27,884 - INFO - 클라이언트 431 요청: 질문 인덱스 1740
2025-12-05 04:13:27,891 - INFO - 클라이언트 822 요청: 질문 인덱스 1376
2025-12-05 04:13:27,911 - INFO - 클라이언트 823 요청: 질문 인덱스 628
2025-12-05 04:13:27,923 - INFO - 클라이언트 608 요청: 질문 인덱스 1300
2025-12-05 04:13:27,931 - INFO - 클라이언트 824 요청: 질문 인덱스 1313
2025-12-05 04:13:27,937 - INFO - 클라이언트 713 요청: 질문 인덱스 61
2025-12-05 04:13:27,938 - INFO - 클라이언트 278 요청: 질문 인덱스 81
2025-12-05 04:13:27,951 - INFO - 클라이언트 660 요청: 질문 인덱스 363
2025-12-05 04:13:27,951 - INFO - 클라이언트 825 요청: 질문 인덱스 632
2025-12-05 04:13:27,953 - INFO - 클라이언트 180 요청: 질문 인덱스 1424
2025-12-05 04:13:27,957 - INFO - 클라이언트 442 요청: 질문 인덱스 200
2025-12-05 04:13:27,962 - INFO - 클라이언트 475 요청: 질문 인덱스 1594
2025-12-05 04:13:27,963 - INFO - 클라이언트 97 요청: 질문 인덱스 298
2025-12-05 04:13:27,971 - INFO - 클라이언트 826 요청: 질문 인덱스 2239
2025-12-05 04:13:27,991 - INFO - 클라이언트 827 요청: 질문 인덱스 645
2025-12-05 04:13:28,007 - INFO - 클라이언트 609 요청: 질문 인덱스 2570
2025-12-05 04:13:28,010 - INFO - 클라이언트 704 요청: 질문 인덱스 360
2025-12-05 04:13:28,011 - INFO - 클라이언트 828 요청: 질문 인덱스 533
2025-12-05 04:13:28,013 - INFO - 클라이언트 380 요청: 질문 인덱스 2158
2025-12-05 04:13:28,021 - INFO - 클라이언트 726 요청: 질문 인덱스 2337
2025-12-05 04:13:28,023 - INFO - 클라이언트 693 요청: 질문 인덱스 2226
2025-12-05 04:13:28,031 - INFO - 클라이언트 829 요청: 질문 인덱스 1978
2025-12-05 04:13:28,051 - INFO - 클라이언트 830 요청: 질문 인덱스 414
2025-12-05 04:13:28,058 - INFO - 클라이언트 177 요청: 질문 인덱스 2596
2025-12-05 04:13:28,071 - INFO - 클라이언트 831 요청: 질문 인덱스 2800
2025-12-05 04:13:28,080 - INFO - 클라이언트 36 요청: 질문 인덱스 2096
2025-12-05 04:13:28,080 - INFO - 클라이언트 116 요청: 질문 인덱스 421
2025-12-05 04:13:28,091 - INFO - 클라이언트 832 요청: 질문 인덱스 900
2025-12-05 04:13:28,112 - INFO - 클라이언트 833 요청: 질문 인덱스 2540
2025-12-05 04:13:28,124 - INFO - 클라이언트 369 요청: 질문 인덱스 349
2025-12-05 04:13:28,131 - INFO - 클라이언트 834 요청: 질문 인덱스 1065
2025-12-05 04:13:28,151 - INFO - 클라이언트 835 요청: 질문 인덱스 3044
2025-12-05 04:13:28,152 - INFO - 클라이언트 794 요청: 질문 인덱스 2809
2025-12-05 04:13:28,168 - INFO - 클라이언트 289 요청: 질문 인덱스 1842
2025-12-05 04:13:28,172 - INFO - 클라이언트 836 요청: 질문 인덱스 2954
2025-12-05 04:13:28,192 - INFO - 클라이언트 837 요청: 질문 인덱스 1458
2025-12-05 04:13:28,212 - INFO - 클라이언트 838 요청: 질문 인덱스 1536
2025-12-05 04:13:28,227 - INFO - 클라이언트 815 요청: 질문 인덱스 2737
2025-12-05 04:13:28,232 - INFO - 클라이언트 839 요청: 질문 인덱스 3043
2025-12-05 04:13:28,240 - INFO - 클라이언트 233 요청: 질문 인덱스 3101
2025-12-05 04:13:28,243 - INFO - 클라이언트 628 요청: 질문 인덱스 2904
2025-12-05 04:13:28,251 - INFO - 클라이언트 840 요청: 질문 인덱스 1417
2025-12-05 04:13:28,252 - INFO - 클라이언트 357 요청: 질문 인덱스 1150
2025-12-05 04:13:28,272 - INFO - 클라이언트 841 요청: 질문 인덱스 1948
2025-12-05 04:13:28,281 - INFO - 클라이언트 434 요청: 질문 인덱스 81
2025-12-05 04:13:28,291 - INFO - 클라이언트 842 요청: 질문 인덱스 1605
2025-12-05 04:13:28,296 - INFO - 클라이언트 682 요청: 질문 인덱스 3204
2025-12-05 04:13:28,302 - INFO - 클라이언트 330 요청: 질문 인덱스 1687
2025-12-05 04:13:28,312 - INFO - 클라이언트 843 요청: 질문 인덱스 1923
2025-12-05 04:13:28,312 - INFO - 클라이언트 705 요청: 질문 인덱스 268
2025-12-05 04:13:28,326 - INFO - 클라이언트 372 요청: 질문 인덱스 2006
2025-12-05 04:13:28,331 - INFO - 클라이언트 844 요청: 질문 인덱스 911
2025-12-05 04:13:28,336 - INFO - 클라이언트 224 요청: 질문 인덱스 565
2025-12-05 04:13:28,346 - INFO - 클라이언트 719 요청: 질문 인덱스 1994
2025-12-05 04:13:28,351 - INFO - 클라이언트 845 요청: 질문 인덱스 468
2025-12-05 04:13:28,365 - INFO - 클라이언트 406 요청: 질문 인덱스 3000
2025-12-05 04:13:28,371 - INFO - 클라이언트 846 요청: 질문 인덱스 2576
2025-12-05 04:13:28,392 - INFO - 클라이언트 847 요청: 질문 인덱스 3150
2025-12-05 04:13:28,395 - INFO - 클라이언트 452 요청: 질문 인덱스 344
2025-12-05 04:13:28,405 - INFO - 클라이언트 585 요청: 질문 인덱스 1490
2025-12-05 04:13:28,412 - INFO - 클라이언트 848 요청: 질문 인덱스 800
2025-12-05 04:13:28,416 - INFO - 클라이언트 252 요청: 질문 인덱스 2598
2025-12-05 04:13:28,423 - INFO - 클라이언트 789 요청: 질문 인덱스 961
2025-12-05 04:13:28,431 - INFO - 클라이언트 849 요청: 질문 인덱스 305
2025-12-05 04:13:28,434 - INFO - 클라이언트 98 요청: 질문 인덱스 284
2025-12-05 04:13:28,451 - INFO - 클라이언트 850 요청: 질문 인덱스 1208
2025-12-05 04:13:28,457 - INFO - 클라이언트 262 요청: 질문 인덱스 666
2025-12-05 04:13:28,470 - INFO - 클라이언트 744 요청: 질문 인덱스 585
2025-12-05 04:13:28,472 - INFO - 클라이언트 851 요청: 질문 인덱스 2920
2025-12-05 04:13:28,486 - INFO - 클라이언트 7 요청: 질문 인덱스 679
2025-12-05 04:13:28,491 - INFO - 클라이언트 852 요청: 질문 인덱스 3181
2025-12-05 04:13:28,495 - INFO - 클라이언트 611 요청: 질문 인덱스 1713
2025-12-05 04:13:28,496 - INFO - 클라이언트 359 요청: 질문 인덱스 563
2025-12-05 04:13:28,497 - INFO - 클라이언트 343 요청: 질문 인덱스 2216
2025-12-05 04:13:28,512 - INFO - 클라이언트 853 요청: 질문 인덱스 891
2025-12-05 04:13:28,524 - INFO - 클라이언트 151 요청: 질문 인덱스 3003
2025-12-05 04:13:28,530 - INFO - 클라이언트 267 요청: 질문 인덱스 1639
2025-12-05 04:13:28,532 - INFO - 클라이언트 854 요청: 질문 인덱스 1136
2025-12-05 04:13:28,535 - INFO - 클라이언트 394 요청: 질문 인덱스 2330
2025-12-05 04:13:28,536 - INFO - 클라이언트 415 요청: 질문 인덱스 2335
2025-12-05 04:13:28,551 - INFO - 클라이언트 855 요청: 질문 인덱스 2555
2025-12-05 04:13:28,554 - INFO - 클라이언트 103 요청: 질문 인덱스 72
2025-12-05 04:13:28,567 - INFO - 클라이언트 612 요청: 질문 인덱스 1264
2025-12-05 04:13:28,569 - INFO - 클라이언트 271 요청: 질문 인덱스 2947
2025-12-05 04:13:28,571 - INFO - 클라이언트 856 요청: 질문 인덱스 1581
2025-12-05 04:13:28,580 - INFO - 클라이언트 105 요청: 질문 인덱스 1455
2025-12-05 04:13:28,591 - INFO - 클라이언트 857 요청: 질문 인덱스 1482
2025-12-05 04:13:28,600 - INFO - 클라이언트 96 요청: 질문 인덱스 1155
2025-12-05 04:13:28,611 - INFO - 클라이언트 858 요청: 질문 인덱스 2228
2025-12-05 04:13:28,618 - INFO - 클라이언트 95 요청: 질문 인덱스 1966
2025-12-05 04:13:28,622 - INFO - 클라이언트 337 요청: 질문 인덱스 2087
2025-12-05 04:13:28,627 - INFO - 클라이언트 102 요청: 질문 인덱스 3062
2025-12-05 04:13:28,632 - INFO - 클라이언트 859 요청: 질문 인덱스 934
2025-12-05 04:13:28,632 - INFO - 클라이언트 627 요청: 질문 인덱스 2047
2025-12-05 04:13:28,633 - INFO - 클라이언트 450 요청: 질문 인덱스 891
2025-12-05 04:13:28,651 - INFO - 클라이언트 860 요청: 질문 인덱스 3164
2025-12-05 04:13:28,662 - INFO - 클라이언트 746 요청: 질문 인덱스 2662
2025-12-05 04:13:28,664 - INFO - 클라이언트 14 요청: 질문 인덱스 235
2025-12-05 04:13:28,665 - INFO - 클라이언트 734 요청: 질문 인덱스 2572
2025-12-05 04:13:28,668 - INFO - 클라이언트 291 요청: 질문 인덱스 342
2025-12-05 04:13:28,671 - INFO - 클라이언트 861 요청: 질문 인덱스 2868
2025-12-05 04:13:28,691 - INFO - 클라이언트 862 요청: 질문 인덱스 1138
2025-12-05 04:13:28,696 - INFO - 클라이언트 39 요청: 질문 인덱스 398
2025-12-05 04:13:28,704 - INFO - 클라이언트 102 요청: 질문 인덱스 151
2025-12-05 04:13:28,712 - INFO - 클라이언트 863 요청: 질문 인덱스 358
2025-12-05 04:13:28,724 - INFO - 클라이언트 574 요청: 질문 인덱스 257
2025-12-05 04:13:28,731 - INFO - 클라이언트 864 요청: 질문 인덱스 2847
2025-12-05 04:13:28,738 - INFO - 클라이언트 193 요청: 질문 인덱스 1752
2025-12-05 04:13:28,746 - INFO - 클라이언트 656 요청: 질문 인덱스 3085
2025-12-05 04:13:28,751 - INFO - 클라이언트 865 요청: 질문 인덱스 899
2025-12-05 04:13:28,760 - INFO - 클라이언트 625 요청: 질문 인덱스 406
2025-12-05 04:13:28,771 - INFO - 클라이언트 866 요청: 질문 인덱스 2243
2025-12-05 04:13:28,791 - INFO - 클라이언트 867 요청: 질문 인덱스 2046
2025-12-05 04:13:28,807 - INFO - 클라이언트 317 요청: 질문 인덱스 2607
2025-12-05 04:13:28,811 - INFO - 클라이언트 868 요청: 질문 인덱스 114
2025-12-05 04:13:28,813 - INFO - 클라이언트 752 요청: 질문 인덱스 3081
2025-12-05 04:13:28,818 - INFO - 클라이언트 302 요청: 질문 인덱스 1143
2025-12-05 04:13:28,831 - INFO - 클라이언트 869 요청: 질문 인덱스 2736
2025-12-05 04:13:28,839 - INFO - 클라이언트 73 요청: 질문 인덱스 427
2025-12-05 04:13:28,851 - INFO - 클라이언트 870 요청: 질문 인덱스 3083
2025-12-05 04:13:28,852 - INFO - 클라이언트 390 요청: 질문 인덱스 3058
2025-12-05 04:13:28,859 - INFO - 클라이언트 612 요청: 질문 인덱스 2877
2025-12-05 04:13:28,870 - INFO - 클라이언트 535 요청: 질문 인덱스 2216
2025-12-05 04:13:28,871 - INFO - 클라이언트 871 요청: 질문 인덱스 71
2025-12-05 04:13:28,880 - INFO - 클라이언트 108 요청: 질문 인덱스 689
2025-12-05 04:13:28,886 - INFO - 클라이언트 182 요청: 질문 인덱스 1056
2025-12-05 04:13:28,891 - INFO - 클라이언트 872 요청: 질문 인덱스 2405
2025-12-05 04:13:28,892 - INFO - 클라이언트 241 요청: 질문 인덱스 2971
2025-12-05 04:13:28,896 - INFO - 클라이언트 140 요청: 질문 인덱스 163
2025-12-05 04:13:28,912 - INFO - 클라이언트 873 요청: 질문 인덱스 936
2025-12-05 04:13:28,915 - INFO - 클라이언트 230 요청: 질문 인덱스 2767
2025-12-05 04:13:28,931 - INFO - 클라이언트 654 요청: 질문 인덱스 1291
2025-12-05 04:13:28,931 - INFO - 클라이언트 68 요청: 질문 인덱스 387
2025-12-05 04:13:28,932 - INFO - 클라이언트 874 요청: 질문 인덱스 259
2025-12-05 04:13:28,932 - INFO - 클라이언트 462 요청: 질문 인덱스 1911
2025-12-05 04:13:28,941 - INFO - 클라이언트 483 요청: 질문 인덱스 2644
2025-12-05 04:13:28,951 - INFO - 클라이언트 875 요청: 질문 인덱스 2175
2025-12-05 04:13:28,955 - INFO - 클라이언트 491 요청: 질문 인덱스 2651
2025-12-05 04:13:28,961 - INFO - 클라이언트 277 요청: 질문 인덱스 1231
2025-12-05 04:13:28,969 - INFO - 클라이언트 534 요청: 질문 인덱스 2263
2025-12-05 04:13:28,971 - INFO - 클라이언트 876 요청: 질문 인덱스 597
2025-12-05 04:13:28,984 - INFO - 클라이언트 126 요청: 질문 인덱스 1061
2025-12-05 04:13:28,986 - INFO - 클라이언트 206 요청: 질문 인덱스 2171
2025-12-05 04:13:28,990 - INFO - 클라이언트 358 요청: 질문 인덱스 1507
2025-12-05 04:13:28,991 - INFO - 클라이언트 877 요청: 질문 인덱스 426
2025-12-05 04:13:29,008 - INFO - 클라이언트 785 요청: 질문 인덱스 230
2025-12-05 04:13:29,011 - INFO - 클라이언트 878 요청: 질문 인덱스 1525
2025-12-05 04:13:29,019 - INFO - 클라이언트 234 요청: 질문 인덱스 3142
2025-12-05 04:13:29,032 - INFO - 클라이언트 879 요청: 질문 인덱스 2015
2025-12-05 04:13:29,047 - INFO - 클라이언트 767 요청: 질문 인덱스 625
2025-12-05 04:13:29,052 - INFO - 클라이언트 880 요청: 질문 인덱스 3172
2025-12-05 04:13:29,067 - INFO - 클라이언트 430 요청: 질문 인덱스 2252
2025-12-05 04:13:29,072 - INFO - 클라이언트 881 요청: 질문 인덱스 3036
2025-12-05 04:13:29,080 - INFO - 클라이언트 81 요청: 질문 인덱스 1608
2025-12-05 04:13:29,087 - INFO - 클라이언트 574 요청: 질문 인덱스 1206
2025-12-05 04:13:29,092 - INFO - 클라이언트 882 요청: 질문 인덱스 2020
2025-12-05 04:13:29,111 - INFO - 클라이언트 883 요청: 질문 인덱스 122
2025-12-05 04:13:29,119 - INFO - 클라이언트 309 요청: 질문 인덱스 945
2025-12-05 04:13:29,132 - INFO - 클라이언트 884 요청: 질문 인덱스 2538
2025-12-05 04:13:29,152 - INFO - 클라이언트 885 요청: 질문 인덱스 2072
2025-12-05 04:13:29,159 - INFO - 클라이언트 17 요청: 질문 인덱스 2817
2025-12-05 04:13:29,171 - INFO - 클라이언트 886 요청: 질문 인덱스 620
2025-12-05 04:13:29,191 - INFO - 클라이언트 887 요청: 질문 인덱스 3106
2025-12-05 04:13:29,213 - INFO - 클라이언트 888 요청: 질문 인덱스 300
2025-12-05 04:13:29,231 - INFO - 클라이언트 889 요청: 질문 인덱스 2403
2025-12-05 04:13:29,244 - INFO - 클라이언트 431 요청: 질문 인덱스 655
2025-12-05 04:13:29,251 - INFO - 클라이언트 890 요청: 질문 인덱스 11
2025-12-05 04:13:29,271 - INFO - 클라이언트 891 요청: 질문 인덱스 3038
2025-12-05 04:13:29,286 - INFO - 클라이언트 773 요청: 질문 인덱스 2488
2025-12-05 04:13:29,291 - INFO - 클라이언트 892 요청: 질문 인덱스 222
2025-12-05 04:13:29,300 - INFO - 클라이언트 811 요청: 질문 인덱스 2119
2025-12-05 04:13:29,300 - INFO - 클라이언트 857 요청: 질문 인덱스 630
2025-12-05 04:13:29,302 - INFO - 클라이언트 858 요청: 질문 인덱스 2258
2025-12-05 04:13:29,304 - INFO - 클라이언트 42 요청: 질문 인덱스 1279
2025-12-05 04:13:29,311 - INFO - 클라이언트 893 요청: 질문 인덱스 1229
2025-12-05 04:13:29,314 - INFO - 클라이언트 318 요청: 질문 인덱스 2993
2025-12-05 04:13:29,315 - INFO - 클라이언트 659 요청: 질문 인덱스 1189
2025-12-05 04:13:29,320 - INFO - 클라이언트 825 요청: 질문 인덱스 1445
2025-12-05 04:13:29,332 - INFO - 클라이언트 894 요청: 질문 인덱스 800
2025-12-05 04:13:29,339 - INFO - 클라이언트 690 요청: 질문 인덱스 2807
2025-12-05 04:13:29,346 - INFO - 클라이언트 666 요청: 질문 인덱스 2889
2025-12-05 04:13:29,348 - INFO - 클라이언트 149 요청: 질문 인덱스 3076
2025-12-05 04:13:29,348 - INFO - 클라이언트 877 요청: 질문 인덱스 1565
2025-12-05 04:13:29,352 - INFO - 클라이언트 895 요청: 질문 인덱스 1454
2025-12-05 04:13:29,373 - INFO - 클라이언트 896 요청: 질문 인덱스 504
2025-12-05 04:13:29,388 - INFO - 클라이언트 53 요청: 질문 인덱스 1823
2025-12-05 04:13:29,392 - INFO - 클라이언트 897 요청: 질문 인덱스 317
2025-12-05 04:13:29,411 - INFO - 클라이언트 898 요청: 질문 인덱스 2234
2025-12-05 04:13:29,412 - INFO - 클라이언트 56 요청: 질문 인덱스 2424
2025-12-05 04:13:29,432 - INFO - 클라이언트 899 요청: 질문 인덱스 1292
2025-12-05 04:13:29,446 - INFO - 클라이언트 536 요청: 질문 인덱스 3198
2025-12-05 04:13:29,452 - INFO - 클라이언트 900 요청: 질문 인덱스 780
2025-12-05 04:13:29,472 - INFO - 클라이언트 901 요청: 질문 인덱스 1629
2025-12-05 04:13:29,491 - INFO - 클라이언트 902 요청: 질문 인덱스 2003
2025-12-05 04:13:29,498 - INFO - 클라이언트 899 요청: 질문 인덱스 591
2025-12-05 04:13:29,511 - INFO - 클라이언트 903 요청: 질문 인덱스 29
2025-12-05 04:13:29,532 - INFO - 클라이언트 904 요청: 질문 인덱스 352
2025-12-05 04:13:29,552 - INFO - 클라이언트 905 요청: 질문 인덱스 513
2025-12-05 04:13:29,556 - INFO - 클라이언트 179 요청: 질문 인덱스 242
2025-12-05 04:13:29,562 - INFO - 클라이언트 457 요청: 질문 인덱스 2516
2025-12-05 04:13:29,571 - INFO - 클라이언트 906 요청: 질문 인덱스 1416
2025-12-05 04:13:29,591 - INFO - 클라이언트 907 요청: 질문 인덱스 3091
2025-12-05 04:13:29,602 - INFO - 클라이언트 152 요청: 질문 인덱스 3054
2025-12-05 04:13:29,611 - INFO - 클라이언트 908 요청: 질문 인덱스 838
2025-12-05 04:13:29,618 - INFO - 클라이언트 577 요청: 질문 인덱스 2762
2025-12-05 04:13:29,631 - INFO - 클라이언트 312 요청: 질문 인덱스 3256
2025-12-05 04:13:29,631 - INFO - 클라이언트 909 요청: 질문 인덱스 316
2025-12-05 04:13:29,640 - INFO - 클라이언트 109 요청: 질문 인덱스 2565
2025-12-05 04:13:29,640 - INFO - 클라이언트 149 요청: 질문 인덱스 375
2025-12-05 04:13:29,649 - INFO - 클라이언트 485 요청: 질문 인덱스 1510
2025-12-05 04:13:29,651 - INFO - 클라이언트 910 요청: 질문 인덱스 2322
2025-12-05 04:13:29,668 - INFO - 클라이언트 541 요청: 질문 인덱스 1741
2025-12-05 04:13:29,668 - INFO - 클라이언트 66 요청: 질문 인덱스 39
2025-12-05 04:13:29,672 - INFO - 클라이언트 911 요청: 질문 인덱스 2295
2025-12-05 04:13:29,675 - INFO - 클라이언트 549 요청: 질문 인덱스 2709
2025-12-05 04:13:29,691 - INFO - 클라이언트 912 요청: 질문 인덱스 2990
2025-12-05 04:13:29,697 - INFO - 클라이언트 32 요청: 질문 인덱스 2751
2025-12-05 04:13:29,712 - INFO - 클라이언트 913 요청: 질문 인덱스 2278
2025-12-05 04:13:29,731 - INFO - 클라이언트 914 요청: 질문 인덱스 2783
2025-12-05 04:13:29,737 - INFO - 클라이언트 532 요청: 질문 인덱스 1359
2025-12-05 04:13:29,752 - INFO - 클라이언트 915 요청: 질문 인덱스 3122
2025-12-05 04:13:29,765 - INFO - 클라이언트 186 요청: 질문 인덱스 591
2025-12-05 04:13:29,767 - INFO - 클라이언트 525 요청: 질문 인덱스 3206
2025-12-05 04:13:29,772 - INFO - 클라이언트 916 요청: 질문 인덱스 1415
2025-12-05 04:13:29,773 - INFO - 클라이언트 445 요청: 질문 인덱스 2851
2025-12-05 04:13:29,775 - INFO - 클라이언트 49 요청: 질문 인덱스 2032
2025-12-05 04:13:29,790 - INFO - 클라이언트 706 요청: 질문 인덱스 2109
2025-12-05 04:13:29,791 - INFO - 클라이언트 917 요청: 질문 인덱스 2960
2025-12-05 04:13:29,811 - INFO - 클라이언트 918 요청: 질문 인덱스 1164
2025-12-05 04:13:29,815 - INFO - 클라이언트 138 요청: 질문 인덱스 2258
2025-12-05 04:13:29,831 - INFO - 클라이언트 919 요청: 질문 인덱스 2008
2025-12-05 04:13:29,834 - INFO - 클라이언트 484 요청: 질문 인덱스 1777
2025-12-05 04:13:29,851 - INFO - 클라이언트 920 요청: 질문 인덱스 2395
2025-12-05 04:13:29,852 - INFO - 클라이언트 853 요청: 질문 인덱스 1592
2025-12-05 04:13:29,868 - INFO - 클라이언트 268 요청: 질문 인덱스 1838
2025-12-05 04:13:29,868 - INFO - 클라이언트 86 요청: 질문 인덱스 1482
2025-12-05 04:13:29,872 - INFO - 클라이언트 921 요청: 질문 인덱스 993
2025-12-05 04:13:29,881 - INFO - 클라이언트 281 요청: 질문 인덱스 230
2025-12-05 04:13:29,889 - INFO - 클라이언트 38 요청: 질문 인덱스 2385
2025-12-05 04:13:29,891 - INFO - 클라이언트 922 요청: 질문 인덱스 641
2025-12-05 04:13:29,899 - INFO - 클라이언트 148 요청: 질문 인덱스 1319
2025-12-05 04:13:29,901 - INFO - 클라이언트 0 요청: 질문 인덱스 2354
2025-12-05 04:13:29,911 - INFO - 클라이언트 923 요청: 질문 인덱스 193
2025-12-05 04:13:29,916 - INFO - 클라이언트 537 요청: 질문 인덱스 3239
2025-12-05 04:13:29,930 - INFO - 클라이언트 702 요청: 질문 인덱스 2938
2025-12-05 04:13:29,932 - INFO - 클라이언트 924 요청: 질문 인덱스 2670
2025-12-05 04:13:29,932 - INFO - 클라이언트 606 요청: 질문 인덱스 23
2025-12-05 04:13:29,952 - INFO - 클라이언트 925 요청: 질문 인덱스 445
2025-12-05 04:13:29,961 - INFO - 클라이언트 579 요청: 질문 인덱스 2393
2025-12-05 04:13:29,969 - INFO - 클라이언트 761 요청: 질문 인덱스 1563
2025-12-05 04:13:29,972 - INFO - 클라이언트 926 요청: 질문 인덱스 2349
2025-12-05 04:13:29,992 - INFO - 클라이언트 927 요청: 질문 인덱스 1054
2025-12-05 04:13:30,007 - INFO - 클라이언트 93 요청: 질문 인덱스 2428
2025-12-05 04:13:30,011 - INFO - 클라이언트 928 요청: 질문 인덱스 2316
2025-12-05 04:13:30,014 - INFO - 클라이언트 203 요청: 질문 인덱스 624
2025-12-05 04:13:30,015 - INFO - 클라이언트 184 요청: 질문 인덱스 3240
2025-12-05 04:13:30,019 - INFO - 클라이언트 52 요청: 질문 인덱스 2178
2025-12-05 04:13:30,031 - INFO - 클라이언트 929 요청: 질문 인덱스 1317
2025-12-05 04:13:30,052 - INFO - 클라이언트 930 요청: 질문 인덱스 399
2025-12-05 04:13:30,058 - INFO - 클라이언트 61 요청: 질문 인덱스 377
2025-12-05 04:13:30,071 - INFO - 클라이언트 483 요청: 질문 인덱스 393
2025-12-05 04:13:30,071 - INFO - 클라이언트 931 요청: 질문 인덱스 1129
2025-12-05 04:13:30,082 - INFO - 클라이언트 338 요청: 질문 인덱스 1530
2025-12-05 04:13:30,092 - INFO - 클라이언트 932 요청: 질문 인덱스 2233
2025-12-05 04:13:30,096 - INFO - 클라이언트 915 요청: 질문 인덱스 1543
2025-12-05 04:13:30,111 - INFO - 클라이언트 218 요청: 질문 인덱스 301
2025-12-05 04:13:30,111 - INFO - 클라이언트 933 요청: 질문 인덱스 1147
2025-12-05 04:13:30,131 - INFO - 클라이언트 934 요청: 질문 인덱스 3254
2025-12-05 04:13:30,140 - INFO - 클라이언트 31 요청: 질문 인덱스 1974
2025-12-05 04:13:30,152 - INFO - 클라이언트 935 요청: 질문 인덱스 1209
2025-12-05 04:13:30,160 - INFO - 클라이언트 888 요청: 질문 인덱스 2644
2025-12-05 04:13:30,165 - INFO - 클라이언트 895 요청: 질문 인덱스 2972
2025-12-05 04:13:30,172 - INFO - 클라이언트 936 요청: 질문 인덱스 1547
2025-12-05 04:13:30,177 - INFO - 클라이언트 232 요청: 질문 인덱스 919
2025-12-05 04:13:30,183 - INFO - 클라이언트 682 요청: 질문 인덱스 144
2025-12-05 04:13:30,192 - INFO - 클라이언트 937 요청: 질문 인덱스 2621
Traceback (most recent call last):
  File "/home/comsys/sungsu/CXLSharedMemGPU/ReqGen/main.py", line 418, in <module>
    main()
  File "/home/comsys/sungsu/CXLSharedMemGPU/ReqGen/main.py", line 415, in main
    asyncio.run(reqgen.run())
  File "/usr/lib/python3.10/asyncio/runners.py", line 44, in run
    return loop.run_until_complete(main)
  File "/usr/lib/python3.10/asyncio/base_events.py", line 636, in run_until_complete
    self.run_forever()
  File "/usr/lib/python3.10/asyncio/base_events.py", line 603, in run_forever
    self._run_once()
  File "/usr/lib/python3.10/asyncio/base_events.py", line 1871, in _run_once
    event_list = self._selector.select(timeout)
  File "/usr/lib/python3.10/selectors.py", line 469, in select
    fd_event_list = self._selector.poll(timeout, max_ev)
KeyboardInterrupt
