2025-10-02 10:24:37,837 - INFO - ReqGen 시작: 서버=163.152.48.109:9000, 클라이언트=5000, 시간=330초
2025-10-02 10:24:37,837 - INFO - Hugging Face에서 'kroshan/BioASQ' 데이터셋을 로드합니다...
2025-10-02 10:24:44,746 - INFO - 3266개의 질문을 로드했습니다.
2025-10-02 10:24:44,747 - INFO - 부하 테스트 시작, client 수 = 5000
2025-10-02 10:24:44,747 - INFO - Zipf 값 1.2에서 상위 20%의 질문이 차지하는 비율: 91.82%
2025-10-02 10:24:47,407 - INFO - [실시간] 요청 1000개 처리 | 현재까지의 RPS: 375.98최근 1000개 request의 p99 TTFT: 0.8406 초 | 
2025-10-02 10:24:49,505 - INFO - [실시간] 요청 2000개 처리 | 현재까지의 RPS: 420.30최근 1000개 request의 p99 TTFT: 0.3391 초 | 
2025-10-02 10:24:51,175 - INFO - [실시간] 요청 3000개 처리 | 현재까지의 RPS: 466.70최근 1000개 request의 p99 TTFT: 0.7187 초 | 
2025-10-02 10:24:52,604 - INFO - [실시간] 요청 4000개 처리 | 현재까지의 RPS: 509.10최근 1000개 request의 p99 TTFT: 0.2863 초 | 
2025-10-02 10:24:53,924 - INFO - [실시간] 요청 5000개 처리 | 현재까지의 RPS: 544.82최근 1000개 request의 p99 TTFT: 0.3173 초 | 
2025-10-02 10:24:55,325 - INFO - [실시간] 요청 6000개 처리 | 현재까지의 RPS: 567.21최근 1000개 request의 p99 TTFT: 1.2092 초 | 
2025-10-02 10:24:56,586 - INFO - [실시간] 요청 7000개 처리 | 현재까지의 RPS: 591.25최근 1000개 request의 p99 TTFT: 1.2674 초 | 
2025-10-02 10:24:58,030 - INFO - [실시간] 요청 8000개 처리 | 현재까지의 RPS: 602.28최근 1000개 request의 p99 TTFT: 1.6224 초 | 
2025-10-02 10:24:59,656 - INFO - [실시간] 요청 9000개 처리 | 현재까지의 RPS: 603.67최근 1000개 request의 p99 TTFT: 0.6905 초 | 
2025-10-02 10:25:01,074 - INFO - [실시간] 요청 10000개 처리 | 현재까지의 RPS: 612.47최근 1000개 request의 p99 TTFT: 0.4292 초 | 
2025-10-02 10:25:02,503 - INFO - [실시간] 요청 11000개 처리 | 현재까지의 RPS: 619.50최근 1000개 request의 p99 TTFT: 0.4572 초 | 
2025-10-02 10:25:03,942 - INFO - [실시간] 요청 12000개 처리 | 현재까지의 RPS: 625.15최근 1000개 request의 p99 TTFT: 0.3487 초 | 
2025-10-02 10:25:05,364 - INFO - [실시간] 요청 13000개 처리 | 현재까지의 RPS: 630.56최근 1000개 request의 p99 TTFT: 0.7064 초 | 
2025-10-02 10:25:06,886 - INFO - [실시간] 요청 14000개 처리 | 현재까지의 RPS: 632.36최근 1000개 request의 p99 TTFT: 0.3418 초 | 
2025-10-02 10:25:08,296 - INFO - [실시간] 요청 15000개 처리 | 현재까지의 RPS: 636.98최근 1000개 request의 p99 TTFT: 0.4563 초 | 
2025-10-02 10:25:09,853 - INFO - [실시간] 요청 16000개 처리 | 현재까지의 RPS: 637.31최근 1000개 request의 p99 TTFT: 0.5355 초 | 
2025-10-02 10:25:11,562 - INFO - [실시간] 요청 17000개 처리 | 현재까지의 RPS: 633.96최근 1000개 request의 p99 TTFT: 0.8298 초 | 
2025-10-02 10:25:12,840 - INFO - [실시간] 요청 18000개 처리 | 현재까지의 RPS: 640.74최근 1000개 request의 p99 TTFT: 1.0827 초 | 
2025-10-02 10:25:14,116 - INFO - [실시간] 요청 19000개 처리 | 현재까지의 RPS: 646.94최근 1000개 request의 p99 TTFT: 1.9200 초 | 
2025-10-02 10:25:15,561 - INFO - [실시간] 요청 20000개 처리 | 현재까지의 RPS: 649.06최근 1000개 request의 p99 TTFT: 1.3842 초 | 
2025-10-02 10:25:17,221 - INFO - [실시간] 요청 21000개 처리 | 현재까지의 RPS: 646.67최근 1000개 request의 p99 TTFT: 0.3450 초 | 
2025-10-02 10:25:18,666 - INFO - [실시간] 요청 22000개 처리 | 현재까지의 RPS: 648.60최근 1000개 request의 p99 TTFT: 0.3518 초 | 
2025-10-02 10:25:20,047 - INFO - [실시간] 요청 23000개 처리 | 현재까지의 RPS: 651.55최근 1000개 request의 p99 TTFT: 0.7485 초 | 
2025-10-02 10:25:21,473 - INFO - [실시간] 요청 24000개 처리 | 현재까지의 RPS: 653.48최근 1000개 request의 p99 TTFT: 0.2792 초 | 
2025-10-02 10:25:22,929 - INFO - [실시간] 요청 25000개 처리 | 현재까지의 RPS: 654.76최근 1000개 request의 p99 TTFT: 0.3311 초 | 
2025-10-02 10:25:24,470 - INFO - [실시간] 요청 26000개 처리 | 현재까지의 RPS: 654.53최근 1000개 request의 p99 TTFT: 0.4907 초 | 
2025-10-02 10:25:25,785 - INFO - [실시간] 요청 27000개 처리 | 현재까지의 RPS: 657.92최근 1000개 request의 p99 TTFT: 0.6413 초 | 
2025-10-02 10:25:27,235 - INFO - [실시간] 요청 28000개 처리 | 현재까지의 RPS: 659.00최근 1000개 request의 p99 TTFT: 0.4132 초 | 
2025-10-02 10:25:28,744 - INFO - [실시간] 요청 29000개 처리 | 현재까지의 RPS: 659.14최근 1000개 request의 p99 TTFT: 0.4752 초 | 
2025-10-02 10:25:30,471 - INFO - [실시간] 요청 30000개 처리 | 현재까지의 RPS: 656.11최근 1000개 request의 p99 TTFT: 0.6033 초 | 
2025-10-02 10:25:31,892 - INFO - [실시간] 요청 31000개 처리 | 현재까지의 RPS: 657.55최근 1000개 request의 p99 TTFT: 0.7867 초 | 
2025-10-02 10:25:33,128 - INFO - [실시간] 요청 32000개 처리 | 현재까지의 RPS: 661.42최근 1000개 request의 p99 TTFT: 1.4126 초 | 
2025-10-02 10:25:34,489 - INFO - [실시간] 요청 33000개 처리 | 현재까지의 RPS: 663.42최근 1000개 request의 p99 TTFT: 1.3630 초 | 
2025-10-02 10:25:36,028 - INFO - [실시간] 요청 34000개 처리 | 현재까지의 RPS: 663.02최근 1000개 request의 p99 TTFT: 0.3717 초 | 
2025-10-02 10:25:37,510 - INFO - [실시간] 요청 35000개 처리 | 현재까지의 RPS: 663.34최근 1000개 request의 p99 TTFT: 0.5584 초 | 
2025-10-02 10:25:38,970 - INFO - [실시간] 요청 36000개 처리 | 현재까지의 RPS: 663.92최근 1000개 request의 p99 TTFT: 0.6362 초 | 
2025-10-02 10:25:40,378 - INFO - [실시간] 요청 37000개 처리 | 현재까지의 RPS: 665.09최근 1000개 request의 p99 TTFT: 0.6587 초 | 
2025-10-02 10:25:41,686 - INFO - [실시간] 요청 38000개 처리 | 현재까지의 RPS: 667.38최근 1000개 request의 p99 TTFT: 0.5735 초 | 
2025-10-02 10:25:43,170 - INFO - [실시간] 요청 39000개 처리 | 현재까지의 RPS: 667.54최근 1000개 request의 p99 TTFT: 0.7549 초 | 
2025-10-02 10:25:44,630 - INFO - [실시간] 요청 40000개 처리 | 현재까지의 RPS: 667.97최근 1000개 request의 p99 TTFT: 0.3385 초 | 
2025-10-02 10:25:46,136 - INFO - [실시간] 요청 41000개 처리 | 현재까지의 RPS: 667.87최근 1000개 request의 p99 TTFT: 0.2755 초 | 
2025-10-02 10:25:47,562 - INFO - [실시간] 요청 42000개 처리 | 현재까지의 RPS: 668.63최근 1000개 request의 p99 TTFT: 0.4141 초 | 
2025-10-02 10:25:49,039 - INFO - [실시간] 요청 43000개 처리 | 현재까지의 RPS: 668.82최근 1000개 request의 p99 TTFT: 0.6686 초 | 
2025-10-02 10:25:50,460 - INFO - [실시간] 요청 44000개 처리 | 현재까지의 RPS: 669.58최근 1000개 request의 p99 TTFT: 0.5639 초 | 
2025-10-02 10:25:52,174 - INFO - [실시간] 요청 45000개 처리 | 현재까지의 RPS: 667.39최근 1000개 request의 p99 TTFT: 0.6564 초 | 
2025-10-02 10:25:53,405 - INFO - [실시간] 요청 46000개 처리 | 현재까지의 RPS: 669.98최근 1000개 request의 p99 TTFT: 1.1570 초 | 
2025-10-02 10:25:54,795 - INFO - [실시간] 요청 47000개 처리 | 현재까지의 RPS: 670.96최근 1000개 request의 p99 TTFT: 0.8084 초 | 
2025-10-02 10:25:56,194 - INFO - [실시간] 요청 48000개 처리 | 현재까지의 RPS: 671.82최근 1000개 request의 p99 TTFT: 0.5466 초 | 
2025-10-02 10:25:57,774 - INFO - [실시간] 요청 49000개 처리 | 현재까지의 RPS: 670.99최근 1000개 request의 p99 TTFT: 0.5689 초 | 
2025-10-02 10:25:59,264 - INFO - [실시간] 요청 50000개 처리 | 현재까지의 RPS: 670.99최근 1000개 request의 p99 TTFT: 0.4888 초 | 
2025-10-02 10:26:00,666 - INFO - [실시간] 요청 51000개 처리 | 현재까지의 RPS: 671.77최근 1000개 request의 p99 TTFT: 0.5032 초 | 
2025-10-02 10:26:02,063 - INFO - [실시간] 요청 52000개 처리 | 현재까지의 RPS: 672.56최근 1000개 request의 p99 TTFT: 0.6004 초 | 
2025-10-02 10:26:03,458 - INFO - [실시간] 요청 53000개 처리 | 현재까지의 RPS: 673.35최근 1000개 request의 p99 TTFT: 0.4781 초 | 
2025-10-02 10:26:04,932 - INFO - [실시간] 요청 54000개 처리 | 현재까지의 RPS: 673.44최근 1000개 request의 p99 TTFT: 0.4250 초 | 
2025-10-02 10:26:06,522 - INFO - [실시간] 요청 55000개 처리 | 현재까지의 RPS: 672.58최근 1000개 request의 p99 TTFT: 0.6583 초 | 
2025-10-02 10:26:07,905 - INFO - [실시간] 요청 56000개 처리 | 현재까지의 RPS: 673.41최근 1000개 request의 p99 TTFT: 0.5444 초 | 
2025-10-02 10:26:09,384 - INFO - [실시간] 요청 57000개 처리 | 현재까지의 RPS: 673.47최근 1000개 request의 p99 TTFT: 0.5026 초 | 
2025-10-02 10:26:10,949 - INFO - [실시간] 요청 58000개 처리 | 현재까지의 RPS: 672.84최근 1000개 request의 p99 TTFT: 0.4939 초 | 
2025-10-02 10:26:12,539 - INFO - [실시간] 요청 59000개 처리 | 현재까지의 RPS: 672.04최근 1000개 request의 p99 TTFT: 1.0236 초 | 
2025-10-02 10:26:13,807 - INFO - [실시간] 요청 60000개 처리 | 현재까지의 RPS: 673.70최근 1000개 request의 p99 TTFT: 1.3771 초 | 
2025-10-02 10:26:15,260 - INFO - [실시간] 요청 61000개 처리 | 현재까지의 RPS: 673.94최근 1000개 request의 p99 TTFT: 0.9960 초 | 
2025-10-02 10:26:16,691 - INFO - [실시간] 요청 62000개 처리 | 현재까지의 RPS: 674.32최근 1000개 request의 p99 TTFT: 0.7413 초 | 
2025-10-02 10:26:18,169 - INFO - [실시간] 요청 63000개 처리 | 현재까지의 RPS: 674.36최근 1000개 request의 p99 TTFT: 0.4352 초 | 
2025-10-02 10:26:19,687 - INFO - [실시간] 요청 64000개 처리 | 현재까지의 RPS: 674.11최근 1000개 request의 p99 TTFT: 0.5194 초 | 
2025-10-02 10:26:21,050 - INFO - [실시간] 요청 65000개 처리 | 현재까지의 RPS: 674.95최근 1000개 request의 p99 TTFT: 0.7974 초 | 
2025-10-02 10:26:22,505 - INFO - [실시간] 요청 66000개 처리 | 현재까지의 RPS: 675.14최근 1000개 request의 p99 TTFT: 0.5741 초 | 
2025-10-02 10:26:24,077 - INFO - [실시간] 요청 67000개 처리 | 현재까지의 RPS: 674.52최근 1000개 request의 p99 TTFT: 0.3821 초 | 
2025-10-02 10:26:25,412 - INFO - [실시간] 요청 68000개 처리 | 현재까지의 RPS: 675.51최근 1000개 request의 p99 TTFT: 0.8197 초 | 
2025-10-02 10:26:26,855 - INFO - [실시간] 요청 69000개 처리 | 현재까지의 RPS: 675.75최근 1000개 request의 p99 TTFT: 0.4298 초 | 
2025-10-02 10:26:28,337 - INFO - [실시간] 요청 70000개 처리 | 현재까지의 RPS: 675.74최근 1000개 request의 p99 TTFT: 0.5041 초 | 
2025-10-02 10:26:29,708 - INFO - [실시간] 요청 71000개 처리 | 현재까지의 RPS: 676.44최근 1000개 request의 p99 TTFT: 0.7680 초 | 
2025-10-02 10:26:31,490 - INFO - [실시간] 요청 72000개 처리 | 현재까지의 RPS: 674.51최근 1000개 request의 p99 TTFT: 0.7062 초 | 
2025-10-02 10:26:32,768 - INFO - [실시간] 요청 73000개 처리 | 현재까지의 RPS: 675.79최근 1000개 request의 p99 TTFT: 1.1898 초 | 
2025-10-02 10:26:34,137 - INFO - [실시간] 요청 74000개 처리 | 현재까지의 RPS: 676.48최근 1000개 request의 p99 TTFT: 1.6782 초 | 
2025-10-02 10:26:35,531 - INFO - [실시간] 요청 75000개 처리 | 현재까지의 RPS: 676.99최근 1000개 request의 p99 TTFT: 0.9289 초 | 
2025-10-02 10:26:37,033 - INFO - [실시간] 요청 76000개 처리 | 현재까지의 RPS: 676.84최근 1000개 request의 p99 TTFT: 0.4099 초 | 
2025-10-02 10:26:38,573 - INFO - [실시간] 요청 77000개 처리 | 현재까지의 RPS: 676.47최근 1000개 request의 p99 TTFT: 0.8111 초 | 
2025-10-02 10:26:39,986 - INFO - [실시간] 요청 78000개 처리 | 현재까지의 RPS: 676.85최근 1000개 request의 p99 TTFT: 0.8433 초 | 
2025-10-02 10:26:41,437 - INFO - [실시간] 요청 79000개 처리 | 현재까지의 RPS: 677.01최근 1000개 request의 p99 TTFT: 0.4595 초 | 
2025-10-02 10:26:42,817 - INFO - [실시간] 요청 80000개 처리 | 현재까지의 RPS: 677.56최근 1000개 request의 p99 TTFT: 0.7003 초 | 
2025-10-02 10:26:44,206 - INFO - [실시간] 요청 81000개 처리 | 현재까지의 RPS: 678.06최근 1000개 request의 p99 TTFT: 0.7570 초 | 
2025-10-02 10:26:45,724 - INFO - [실시간] 요청 82000개 처리 | 현재까지의 RPS: 677.81최근 1000개 request의 p99 TTFT: 0.3642 초 | 
2025-10-02 10:26:47,141 - INFO - [실시간] 요청 83000개 처리 | 현재까지의 RPS: 678.14최근 1000개 request의 p99 TTFT: 0.3872 초 | 
2025-10-02 10:26:48,626 - INFO - [실시간] 요청 84000개 처리 | 현재까지의 RPS: 678.08최근 1000개 request의 p99 TTFT: 0.6605 초 | 
2025-10-02 10:26:50,218 - INFO - [실시간] 요청 85000개 처리 | 현재까지의 RPS: 677.44최근 1000개 request의 p99 TTFT: 0.8246 초 | 
2025-10-02 10:26:51,914 - INFO - [실시간] 요청 86000개 처리 | 현재까지의 RPS: 676.28최근 1000개 request의 p99 TTFT: 0.9744 초 | 
2025-10-02 10:26:53,126 - INFO - [실시간] 요청 87000개 처리 | 현재까지의 RPS: 677.68최근 1000개 request의 p99 TTFT: 2.1767 초 | 
2025-10-02 10:26:53,127 - WARNING - 최근 1000개의 p99 TTFT 2.1767 초가 SLO 의 2배 (2.0 초)를 초과했습니다. 부하 테스트를 조기 종료합니다.
통계에 반영된 요청 인덱스 범위: 0 ~ 87000 (총 87000개 요청)
통계 반영된 요청 수: 87000, 통계 반영된 시간: 163.04 초

==================================================
 실험 최종 결과 요약
==================================================
 부하 테스트가 조기 종료되었습니다! (SLO 위반)
 Client 수를 낮추어 다시 시도하세요.
 설정 실험 시간: 330 초
 Clients 수: 5000
 통계 반영 시간: 163.04 초
 총 시도된 요청: 87000 개
 총 완료된 요청: 87000 개
 총 실패한 요청: 0 개
 완료 요청 중 retrieval이 실패한 요청: -561 개
 요청 성공률: 100.00%
 전체 Requests Per Second (RPS): 533.60
--------------------------------------------------
 Time to First Token (TTFT) Latency:
  - 평균 (Mean): 0.1897 초
  - 중간값 (50%ile): 0.1319 초
  - 최소값 (Min): 0.0218 초
  - 최대값 (Max): 2.6684 초
  - 95%ile Tail: 0.5486 초
  - 99%ile Tail: 1.0050 초
--------------------------------------------------
 Time Per Output Token (TPOT):
  - 평균 (Mean): 16.83 ms/token
--------------------------------------------------
 Embedding Latency:
  - 총 샘플 수: 87000
  - 평균 (Mean): 10.73 ms
  - 중간값 (50%ile): 7.00 ms
  - 95%ile Tail: 30.00 ms
  - 99%ile Tail: 58.00 ms
--------------------------------------------------
 VectorDB Search Latency:
  - 총 샘플 수: 87000
  - 평균 (Mean): 71.56 ms
  - 중간값 (50%ile): 31.00 ms
  - 95%ile Tail: 267.00 ms
  - 99%ile Tail: 828.00 ms
--------------------------------------------------
 Document Search Latency:
  - 총 샘플 수: 87000
  - 평균 (Mean): 32.18 ms
  - 중간값 (50%ile): 9.00 ms
  - 95%ile Tail: 152.00 ms
  - 99%ile Tail: 261.00 ms
--------------------------------------------------
 Total Retrieval Latency:
  - 총 샘플 수: 87000
  - 평균 (Mean): 114.43 ms
  - 중간값 (50%ile): 52.00 ms
  - 95%ile Tail: 410.00 ms
  - 99%ile Tail: 910.01 ms
==================================================
