2025-10-02 10:29:28,532 - INFO - ReqGen 시작: 서버=163.152.48.109:9000, 클라이언트=4800, 시간=330초
2025-10-02 10:29:28,532 - INFO - Hugging Face에서 'kroshan/BioASQ' 데이터셋을 로드합니다...
2025-10-02 10:29:36,104 - INFO - 3266개의 질문을 로드했습니다.
2025-10-02 10:29:36,105 - INFO - 부하 테스트 시작, client 수 = 4800
2025-10-02 10:29:36,105 - INFO - Zipf 값 1.2에서 상위 20%의 질문이 차지하는 비율: 91.82%
2025-10-02 10:29:38,850 - INFO - [실시간] 요청 1000개 처리 | 현재까지의 RPS: 364.31최근 1000개 request의 p99 TTFT: 0.4972 초 | 
2025-10-02 10:29:41,027 - INFO - [실시간] 요청 2000개 처리 | 현재까지의 RPS: 406.31최근 1000개 request의 p99 TTFT: 0.2785 초 | 
2025-10-02 10:29:42,782 - INFO - [실시간] 요청 3000개 처리 | 현재까지의 RPS: 449.28최근 1000개 request의 p99 TTFT: 0.9401 초 | 
2025-10-02 10:29:44,222 - INFO - [실시간] 요청 4000개 처리 | 현재까지의 RPS: 492.79최근 1000개 request의 p99 TTFT: 0.4436 초 | 
2025-10-02 10:29:45,485 - INFO - [실시간] 요청 5000개 처리 | 현재까지의 RPS: 533.04최근 1000개 request의 p99 TTFT: 0.4430 초 | 
2025-10-02 10:29:46,785 - INFO - [실시간] 요청 6000개 처리 | 현재까지의 RPS: 561.79최근 1000개 request의 p99 TTFT: 0.8421 초 | 
2025-10-02 10:29:48,175 - INFO - [실시간] 요청 7000개 처리 | 현재까지의 RPS: 579.95최근 1000개 request의 p99 TTFT: 0.8971 초 | 
2025-10-02 10:29:49,967 - INFO - [실시간] 요청 8000개 처리 | 현재까지의 RPS: 577.11최근 1000개 request의 p99 TTFT: 0.2340 초 | 
2025-10-02 10:29:51,513 - INFO - [실시간] 요청 9000개 처리 | 현재까지의 RPS: 584.13최근 1000개 request의 p99 TTFT: 0.2587 초 | 
2025-10-02 10:29:52,938 - INFO - [실시간] 요청 10000개 처리 | 현재까지의 RPS: 594.08최근 1000개 request의 p99 TTFT: 0.5070 초 | 
2025-10-02 10:29:54,325 - INFO - [실시간] 요청 11000개 처리 | 현재까지의 RPS: 603.74최근 1000개 request의 p99 TTFT: 0.3864 초 | 
2025-10-02 10:29:55,856 - INFO - [실시간] 요청 12000개 처리 | 현재까지의 RPS: 607.55최근 1000개 request의 p99 TTFT: 0.2474 초 | 
2025-10-02 10:29:57,362 - INFO - [실시간] 요청 13000개 처리 | 현재까지의 RPS: 611.56최근 1000개 request의 p99 TTFT: 0.2083 초 | 
2025-10-02 10:29:58,860 - INFO - [실시간] 요청 14000개 처리 | 현재까지의 RPS: 615.25최근 1000개 request의 p99 TTFT: 0.2769 초 | 
2025-10-02 10:30:00,501 - INFO - [실시간] 요청 15000개 처리 | 현재까지의 RPS: 614.84최근 1000개 request의 p99 TTFT: 0.4414 초 | 
2025-10-02 10:30:01,832 - INFO - [실시간] 요청 16000개 처리 | 현재까지의 RPS: 621.92최근 1000개 request의 p99 TTFT: 0.4941 초 | 
2025-10-02 10:30:03,425 - INFO - [실시간] 요청 17000개 처리 | 현재까지의 RPS: 622.24최근 1000개 request의 p99 TTFT: 0.2395 초 | 
2025-10-02 10:30:04,908 - INFO - [실시간] 요청 18000개 처리 | 현재까지의 RPS: 624.93최근 1000개 request의 p99 TTFT: 0.2191 초 | 
2025-10-02 10:30:06,359 - INFO - [실시간] 요청 19000개 처리 | 현재까지의 RPS: 628.01최근 1000개 request의 p99 TTFT: 0.2513 초 | 
2025-10-02 10:30:07,831 - INFO - [실시간] 요청 20000개 처리 | 현재까지의 RPS: 630.40최근 1000개 request의 p99 TTFT: 0.2240 초 | 
2025-10-02 10:30:09,430 - INFO - [실시간] 요청 21000개 처리 | 현재까지의 RPS: 630.16최근 1000개 request의 p99 TTFT: 0.5166 초 | 
2025-10-02 10:30:10,996 - INFO - [실시간] 요청 22000개 처리 | 현재까지의 RPS: 630.53최근 1000개 request의 p99 TTFT: 0.4903 초 | 
2025-10-02 10:30:12,504 - INFO - [실시간] 요청 23000개 처리 | 현재까지의 RPS: 631.88최근 1000개 request의 p99 TTFT: 0.9273 초 | 
2025-10-02 10:30:13,860 - INFO - [실시간] 요청 24000개 처리 | 현재까지의 RPS: 635.68최근 1000개 request의 p99 TTFT: 1.0629 초 | 
2025-10-02 10:30:15,382 - INFO - [실시간] 요청 25000개 처리 | 현재까지의 RPS: 636.52최근 1000개 request의 p99 TTFT: 0.2234 초 | 
2025-10-02 10:30:16,938 - INFO - [실시간] 요청 26000개 처리 | 현재까지의 RPS: 636.74최근 1000개 request의 p99 TTFT: 0.2812 초 | 
2025-10-02 10:30:18,496 - INFO - [실시간] 요청 27000개 처리 | 현재까지의 RPS: 636.92최근 1000개 request의 p99 TTFT: 0.5280 초 | 
2025-10-02 10:30:19,893 - INFO - [실시간] 요청 28000개 처리 | 현재까지의 RPS: 639.44최근 1000개 request의 p99 TTFT: 0.3409 초 | 
2025-10-02 10:30:21,427 - INFO - [실시간] 요청 29000개 처리 | 현재까지의 RPS: 639.86최근 1000개 request의 p99 TTFT: 0.3036 초 | 
2025-10-02 10:30:22,936 - INFO - [실시간] 요청 30000개 처리 | 현재까지의 RPS: 640.60최근 1000개 request의 p99 TTFT: 0.2204 초 | 
2025-10-02 10:30:24,390 - INFO - [실시간] 요청 31000개 처리 | 현재까지의 RPS: 642.01최근 1000개 request의 p99 TTFT: 0.2806 초 | 
2025-10-02 10:30:25,952 - INFO - [실시간] 요청 32000개 처리 | 현재까지의 RPS: 641.97최근 1000개 request의 p99 TTFT: 0.3472 초 | 
2025-10-02 10:30:27,363 - INFO - [실시간] 요청 33000개 처리 | 현재까지의 RPS: 643.80최근 1000개 request의 p99 TTFT: 0.4146 초 | 
2025-10-02 10:30:28,876 - INFO - [실시간] 요청 34000개 처리 | 현재까지의 RPS: 644.29최근 1000개 request의 p99 TTFT: 0.4110 초 | 
2025-10-02 10:30:30,381 - INFO - [실시간] 요청 35000개 처리 | 현재까지의 RPS: 644.85최근 1000개 request의 p99 TTFT: 0.4190 초 | 
2025-10-02 10:30:31,895 - INFO - [실시간] 요청 36000개 처리 | 현재까지의 RPS: 645.28최근 1000개 request의 p99 TTFT: 0.2434 초 | 
2025-10-02 10:30:33,651 - INFO - [실시간] 요청 37000개 처리 | 현재까지의 RPS: 642.96최근 1000개 request의 p99 TTFT: 0.2323 초 | 
2025-10-02 10:30:35,204 - INFO - [실시간] 요청 38000개 처리 | 현재까지의 RPS: 642.98최근 1000개 request의 p99 TTFT: 0.8894 초 | 
2025-10-02 10:30:36,434 - INFO - [실시간] 요청 39000개 처리 | 현재까지의 RPS: 646.45최근 1000개 request의 p99 TTFT: 1.3889 초 | 
2025-10-02 10:30:37,945 - INFO - [실시간] 요청 40000개 처리 | 현재까지의 RPS: 646.83최근 1000개 request의 p99 TTFT: 0.9623 초 | 
2025-10-02 10:30:39,456 - INFO - [실시간] 요청 41000개 처리 | 현재까지의 RPS: 647.19최근 1000개 request의 p99 TTFT: 0.4471 초 | 
2025-10-02 10:30:41,105 - INFO - [실시간] 요청 42000개 처리 | 현재까지의 RPS: 646.15최근 1000개 request의 p99 TTFT: 0.5900 초 | 
2025-10-02 10:30:42,550 - INFO - [실시간] 요청 43000개 처리 | 현재까지의 RPS: 647.16최근 1000개 request의 p99 TTFT: 0.2813 초 | 
2025-10-02 10:30:44,114 - INFO - [실시간] 요청 44000개 처리 | 현재까지의 RPS: 646.97최근 1000개 request의 p99 TTFT: 0.2418 초 | 
2025-10-02 10:30:45,522 - INFO - [실시간] 요청 45000개 처리 | 현재까지의 RPS: 648.26최근 1000개 request의 p99 TTFT: 0.6973 초 | 
2025-10-02 10:30:46,989 - INFO - [실시간] 요청 46000개 처리 | 현재까지의 RPS: 648.95최근 1000개 request의 p99 TTFT: 0.4020 초 | 
2025-10-02 10:30:48,622 - INFO - [실시간] 요청 47000개 처리 | 현재까지의 RPS: 648.13최근 1000개 request의 p99 TTFT: 0.2941 초 | 
2025-10-02 10:30:50,036 - INFO - [실시간] 요청 48000개 처리 | 현재까지의 RPS: 649.25최근 1000개 request의 p99 TTFT: 0.6737 초 | 
2025-10-02 10:30:51,534 - INFO - [실시간] 요청 49000개 처리 | 현재까지의 RPS: 649.62최근 1000개 request의 p99 TTFT: 0.3834 초 | 
2025-10-02 10:30:53,320 - INFO - [실시간] 요청 50000개 처리 | 현재까지의 RPS: 647.54최근 1000개 request의 p99 TTFT: 0.7027 초 | 
2025-10-02 10:30:54,704 - INFO - [실시간] 요청 51000개 처리 | 현재까지의 RPS: 648.87최근 1000개 request의 p99 TTFT: 1.0118 초 | 
2025-10-02 10:30:56,002 - INFO - [실시간] 요청 52000개 처리 | 현재까지의 RPS: 650.84최근 1000개 request의 p99 TTFT: 1.7159 초 | 
2025-10-02 10:30:57,516 - INFO - [실시간] 요청 53000개 처리 | 현재까지의 RPS: 651.01최근 1000개 request의 p99 TTFT: 0.4914 초 | 
2025-10-02 10:30:59,106 - INFO - [실시간] 요청 54000개 처리 | 현재까지의 RPS: 650.59최근 1000개 request의 p99 TTFT: 0.4061 초 | 
2025-10-02 10:31:00,698 - INFO - [실시간] 요청 55000개 처리 | 현재까지의 RPS: 650.17최근 1000개 request의 p99 TTFT: 0.6677 초 | 
2025-10-02 10:31:02,121 - INFO - [실시간] 요청 56000개 처리 | 현재까지의 RPS: 651.04최근 1000개 request의 p99 TTFT: 0.4760 초 | 
2025-10-02 10:31:03,647 - INFO - [실시간] 요청 57000개 처리 | 현재까지의 RPS: 651.12최근 1000개 request의 p99 TTFT: 0.4297 초 | 
2025-10-02 10:31:05,078 - INFO - [실시간] 요청 58000개 처리 | 현재까지의 RPS: 651.88최근 1000개 request의 p99 TTFT: 0.5654 초 | 
2025-10-02 10:31:06,577 - INFO - [실시간] 요청 59000개 처리 | 현재까지의 RPS: 652.14최근 1000개 request의 p99 TTFT: 0.3044 초 | 
2025-10-02 10:31:08,134 - INFO - [실시간] 요청 60000개 처리 | 현재까지의 RPS: 651.97최근 1000개 request의 p99 TTFT: 0.3565 초 | 
2025-10-02 10:31:09,748 - INFO - [실시간] 요청 61000개 처리 | 현재까지의 RPS: 651.41최근 1000개 request의 p99 TTFT: 0.2769 초 | 
2025-10-02 10:31:11,164 - INFO - [실시간] 요청 62000개 처리 | 현재까지의 RPS: 652.23최근 1000개 request의 p99 TTFT: 0.6831 초 | 
2025-10-02 10:31:12,854 - INFO - [실시간] 요청 63000개 처리 | 현재까지의 RPS: 651.17최근 1000개 request의 p99 TTFT: 0.5106 초 | 
2025-10-02 10:31:14,328 - INFO - [실시간] 요청 64000개 처리 | 현재까지의 RPS: 651.57최근 1000개 request의 p99 TTFT: 1.3073 초 | 
2025-10-02 10:31:15,664 - INFO - [실시간] 요청 65000개 처리 | 현재까지의 RPS: 652.88최근 1000개 request의 p99 TTFT: 1.4026 초 | 
2025-10-02 10:31:17,200 - INFO - [실시간] 요청 66000개 처리 | 현재까지의 RPS: 652.85최근 1000개 request의 p99 TTFT: 0.3743 초 | 
2025-10-02 10:31:18,839 - INFO - [실시간] 요청 67000개 처리 | 현재까지의 RPS: 652.17최근 1000개 request의 p99 TTFT: 0.3503 초 | 
2025-10-02 10:31:20,319 - INFO - [실시간] 요청 68000개 처리 | 현재까지의 RPS: 652.50최근 1000개 request의 p99 TTFT: 0.6335 초 | 
2025-10-02 10:31:21,793 - INFO - [실시간] 요청 69000개 처리 | 현재까지의 RPS: 652.86최근 1000개 request의 p99 TTFT: 0.3147 초 | 
2025-10-02 10:31:23,174 - INFO - [실시간] 요청 70000개 처리 | 현재까지의 RPS: 653.78최근 1000개 request의 p99 TTFT: 0.4568 초 | 
2025-10-02 10:31:24,772 - INFO - [실시간] 요청 71000개 처리 | 현재까지의 RPS: 653.37최근 1000개 request의 p99 TTFT: 0.3072 초 | 
2025-10-02 10:31:26,275 - INFO - [실시간] 요청 72000개 처리 | 현재까지의 RPS: 653.54최근 1000개 request의 p99 TTFT: 0.6693 초 | 
2025-10-02 10:31:27,760 - INFO - [실시간] 요청 73000개 처리 | 현재까지의 RPS: 653.80최근 1000개 request의 p99 TTFT: 0.3922 초 | 
2025-10-02 10:31:29,262 - INFO - [실시간] 요청 74000개 처리 | 현재까지의 RPS: 653.96최근 1000개 request의 p99 TTFT: 0.5946 초 | 
2025-10-02 10:31:30,759 - INFO - [실시간] 요청 75000개 처리 | 현재까지의 RPS: 654.14최근 1000개 request의 p99 TTFT: 0.7489 초 | 
2025-10-02 10:31:32,257 - INFO - [실시간] 요청 76000개 처리 | 현재까지의 RPS: 654.32최근 1000개 request의 p99 TTFT: 0.4177 초 | 
2025-10-02 10:31:34,124 - INFO - [실시간] 요청 77000개 처리 | 현재까지의 RPS: 652.44최근 1000개 request의 p99 TTFT: 0.5649 초 | 
2025-10-02 10:31:35,437 - INFO - [실시간] 요청 78000개 처리 | 현재까지의 RPS: 653.64최근 1000개 request의 p99 TTFT: 0.9906 초 | 
2025-10-02 10:31:36,745 - INFO - [실시간] 요청 79000개 처리 | 현재까지의 RPS: 654.84최근 1000개 request의 p99 TTFT: 1.1669 초 | 
2025-10-02 10:31:38,345 - INFO - [실시간] 요청 80000개 처리 | 현재까지의 RPS: 654.45최근 1000개 request의 p99 TTFT: 0.3159 초 | 
2025-10-02 10:31:39,914 - INFO - [실시간] 요청 81000개 처리 | 현재까지의 RPS: 654.24최근 1000개 request의 p99 TTFT: 0.5036 초 | 
2025-10-02 10:31:41,409 - INFO - [실시간] 요청 82000개 처리 | 현재까지의 RPS: 654.41최근 1000개 request의 p99 TTFT: 0.3111 초 | 
2025-10-02 10:31:42,948 - INFO - [실시간] 요청 83000개 처리 | 현재까지의 RPS: 654.35최근 1000개 request의 p99 TTFT: 0.3343 초 | 
2025-10-02 10:31:44,435 - INFO - [실시간] 요청 84000개 처리 | 현재까지의 RPS: 654.56최근 1000개 request의 p99 TTFT: 0.6936 초 | 
2025-10-02 10:31:45,882 - INFO - [실시간] 요청 85000개 처리 | 현재까지의 RPS: 654.97최근 1000개 request의 p99 TTFT: 0.7015 초 | 
2025-10-02 10:31:47,408 - INFO - [실시간] 요청 86000개 처리 | 현재까지의 RPS: 654.97최근 1000개 request의 p99 TTFT: 0.3300 초 | 
2025-10-02 10:31:48,919 - INFO - [실시간] 요청 87000개 처리 | 현재까지의 RPS: 655.06최근 1000개 request의 p99 TTFT: 0.4403 초 | 
2025-10-02 10:31:50,382 - INFO - [실시간] 요청 88000개 처리 | 현재까지의 RPS: 655.36최근 1000개 request의 p99 TTFT: 0.5363 초 | 
2025-10-02 10:31:51,860 - INFO - [실시간] 요청 89000개 처리 | 현재까지의 RPS: 655.59최근 1000개 request의 p99 TTFT: 0.3542 초 | 
2025-10-02 10:31:53,484 - INFO - [실시간] 요청 90000개 처리 | 현재까지의 RPS: 655.12최근 1000개 request의 p99 TTFT: 0.2632 초 | 
2025-10-02 10:31:55,368 - INFO - [실시간] 요청 91000개 처리 | 현재까지의 RPS: 653.44최근 1000개 request의 p99 TTFT: 0.4103 초 | 
2025-10-02 10:31:56,775 - INFO - [실시간] 요청 92000개 처리 | 현재까지의 RPS: 654.01최근 1000개 request의 p99 TTFT: 0.8433 초 | 
2025-10-02 10:31:58,022 - INFO - [실시간] 요청 93000개 처리 | 현재까지의 RPS: 655.31최근 1000개 request의 p99 TTFT: 1.7747 초 | 
2025-10-02 10:31:59,413 - INFO - [실시간] 요청 94000개 처리 | 현재까지의 RPS: 655.93최근 1000개 request의 p99 TTFT: 1.7675 초 | 
2025-10-02 10:32:01,010 - INFO - [실시간] 요청 95000개 처리 | 현재까지의 RPS: 655.60최근 1000개 request의 p99 TTFT: 0.6841 초 | 
2025-10-02 10:32:02,579 - INFO - [실시간] 요청 96000개 처리 | 현재까지의 RPS: 655.41최근 1000개 request의 p99 TTFT: 0.2730 초 | 
2025-10-02 10:32:04,083 - INFO - [실시간] 요청 97000개 처리 | 현재까지의 RPS: 655.50최근 1000개 request의 p99 TTFT: 0.3080 초 | 
2025-10-02 10:32:05,633 - INFO - [실시간] 요청 98000개 처리 | 현재까지의 RPS: 655.40최근 1000개 request의 p99 TTFT: 0.3354 초 | 
2025-10-02 10:32:07,022 - INFO - [실시간] 요청 99000개 처리 | 현재까지의 RPS: 655.99최근 1000개 request의 p99 TTFT: 0.6898 초 | 
2025-10-02 10:32:08,585 - INFO - [실시간] 요청 100000개 처리 | 현재까지의 RPS: 655.82최근 1000개 request의 p99 TTFT: 0.3780 초 | 
2025-10-02 10:32:10,099 - INFO - [실시간] 요청 101000개 처리 | 현재까지의 RPS: 655.87최근 1000개 request의 p99 TTFT: 0.6294 초 | 
2025-10-02 10:32:11,556 - INFO - [실시간] 요청 102000개 처리 | 현재까지의 RPS: 656.15최근 1000개 request의 p99 TTFT: 0.5702 초 | 
2025-10-02 10:32:13,333 - INFO - [실시간] 요청 103000개 처리 | 현재까지의 RPS: 655.10최근 1000개 request의 p99 TTFT: 0.6393 초 | 
2025-10-02 10:32:14,625 - INFO - [실시간] 요청 104000개 처리 | 현재까지의 RPS: 656.07최근 1000개 request의 p99 TTFT: 1.4150 초 | 
2025-10-02 10:32:16,017 - INFO - [실시간] 요청 105000개 처리 | 현재까지의 RPS: 656.61최근 1000개 request의 p99 TTFT: 1.3009 초 | 
2025-10-02 10:32:17,592 - INFO - [실시간] 요청 106000개 처리 | 현재까지의 RPS: 656.40최근 1000개 request의 p99 TTFT: 0.2343 초 | 
2025-10-02 10:32:19,146 - INFO - [실시간] 요청 107000개 처리 | 현재까지의 RPS: 656.28최근 1000개 request의 p99 TTFT: 0.2949 초 | 
2025-10-02 10:32:20,569 - INFO - [실시간] 요청 108000개 처리 | 현재까지의 RPS: 656.68최근 1000개 request의 p99 TTFT: 0.5572 초 | 
2025-10-02 10:32:22,038 - INFO - [실시간] 요청 109000개 처리 | 현재까지의 RPS: 656.89최근 1000개 request의 p99 TTFT: 0.4179 초 | 
2025-10-02 10:32:23,474 - INFO - [실시간] 요청 110000개 처리 | 현재까지의 RPS: 657.23최근 1000개 request의 p99 TTFT: 0.2409 초 | 
2025-10-02 10:32:25,026 - INFO - [실시간] 요청 111000개 처리 | 현재까지의 RPS: 657.11최근 1000개 request의 p99 TTFT: 0.2070 초 | 
2025-10-02 10:32:26,563 - INFO - [실시간] 요청 112000개 처리 | 현재까지의 RPS: 657.05최근 1000개 request의 p99 TTFT: 0.2211 초 | 
2025-10-02 10:32:28,125 - INFO - [실시간] 요청 113000개 처리 | 현재까지의 RPS: 656.90최근 1000개 request의 p99 TTFT: 0.4843 초 | 
2025-10-02 10:32:29,624 - INFO - [실시간] 요청 114000개 처리 | 현재까지의 RPS: 656.99최근 1000개 request의 p99 TTFT: 0.2701 초 | 
2025-10-02 10:32:31,075 - INFO - [실시간] 요청 115000개 처리 | 현재까지의 RPS: 657.26최근 1000개 request의 p99 TTFT: 0.2361 초 | 
2025-10-02 10:32:32,557 - INFO - [실시간] 요청 116000개 처리 | 현재까지의 RPS: 657.40최근 1000개 request의 p99 TTFT: 0.2180 초 | 
2025-10-02 10:32:34,203 - INFO - [실시간] 요청 117000개 처리 | 현재까지의 RPS: 656.94최근 1000개 request의 p99 TTFT: 0.2245 초 | 
2025-10-02 10:32:35,577 - INFO - [실시간] 요청 118000개 처리 | 현재까지의 RPS: 657.48최근 1000개 request의 p99 TTFT: 0.5620 초 | 
2025-10-02 10:32:37,491 - INFO - [실시간] 요청 119000개 처리 | 현재까지의 RPS: 656.06최근 1000개 request의 p99 TTFT: 0.4922 초 | 
2025-10-02 10:32:38,824 - INFO - [실시간] 요청 120000개 처리 | 현재까지의 RPS: 656.74최근 1000개 request의 p99 TTFT: 1.2032 초 | 
2025-10-02 10:32:40,138 - INFO - [실시간] 요청 121000개 처리 | 현재까지의 RPS: 657.49최근 1000개 request의 p99 TTFT: 1.3943 초 | 
2025-10-02 10:32:41,568 - INFO - [실시간] 요청 122000개 처리 | 현재까지의 RPS: 657.81최근 1000개 request의 p99 TTFT: 0.8245 초 | 
2025-10-02 10:32:43,167 - INFO - [실시간] 요청 123000개 처리 | 현재까지의 RPS: 657.54최근 1000개 request의 p99 TTFT: 0.2734 초 | 
2025-10-02 10:32:44,725 - INFO - [실시간] 요청 124000개 처리 | 현재까지의 RPS: 657.41최근 1000개 request의 p99 TTFT: 0.3177 초 | 
2025-10-02 10:32:46,192 - INFO - [실시간] 요청 125000개 처리 | 현재까지의 RPS: 657.59최근 1000개 request의 p99 TTFT: 0.5238 초 | 
2025-10-02 10:32:47,686 - INFO - [실시간] 요청 126000개 처리 | 현재까지의 RPS: 657.69최근 1000개 request의 p99 TTFT: 0.4468 초 | 
2025-10-02 10:32:49,105 - INFO - [실시간] 요청 127000개 처리 | 현재까지의 RPS: 658.03최근 1000개 request의 p99 TTFT: 0.2520 초 | 
2025-10-02 10:32:50,697 - INFO - [실시간] 요청 128000개 처리 | 현재까지의 RPS: 657.79최근 1000개 request의 p99 TTFT: 0.6159 초 | 
2025-10-02 10:32:52,177 - INFO - [실시간] 요청 129000개 처리 | 현재까지의 RPS: 657.92최근 1000개 request의 p99 TTFT: 0.5077 초 | 
2025-10-02 10:32:53,671 - INFO - [실시간] 요청 130000개 처리 | 현재까지의 RPS: 658.01최근 1000개 request의 p99 TTFT: 0.3053 초 | 
2025-10-02 10:32:55,245 - INFO - [실시간] 요청 131000개 처리 | 현재까지의 RPS: 657.83최근 1000개 request의 p99 TTFT: 0.5762 초 | 
2025-10-02 10:32:57,000 - INFO - [실시간] 요청 132000개 처리 | 현재까지의 RPS: 657.06최근 1000개 request의 p99 TTFT: 0.4254 초 | 
2025-10-02 10:32:58,417 - INFO - [실시간] 요청 133000개 처리 | 현재까지의 RPS: 657.40최근 1000개 request의 p99 TTFT: 0.7608 초 | 
2025-10-02 10:32:59,716 - INFO - [실시간] 요청 134000개 처리 | 현재까지의 RPS: 658.12최근 1000개 request의 p99 TTFT: 1.2139 초 | 
2025-10-02 10:33:01,202 - INFO - [실시간] 요청 135000개 처리 | 현재까지의 RPS: 658.23최근 1000개 request의 p99 TTFT: 0.5316 초 | 
2025-10-02 10:33:02,795 - INFO - [실시간] 요청 136000개 처리 | 현재까지의 RPS: 657.99최근 1000개 request의 p99 TTFT: 0.3371 초 | 
2025-10-02 10:33:04,277 - INFO - [실시간] 요청 137000개 처리 | 현재까지의 RPS: 658.11최근 1000개 request의 p99 TTFT: 0.4154 초 | 
2025-10-02 10:33:05,798 - INFO - [실시간] 요청 138000개 처리 | 현재까지의 RPS: 658.11최근 1000개 request의 p99 TTFT: 0.2657 초 | 
2025-10-02 10:33:07,259 - INFO - [실시간] 요청 139000개 처리 | 현재까지의 RPS: 658.29최근 1000개 request의 p99 TTFT: 0.5136 초 | 
2025-10-02 10:33:08,759 - INFO - [실시간] 요청 140000개 처리 | 현재까지의 RPS: 658.35최근 1000개 request의 p99 TTFT: 0.2668 초 | 
2025-10-02 10:33:10,250 - INFO - [실시간] 요청 141000개 처리 | 현재까지의 RPS: 658.43최근 1000개 request의 p99 TTFT: 0.2788 초 | 
2025-10-02 10:33:11,702 - INFO - [실시간] 요청 142000개 처리 | 현재까지의 RPS: 658.63최근 1000개 request의 p99 TTFT: 0.6682 초 | 
2025-10-02 10:33:13,224 - INFO - [실시간] 요청 143000개 처리 | 현재까지의 RPS: 658.62최근 1000개 request의 p99 TTFT: 0.3806 초 | 
2025-10-02 10:33:14,806 - INFO - [실시간] 요청 144000개 처리 | 현재까지의 RPS: 658.43최근 1000개 request의 p99 TTFT: 0.2690 초 | 
2025-10-02 10:33:16,290 - INFO - [실시간] 요청 145000개 처리 | 현재까지의 RPS: 658.54최근 1000개 request의 p99 TTFT: 0.6652 초 | 
2025-10-02 10:33:17,789 - INFO - [실시간] 요청 146000개 처리 | 현재까지의 RPS: 658.59최근 1000개 request의 p99 TTFT: 0.4099 초 | 
2025-10-02 10:33:19,267 - INFO - [실시간] 요청 147000개 처리 | 현재까지의 RPS: 658.71최근 1000개 request의 p99 TTFT: 0.3490 초 | 
2025-10-02 10:33:20,937 - INFO - [실시간] 요청 148000개 처리 | 현재까지의 RPS: 658.27최근 1000개 request의 p99 TTFT: 0.6091 초 | 
2025-10-02 10:33:22,343 - INFO - [실시간] 요청 149000개 처리 | 현재까지의 RPS: 658.60최근 1000개 request의 p99 TTFT: 1.1125 초 | 
2025-10-02 10:33:23,818 - INFO - [실시간] 요청 150000개 처리 | 현재까지의 RPS: 658.72최근 1000개 request의 p99 TTFT: 0.2189 초 | 
2025-10-02 10:33:25,326 - INFO - [실시간] 요청 151000개 처리 | 현재까지의 RPS: 658.75최근 1000개 request의 p99 TTFT: 0.3050 초 | 
2025-10-02 10:33:26,865 - INFO - [실시간] 요청 152000개 처리 | 현재까지의 RPS: 658.69최근 1000개 request의 p99 TTFT: 0.2450 초 | 
2025-10-02 10:33:28,313 - INFO - [실시간] 요청 153000개 처리 | 현재까지의 RPS: 658.89최근 1000개 request의 p99 TTFT: 0.6644 초 | 
2025-10-02 10:33:29,782 - INFO - [실시간] 요청 154000개 처리 | 현재까지의 RPS: 659.03최근 1000개 request의 p99 TTFT: 0.2599 초 | 
2025-10-02 10:33:31,334 - INFO - [실시간] 요청 155000개 처리 | 현재까지의 RPS: 658.93최근 1000개 request의 p99 TTFT: 0.2294 초 | 
2025-10-02 10:33:32,817 - INFO - [실시간] 요청 156000개 처리 | 현재까지의 RPS: 659.03최근 1000개 request의 p99 TTFT: 0.4102 초 | 
2025-10-02 10:33:34,328 - INFO - [실시간] 요청 157000개 처리 | 현재까지의 RPS: 659.05최근 1000개 request의 p99 TTFT: 0.5301 초 | 
2025-10-02 10:33:35,827 - INFO - [실시간] 요청 158000개 처리 | 현재까지의 RPS: 659.10최근 1000개 request의 p99 TTFT: 0.4460 초 | 
2025-10-02 10:33:37,275 - INFO - [실시간] 요청 159000개 처리 | 현재까지의 RPS: 659.29최근 1000개 request의 p99 TTFT: 0.2453 초 | 
2025-10-02 10:33:38,856 - INFO - [실시간] 요청 160000개 처리 | 현재까지의 RPS: 659.11최근 1000개 request의 p99 TTFT: 0.2793 초 | 
2025-10-02 10:33:40,393 - INFO - [실시간] 요청 161000개 처리 | 현재까지의 RPS: 659.06최근 1000개 request의 p99 TTFT: 0.5053 초 | 
2025-10-02 10:33:41,831 - INFO - [실시간] 요청 162000개 처리 | 현재까지의 RPS: 659.27최근 1000개 request의 p99 TTFT: 0.4960 초 | 
2025-10-02 10:33:43,610 - INFO - [실시간] 요청 163000개 처리 | 현재까지의 RPS: 658.57최근 1000개 request의 p99 TTFT: 0.2640 초 | 
2025-10-02 10:33:45,106 - INFO - [실시간] 요청 164000개 처리 | 현재까지의 RPS: 658.63최근 1000개 request의 p99 TTFT: 0.8553 초 | 
2025-10-02 10:33:46,419 - INFO - [실시간] 요청 165000개 처리 | 현재까지의 RPS: 659.17최근 1000개 request의 p99 TTFT: 1.5776 초 | 
2025-10-02 10:33:47,895 - INFO - [실시간] 요청 166000개 처리 | 현재까지의 RPS: 659.28최근 1000개 request의 p99 TTFT: 0.9173 초 | 
2025-10-02 10:33:49,401 - INFO - [실시간] 요청 167000개 처리 | 현재까지의 RPS: 659.31최근 1000개 request의 p99 TTFT: 0.4324 초 | 
2025-10-02 10:33:50,952 - INFO - [실시간] 요청 168000개 처리 | 현재까지의 RPS: 659.22최근 1000개 request의 p99 TTFT: 0.2483 초 | 
2025-10-02 10:33:52,400 - INFO - [실시간] 요청 169000개 처리 | 현재까지의 RPS: 659.39최근 1000개 request의 p99 TTFT: 0.3745 초 | 
2025-10-02 10:33:53,857 - INFO - [실시간] 요청 170000개 처리 | 현재까지의 RPS: 659.55최근 1000개 request의 p99 TTFT: 0.2477 초 | 
2025-10-02 10:33:55,338 - INFO - [실시간] 요청 171000개 처리 | 현재까지의 RPS: 659.64최근 1000개 request의 p99 TTFT: 0.2359 초 | 
2025-10-02 10:33:56,816 - INFO - [실시간] 요청 172000개 처리 | 현재까지의 RPS: 659.74최근 1000개 request의 p99 TTFT: 0.2504 초 | 
2025-10-02 10:33:58,414 - INFO - [실시간] 요청 173000개 처리 | 현재까지의 RPS: 659.53최근 1000개 request의 p99 TTFT: 0.2765 초 | 
2025-10-02 10:33:59,829 - INFO - [실시간] 요청 174000개 처리 | 현재까지의 RPS: 659.78최근 1000개 request의 p99 TTFT: 0.6455 초 | 
2025-10-02 10:34:01,335 - INFO - [실시간] 요청 175000개 처리 | 현재까지의 RPS: 659.80최근 1000개 request의 p99 TTFT: 0.3187 초 | 
2025-10-02 10:34:02,841 - INFO - [실시간] 요청 176000개 처리 | 현재까지의 RPS: 659.83최근 1000개 request의 p99 TTFT: 0.2314 초 | 
2025-10-02 10:34:04,703 - INFO - [실시간] 요청 177000개 처리 | 현재까지의 RPS: 658.98최근 1000개 request의 p99 TTFT: 0.8135 초 | 
2025-10-02 10:34:05,946 - INFO - [실시간] 요청 178000개 처리 | 현재까지의 RPS: 659.65최근 1000개 request의 p99 TTFT: 1.3205 초 | 
2025-10-02 10:34:07,371 - INFO - [실시간] 요청 179000개 처리 | 현재까지의 RPS: 659.87최근 1000개 request의 p99 TTFT: 1.3554 초 | 
2025-10-02 10:34:08,877 - INFO - [실시간] 요청 180000개 처리 | 현재까지의 RPS: 659.89최근 1000개 request의 p99 TTFT: 0.6910 초 | 
2025-10-02 10:34:10,484 - INFO - [실시간] 요청 181000개 처리 | 현재까지의 RPS: 659.67최근 1000개 request의 p99 TTFT: 0.2315 초 | 
2025-10-02 10:34:12,002 - INFO - [실시간] 요청 182000개 처리 | 현재까지의 RPS: 659.67최근 1000개 request의 p99 TTFT: 0.4445 초 | 
2025-10-02 10:34:13,471 - INFO - [실시간] 요청 183000개 처리 | 현재까지의 RPS: 659.78최근 1000개 request의 p99 TTFT: 0.2565 초 | 
2025-10-02 10:34:14,849 - INFO - [실시간] 요청 184000개 처리 | 현재까지의 RPS: 660.10최근 1000개 request의 p99 TTFT: 0.2334 초 | 
2025-10-02 10:34:16,379 - INFO - [실시간] 요청 185000개 처리 | 현재까지의 RPS: 660.07최근 1000개 request의 p99 TTFT: 0.2281 초 | 
2025-10-02 10:34:17,986 - INFO - [실시간] 요청 186000개 처리 | 현재까지의 RPS: 659.85최근 1000개 request의 p99 TTFT: 0.5178 초 | 
2025-10-02 10:34:19,517 - INFO - [실시간] 요청 187000개 처리 | 현재까지의 RPS: 659.82최근 1000개 request의 p99 TTFT: 0.4554 초 | 
2025-10-02 10:34:20,974 - INFO - [실시간] 요청 188000개 처리 | 현재까지의 RPS: 659.95최근 1000개 request의 p99 TTFT: 0.2368 초 | 
2025-10-02 10:34:22,419 - INFO - [실시간] 요청 189000개 처리 | 현재까지의 RPS: 660.11최근 1000개 request의 p99 TTFT: 0.2661 초 | 
2025-10-02 10:34:24,275 - INFO - [실시간] 요청 190000개 처리 | 현재까지의 RPS: 659.33최근 1000개 request의 p99 TTFT: 0.6044 초 | 
2025-10-02 10:34:25,573 - INFO - [실시간] 요청 191000개 처리 | 현재까지의 RPS: 659.83최근 1000개 request의 p99 TTFT: 1.0035 초 | 
2025-10-02 10:34:27,006 - INFO - [실시간] 요청 192000개 처리 | 현재까지의 RPS: 660.02최근 1000개 request의 p99 TTFT: 0.9711 초 | 
2025-10-02 10:34:28,515 - INFO - [실시간] 요청 193000개 처리 | 현재까지의 RPS: 660.03최근 1000개 request의 p99 TTFT: 0.5606 초 | 
2025-10-02 10:34:29,976 - INFO - [실시간] 요청 194000개 처리 | 현재까지의 RPS: 660.15최근 1000개 request의 p99 TTFT: 0.6696 초 | 
2025-10-02 10:34:31,546 - INFO - [실시간] 요청 195000개 처리 | 현재까지의 RPS: 660.03최근 1000개 request의 p99 TTFT: 0.2937 초 | 
2025-10-02 10:34:33,065 - INFO - [실시간] 요청 196000개 처리 | 현재까지의 RPS: 660.02최근 1000개 request의 p99 TTFT: 0.2517 초 | 
2025-10-02 10:34:34,611 - INFO - [실시간] 요청 197000개 처리 | 현재까지의 RPS: 659.95최근 1000개 request의 p99 TTFT: 0.3635 초 | 
2025-10-02 10:34:36,002 - INFO - [실시간] 요청 198000개 처리 | 현재까지의 RPS: 660.23최근 1000개 request의 p99 TTFT: 0.7742 초 | 
2025-10-02 10:34:37,460 - INFO - [실시간] 요청 199000개 처리 | 현재까지의 RPS: 660.35최근 1000개 request의 p99 TTFT: 0.2809 초 | 
2025-10-02 10:34:39,044 - INFO - [실시간] 요청 200000개 처리 | 현재까지의 RPS: 660.20최근 1000개 request의 p99 TTFT: 0.3057 초 | 
2025-10-02 10:34:40,536 - INFO - [실시간] 요청 201000개 처리 | 현재까지의 RPS: 660.25최근 1000개 request의 p99 TTFT: 0.3022 초 | 
2025-10-02 10:34:41,974 - INFO - [실시간] 요청 202000개 처리 | 현재까지의 RPS: 660.41최근 1000개 request의 p99 TTFT: 0.6267 초 | 
2025-10-02 10:34:43,503 - INFO - [실시간] 요청 203000개 처리 | 현재까지의 RPS: 660.38최근 1000개 request의 p99 TTFT: 0.2960 초 | 
2025-10-02 10:34:45,501 - INFO - [실시간] 요청 204000개 처리 | 현재까지의 RPS: 659.35최근 1000개 request의 p99 TTFT: 0.3846 초 | 
2025-10-02 10:34:46,895 - INFO - [실시간] 요청 205000개 처리 | 현재까지의 RPS: 659.61최근 1000개 request의 p99 TTFT: 0.8678 초 | 
2025-10-02 10:34:48,140 - INFO - [실시간] 요청 206000개 처리 | 현재까지의 RPS: 660.18최근 1000개 request의 p99 TTFT: 1.4104 초 | 
2025-10-02 10:34:49,554 - INFO - [실시간] 요청 207000개 처리 | 현재까지의 RPS: 660.39최근 1000개 request의 p99 TTFT: 1.3078 초 | 
2025-10-02 10:34:51,162 - INFO - [실시간] 요청 208000개 처리 | 현재까지의 RPS: 660.20최근 1000개 request의 p99 TTFT: 0.6111 초 | 
2025-10-02 10:34:52,721 - INFO - [실시간] 요청 209000개 처리 | 현재까지의 RPS: 660.11최근 1000개 request의 p99 TTFT: 0.3163 초 | 
2025-10-02 10:34:54,298 - INFO - [실시간] 요청 210000개 처리 | 현재까지의 RPS: 659.98최근 1000개 request의 p99 TTFT: 0.4154 초 | 
2025-10-02 10:34:55,703 - INFO - [실시간] 요청 211000개 처리 | 현재까지의 RPS: 660.21최근 1000개 request의 p99 TTFT: 0.7140 초 | 
2025-10-02 10:34:57,169 - INFO - [실시간] 요청 212000개 처리 | 현재까지의 RPS: 660.30최근 1000개 request의 p99 TTFT: 0.4100 초 | 
2025-10-02 10:34:58,728 - INFO - [실시간] 요청 213000개 처리 | 현재까지의 RPS: 660.21최근 1000개 request의 p99 TTFT: 0.3769 초 | 
2025-10-02 10:35:00,105 - INFO - [실시간] 요청 214000개 처리 | 현재까지의 RPS: 660.49최근 1000개 request의 p99 TTFT: 0.7346 초 | 
2025-10-02 10:35:01,661 - INFO - [실시간] 요청 215000개 처리 | 현재까지의 RPS: 660.41최근 1000개 request의 p99 TTFT: 0.5134 초 | 
2025-10-02 10:35:03,136 - INFO - [실시간] 요청 216000개 처리 | 현재까지의 RPS: 660.49최근 1000개 request의 p99 TTFT: 0.4370 초 | 
2025-10-02 10:35:04,547 - INFO - [실시간] 요청 217000개 처리 | 현재까지의 RPS: 660.70최근 1000개 request의 p99 TTFT: 0.8112 초 | 
2025-10-02 10:35:06,326 - INFO - [실시간] 요청 218000개 처리 | 현재까지의 RPS: 660.16최근 1000개 request의 p99 TTFT: 0.4753 초 | 
통계에 반영된 요청 인덱스 범위: 0 ~ 218000 (총 218000개 요청)
통계 반영된 요청 수: 218000, 통계 반영된 시간: 350.74 초

==================================================
 실험 최종 결과 요약
==================================================
 설정 실험 시간: 330 초
 Clients 수: 4800
 통계 반영 시간: 350.74 초
 총 시도된 요청: 218000 개
 총 완료된 요청: 218000 개
 총 실패한 요청: 0 개
 완료 요청 중 retrieval이 실패한 요청: -294 개
 요청 성공률: 100.00%
 전체 Requests Per Second (RPS): 621.53
--------------------------------------------------
 Time to First Token (TTFT) Latency:
  - 평균 (Mean): 0.1538 초
  - 중간값 (50%ile): 0.1190 초
  - 최소값 (Min): 0.0208 초
  - 최대값 (Max): 2.6033 초
  - 95%ile Tail: 0.3876 초
  - 99%ile Tail: 0.7865 초
--------------------------------------------------
 Time Per Output Token (TPOT):
  - 평균 (Mean): 16.73 ms/token
--------------------------------------------------
 Embedding Latency:
  - 총 샘플 수: 218000
  - 평균 (Mean): 9.14 ms
  - 중간값 (50%ile): 7.00 ms
  - 95%ile Tail: 21.00 ms
  - 99%ile Tail: 46.00 ms
--------------------------------------------------
 VectorDB Search Latency:
  - 총 샘플 수: 218000
  - 평균 (Mean): 51.08 ms
  - 중간값 (50%ile): 25.00 ms
  - 95%ile Tail: 153.00 ms
  - 99%ile Tail: 573.00 ms
--------------------------------------------------
 Document Search Latency:
  - 총 샘플 수: 218000
  - 평균 (Mean): 21.50 ms
  - 중간값 (50%ile): 8.00 ms
  - 95%ile Tail: 91.00 ms
  - 99%ile Tail: 195.00 ms
--------------------------------------------------
 Total Retrieval Latency:
  - 총 샘플 수: 218000
  - 평균 (Mean): 81.74 ms
  - 중간값 (50%ile): 44.00 ms
  - 95%ile Tail: 258.00 ms
  - 99%ile Tail: 677.00 ms
==================================================
