2025-10-02 10:27:29,708 - INFO - ReqGen 시작: 서버=163.152.48.109:9000, 클라이언트=4900, 시간=330초
2025-10-02 10:27:29,708 - INFO - Hugging Face에서 'kroshan/BioASQ' 데이터셋을 로드합니다...
2025-10-02 10:27:36,583 - INFO - 3266개의 질문을 로드했습니다.
2025-10-02 10:27:36,584 - INFO - 부하 테스트 시작, client 수 = 4900
2025-10-02 10:27:36,584 - INFO - Zipf 값 1.2에서 상위 20%의 질문이 차지하는 비율: 91.82%
2025-10-02 10:27:39,290 - INFO - [실시간] 요청 1000개 처리 | 현재까지의 RPS: 369.56최근 1000개 request의 p99 TTFT: 0.4985 초 | 
2025-10-02 10:27:41,391 - INFO - [실시간] 요청 2000개 처리 | 현재까지의 RPS: 416.05최근 1000개 request의 p99 TTFT: 0.2572 초 | 
2025-10-02 10:27:43,182 - INFO - [실시간] 요청 3000개 처리 | 현재까지의 RPS: 454.66최근 1000개 request의 p99 TTFT: 0.5777 초 | 
2025-10-02 10:27:44,592 - INFO - [실시간] 요청 4000개 처리 | 현재까지의 RPS: 499.49최근 1000개 request의 p99 TTFT: 0.5686 초 | 
2025-10-02 10:27:45,874 - INFO - [실시간] 요청 5000개 처리 | 현재까지의 RPS: 538.22최근 1000개 request의 p99 TTFT: 0.2974 초 | 
2025-10-02 10:27:47,207 - INFO - [실시간] 요청 6000개 처리 | 현재까지의 RPS: 564.80최근 1000개 request의 p99 TTFT: 1.0740 초 | 
2025-10-02 10:27:48,588 - INFO - [실시간] 요청 7000개 처리 | 현재까지의 RPS: 583.11최근 1000개 request의 p99 TTFT: 1.0267 초 | 
2025-10-02 10:27:50,267 - INFO - [실시간] 요청 8000개 처리 | 현재까지의 RPS: 584.65최근 1000개 request의 p99 TTFT: 0.9434 초 | 
2025-10-02 10:27:51,730 - INFO - [실시간] 요청 9000개 처리 | 현재까지의 RPS: 594.22최근 1000개 request의 p99 TTFT: 0.3944 초 | 
2025-10-02 10:27:53,134 - INFO - [실시간] 요청 10000개 처리 | 현재까지의 RPS: 604.24최근 1000개 request의 p99 TTFT: 0.2786 초 | 
2025-10-02 10:27:54,603 - INFO - [실시간] 요청 11000개 처리 | 현재까지의 RPS: 610.45최근 1000개 request의 p99 TTFT: 0.2464 초 | 
2025-10-02 10:27:56,056 - INFO - [실시간] 요청 12000개 처리 | 현재까지의 RPS: 616.26최근 1000개 request의 p99 TTFT: 0.6037 초 | 
2025-10-02 10:27:57,529 - INFO - [실시간] 요청 13000개 처리 | 현재까지의 RPS: 620.67최근 1000개 request의 p99 TTFT: 0.3428 초 | 
2025-10-02 10:27:59,037 - INFO - [실시간] 요청 14000개 처리 | 현재까지의 RPS: 623.52최근 1000개 request의 p99 TTFT: 0.2201 초 | 
2025-10-02 10:28:00,459 - INFO - [실시간] 요청 15000개 처리 | 현재까지의 RPS: 628.26최근 1000개 request의 p99 TTFT: 0.2912 초 | 
2025-10-02 10:28:01,945 - INFO - [실시간] 요청 16000개 처리 | 현재까지의 RPS: 630.88최근 1000개 request의 p99 TTFT: 0.5281 초 | 
2025-10-02 10:28:03,380 - INFO - [실시간] 요청 17000개 처리 | 현재까지의 RPS: 634.44최근 1000개 request의 p99 TTFT: 0.4229 초 | 
2025-10-02 10:28:04,742 - INFO - [실시간] 요청 18000개 처리 | 현재까지의 RPS: 639.25최근 1000개 request의 p99 TTFT: 0.3726 초 | 
2025-10-02 10:28:06,739 - INFO - [실시간] 요청 19000개 처리 | 현재까지의 RPS: 630.08최근 1000개 request의 p99 TTFT: 0.5589 초 | 
2025-10-02 10:28:07,961 - INFO - [실시간] 요청 20000개 처리 | 현재까지의 RPS: 637.41최근 1000개 request의 p99 TTFT: 1.3971 초 | 
2025-10-02 10:28:09,234 - INFO - [실시간] 요청 21000개 처리 | 현재까지의 RPS: 643.18최근 1000개 request의 p99 TTFT: 1.6002 초 | 
2025-10-02 10:28:10,685 - INFO - [실시간] 요청 22000개 처리 | 현재까지의 RPS: 645.15최근 1000개 request의 p99 TTFT: 0.2466 초 | 
2025-10-02 10:28:12,188 - INFO - [실시간] 요청 23000개 처리 | 현재까지의 RPS: 645.99최근 1000개 request의 p99 TTFT: 0.2585 초 | 
2025-10-02 10:28:13,794 - INFO - [실시간] 요청 24000개 처리 | 현재까지의 RPS: 645.00최근 1000개 request의 p99 TTFT: 0.3638 초 | 
2025-10-02 10:28:15,247 - INFO - [실시간] 요청 25000개 처리 | 현재까지의 RPS: 646.61최근 1000개 request의 p99 TTFT: 0.5308 초 | 
2025-10-02 10:28:16,600 - INFO - [실시간] 요청 26000개 처리 | 현재까지의 RPS: 649.73최근 1000개 request의 p99 TTFT: 0.3796 초 | 
2025-10-02 10:28:18,065 - INFO - [실시간] 요청 27000개 처리 | 현재까지의 RPS: 650.90최근 1000개 request의 p99 TTFT: 0.3584 초 | 
2025-10-02 10:28:19,619 - INFO - [실시간] 요청 28000개 처리 | 현재까지의 RPS: 650.63최근 1000개 request의 p99 TTFT: 0.4388 초 | 
2025-10-02 10:28:21,041 - INFO - [실시간] 요청 29000개 처리 | 현재까지의 RPS: 652.31최근 1000개 request의 p99 TTFT: 0.2909 초 | 
2025-10-02 10:28:22,541 - INFO - [실시간] 요청 30000개 처리 | 현재까지의 RPS: 652.78최근 1000개 request의 p99 TTFT: 0.2693 초 | 
2025-10-02 10:28:24,135 - INFO - [실시간] 요청 31000개 처리 | 현재까지의 RPS: 651.93최근 1000개 request의 p99 TTFT: 0.4667 초 | 
2025-10-02 10:28:25,722 - INFO - [실시간] 요청 32000개 처리 | 현재까지의 RPS: 651.23최근 1000개 request의 p99 TTFT: 0.9066 초 | 
2025-10-02 10:28:26,947 - INFO - [실시간] 요청 33000개 처리 | 현재까지의 RPS: 655.24최근 1000개 request의 p99 TTFT: 1.4219 초 | 
2025-10-02 10:28:28,460 - INFO - [실시간] 요청 34000개 처리 | 현재까지의 RPS: 655.41최근 1000개 request의 p99 TTFT: 0.5124 초 | 
2025-10-02 10:28:29,898 - INFO - [실시간] 요청 35000개 처리 | 현재까지의 RPS: 656.49최근 1000개 request의 p99 TTFT: 0.5309 초 | 
2025-10-02 10:28:31,502 - INFO - [실시간] 요청 36000개 처리 | 현재까지의 RPS: 655.52최근 1000개 request의 p99 TTFT: 0.2274 초 | 
2025-10-02 10:28:32,958 - INFO - [실시간] 요청 37000개 처리 | 현재까지의 RPS: 656.33최근 1000개 request의 p99 TTFT: 0.5063 초 | 
2025-10-02 10:28:34,371 - INFO - [실시간] 요청 38000개 처리 | 현재까지의 RPS: 657.58최근 1000개 request의 p99 TTFT: 0.2277 초 | 
2025-10-02 10:28:35,840 - INFO - [실시간] 요청 39000개 처리 | 현재까지의 RPS: 658.16최근 1000개 request의 p99 TTFT: 0.2350 초 | 
2025-10-02 10:28:37,253 - INFO - [실시간] 요청 40000개 처리 | 현재까지의 RPS: 659.31최근 1000개 request의 p99 TTFT: 0.2653 초 | 
2025-10-02 10:28:38,744 - INFO - [실시간] 요청 41000개 처리 | 현재까지의 RPS: 659.59최근 1000개 request의 p99 TTFT: 0.4765 초 | 
2025-10-02 10:28:40,159 - INFO - [실시간] 요청 42000개 처리 | 현재까지의 RPS: 660.64최근 1000개 request의 p99 TTFT: 0.5509 초 | 
2025-10-02 10:28:41,709 - INFO - [실시간] 요청 43000개 처리 | 현재까지의 RPS: 660.27최근 1000개 request의 p99 TTFT: 0.2124 초 | 
2025-10-02 10:28:43,149 - INFO - [실시간] 요청 44000개 처리 | 현재까지의 RPS: 661.01최근 1000개 request의 p99 TTFT: 0.7087 초 | 
2025-10-02 10:28:45,026 - INFO - [실시간] 요청 45000개 처리 | 현재까지의 RPS: 657.49최근 1000개 request의 p99 TTFT: 0.6278 초 | 
2025-10-02 10:28:46,248 - INFO - [실시간] 요청 46000개 처리 | 현재까지의 RPS: 660.31최근 1000개 request의 p99 TTFT: 1.4713 초 | 
2025-10-02 10:28:47,583 - INFO - [실시간] 요청 47000개 처리 | 현재까지의 RPS: 661.98최근 1000개 request의 p99 TTFT: 1.7968 초 | 
2025-10-02 10:28:49,104 - INFO - [실시간] 요청 48000개 처리 | 현재까지의 RPS: 661.89최근 1000개 request의 p99 TTFT: 0.2544 초 | 
2025-10-02 10:28:50,570 - INFO - [실시간] 요청 49000개 처리 | 현재까지의 RPS: 662.29최근 1000개 request의 p99 TTFT: 0.2983 초 | 
2025-10-02 10:28:52,095 - INFO - [실시간] 요청 50000개 처리 | 현재까지의 RPS: 662.16최근 1000개 request의 p99 TTFT: 0.5542 초 | 
2025-10-02 10:28:53,495 - INFO - [실시간] 요청 51000개 처리 | 현재까지의 RPS: 663.10최근 1000개 request의 p99 TTFT: 0.4898 초 | 
2025-10-02 10:28:54,934 - INFO - [실시간] 요청 52000개 처리 | 현재까지의 RPS: 663.69최근 1000개 request의 p99 TTFT: 0.3979 초 | 
2025-10-02 10:28:56,512 - INFO - [실시간] 요청 53000개 처리 | 현재까지의 RPS: 663.10최근 1000개 request의 p99 TTFT: 0.4008 초 | 
2025-10-02 10:28:57,949 - INFO - [실시간] 요청 54000개 처리 | 현재까지의 RPS: 663.67최근 1000개 request의 p99 TTFT: 0.6439 초 | 
2025-10-02 10:28:59,402 - INFO - [실시간] 요청 55000개 처리 | 현재까지의 RPS: 664.11최근 1000개 request의 p99 TTFT: 0.4748 초 | 
2025-10-02 10:29:00,871 - INFO - [실시간] 요청 56000개 처리 | 현재까지의 RPS: 664.40최근 1000개 request의 p99 TTFT: 0.3194 초 | 
2025-10-02 10:29:02,344 - INFO - [실시간] 요청 57000개 처리 | 현재까지의 RPS: 664.65최근 1000개 request의 p99 TTFT: 0.8414 초 | 
2025-10-02 10:29:04,292 - INFO - [실시간] 요청 58000개 처리 | 현재까지의 RPS: 661.28최근 1000개 request의 p99 TTFT: 0.7142 초 | 
2025-10-02 10:29:05,538 - INFO - [실시간] 요청 59000개 처리 | 현재까지의 RPS: 663.26최근 1000개 request의 p99 TTFT: 1.6064 초 | 
2025-10-02 10:29:06,796 - INFO - [실시간] 요청 60000개 처리 | 현재까지의 RPS: 665.10최근 1000개 request의 p99 TTFT: 2.2937 초 | 
2025-10-02 10:29:06,797 - WARNING - 최근 1000개의 p99 TTFT 2.2937 초가 SLO 의 2배 (2.0 초)를 초과했습니다. 부하 테스트를 조기 종료합니다.
통계에 반영된 요청 인덱스 범위: 0 ~ 60000 (총 60000개 요청)
통계 반영된 요청 수: 60000, 통계 반영된 시간: 110.20 초

==================================================
 실험 최종 결과 요약
==================================================
 부하 테스트가 조기 종료되었습니다! (SLO 위반)
 Client 수를 낮추어 다시 시도하세요.
 설정 실험 시간: 330 초
 Clients 수: 4900
 통계 반영 시간: 110.20 초
 총 시도된 요청: 60000 개
 총 완료된 요청: 60000 개
 총 실패한 요청: 0 개
 완료 요청 중 retrieval이 실패한 요청: -448 개
 요청 성공률: 100.00%
 전체 Requests Per Second (RPS): 544.48
--------------------------------------------------
 Time to First Token (TTFT) Latency:
  - 평균 (Mean): 0.1725 초
  - 중간값 (50%ile): 0.1256 초
  - 최소값 (Min): 0.0230 초
  - 최대값 (Max): 3.0533 초
  - 95%ile Tail: 0.4764 초
  - 99%ile Tail: 0.9817 초
--------------------------------------------------
 Time Per Output Token (TPOT):
  - 평균 (Mean): 16.81 ms/token
--------------------------------------------------
 Embedding Latency:
  - 총 샘플 수: 60000
  - 평균 (Mean): 9.31 ms
  - 중간값 (50%ile): 6.00 ms
  - 95%ile Tail: 23.00 ms
  - 99%ile Tail: 58.00 ms
--------------------------------------------------
 VectorDB Search Latency:
  - 총 샘플 수: 60000
  - 평균 (Mean): 70.03 ms
  - 중간값 (50%ile): 28.00 ms
  - 95%ile Tail: 260.00 ms
  - 99%ile Tail: 796.02 ms
--------------------------------------------------
 Document Search Latency:
  - 총 샘플 수: 60000
  - 평균 (Mean): 20.21 ms
  - 중간값 (50%ile): 8.00 ms
  - 95%ile Tail: 70.00 ms
  - 99%ile Tail: 192.01 ms
--------------------------------------------------
 Total Retrieval Latency:
  - 총 샘플 수: 60000
  - 평균 (Mean): 99.55 ms
  - 중간값 (50%ile): 49.00 ms
  - 95%ile Tail: 357.00 ms
  - 99%ile Tail: 857.03 ms
==================================================
