2025-11-17 20:23:10,171 - INFO - ReqGen 시작: 서버=163.152.48.109:9000, 클라이언트=12000, 시간=80초
2025-11-17 20:23:10,171 - INFO - Hugging Face에서 'kroshan/BioASQ' 데이터셋을 로드합니다...
2025-11-17 20:23:16,364 - INFO - 3266개의 질문을 로드했습니다.
2025-11-17 20:23:16,364 - INFO - 부하 테스트 시작, client 수 = 12000
2025-11-17 20:23:16,365 - INFO - Zipf 값 1.2에서 상위 20%의 질문이 차지하는 비율: 91.82%
2025-11-17 20:23:20,393 - INFO - [실시간] 요청 1000개 처리 | 현재까지의 RPS: 248.23최근 1000개 request의 p99 TTFT: 0.4954 초 | 
2025-11-17 20:23:23,045 - INFO - [실시간] 요청 2000개 처리 | 현재까지의 RPS: 299.38최근 1000개 request의 p99 TTFT: 0.3978 초 | 
2025-11-17 20:23:25,400 - INFO - [실시간] 요청 3000개 처리 | 현재까지의 RPS: 332.03최근 1000개 request의 p99 TTFT: 0.5681 초 | 
2025-11-17 20:23:27,381 - INFO - [실시간] 요청 4000개 처리 | 현재까지의 RPS: 363.11최근 1000개 request의 p99 TTFT: 0.6457 초 | 
2025-11-17 20:23:29,608 - INFO - [실시간] 요청 5000개 처리 | 현재까지의 RPS: 377.55최근 1000개 request의 p99 TTFT: 1.4836 초 | 
2025-11-17 20:23:31,466 - INFO - [실시간] 요청 6000개 처리 | 현재까지의 RPS: 397.31최근 1000개 request의 p99 TTFT: 1.8104 초 | 
2025-11-17 20:23:33,239 - INFO - [실시간] 요청 7000개 처리 | 현재까지의 RPS: 414.82최근 1000개 request의 p99 TTFT: 1.8491 초 | 
2025-11-17 20:23:35,005 - INFO - [실시간] 요청 8000개 처리 | 현재까지의 RPS: 429.16최근 1000개 request의 p99 TTFT: 2.4750 초 | 
2025-11-17 20:23:35,006 - WARNING - 최근 1000개의 p99 TTFT 2.4750 초가 SLO 의 2배 (2.0 초)를 초과했습니다. 부하 테스트를 조기 종료합니다.
2025-11-17 20:23:36,742 - INFO - [실시간] 요청 9000개 처리 | 현재까지의 RPS: 441.66최근 1000개 request의 p99 TTFT: 3.0923 초 | 
2025-11-17 20:23:38,980 - INFO - [실시간] 요청 10000개 처리 | 현재까지의 RPS: 442.18최근 1000개 request의 p99 TTFT: 3.3755 초 | 
2025-11-17 20:24:24,751 - INFO - [실시간] 요청 11000개 처리 | 현재까지의 RPS: 160.85최근 1000개 request의 p99 TTFT: 2.5034 초 | 
2025-11-17 20:24:29,572 - INFO - [실시간] 요청 12000개 처리 | 현재까지의 RPS: 163.92최근 1000개 request의 p99 TTFT: 0.3096 초 | 
2025-11-17 20:24:34,410 - INFO - [실시간] 요청 13000개 처리 | 현재까지의 RPS: 166.57최근 1000개 request의 p99 TTFT: 0.5440 초 | 
통계에 반영된 요청 인덱스 범위: 0 ~ 8000 (총 8000개 요청)
통계 반영된 요청 수: 8000, 통계 반영된 시간: 138.89 초

==================================================
 실험 최종 결과 요약
==================================================
 부하 테스트가 조기 종료되었습니다! (SLO 위반)
 Client 수를 낮추어 다시 시도하세요.
 설정 실험 시간: 80 초
 Clients 수: 12000
 통계 반영 시간: 138.89 초
 총 시도된 요청: 14918 개
 총 완료된 요청: 8000 개
 총 실패한 요청: 6918 개
 완료 요청 중 retrieval이 실패한 요청: -5566 개
 요청 성공률: 53.63%
 전체 Requests Per Second (RPS): 57.60
--------------------------------------------------
 Time to First Token (TTFT) Latency:
  - 평균 (Mean): 0.3917 초
  - 중간값 (50%ile): 0.2026 초
  - 최소값 (Min): 0.0178 초
  - 최대값 (Max): 2.9418 초
  - 95%ile Tail: 1.3870 초
  - 99%ile Tail: 2.1276 초
--------------------------------------------------
 Time Per Output Token (TPOT):
  - 평균 (Mean): 17.04 ms/token
--------------------------------------------------
 Embedding Latency:
  - 총 샘플 수: 8000
  - 평균 (Mean): 12.55 ms
  - 중간값 (50%ile): 6.00 ms
  - 95%ile Tail: 33.00 ms
  - 99%ile Tail: 213.02 ms
--------------------------------------------------
 VectorDB Search Latency:
  - 총 샘플 수: 8000
  - 평균 (Mean): 266.90 ms
  - 중간값 (50%ile): 86.00 ms
  - 95%ile Tail: 1240.10 ms
  - 99%ile Tail: 1974.01 ms
--------------------------------------------------
 Document Search Latency:
  - 총 샘플 수: 8000
  - 평균 (Mean): 17.16 ms
  - 중간값 (50%ile): 8.00 ms
  - 95%ile Tail: 55.00 ms
  - 99%ile Tail: 102.01 ms
--------------------------------------------------
 Total Retrieval Latency:
  - 총 샘플 수: 8000
  - 평균 (Mean): 296.56 ms
  - 중간값 (50%ile): 112.00 ms
  - 95%ile Tail: 1281.05 ms
  - 99%ile Tail: 2017.05 ms
==================================================
