2025-11-17 20:20:42,479 - INFO - ReqGen 시작: 서버=163.152.48.109:9000, 클라이언트=8000, 시간=80초
2025-11-17 20:20:42,479 - INFO - Hugging Face에서 'kroshan/BioASQ' 데이터셋을 로드합니다...
2025-11-17 20:20:48,659 - INFO - 3266개의 질문을 로드했습니다.
2025-11-17 20:20:48,660 - INFO - 부하 테스트 시작, client 수 = 8000
2025-11-17 20:20:48,660 - INFO - Zipf 값 1.2에서 상위 20%의 질문이 차지하는 비율: 91.82%
2025-11-17 20:20:53,881 - INFO - [실시간] 요청 1000개 처리 | 현재까지의 RPS: 191.52최근 1000개 request의 p99 TTFT: 0.4239 초 | 
2025-11-17 20:20:57,459 - INFO - [실시간] 요청 2000개 처리 | 현재까지의 RPS: 227.28최근 1000개 request의 p99 TTFT: 0.4034 초 | 
2025-11-17 20:21:00,428 - INFO - [실시간] 요청 3000개 처리 | 현재까지의 RPS: 254.91최근 1000개 request의 p99 TTFT: 0.3605 초 | 
2025-11-17 20:21:03,103 - INFO - [실시간] 요청 4000개 처리 | 현재까지의 RPS: 276.94최근 1000개 request의 p99 TTFT: 0.4498 초 | 
2025-11-17 20:21:05,450 - INFO - [실시간] 요청 5000개 처리 | 현재까지의 RPS: 297.79최근 1000개 request의 p99 TTFT: 0.4819 초 | 
2025-11-17 20:21:07,764 - INFO - [실시간] 요청 6000개 처리 | 현재까지의 RPS: 314.07최근 1000개 request의 p99 TTFT: 0.6435 초 | 
2025-11-17 20:21:09,656 - INFO - [실시간] 요청 7000개 처리 | 현재까지의 RPS: 333.40최근 1000개 request의 p99 TTFT: 0.6718 초 | 
2025-11-17 20:21:12,540 - INFO - [실시간] 요청 8000개 처리 | 현재까지의 RPS: 335.00최근 1000개 request의 p99 TTFT: 0.4891 초 | 
2025-11-17 20:21:15,320 - INFO - [실시간] 요청 9000개 처리 | 현재까지의 RPS: 337.58최근 1000개 request의 p99 TTFT: 0.4094 초 | 
2025-11-17 20:21:18,002 - INFO - [실시간] 요청 10000개 처리 | 현재까지의 RPS: 340.80최근 1000개 request의 p99 TTFT: 0.1899 초 | 
2025-11-17 20:21:20,683 - INFO - [실시간] 요청 11000개 처리 | 현재까지의 RPS: 343.50최근 1000개 request의 p99 TTFT: 0.2231 초 | 
2025-11-17 20:21:23,185 - INFO - [실시간] 요청 12000개 처리 | 현재까지의 RPS: 347.57최근 1000개 request의 p99 TTFT: 0.1977 초 | 
2025-11-17 20:21:25,878 - INFO - [실시간] 요청 13000개 처리 | 현재까지의 RPS: 349.29최근 1000개 request의 p99 TTFT: 0.4702 초 | 
2025-11-17 20:21:28,521 - INFO - [실시간] 요청 14000개 처리 | 현재까지의 RPS: 351.22최근 1000개 request의 p99 TTFT: 0.4676 초 | 
2025-11-17 20:21:31,221 - INFO - [실시간] 요청 15000개 처리 | 현재까지의 RPS: 352.43최근 1000개 request의 p99 TTFT: 0.1829 초 | 
2025-11-17 20:21:34,008 - INFO - [실시간] 요청 16000개 처리 | 현재까지의 RPS: 352.82최근 1000개 request의 p99 TTFT: 0.1749 초 | 
2025-11-17 20:21:36,602 - INFO - [실시간] 요청 17000개 처리 | 현재까지의 RPS: 354.59최근 1000개 request의 p99 TTFT: 0.1827 초 | 
2025-11-17 20:21:39,273 - INFO - [실시간] 요청 18000개 처리 | 현재까지의 RPS: 355.64최근 1000개 request의 p99 TTFT: 0.2122 초 | 
2025-11-17 20:21:42,121 - INFO - [실시간] 요청 19000개 처리 | 현재까지의 RPS: 355.40최근 1000개 request의 p99 TTFT: 0.4752 초 | 
2025-11-17 20:21:44,801 - INFO - [실시간] 요청 20000개 처리 | 현재까지의 RPS: 356.24최근 1000개 request의 p99 TTFT: 0.4812 초 | 
2025-11-17 20:21:47,502 - INFO - [실시간] 요청 21000개 처리 | 현재까지의 RPS: 356.89최근 1000개 request의 p99 TTFT: 0.2130 초 | 
2025-11-17 20:21:50,185 - INFO - [실시간] 요청 22000개 처리 | 현재까지의 RPS: 357.58최근 1000개 request의 p99 TTFT: 0.1897 초 | 
2025-11-17 20:21:52,514 - INFO - [실시간] 요청 23000개 처리 | 현재까지의 RPS: 360.19최근 1000개 request의 p99 TTFT: 0.1996 초 | 
2025-11-17 20:21:55,183 - INFO - [실시간] 요청 24000개 처리 | 현재까지의 RPS: 360.77최근 1000개 request의 p99 TTFT: 0.8799 초 | 
2025-11-17 20:21:56,993 - INFO - [실시간] 요청 25000개 처리 | 현재까지의 RPS: 365.85최근 1000개 request의 p99 TTFT: 1.0553 초 | 
2025-11-17 20:21:59,330 - INFO - [실시간] 요청 26000개 처리 | 현재까지의 RPS: 367.91최근 1000개 request의 p99 TTFT: 0.1923 초 | 
2025-11-17 20:22:02,037 - INFO - [실시간] 요청 27000개 처리 | 현재까지의 RPS: 367.96최근 1000개 request의 p99 TTFT: 0.7679 초 | 
2025-11-17 20:22:03,841 - INFO - [실시간] 요청 28000개 처리 | 현재까지의 RPS: 372.43최근 1000개 request의 p99 TTFT: 1.6600 초 | 
2025-11-17 20:22:05,979 - INFO - [실시간] 요청 29000개 처리 | 현재까지의 RPS: 375.07최근 1000개 request의 p99 TTFT: 1.3734 초 | 
2025-11-17 20:22:08,534 - INFO - [실시간] 요청 30000개 처리 | 현재까지의 RPS: 375.59최근 1000개 request의 p99 TTFT: 0.9112 초 | 
통계에 반영된 요청 인덱스 범위: 0 ~ 30673 (총 30673개 요청)
통계 반영된 요청 수: 30673, 통계 반영된 시간: 140.02 초

==================================================
 실험 최종 결과 요약
==================================================
 설정 실험 시간: 80 초
 Clients 수: 8000
 통계 반영 시간: 140.02 초
 총 시도된 요청: 37392 개
 총 완료된 요청: 30673 개
 총 실패한 요청: 6719 개
 완료 요청 중 retrieval이 실패한 요청: 0 개
 요청 성공률: 82.03%
 전체 Requests Per Second (RPS): 219.05
--------------------------------------------------
 Time to First Token (TTFT) Latency:
  - 평균 (Mean): 0.1498 초
  - 중간값 (50%ile): 0.1187 초
  - 최소값 (Min): 0.0206 초
  - 최대값 (Max): 2.0248 초
  - 95%ile Tail: 0.4143 초
  - 99%ile Tail: 0.8060 초
--------------------------------------------------
 Time Per Output Token (TPOT):
  - 평균 (Mean): 16.99 ms/token
--------------------------------------------------
 Embedding Latency:
  - 총 샘플 수: 30668
  - 평균 (Mean): 9.11 ms
  - 중간값 (50%ile): 7.00 ms
  - 95%ile Tail: 16.00 ms
  - 99%ile Tail: 38.00 ms
--------------------------------------------------
 VectorDB Search Latency:
  - 총 샘플 수: 30668
  - 평균 (Mean): 49.35 ms
  - 중간값 (50%ile): 16.00 ms
  - 95%ile Tail: 223.65 ms
  - 99%ile Tail: 606.33 ms
--------------------------------------------------
 Document Search Latency:
  - 총 샘플 수: 30668
  - 평균 (Mean): 10.43 ms
  - 중간값 (50%ile): 6.00 ms
  - 95%ile Tail: 27.00 ms
  - 99%ile Tail: 57.00 ms
--------------------------------------------------
 Total Retrieval Latency:
  - 총 샘플 수: 30673
  - 평균 (Mean): 68.90 ms
  - 중간값 (50%ile): 32.00 ms
  - 95%ile Tail: 269.00 ms
  - 99%ile Tail: 679.28 ms
==================================================
