2025-11-17 20:28:05,457 - INFO - ReqGen 시작: 서버=163.152.48.109:9000, 클라이언트=9000, 시간=80초
2025-11-17 20:28:05,457 - INFO - Hugging Face에서 'kroshan/BioASQ' 데이터셋을 로드합니다...
2025-11-17 20:28:12,097 - INFO - 3266개의 질문을 로드했습니다.
2025-11-17 20:28:12,097 - INFO - 부하 테스트 시작, client 수 = 9000
2025-11-17 20:28:12,098 - INFO - Zipf 값 1.2에서 상위 20%의 질문이 차지하는 비율: 91.82%
2025-11-17 20:28:16,836 - INFO - [실시간] 요청 1000개 처리 | 현재까지의 RPS: 211.04최근 1000개 request의 p99 TTFT: 0.4436 초 | 
2025-11-17 20:28:19,975 - INFO - [실시간] 요청 2000개 처리 | 현재까지의 RPS: 253.88최근 1000개 request의 p99 TTFT: 0.3047 초 | 
2025-11-17 20:28:22,926 - INFO - [실시간] 요청 3000개 처리 | 현재까지의 RPS: 277.05최근 1000개 request의 p99 TTFT: 0.6318 초 | 
2025-11-17 20:28:25,497 - INFO - [실시간] 요청 4000개 처리 | 현재까지의 RPS: 298.51최근 1000개 request의 p99 TTFT: 0.5810 초 | 
2025-11-17 20:28:27,608 - INFO - [실시간] 요청 5000개 처리 | 현재까지의 RPS: 322.37최근 1000개 request의 p99 TTFT: 0.6587 초 | 
2025-11-17 20:28:29,765 - INFO - [실시간] 요청 6000개 처리 | 현재까지의 RPS: 339.61최근 1000개 request의 p99 TTFT: 0.7384 초 | 
2025-11-17 20:28:32,025 - INFO - [실시간] 요청 7000개 처리 | 현재까지의 RPS: 351.27최근 1000개 request의 p99 TTFT: 1.1868 초 | 
2025-11-17 20:28:33,787 - INFO - [실시간] 요청 8000개 처리 | 현재까지의 RPS: 368.84최근 1000개 request의 p99 TTFT: 2.1567 초 | 
2025-11-17 20:28:33,788 - WARNING - 최근 1000개의 p99 TTFT 2.1567 초가 SLO 의 2배 (2.0 초)를 초과했습니다. 부하 테스트를 조기 종료합니다.
2025-11-17 20:29:18,632 - INFO - [실시간] 요청 9000개 처리 | 현재까지의 RPS: 135.27최근 1000개 request의 p99 TTFT: 2.0768 초 | 
2025-11-17 20:29:24,765 - INFO - [실시간] 요청 10000개 처리 | 현재까지의 RPS: 137.61최근 1000개 request의 p99 TTFT: 0.2224 초 | 
2025-11-17 20:29:30,064 - INFO - [실시간] 요청 11000개 처리 | 현재까지의 RPS: 141.09최근 1000개 request의 p99 TTFT: 0.6296 초 | 
통계에 반영된 요청 인덱스 범위: 0 ~ 8000 (총 8000개 요청)
통계 반영된 요청 수: 8000, 통계 반영된 시간: 139.65 초

==================================================
 실험 최종 결과 요약
==================================================
 부하 테스트가 조기 종료되었습니다! (SLO 위반)
 Client 수를 낮추어 다시 시도하세요.
 설정 실험 시간: 80 초
 Clients 수: 9000
 통계 반영 시간: 139.65 초
 총 시도된 요청: 13152 개
 총 완료된 요청: 8000 개
 총 실패한 요청: 5152 개
 완료 요청 중 retrieval이 실패한 요청: -3536 개
 요청 성공률: 60.83%
 전체 Requests Per Second (RPS): 57.29
--------------------------------------------------
 Time to First Token (TTFT) Latency:
  - 평균 (Mean): 0.2281 초
  - 중간값 (50%ile): 0.1410 초
  - 최소값 (Min): 0.0207 초
  - 최대값 (Max): 2.2655 초
  - 95%ile Tail: 0.7361 초
  - 99%ile Tail: 1.3872 초
--------------------------------------------------
 Time Per Output Token (TPOT):
  - 평균 (Mean): 17.10 ms/token
--------------------------------------------------
 Embedding Latency:
  - 총 샘플 수: 8000
  - 평균 (Mean): 11.41 ms
  - 중간값 (50%ile): 6.50 ms
  - 95%ile Tail: 25.00 ms
  - 99%ile Tail: 135.00 ms
--------------------------------------------------
 VectorDB Search Latency:
  - 총 샘플 수: 8000
  - 평균 (Mean): 131.88 ms
  - 중간값 (50%ile): 25.00 ms
  - 95%ile Tail: 568.00 ms
  - 99%ile Tail: 1226.02 ms
--------------------------------------------------
 Document Search Latency:
  - 총 샘플 수: 8000
  - 평균 (Mean): 12.61 ms
  - 중간값 (50%ile): 7.00 ms
  - 95%ile Tail: 38.05 ms
  - 99%ile Tail: 61.00 ms
--------------------------------------------------
 Total Retrieval Latency:
  - 총 샘플 수: 8000
  - 평균 (Mean): 155.85 ms
  - 중간값 (50%ile): 42.00 ms
  - 95%ile Tail: 641.05 ms
  - 99%ile Tail: 1282.01 ms
==================================================
