2025-11-17 20:25:36,841 - INFO - ReqGen 시작: 서버=163.152.48.109:9000, 클라이언트=10000, 시간=80초
2025-11-17 20:25:36,841 - INFO - Hugging Face에서 'kroshan/BioASQ' 데이터셋을 로드합니다...
2025-11-17 20:25:43,996 - INFO - 3266개의 질문을 로드했습니다.
2025-11-17 20:25:43,996 - INFO - 부하 테스트 시작, client 수 = 10000
2025-11-17 20:25:43,997 - INFO - Zipf 값 1.2에서 상위 20%의 질문이 차지하는 비율: 91.82%
2025-11-17 20:25:48,506 - INFO - [실시간] 요청 1000개 처리 | 현재까지의 RPS: 221.75최근 1000개 request의 p99 TTFT: 0.4996 초 | 
2025-11-17 20:25:51,347 - INFO - [실시간] 요청 2000개 처리 | 현재까지의 RPS: 272.08최근 1000개 request의 p99 TTFT: 0.3900 초 | 
2025-11-17 20:25:54,038 - INFO - [실시간] 요청 3000개 처리 | 현재까지의 RPS: 298.77최근 1000개 request의 p99 TTFT: 0.3497 초 | 
2025-11-17 20:25:56,359 - INFO - [실시간] 요청 4000개 처리 | 현재까지의 RPS: 323.56최근 1000개 request의 p99 TTFT: 0.5828 초 | 
2025-11-17 20:25:58,622 - INFO - [실시간] 요청 5000개 처리 | 현재까지의 RPS: 341.86최근 1000개 request의 p99 TTFT: 0.7374 초 | 
2025-11-17 20:26:00,538 - INFO - [실시간] 요청 6000개 처리 | 현재까지의 RPS: 362.72최근 1000개 request의 p99 TTFT: 1.7423 초 | 
2025-11-17 20:26:02,834 - INFO - [실시간] 요청 7000개 처리 | 현재까지의 RPS: 371.61최근 1000개 request의 p99 TTFT: 1.8932 초 | 
2025-11-17 20:26:04,601 - INFO - [실시간] 요청 8000개 처리 | 현재까지의 RPS: 388.27최근 1000개 request의 p99 TTFT: 2.2501 초 | 
2025-11-17 20:26:04,601 - WARNING - 최근 1000개의 p99 TTFT 2.2501 초가 SLO 의 2배 (2.0 초)를 초과했습니다. 부하 테스트를 조기 종료합니다.
2025-11-17 20:26:06,675 - INFO - [실시간] 요청 9000개 처리 | 현재까지의 RPS: 396.85최근 1000개 request의 p99 TTFT: 3.0012 초 | 
2025-11-17 20:26:53,949 - INFO - [실시간] 요청 10000개 처리 | 현재까지의 RPS: 142.95최근 1000개 request의 p99 TTFT: 2.5041 초 | 
2025-11-17 20:26:59,788 - INFO - [실시간] 요청 11000개 처리 | 현재까지의 RPS: 145.13최근 1000개 request의 p99 TTFT: 0.2403 초 | 
통계에 반영된 요청 인덱스 범위: 0 ~ 8000 (총 8000개 요청)
통계 반영된 요청 수: 8000, 통계 반영된 시간: 140.01 초

==================================================
 실험 최종 결과 요약
==================================================
 부하 테스트가 조기 종료되었습니다! (SLO 위반)
 Client 수를 낮추어 다시 시도하세요.
 설정 실험 시간: 80 초
 Clients 수: 10000
 통계 반영 시간: 140.01 초
 총 시도된 요청: 14169 개
 총 완료된 요청: 8000 개
 총 실패한 요청: 6169 개
 완료 요청 중 retrieval이 실패한 요청: -3913 개
 요청 성공률: 56.46%
 전체 Requests Per Second (RPS): 57.14
--------------------------------------------------
 Time to First Token (TTFT) Latency:
  - 평균 (Mean): 0.3287 초
  - 중간값 (50%ile): 0.1627 초
  - 최소값 (Min): 0.0202 초
  - 최대값 (Max): 3.1618 초
  - 95%ile Tail: 1.3397 초
  - 99%ile Tail: 1.9156 초
--------------------------------------------------
 Time Per Output Token (TPOT):
  - 평균 (Mean): 17.22 ms/token
--------------------------------------------------
 Embedding Latency:
  - 총 샘플 수: 8000
  - 평균 (Mean): 12.07 ms
  - 중간값 (50%ile): 6.00 ms
  - 95%ile Tail: 32.00 ms
  - 99%ile Tail: 208.00 ms
--------------------------------------------------
 VectorDB Search Latency:
  - 총 샘플 수: 8000
  - 평균 (Mean): 217.78 ms
  - 중간값 (50%ile): 49.00 ms
  - 95%ile Tail: 1115.10 ms
  - 99%ile Tail: 1750.01 ms
--------------------------------------------------
 Document Search Latency:
  - 총 샘플 수: 8000
  - 평균 (Mean): 15.47 ms
  - 중간값 (50%ile): 7.00 ms
  - 95%ile Tail: 52.00 ms
  - 99%ile Tail: 87.00 ms
--------------------------------------------------
 Total Retrieval Latency:
  - 총 샘플 수: 8000
  - 평균 (Mean): 245.05 ms
  - 중간값 (50%ile): 74.00 ms
  - 95%ile Tail: 1202.35 ms
  - 99%ile Tail: 1792.02 ms
==================================================
