2025-11-17 19:59:28,514 - INFO - ReqGen 시작: 서버=163.152.48.109:9000, 클라이언트=9843, 시간=80초
2025-11-17 19:59:28,514 - INFO - Hugging Face에서 'kroshan/BioASQ' 데이터셋을 로드합니다...
2025-11-17 19:59:37,712 - INFO - 3266개의 질문을 로드했습니다.
2025-11-17 19:59:37,712 - INFO - 부하 테스트 시작, client 수 = 9843
2025-11-17 19:59:37,713 - INFO - Zipf 값 1.2에서 상위 20%의 질문이 차지하는 비율: 91.82%
2025-11-17 19:59:42,144 - INFO - [실시간] 요청 1000개 처리 | 현재까지의 RPS: 225.66최근 1000개 request의 p99 TTFT: 0.2536 초 | 
2025-11-17 19:59:45,109 - INFO - [실시간] 요청 2000개 처리 | 현재까지의 RPS: 270.41최근 1000개 request의 p99 TTFT: 0.4822 초 | 
2025-11-17 19:59:47,877 - INFO - [실시간] 요청 3000개 처리 | 현재까지의 RPS: 295.15최근 1000개 request의 p99 TTFT: 0.3641 초 | 
2025-11-17 19:59:50,391 - INFO - [실시간] 요청 4000개 처리 | 현재까지의 RPS: 315.48최근 1000개 request의 p99 TTFT: 0.4626 초 | 
2025-11-17 19:59:52,302 - INFO - [실시간] 요청 5000개 처리 | 현재까지의 RPS: 342.71최근 1000개 request의 p99 TTFT: 0.6314 초 | 
2025-11-17 19:59:54,195 - INFO - [실시간] 요청 6000개 처리 | 현재까지의 RPS: 364.02최근 1000개 request의 p99 TTFT: 0.6457 초 | 
2025-11-17 19:59:56,218 - INFO - [실시간] 요청 7000개 처리 | 현재까지의 RPS: 378.26최근 1000개 request의 p99 TTFT: 1.0919 초 | 
2025-11-17 19:59:58,001 - INFO - [실시간] 요청 8000개 처리 | 현재까지의 RPS: 394.31최근 1000개 request의 p99 TTFT: 1.6588 초 | 
2025-11-17 19:59:59,581 - INFO - [실시간] 요청 9000개 처리 | 현재까지의 RPS: 411.55최근 1000개 request의 p99 TTFT: 1.4847 초 | 
2025-11-17 20:00:01,816 - INFO - [실시간] 요청 10000개 처리 | 현재까지의 RPS: 414.88최근 1000개 request의 p99 TTFT: 1.3317 초 | 
2025-11-17 20:00:04,133 - INFO - [실시간] 요청 11000개 처리 | 현재까지의 RPS: 416.34최근 1000개 request의 p99 TTFT: 0.2298 초 | 
2025-11-17 20:00:06,536 - INFO - [실시간] 요청 12000개 처리 | 현재까지의 RPS: 416.33최근 1000개 request의 p99 TTFT: 0.5693 초 | 
2025-11-17 20:00:08,702 - INFO - [실시간] 요청 13000개 처리 | 현재까지의 RPS: 419.49최근 1000개 request의 p99 TTFT: 0.2245 초 | 
2025-11-17 20:00:10,830 - INFO - [실시간] 요청 14000개 처리 | 현재까지의 RPS: 422.73최근 1000개 request의 p99 TTFT: 0.2043 초 | 
2025-11-17 20:00:13,001 - INFO - [실시간] 요청 15000개 처리 | 현재까지의 RPS: 425.06최근 1000개 request의 p99 TTFT: 0.2390 초 | 
2025-11-17 20:00:15,417 - INFO - [실시간] 요청 16000개 처리 | 현재까지의 RPS: 424.36최근 1000개 request의 p99 TTFT: 0.4981 초 | 
2025-11-17 20:00:17,379 - INFO - [실시간] 요청 17000개 처리 | 현재까지의 RPS: 428.57최근 1000개 request의 p99 TTFT: 0.9077 초 | 
2025-11-17 20:00:19,346 - INFO - [실시간] 요청 18000개 처리 | 현재까지의 RPS: 432.35최근 1000개 request의 p99 TTFT: 0.7667 초 | 
2025-11-17 20:00:21,549 - INFO - [실시간] 요청 19000개 처리 | 현재까지의 RPS: 433.43최근 1000개 request의 p99 TTFT: 0.3458 초 | 
2025-11-17 20:00:23,778 - INFO - [실시간] 요청 20000개 처리 | 현재까지의 RPS: 434.16최근 1000개 request의 p99 TTFT: 0.2105 초 | 
2025-11-17 20:00:26,020 - INFO - [실시간] 요청 21000개 처리 | 현재까지의 RPS: 434.72최근 1000개 request의 p99 TTFT: 0.2049 초 | 
2025-11-17 20:00:28,105 - INFO - [실시간] 요청 22000개 처리 | 현재까지의 RPS: 436.58최근 1000개 request의 p99 TTFT: 0.2073 초 | 
2025-11-17 20:00:30,405 - INFO - [실시간] 요청 23000개 처리 | 현재까지의 RPS: 436.50최근 1000개 request의 p99 TTFT: 0.2042 초 | 
2025-11-17 20:00:32,604 - INFO - [실시간] 요청 24000개 처리 | 현재까지의 RPS: 437.22최근 1000개 request의 p99 TTFT: 0.2089 초 | 
2025-11-17 20:00:34,805 - INFO - [실시간] 요청 25000개 처리 | 현재까지의 RPS: 437.88최근 1000개 request의 p99 TTFT: 0.2100 초 | 
2025-11-17 20:00:36,975 - INFO - [실시간] 요청 26000개 처리 | 현재까지의 RPS: 438.73최근 1000개 request의 p99 TTFT: 0.2019 초 | 
2025-11-17 20:00:39,144 - INFO - [실시간] 요청 27000개 처리 | 현재까지의 RPS: 439.51최근 1000개 request의 p99 TTFT: 0.2061 초 | 
2025-11-17 20:00:41,312 - INFO - [실시간] 요청 28000개 처리 | 현재까지의 RPS: 440.26최근 1000개 request의 p99 TTFT: 0.2171 초 | 
2025-11-17 20:00:43,650 - INFO - [실시간] 요청 29000개 처리 | 현재까지의 RPS: 439.81최근 1000개 request의 p99 TTFT: 0.2119 초 | 
2025-11-17 20:00:45,745 - INFO - [실시간] 요청 30000개 처리 | 현재까지의 RPS: 440.97최근 1000개 request의 p99 TTFT: 0.2170 초 | 
2025-11-17 20:00:47,952 - INFO - [실시간] 요청 31000개 처리 | 현재까지의 RPS: 441.35최근 1000개 request의 p99 TTFT: 0.1994 초 | 
2025-11-17 20:00:50,211 - INFO - [실시간] 요청 32000개 처리 | 현재까지의 RPS: 441.39최근 1000개 request의 p99 TTFT: 0.2085 초 | 
2025-11-17 20:00:52,616 - INFO - [실시간] 요청 33000개 처리 | 현재까지의 RPS: 440.57최근 1000개 request의 p99 TTFT: 0.5536 초 | 
2025-11-17 20:00:54,626 - INFO - [실시간] 요청 34000개 처리 | 현재까지의 RPS: 442.05최근 1000개 request의 p99 TTFT: 0.9012 초 | 
2025-11-17 20:00:56,907 - INFO - [실시간] 요청 35000개 처리 | 현재까지의 RPS: 441.95최근 1000개 request의 p99 TTFT: 0.2007 초 | 
Traceback (most recent call last):
  File "/home/comsys/sungsu/CXLSharedMemGPU/ReqGen/main.py", line 406, in <module>
    main()
  File "/home/comsys/sungsu/CXLSharedMemGPU/ReqGen/main.py", line 403, in main
    asyncio.run(reqgen.run())
  File "/usr/lib/python3.10/asyncio/runners.py", line 44, in run
    return loop.run_until_complete(main)
  File "/usr/lib/python3.10/asyncio/base_events.py", line 636, in run_until_complete
    self.run_forever()
  File "/usr/lib/python3.10/asyncio/base_events.py", line 603, in run_forever
    self._run_once()
  File "/usr/lib/python3.10/asyncio/base_events.py", line 1871, in _run_once
    event_list = self._selector.select(timeout)
  File "/usr/lib/python3.10/selectors.py", line 469, in select
    fd_event_list = self._selector.poll(timeout, max_ev)
KeyboardInterrupt
