2025-10-01 23:46:45,210 - INFO - ReqGen 시작: 서버=163.152.48.109:9000, 클라이언트=6000, 시간=60초
2025-10-01 23:46:45,210 - INFO - Hugging Face에서 'kroshan/BioASQ' 데이터셋을 로드합니다...
2025-10-01 23:46:52,260 - INFO - 3266개의 질문을 로드했습니다.
2025-10-01 23:46:52,262 - INFO - 부하 테스트 시작, client 수 = 6000
2025-10-01 23:46:52,262 - INFO - Zipf 값 1.2에서 상위 20%의 질문이 차지하는 비율: 91.82%
2025-10-01 23:46:54,701 - INFO - [실시간] 요청 1000개 처리 | 현재까지의 RPS: 410.06최근 1000개 request의 p99 TTFT: 0.3896 초 | 
2025-10-01 23:46:56,444 - INFO - [실시간] 요청 2000개 처리 | 현재까지의 RPS: 478.22최근 1000개 request의 p99 TTFT: 0.5947 초 | 
2025-10-01 23:46:57,852 - INFO - [실시간] 요청 3000개 처리 | 현재까지의 RPS: 536.68최근 1000개 request의 p99 TTFT: 0.5504 초 | 
2025-10-01 23:46:59,255 - INFO - [실시간] 요청 4000개 처리 | 현재까지의 RPS: 571.96최근 1000개 request의 p99 TTFT: 0.3750 초 | 
2025-10-01 23:47:00,548 - INFO - [실시간] 요청 5000개 처리 | 현재까지의 RPS: 603.44최근 1000개 request의 p99 TTFT: 0.5185 초 | 
2025-10-01 23:47:02,101 - INFO - [실시간] 요청 6000개 처리 | 현재까지의 RPS: 609.79최근 1000개 request의 p99 TTFT: 1.1089 초 | 
2025-10-01 23:47:02,102 - WARNING - 최근 1000개의 p99 TTFT 1.1089 초가 SLO 1.0 초를 초과했습니다. 부하 테스트를 조기 종료합니다.
2025-10-01 23:47:03,341 - INFO - [실시간] 요청 7000개 처리 | 현재까지의 RPS: 631.82최근 1000개 request의 p99 TTFT: 1.9900 초 | 
통계에 반영된 요청 인덱스 범위: 0 ~ 6000 (총 6000개 요청)
통계 반영된 요청 수: 6000, 통계 반영된 시간: 30.36 초

==================================================
 실험 최종 결과 요약
==================================================
 부하 테스트가 조기 종료되었습니다! (SLO 위반)
 Client 수를 낮추어 다시 시도하세요.
 설정 실험 시간: 60 초
 Clients 수: 6000
 통계 반영 시간: 30.36 초
 총 시도된 요청: 6000 개
 총 완료된 요청: 6000 개
 총 실패한 요청: 0 개
 완료 요청 중 retrieval이 실패한 요청: -1664 개
 요청 성공률: 100.00%
 전체 Requests Per Second (RPS): 197.62
--------------------------------------------------
 Time to First Token (TTFT) Latency:
  - 평균 (Mean): 0.2066 초
  - 중간값 (50%ile): 0.1311 초
  - 최소값 (Min): 0.0297 초
  - 최대값 (Max): 1.4237 초
  - 95%ile Tail: 0.6943 초
  - 99%ile Tail: 0.8895 초
--------------------------------------------------
 Time Per Output Token (TPOT):
  - 평균 (Mean): 16.78 ms/token
--------------------------------------------------
 Embedding Latency:
  - 총 샘플 수: 6000
  - 평균 (Mean): 9.79 ms
  - 중간값 (50%ile): 6.00 ms
  - 95%ile Tail: 34.00 ms
  - 99%ile Tail: 65.00 ms
--------------------------------------------------
 VectorDB Search Latency:
  - 총 샘플 수: 6000
  - 평균 (Mean): 100.57 ms
  - 중간값 (50%ile): 26.00 ms
  - 95%ile Tail: 553.00 ms
  - 99%ile Tail: 788.03 ms
--------------------------------------------------
 Document Search Latency:
  - 총 샘플 수: 6000
  - 평균 (Mean): 17.88 ms
  - 중간값 (50%ile): 8.50 ms
  - 95%ile Tail: 68.00 ms
  - 99%ile Tail: 111.02 ms
--------------------------------------------------
 Total Retrieval Latency:
  - 총 샘플 수: 6000
  - 평균 (Mean): 128.23 ms
  - 중간값 (50%ile): 48.00 ms
  - 95%ile Tail: 597.10 ms
  - 99%ile Tail: 815.03 ms
==================================================
